[2024-07-09T13:18:51.072+0000] {processor.py:161} INFO - Started process (PID=401) to work on /home/airflow/.local/lib/python3.11/site-packages/airflow/example_dags/plugins/event_listener.py
[2024-07-09T13:18:51.072+0000] {processor.py:830} INFO - Processing file /home/airflow/.local/lib/python3.11/site-packages/airflow/example_dags/plugins/event_listener.py for tasks to queue
[2024-07-09T13:18:51.073+0000] {logging_mixin.py:188} INFO - [2024-07-09T13:18:51.073+0000] {dagbag.py:540} INFO - Filling up the DagBag from /home/airflow/.local/lib/python3.11/site-packages/airflow/example_dags/plugins/event_listener.py
[2024-07-09T13:18:51.075+0000] {processor.py:842} WARNING - No viable dags retrieved from /home/airflow/.local/lib/python3.11/site-packages/airflow/example_dags/plugins/event_listener.py
[2024-07-09T13:18:51.090+0000] {processor.py:183} INFO - Processing /home/airflow/.local/lib/python3.11/site-packages/airflow/example_dags/plugins/event_listener.py took 0.021 seconds
[2024-07-09T13:19:21.968+0000] {processor.py:161} INFO - Started process (PID=669) to work on /home/airflow/.local/lib/python3.11/site-packages/airflow/example_dags/plugins/event_listener.py
[2024-07-09T13:19:21.969+0000] {processor.py:830} INFO - Processing file /home/airflow/.local/lib/python3.11/site-packages/airflow/example_dags/plugins/event_listener.py for tasks to queue
[2024-07-09T13:19:21.970+0000] {logging_mixin.py:188} INFO - [2024-07-09T13:19:21.970+0000] {dagbag.py:540} INFO - Filling up the DagBag from /home/airflow/.local/lib/python3.11/site-packages/airflow/example_dags/plugins/event_listener.py
[2024-07-09T13:19:21.971+0000] {processor.py:842} WARNING - No viable dags retrieved from /home/airflow/.local/lib/python3.11/site-packages/airflow/example_dags/plugins/event_listener.py
[2024-07-09T13:19:21.986+0000] {processor.py:183} INFO - Processing /home/airflow/.local/lib/python3.11/site-packages/airflow/example_dags/plugins/event_listener.py took 0.020 seconds
[2024-07-09T13:19:52.822+0000] {processor.py:161} INFO - Started process (PID=939) to work on /home/airflow/.local/lib/python3.11/site-packages/airflow/example_dags/plugins/event_listener.py
[2024-07-09T13:19:52.822+0000] {processor.py:830} INFO - Processing file /home/airflow/.local/lib/python3.11/site-packages/airflow/example_dags/plugins/event_listener.py for tasks to queue
[2024-07-09T13:19:52.823+0000] {logging_mixin.py:188} INFO - [2024-07-09T13:19:52.823+0000] {dagbag.py:540} INFO - Filling up the DagBag from /home/airflow/.local/lib/python3.11/site-packages/airflow/example_dags/plugins/event_listener.py
[2024-07-09T13:19:52.825+0000] {processor.py:842} WARNING - No viable dags retrieved from /home/airflow/.local/lib/python3.11/site-packages/airflow/example_dags/plugins/event_listener.py
[2024-07-09T13:19:52.839+0000] {processor.py:183} INFO - Processing /home/airflow/.local/lib/python3.11/site-packages/airflow/example_dags/plugins/event_listener.py took 0.020 seconds
[2024-07-09T13:20:24.545+0000] {processor.py:161} INFO - Started process (PID=1211) to work on /home/airflow/.local/lib/python3.11/site-packages/airflow/example_dags/plugins/event_listener.py
[2024-07-09T13:20:24.546+0000] {processor.py:830} INFO - Processing file /home/airflow/.local/lib/python3.11/site-packages/airflow/example_dags/plugins/event_listener.py for tasks to queue
[2024-07-09T13:20:24.547+0000] {logging_mixin.py:188} INFO - [2024-07-09T13:20:24.546+0000] {dagbag.py:540} INFO - Filling up the DagBag from /home/airflow/.local/lib/python3.11/site-packages/airflow/example_dags/plugins/event_listener.py
[2024-07-09T13:20:24.548+0000] {processor.py:842} WARNING - No viable dags retrieved from /home/airflow/.local/lib/python3.11/site-packages/airflow/example_dags/plugins/event_listener.py
[2024-07-09T13:20:24.565+0000] {processor.py:183} INFO - Processing /home/airflow/.local/lib/python3.11/site-packages/airflow/example_dags/plugins/event_listener.py took 0.023 seconds
[2024-07-09T13:20:55.346+0000] {processor.py:161} INFO - Started process (PID=1479) to work on /home/airflow/.local/lib/python3.11/site-packages/airflow/example_dags/plugins/event_listener.py
[2024-07-09T13:20:55.347+0000] {processor.py:830} INFO - Processing file /home/airflow/.local/lib/python3.11/site-packages/airflow/example_dags/plugins/event_listener.py for tasks to queue
[2024-07-09T13:20:55.347+0000] {logging_mixin.py:188} INFO - [2024-07-09T13:20:55.347+0000] {dagbag.py:540} INFO - Filling up the DagBag from /home/airflow/.local/lib/python3.11/site-packages/airflow/example_dags/plugins/event_listener.py
[2024-07-09T13:20:55.349+0000] {processor.py:842} WARNING - No viable dags retrieved from /home/airflow/.local/lib/python3.11/site-packages/airflow/example_dags/plugins/event_listener.py
[2024-07-09T13:20:55.364+0000] {processor.py:183} INFO - Processing /home/airflow/.local/lib/python3.11/site-packages/airflow/example_dags/plugins/event_listener.py took 0.021 seconds
[2024-07-09T13:21:26.241+0000] {processor.py:161} INFO - Started process (PID=1749) to work on /home/airflow/.local/lib/python3.11/site-packages/airflow/example_dags/plugins/event_listener.py
[2024-07-09T13:21:26.242+0000] {processor.py:830} INFO - Processing file /home/airflow/.local/lib/python3.11/site-packages/airflow/example_dags/plugins/event_listener.py for tasks to queue
[2024-07-09T13:21:26.243+0000] {logging_mixin.py:188} INFO - [2024-07-09T13:21:26.243+0000] {dagbag.py:540} INFO - Filling up the DagBag from /home/airflow/.local/lib/python3.11/site-packages/airflow/example_dags/plugins/event_listener.py
[2024-07-09T13:21:26.245+0000] {processor.py:842} WARNING - No viable dags retrieved from /home/airflow/.local/lib/python3.11/site-packages/airflow/example_dags/plugins/event_listener.py
[2024-07-09T13:21:26.262+0000] {processor.py:183} INFO - Processing /home/airflow/.local/lib/python3.11/site-packages/airflow/example_dags/plugins/event_listener.py took 0.024 seconds
[2024-07-09T13:21:56.841+0000] {processor.py:161} INFO - Started process (PID=2019) to work on /home/airflow/.local/lib/python3.11/site-packages/airflow/example_dags/plugins/event_listener.py
[2024-07-09T13:21:56.842+0000] {processor.py:830} INFO - Processing file /home/airflow/.local/lib/python3.11/site-packages/airflow/example_dags/plugins/event_listener.py for tasks to queue
[2024-07-09T13:21:56.843+0000] {logging_mixin.py:188} INFO - [2024-07-09T13:21:56.842+0000] {dagbag.py:540} INFO - Filling up the DagBag from /home/airflow/.local/lib/python3.11/site-packages/airflow/example_dags/plugins/event_listener.py
[2024-07-09T13:21:56.844+0000] {processor.py:842} WARNING - No viable dags retrieved from /home/airflow/.local/lib/python3.11/site-packages/airflow/example_dags/plugins/event_listener.py
[2024-07-09T13:21:56.859+0000] {processor.py:183} INFO - Processing /home/airflow/.local/lib/python3.11/site-packages/airflow/example_dags/plugins/event_listener.py took 0.021 seconds
[2024-07-09T13:22:27.516+0000] {processor.py:161} INFO - Started process (PID=2289) to work on /home/airflow/.local/lib/python3.11/site-packages/airflow/example_dags/plugins/event_listener.py
[2024-07-09T13:22:27.517+0000] {processor.py:830} INFO - Processing file /home/airflow/.local/lib/python3.11/site-packages/airflow/example_dags/plugins/event_listener.py for tasks to queue
[2024-07-09T13:22:27.518+0000] {logging_mixin.py:188} INFO - [2024-07-09T13:22:27.517+0000] {dagbag.py:540} INFO - Filling up the DagBag from /home/airflow/.local/lib/python3.11/site-packages/airflow/example_dags/plugins/event_listener.py
[2024-07-09T13:22:27.519+0000] {processor.py:842} WARNING - No viable dags retrieved from /home/airflow/.local/lib/python3.11/site-packages/airflow/example_dags/plugins/event_listener.py
[2024-07-09T13:22:27.535+0000] {processor.py:183} INFO - Processing /home/airflow/.local/lib/python3.11/site-packages/airflow/example_dags/plugins/event_listener.py took 0.021 seconds
[2024-07-09T13:22:58.304+0000] {processor.py:161} INFO - Started process (PID=2559) to work on /home/airflow/.local/lib/python3.11/site-packages/airflow/example_dags/plugins/event_listener.py
[2024-07-09T13:22:58.305+0000] {processor.py:830} INFO - Processing file /home/airflow/.local/lib/python3.11/site-packages/airflow/example_dags/plugins/event_listener.py for tasks to queue
[2024-07-09T13:22:58.306+0000] {logging_mixin.py:188} INFO - [2024-07-09T13:22:58.306+0000] {dagbag.py:540} INFO - Filling up the DagBag from /home/airflow/.local/lib/python3.11/site-packages/airflow/example_dags/plugins/event_listener.py
[2024-07-09T13:22:58.308+0000] {processor.py:842} WARNING - No viable dags retrieved from /home/airflow/.local/lib/python3.11/site-packages/airflow/example_dags/plugins/event_listener.py
[2024-07-09T13:22:58.323+0000] {processor.py:183} INFO - Processing /home/airflow/.local/lib/python3.11/site-packages/airflow/example_dags/plugins/event_listener.py took 0.021 seconds
[2024-07-09T13:23:29.096+0000] {processor.py:161} INFO - Started process (PID=2829) to work on /home/airflow/.local/lib/python3.11/site-packages/airflow/example_dags/plugins/event_listener.py
[2024-07-09T13:23:29.096+0000] {processor.py:830} INFO - Processing file /home/airflow/.local/lib/python3.11/site-packages/airflow/example_dags/plugins/event_listener.py for tasks to queue
[2024-07-09T13:23:29.097+0000] {logging_mixin.py:188} INFO - [2024-07-09T13:23:29.097+0000] {dagbag.py:540} INFO - Filling up the DagBag from /home/airflow/.local/lib/python3.11/site-packages/airflow/example_dags/plugins/event_listener.py
[2024-07-09T13:23:29.099+0000] {processor.py:842} WARNING - No viable dags retrieved from /home/airflow/.local/lib/python3.11/site-packages/airflow/example_dags/plugins/event_listener.py
[2024-07-09T13:23:29.113+0000] {processor.py:183} INFO - Processing /home/airflow/.local/lib/python3.11/site-packages/airflow/example_dags/plugins/event_listener.py took 0.020 seconds
[2024-07-09T13:23:59.818+0000] {processor.py:161} INFO - Started process (PID=3099) to work on /home/airflow/.local/lib/python3.11/site-packages/airflow/example_dags/plugins/event_listener.py
[2024-07-09T13:23:59.819+0000] {processor.py:830} INFO - Processing file /home/airflow/.local/lib/python3.11/site-packages/airflow/example_dags/plugins/event_listener.py for tasks to queue
[2024-07-09T13:23:59.820+0000] {logging_mixin.py:188} INFO - [2024-07-09T13:23:59.820+0000] {dagbag.py:540} INFO - Filling up the DagBag from /home/airflow/.local/lib/python3.11/site-packages/airflow/example_dags/plugins/event_listener.py
[2024-07-09T13:23:59.821+0000] {processor.py:842} WARNING - No viable dags retrieved from /home/airflow/.local/lib/python3.11/site-packages/airflow/example_dags/plugins/event_listener.py
[2024-07-09T13:23:59.836+0000] {processor.py:183} INFO - Processing /home/airflow/.local/lib/python3.11/site-packages/airflow/example_dags/plugins/event_listener.py took 0.021 seconds
[2024-07-09T13:24:30.460+0000] {processor.py:161} INFO - Started process (PID=3369) to work on /home/airflow/.local/lib/python3.11/site-packages/airflow/example_dags/plugins/event_listener.py
[2024-07-09T13:24:30.461+0000] {processor.py:830} INFO - Processing file /home/airflow/.local/lib/python3.11/site-packages/airflow/example_dags/plugins/event_listener.py for tasks to queue
[2024-07-09T13:24:30.462+0000] {logging_mixin.py:188} INFO - [2024-07-09T13:24:30.462+0000] {dagbag.py:540} INFO - Filling up the DagBag from /home/airflow/.local/lib/python3.11/site-packages/airflow/example_dags/plugins/event_listener.py
[2024-07-09T13:24:30.464+0000] {processor.py:842} WARNING - No viable dags retrieved from /home/airflow/.local/lib/python3.11/site-packages/airflow/example_dags/plugins/event_listener.py
[2024-07-09T13:24:30.479+0000] {processor.py:183} INFO - Processing /home/airflow/.local/lib/python3.11/site-packages/airflow/example_dags/plugins/event_listener.py took 0.021 seconds
[2024-07-09T13:25:01.237+0000] {processor.py:161} INFO - Started process (PID=3639) to work on /home/airflow/.local/lib/python3.11/site-packages/airflow/example_dags/plugins/event_listener.py
[2024-07-09T13:25:01.237+0000] {processor.py:830} INFO - Processing file /home/airflow/.local/lib/python3.11/site-packages/airflow/example_dags/plugins/event_listener.py for tasks to queue
[2024-07-09T13:25:01.238+0000] {logging_mixin.py:188} INFO - [2024-07-09T13:25:01.238+0000] {dagbag.py:540} INFO - Filling up the DagBag from /home/airflow/.local/lib/python3.11/site-packages/airflow/example_dags/plugins/event_listener.py
[2024-07-09T13:25:01.240+0000] {processor.py:842} WARNING - No viable dags retrieved from /home/airflow/.local/lib/python3.11/site-packages/airflow/example_dags/plugins/event_listener.py
[2024-07-09T13:25:01.254+0000] {processor.py:183} INFO - Processing /home/airflow/.local/lib/python3.11/site-packages/airflow/example_dags/plugins/event_listener.py took 0.020 seconds
[2024-07-09T13:26:11.930+0000] {processor.py:161} INFO - Started process (PID=400) to work on /home/airflow/.local/lib/python3.11/site-packages/airflow/example_dags/plugins/event_listener.py
[2024-07-09T13:26:11.931+0000] {processor.py:830} INFO - Processing file /home/airflow/.local/lib/python3.11/site-packages/airflow/example_dags/plugins/event_listener.py for tasks to queue
[2024-07-09T13:26:11.932+0000] {logging_mixin.py:188} INFO - [2024-07-09T13:26:11.931+0000] {dagbag.py:540} INFO - Filling up the DagBag from /home/airflow/.local/lib/python3.11/site-packages/airflow/example_dags/plugins/event_listener.py
[2024-07-09T13:26:11.934+0000] {processor.py:842} WARNING - No viable dags retrieved from /home/airflow/.local/lib/python3.11/site-packages/airflow/example_dags/plugins/event_listener.py
[2024-07-09T13:26:11.949+0000] {processor.py:183} INFO - Processing /home/airflow/.local/lib/python3.11/site-packages/airflow/example_dags/plugins/event_listener.py took 0.021 seconds
[2024-07-09T13:26:42.048+0000] {processor.py:161} INFO - Started process (PID=672) to work on /home/airflow/.local/lib/python3.11/site-packages/airflow/example_dags/plugins/event_listener.py
[2024-07-09T13:26:42.049+0000] {processor.py:830} INFO - Processing file /home/airflow/.local/lib/python3.11/site-packages/airflow/example_dags/plugins/event_listener.py for tasks to queue
[2024-07-09T13:26:42.049+0000] {logging_mixin.py:188} INFO - [2024-07-09T13:26:42.049+0000] {dagbag.py:540} INFO - Filling up the DagBag from /home/airflow/.local/lib/python3.11/site-packages/airflow/example_dags/plugins/event_listener.py
[2024-07-09T13:26:42.051+0000] {processor.py:842} WARNING - No viable dags retrieved from /home/airflow/.local/lib/python3.11/site-packages/airflow/example_dags/plugins/event_listener.py
[2024-07-09T13:26:42.066+0000] {processor.py:183} INFO - Processing /home/airflow/.local/lib/python3.11/site-packages/airflow/example_dags/plugins/event_listener.py took 0.020 seconds
[2024-07-09T13:27:12.471+0000] {processor.py:161} INFO - Started process (PID=940) to work on /home/airflow/.local/lib/python3.11/site-packages/airflow/example_dags/plugins/event_listener.py
[2024-07-09T13:27:12.472+0000] {processor.py:830} INFO - Processing file /home/airflow/.local/lib/python3.11/site-packages/airflow/example_dags/plugins/event_listener.py for tasks to queue
[2024-07-09T13:27:12.473+0000] {logging_mixin.py:188} INFO - [2024-07-09T13:27:12.473+0000] {dagbag.py:540} INFO - Filling up the DagBag from /home/airflow/.local/lib/python3.11/site-packages/airflow/example_dags/plugins/event_listener.py
[2024-07-09T13:27:12.475+0000] {processor.py:842} WARNING - No viable dags retrieved from /home/airflow/.local/lib/python3.11/site-packages/airflow/example_dags/plugins/event_listener.py
[2024-07-09T13:27:12.488+0000] {processor.py:183} INFO - Processing /home/airflow/.local/lib/python3.11/site-packages/airflow/example_dags/plugins/event_listener.py took 0.020 seconds
[2024-07-09T13:27:43.368+0000] {processor.py:161} INFO - Started process (PID=1210) to work on /home/airflow/.local/lib/python3.11/site-packages/airflow/example_dags/plugins/event_listener.py
[2024-07-09T13:27:43.369+0000] {processor.py:830} INFO - Processing file /home/airflow/.local/lib/python3.11/site-packages/airflow/example_dags/plugins/event_listener.py for tasks to queue
[2024-07-09T13:27:43.370+0000] {logging_mixin.py:188} INFO - [2024-07-09T13:27:43.369+0000] {dagbag.py:540} INFO - Filling up the DagBag from /home/airflow/.local/lib/python3.11/site-packages/airflow/example_dags/plugins/event_listener.py
[2024-07-09T13:27:43.371+0000] {processor.py:842} WARNING - No viable dags retrieved from /home/airflow/.local/lib/python3.11/site-packages/airflow/example_dags/plugins/event_listener.py
[2024-07-09T13:27:43.385+0000] {processor.py:183} INFO - Processing /home/airflow/.local/lib/python3.11/site-packages/airflow/example_dags/plugins/event_listener.py took 0.020 seconds
[2024-07-09T13:28:14.140+0000] {processor.py:161} INFO - Started process (PID=1480) to work on /home/airflow/.local/lib/python3.11/site-packages/airflow/example_dags/plugins/event_listener.py
[2024-07-09T13:28:14.141+0000] {processor.py:830} INFO - Processing file /home/airflow/.local/lib/python3.11/site-packages/airflow/example_dags/plugins/event_listener.py for tasks to queue
[2024-07-09T13:28:14.142+0000] {logging_mixin.py:188} INFO - [2024-07-09T13:28:14.141+0000] {dagbag.py:540} INFO - Filling up the DagBag from /home/airflow/.local/lib/python3.11/site-packages/airflow/example_dags/plugins/event_listener.py
[2024-07-09T13:28:14.143+0000] {processor.py:842} WARNING - No viable dags retrieved from /home/airflow/.local/lib/python3.11/site-packages/airflow/example_dags/plugins/event_listener.py
[2024-07-09T13:28:14.161+0000] {processor.py:183} INFO - Processing /home/airflow/.local/lib/python3.11/site-packages/airflow/example_dags/plugins/event_listener.py took 0.024 seconds
[2024-07-09T13:28:44.630+0000] {processor.py:161} INFO - Started process (PID=1750) to work on /home/airflow/.local/lib/python3.11/site-packages/airflow/example_dags/plugins/event_listener.py
[2024-07-09T13:28:44.631+0000] {processor.py:830} INFO - Processing file /home/airflow/.local/lib/python3.11/site-packages/airflow/example_dags/plugins/event_listener.py for tasks to queue
[2024-07-09T13:28:44.632+0000] {logging_mixin.py:188} INFO - [2024-07-09T13:28:44.632+0000] {dagbag.py:540} INFO - Filling up the DagBag from /home/airflow/.local/lib/python3.11/site-packages/airflow/example_dags/plugins/event_listener.py
[2024-07-09T13:28:44.634+0000] {processor.py:842} WARNING - No viable dags retrieved from /home/airflow/.local/lib/python3.11/site-packages/airflow/example_dags/plugins/event_listener.py
[2024-07-09T13:28:44.648+0000] {processor.py:183} INFO - Processing /home/airflow/.local/lib/python3.11/site-packages/airflow/example_dags/plugins/event_listener.py took 0.021 seconds
[2024-07-09T13:29:14.981+0000] {processor.py:161} INFO - Started process (PID=2020) to work on /home/airflow/.local/lib/python3.11/site-packages/airflow/example_dags/plugins/event_listener.py
[2024-07-09T13:29:14.982+0000] {processor.py:830} INFO - Processing file /home/airflow/.local/lib/python3.11/site-packages/airflow/example_dags/plugins/event_listener.py for tasks to queue
[2024-07-09T13:29:14.983+0000] {logging_mixin.py:188} INFO - [2024-07-09T13:29:14.982+0000] {dagbag.py:540} INFO - Filling up the DagBag from /home/airflow/.local/lib/python3.11/site-packages/airflow/example_dags/plugins/event_listener.py
[2024-07-09T13:29:14.984+0000] {processor.py:842} WARNING - No viable dags retrieved from /home/airflow/.local/lib/python3.11/site-packages/airflow/example_dags/plugins/event_listener.py
[2024-07-09T13:29:14.999+0000] {processor.py:183} INFO - Processing /home/airflow/.local/lib/python3.11/site-packages/airflow/example_dags/plugins/event_listener.py took 0.021 seconds
[2024-07-09T13:29:45.375+0000] {processor.py:161} INFO - Started process (PID=2290) to work on /home/airflow/.local/lib/python3.11/site-packages/airflow/example_dags/plugins/event_listener.py
[2024-07-09T13:29:45.376+0000] {processor.py:830} INFO - Processing file /home/airflow/.local/lib/python3.11/site-packages/airflow/example_dags/plugins/event_listener.py for tasks to queue
[2024-07-09T13:29:45.376+0000] {logging_mixin.py:188} INFO - [2024-07-09T13:29:45.376+0000] {dagbag.py:540} INFO - Filling up the DagBag from /home/airflow/.local/lib/python3.11/site-packages/airflow/example_dags/plugins/event_listener.py
[2024-07-09T13:29:45.378+0000] {processor.py:842} WARNING - No viable dags retrieved from /home/airflow/.local/lib/python3.11/site-packages/airflow/example_dags/plugins/event_listener.py
[2024-07-09T13:29:45.393+0000] {processor.py:183} INFO - Processing /home/airflow/.local/lib/python3.11/site-packages/airflow/example_dags/plugins/event_listener.py took 0.021 seconds
[2024-07-09T13:31:40.062+0000] {processor.py:161} INFO - Started process (PID=399) to work on /home/airflow/.local/lib/python3.11/site-packages/airflow/example_dags/plugins/event_listener.py
[2024-07-09T13:31:40.063+0000] {processor.py:830} INFO - Processing file /home/airflow/.local/lib/python3.11/site-packages/airflow/example_dags/plugins/event_listener.py for tasks to queue
[2024-07-09T13:31:40.064+0000] {logging_mixin.py:188} INFO - [2024-07-09T13:31:40.063+0000] {dagbag.py:540} INFO - Filling up the DagBag from /home/airflow/.local/lib/python3.11/site-packages/airflow/example_dags/plugins/event_listener.py
[2024-07-09T13:31:40.066+0000] {processor.py:842} WARNING - No viable dags retrieved from /home/airflow/.local/lib/python3.11/site-packages/airflow/example_dags/plugins/event_listener.py
[2024-07-09T13:31:40.081+0000] {processor.py:183} INFO - Processing /home/airflow/.local/lib/python3.11/site-packages/airflow/example_dags/plugins/event_listener.py took 0.022 seconds
[2024-07-09T13:32:10.726+0000] {processor.py:161} INFO - Started process (PID=669) to work on /home/airflow/.local/lib/python3.11/site-packages/airflow/example_dags/plugins/event_listener.py
[2024-07-09T13:32:10.727+0000] {processor.py:830} INFO - Processing file /home/airflow/.local/lib/python3.11/site-packages/airflow/example_dags/plugins/event_listener.py for tasks to queue
[2024-07-09T13:32:10.727+0000] {logging_mixin.py:188} INFO - [2024-07-09T13:32:10.727+0000] {dagbag.py:540} INFO - Filling up the DagBag from /home/airflow/.local/lib/python3.11/site-packages/airflow/example_dags/plugins/event_listener.py
[2024-07-09T13:32:10.730+0000] {processor.py:842} WARNING - No viable dags retrieved from /home/airflow/.local/lib/python3.11/site-packages/airflow/example_dags/plugins/event_listener.py
[2024-07-09T13:32:10.749+0000] {processor.py:183} INFO - Processing /home/airflow/.local/lib/python3.11/site-packages/airflow/example_dags/plugins/event_listener.py took 0.026 seconds
[2024-07-09T13:32:41.023+0000] {processor.py:161} INFO - Started process (PID=939) to work on /home/airflow/.local/lib/python3.11/site-packages/airflow/example_dags/plugins/event_listener.py
[2024-07-09T13:32:41.024+0000] {processor.py:830} INFO - Processing file /home/airflow/.local/lib/python3.11/site-packages/airflow/example_dags/plugins/event_listener.py for tasks to queue
[2024-07-09T13:32:41.025+0000] {logging_mixin.py:188} INFO - [2024-07-09T13:32:41.025+0000] {dagbag.py:540} INFO - Filling up the DagBag from /home/airflow/.local/lib/python3.11/site-packages/airflow/example_dags/plugins/event_listener.py
[2024-07-09T13:32:41.027+0000] {processor.py:842} WARNING - No viable dags retrieved from /home/airflow/.local/lib/python3.11/site-packages/airflow/example_dags/plugins/event_listener.py
[2024-07-09T13:32:41.042+0000] {processor.py:183} INFO - Processing /home/airflow/.local/lib/python3.11/site-packages/airflow/example_dags/plugins/event_listener.py took 0.021 seconds
[2024-07-09T13:33:11.975+0000] {processor.py:161} INFO - Started process (PID=1209) to work on /home/airflow/.local/lib/python3.11/site-packages/airflow/example_dags/plugins/event_listener.py
[2024-07-09T13:33:11.976+0000] {processor.py:830} INFO - Processing file /home/airflow/.local/lib/python3.11/site-packages/airflow/example_dags/plugins/event_listener.py for tasks to queue
[2024-07-09T13:33:11.977+0000] {logging_mixin.py:188} INFO - [2024-07-09T13:33:11.976+0000] {dagbag.py:540} INFO - Filling up the DagBag from /home/airflow/.local/lib/python3.11/site-packages/airflow/example_dags/plugins/event_listener.py
[2024-07-09T13:33:11.978+0000] {processor.py:842} WARNING - No viable dags retrieved from /home/airflow/.local/lib/python3.11/site-packages/airflow/example_dags/plugins/event_listener.py
[2024-07-09T13:33:11.994+0000] {processor.py:183} INFO - Processing /home/airflow/.local/lib/python3.11/site-packages/airflow/example_dags/plugins/event_listener.py took 0.021 seconds
[2024-07-09T13:33:42.544+0000] {processor.py:161} INFO - Started process (PID=1479) to work on /home/airflow/.local/lib/python3.11/site-packages/airflow/example_dags/plugins/event_listener.py
[2024-07-09T13:33:42.545+0000] {processor.py:830} INFO - Processing file /home/airflow/.local/lib/python3.11/site-packages/airflow/example_dags/plugins/event_listener.py for tasks to queue
[2024-07-09T13:33:42.545+0000] {logging_mixin.py:188} INFO - [2024-07-09T13:33:42.545+0000] {dagbag.py:540} INFO - Filling up the DagBag from /home/airflow/.local/lib/python3.11/site-packages/airflow/example_dags/plugins/event_listener.py
[2024-07-09T13:33:42.547+0000] {processor.py:842} WARNING - No viable dags retrieved from /home/airflow/.local/lib/python3.11/site-packages/airflow/example_dags/plugins/event_listener.py
[2024-07-09T13:33:42.562+0000] {processor.py:183} INFO - Processing /home/airflow/.local/lib/python3.11/site-packages/airflow/example_dags/plugins/event_listener.py took 0.022 seconds
[2024-07-09T13:34:12.963+0000] {processor.py:161} INFO - Started process (PID=1749) to work on /home/airflow/.local/lib/python3.11/site-packages/airflow/example_dags/plugins/event_listener.py
[2024-07-09T13:34:12.964+0000] {processor.py:830} INFO - Processing file /home/airflow/.local/lib/python3.11/site-packages/airflow/example_dags/plugins/event_listener.py for tasks to queue
[2024-07-09T13:34:12.965+0000] {logging_mixin.py:188} INFO - [2024-07-09T13:34:12.965+0000] {dagbag.py:540} INFO - Filling up the DagBag from /home/airflow/.local/lib/python3.11/site-packages/airflow/example_dags/plugins/event_listener.py
[2024-07-09T13:34:12.967+0000] {processor.py:842} WARNING - No viable dags retrieved from /home/airflow/.local/lib/python3.11/site-packages/airflow/example_dags/plugins/event_listener.py
[2024-07-09T13:34:12.982+0000] {processor.py:183} INFO - Processing /home/airflow/.local/lib/python3.11/site-packages/airflow/example_dags/plugins/event_listener.py took 0.022 seconds
[2024-07-09T13:34:43.152+0000] {processor.py:161} INFO - Started process (PID=2019) to work on /home/airflow/.local/lib/python3.11/site-packages/airflow/example_dags/plugins/event_listener.py
[2024-07-09T13:34:43.153+0000] {processor.py:830} INFO - Processing file /home/airflow/.local/lib/python3.11/site-packages/airflow/example_dags/plugins/event_listener.py for tasks to queue
[2024-07-09T13:34:43.153+0000] {logging_mixin.py:188} INFO - [2024-07-09T13:34:43.153+0000] {dagbag.py:540} INFO - Filling up the DagBag from /home/airflow/.local/lib/python3.11/site-packages/airflow/example_dags/plugins/event_listener.py
[2024-07-09T13:34:43.155+0000] {processor.py:842} WARNING - No viable dags retrieved from /home/airflow/.local/lib/python3.11/site-packages/airflow/example_dags/plugins/event_listener.py
[2024-07-09T13:34:43.170+0000] {processor.py:183} INFO - Processing /home/airflow/.local/lib/python3.11/site-packages/airflow/example_dags/plugins/event_listener.py took 0.021 seconds
[2024-07-09T13:35:13.472+0000] {processor.py:161} INFO - Started process (PID=2289) to work on /home/airflow/.local/lib/python3.11/site-packages/airflow/example_dags/plugins/event_listener.py
[2024-07-09T13:35:13.473+0000] {processor.py:830} INFO - Processing file /home/airflow/.local/lib/python3.11/site-packages/airflow/example_dags/plugins/event_listener.py for tasks to queue
[2024-07-09T13:35:13.474+0000] {logging_mixin.py:188} INFO - [2024-07-09T13:35:13.474+0000] {dagbag.py:540} INFO - Filling up the DagBag from /home/airflow/.local/lib/python3.11/site-packages/airflow/example_dags/plugins/event_listener.py
[2024-07-09T13:35:13.476+0000] {processor.py:842} WARNING - No viable dags retrieved from /home/airflow/.local/lib/python3.11/site-packages/airflow/example_dags/plugins/event_listener.py
[2024-07-09T13:35:13.491+0000] {processor.py:183} INFO - Processing /home/airflow/.local/lib/python3.11/site-packages/airflow/example_dags/plugins/event_listener.py took 0.021 seconds
[2024-07-09T13:35:43.847+0000] {processor.py:161} INFO - Started process (PID=2559) to work on /home/airflow/.local/lib/python3.11/site-packages/airflow/example_dags/plugins/event_listener.py
[2024-07-09T13:35:43.848+0000] {processor.py:830} INFO - Processing file /home/airflow/.local/lib/python3.11/site-packages/airflow/example_dags/plugins/event_listener.py for tasks to queue
[2024-07-09T13:35:43.849+0000] {logging_mixin.py:188} INFO - [2024-07-09T13:35:43.849+0000] {dagbag.py:540} INFO - Filling up the DagBag from /home/airflow/.local/lib/python3.11/site-packages/airflow/example_dags/plugins/event_listener.py
[2024-07-09T13:35:43.851+0000] {processor.py:842} WARNING - No viable dags retrieved from /home/airflow/.local/lib/python3.11/site-packages/airflow/example_dags/plugins/event_listener.py
[2024-07-09T13:35:43.866+0000] {processor.py:183} INFO - Processing /home/airflow/.local/lib/python3.11/site-packages/airflow/example_dags/plugins/event_listener.py took 0.021 seconds
[2024-07-09T13:36:14.334+0000] {processor.py:161} INFO - Started process (PID=2829) to work on /home/airflow/.local/lib/python3.11/site-packages/airflow/example_dags/plugins/event_listener.py
[2024-07-09T13:36:14.335+0000] {processor.py:830} INFO - Processing file /home/airflow/.local/lib/python3.11/site-packages/airflow/example_dags/plugins/event_listener.py for tasks to queue
[2024-07-09T13:36:14.336+0000] {logging_mixin.py:188} INFO - [2024-07-09T13:36:14.335+0000] {dagbag.py:540} INFO - Filling up the DagBag from /home/airflow/.local/lib/python3.11/site-packages/airflow/example_dags/plugins/event_listener.py
[2024-07-09T13:36:14.337+0000] {processor.py:842} WARNING - No viable dags retrieved from /home/airflow/.local/lib/python3.11/site-packages/airflow/example_dags/plugins/event_listener.py
[2024-07-09T13:36:14.353+0000] {processor.py:183} INFO - Processing /home/airflow/.local/lib/python3.11/site-packages/airflow/example_dags/plugins/event_listener.py took 0.022 seconds
[2024-07-09T13:36:44.605+0000] {processor.py:161} INFO - Started process (PID=3099) to work on /home/airflow/.local/lib/python3.11/site-packages/airflow/example_dags/plugins/event_listener.py
[2024-07-09T13:36:44.606+0000] {processor.py:830} INFO - Processing file /home/airflow/.local/lib/python3.11/site-packages/airflow/example_dags/plugins/event_listener.py for tasks to queue
[2024-07-09T13:36:44.606+0000] {logging_mixin.py:188} INFO - [2024-07-09T13:36:44.606+0000] {dagbag.py:540} INFO - Filling up the DagBag from /home/airflow/.local/lib/python3.11/site-packages/airflow/example_dags/plugins/event_listener.py
[2024-07-09T13:36:44.608+0000] {processor.py:842} WARNING - No viable dags retrieved from /home/airflow/.local/lib/python3.11/site-packages/airflow/example_dags/plugins/event_listener.py
[2024-07-09T13:36:44.623+0000] {processor.py:183} INFO - Processing /home/airflow/.local/lib/python3.11/site-packages/airflow/example_dags/plugins/event_listener.py took 0.021 seconds
[2024-07-09T13:37:15.289+0000] {processor.py:161} INFO - Started process (PID=3369) to work on /home/airflow/.local/lib/python3.11/site-packages/airflow/example_dags/plugins/event_listener.py
[2024-07-09T13:37:15.291+0000] {processor.py:830} INFO - Processing file /home/airflow/.local/lib/python3.11/site-packages/airflow/example_dags/plugins/event_listener.py for tasks to queue
[2024-07-09T13:37:15.291+0000] {logging_mixin.py:188} INFO - [2024-07-09T13:37:15.291+0000] {dagbag.py:540} INFO - Filling up the DagBag from /home/airflow/.local/lib/python3.11/site-packages/airflow/example_dags/plugins/event_listener.py
[2024-07-09T13:37:15.293+0000] {processor.py:842} WARNING - No viable dags retrieved from /home/airflow/.local/lib/python3.11/site-packages/airflow/example_dags/plugins/event_listener.py
[2024-07-09T13:37:15.308+0000] {processor.py:183} INFO - Processing /home/airflow/.local/lib/python3.11/site-packages/airflow/example_dags/plugins/event_listener.py took 0.021 seconds
[2024-07-09T13:46:13.212+0000] {processor.py:161} INFO - Started process (PID=399) to work on /home/airflow/.local/lib/python3.11/site-packages/airflow/example_dags/plugins/event_listener.py
[2024-07-09T13:46:13.213+0000] {processor.py:830} INFO - Processing file /home/airflow/.local/lib/python3.11/site-packages/airflow/example_dags/plugins/event_listener.py for tasks to queue
[2024-07-09T13:46:13.214+0000] {logging_mixin.py:188} INFO - [2024-07-09T13:46:13.214+0000] {dagbag.py:540} INFO - Filling up the DagBag from /home/airflow/.local/lib/python3.11/site-packages/airflow/example_dags/plugins/event_listener.py
[2024-07-09T13:46:13.217+0000] {processor.py:842} WARNING - No viable dags retrieved from /home/airflow/.local/lib/python3.11/site-packages/airflow/example_dags/plugins/event_listener.py
[2024-07-09T13:46:13.231+0000] {processor.py:183} INFO - Processing /home/airflow/.local/lib/python3.11/site-packages/airflow/example_dags/plugins/event_listener.py took 0.021 seconds
[2024-07-09T13:46:43.299+0000] {processor.py:161} INFO - Started process (PID=664) to work on /home/airflow/.local/lib/python3.11/site-packages/airflow/example_dags/plugins/event_listener.py
[2024-07-09T13:46:43.300+0000] {processor.py:830} INFO - Processing file /home/airflow/.local/lib/python3.11/site-packages/airflow/example_dags/plugins/event_listener.py for tasks to queue
[2024-07-09T13:46:43.300+0000] {logging_mixin.py:188} INFO - [2024-07-09T13:46:43.300+0000] {dagbag.py:540} INFO - Filling up the DagBag from /home/airflow/.local/lib/python3.11/site-packages/airflow/example_dags/plugins/event_listener.py
[2024-07-09T13:46:43.302+0000] {processor.py:842} WARNING - No viable dags retrieved from /home/airflow/.local/lib/python3.11/site-packages/airflow/example_dags/plugins/event_listener.py
[2024-07-09T13:46:43.316+0000] {processor.py:183} INFO - Processing /home/airflow/.local/lib/python3.11/site-packages/airflow/example_dags/plugins/event_listener.py took 0.020 seconds
[2024-07-09T13:47:14.167+0000] {processor.py:161} INFO - Started process (PID=939) to work on /home/airflow/.local/lib/python3.11/site-packages/airflow/example_dags/plugins/event_listener.py
[2024-07-09T13:47:14.168+0000] {processor.py:830} INFO - Processing file /home/airflow/.local/lib/python3.11/site-packages/airflow/example_dags/plugins/event_listener.py for tasks to queue
[2024-07-09T13:47:14.169+0000] {logging_mixin.py:188} INFO - [2024-07-09T13:47:14.168+0000] {dagbag.py:540} INFO - Filling up the DagBag from /home/airflow/.local/lib/python3.11/site-packages/airflow/example_dags/plugins/event_listener.py
[2024-07-09T13:47:14.170+0000] {processor.py:842} WARNING - No viable dags retrieved from /home/airflow/.local/lib/python3.11/site-packages/airflow/example_dags/plugins/event_listener.py
[2024-07-09T13:47:14.185+0000] {processor.py:183} INFO - Processing /home/airflow/.local/lib/python3.11/site-packages/airflow/example_dags/plugins/event_listener.py took 0.020 seconds
[2024-07-09T13:47:46.167+0000] {processor.py:161} INFO - Started process (PID=1211) to work on /home/airflow/.local/lib/python3.11/site-packages/airflow/example_dags/plugins/event_listener.py
[2024-07-09T13:47:46.168+0000] {processor.py:830} INFO - Processing file /home/airflow/.local/lib/python3.11/site-packages/airflow/example_dags/plugins/event_listener.py for tasks to queue
[2024-07-09T13:47:46.169+0000] {logging_mixin.py:188} INFO - [2024-07-09T13:47:46.168+0000] {dagbag.py:540} INFO - Filling up the DagBag from /home/airflow/.local/lib/python3.11/site-packages/airflow/example_dags/plugins/event_listener.py
[2024-07-09T13:47:46.170+0000] {processor.py:842} WARNING - No viable dags retrieved from /home/airflow/.local/lib/python3.11/site-packages/airflow/example_dags/plugins/event_listener.py
[2024-07-09T13:47:46.185+0000] {processor.py:183} INFO - Processing /home/airflow/.local/lib/python3.11/site-packages/airflow/example_dags/plugins/event_listener.py took 0.021 seconds
[2024-07-09T13:48:16.837+0000] {processor.py:161} INFO - Started process (PID=1479) to work on /home/airflow/.local/lib/python3.11/site-packages/airflow/example_dags/plugins/event_listener.py
[2024-07-09T13:48:16.838+0000] {processor.py:830} INFO - Processing file /home/airflow/.local/lib/python3.11/site-packages/airflow/example_dags/plugins/event_listener.py for tasks to queue
[2024-07-09T13:48:16.839+0000] {logging_mixin.py:188} INFO - [2024-07-09T13:48:16.839+0000] {dagbag.py:540} INFO - Filling up the DagBag from /home/airflow/.local/lib/python3.11/site-packages/airflow/example_dags/plugins/event_listener.py
[2024-07-09T13:48:16.840+0000] {processor.py:842} WARNING - No viable dags retrieved from /home/airflow/.local/lib/python3.11/site-packages/airflow/example_dags/plugins/event_listener.py
[2024-07-09T13:48:16.855+0000] {processor.py:183} INFO - Processing /home/airflow/.local/lib/python3.11/site-packages/airflow/example_dags/plugins/event_listener.py took 0.021 seconds
[2024-07-09T13:48:47.198+0000] {processor.py:161} INFO - Started process (PID=1751) to work on /home/airflow/.local/lib/python3.11/site-packages/airflow/example_dags/plugins/event_listener.py
[2024-07-09T13:48:47.199+0000] {processor.py:830} INFO - Processing file /home/airflow/.local/lib/python3.11/site-packages/airflow/example_dags/plugins/event_listener.py for tasks to queue
[2024-07-09T13:48:47.200+0000] {logging_mixin.py:188} INFO - [2024-07-09T13:48:47.200+0000] {dagbag.py:540} INFO - Filling up the DagBag from /home/airflow/.local/lib/python3.11/site-packages/airflow/example_dags/plugins/event_listener.py
[2024-07-09T13:48:47.202+0000] {processor.py:842} WARNING - No viable dags retrieved from /home/airflow/.local/lib/python3.11/site-packages/airflow/example_dags/plugins/event_listener.py
[2024-07-09T13:48:47.217+0000] {processor.py:183} INFO - Processing /home/airflow/.local/lib/python3.11/site-packages/airflow/example_dags/plugins/event_listener.py took 0.021 seconds
[2024-07-09T13:49:17.734+0000] {processor.py:161} INFO - Started process (PID=2021) to work on /home/airflow/.local/lib/python3.11/site-packages/airflow/example_dags/plugins/event_listener.py
[2024-07-09T13:49:17.735+0000] {processor.py:830} INFO - Processing file /home/airflow/.local/lib/python3.11/site-packages/airflow/example_dags/plugins/event_listener.py for tasks to queue
[2024-07-09T13:49:17.736+0000] {logging_mixin.py:188} INFO - [2024-07-09T13:49:17.736+0000] {dagbag.py:540} INFO - Filling up the DagBag from /home/airflow/.local/lib/python3.11/site-packages/airflow/example_dags/plugins/event_listener.py
[2024-07-09T13:49:17.738+0000] {processor.py:842} WARNING - No viable dags retrieved from /home/airflow/.local/lib/python3.11/site-packages/airflow/example_dags/plugins/event_listener.py
[2024-07-09T13:49:17.753+0000] {processor.py:183} INFO - Processing /home/airflow/.local/lib/python3.11/site-packages/airflow/example_dags/plugins/event_listener.py took 0.021 seconds
[2024-07-09T13:49:47.875+0000] {processor.py:161} INFO - Started process (PID=2291) to work on /home/airflow/.local/lib/python3.11/site-packages/airflow/example_dags/plugins/event_listener.py
[2024-07-09T13:49:47.876+0000] {processor.py:830} INFO - Processing file /home/airflow/.local/lib/python3.11/site-packages/airflow/example_dags/plugins/event_listener.py for tasks to queue
[2024-07-09T13:49:47.877+0000] {logging_mixin.py:188} INFO - [2024-07-09T13:49:47.876+0000] {dagbag.py:540} INFO - Filling up the DagBag from /home/airflow/.local/lib/python3.11/site-packages/airflow/example_dags/plugins/event_listener.py
[2024-07-09T13:49:47.878+0000] {processor.py:842} WARNING - No viable dags retrieved from /home/airflow/.local/lib/python3.11/site-packages/airflow/example_dags/plugins/event_listener.py
[2024-07-09T13:49:47.895+0000] {processor.py:183} INFO - Processing /home/airflow/.local/lib/python3.11/site-packages/airflow/example_dags/plugins/event_listener.py took 0.024 seconds
[2024-07-09T13:50:18.177+0000] {processor.py:161} INFO - Started process (PID=2559) to work on /home/airflow/.local/lib/python3.11/site-packages/airflow/example_dags/plugins/event_listener.py
[2024-07-09T13:50:18.178+0000] {processor.py:830} INFO - Processing file /home/airflow/.local/lib/python3.11/site-packages/airflow/example_dags/plugins/event_listener.py for tasks to queue
[2024-07-09T13:50:18.178+0000] {logging_mixin.py:188} INFO - [2024-07-09T13:50:18.178+0000] {dagbag.py:540} INFO - Filling up the DagBag from /home/airflow/.local/lib/python3.11/site-packages/airflow/example_dags/plugins/event_listener.py
[2024-07-09T13:50:18.180+0000] {processor.py:842} WARNING - No viable dags retrieved from /home/airflow/.local/lib/python3.11/site-packages/airflow/example_dags/plugins/event_listener.py
[2024-07-09T13:50:18.194+0000] {processor.py:183} INFO - Processing /home/airflow/.local/lib/python3.11/site-packages/airflow/example_dags/plugins/event_listener.py took 0.020 seconds
[2024-07-09T13:50:48.630+0000] {processor.py:161} INFO - Started process (PID=2829) to work on /home/airflow/.local/lib/python3.11/site-packages/airflow/example_dags/plugins/event_listener.py
[2024-07-09T13:50:48.631+0000] {processor.py:830} INFO - Processing file /home/airflow/.local/lib/python3.11/site-packages/airflow/example_dags/plugins/event_listener.py for tasks to queue
[2024-07-09T13:50:48.631+0000] {logging_mixin.py:188} INFO - [2024-07-09T13:50:48.631+0000] {dagbag.py:540} INFO - Filling up the DagBag from /home/airflow/.local/lib/python3.11/site-packages/airflow/example_dags/plugins/event_listener.py
[2024-07-09T13:50:48.633+0000] {processor.py:842} WARNING - No viable dags retrieved from /home/airflow/.local/lib/python3.11/site-packages/airflow/example_dags/plugins/event_listener.py
[2024-07-09T13:50:48.648+0000] {processor.py:183} INFO - Processing /home/airflow/.local/lib/python3.11/site-packages/airflow/example_dags/plugins/event_listener.py took 0.021 seconds
[2024-07-09T13:51:18.989+0000] {processor.py:161} INFO - Started process (PID=3099) to work on /home/airflow/.local/lib/python3.11/site-packages/airflow/example_dags/plugins/event_listener.py
[2024-07-09T13:51:18.990+0000] {processor.py:830} INFO - Processing file /home/airflow/.local/lib/python3.11/site-packages/airflow/example_dags/plugins/event_listener.py for tasks to queue
[2024-07-09T13:51:18.991+0000] {logging_mixin.py:188} INFO - [2024-07-09T13:51:18.991+0000] {dagbag.py:540} INFO - Filling up the DagBag from /home/airflow/.local/lib/python3.11/site-packages/airflow/example_dags/plugins/event_listener.py
[2024-07-09T13:51:18.993+0000] {processor.py:842} WARNING - No viable dags retrieved from /home/airflow/.local/lib/python3.11/site-packages/airflow/example_dags/plugins/event_listener.py
[2024-07-09T13:51:19.006+0000] {processor.py:183} INFO - Processing /home/airflow/.local/lib/python3.11/site-packages/airflow/example_dags/plugins/event_listener.py took 0.020 seconds
