[2024-07-09T13:18:48.373+0000] {processor.py:161} INFO - Started process (PID=256) to work on /home/airflow/.local/lib/python3.11/site-packages/airflow/example_dags/example_dag_decorator.py
[2024-07-09T13:18:48.374+0000] {processor.py:830} INFO - Processing file /home/airflow/.local/lib/python3.11/site-packages/airflow/example_dags/example_dag_decorator.py for tasks to queue
[2024-07-09T13:18:48.374+0000] {logging_mixin.py:188} INFO - [2024-07-09T13:18:48.374+0000] {dagbag.py:540} INFO - Filling up the DagBag from /home/airflow/.local/lib/python3.11/site-packages/airflow/example_dags/example_dag_decorator.py
[2024-07-09T13:18:48.565+0000] {processor.py:840} INFO - DAG(s) 'example_dag_decorator' retrieved from /home/airflow/.local/lib/python3.11/site-packages/airflow/example_dags/example_dag_decorator.py
[2024-07-09T13:18:48.660+0000] {logging_mixin.py:188} INFO - [2024-07-09T13:18:48.659+0000] {override.py:1769} INFO - Created Permission View: can delete on DAG:example_dag_decorator
[2024-07-09T13:18:48.669+0000] {logging_mixin.py:188} INFO - [2024-07-09T13:18:48.669+0000] {override.py:1769} INFO - Created Permission View: can read on DAG:example_dag_decorator
[2024-07-09T13:18:48.676+0000] {logging_mixin.py:188} INFO - [2024-07-09T13:18:48.676+0000] {override.py:1769} INFO - Created Permission View: can edit on DAG:example_dag_decorator
[2024-07-09T13:18:48.676+0000] {logging_mixin.py:188} INFO - [2024-07-09T13:18:48.676+0000] {dag.py:3047} INFO - Sync 1 DAGs
[2024-07-09T13:18:48.685+0000] {logging_mixin.py:188} INFO - [2024-07-09T13:18:48.685+0000] {dag.py:3069} INFO - Creating ORM DAG for example_dag_decorator
[2024-07-09T13:18:48.686+0000] {logging_mixin.py:188} INFO - [2024-07-09T13:18:48.686+0000] {dag.py:3834} INFO - Setting next_dagrun for example_dag_decorator to None, run_after=None
[2024-07-09T13:18:48.702+0000] {processor.py:183} INFO - Processing /home/airflow/.local/lib/python3.11/site-packages/airflow/example_dags/example_dag_decorator.py took 0.332 seconds
[2024-07-09T13:19:19.657+0000] {processor.py:161} INFO - Started process (PID=526) to work on /home/airflow/.local/lib/python3.11/site-packages/airflow/example_dags/example_dag_decorator.py
[2024-07-09T13:19:19.658+0000] {processor.py:830} INFO - Processing file /home/airflow/.local/lib/python3.11/site-packages/airflow/example_dags/example_dag_decorator.py for tasks to queue
[2024-07-09T13:19:19.659+0000] {logging_mixin.py:188} INFO - [2024-07-09T13:19:19.659+0000] {dagbag.py:540} INFO - Filling up the DagBag from /home/airflow/.local/lib/python3.11/site-packages/airflow/example_dags/example_dag_decorator.py
[2024-07-09T13:19:19.725+0000] {processor.py:840} INFO - DAG(s) 'example_dag_decorator' retrieved from /home/airflow/.local/lib/python3.11/site-packages/airflow/example_dags/example_dag_decorator.py
[2024-07-09T13:19:19.902+0000] {logging_mixin.py:188} INFO - [2024-07-09T13:19:19.902+0000] {dag.py:3047} INFO - Sync 1 DAGs
[2024-07-09T13:19:19.909+0000] {logging_mixin.py:188} INFO - [2024-07-09T13:19:19.909+0000] {dag.py:3834} INFO - Setting next_dagrun for example_dag_decorator to None, run_after=None
[2024-07-09T13:19:19.925+0000] {processor.py:183} INFO - Processing /home/airflow/.local/lib/python3.11/site-packages/airflow/example_dags/example_dag_decorator.py took 0.271 seconds
[2024-07-09T13:19:50.556+0000] {processor.py:161} INFO - Started process (PID=796) to work on /home/airflow/.local/lib/python3.11/site-packages/airflow/example_dags/example_dag_decorator.py
[2024-07-09T13:19:50.558+0000] {processor.py:830} INFO - Processing file /home/airflow/.local/lib/python3.11/site-packages/airflow/example_dags/example_dag_decorator.py for tasks to queue
[2024-07-09T13:19:50.558+0000] {logging_mixin.py:188} INFO - [2024-07-09T13:19:50.558+0000] {dagbag.py:540} INFO - Filling up the DagBag from /home/airflow/.local/lib/python3.11/site-packages/airflow/example_dags/example_dag_decorator.py
[2024-07-09T13:19:50.623+0000] {processor.py:840} INFO - DAG(s) 'example_dag_decorator' retrieved from /home/airflow/.local/lib/python3.11/site-packages/airflow/example_dags/example_dag_decorator.py
[2024-07-09T13:19:50.800+0000] {logging_mixin.py:188} INFO - [2024-07-09T13:19:50.800+0000] {dag.py:3047} INFO - Sync 1 DAGs
[2024-07-09T13:19:50.807+0000] {logging_mixin.py:188} INFO - [2024-07-09T13:19:50.807+0000] {dag.py:3834} INFO - Setting next_dagrun for example_dag_decorator to None, run_after=None
[2024-07-09T13:19:50.823+0000] {processor.py:183} INFO - Processing /home/airflow/.local/lib/python3.11/site-packages/airflow/example_dags/example_dag_decorator.py took 0.269 seconds
[2024-07-09T13:20:21.134+0000] {processor.py:161} INFO - Started process (PID=1064) to work on /home/airflow/.local/lib/python3.11/site-packages/airflow/example_dags/example_dag_decorator.py
[2024-07-09T13:20:21.135+0000] {processor.py:830} INFO - Processing file /home/airflow/.local/lib/python3.11/site-packages/airflow/example_dags/example_dag_decorator.py for tasks to queue
[2024-07-09T13:20:21.135+0000] {logging_mixin.py:188} INFO - [2024-07-09T13:20:21.135+0000] {dagbag.py:540} INFO - Filling up the DagBag from /home/airflow/.local/lib/python3.11/site-packages/airflow/example_dags/example_dag_decorator.py
[2024-07-09T13:20:21.303+0000] {processor.py:840} INFO - DAG(s) 'example_dag_decorator' retrieved from /home/airflow/.local/lib/python3.11/site-packages/airflow/example_dags/example_dag_decorator.py
[2024-07-09T13:20:21.383+0000] {logging_mixin.py:188} INFO - [2024-07-09T13:20:21.383+0000] {dag.py:3047} INFO - Sync 1 DAGs
[2024-07-09T13:20:21.390+0000] {logging_mixin.py:188} INFO - [2024-07-09T13:20:21.390+0000] {dag.py:3834} INFO - Setting next_dagrun for example_dag_decorator to None, run_after=None
[2024-07-09T13:20:21.406+0000] {processor.py:183} INFO - Processing /home/airflow/.local/lib/python3.11/site-packages/airflow/example_dags/example_dag_decorator.py took 0.275 seconds
[2024-07-09T13:20:51.893+0000] {processor.py:161} INFO - Started process (PID=1336) to work on /home/airflow/.local/lib/python3.11/site-packages/airflow/example_dags/example_dag_decorator.py
[2024-07-09T13:20:51.893+0000] {processor.py:830} INFO - Processing file /home/airflow/.local/lib/python3.11/site-packages/airflow/example_dags/example_dag_decorator.py for tasks to queue
[2024-07-09T13:20:51.894+0000] {logging_mixin.py:188} INFO - [2024-07-09T13:20:51.894+0000] {dagbag.py:540} INFO - Filling up the DagBag from /home/airflow/.local/lib/python3.11/site-packages/airflow/example_dags/example_dag_decorator.py
[2024-07-09T13:20:51.970+0000] {processor.py:840} INFO - DAG(s) 'example_dag_decorator' retrieved from /home/airflow/.local/lib/python3.11/site-packages/airflow/example_dags/example_dag_decorator.py
[2024-07-09T13:20:52.068+0000] {logging_mixin.py:188} INFO - [2024-07-09T13:20:52.068+0000] {dag.py:3047} INFO - Sync 1 DAGs
[2024-07-09T13:20:52.079+0000] {logging_mixin.py:188} INFO - [2024-07-09T13:20:52.079+0000] {dag.py:3834} INFO - Setting next_dagrun for example_dag_decorator to None, run_after=None
[2024-07-09T13:20:52.098+0000] {processor.py:183} INFO - Processing /home/airflow/.local/lib/python3.11/site-packages/airflow/example_dags/example_dag_decorator.py took 0.207 seconds
[2024-07-09T13:21:22.867+0000] {processor.py:161} INFO - Started process (PID=1609) to work on /home/airflow/.local/lib/python3.11/site-packages/airflow/example_dags/example_dag_decorator.py
[2024-07-09T13:21:22.868+0000] {processor.py:830} INFO - Processing file /home/airflow/.local/lib/python3.11/site-packages/airflow/example_dags/example_dag_decorator.py for tasks to queue
[2024-07-09T13:21:22.869+0000] {logging_mixin.py:188} INFO - [2024-07-09T13:21:22.869+0000] {dagbag.py:540} INFO - Filling up the DagBag from /home/airflow/.local/lib/python3.11/site-packages/airflow/example_dags/example_dag_decorator.py
[2024-07-09T13:21:22.940+0000] {processor.py:840} INFO - DAG(s) 'example_dag_decorator' retrieved from /home/airflow/.local/lib/python3.11/site-packages/airflow/example_dags/example_dag_decorator.py
[2024-07-09T13:21:23.025+0000] {logging_mixin.py:188} INFO - [2024-07-09T13:21:23.024+0000] {dag.py:3047} INFO - Sync 1 DAGs
[2024-07-09T13:21:23.033+0000] {logging_mixin.py:188} INFO - [2024-07-09T13:21:23.033+0000] {dag.py:3834} INFO - Setting next_dagrun for example_dag_decorator to None, run_after=None
[2024-07-09T13:21:23.049+0000] {processor.py:183} INFO - Processing /home/airflow/.local/lib/python3.11/site-packages/airflow/example_dags/example_dag_decorator.py took 0.184 seconds
[2024-07-09T13:21:53.555+0000] {processor.py:161} INFO - Started process (PID=1874) to work on /home/airflow/.local/lib/python3.11/site-packages/airflow/example_dags/example_dag_decorator.py
[2024-07-09T13:21:53.556+0000] {processor.py:830} INFO - Processing file /home/airflow/.local/lib/python3.11/site-packages/airflow/example_dags/example_dag_decorator.py for tasks to queue
[2024-07-09T13:21:53.557+0000] {logging_mixin.py:188} INFO - [2024-07-09T13:21:53.556+0000] {dagbag.py:540} INFO - Filling up the DagBag from /home/airflow/.local/lib/python3.11/site-packages/airflow/example_dags/example_dag_decorator.py
[2024-07-09T13:21:53.623+0000] {processor.py:840} INFO - DAG(s) 'example_dag_decorator' retrieved from /home/airflow/.local/lib/python3.11/site-packages/airflow/example_dags/example_dag_decorator.py
[2024-07-09T13:21:53.709+0000] {logging_mixin.py:188} INFO - [2024-07-09T13:21:53.709+0000] {dag.py:3047} INFO - Sync 1 DAGs
[2024-07-09T13:21:53.718+0000] {logging_mixin.py:188} INFO - [2024-07-09T13:21:53.718+0000] {dag.py:3834} INFO - Setting next_dagrun for example_dag_decorator to None, run_after=None
[2024-07-09T13:21:53.734+0000] {processor.py:183} INFO - Processing /home/airflow/.local/lib/python3.11/site-packages/airflow/example_dags/example_dag_decorator.py took 0.181 seconds
[2024-07-09T13:22:24.256+0000] {processor.py:161} INFO - Started process (PID=2144) to work on /home/airflow/.local/lib/python3.11/site-packages/airflow/example_dags/example_dag_decorator.py
[2024-07-09T13:22:24.257+0000] {processor.py:830} INFO - Processing file /home/airflow/.local/lib/python3.11/site-packages/airflow/example_dags/example_dag_decorator.py for tasks to queue
[2024-07-09T13:22:24.257+0000] {logging_mixin.py:188} INFO - [2024-07-09T13:22:24.257+0000] {dagbag.py:540} INFO - Filling up the DagBag from /home/airflow/.local/lib/python3.11/site-packages/airflow/example_dags/example_dag_decorator.py
[2024-07-09T13:22:24.327+0000] {processor.py:840} INFO - DAG(s) 'example_dag_decorator' retrieved from /home/airflow/.local/lib/python3.11/site-packages/airflow/example_dags/example_dag_decorator.py
[2024-07-09T13:22:24.412+0000] {logging_mixin.py:188} INFO - [2024-07-09T13:22:24.412+0000] {dag.py:3047} INFO - Sync 1 DAGs
[2024-07-09T13:22:24.423+0000] {logging_mixin.py:188} INFO - [2024-07-09T13:22:24.423+0000] {dag.py:3834} INFO - Setting next_dagrun for example_dag_decorator to None, run_after=None
[2024-07-09T13:22:24.439+0000] {processor.py:183} INFO - Processing /home/airflow/.local/lib/python3.11/site-packages/airflow/example_dags/example_dag_decorator.py took 0.186 seconds
[2024-07-09T13:22:55.011+0000] {processor.py:161} INFO - Started process (PID=2414) to work on /home/airflow/.local/lib/python3.11/site-packages/airflow/example_dags/example_dag_decorator.py
[2024-07-09T13:22:55.012+0000] {processor.py:830} INFO - Processing file /home/airflow/.local/lib/python3.11/site-packages/airflow/example_dags/example_dag_decorator.py for tasks to queue
[2024-07-09T13:22:55.013+0000] {logging_mixin.py:188} INFO - [2024-07-09T13:22:55.012+0000] {dagbag.py:540} INFO - Filling up the DagBag from /home/airflow/.local/lib/python3.11/site-packages/airflow/example_dags/example_dag_decorator.py
[2024-07-09T13:22:55.086+0000] {processor.py:840} INFO - DAG(s) 'example_dag_decorator' retrieved from /home/airflow/.local/lib/python3.11/site-packages/airflow/example_dags/example_dag_decorator.py
[2024-07-09T13:22:55.170+0000] {logging_mixin.py:188} INFO - [2024-07-09T13:22:55.170+0000] {dag.py:3047} INFO - Sync 1 DAGs
[2024-07-09T13:22:55.179+0000] {logging_mixin.py:188} INFO - [2024-07-09T13:22:55.178+0000] {dag.py:3834} INFO - Setting next_dagrun for example_dag_decorator to None, run_after=None
[2024-07-09T13:22:55.194+0000] {processor.py:183} INFO - Processing /home/airflow/.local/lib/python3.11/site-packages/airflow/example_dags/example_dag_decorator.py took 0.186 seconds
[2024-07-09T13:23:25.759+0000] {processor.py:161} INFO - Started process (PID=2684) to work on /home/airflow/.local/lib/python3.11/site-packages/airflow/example_dags/example_dag_decorator.py
[2024-07-09T13:23:25.760+0000] {processor.py:830} INFO - Processing file /home/airflow/.local/lib/python3.11/site-packages/airflow/example_dags/example_dag_decorator.py for tasks to queue
[2024-07-09T13:23:25.760+0000] {logging_mixin.py:188} INFO - [2024-07-09T13:23:25.760+0000] {dagbag.py:540} INFO - Filling up the DagBag from /home/airflow/.local/lib/python3.11/site-packages/airflow/example_dags/example_dag_decorator.py
[2024-07-09T13:23:25.836+0000] {processor.py:840} INFO - DAG(s) 'example_dag_decorator' retrieved from /home/airflow/.local/lib/python3.11/site-packages/airflow/example_dags/example_dag_decorator.py
[2024-07-09T13:23:25.925+0000] {logging_mixin.py:188} INFO - [2024-07-09T13:23:25.925+0000] {dag.py:3047} INFO - Sync 1 DAGs
[2024-07-09T13:23:25.937+0000] {logging_mixin.py:188} INFO - [2024-07-09T13:23:25.937+0000] {dag.py:3834} INFO - Setting next_dagrun for example_dag_decorator to None, run_after=None
[2024-07-09T13:23:25.956+0000] {processor.py:183} INFO - Processing /home/airflow/.local/lib/python3.11/site-packages/airflow/example_dags/example_dag_decorator.py took 0.200 seconds
[2024-07-09T13:23:56.543+0000] {processor.py:161} INFO - Started process (PID=2954) to work on /home/airflow/.local/lib/python3.11/site-packages/airflow/example_dags/example_dag_decorator.py
[2024-07-09T13:23:56.544+0000] {processor.py:830} INFO - Processing file /home/airflow/.local/lib/python3.11/site-packages/airflow/example_dags/example_dag_decorator.py for tasks to queue
[2024-07-09T13:23:56.544+0000] {logging_mixin.py:188} INFO - [2024-07-09T13:23:56.544+0000] {dagbag.py:540} INFO - Filling up the DagBag from /home/airflow/.local/lib/python3.11/site-packages/airflow/example_dags/example_dag_decorator.py
[2024-07-09T13:23:56.610+0000] {processor.py:840} INFO - DAG(s) 'example_dag_decorator' retrieved from /home/airflow/.local/lib/python3.11/site-packages/airflow/example_dags/example_dag_decorator.py
[2024-07-09T13:23:56.690+0000] {logging_mixin.py:188} INFO - [2024-07-09T13:23:56.690+0000] {dag.py:3047} INFO - Sync 1 DAGs
[2024-07-09T13:23:56.698+0000] {logging_mixin.py:188} INFO - [2024-07-09T13:23:56.698+0000] {dag.py:3834} INFO - Setting next_dagrun for example_dag_decorator to None, run_after=None
[2024-07-09T13:23:56.714+0000] {processor.py:183} INFO - Processing /home/airflow/.local/lib/python3.11/site-packages/airflow/example_dags/example_dag_decorator.py took 0.174 seconds
[2024-07-09T13:24:27.190+0000] {processor.py:161} INFO - Started process (PID=3226) to work on /home/airflow/.local/lib/python3.11/site-packages/airflow/example_dags/example_dag_decorator.py
[2024-07-09T13:24:27.191+0000] {processor.py:830} INFO - Processing file /home/airflow/.local/lib/python3.11/site-packages/airflow/example_dags/example_dag_decorator.py for tasks to queue
[2024-07-09T13:24:27.192+0000] {logging_mixin.py:188} INFO - [2024-07-09T13:24:27.192+0000] {dagbag.py:540} INFO - Filling up the DagBag from /home/airflow/.local/lib/python3.11/site-packages/airflow/example_dags/example_dag_decorator.py
[2024-07-09T13:24:27.257+0000] {processor.py:840} INFO - DAG(s) 'example_dag_decorator' retrieved from /home/airflow/.local/lib/python3.11/site-packages/airflow/example_dags/example_dag_decorator.py
[2024-07-09T13:24:27.338+0000] {logging_mixin.py:188} INFO - [2024-07-09T13:24:27.337+0000] {dag.py:3047} INFO - Sync 1 DAGs
[2024-07-09T13:24:27.345+0000] {logging_mixin.py:188} INFO - [2024-07-09T13:24:27.345+0000] {dag.py:3834} INFO - Setting next_dagrun for example_dag_decorator to None, run_after=None
[2024-07-09T13:24:27.360+0000] {processor.py:183} INFO - Processing /home/airflow/.local/lib/python3.11/site-packages/airflow/example_dags/example_dag_decorator.py took 0.172 seconds
[2024-07-09T13:24:57.933+0000] {processor.py:161} INFO - Started process (PID=3494) to work on /home/airflow/.local/lib/python3.11/site-packages/airflow/example_dags/example_dag_decorator.py
[2024-07-09T13:24:57.934+0000] {processor.py:830} INFO - Processing file /home/airflow/.local/lib/python3.11/site-packages/airflow/example_dags/example_dag_decorator.py for tasks to queue
[2024-07-09T13:24:57.935+0000] {logging_mixin.py:188} INFO - [2024-07-09T13:24:57.934+0000] {dagbag.py:540} INFO - Filling up the DagBag from /home/airflow/.local/lib/python3.11/site-packages/airflow/example_dags/example_dag_decorator.py
[2024-07-09T13:24:58.003+0000] {processor.py:840} INFO - DAG(s) 'example_dag_decorator' retrieved from /home/airflow/.local/lib/python3.11/site-packages/airflow/example_dags/example_dag_decorator.py
[2024-07-09T13:24:58.090+0000] {logging_mixin.py:188} INFO - [2024-07-09T13:24:58.089+0000] {dag.py:3047} INFO - Sync 1 DAGs
[2024-07-09T13:24:58.098+0000] {logging_mixin.py:188} INFO - [2024-07-09T13:24:58.097+0000] {dag.py:3834} INFO - Setting next_dagrun for example_dag_decorator to None, run_after=None
[2024-07-09T13:24:58.115+0000] {processor.py:183} INFO - Processing /home/airflow/.local/lib/python3.11/site-packages/airflow/example_dags/example_dag_decorator.py took 0.184 seconds
[2024-07-09T13:26:09.265+0000] {processor.py:161} INFO - Started process (PID=257) to work on /home/airflow/.local/lib/python3.11/site-packages/airflow/example_dags/example_dag_decorator.py
[2024-07-09T13:26:09.266+0000] {processor.py:830} INFO - Processing file /home/airflow/.local/lib/python3.11/site-packages/airflow/example_dags/example_dag_decorator.py for tasks to queue
[2024-07-09T13:26:09.267+0000] {logging_mixin.py:188} INFO - [2024-07-09T13:26:09.266+0000] {dagbag.py:540} INFO - Filling up the DagBag from /home/airflow/.local/lib/python3.11/site-packages/airflow/example_dags/example_dag_decorator.py
[2024-07-09T13:26:09.436+0000] {processor.py:840} INFO - DAG(s) 'example_dag_decorator' retrieved from /home/airflow/.local/lib/python3.11/site-packages/airflow/example_dags/example_dag_decorator.py
[2024-07-09T13:26:09.521+0000] {logging_mixin.py:188} INFO - [2024-07-09T13:26:09.521+0000] {override.py:1769} INFO - Created Permission View: can delete on DAG:example_dag_decorator
[2024-07-09T13:26:09.530+0000] {logging_mixin.py:188} INFO - [2024-07-09T13:26:09.530+0000] {override.py:1769} INFO - Created Permission View: can read on DAG:example_dag_decorator
[2024-07-09T13:26:09.536+0000] {logging_mixin.py:188} INFO - [2024-07-09T13:26:09.536+0000] {override.py:1769} INFO - Created Permission View: can edit on DAG:example_dag_decorator
[2024-07-09T13:26:09.536+0000] {logging_mixin.py:188} INFO - [2024-07-09T13:26:09.536+0000] {dag.py:3047} INFO - Sync 1 DAGs
[2024-07-09T13:26:09.544+0000] {logging_mixin.py:188} INFO - [2024-07-09T13:26:09.544+0000] {dag.py:3069} INFO - Creating ORM DAG for example_dag_decorator
[2024-07-09T13:26:09.545+0000] {logging_mixin.py:188} INFO - [2024-07-09T13:26:09.544+0000] {dag.py:3834} INFO - Setting next_dagrun for example_dag_decorator to None, run_after=None
[2024-07-09T13:26:09.558+0000] {processor.py:183} INFO - Processing /home/airflow/.local/lib/python3.11/site-packages/airflow/example_dags/example_dag_decorator.py took 0.296 seconds
[2024-07-09T13:26:39.616+0000] {processor.py:161} INFO - Started process (PID=525) to work on /home/airflow/.local/lib/python3.11/site-packages/airflow/example_dags/example_dag_decorator.py
[2024-07-09T13:26:39.617+0000] {processor.py:830} INFO - Processing file /home/airflow/.local/lib/python3.11/site-packages/airflow/example_dags/example_dag_decorator.py for tasks to queue
[2024-07-09T13:26:39.618+0000] {logging_mixin.py:188} INFO - [2024-07-09T13:26:39.617+0000] {dagbag.py:540} INFO - Filling up the DagBag from /home/airflow/.local/lib/python3.11/site-packages/airflow/example_dags/example_dag_decorator.py
[2024-07-09T13:26:39.683+0000] {processor.py:840} INFO - DAG(s) 'example_dag_decorator' retrieved from /home/airflow/.local/lib/python3.11/site-packages/airflow/example_dags/example_dag_decorator.py
[2024-07-09T13:26:39.860+0000] {logging_mixin.py:188} INFO - [2024-07-09T13:26:39.860+0000] {dag.py:3047} INFO - Sync 1 DAGs
[2024-07-09T13:26:39.868+0000] {logging_mixin.py:188} INFO - [2024-07-09T13:26:39.867+0000] {dag.py:3834} INFO - Setting next_dagrun for example_dag_decorator to None, run_after=None
[2024-07-09T13:26:39.883+0000] {processor.py:183} INFO - Processing /home/airflow/.local/lib/python3.11/site-packages/airflow/example_dags/example_dag_decorator.py took 0.270 seconds
[2024-07-09T13:27:10.172+0000] {processor.py:161} INFO - Started process (PID=795) to work on /home/airflow/.local/lib/python3.11/site-packages/airflow/example_dags/example_dag_decorator.py
[2024-07-09T13:27:10.173+0000] {processor.py:830} INFO - Processing file /home/airflow/.local/lib/python3.11/site-packages/airflow/example_dags/example_dag_decorator.py for tasks to queue
[2024-07-09T13:27:10.173+0000] {logging_mixin.py:188} INFO - [2024-07-09T13:27:10.173+0000] {dagbag.py:540} INFO - Filling up the DagBag from /home/airflow/.local/lib/python3.11/site-packages/airflow/example_dags/example_dag_decorator.py
[2024-07-09T13:27:10.237+0000] {processor.py:840} INFO - DAG(s) 'example_dag_decorator' retrieved from /home/airflow/.local/lib/python3.11/site-packages/airflow/example_dags/example_dag_decorator.py
[2024-07-09T13:27:10.418+0000] {logging_mixin.py:188} INFO - [2024-07-09T13:27:10.417+0000] {dag.py:3047} INFO - Sync 1 DAGs
[2024-07-09T13:27:10.425+0000] {logging_mixin.py:188} INFO - [2024-07-09T13:27:10.425+0000] {dag.py:3834} INFO - Setting next_dagrun for example_dag_decorator to None, run_after=None
[2024-07-09T13:27:10.439+0000] {processor.py:183} INFO - Processing /home/airflow/.local/lib/python3.11/site-packages/airflow/example_dags/example_dag_decorator.py took 0.271 seconds
[2024-07-09T13:27:41.186+0000] {processor.py:161} INFO - Started process (PID=1065) to work on /home/airflow/.local/lib/python3.11/site-packages/airflow/example_dags/example_dag_decorator.py
[2024-07-09T13:27:41.187+0000] {processor.py:830} INFO - Processing file /home/airflow/.local/lib/python3.11/site-packages/airflow/example_dags/example_dag_decorator.py for tasks to queue
[2024-07-09T13:27:41.187+0000] {logging_mixin.py:188} INFO - [2024-07-09T13:27:41.187+0000] {dagbag.py:540} INFO - Filling up the DagBag from /home/airflow/.local/lib/python3.11/site-packages/airflow/example_dags/example_dag_decorator.py
[2024-07-09T13:27:41.374+0000] {processor.py:840} INFO - DAG(s) 'example_dag_decorator' retrieved from /home/airflow/.local/lib/python3.11/site-packages/airflow/example_dags/example_dag_decorator.py
[2024-07-09T13:27:41.452+0000] {logging_mixin.py:188} INFO - [2024-07-09T13:27:41.452+0000] {dag.py:3047} INFO - Sync 1 DAGs
[2024-07-09T13:27:41.459+0000] {logging_mixin.py:188} INFO - [2024-07-09T13:27:41.459+0000] {dag.py:3834} INFO - Setting next_dagrun for example_dag_decorator to None, run_after=None
[2024-07-09T13:27:41.476+0000] {processor.py:183} INFO - Processing /home/airflow/.local/lib/python3.11/site-packages/airflow/example_dags/example_dag_decorator.py took 0.293 seconds
[2024-07-09T13:28:11.872+0000] {processor.py:161} INFO - Started process (PID=1335) to work on /home/airflow/.local/lib/python3.11/site-packages/airflow/example_dags/example_dag_decorator.py
[2024-07-09T13:28:11.873+0000] {processor.py:830} INFO - Processing file /home/airflow/.local/lib/python3.11/site-packages/airflow/example_dags/example_dag_decorator.py for tasks to queue
[2024-07-09T13:28:11.874+0000] {logging_mixin.py:188} INFO - [2024-07-09T13:28:11.874+0000] {dagbag.py:540} INFO - Filling up the DagBag from /home/airflow/.local/lib/python3.11/site-packages/airflow/example_dags/example_dag_decorator.py
[2024-07-09T13:28:11.942+0000] {processor.py:840} INFO - DAG(s) 'example_dag_decorator' retrieved from /home/airflow/.local/lib/python3.11/site-packages/airflow/example_dags/example_dag_decorator.py
[2024-07-09T13:28:12.029+0000] {logging_mixin.py:188} INFO - [2024-07-09T13:28:12.029+0000] {dag.py:3047} INFO - Sync 1 DAGs
[2024-07-09T13:28:12.038+0000] {logging_mixin.py:188} INFO - [2024-07-09T13:28:12.038+0000] {dag.py:3834} INFO - Setting next_dagrun for example_dag_decorator to None, run_after=None
[2024-07-09T13:28:12.056+0000] {processor.py:183} INFO - Processing /home/airflow/.local/lib/python3.11/site-packages/airflow/example_dags/example_dag_decorator.py took 0.187 seconds
[2024-07-09T13:28:42.379+0000] {processor.py:161} INFO - Started process (PID=1605) to work on /home/airflow/.local/lib/python3.11/site-packages/airflow/example_dags/example_dag_decorator.py
[2024-07-09T13:28:42.380+0000] {processor.py:830} INFO - Processing file /home/airflow/.local/lib/python3.11/site-packages/airflow/example_dags/example_dag_decorator.py for tasks to queue
[2024-07-09T13:28:42.381+0000] {logging_mixin.py:188} INFO - [2024-07-09T13:28:42.381+0000] {dagbag.py:540} INFO - Filling up the DagBag from /home/airflow/.local/lib/python3.11/site-packages/airflow/example_dags/example_dag_decorator.py
[2024-07-09T13:28:42.453+0000] {processor.py:840} INFO - DAG(s) 'example_dag_decorator' retrieved from /home/airflow/.local/lib/python3.11/site-packages/airflow/example_dags/example_dag_decorator.py
[2024-07-09T13:28:42.559+0000] {logging_mixin.py:188} INFO - [2024-07-09T13:28:42.559+0000] {dag.py:3047} INFO - Sync 1 DAGs
[2024-07-09T13:28:42.569+0000] {logging_mixin.py:188} INFO - [2024-07-09T13:28:42.569+0000] {dag.py:3834} INFO - Setting next_dagrun for example_dag_decorator to None, run_after=None
[2024-07-09T13:28:42.591+0000] {processor.py:183} INFO - Processing /home/airflow/.local/lib/python3.11/site-packages/airflow/example_dags/example_dag_decorator.py took 0.214 seconds
[2024-07-09T13:29:12.736+0000] {processor.py:161} INFO - Started process (PID=1880) to work on /home/airflow/.local/lib/python3.11/site-packages/airflow/example_dags/example_dag_decorator.py
[2024-07-09T13:29:12.738+0000] {processor.py:830} INFO - Processing file /home/airflow/.local/lib/python3.11/site-packages/airflow/example_dags/example_dag_decorator.py for tasks to queue
[2024-07-09T13:29:12.738+0000] {logging_mixin.py:188} INFO - [2024-07-09T13:29:12.738+0000] {dagbag.py:540} INFO - Filling up the DagBag from /home/airflow/.local/lib/python3.11/site-packages/airflow/example_dags/example_dag_decorator.py
[2024-07-09T13:29:12.831+0000] {processor.py:840} INFO - DAG(s) 'example_dag_decorator' retrieved from /home/airflow/.local/lib/python3.11/site-packages/airflow/example_dags/example_dag_decorator.py
[2024-07-09T13:29:12.916+0000] {logging_mixin.py:188} INFO - [2024-07-09T13:29:12.916+0000] {dag.py:3047} INFO - Sync 1 DAGs
[2024-07-09T13:29:12.924+0000] {logging_mixin.py:188} INFO - [2024-07-09T13:29:12.924+0000] {dag.py:3834} INFO - Setting next_dagrun for example_dag_decorator to None, run_after=None
[2024-07-09T13:29:12.939+0000] {processor.py:183} INFO - Processing /home/airflow/.local/lib/python3.11/site-packages/airflow/example_dags/example_dag_decorator.py took 0.206 seconds
[2024-07-09T13:29:43.008+0000] {processor.py:161} INFO - Started process (PID=2137) to work on /home/airflow/.local/lib/python3.11/site-packages/airflow/example_dags/example_dag_decorator.py
[2024-07-09T13:29:43.009+0000] {processor.py:830} INFO - Processing file /home/airflow/.local/lib/python3.11/site-packages/airflow/example_dags/example_dag_decorator.py for tasks to queue
[2024-07-09T13:29:43.010+0000] {logging_mixin.py:188} INFO - [2024-07-09T13:29:43.010+0000] {dagbag.py:540} INFO - Filling up the DagBag from /home/airflow/.local/lib/python3.11/site-packages/airflow/example_dags/example_dag_decorator.py
[2024-07-09T13:29:43.080+0000] {processor.py:840} INFO - DAG(s) 'example_dag_decorator' retrieved from /home/airflow/.local/lib/python3.11/site-packages/airflow/example_dags/example_dag_decorator.py
[2024-07-09T13:29:43.175+0000] {logging_mixin.py:188} INFO - [2024-07-09T13:29:43.175+0000] {dag.py:3047} INFO - Sync 1 DAGs
[2024-07-09T13:29:43.187+0000] {logging_mixin.py:188} INFO - [2024-07-09T13:29:43.186+0000] {dag.py:3834} INFO - Setting next_dagrun for example_dag_decorator to None, run_after=None
[2024-07-09T13:29:43.208+0000] {processor.py:183} INFO - Processing /home/airflow/.local/lib/python3.11/site-packages/airflow/example_dags/example_dag_decorator.py took 0.203 seconds
[2024-07-09T13:31:37.602+0000] {processor.py:161} INFO - Started process (PID=254) to work on /home/airflow/.local/lib/python3.11/site-packages/airflow/example_dags/example_dag_decorator.py
[2024-07-09T13:31:37.603+0000] {processor.py:830} INFO - Processing file /home/airflow/.local/lib/python3.11/site-packages/airflow/example_dags/example_dag_decorator.py for tasks to queue
[2024-07-09T13:31:37.604+0000] {logging_mixin.py:188} INFO - [2024-07-09T13:31:37.604+0000] {dagbag.py:540} INFO - Filling up the DagBag from /home/airflow/.local/lib/python3.11/site-packages/airflow/example_dags/example_dag_decorator.py
[2024-07-09T13:31:37.794+0000] {processor.py:840} INFO - DAG(s) 'example_dag_decorator' retrieved from /home/airflow/.local/lib/python3.11/site-packages/airflow/example_dags/example_dag_decorator.py
[2024-07-09T13:31:37.887+0000] {logging_mixin.py:188} INFO - [2024-07-09T13:31:37.887+0000] {override.py:1769} INFO - Created Permission View: can edit on DAG:example_dag_decorator
[2024-07-09T13:31:37.895+0000] {logging_mixin.py:188} INFO - [2024-07-09T13:31:37.895+0000] {override.py:1769} INFO - Created Permission View: can delete on DAG:example_dag_decorator
[2024-07-09T13:31:37.901+0000] {logging_mixin.py:188} INFO - [2024-07-09T13:31:37.900+0000] {override.py:1769} INFO - Created Permission View: can read on DAG:example_dag_decorator
[2024-07-09T13:31:37.901+0000] {logging_mixin.py:188} INFO - [2024-07-09T13:31:37.901+0000] {dag.py:3047} INFO - Sync 1 DAGs
[2024-07-09T13:31:37.909+0000] {logging_mixin.py:188} INFO - [2024-07-09T13:31:37.909+0000] {dag.py:3069} INFO - Creating ORM DAG for example_dag_decorator
[2024-07-09T13:31:37.910+0000] {logging_mixin.py:188} INFO - [2024-07-09T13:31:37.910+0000] {dag.py:3834} INFO - Setting next_dagrun for example_dag_decorator to None, run_after=None
[2024-07-09T13:31:37.925+0000] {processor.py:183} INFO - Processing /home/airflow/.local/lib/python3.11/site-packages/airflow/example_dags/example_dag_decorator.py took 0.326 seconds
[2024-07-09T13:32:08.302+0000] {processor.py:161} INFO - Started process (PID=524) to work on /home/airflow/.local/lib/python3.11/site-packages/airflow/example_dags/example_dag_decorator.py
[2024-07-09T13:32:08.303+0000] {processor.py:830} INFO - Processing file /home/airflow/.local/lib/python3.11/site-packages/airflow/example_dags/example_dag_decorator.py for tasks to queue
[2024-07-09T13:32:08.304+0000] {logging_mixin.py:188} INFO - [2024-07-09T13:32:08.304+0000] {dagbag.py:540} INFO - Filling up the DagBag from /home/airflow/.local/lib/python3.11/site-packages/airflow/example_dags/example_dag_decorator.py
[2024-07-09T13:32:08.372+0000] {processor.py:840} INFO - DAG(s) 'example_dag_decorator' retrieved from /home/airflow/.local/lib/python3.11/site-packages/airflow/example_dags/example_dag_decorator.py
[2024-07-09T13:32:08.569+0000] {logging_mixin.py:188} INFO - [2024-07-09T13:32:08.569+0000] {dag.py:3047} INFO - Sync 1 DAGs
[2024-07-09T13:32:08.576+0000] {logging_mixin.py:188} INFO - [2024-07-09T13:32:08.576+0000] {dag.py:3834} INFO - Setting next_dagrun for example_dag_decorator to None, run_after=None
[2024-07-09T13:32:08.590+0000] {processor.py:183} INFO - Processing /home/airflow/.local/lib/python3.11/site-packages/airflow/example_dags/example_dag_decorator.py took 0.291 seconds
[2024-07-09T13:32:38.664+0000] {processor.py:161} INFO - Started process (PID=806) to work on /home/airflow/.local/lib/python3.11/site-packages/airflow/example_dags/example_dag_decorator.py
[2024-07-09T13:32:38.665+0000] {processor.py:830} INFO - Processing file /home/airflow/.local/lib/python3.11/site-packages/airflow/example_dags/example_dag_decorator.py for tasks to queue
[2024-07-09T13:32:38.666+0000] {logging_mixin.py:188} INFO - [2024-07-09T13:32:38.665+0000] {dagbag.py:540} INFO - Filling up the DagBag from /home/airflow/.local/lib/python3.11/site-packages/airflow/example_dags/example_dag_decorator.py
[2024-07-09T13:32:38.732+0000] {processor.py:840} INFO - DAG(s) 'example_dag_decorator' retrieved from /home/airflow/.local/lib/python3.11/site-packages/airflow/example_dags/example_dag_decorator.py
[2024-07-09T13:32:38.910+0000] {logging_mixin.py:188} INFO - [2024-07-09T13:32:38.910+0000] {dag.py:3047} INFO - Sync 1 DAGs
[2024-07-09T13:32:38.917+0000] {logging_mixin.py:188} INFO - [2024-07-09T13:32:38.917+0000] {dag.py:3834} INFO - Setting next_dagrun for example_dag_decorator to None, run_after=None
[2024-07-09T13:32:38.932+0000] {processor.py:183} INFO - Processing /home/airflow/.local/lib/python3.11/site-packages/airflow/example_dags/example_dag_decorator.py took 0.271 seconds
[2024-07-09T13:33:09.553+0000] {processor.py:161} INFO - Started process (PID=1076) to work on /home/airflow/.local/lib/python3.11/site-packages/airflow/example_dags/example_dag_decorator.py
[2024-07-09T13:33:09.554+0000] {processor.py:830} INFO - Processing file /home/airflow/.local/lib/python3.11/site-packages/airflow/example_dags/example_dag_decorator.py for tasks to queue
[2024-07-09T13:33:09.555+0000] {logging_mixin.py:188} INFO - [2024-07-09T13:33:09.554+0000] {dagbag.py:540} INFO - Filling up the DagBag from /home/airflow/.local/lib/python3.11/site-packages/airflow/example_dags/example_dag_decorator.py
[2024-07-09T13:33:09.718+0000] {processor.py:840} INFO - DAG(s) 'example_dag_decorator' retrieved from /home/airflow/.local/lib/python3.11/site-packages/airflow/example_dags/example_dag_decorator.py
[2024-07-09T13:33:09.795+0000] {logging_mixin.py:188} INFO - [2024-07-09T13:33:09.795+0000] {dag.py:3047} INFO - Sync 1 DAGs
[2024-07-09T13:33:09.802+0000] {logging_mixin.py:188} INFO - [2024-07-09T13:33:09.802+0000] {dag.py:3834} INFO - Setting next_dagrun for example_dag_decorator to None, run_after=None
[2024-07-09T13:33:09.817+0000] {processor.py:183} INFO - Processing /home/airflow/.local/lib/python3.11/site-packages/airflow/example_dags/example_dag_decorator.py took 0.267 seconds
[2024-07-09T13:33:40.301+0000] {processor.py:161} INFO - Started process (PID=1334) to work on /home/airflow/.local/lib/python3.11/site-packages/airflow/example_dags/example_dag_decorator.py
[2024-07-09T13:33:40.302+0000] {processor.py:830} INFO - Processing file /home/airflow/.local/lib/python3.11/site-packages/airflow/example_dags/example_dag_decorator.py for tasks to queue
[2024-07-09T13:33:40.302+0000] {logging_mixin.py:188} INFO - [2024-07-09T13:33:40.302+0000] {dagbag.py:540} INFO - Filling up the DagBag from /home/airflow/.local/lib/python3.11/site-packages/airflow/example_dags/example_dag_decorator.py
[2024-07-09T13:33:40.369+0000] {processor.py:840} INFO - DAG(s) 'example_dag_decorator' retrieved from /home/airflow/.local/lib/python3.11/site-packages/airflow/example_dags/example_dag_decorator.py
[2024-07-09T13:33:40.456+0000] {logging_mixin.py:188} INFO - [2024-07-09T13:33:40.455+0000] {dag.py:3047} INFO - Sync 1 DAGs
[2024-07-09T13:33:40.465+0000] {logging_mixin.py:188} INFO - [2024-07-09T13:33:40.465+0000] {dag.py:3834} INFO - Setting next_dagrun for example_dag_decorator to None, run_after=None
[2024-07-09T13:33:40.483+0000] {processor.py:183} INFO - Processing /home/airflow/.local/lib/python3.11/site-packages/airflow/example_dags/example_dag_decorator.py took 0.184 seconds
[2024-07-09T13:34:10.649+0000] {processor.py:161} INFO - Started process (PID=1606) to work on /home/airflow/.local/lib/python3.11/site-packages/airflow/example_dags/example_dag_decorator.py
[2024-07-09T13:34:10.650+0000] {processor.py:830} INFO - Processing file /home/airflow/.local/lib/python3.11/site-packages/airflow/example_dags/example_dag_decorator.py for tasks to queue
[2024-07-09T13:34:10.651+0000] {logging_mixin.py:188} INFO - [2024-07-09T13:34:10.651+0000] {dagbag.py:540} INFO - Filling up the DagBag from /home/airflow/.local/lib/python3.11/site-packages/airflow/example_dags/example_dag_decorator.py
[2024-07-09T13:34:10.719+0000] {processor.py:840} INFO - DAG(s) 'example_dag_decorator' retrieved from /home/airflow/.local/lib/python3.11/site-packages/airflow/example_dags/example_dag_decorator.py
[2024-07-09T13:34:10.809+0000] {logging_mixin.py:188} INFO - [2024-07-09T13:34:10.808+0000] {dag.py:3047} INFO - Sync 1 DAGs
[2024-07-09T13:34:10.818+0000] {logging_mixin.py:188} INFO - [2024-07-09T13:34:10.817+0000] {dag.py:3834} INFO - Setting next_dagrun for example_dag_decorator to None, run_after=None
[2024-07-09T13:34:10.836+0000] {processor.py:183} INFO - Processing /home/airflow/.local/lib/python3.11/site-packages/airflow/example_dags/example_dag_decorator.py took 0.189 seconds
[2024-07-09T13:34:40.947+0000] {processor.py:161} INFO - Started process (PID=1879) to work on /home/airflow/.local/lib/python3.11/site-packages/airflow/example_dags/example_dag_decorator.py
[2024-07-09T13:34:40.947+0000] {processor.py:830} INFO - Processing file /home/airflow/.local/lib/python3.11/site-packages/airflow/example_dags/example_dag_decorator.py for tasks to queue
[2024-07-09T13:34:40.948+0000] {logging_mixin.py:188} INFO - [2024-07-09T13:34:40.948+0000] {dagbag.py:540} INFO - Filling up the DagBag from /home/airflow/.local/lib/python3.11/site-packages/airflow/example_dags/example_dag_decorator.py
[2024-07-09T13:34:41.014+0000] {processor.py:840} INFO - DAG(s) 'example_dag_decorator' retrieved from /home/airflow/.local/lib/python3.11/site-packages/airflow/example_dags/example_dag_decorator.py
[2024-07-09T13:34:41.097+0000] {logging_mixin.py:188} INFO - [2024-07-09T13:34:41.096+0000] {dag.py:3047} INFO - Sync 1 DAGs
[2024-07-09T13:34:41.105+0000] {logging_mixin.py:188} INFO - [2024-07-09T13:34:41.104+0000] {dag.py:3834} INFO - Setting next_dagrun for example_dag_decorator to None, run_after=None
[2024-07-09T13:34:41.121+0000] {processor.py:183} INFO - Processing /home/airflow/.local/lib/python3.11/site-packages/airflow/example_dags/example_dag_decorator.py took 0.177 seconds
[2024-07-09T13:35:11.250+0000] {processor.py:161} INFO - Started process (PID=2149) to work on /home/airflow/.local/lib/python3.11/site-packages/airflow/example_dags/example_dag_decorator.py
[2024-07-09T13:35:11.251+0000] {processor.py:830} INFO - Processing file /home/airflow/.local/lib/python3.11/site-packages/airflow/example_dags/example_dag_decorator.py for tasks to queue
[2024-07-09T13:35:11.252+0000] {logging_mixin.py:188} INFO - [2024-07-09T13:35:11.252+0000] {dagbag.py:540} INFO - Filling up the DagBag from /home/airflow/.local/lib/python3.11/site-packages/airflow/example_dags/example_dag_decorator.py
[2024-07-09T13:35:11.319+0000] {processor.py:840} INFO - DAG(s) 'example_dag_decorator' retrieved from /home/airflow/.local/lib/python3.11/site-packages/airflow/example_dags/example_dag_decorator.py
[2024-07-09T13:35:11.407+0000] {logging_mixin.py:188} INFO - [2024-07-09T13:35:11.407+0000] {dag.py:3047} INFO - Sync 1 DAGs
[2024-07-09T13:35:11.415+0000] {logging_mixin.py:188} INFO - [2024-07-09T13:35:11.415+0000] {dag.py:3834} INFO - Setting next_dagrun for example_dag_decorator to None, run_after=None
[2024-07-09T13:35:11.432+0000] {processor.py:183} INFO - Processing /home/airflow/.local/lib/python3.11/site-packages/airflow/example_dags/example_dag_decorator.py took 0.185 seconds
[2024-07-09T13:35:41.519+0000] {processor.py:161} INFO - Started process (PID=2406) to work on /home/airflow/.local/lib/python3.11/site-packages/airflow/example_dags/example_dag_decorator.py
[2024-07-09T13:35:41.520+0000] {processor.py:830} INFO - Processing file /home/airflow/.local/lib/python3.11/site-packages/airflow/example_dags/example_dag_decorator.py for tasks to queue
[2024-07-09T13:35:41.521+0000] {logging_mixin.py:188} INFO - [2024-07-09T13:35:41.521+0000] {dagbag.py:540} INFO - Filling up the DagBag from /home/airflow/.local/lib/python3.11/site-packages/airflow/example_dags/example_dag_decorator.py
[2024-07-09T13:35:41.585+0000] {processor.py:840} INFO - DAG(s) 'example_dag_decorator' retrieved from /home/airflow/.local/lib/python3.11/site-packages/airflow/example_dags/example_dag_decorator.py
[2024-07-09T13:35:41.671+0000] {logging_mixin.py:188} INFO - [2024-07-09T13:35:41.671+0000] {dag.py:3047} INFO - Sync 1 DAGs
[2024-07-09T13:35:41.681+0000] {logging_mixin.py:188} INFO - [2024-07-09T13:35:41.681+0000] {dag.py:3834} INFO - Setting next_dagrun for example_dag_decorator to None, run_after=None
[2024-07-09T13:35:41.698+0000] {processor.py:183} INFO - Processing /home/airflow/.local/lib/python3.11/site-packages/airflow/example_dags/example_dag_decorator.py took 0.181 seconds
[2024-07-09T13:36:11.826+0000] {processor.py:161} INFO - Started process (PID=2666) to work on /home/airflow/.local/lib/python3.11/site-packages/airflow/example_dags/example_dag_decorator.py
[2024-07-09T13:36:11.827+0000] {processor.py:830} INFO - Processing file /home/airflow/.local/lib/python3.11/site-packages/airflow/example_dags/example_dag_decorator.py for tasks to queue
[2024-07-09T13:36:11.827+0000] {logging_mixin.py:188} INFO - [2024-07-09T13:36:11.827+0000] {dagbag.py:540} INFO - Filling up the DagBag from /home/airflow/.local/lib/python3.11/site-packages/airflow/example_dags/example_dag_decorator.py
[2024-07-09T13:36:11.896+0000] {processor.py:840} INFO - DAG(s) 'example_dag_decorator' retrieved from /home/airflow/.local/lib/python3.11/site-packages/airflow/example_dags/example_dag_decorator.py
[2024-07-09T13:36:11.982+0000] {logging_mixin.py:188} INFO - [2024-07-09T13:36:11.982+0000] {dag.py:3047} INFO - Sync 1 DAGs
[2024-07-09T13:36:11.990+0000] {logging_mixin.py:188} INFO - [2024-07-09T13:36:11.990+0000] {dag.py:3834} INFO - Setting next_dagrun for example_dag_decorator to None, run_after=None
[2024-07-09T13:36:12.007+0000] {processor.py:183} INFO - Processing /home/airflow/.local/lib/python3.11/site-packages/airflow/example_dags/example_dag_decorator.py took 0.184 seconds
[2024-07-09T13:36:42.159+0000] {processor.py:161} INFO - Started process (PID=2938) to work on /home/airflow/.local/lib/python3.11/site-packages/airflow/example_dags/example_dag_decorator.py
[2024-07-09T13:36:42.160+0000] {processor.py:830} INFO - Processing file /home/airflow/.local/lib/python3.11/site-packages/airflow/example_dags/example_dag_decorator.py for tasks to queue
[2024-07-09T13:36:42.160+0000] {logging_mixin.py:188} INFO - [2024-07-09T13:36:42.160+0000] {dagbag.py:540} INFO - Filling up the DagBag from /home/airflow/.local/lib/python3.11/site-packages/airflow/example_dags/example_dag_decorator.py
[2024-07-09T13:36:42.226+0000] {processor.py:840} INFO - DAG(s) 'example_dag_decorator' retrieved from /home/airflow/.local/lib/python3.11/site-packages/airflow/example_dags/example_dag_decorator.py
[2024-07-09T13:36:42.310+0000] {logging_mixin.py:188} INFO - [2024-07-09T13:36:42.310+0000] {dag.py:3047} INFO - Sync 1 DAGs
[2024-07-09T13:36:42.318+0000] {logging_mixin.py:188} INFO - [2024-07-09T13:36:42.318+0000] {dag.py:3834} INFO - Setting next_dagrun for example_dag_decorator to None, run_after=None
[2024-07-09T13:36:42.334+0000] {processor.py:183} INFO - Processing /home/airflow/.local/lib/python3.11/site-packages/airflow/example_dags/example_dag_decorator.py took 0.178 seconds
[2024-07-09T13:37:12.660+0000] {processor.py:161} INFO - Started process (PID=3206) to work on /home/airflow/.local/lib/python3.11/site-packages/airflow/example_dags/example_dag_decorator.py
[2024-07-09T13:37:12.661+0000] {processor.py:830} INFO - Processing file /home/airflow/.local/lib/python3.11/site-packages/airflow/example_dags/example_dag_decorator.py for tasks to queue
[2024-07-09T13:37:12.662+0000] {logging_mixin.py:188} INFO - [2024-07-09T13:37:12.662+0000] {dagbag.py:540} INFO - Filling up the DagBag from /home/airflow/.local/lib/python3.11/site-packages/airflow/example_dags/example_dag_decorator.py
[2024-07-09T13:37:12.733+0000] {processor.py:840} INFO - DAG(s) 'example_dag_decorator' retrieved from /home/airflow/.local/lib/python3.11/site-packages/airflow/example_dags/example_dag_decorator.py
[2024-07-09T13:37:12.819+0000] {logging_mixin.py:188} INFO - [2024-07-09T13:37:12.819+0000] {dag.py:3047} INFO - Sync 1 DAGs
[2024-07-09T13:37:12.829+0000] {logging_mixin.py:188} INFO - [2024-07-09T13:37:12.828+0000] {dag.py:3834} INFO - Setting next_dagrun for example_dag_decorator to None, run_after=None
[2024-07-09T13:37:12.846+0000] {processor.py:183} INFO - Processing /home/airflow/.local/lib/python3.11/site-packages/airflow/example_dags/example_dag_decorator.py took 0.188 seconds
[2024-07-09T13:46:10.381+0000] {processor.py:161} INFO - Started process (PID=256) to work on /home/airflow/.local/lib/python3.11/site-packages/airflow/example_dags/example_dag_decorator.py
[2024-07-09T13:46:10.382+0000] {processor.py:830} INFO - Processing file /home/airflow/.local/lib/python3.11/site-packages/airflow/example_dags/example_dag_decorator.py for tasks to queue
[2024-07-09T13:46:10.382+0000] {logging_mixin.py:188} INFO - [2024-07-09T13:46:10.382+0000] {dagbag.py:540} INFO - Filling up the DagBag from /home/airflow/.local/lib/python3.11/site-packages/airflow/example_dags/example_dag_decorator.py
[2024-07-09T13:46:10.680+0000] {processor.py:840} INFO - DAG(s) 'example_dag_decorator' retrieved from /home/airflow/.local/lib/python3.11/site-packages/airflow/example_dags/example_dag_decorator.py
[2024-07-09T13:46:10.769+0000] {logging_mixin.py:188} INFO - [2024-07-09T13:46:10.768+0000] {override.py:1769} INFO - Created Permission View: can delete on DAG:example_dag_decorator
[2024-07-09T13:46:10.778+0000] {logging_mixin.py:188} INFO - [2024-07-09T13:46:10.778+0000] {override.py:1769} INFO - Created Permission View: can read on DAG:example_dag_decorator
[2024-07-09T13:46:10.783+0000] {logging_mixin.py:188} INFO - [2024-07-09T13:46:10.783+0000] {override.py:1769} INFO - Created Permission View: can edit on DAG:example_dag_decorator
[2024-07-09T13:46:10.783+0000] {logging_mixin.py:188} INFO - [2024-07-09T13:46:10.783+0000] {dag.py:3047} INFO - Sync 1 DAGs
[2024-07-09T13:46:10.791+0000] {logging_mixin.py:188} INFO - [2024-07-09T13:46:10.791+0000] {dag.py:3069} INFO - Creating ORM DAG for example_dag_decorator
[2024-07-09T13:46:10.792+0000] {logging_mixin.py:188} INFO - [2024-07-09T13:46:10.792+0000] {dag.py:3834} INFO - Setting next_dagrun for example_dag_decorator to None, run_after=None
[2024-07-09T13:46:10.804+0000] {processor.py:183} INFO - Processing /home/airflow/.local/lib/python3.11/site-packages/airflow/example_dags/example_dag_decorator.py took 0.425 seconds
[2024-07-09T13:46:41.057+0000] {processor.py:161} INFO - Started process (PID=526) to work on /home/airflow/.local/lib/python3.11/site-packages/airflow/example_dags/example_dag_decorator.py
[2024-07-09T13:46:41.058+0000] {processor.py:830} INFO - Processing file /home/airflow/.local/lib/python3.11/site-packages/airflow/example_dags/example_dag_decorator.py for tasks to queue
[2024-07-09T13:46:41.059+0000] {logging_mixin.py:188} INFO - [2024-07-09T13:46:41.058+0000] {dagbag.py:540} INFO - Filling up the DagBag from /home/airflow/.local/lib/python3.11/site-packages/airflow/example_dags/example_dag_decorator.py
[2024-07-09T13:46:41.124+0000] {processor.py:840} INFO - DAG(s) 'example_dag_decorator' retrieved from /home/airflow/.local/lib/python3.11/site-packages/airflow/example_dags/example_dag_decorator.py
[2024-07-09T13:46:41.150+0000] {logging_mixin.py:188} INFO - [2024-07-09T13:46:41.149+0000] {dag.py:3047} INFO - Sync 1 DAGs
[2024-07-09T13:46:41.161+0000] {logging_mixin.py:188} INFO - [2024-07-09T13:46:41.161+0000] {dag.py:3834} INFO - Setting next_dagrun for example_dag_decorator to None, run_after=None
[2024-07-09T13:46:41.177+0000] {processor.py:183} INFO - Processing /home/airflow/.local/lib/python3.11/site-packages/airflow/example_dags/example_dag_decorator.py took 0.122 seconds
[2024-07-09T13:47:11.847+0000] {processor.py:161} INFO - Started process (PID=794) to work on /home/airflow/.local/lib/python3.11/site-packages/airflow/example_dags/example_dag_decorator.py
[2024-07-09T13:47:11.848+0000] {processor.py:830} INFO - Processing file /home/airflow/.local/lib/python3.11/site-packages/airflow/example_dags/example_dag_decorator.py for tasks to queue
[2024-07-09T13:47:11.849+0000] {logging_mixin.py:188} INFO - [2024-07-09T13:47:11.849+0000] {dagbag.py:540} INFO - Filling up the DagBag from /home/airflow/.local/lib/python3.11/site-packages/airflow/example_dags/example_dag_decorator.py
[2024-07-09T13:47:11.916+0000] {processor.py:840} INFO - DAG(s) 'example_dag_decorator' retrieved from /home/airflow/.local/lib/python3.11/site-packages/airflow/example_dags/example_dag_decorator.py
[2024-07-09T13:47:12.097+0000] {logging_mixin.py:188} INFO - [2024-07-09T13:47:12.097+0000] {dag.py:3047} INFO - Sync 1 DAGs
[2024-07-09T13:47:12.105+0000] {logging_mixin.py:188} INFO - [2024-07-09T13:47:12.105+0000] {dag.py:3834} INFO - Setting next_dagrun for example_dag_decorator to None, run_after=None
[2024-07-09T13:47:12.121+0000] {processor.py:183} INFO - Processing /home/airflow/.local/lib/python3.11/site-packages/airflow/example_dags/example_dag_decorator.py took 0.277 seconds
[2024-07-09T13:47:42.919+0000] {processor.py:161} INFO - Started process (PID=1069) to work on /home/airflow/.local/lib/python3.11/site-packages/airflow/example_dags/example_dag_decorator.py
[2024-07-09T13:47:42.920+0000] {processor.py:830} INFO - Processing file /home/airflow/.local/lib/python3.11/site-packages/airflow/example_dags/example_dag_decorator.py for tasks to queue
[2024-07-09T13:47:42.921+0000] {logging_mixin.py:188} INFO - [2024-07-09T13:47:42.921+0000] {dagbag.py:540} INFO - Filling up the DagBag from /home/airflow/.local/lib/python3.11/site-packages/airflow/example_dags/example_dag_decorator.py
[2024-07-09T13:47:43.108+0000] {processor.py:840} INFO - DAG(s) 'example_dag_decorator' retrieved from /home/airflow/.local/lib/python3.11/site-packages/airflow/example_dags/example_dag_decorator.py
[2024-07-09T13:47:43.187+0000] {logging_mixin.py:188} INFO - [2024-07-09T13:47:43.187+0000] {dag.py:3047} INFO - Sync 1 DAGs
[2024-07-09T13:47:43.194+0000] {logging_mixin.py:188} INFO - [2024-07-09T13:47:43.194+0000] {dag.py:3834} INFO - Setting next_dagrun for example_dag_decorator to None, run_after=None
[2024-07-09T13:47:43.209+0000] {processor.py:183} INFO - Processing /home/airflow/.local/lib/python3.11/site-packages/airflow/example_dags/example_dag_decorator.py took 0.293 seconds
[2024-07-09T13:48:13.460+0000] {processor.py:161} INFO - Started process (PID=1341) to work on /home/airflow/.local/lib/python3.11/site-packages/airflow/example_dags/example_dag_decorator.py
[2024-07-09T13:48:13.461+0000] {processor.py:830} INFO - Processing file /home/airflow/.local/lib/python3.11/site-packages/airflow/example_dags/example_dag_decorator.py for tasks to queue
[2024-07-09T13:48:13.462+0000] {logging_mixin.py:188} INFO - [2024-07-09T13:48:13.462+0000] {dagbag.py:540} INFO - Filling up the DagBag from /home/airflow/.local/lib/python3.11/site-packages/airflow/example_dags/example_dag_decorator.py
[2024-07-09T13:48:13.534+0000] {processor.py:840} INFO - DAG(s) 'example_dag_decorator' retrieved from /home/airflow/.local/lib/python3.11/site-packages/airflow/example_dags/example_dag_decorator.py
[2024-07-09T13:48:13.630+0000] {logging_mixin.py:188} INFO - [2024-07-09T13:48:13.630+0000] {dag.py:3047} INFO - Sync 1 DAGs
[2024-07-09T13:48:13.640+0000] {logging_mixin.py:188} INFO - [2024-07-09T13:48:13.640+0000] {dag.py:3834} INFO - Setting next_dagrun for example_dag_decorator to None, run_after=None
[2024-07-09T13:48:13.660+0000] {processor.py:183} INFO - Processing /home/airflow/.local/lib/python3.11/site-packages/airflow/example_dags/example_dag_decorator.py took 0.202 seconds
[2024-07-09T13:48:43.855+0000] {processor.py:161} INFO - Started process (PID=1604) to work on /home/airflow/.local/lib/python3.11/site-packages/airflow/example_dags/example_dag_decorator.py
[2024-07-09T13:48:43.857+0000] {processor.py:830} INFO - Processing file /home/airflow/.local/lib/python3.11/site-packages/airflow/example_dags/example_dag_decorator.py for tasks to queue
[2024-07-09T13:48:43.857+0000] {logging_mixin.py:188} INFO - [2024-07-09T13:48:43.857+0000] {dagbag.py:540} INFO - Filling up the DagBag from /home/airflow/.local/lib/python3.11/site-packages/airflow/example_dags/example_dag_decorator.py
[2024-07-09T13:48:43.923+0000] {processor.py:840} INFO - DAG(s) 'example_dag_decorator' retrieved from /home/airflow/.local/lib/python3.11/site-packages/airflow/example_dags/example_dag_decorator.py
[2024-07-09T13:48:44.006+0000] {logging_mixin.py:188} INFO - [2024-07-09T13:48:44.005+0000] {dag.py:3047} INFO - Sync 1 DAGs
[2024-07-09T13:48:44.014+0000] {logging_mixin.py:188} INFO - [2024-07-09T13:48:44.014+0000] {dag.py:3834} INFO - Setting next_dagrun for example_dag_decorator to None, run_after=None
[2024-07-09T13:48:44.030+0000] {processor.py:183} INFO - Processing /home/airflow/.local/lib/python3.11/site-packages/airflow/example_dags/example_dag_decorator.py took 0.177 seconds
[2024-07-09T13:49:14.279+0000] {processor.py:161} INFO - Started process (PID=1874) to work on /home/airflow/.local/lib/python3.11/site-packages/airflow/example_dags/example_dag_decorator.py
[2024-07-09T13:49:14.281+0000] {processor.py:830} INFO - Processing file /home/airflow/.local/lib/python3.11/site-packages/airflow/example_dags/example_dag_decorator.py for tasks to queue
[2024-07-09T13:49:14.281+0000] {logging_mixin.py:188} INFO - [2024-07-09T13:49:14.281+0000] {dagbag.py:540} INFO - Filling up the DagBag from /home/airflow/.local/lib/python3.11/site-packages/airflow/example_dags/example_dag_decorator.py
[2024-07-09T13:49:14.351+0000] {processor.py:840} INFO - DAG(s) 'example_dag_decorator' retrieved from /home/airflow/.local/lib/python3.11/site-packages/airflow/example_dags/example_dag_decorator.py
[2024-07-09T13:49:14.440+0000] {logging_mixin.py:188} INFO - [2024-07-09T13:49:14.440+0000] {dag.py:3047} INFO - Sync 1 DAGs
[2024-07-09T13:49:14.450+0000] {logging_mixin.py:188} INFO - [2024-07-09T13:49:14.449+0000] {dag.py:3834} INFO - Setting next_dagrun for example_dag_decorator to None, run_after=None
[2024-07-09T13:49:14.471+0000] {processor.py:183} INFO - Processing /home/airflow/.local/lib/python3.11/site-packages/airflow/example_dags/example_dag_decorator.py took 0.195 seconds
[2024-07-09T13:49:45.233+0000] {processor.py:161} INFO - Started process (PID=2144) to work on /home/airflow/.local/lib/python3.11/site-packages/airflow/example_dags/example_dag_decorator.py
[2024-07-09T13:49:45.234+0000] {processor.py:830} INFO - Processing file /home/airflow/.local/lib/python3.11/site-packages/airflow/example_dags/example_dag_decorator.py for tasks to queue
[2024-07-09T13:49:45.235+0000] {logging_mixin.py:188} INFO - [2024-07-09T13:49:45.234+0000] {dagbag.py:540} INFO - Filling up the DagBag from /home/airflow/.local/lib/python3.11/site-packages/airflow/example_dags/example_dag_decorator.py
[2024-07-09T13:49:45.310+0000] {processor.py:840} INFO - DAG(s) 'example_dag_decorator' retrieved from /home/airflow/.local/lib/python3.11/site-packages/airflow/example_dags/example_dag_decorator.py
[2024-07-09T13:49:45.416+0000] {logging_mixin.py:188} INFO - [2024-07-09T13:49:45.415+0000] {dag.py:3047} INFO - Sync 1 DAGs
[2024-07-09T13:49:45.424+0000] {logging_mixin.py:188} INFO - [2024-07-09T13:49:45.424+0000] {dag.py:3834} INFO - Setting next_dagrun for example_dag_decorator to None, run_after=None
[2024-07-09T13:49:45.443+0000] {processor.py:183} INFO - Processing /home/airflow/.local/lib/python3.11/site-packages/airflow/example_dags/example_dag_decorator.py took 0.216 seconds
[2024-07-09T13:50:15.719+0000] {processor.py:161} INFO - Started process (PID=2401) to work on /home/airflow/.local/lib/python3.11/site-packages/airflow/example_dags/example_dag_decorator.py
[2024-07-09T13:50:15.719+0000] {processor.py:830} INFO - Processing file /home/airflow/.local/lib/python3.11/site-packages/airflow/example_dags/example_dag_decorator.py for tasks to queue
[2024-07-09T13:50:15.720+0000] {logging_mixin.py:188} INFO - [2024-07-09T13:50:15.720+0000] {dagbag.py:540} INFO - Filling up the DagBag from /home/airflow/.local/lib/python3.11/site-packages/airflow/example_dags/example_dag_decorator.py
[2024-07-09T13:50:15.785+0000] {processor.py:840} INFO - DAG(s) 'example_dag_decorator' retrieved from /home/airflow/.local/lib/python3.11/site-packages/airflow/example_dags/example_dag_decorator.py
[2024-07-09T13:50:15.866+0000] {logging_mixin.py:188} INFO - [2024-07-09T13:50:15.866+0000] {dag.py:3047} INFO - Sync 1 DAGs
[2024-07-09T13:50:15.874+0000] {logging_mixin.py:188} INFO - [2024-07-09T13:50:15.874+0000] {dag.py:3834} INFO - Setting next_dagrun for example_dag_decorator to None, run_after=None
[2024-07-09T13:50:15.891+0000] {processor.py:183} INFO - Processing /home/airflow/.local/lib/python3.11/site-packages/airflow/example_dags/example_dag_decorator.py took 0.175 seconds
[2024-07-09T13:50:46.008+0000] {processor.py:161} INFO - Started process (PID=2666) to work on /home/airflow/.local/lib/python3.11/site-packages/airflow/example_dags/example_dag_decorator.py
[2024-07-09T13:50:46.009+0000] {processor.py:830} INFO - Processing file /home/airflow/.local/lib/python3.11/site-packages/airflow/example_dags/example_dag_decorator.py for tasks to queue
[2024-07-09T13:50:46.009+0000] {logging_mixin.py:188} INFO - [2024-07-09T13:50:46.009+0000] {dagbag.py:540} INFO - Filling up the DagBag from /home/airflow/.local/lib/python3.11/site-packages/airflow/example_dags/example_dag_decorator.py
[2024-07-09T13:50:46.082+0000] {processor.py:840} INFO - DAG(s) 'example_dag_decorator' retrieved from /home/airflow/.local/lib/python3.11/site-packages/airflow/example_dags/example_dag_decorator.py
[2024-07-09T13:50:46.164+0000] {logging_mixin.py:188} INFO - [2024-07-09T13:50:46.164+0000] {dag.py:3047} INFO - Sync 1 DAGs
[2024-07-09T13:50:46.172+0000] {logging_mixin.py:188} INFO - [2024-07-09T13:50:46.172+0000] {dag.py:3834} INFO - Setting next_dagrun for example_dag_decorator to None, run_after=None
[2024-07-09T13:50:46.188+0000] {processor.py:183} INFO - Processing /home/airflow/.local/lib/python3.11/site-packages/airflow/example_dags/example_dag_decorator.py took 0.183 seconds
[2024-07-09T13:51:16.429+0000] {processor.py:161} INFO - Started process (PID=2936) to work on /home/airflow/.local/lib/python3.11/site-packages/airflow/example_dags/example_dag_decorator.py
[2024-07-09T13:51:16.430+0000] {processor.py:830} INFO - Processing file /home/airflow/.local/lib/python3.11/site-packages/airflow/example_dags/example_dag_decorator.py for tasks to queue
[2024-07-09T13:51:16.431+0000] {logging_mixin.py:188} INFO - [2024-07-09T13:51:16.430+0000] {dagbag.py:540} INFO - Filling up the DagBag from /home/airflow/.local/lib/python3.11/site-packages/airflow/example_dags/example_dag_decorator.py
[2024-07-09T13:51:16.499+0000] {processor.py:840} INFO - DAG(s) 'example_dag_decorator' retrieved from /home/airflow/.local/lib/python3.11/site-packages/airflow/example_dags/example_dag_decorator.py
[2024-07-09T13:51:16.585+0000] {logging_mixin.py:188} INFO - [2024-07-09T13:51:16.584+0000] {dag.py:3047} INFO - Sync 1 DAGs
[2024-07-09T13:51:16.594+0000] {logging_mixin.py:188} INFO - [2024-07-09T13:51:16.594+0000] {dag.py:3834} INFO - Setting next_dagrun for example_dag_decorator to None, run_after=None
[2024-07-09T13:51:16.611+0000] {processor.py:183} INFO - Processing /home/airflow/.local/lib/python3.11/site-packages/airflow/example_dags/example_dag_decorator.py took 0.185 seconds
