[2024-07-09T13:18:48.008+0000] {processor.py:161} INFO - Started process (PID=234) to work on /home/airflow/.local/lib/python3.11/site-packages/airflow/example_dags/example_branch_python_dop_operator_3.py
[2024-07-09T13:18:48.009+0000] {processor.py:830} INFO - Processing file /home/airflow/.local/lib/python3.11/site-packages/airflow/example_dags/example_branch_python_dop_operator_3.py for tasks to queue
[2024-07-09T13:18:48.010+0000] {logging_mixin.py:188} INFO - [2024-07-09T13:18:48.010+0000] {dagbag.py:540} INFO - Filling up the DagBag from /home/airflow/.local/lib/python3.11/site-packages/airflow/example_dags/example_branch_python_dop_operator_3.py
[2024-07-09T13:18:48.020+0000] {processor.py:840} INFO - DAG(s) 'example_branch_dop_operator_v3' retrieved from /home/airflow/.local/lib/python3.11/site-packages/airflow/example_dags/example_branch_python_dop_operator_3.py
[2024-07-09T13:18:48.120+0000] {logging_mixin.py:188} INFO - [2024-07-09T13:18:48.119+0000] {override.py:1769} INFO - Created Permission View: can delete on DAG:example_branch_dop_operator_v3
[2024-07-09T13:18:48.129+0000] {logging_mixin.py:188} INFO - [2024-07-09T13:18:48.128+0000] {override.py:1769} INFO - Created Permission View: can read on DAG:example_branch_dop_operator_v3
[2024-07-09T13:18:48.136+0000] {logging_mixin.py:188} INFO - [2024-07-09T13:18:48.136+0000] {override.py:1769} INFO - Created Permission View: can edit on DAG:example_branch_dop_operator_v3
[2024-07-09T13:18:48.137+0000] {logging_mixin.py:188} INFO - [2024-07-09T13:18:48.137+0000] {dag.py:3047} INFO - Sync 1 DAGs
[2024-07-09T13:18:48.147+0000] {logging_mixin.py:188} INFO - [2024-07-09T13:18:48.147+0000] {dag.py:3069} INFO - Creating ORM DAG for example_branch_dop_operator_v3
[2024-07-09T13:18:48.161+0000] {logging_mixin.py:188} INFO - [2024-07-09T13:18:48.161+0000] {dag.py:3834} INFO - Setting next_dagrun for example_branch_dop_operator_v3 to 2024-07-09 13:17:00+00:00, run_after=2024-07-09 13:18:00+00:00
[2024-07-09T13:18:48.177+0000] {processor.py:183} INFO - Processing /home/airflow/.local/lib/python3.11/site-packages/airflow/example_dags/example_branch_python_dop_operator_3.py took 0.173 seconds
[2024-07-09T13:19:18.499+0000] {processor.py:161} INFO - Started process (PID=504) to work on /home/airflow/.local/lib/python3.11/site-packages/airflow/example_dags/example_branch_python_dop_operator_3.py
[2024-07-09T13:19:18.499+0000] {processor.py:830} INFO - Processing file /home/airflow/.local/lib/python3.11/site-packages/airflow/example_dags/example_branch_python_dop_operator_3.py for tasks to queue
[2024-07-09T13:19:18.500+0000] {logging_mixin.py:188} INFO - [2024-07-09T13:19:18.500+0000] {dagbag.py:540} INFO - Filling up the DagBag from /home/airflow/.local/lib/python3.11/site-packages/airflow/example_dags/example_branch_python_dop_operator_3.py
[2024-07-09T13:19:18.507+0000] {processor.py:840} INFO - DAG(s) 'example_branch_dop_operator_v3' retrieved from /home/airflow/.local/lib/python3.11/site-packages/airflow/example_dags/example_branch_python_dop_operator_3.py
[2024-07-09T13:19:18.527+0000] {logging_mixin.py:188} INFO - [2024-07-09T13:19:18.527+0000] {dag.py:3047} INFO - Sync 1 DAGs
[2024-07-09T13:19:18.547+0000] {logging_mixin.py:188} INFO - [2024-07-09T13:19:18.547+0000] {dag.py:3834} INFO - Setting next_dagrun for example_branch_dop_operator_v3 to 2024-07-09 13:18:00+00:00, run_after=2024-07-09 13:19:00+00:00
[2024-07-09T13:19:18.563+0000] {processor.py:183} INFO - Processing /home/airflow/.local/lib/python3.11/site-packages/airflow/example_dags/example_branch_python_dop_operator_3.py took 0.067 seconds
[2024-07-09T13:19:49.393+0000] {processor.py:161} INFO - Started process (PID=774) to work on /home/airflow/.local/lib/python3.11/site-packages/airflow/example_dags/example_branch_python_dop_operator_3.py
[2024-07-09T13:19:49.394+0000] {processor.py:830} INFO - Processing file /home/airflow/.local/lib/python3.11/site-packages/airflow/example_dags/example_branch_python_dop_operator_3.py for tasks to queue
[2024-07-09T13:19:49.395+0000] {logging_mixin.py:188} INFO - [2024-07-09T13:19:49.395+0000] {dagbag.py:540} INFO - Filling up the DagBag from /home/airflow/.local/lib/python3.11/site-packages/airflow/example_dags/example_branch_python_dop_operator_3.py
[2024-07-09T13:19:49.402+0000] {processor.py:840} INFO - DAG(s) 'example_branch_dop_operator_v3' retrieved from /home/airflow/.local/lib/python3.11/site-packages/airflow/example_dags/example_branch_python_dop_operator_3.py
[2024-07-09T13:19:49.422+0000] {logging_mixin.py:188} INFO - [2024-07-09T13:19:49.422+0000] {dag.py:3047} INFO - Sync 1 DAGs
[2024-07-09T13:19:49.442+0000] {logging_mixin.py:188} INFO - [2024-07-09T13:19:49.441+0000] {dag.py:3834} INFO - Setting next_dagrun for example_branch_dop_operator_v3 to 2024-07-09 13:18:00+00:00, run_after=2024-07-09 13:19:00+00:00
[2024-07-09T13:19:49.457+0000] {processor.py:183} INFO - Processing /home/airflow/.local/lib/python3.11/site-packages/airflow/example_dags/example_branch_python_dop_operator_3.py took 0.066 seconds
[2024-07-09T13:20:20.792+0000] {processor.py:161} INFO - Started process (PID=1044) to work on /home/airflow/.local/lib/python3.11/site-packages/airflow/example_dags/example_branch_python_dop_operator_3.py
[2024-07-09T13:20:20.794+0000] {processor.py:830} INFO - Processing file /home/airflow/.local/lib/python3.11/site-packages/airflow/example_dags/example_branch_python_dop_operator_3.py for tasks to queue
[2024-07-09T13:20:20.794+0000] {logging_mixin.py:188} INFO - [2024-07-09T13:20:20.794+0000] {dagbag.py:540} INFO - Filling up the DagBag from /home/airflow/.local/lib/python3.11/site-packages/airflow/example_dags/example_branch_python_dop_operator_3.py
[2024-07-09T13:20:20.801+0000] {processor.py:840} INFO - DAG(s) 'example_branch_dop_operator_v3' retrieved from /home/airflow/.local/lib/python3.11/site-packages/airflow/example_dags/example_branch_python_dop_operator_3.py
[2024-07-09T13:20:20.823+0000] {logging_mixin.py:188} INFO - [2024-07-09T13:20:20.822+0000] {dag.py:3047} INFO - Sync 1 DAGs
[2024-07-09T13:20:20.968+0000] {logging_mixin.py:188} INFO - [2024-07-09T13:20:20.968+0000] {dag.py:3834} INFO - Setting next_dagrun for example_branch_dop_operator_v3 to 2024-07-09 13:19:00+00:00, run_after=2024-07-09 13:20:00+00:00
[2024-07-09T13:20:21.020+0000] {processor.py:183} INFO - Processing /home/airflow/.local/lib/python3.11/site-packages/airflow/example_dags/example_branch_python_dop_operator_3.py took 0.230 seconds
[2024-07-09T13:20:51.675+0000] {processor.py:161} INFO - Started process (PID=1314) to work on /home/airflow/.local/lib/python3.11/site-packages/airflow/example_dags/example_branch_python_dop_operator_3.py
[2024-07-09T13:20:51.676+0000] {processor.py:830} INFO - Processing file /home/airflow/.local/lib/python3.11/site-packages/airflow/example_dags/example_branch_python_dop_operator_3.py for tasks to queue
[2024-07-09T13:20:51.677+0000] {logging_mixin.py:188} INFO - [2024-07-09T13:20:51.676+0000] {dagbag.py:540} INFO - Filling up the DagBag from /home/airflow/.local/lib/python3.11/site-packages/airflow/example_dags/example_branch_python_dop_operator_3.py
[2024-07-09T13:20:51.684+0000] {processor.py:840} INFO - DAG(s) 'example_branch_dop_operator_v3' retrieved from /home/airflow/.local/lib/python3.11/site-packages/airflow/example_dags/example_branch_python_dop_operator_3.py
[2024-07-09T13:20:51.706+0000] {logging_mixin.py:188} INFO - [2024-07-09T13:20:51.706+0000] {dag.py:3047} INFO - Sync 1 DAGs
[2024-07-09T13:20:51.737+0000] {logging_mixin.py:188} INFO - [2024-07-09T13:20:51.736+0000] {dag.py:3834} INFO - Setting next_dagrun for example_branch_dop_operator_v3 to 2024-07-09 13:19:00+00:00, run_after=2024-07-09 13:20:00+00:00
[2024-07-09T13:20:51.765+0000] {processor.py:183} INFO - Processing /home/airflow/.local/lib/python3.11/site-packages/airflow/example_dags/example_branch_python_dop_operator_3.py took 0.093 seconds
[2024-07-09T13:21:22.674+0000] {processor.py:161} INFO - Started process (PID=1586) to work on /home/airflow/.local/lib/python3.11/site-packages/airflow/example_dags/example_branch_python_dop_operator_3.py
[2024-07-09T13:21:22.675+0000] {processor.py:830} INFO - Processing file /home/airflow/.local/lib/python3.11/site-packages/airflow/example_dags/example_branch_python_dop_operator_3.py for tasks to queue
[2024-07-09T13:21:22.676+0000] {logging_mixin.py:188} INFO - [2024-07-09T13:21:22.676+0000] {dagbag.py:540} INFO - Filling up the DagBag from /home/airflow/.local/lib/python3.11/site-packages/airflow/example_dags/example_branch_python_dop_operator_3.py
[2024-07-09T13:21:22.683+0000] {processor.py:840} INFO - DAG(s) 'example_branch_dop_operator_v3' retrieved from /home/airflow/.local/lib/python3.11/site-packages/airflow/example_dags/example_branch_python_dop_operator_3.py
[2024-07-09T13:21:22.703+0000] {logging_mixin.py:188} INFO - [2024-07-09T13:21:22.702+0000] {dag.py:3047} INFO - Sync 1 DAGs
[2024-07-09T13:21:22.722+0000] {logging_mixin.py:188} INFO - [2024-07-09T13:21:22.722+0000] {dag.py:3834} INFO - Setting next_dagrun for example_branch_dop_operator_v3 to 2024-07-09 13:20:00+00:00, run_after=2024-07-09 13:21:00+00:00
[2024-07-09T13:21:22.738+0000] {processor.py:183} INFO - Processing /home/airflow/.local/lib/python3.11/site-packages/airflow/example_dags/example_branch_python_dop_operator_3.py took 0.066 seconds
[2024-07-09T13:21:53.416+0000] {processor.py:161} INFO - Started process (PID=1854) to work on /home/airflow/.local/lib/python3.11/site-packages/airflow/example_dags/example_branch_python_dop_operator_3.py
[2024-07-09T13:21:53.418+0000] {processor.py:830} INFO - Processing file /home/airflow/.local/lib/python3.11/site-packages/airflow/example_dags/example_branch_python_dop_operator_3.py for tasks to queue
[2024-07-09T13:21:53.418+0000] {logging_mixin.py:188} INFO - [2024-07-09T13:21:53.418+0000] {dagbag.py:540} INFO - Filling up the DagBag from /home/airflow/.local/lib/python3.11/site-packages/airflow/example_dags/example_branch_python_dop_operator_3.py
[2024-07-09T13:21:53.425+0000] {processor.py:840} INFO - DAG(s) 'example_branch_dop_operator_v3' retrieved from /home/airflow/.local/lib/python3.11/site-packages/airflow/example_dags/example_branch_python_dop_operator_3.py
[2024-07-09T13:21:53.446+0000] {logging_mixin.py:188} INFO - [2024-07-09T13:21:53.445+0000] {dag.py:3047} INFO - Sync 1 DAGs
[2024-07-09T13:21:53.466+0000] {logging_mixin.py:188} INFO - [2024-07-09T13:21:53.466+0000] {dag.py:3834} INFO - Setting next_dagrun for example_branch_dop_operator_v3 to 2024-07-09 13:20:00+00:00, run_after=2024-07-09 13:21:00+00:00
[2024-07-09T13:21:53.482+0000] {processor.py:183} INFO - Processing /home/airflow/.local/lib/python3.11/site-packages/airflow/example_dags/example_branch_python_dop_operator_3.py took 0.068 seconds
[2024-07-09T13:22:24.107+0000] {processor.py:161} INFO - Started process (PID=2124) to work on /home/airflow/.local/lib/python3.11/site-packages/airflow/example_dags/example_branch_python_dop_operator_3.py
[2024-07-09T13:22:24.108+0000] {processor.py:830} INFO - Processing file /home/airflow/.local/lib/python3.11/site-packages/airflow/example_dags/example_branch_python_dop_operator_3.py for tasks to queue
[2024-07-09T13:22:24.109+0000] {logging_mixin.py:188} INFO - [2024-07-09T13:22:24.109+0000] {dagbag.py:540} INFO - Filling up the DagBag from /home/airflow/.local/lib/python3.11/site-packages/airflow/example_dags/example_branch_python_dop_operator_3.py
[2024-07-09T13:22:24.116+0000] {processor.py:840} INFO - DAG(s) 'example_branch_dop_operator_v3' retrieved from /home/airflow/.local/lib/python3.11/site-packages/airflow/example_dags/example_branch_python_dop_operator_3.py
[2024-07-09T13:22:24.138+0000] {logging_mixin.py:188} INFO - [2024-07-09T13:22:24.138+0000] {dag.py:3047} INFO - Sync 1 DAGs
[2024-07-09T13:22:24.161+0000] {logging_mixin.py:188} INFO - [2024-07-09T13:22:24.161+0000] {dag.py:3834} INFO - Setting next_dagrun for example_branch_dop_operator_v3 to 2024-07-09 13:21:00+00:00, run_after=2024-07-09 13:22:00+00:00
[2024-07-09T13:22:24.177+0000] {processor.py:183} INFO - Processing /home/airflow/.local/lib/python3.11/site-packages/airflow/example_dags/example_branch_python_dop_operator_3.py took 0.073 seconds
[2024-07-09T13:22:54.841+0000] {processor.py:161} INFO - Started process (PID=2396) to work on /home/airflow/.local/lib/python3.11/site-packages/airflow/example_dags/example_branch_python_dop_operator_3.py
[2024-07-09T13:22:54.842+0000] {processor.py:830} INFO - Processing file /home/airflow/.local/lib/python3.11/site-packages/airflow/example_dags/example_branch_python_dop_operator_3.py for tasks to queue
[2024-07-09T13:22:54.842+0000] {logging_mixin.py:188} INFO - [2024-07-09T13:22:54.842+0000] {dagbag.py:540} INFO - Filling up the DagBag from /home/airflow/.local/lib/python3.11/site-packages/airflow/example_dags/example_branch_python_dop_operator_3.py
[2024-07-09T13:22:54.849+0000] {processor.py:840} INFO - DAG(s) 'example_branch_dop_operator_v3' retrieved from /home/airflow/.local/lib/python3.11/site-packages/airflow/example_dags/example_branch_python_dop_operator_3.py
[2024-07-09T13:22:54.869+0000] {logging_mixin.py:188} INFO - [2024-07-09T13:22:54.869+0000] {dag.py:3047} INFO - Sync 1 DAGs
[2024-07-09T13:22:54.889+0000] {logging_mixin.py:188} INFO - [2024-07-09T13:22:54.889+0000] {dag.py:3834} INFO - Setting next_dagrun for example_branch_dop_operator_v3 to 2024-07-09 13:21:00+00:00, run_after=2024-07-09 13:22:00+00:00
[2024-07-09T13:22:54.905+0000] {processor.py:183} INFO - Processing /home/airflow/.local/lib/python3.11/site-packages/airflow/example_dags/example_branch_python_dop_operator_3.py took 0.067 seconds
[2024-07-09T13:23:25.618+0000] {processor.py:161} INFO - Started process (PID=2664) to work on /home/airflow/.local/lib/python3.11/site-packages/airflow/example_dags/example_branch_python_dop_operator_3.py
[2024-07-09T13:23:25.619+0000] {processor.py:830} INFO - Processing file /home/airflow/.local/lib/python3.11/site-packages/airflow/example_dags/example_branch_python_dop_operator_3.py for tasks to queue
[2024-07-09T13:23:25.619+0000] {logging_mixin.py:188} INFO - [2024-07-09T13:23:25.619+0000] {dagbag.py:540} INFO - Filling up the DagBag from /home/airflow/.local/lib/python3.11/site-packages/airflow/example_dags/example_branch_python_dop_operator_3.py
[2024-07-09T13:23:25.626+0000] {processor.py:840} INFO - DAG(s) 'example_branch_dop_operator_v3' retrieved from /home/airflow/.local/lib/python3.11/site-packages/airflow/example_dags/example_branch_python_dop_operator_3.py
[2024-07-09T13:23:25.646+0000] {logging_mixin.py:188} INFO - [2024-07-09T13:23:25.646+0000] {dag.py:3047} INFO - Sync 1 DAGs
[2024-07-09T13:23:25.666+0000] {logging_mixin.py:188} INFO - [2024-07-09T13:23:25.666+0000] {dag.py:3834} INFO - Setting next_dagrun for example_branch_dop_operator_v3 to 2024-07-09 13:22:00+00:00, run_after=2024-07-09 13:23:00+00:00
[2024-07-09T13:23:25.683+0000] {processor.py:183} INFO - Processing /home/airflow/.local/lib/python3.11/site-packages/airflow/example_dags/example_branch_python_dop_operator_3.py took 0.068 seconds
[2024-07-09T13:23:56.374+0000] {processor.py:161} INFO - Started process (PID=2936) to work on /home/airflow/.local/lib/python3.11/site-packages/airflow/example_dags/example_branch_python_dop_operator_3.py
[2024-07-09T13:23:56.375+0000] {processor.py:830} INFO - Processing file /home/airflow/.local/lib/python3.11/site-packages/airflow/example_dags/example_branch_python_dop_operator_3.py for tasks to queue
[2024-07-09T13:23:56.376+0000] {logging_mixin.py:188} INFO - [2024-07-09T13:23:56.375+0000] {dagbag.py:540} INFO - Filling up the DagBag from /home/airflow/.local/lib/python3.11/site-packages/airflow/example_dags/example_branch_python_dop_operator_3.py
[2024-07-09T13:23:56.382+0000] {processor.py:840} INFO - DAG(s) 'example_branch_dop_operator_v3' retrieved from /home/airflow/.local/lib/python3.11/site-packages/airflow/example_dags/example_branch_python_dop_operator_3.py
[2024-07-09T13:23:56.402+0000] {logging_mixin.py:188} INFO - [2024-07-09T13:23:56.402+0000] {dag.py:3047} INFO - Sync 1 DAGs
[2024-07-09T13:23:56.421+0000] {logging_mixin.py:188} INFO - [2024-07-09T13:23:56.421+0000] {dag.py:3834} INFO - Setting next_dagrun for example_branch_dop_operator_v3 to 2024-07-09 13:22:00+00:00, run_after=2024-07-09 13:23:00+00:00
[2024-07-09T13:23:56.438+0000] {processor.py:183} INFO - Processing /home/airflow/.local/lib/python3.11/site-packages/airflow/example_dags/example_branch_python_dop_operator_3.py took 0.066 seconds
[2024-07-09T13:24:27.045+0000] {processor.py:161} INFO - Started process (PID=3204) to work on /home/airflow/.local/lib/python3.11/site-packages/airflow/example_dags/example_branch_python_dop_operator_3.py
[2024-07-09T13:24:27.046+0000] {processor.py:830} INFO - Processing file /home/airflow/.local/lib/python3.11/site-packages/airflow/example_dags/example_branch_python_dop_operator_3.py for tasks to queue
[2024-07-09T13:24:27.046+0000] {logging_mixin.py:188} INFO - [2024-07-09T13:24:27.046+0000] {dagbag.py:540} INFO - Filling up the DagBag from /home/airflow/.local/lib/python3.11/site-packages/airflow/example_dags/example_branch_python_dop_operator_3.py
[2024-07-09T13:24:27.053+0000] {processor.py:840} INFO - DAG(s) 'example_branch_dop_operator_v3' retrieved from /home/airflow/.local/lib/python3.11/site-packages/airflow/example_dags/example_branch_python_dop_operator_3.py
[2024-07-09T13:24:27.073+0000] {logging_mixin.py:188} INFO - [2024-07-09T13:24:27.073+0000] {dag.py:3047} INFO - Sync 1 DAGs
[2024-07-09T13:24:27.093+0000] {logging_mixin.py:188} INFO - [2024-07-09T13:24:27.093+0000] {dag.py:3834} INFO - Setting next_dagrun for example_branch_dop_operator_v3 to 2024-07-09 13:23:00+00:00, run_after=2024-07-09 13:24:00+00:00
[2024-07-09T13:24:27.108+0000] {processor.py:183} INFO - Processing /home/airflow/.local/lib/python3.11/site-packages/airflow/example_dags/example_branch_python_dop_operator_3.py took 0.066 seconds
[2024-07-09T13:24:57.764+0000] {processor.py:161} INFO - Started process (PID=3476) to work on /home/airflow/.local/lib/python3.11/site-packages/airflow/example_dags/example_branch_python_dop_operator_3.py
[2024-07-09T13:24:57.765+0000] {processor.py:830} INFO - Processing file /home/airflow/.local/lib/python3.11/site-packages/airflow/example_dags/example_branch_python_dop_operator_3.py for tasks to queue
[2024-07-09T13:24:57.765+0000] {logging_mixin.py:188} INFO - [2024-07-09T13:24:57.765+0000] {dagbag.py:540} INFO - Filling up the DagBag from /home/airflow/.local/lib/python3.11/site-packages/airflow/example_dags/example_branch_python_dop_operator_3.py
[2024-07-09T13:24:57.772+0000] {processor.py:840} INFO - DAG(s) 'example_branch_dop_operator_v3' retrieved from /home/airflow/.local/lib/python3.11/site-packages/airflow/example_dags/example_branch_python_dop_operator_3.py
[2024-07-09T13:24:57.792+0000] {logging_mixin.py:188} INFO - [2024-07-09T13:24:57.792+0000] {dag.py:3047} INFO - Sync 1 DAGs
[2024-07-09T13:24:57.811+0000] {logging_mixin.py:188} INFO - [2024-07-09T13:24:57.811+0000] {dag.py:3834} INFO - Setting next_dagrun for example_branch_dop_operator_v3 to 2024-07-09 13:23:00+00:00, run_after=2024-07-09 13:24:00+00:00
[2024-07-09T13:24:57.826+0000] {processor.py:183} INFO - Processing /home/airflow/.local/lib/python3.11/site-packages/airflow/example_dags/example_branch_python_dop_operator_3.py took 0.064 seconds
[2024-07-09T13:26:08.925+0000] {processor.py:161} INFO - Started process (PID=235) to work on /home/airflow/.local/lib/python3.11/site-packages/airflow/example_dags/example_branch_python_dop_operator_3.py
[2024-07-09T13:26:08.926+0000] {processor.py:830} INFO - Processing file /home/airflow/.local/lib/python3.11/site-packages/airflow/example_dags/example_branch_python_dop_operator_3.py for tasks to queue
[2024-07-09T13:26:08.927+0000] {logging_mixin.py:188} INFO - [2024-07-09T13:26:08.927+0000] {dagbag.py:540} INFO - Filling up the DagBag from /home/airflow/.local/lib/python3.11/site-packages/airflow/example_dags/example_branch_python_dop_operator_3.py
[2024-07-09T13:26:08.936+0000] {processor.py:840} INFO - DAG(s) 'example_branch_dop_operator_v3' retrieved from /home/airflow/.local/lib/python3.11/site-packages/airflow/example_dags/example_branch_python_dop_operator_3.py
[2024-07-09T13:26:09.038+0000] {logging_mixin.py:188} INFO - [2024-07-09T13:26:09.037+0000] {override.py:1769} INFO - Created Permission View: can delete on DAG:example_branch_dop_operator_v3
[2024-07-09T13:26:09.047+0000] {logging_mixin.py:188} INFO - [2024-07-09T13:26:09.047+0000] {override.py:1769} INFO - Created Permission View: can read on DAG:example_branch_dop_operator_v3
[2024-07-09T13:26:09.055+0000] {logging_mixin.py:188} INFO - [2024-07-09T13:26:09.055+0000] {override.py:1769} INFO - Created Permission View: can edit on DAG:example_branch_dop_operator_v3
[2024-07-09T13:26:09.055+0000] {logging_mixin.py:188} INFO - [2024-07-09T13:26:09.055+0000] {dag.py:3047} INFO - Sync 1 DAGs
[2024-07-09T13:26:09.064+0000] {logging_mixin.py:188} INFO - [2024-07-09T13:26:09.064+0000] {dag.py:3069} INFO - Creating ORM DAG for example_branch_dop_operator_v3
[2024-07-09T13:26:09.076+0000] {logging_mixin.py:188} INFO - [2024-07-09T13:26:09.076+0000] {dag.py:3834} INFO - Setting next_dagrun for example_branch_dop_operator_v3 to 2024-07-09 13:25:00+00:00, run_after=2024-07-09 13:26:00+00:00
[2024-07-09T13:26:09.090+0000] {processor.py:183} INFO - Processing /home/airflow/.local/lib/python3.11/site-packages/airflow/example_dags/example_branch_python_dop_operator_3.py took 0.168 seconds
[2024-07-09T13:26:39.472+0000] {processor.py:161} INFO - Started process (PID=505) to work on /home/airflow/.local/lib/python3.11/site-packages/airflow/example_dags/example_branch_python_dop_operator_3.py
[2024-07-09T13:26:39.473+0000] {processor.py:830} INFO - Processing file /home/airflow/.local/lib/python3.11/site-packages/airflow/example_dags/example_branch_python_dop_operator_3.py for tasks to queue
[2024-07-09T13:26:39.474+0000] {logging_mixin.py:188} INFO - [2024-07-09T13:26:39.473+0000] {dagbag.py:540} INFO - Filling up the DagBag from /home/airflow/.local/lib/python3.11/site-packages/airflow/example_dags/example_branch_python_dop_operator_3.py
[2024-07-09T13:26:39.480+0000] {processor.py:840} INFO - DAG(s) 'example_branch_dop_operator_v3' retrieved from /home/airflow/.local/lib/python3.11/site-packages/airflow/example_dags/example_branch_python_dop_operator_3.py
[2024-07-09T13:26:39.500+0000] {logging_mixin.py:188} INFO - [2024-07-09T13:26:39.500+0000] {dag.py:3047} INFO - Sync 1 DAGs
[2024-07-09T13:26:39.521+0000] {logging_mixin.py:188} INFO - [2024-07-09T13:26:39.520+0000] {dag.py:3834} INFO - Setting next_dagrun for example_branch_dop_operator_v3 to 2024-07-09 13:25:00+00:00, run_after=2024-07-09 13:26:00+00:00
[2024-07-09T13:26:39.538+0000] {processor.py:183} INFO - Processing /home/airflow/.local/lib/python3.11/site-packages/airflow/example_dags/example_branch_python_dop_operator_3.py took 0.068 seconds
[2024-07-09T13:27:10.032+0000] {processor.py:161} INFO - Started process (PID=775) to work on /home/airflow/.local/lib/python3.11/site-packages/airflow/example_dags/example_branch_python_dop_operator_3.py
[2024-07-09T13:27:10.033+0000] {processor.py:830} INFO - Processing file /home/airflow/.local/lib/python3.11/site-packages/airflow/example_dags/example_branch_python_dop_operator_3.py for tasks to queue
[2024-07-09T13:27:10.033+0000] {logging_mixin.py:188} INFO - [2024-07-09T13:27:10.033+0000] {dagbag.py:540} INFO - Filling up the DagBag from /home/airflow/.local/lib/python3.11/site-packages/airflow/example_dags/example_branch_python_dop_operator_3.py
[2024-07-09T13:27:10.040+0000] {processor.py:840} INFO - DAG(s) 'example_branch_dop_operator_v3' retrieved from /home/airflow/.local/lib/python3.11/site-packages/airflow/example_dags/example_branch_python_dop_operator_3.py
[2024-07-09T13:27:10.060+0000] {logging_mixin.py:188} INFO - [2024-07-09T13:27:10.060+0000] {dag.py:3047} INFO - Sync 1 DAGs
[2024-07-09T13:27:10.080+0000] {logging_mixin.py:188} INFO - [2024-07-09T13:27:10.080+0000] {dag.py:3834} INFO - Setting next_dagrun for example_branch_dop_operator_v3 to 2024-07-09 13:26:00+00:00, run_after=2024-07-09 13:27:00+00:00
[2024-07-09T13:27:10.096+0000] {processor.py:183} INFO - Processing /home/airflow/.local/lib/python3.11/site-packages/airflow/example_dags/example_branch_python_dop_operator_3.py took 0.067 seconds
[2024-07-09T13:27:40.810+0000] {processor.py:161} INFO - Started process (PID=1045) to work on /home/airflow/.local/lib/python3.11/site-packages/airflow/example_dags/example_branch_python_dop_operator_3.py
[2024-07-09T13:27:40.811+0000] {processor.py:830} INFO - Processing file /home/airflow/.local/lib/python3.11/site-packages/airflow/example_dags/example_branch_python_dop_operator_3.py for tasks to queue
[2024-07-09T13:27:40.811+0000] {logging_mixin.py:188} INFO - [2024-07-09T13:27:40.811+0000] {dagbag.py:540} INFO - Filling up the DagBag from /home/airflow/.local/lib/python3.11/site-packages/airflow/example_dags/example_branch_python_dop_operator_3.py
[2024-07-09T13:27:40.818+0000] {processor.py:840} INFO - DAG(s) 'example_branch_dop_operator_v3' retrieved from /home/airflow/.local/lib/python3.11/site-packages/airflow/example_dags/example_branch_python_dop_operator_3.py
[2024-07-09T13:27:40.839+0000] {logging_mixin.py:188} INFO - [2024-07-09T13:27:40.839+0000] {dag.py:3047} INFO - Sync 1 DAGs
[2024-07-09T13:27:40.968+0000] {logging_mixin.py:188} INFO - [2024-07-09T13:27:40.968+0000] {dag.py:3834} INFO - Setting next_dagrun for example_branch_dop_operator_v3 to 2024-07-09 13:26:00+00:00, run_after=2024-07-09 13:27:00+00:00
[2024-07-09T13:27:40.983+0000] {processor.py:183} INFO - Processing /home/airflow/.local/lib/python3.11/site-packages/airflow/example_dags/example_branch_python_dop_operator_3.py took 0.176 seconds
[2024-07-09T13:28:11.688+0000] {processor.py:161} INFO - Started process (PID=1315) to work on /home/airflow/.local/lib/python3.11/site-packages/airflow/example_dags/example_branch_python_dop_operator_3.py
[2024-07-09T13:28:11.689+0000] {processor.py:830} INFO - Processing file /home/airflow/.local/lib/python3.11/site-packages/airflow/example_dags/example_branch_python_dop_operator_3.py for tasks to queue
[2024-07-09T13:28:11.689+0000] {logging_mixin.py:188} INFO - [2024-07-09T13:28:11.689+0000] {dagbag.py:540} INFO - Filling up the DagBag from /home/airflow/.local/lib/python3.11/site-packages/airflow/example_dags/example_branch_python_dop_operator_3.py
[2024-07-09T13:28:11.696+0000] {processor.py:840} INFO - DAG(s) 'example_branch_dop_operator_v3' retrieved from /home/airflow/.local/lib/python3.11/site-packages/airflow/example_dags/example_branch_python_dop_operator_3.py
[2024-07-09T13:28:11.717+0000] {logging_mixin.py:188} INFO - [2024-07-09T13:28:11.717+0000] {dag.py:3047} INFO - Sync 1 DAGs
[2024-07-09T13:28:11.739+0000] {logging_mixin.py:188} INFO - [2024-07-09T13:28:11.739+0000] {dag.py:3834} INFO - Setting next_dagrun for example_branch_dop_operator_v3 to 2024-07-09 13:27:00+00:00, run_after=2024-07-09 13:28:00+00:00
[2024-07-09T13:28:11.758+0000] {processor.py:183} INFO - Processing /home/airflow/.local/lib/python3.11/site-packages/airflow/example_dags/example_branch_python_dop_operator_3.py took 0.073 seconds
[2024-07-09T13:28:42.087+0000] {processor.py:161} INFO - Started process (PID=1573) to work on /home/airflow/.local/lib/python3.11/site-packages/airflow/example_dags/example_branch_python_dop_operator_3.py
[2024-07-09T13:28:42.088+0000] {processor.py:830} INFO - Processing file /home/airflow/.local/lib/python3.11/site-packages/airflow/example_dags/example_branch_python_dop_operator_3.py for tasks to queue
[2024-07-09T13:28:42.089+0000] {logging_mixin.py:188} INFO - [2024-07-09T13:28:42.089+0000] {dagbag.py:540} INFO - Filling up the DagBag from /home/airflow/.local/lib/python3.11/site-packages/airflow/example_dags/example_branch_python_dop_operator_3.py
[2024-07-09T13:28:42.096+0000] {processor.py:840} INFO - DAG(s) 'example_branch_dop_operator_v3' retrieved from /home/airflow/.local/lib/python3.11/site-packages/airflow/example_dags/example_branch_python_dop_operator_3.py
[2024-07-09T13:28:42.115+0000] {logging_mixin.py:188} INFO - [2024-07-09T13:28:42.115+0000] {dag.py:3047} INFO - Sync 1 DAGs
[2024-07-09T13:28:42.135+0000] {logging_mixin.py:188} INFO - [2024-07-09T13:28:42.135+0000] {dag.py:3834} INFO - Setting next_dagrun for example_branch_dop_operator_v3 to 2024-07-09 13:27:00+00:00, run_after=2024-07-09 13:28:00+00:00
[2024-07-09T13:28:42.152+0000] {processor.py:183} INFO - Processing /home/airflow/.local/lib/python3.11/site-packages/airflow/example_dags/example_branch_python_dop_operator_3.py took 0.068 seconds
[2024-07-09T13:29:12.360+0000] {processor.py:161} INFO - Started process (PID=1837) to work on /home/airflow/.local/lib/python3.11/site-packages/airflow/example_dags/example_branch_python_dop_operator_3.py
[2024-07-09T13:29:12.361+0000] {processor.py:830} INFO - Processing file /home/airflow/.local/lib/python3.11/site-packages/airflow/example_dags/example_branch_python_dop_operator_3.py for tasks to queue
[2024-07-09T13:29:12.361+0000] {logging_mixin.py:188} INFO - [2024-07-09T13:29:12.361+0000] {dagbag.py:540} INFO - Filling up the DagBag from /home/airflow/.local/lib/python3.11/site-packages/airflow/example_dags/example_branch_python_dop_operator_3.py
[2024-07-09T13:29:12.368+0000] {processor.py:840} INFO - DAG(s) 'example_branch_dop_operator_v3' retrieved from /home/airflow/.local/lib/python3.11/site-packages/airflow/example_dags/example_branch_python_dop_operator_3.py
[2024-07-09T13:29:12.388+0000] {logging_mixin.py:188} INFO - [2024-07-09T13:29:12.388+0000] {dag.py:3047} INFO - Sync 1 DAGs
[2024-07-09T13:29:12.409+0000] {logging_mixin.py:188} INFO - [2024-07-09T13:29:12.408+0000] {dag.py:3834} INFO - Setting next_dagrun for example_branch_dop_operator_v3 to 2024-07-09 13:28:00+00:00, run_after=2024-07-09 13:29:00+00:00
[2024-07-09T13:29:12.424+0000] {processor.py:183} INFO - Processing /home/airflow/.local/lib/python3.11/site-packages/airflow/example_dags/example_branch_python_dop_operator_3.py took 0.067 seconds
[2024-07-09T13:29:42.735+0000] {processor.py:161} INFO - Started process (PID=2107) to work on /home/airflow/.local/lib/python3.11/site-packages/airflow/example_dags/example_branch_python_dop_operator_3.py
[2024-07-09T13:29:42.736+0000] {processor.py:830} INFO - Processing file /home/airflow/.local/lib/python3.11/site-packages/airflow/example_dags/example_branch_python_dop_operator_3.py for tasks to queue
[2024-07-09T13:29:42.736+0000] {logging_mixin.py:188} INFO - [2024-07-09T13:29:42.736+0000] {dagbag.py:540} INFO - Filling up the DagBag from /home/airflow/.local/lib/python3.11/site-packages/airflow/example_dags/example_branch_python_dop_operator_3.py
[2024-07-09T13:29:42.743+0000] {processor.py:840} INFO - DAG(s) 'example_branch_dop_operator_v3' retrieved from /home/airflow/.local/lib/python3.11/site-packages/airflow/example_dags/example_branch_python_dop_operator_3.py
[2024-07-09T13:29:42.763+0000] {logging_mixin.py:188} INFO - [2024-07-09T13:29:42.763+0000] {dag.py:3047} INFO - Sync 1 DAGs
[2024-07-09T13:29:42.783+0000] {logging_mixin.py:188} INFO - [2024-07-09T13:29:42.783+0000] {dag.py:3834} INFO - Setting next_dagrun for example_branch_dop_operator_v3 to 2024-07-09 13:28:00+00:00, run_after=2024-07-09 13:29:00+00:00
[2024-07-09T13:29:42.798+0000] {processor.py:183} INFO - Processing /home/airflow/.local/lib/python3.11/site-packages/airflow/example_dags/example_branch_python_dop_operator_3.py took 0.066 seconds
[2024-07-09T13:31:37.214+0000] {processor.py:161} INFO - Started process (PID=234) to work on /home/airflow/.local/lib/python3.11/site-packages/airflow/example_dags/example_branch_python_dop_operator_3.py
[2024-07-09T13:31:37.215+0000] {processor.py:830} INFO - Processing file /home/airflow/.local/lib/python3.11/site-packages/airflow/example_dags/example_branch_python_dop_operator_3.py for tasks to queue
[2024-07-09T13:31:37.217+0000] {logging_mixin.py:188} INFO - [2024-07-09T13:31:37.216+0000] {dagbag.py:540} INFO - Filling up the DagBag from /home/airflow/.local/lib/python3.11/site-packages/airflow/example_dags/example_branch_python_dop_operator_3.py
[2024-07-09T13:31:37.228+0000] {processor.py:840} INFO - DAG(s) 'example_branch_dop_operator_v3' retrieved from /home/airflow/.local/lib/python3.11/site-packages/airflow/example_dags/example_branch_python_dop_operator_3.py
[2024-07-09T13:31:37.341+0000] {logging_mixin.py:188} INFO - [2024-07-09T13:31:37.340+0000] {override.py:1769} INFO - Created Permission View: can edit on DAG:example_branch_dop_operator_v3
[2024-07-09T13:31:37.352+0000] {logging_mixin.py:188} INFO - [2024-07-09T13:31:37.352+0000] {override.py:1769} INFO - Created Permission View: can delete on DAG:example_branch_dop_operator_v3
[2024-07-09T13:31:37.358+0000] {logging_mixin.py:188} INFO - [2024-07-09T13:31:37.358+0000] {override.py:1769} INFO - Created Permission View: can read on DAG:example_branch_dop_operator_v3
[2024-07-09T13:31:37.359+0000] {logging_mixin.py:188} INFO - [2024-07-09T13:31:37.358+0000] {dag.py:3047} INFO - Sync 1 DAGs
[2024-07-09T13:31:37.369+0000] {logging_mixin.py:188} INFO - [2024-07-09T13:31:37.368+0000] {dag.py:3069} INFO - Creating ORM DAG for example_branch_dop_operator_v3
[2024-07-09T13:31:37.382+0000] {logging_mixin.py:188} INFO - [2024-07-09T13:31:37.382+0000] {dag.py:3834} INFO - Setting next_dagrun for example_branch_dop_operator_v3 to 2024-07-09 13:30:00+00:00, run_after=2024-07-09 13:31:00+00:00
[2024-07-09T13:31:37.398+0000] {processor.py:183} INFO - Processing /home/airflow/.local/lib/python3.11/site-packages/airflow/example_dags/example_branch_python_dop_operator_3.py took 0.188 seconds
[2024-07-09T13:32:08.147+0000] {processor.py:161} INFO - Started process (PID=504) to work on /home/airflow/.local/lib/python3.11/site-packages/airflow/example_dags/example_branch_python_dop_operator_3.py
[2024-07-09T13:32:08.148+0000] {processor.py:830} INFO - Processing file /home/airflow/.local/lib/python3.11/site-packages/airflow/example_dags/example_branch_python_dop_operator_3.py for tasks to queue
[2024-07-09T13:32:08.148+0000] {logging_mixin.py:188} INFO - [2024-07-09T13:32:08.148+0000] {dagbag.py:540} INFO - Filling up the DagBag from /home/airflow/.local/lib/python3.11/site-packages/airflow/example_dags/example_branch_python_dop_operator_3.py
[2024-07-09T13:32:08.155+0000] {processor.py:840} INFO - DAG(s) 'example_branch_dop_operator_v3' retrieved from /home/airflow/.local/lib/python3.11/site-packages/airflow/example_dags/example_branch_python_dop_operator_3.py
[2024-07-09T13:32:08.175+0000] {logging_mixin.py:188} INFO - [2024-07-09T13:32:08.175+0000] {dag.py:3047} INFO - Sync 1 DAGs
[2024-07-09T13:32:08.195+0000] {logging_mixin.py:188} INFO - [2024-07-09T13:32:08.195+0000] {dag.py:3834} INFO - Setting next_dagrun for example_branch_dop_operator_v3 to 2024-07-09 13:31:00+00:00, run_after=2024-07-09 13:32:00+00:00
[2024-07-09T13:32:08.212+0000] {processor.py:183} INFO - Processing /home/airflow/.local/lib/python3.11/site-packages/airflow/example_dags/example_branch_python_dop_operator_3.py took 0.067 seconds
[2024-07-09T13:32:38.396+0000] {processor.py:161} INFO - Started process (PID=774) to work on /home/airflow/.local/lib/python3.11/site-packages/airflow/example_dags/example_branch_python_dop_operator_3.py
[2024-07-09T13:32:38.397+0000] {processor.py:830} INFO - Processing file /home/airflow/.local/lib/python3.11/site-packages/airflow/example_dags/example_branch_python_dop_operator_3.py for tasks to queue
[2024-07-09T13:32:38.397+0000] {logging_mixin.py:188} INFO - [2024-07-09T13:32:38.397+0000] {dagbag.py:540} INFO - Filling up the DagBag from /home/airflow/.local/lib/python3.11/site-packages/airflow/example_dags/example_branch_python_dop_operator_3.py
[2024-07-09T13:32:38.404+0000] {processor.py:840} INFO - DAG(s) 'example_branch_dop_operator_v3' retrieved from /home/airflow/.local/lib/python3.11/site-packages/airflow/example_dags/example_branch_python_dop_operator_3.py
[2024-07-09T13:32:38.425+0000] {logging_mixin.py:188} INFO - [2024-07-09T13:32:38.425+0000] {dag.py:3047} INFO - Sync 1 DAGs
[2024-07-09T13:32:38.446+0000] {logging_mixin.py:188} INFO - [2024-07-09T13:32:38.446+0000] {dag.py:3834} INFO - Setting next_dagrun for example_branch_dop_operator_v3 to 2024-07-09 13:31:00+00:00, run_after=2024-07-09 13:32:00+00:00
[2024-07-09T13:32:38.463+0000] {processor.py:183} INFO - Processing /home/airflow/.local/lib/python3.11/site-packages/airflow/example_dags/example_branch_python_dop_operator_3.py took 0.070 seconds
[2024-07-09T13:33:08.939+0000] {processor.py:161} INFO - Started process (PID=1044) to work on /home/airflow/.local/lib/python3.11/site-packages/airflow/example_dags/example_branch_python_dop_operator_3.py
[2024-07-09T13:33:08.940+0000] {processor.py:830} INFO - Processing file /home/airflow/.local/lib/python3.11/site-packages/airflow/example_dags/example_branch_python_dop_operator_3.py for tasks to queue
[2024-07-09T13:33:08.941+0000] {logging_mixin.py:188} INFO - [2024-07-09T13:33:08.940+0000] {dagbag.py:540} INFO - Filling up the DagBag from /home/airflow/.local/lib/python3.11/site-packages/airflow/example_dags/example_branch_python_dop_operator_3.py
[2024-07-09T13:33:08.947+0000] {processor.py:840} INFO - DAG(s) 'example_branch_dop_operator_v3' retrieved from /home/airflow/.local/lib/python3.11/site-packages/airflow/example_dags/example_branch_python_dop_operator_3.py
[2024-07-09T13:33:08.969+0000] {logging_mixin.py:188} INFO - [2024-07-09T13:33:08.969+0000] {dag.py:3047} INFO - Sync 1 DAGs
[2024-07-09T13:33:09.098+0000] {logging_mixin.py:188} INFO - [2024-07-09T13:33:09.098+0000] {dag.py:3834} INFO - Setting next_dagrun for example_branch_dop_operator_v3 to 2024-07-09 13:32:00+00:00, run_after=2024-07-09 13:33:00+00:00
[2024-07-09T13:33:09.115+0000] {processor.py:183} INFO - Processing /home/airflow/.local/lib/python3.11/site-packages/airflow/example_dags/example_branch_python_dop_operator_3.py took 0.178 seconds
[2024-07-09T13:33:39.149+0000] {processor.py:161} INFO - Started process (PID=1314) to work on /home/airflow/.local/lib/python3.11/site-packages/airflow/example_dags/example_branch_python_dop_operator_3.py
[2024-07-09T13:33:39.150+0000] {processor.py:830} INFO - Processing file /home/airflow/.local/lib/python3.11/site-packages/airflow/example_dags/example_branch_python_dop_operator_3.py for tasks to queue
[2024-07-09T13:33:39.150+0000] {logging_mixin.py:188} INFO - [2024-07-09T13:33:39.150+0000] {dagbag.py:540} INFO - Filling up the DagBag from /home/airflow/.local/lib/python3.11/site-packages/airflow/example_dags/example_branch_python_dop_operator_3.py
[2024-07-09T13:33:39.157+0000] {processor.py:840} INFO - DAG(s) 'example_branch_dop_operator_v3' retrieved from /home/airflow/.local/lib/python3.11/site-packages/airflow/example_dags/example_branch_python_dop_operator_3.py
[2024-07-09T13:33:39.178+0000] {logging_mixin.py:188} INFO - [2024-07-09T13:33:39.178+0000] {dag.py:3047} INFO - Sync 1 DAGs
[2024-07-09T13:33:39.198+0000] {logging_mixin.py:188} INFO - [2024-07-09T13:33:39.198+0000] {dag.py:3834} INFO - Setting next_dagrun for example_branch_dop_operator_v3 to 2024-07-09 13:32:00+00:00, run_after=2024-07-09 13:33:00+00:00
[2024-07-09T13:33:39.215+0000] {processor.py:183} INFO - Processing /home/airflow/.local/lib/python3.11/site-packages/airflow/example_dags/example_branch_python_dop_operator_3.py took 0.069 seconds
[2024-07-09T13:34:09.523+0000] {processor.py:161} INFO - Started process (PID=1584) to work on /home/airflow/.local/lib/python3.11/site-packages/airflow/example_dags/example_branch_python_dop_operator_3.py
[2024-07-09T13:34:09.525+0000] {processor.py:830} INFO - Processing file /home/airflow/.local/lib/python3.11/site-packages/airflow/example_dags/example_branch_python_dop_operator_3.py for tasks to queue
[2024-07-09T13:34:09.525+0000] {logging_mixin.py:188} INFO - [2024-07-09T13:34:09.525+0000] {dagbag.py:540} INFO - Filling up the DagBag from /home/airflow/.local/lib/python3.11/site-packages/airflow/example_dags/example_branch_python_dop_operator_3.py
[2024-07-09T13:34:09.533+0000] {processor.py:840} INFO - DAG(s) 'example_branch_dop_operator_v3' retrieved from /home/airflow/.local/lib/python3.11/site-packages/airflow/example_dags/example_branch_python_dop_operator_3.py
[2024-07-09T13:34:09.555+0000] {logging_mixin.py:188} INFO - [2024-07-09T13:34:09.554+0000] {dag.py:3047} INFO - Sync 1 DAGs
[2024-07-09T13:34:09.577+0000] {logging_mixin.py:188} INFO - [2024-07-09T13:34:09.577+0000] {dag.py:3834} INFO - Setting next_dagrun for example_branch_dop_operator_v3 to 2024-07-09 13:33:00+00:00, run_after=2024-07-09 13:34:00+00:00
[2024-07-09T13:34:09.595+0000] {processor.py:183} INFO - Processing /home/airflow/.local/lib/python3.11/site-packages/airflow/example_dags/example_branch_python_dop_operator_3.py took 0.074 seconds
[2024-07-09T13:34:39.734+0000] {processor.py:161} INFO - Started process (PID=1841) to work on /home/airflow/.local/lib/python3.11/site-packages/airflow/example_dags/example_branch_python_dop_operator_3.py
[2024-07-09T13:34:39.735+0000] {processor.py:830} INFO - Processing file /home/airflow/.local/lib/python3.11/site-packages/airflow/example_dags/example_branch_python_dop_operator_3.py for tasks to queue
[2024-07-09T13:34:39.736+0000] {logging_mixin.py:188} INFO - [2024-07-09T13:34:39.735+0000] {dagbag.py:540} INFO - Filling up the DagBag from /home/airflow/.local/lib/python3.11/site-packages/airflow/example_dags/example_branch_python_dop_operator_3.py
[2024-07-09T13:34:39.742+0000] {processor.py:840} INFO - DAG(s) 'example_branch_dop_operator_v3' retrieved from /home/airflow/.local/lib/python3.11/site-packages/airflow/example_dags/example_branch_python_dop_operator_3.py
[2024-07-09T13:34:39.763+0000] {logging_mixin.py:188} INFO - [2024-07-09T13:34:39.763+0000] {dag.py:3047} INFO - Sync 1 DAGs
[2024-07-09T13:34:39.783+0000] {logging_mixin.py:188} INFO - [2024-07-09T13:34:39.783+0000] {dag.py:3834} INFO - Setting next_dagrun for example_branch_dop_operator_v3 to 2024-07-09 13:33:00+00:00, run_after=2024-07-09 13:34:00+00:00
[2024-07-09T13:34:39.799+0000] {processor.py:183} INFO - Processing /home/airflow/.local/lib/python3.11/site-packages/airflow/example_dags/example_branch_python_dop_operator_3.py took 0.068 seconds
[2024-07-09T13:35:09.915+0000] {processor.py:161} INFO - Started process (PID=2108) to work on /home/airflow/.local/lib/python3.11/site-packages/airflow/example_dags/example_branch_python_dop_operator_3.py
[2024-07-09T13:35:09.916+0000] {processor.py:830} INFO - Processing file /home/airflow/.local/lib/python3.11/site-packages/airflow/example_dags/example_branch_python_dop_operator_3.py for tasks to queue
[2024-07-09T13:35:09.917+0000] {logging_mixin.py:188} INFO - [2024-07-09T13:35:09.916+0000] {dagbag.py:540} INFO - Filling up the DagBag from /home/airflow/.local/lib/python3.11/site-packages/airflow/example_dags/example_branch_python_dop_operator_3.py
[2024-07-09T13:35:09.923+0000] {processor.py:840} INFO - DAG(s) 'example_branch_dop_operator_v3' retrieved from /home/airflow/.local/lib/python3.11/site-packages/airflow/example_dags/example_branch_python_dop_operator_3.py
[2024-07-09T13:35:09.943+0000] {logging_mixin.py:188} INFO - [2024-07-09T13:35:09.943+0000] {dag.py:3047} INFO - Sync 1 DAGs
[2024-07-09T13:35:09.962+0000] {logging_mixin.py:188} INFO - [2024-07-09T13:35:09.962+0000] {dag.py:3834} INFO - Setting next_dagrun for example_branch_dop_operator_v3 to 2024-07-09 13:34:00+00:00, run_after=2024-07-09 13:35:00+00:00
[2024-07-09T13:35:09.978+0000] {processor.py:183} INFO - Processing /home/airflow/.local/lib/python3.11/site-packages/airflow/example_dags/example_branch_python_dop_operator_3.py took 0.065 seconds
[2024-07-09T13:35:40.233+0000] {processor.py:161} INFO - Started process (PID=2376) to work on /home/airflow/.local/lib/python3.11/site-packages/airflow/example_dags/example_branch_python_dop_operator_3.py
[2024-07-09T13:35:40.234+0000] {processor.py:830} INFO - Processing file /home/airflow/.local/lib/python3.11/site-packages/airflow/example_dags/example_branch_python_dop_operator_3.py for tasks to queue
[2024-07-09T13:35:40.235+0000] {logging_mixin.py:188} INFO - [2024-07-09T13:35:40.235+0000] {dagbag.py:540} INFO - Filling up the DagBag from /home/airflow/.local/lib/python3.11/site-packages/airflow/example_dags/example_branch_python_dop_operator_3.py
[2024-07-09T13:35:40.242+0000] {processor.py:840} INFO - DAG(s) 'example_branch_dop_operator_v3' retrieved from /home/airflow/.local/lib/python3.11/site-packages/airflow/example_dags/example_branch_python_dop_operator_3.py
[2024-07-09T13:35:40.262+0000] {logging_mixin.py:188} INFO - [2024-07-09T13:35:40.262+0000] {dag.py:3047} INFO - Sync 1 DAGs
[2024-07-09T13:35:40.282+0000] {logging_mixin.py:188} INFO - [2024-07-09T13:35:40.282+0000] {dag.py:3834} INFO - Setting next_dagrun for example_branch_dop_operator_v3 to 2024-07-09 13:34:00+00:00, run_after=2024-07-09 13:35:00+00:00
[2024-07-09T13:35:40.298+0000] {processor.py:183} INFO - Processing /home/airflow/.local/lib/python3.11/site-packages/airflow/example_dags/example_branch_python_dop_operator_3.py took 0.068 seconds
[2024-07-09T13:36:10.645+0000] {processor.py:161} INFO - Started process (PID=2646) to work on /home/airflow/.local/lib/python3.11/site-packages/airflow/example_dags/example_branch_python_dop_operator_3.py
[2024-07-09T13:36:10.646+0000] {processor.py:830} INFO - Processing file /home/airflow/.local/lib/python3.11/site-packages/airflow/example_dags/example_branch_python_dop_operator_3.py for tasks to queue
[2024-07-09T13:36:10.647+0000] {logging_mixin.py:188} INFO - [2024-07-09T13:36:10.647+0000] {dagbag.py:540} INFO - Filling up the DagBag from /home/airflow/.local/lib/python3.11/site-packages/airflow/example_dags/example_branch_python_dop_operator_3.py
[2024-07-09T13:36:10.654+0000] {processor.py:840} INFO - DAG(s) 'example_branch_dop_operator_v3' retrieved from /home/airflow/.local/lib/python3.11/site-packages/airflow/example_dags/example_branch_python_dop_operator_3.py
[2024-07-09T13:36:10.677+0000] {logging_mixin.py:188} INFO - [2024-07-09T13:36:10.676+0000] {dag.py:3047} INFO - Sync 1 DAGs
[2024-07-09T13:36:10.699+0000] {logging_mixin.py:188} INFO - [2024-07-09T13:36:10.699+0000] {dag.py:3834} INFO - Setting next_dagrun for example_branch_dop_operator_v3 to 2024-07-09 13:35:00+00:00, run_after=2024-07-09 13:36:00+00:00
[2024-07-09T13:36:10.716+0000] {processor.py:183} INFO - Processing /home/airflow/.local/lib/python3.11/site-packages/airflow/example_dags/example_branch_python_dop_operator_3.py took 0.073 seconds
[2024-07-09T13:36:41.018+0000] {processor.py:161} INFO - Started process (PID=2916) to work on /home/airflow/.local/lib/python3.11/site-packages/airflow/example_dags/example_branch_python_dop_operator_3.py
[2024-07-09T13:36:41.019+0000] {processor.py:830} INFO - Processing file /home/airflow/.local/lib/python3.11/site-packages/airflow/example_dags/example_branch_python_dop_operator_3.py for tasks to queue
[2024-07-09T13:36:41.020+0000] {logging_mixin.py:188} INFO - [2024-07-09T13:36:41.019+0000] {dagbag.py:540} INFO - Filling up the DagBag from /home/airflow/.local/lib/python3.11/site-packages/airflow/example_dags/example_branch_python_dop_operator_3.py
[2024-07-09T13:36:41.026+0000] {processor.py:840} INFO - DAG(s) 'example_branch_dop_operator_v3' retrieved from /home/airflow/.local/lib/python3.11/site-packages/airflow/example_dags/example_branch_python_dop_operator_3.py
[2024-07-09T13:36:41.046+0000] {logging_mixin.py:188} INFO - [2024-07-09T13:36:41.046+0000] {dag.py:3047} INFO - Sync 1 DAGs
[2024-07-09T13:36:41.066+0000] {logging_mixin.py:188} INFO - [2024-07-09T13:36:41.066+0000] {dag.py:3834} INFO - Setting next_dagrun for example_branch_dop_operator_v3 to 2024-07-09 13:35:00+00:00, run_after=2024-07-09 13:36:00+00:00
[2024-07-09T13:36:41.080+0000] {processor.py:183} INFO - Processing /home/airflow/.local/lib/python3.11/site-packages/airflow/example_dags/example_branch_python_dop_operator_3.py took 0.065 seconds
[2024-07-09T13:37:11.475+0000] {processor.py:161} INFO - Started process (PID=3186) to work on /home/airflow/.local/lib/python3.11/site-packages/airflow/example_dags/example_branch_python_dop_operator_3.py
[2024-07-09T13:37:11.476+0000] {processor.py:830} INFO - Processing file /home/airflow/.local/lib/python3.11/site-packages/airflow/example_dags/example_branch_python_dop_operator_3.py for tasks to queue
[2024-07-09T13:37:11.476+0000] {logging_mixin.py:188} INFO - [2024-07-09T13:37:11.476+0000] {dagbag.py:540} INFO - Filling up the DagBag from /home/airflow/.local/lib/python3.11/site-packages/airflow/example_dags/example_branch_python_dop_operator_3.py
[2024-07-09T13:37:11.485+0000] {processor.py:840} INFO - DAG(s) 'example_branch_dop_operator_v3' retrieved from /home/airflow/.local/lib/python3.11/site-packages/airflow/example_dags/example_branch_python_dop_operator_3.py
[2024-07-09T13:37:11.509+0000] {logging_mixin.py:188} INFO - [2024-07-09T13:37:11.509+0000] {dag.py:3047} INFO - Sync 1 DAGs
[2024-07-09T13:37:11.532+0000] {logging_mixin.py:188} INFO - [2024-07-09T13:37:11.532+0000] {dag.py:3834} INFO - Setting next_dagrun for example_branch_dop_operator_v3 to 2024-07-09 13:36:00+00:00, run_after=2024-07-09 13:37:00+00:00
[2024-07-09T13:37:11.554+0000] {processor.py:183} INFO - Processing /home/airflow/.local/lib/python3.11/site-packages/airflow/example_dags/example_branch_python_dop_operator_3.py took 0.082 seconds
[2024-07-09T13:46:10.045+0000] {processor.py:161} INFO - Started process (PID=234) to work on /home/airflow/.local/lib/python3.11/site-packages/airflow/example_dags/example_branch_python_dop_operator_3.py
[2024-07-09T13:46:10.046+0000] {processor.py:830} INFO - Processing file /home/airflow/.local/lib/python3.11/site-packages/airflow/example_dags/example_branch_python_dop_operator_3.py for tasks to queue
[2024-07-09T13:46:10.047+0000] {logging_mixin.py:188} INFO - [2024-07-09T13:46:10.046+0000] {dagbag.py:540} INFO - Filling up the DagBag from /home/airflow/.local/lib/python3.11/site-packages/airflow/example_dags/example_branch_python_dop_operator_3.py
[2024-07-09T13:46:10.056+0000] {processor.py:840} INFO - DAG(s) 'example_branch_dop_operator_v3' retrieved from /home/airflow/.local/lib/python3.11/site-packages/airflow/example_dags/example_branch_python_dop_operator_3.py
[2024-07-09T13:46:10.150+0000] {logging_mixin.py:188} INFO - [2024-07-09T13:46:10.150+0000] {override.py:1769} INFO - Created Permission View: can delete on DAG:example_branch_dop_operator_v3
[2024-07-09T13:46:10.160+0000] {logging_mixin.py:188} INFO - [2024-07-09T13:46:10.160+0000] {override.py:1769} INFO - Created Permission View: can read on DAG:example_branch_dop_operator_v3
[2024-07-09T13:46:10.165+0000] {logging_mixin.py:188} INFO - [2024-07-09T13:46:10.165+0000] {override.py:1769} INFO - Created Permission View: can edit on DAG:example_branch_dop_operator_v3
[2024-07-09T13:46:10.165+0000] {logging_mixin.py:188} INFO - [2024-07-09T13:46:10.165+0000] {dag.py:3047} INFO - Sync 1 DAGs
[2024-07-09T13:46:10.174+0000] {logging_mixin.py:188} INFO - [2024-07-09T13:46:10.174+0000] {dag.py:3069} INFO - Creating ORM DAG for example_branch_dop_operator_v3
[2024-07-09T13:46:10.185+0000] {logging_mixin.py:188} INFO - [2024-07-09T13:46:10.184+0000] {dag.py:3834} INFO - Setting next_dagrun for example_branch_dop_operator_v3 to 2024-07-09 13:45:00+00:00, run_after=2024-07-09 13:46:00+00:00
[2024-07-09T13:46:10.198+0000] {processor.py:183} INFO - Processing /home/airflow/.local/lib/python3.11/site-packages/airflow/example_dags/example_branch_python_dop_operator_3.py took 0.156 seconds
[2024-07-09T13:46:40.867+0000] {processor.py:161} INFO - Started process (PID=506) to work on /home/airflow/.local/lib/python3.11/site-packages/airflow/example_dags/example_branch_python_dop_operator_3.py
[2024-07-09T13:46:40.868+0000] {processor.py:830} INFO - Processing file /home/airflow/.local/lib/python3.11/site-packages/airflow/example_dags/example_branch_python_dop_operator_3.py for tasks to queue
[2024-07-09T13:46:40.869+0000] {logging_mixin.py:188} INFO - [2024-07-09T13:46:40.869+0000] {dagbag.py:540} INFO - Filling up the DagBag from /home/airflow/.local/lib/python3.11/site-packages/airflow/example_dags/example_branch_python_dop_operator_3.py
[2024-07-09T13:46:40.876+0000] {processor.py:840} INFO - DAG(s) 'example_branch_dop_operator_v3' retrieved from /home/airflow/.local/lib/python3.11/site-packages/airflow/example_dags/example_branch_python_dop_operator_3.py
[2024-07-09T13:46:40.896+0000] {logging_mixin.py:188} INFO - [2024-07-09T13:46:40.896+0000] {dag.py:3047} INFO - Sync 1 DAGs
[2024-07-09T13:46:40.916+0000] {logging_mixin.py:188} INFO - [2024-07-09T13:46:40.916+0000] {dag.py:3834} INFO - Setting next_dagrun for example_branch_dop_operator_v3 to 2024-07-09 13:45:00+00:00, run_after=2024-07-09 13:46:00+00:00
[2024-07-09T13:46:40.931+0000] {processor.py:183} INFO - Processing /home/airflow/.local/lib/python3.11/site-packages/airflow/example_dags/example_branch_python_dop_operator_3.py took 0.066 seconds
[2024-07-09T13:47:11.692+0000] {processor.py:161} INFO - Started process (PID=776) to work on /home/airflow/.local/lib/python3.11/site-packages/airflow/example_dags/example_branch_python_dop_operator_3.py
[2024-07-09T13:47:11.693+0000] {processor.py:830} INFO - Processing file /home/airflow/.local/lib/python3.11/site-packages/airflow/example_dags/example_branch_python_dop_operator_3.py for tasks to queue
[2024-07-09T13:47:11.694+0000] {logging_mixin.py:188} INFO - [2024-07-09T13:47:11.693+0000] {dagbag.py:540} INFO - Filling up the DagBag from /home/airflow/.local/lib/python3.11/site-packages/airflow/example_dags/example_branch_python_dop_operator_3.py
[2024-07-09T13:47:11.700+0000] {processor.py:840} INFO - DAG(s) 'example_branch_dop_operator_v3' retrieved from /home/airflow/.local/lib/python3.11/site-packages/airflow/example_dags/example_branch_python_dop_operator_3.py
[2024-07-09T13:47:11.720+0000] {logging_mixin.py:188} INFO - [2024-07-09T13:47:11.720+0000] {dag.py:3047} INFO - Sync 1 DAGs
[2024-07-09T13:47:11.740+0000] {logging_mixin.py:188} INFO - [2024-07-09T13:47:11.740+0000] {dag.py:3834} INFO - Setting next_dagrun for example_branch_dop_operator_v3 to 2024-07-09 13:46:00+00:00, run_after=2024-07-09 13:47:00+00:00
[2024-07-09T13:47:11.755+0000] {processor.py:183} INFO - Processing /home/airflow/.local/lib/python3.11/site-packages/airflow/example_dags/example_branch_python_dop_operator_3.py took 0.066 seconds
[2024-07-09T13:47:42.485+0000] {processor.py:161} INFO - Started process (PID=1046) to work on /home/airflow/.local/lib/python3.11/site-packages/airflow/example_dags/example_branch_python_dop_operator_3.py
[2024-07-09T13:47:42.486+0000] {processor.py:830} INFO - Processing file /home/airflow/.local/lib/python3.11/site-packages/airflow/example_dags/example_branch_python_dop_operator_3.py for tasks to queue
[2024-07-09T13:47:42.486+0000] {logging_mixin.py:188} INFO - [2024-07-09T13:47:42.486+0000] {dagbag.py:540} INFO - Filling up the DagBag from /home/airflow/.local/lib/python3.11/site-packages/airflow/example_dags/example_branch_python_dop_operator_3.py
[2024-07-09T13:47:42.493+0000] {processor.py:840} INFO - DAG(s) 'example_branch_dop_operator_v3' retrieved from /home/airflow/.local/lib/python3.11/site-packages/airflow/example_dags/example_branch_python_dop_operator_3.py
[2024-07-09T13:47:42.513+0000] {logging_mixin.py:188} INFO - [2024-07-09T13:47:42.513+0000] {dag.py:3047} INFO - Sync 1 DAGs
[2024-07-09T13:47:42.679+0000] {logging_mixin.py:188} INFO - [2024-07-09T13:47:42.679+0000] {dag.py:3834} INFO - Setting next_dagrun for example_branch_dop_operator_v3 to 2024-07-09 13:46:00+00:00, run_after=2024-07-09 13:47:00+00:00
[2024-07-09T13:47:42.695+0000] {processor.py:183} INFO - Processing /home/airflow/.local/lib/python3.11/site-packages/airflow/example_dags/example_branch_python_dop_operator_3.py took 0.212 seconds
[2024-07-09T13:48:13.114+0000] {processor.py:161} INFO - Started process (PID=1314) to work on /home/airflow/.local/lib/python3.11/site-packages/airflow/example_dags/example_branch_python_dop_operator_3.py
[2024-07-09T13:48:13.115+0000] {processor.py:830} INFO - Processing file /home/airflow/.local/lib/python3.11/site-packages/airflow/example_dags/example_branch_python_dop_operator_3.py for tasks to queue
[2024-07-09T13:48:13.116+0000] {logging_mixin.py:188} INFO - [2024-07-09T13:48:13.115+0000] {dagbag.py:540} INFO - Filling up the DagBag from /home/airflow/.local/lib/python3.11/site-packages/airflow/example_dags/example_branch_python_dop_operator_3.py
[2024-07-09T13:48:13.123+0000] {processor.py:840} INFO - DAG(s) 'example_branch_dop_operator_v3' retrieved from /home/airflow/.local/lib/python3.11/site-packages/airflow/example_dags/example_branch_python_dop_operator_3.py
[2024-07-09T13:48:13.145+0000] {logging_mixin.py:188} INFO - [2024-07-09T13:48:13.145+0000] {dag.py:3047} INFO - Sync 1 DAGs
[2024-07-09T13:48:13.167+0000] {logging_mixin.py:188} INFO - [2024-07-09T13:48:13.167+0000] {dag.py:3834} INFO - Setting next_dagrun for example_branch_dop_operator_v3 to 2024-07-09 13:47:00+00:00, run_after=2024-07-09 13:48:00+00:00
[2024-07-09T13:48:13.185+0000] {processor.py:183} INFO - Processing /home/airflow/.local/lib/python3.11/site-packages/airflow/example_dags/example_branch_python_dop_operator_3.py took 0.073 seconds
[2024-07-09T13:48:43.676+0000] {processor.py:161} INFO - Started process (PID=1584) to work on /home/airflow/.local/lib/python3.11/site-packages/airflow/example_dags/example_branch_python_dop_operator_3.py
[2024-07-09T13:48:43.677+0000] {processor.py:830} INFO - Processing file /home/airflow/.local/lib/python3.11/site-packages/airflow/example_dags/example_branch_python_dop_operator_3.py for tasks to queue
[2024-07-09T13:48:43.677+0000] {logging_mixin.py:188} INFO - [2024-07-09T13:48:43.677+0000] {dagbag.py:540} INFO - Filling up the DagBag from /home/airflow/.local/lib/python3.11/site-packages/airflow/example_dags/example_branch_python_dop_operator_3.py
[2024-07-09T13:48:43.684+0000] {processor.py:840} INFO - DAG(s) 'example_branch_dop_operator_v3' retrieved from /home/airflow/.local/lib/python3.11/site-packages/airflow/example_dags/example_branch_python_dop_operator_3.py
[2024-07-09T13:48:43.705+0000] {logging_mixin.py:188} INFO - [2024-07-09T13:48:43.705+0000] {dag.py:3047} INFO - Sync 1 DAGs
[2024-07-09T13:48:43.726+0000] {logging_mixin.py:188} INFO - [2024-07-09T13:48:43.726+0000] {dag.py:3834} INFO - Setting next_dagrun for example_branch_dop_operator_v3 to 2024-07-09 13:47:00+00:00, run_after=2024-07-09 13:48:00+00:00
[2024-07-09T13:48:43.742+0000] {processor.py:183} INFO - Processing /home/airflow/.local/lib/python3.11/site-packages/airflow/example_dags/example_branch_python_dop_operator_3.py took 0.069 seconds
[2024-07-09T13:49:13.951+0000] {processor.py:161} INFO - Started process (PID=1841) to work on /home/airflow/.local/lib/python3.11/site-packages/airflow/example_dags/example_branch_python_dop_operator_3.py
[2024-07-09T13:49:13.952+0000] {processor.py:830} INFO - Processing file /home/airflow/.local/lib/python3.11/site-packages/airflow/example_dags/example_branch_python_dop_operator_3.py for tasks to queue
[2024-07-09T13:49:13.953+0000] {logging_mixin.py:188} INFO - [2024-07-09T13:49:13.953+0000] {dagbag.py:540} INFO - Filling up the DagBag from /home/airflow/.local/lib/python3.11/site-packages/airflow/example_dags/example_branch_python_dop_operator_3.py
[2024-07-09T13:49:13.960+0000] {processor.py:840} INFO - DAG(s) 'example_branch_dop_operator_v3' retrieved from /home/airflow/.local/lib/python3.11/site-packages/airflow/example_dags/example_branch_python_dop_operator_3.py
[2024-07-09T13:49:13.981+0000] {logging_mixin.py:188} INFO - [2024-07-09T13:49:13.980+0000] {dag.py:3047} INFO - Sync 1 DAGs
[2024-07-09T13:49:14.001+0000] {logging_mixin.py:188} INFO - [2024-07-09T13:49:14.001+0000] {dag.py:3834} INFO - Setting next_dagrun for example_branch_dop_operator_v3 to 2024-07-09 13:48:00+00:00, run_after=2024-07-09 13:49:00+00:00
[2024-07-09T13:49:14.018+0000] {processor.py:183} INFO - Processing /home/airflow/.local/lib/python3.11/site-packages/airflow/example_dags/example_branch_python_dop_operator_3.py took 0.069 seconds
[2024-07-09T13:49:44.398+0000] {processor.py:161} INFO - Started process (PID=2106) to work on /home/airflow/.local/lib/python3.11/site-packages/airflow/example_dags/example_branch_python_dop_operator_3.py
[2024-07-09T13:49:44.399+0000] {processor.py:830} INFO - Processing file /home/airflow/.local/lib/python3.11/site-packages/airflow/example_dags/example_branch_python_dop_operator_3.py for tasks to queue
[2024-07-09T13:49:44.400+0000] {logging_mixin.py:188} INFO - [2024-07-09T13:49:44.399+0000] {dagbag.py:540} INFO - Filling up the DagBag from /home/airflow/.local/lib/python3.11/site-packages/airflow/example_dags/example_branch_python_dop_operator_3.py
[2024-07-09T13:49:44.407+0000] {processor.py:840} INFO - DAG(s) 'example_branch_dop_operator_v3' retrieved from /home/airflow/.local/lib/python3.11/site-packages/airflow/example_dags/example_branch_python_dop_operator_3.py
[2024-07-09T13:49:44.427+0000] {logging_mixin.py:188} INFO - [2024-07-09T13:49:44.427+0000] {dag.py:3047} INFO - Sync 1 DAGs
[2024-07-09T13:49:44.449+0000] {logging_mixin.py:188} INFO - [2024-07-09T13:49:44.448+0000] {dag.py:3834} INFO - Setting next_dagrun for example_branch_dop_operator_v3 to 2024-07-09 13:48:00+00:00, run_after=2024-07-09 13:49:00+00:00
[2024-07-09T13:49:44.466+0000] {processor.py:183} INFO - Processing /home/airflow/.local/lib/python3.11/site-packages/airflow/example_dags/example_branch_python_dop_operator_3.py took 0.071 seconds
[2024-07-09T13:50:14.572+0000] {processor.py:161} INFO - Started process (PID=2376) to work on /home/airflow/.local/lib/python3.11/site-packages/airflow/example_dags/example_branch_python_dop_operator_3.py
[2024-07-09T13:50:14.573+0000] {processor.py:830} INFO - Processing file /home/airflow/.local/lib/python3.11/site-packages/airflow/example_dags/example_branch_python_dop_operator_3.py for tasks to queue
[2024-07-09T13:50:14.574+0000] {logging_mixin.py:188} INFO - [2024-07-09T13:50:14.574+0000] {dagbag.py:540} INFO - Filling up the DagBag from /home/airflow/.local/lib/python3.11/site-packages/airflow/example_dags/example_branch_python_dop_operator_3.py
[2024-07-09T13:50:14.581+0000] {processor.py:840} INFO - DAG(s) 'example_branch_dop_operator_v3' retrieved from /home/airflow/.local/lib/python3.11/site-packages/airflow/example_dags/example_branch_python_dop_operator_3.py
[2024-07-09T13:50:14.601+0000] {logging_mixin.py:188} INFO - [2024-07-09T13:50:14.601+0000] {dag.py:3047} INFO - Sync 1 DAGs
[2024-07-09T13:50:14.621+0000] {logging_mixin.py:188} INFO - [2024-07-09T13:50:14.621+0000] {dag.py:3834} INFO - Setting next_dagrun for example_branch_dop_operator_v3 to 2024-07-09 13:49:00+00:00, run_after=2024-07-09 13:50:00+00:00
[2024-07-09T13:50:14.637+0000] {processor.py:183} INFO - Processing /home/airflow/.local/lib/python3.11/site-packages/airflow/example_dags/example_branch_python_dop_operator_3.py took 0.067 seconds
[2024-07-09T13:50:44.909+0000] {processor.py:161} INFO - Started process (PID=2648) to work on /home/airflow/.local/lib/python3.11/site-packages/airflow/example_dags/example_branch_python_dop_operator_3.py
[2024-07-09T13:50:44.910+0000] {processor.py:830} INFO - Processing file /home/airflow/.local/lib/python3.11/site-packages/airflow/example_dags/example_branch_python_dop_operator_3.py for tasks to queue
[2024-07-09T13:50:44.911+0000] {logging_mixin.py:188} INFO - [2024-07-09T13:50:44.911+0000] {dagbag.py:540} INFO - Filling up the DagBag from /home/airflow/.local/lib/python3.11/site-packages/airflow/example_dags/example_branch_python_dop_operator_3.py
[2024-07-09T13:50:44.918+0000] {processor.py:840} INFO - DAG(s) 'example_branch_dop_operator_v3' retrieved from /home/airflow/.local/lib/python3.11/site-packages/airflow/example_dags/example_branch_python_dop_operator_3.py
[2024-07-09T13:50:44.939+0000] {logging_mixin.py:188} INFO - [2024-07-09T13:50:44.939+0000] {dag.py:3047} INFO - Sync 1 DAGs
[2024-07-09T13:50:44.959+0000] {logging_mixin.py:188} INFO - [2024-07-09T13:50:44.959+0000] {dag.py:3834} INFO - Setting next_dagrun for example_branch_dop_operator_v3 to 2024-07-09 13:49:00+00:00, run_after=2024-07-09 13:50:00+00:00
[2024-07-09T13:50:44.975+0000] {processor.py:183} INFO - Processing /home/airflow/.local/lib/python3.11/site-packages/airflow/example_dags/example_branch_python_dop_operator_3.py took 0.068 seconds
[2024-07-09T13:51:15.321+0000] {processor.py:161} INFO - Started process (PID=2916) to work on /home/airflow/.local/lib/python3.11/site-packages/airflow/example_dags/example_branch_python_dop_operator_3.py
[2024-07-09T13:51:15.322+0000] {processor.py:830} INFO - Processing file /home/airflow/.local/lib/python3.11/site-packages/airflow/example_dags/example_branch_python_dop_operator_3.py for tasks to queue
[2024-07-09T13:51:15.323+0000] {logging_mixin.py:188} INFO - [2024-07-09T13:51:15.322+0000] {dagbag.py:540} INFO - Filling up the DagBag from /home/airflow/.local/lib/python3.11/site-packages/airflow/example_dags/example_branch_python_dop_operator_3.py
[2024-07-09T13:51:15.330+0000] {processor.py:840} INFO - DAG(s) 'example_branch_dop_operator_v3' retrieved from /home/airflow/.local/lib/python3.11/site-packages/airflow/example_dags/example_branch_python_dop_operator_3.py
[2024-07-09T13:51:15.350+0000] {logging_mixin.py:188} INFO - [2024-07-09T13:51:15.350+0000] {dag.py:3047} INFO - Sync 1 DAGs
[2024-07-09T13:51:15.370+0000] {logging_mixin.py:188} INFO - [2024-07-09T13:51:15.369+0000] {dag.py:3834} INFO - Setting next_dagrun for example_branch_dop_operator_v3 to 2024-07-09 13:50:00+00:00, run_after=2024-07-09 13:51:00+00:00
[2024-07-09T13:51:15.385+0000] {processor.py:183} INFO - Processing /home/airflow/.local/lib/python3.11/site-packages/airflow/example_dags/example_branch_python_dop_operator_3.py took 0.067 seconds
