[2024-07-09T13:18:48.731+0000] {processor.py:161} INFO - Started process (PID=269) to work on /home/airflow/.local/lib/python3.11/site-packages/airflow/example_dags/example_external_task_marker_dag.py
[2024-07-09T13:18:48.731+0000] {processor.py:830} INFO - Processing file /home/airflow/.local/lib/python3.11/site-packages/airflow/example_dags/example_external_task_marker_dag.py for tasks to queue
[2024-07-09T13:18:48.732+0000] {logging_mixin.py:188} INFO - [2024-07-09T13:18:48.732+0000] {dagbag.py:540} INFO - Filling up the DagBag from /home/airflow/.local/lib/python3.11/site-packages/airflow/example_dags/example_external_task_marker_dag.py
[2024-07-09T13:18:48.740+0000] {processor.py:840} INFO - DAG(s) 'example_external_task_marker_child', 'example_external_task_marker_parent' retrieved from /home/airflow/.local/lib/python3.11/site-packages/airflow/example_dags/example_external_task_marker_dag.py
[2024-07-09T13:18:48.898+0000] {logging_mixin.py:188} INFO - [2024-07-09T13:18:48.897+0000] {override.py:1769} INFO - Created Permission View: can delete on DAG:example_external_task_marker_child
[2024-07-09T13:18:48.907+0000] {logging_mixin.py:188} INFO - [2024-07-09T13:18:48.907+0000] {override.py:1769} INFO - Created Permission View: can read on DAG:example_external_task_marker_child
[2024-07-09T13:18:48.913+0000] {logging_mixin.py:188} INFO - [2024-07-09T13:18:48.913+0000] {override.py:1769} INFO - Created Permission View: can edit on DAG:example_external_task_marker_child
[2024-07-09T13:18:48.925+0000] {logging_mixin.py:188} INFO - [2024-07-09T13:18:48.925+0000] {override.py:1769} INFO - Created Permission View: can delete on DAG:example_external_task_marker_parent
[2024-07-09T13:18:48.931+0000] {logging_mixin.py:188} INFO - [2024-07-09T13:18:48.931+0000] {override.py:1769} INFO - Created Permission View: can read on DAG:example_external_task_marker_parent
[2024-07-09T13:18:48.937+0000] {logging_mixin.py:188} INFO - [2024-07-09T13:18:48.937+0000] {override.py:1769} INFO - Created Permission View: can edit on DAG:example_external_task_marker_parent
[2024-07-09T13:18:48.938+0000] {logging_mixin.py:188} INFO - [2024-07-09T13:18:48.938+0000] {dag.py:3047} INFO - Sync 2 DAGs
[2024-07-09T13:18:48.947+0000] {logging_mixin.py:188} INFO - [2024-07-09T13:18:48.947+0000] {dag.py:3069} INFO - Creating ORM DAG for example_external_task_marker_parent
[2024-07-09T13:18:48.947+0000] {logging_mixin.py:188} INFO - [2024-07-09T13:18:48.947+0000] {dag.py:3069} INFO - Creating ORM DAG for example_external_task_marker_child
[2024-07-09T13:18:48.948+0000] {logging_mixin.py:188} INFO - [2024-07-09T13:18:48.948+0000] {dag.py:3834} INFO - Setting next_dagrun for example_external_task_marker_child to None, run_after=None
[2024-07-09T13:18:48.948+0000] {logging_mixin.py:188} INFO - [2024-07-09T13:18:48.948+0000] {dag.py:3834} INFO - Setting next_dagrun for example_external_task_marker_parent to None, run_after=None
[2024-07-09T13:18:48.964+0000] {processor.py:183} INFO - Processing /home/airflow/.local/lib/python3.11/site-packages/airflow/example_dags/example_external_task_marker_dag.py took 0.237 seconds
[2024-07-09T13:19:19.860+0000] {processor.py:161} INFO - Started process (PID=539) to work on /home/airflow/.local/lib/python3.11/site-packages/airflow/example_dags/example_external_task_marker_dag.py
[2024-07-09T13:19:19.861+0000] {processor.py:830} INFO - Processing file /home/airflow/.local/lib/python3.11/site-packages/airflow/example_dags/example_external_task_marker_dag.py for tasks to queue
[2024-07-09T13:19:19.862+0000] {logging_mixin.py:188} INFO - [2024-07-09T13:19:19.861+0000] {dagbag.py:540} INFO - Filling up the DagBag from /home/airflow/.local/lib/python3.11/site-packages/airflow/example_dags/example_external_task_marker_dag.py
[2024-07-09T13:19:19.867+0000] {processor.py:840} INFO - DAG(s) 'example_external_task_marker_parent', 'example_external_task_marker_child' retrieved from /home/airflow/.local/lib/python3.11/site-packages/airflow/example_dags/example_external_task_marker_dag.py
[2024-07-09T13:19:19.890+0000] {logging_mixin.py:188} INFO - [2024-07-09T13:19:19.889+0000] {dag.py:3047} INFO - Sync 2 DAGs
[2024-07-09T13:19:19.899+0000] {logging_mixin.py:188} INFO - [2024-07-09T13:19:19.899+0000] {dag.py:3834} INFO - Setting next_dagrun for example_external_task_marker_child to None, run_after=None
[2024-07-09T13:19:19.902+0000] {logging_mixin.py:188} INFO - [2024-07-09T13:19:19.902+0000] {dag.py:3834} INFO - Setting next_dagrun for example_external_task_marker_parent to None, run_after=None
[2024-07-09T13:19:19.915+0000] {processor.py:183} INFO - Processing /home/airflow/.local/lib/python3.11/site-packages/airflow/example_dags/example_external_task_marker_dag.py took 0.057 seconds
[2024-07-09T13:19:50.756+0000] {processor.py:161} INFO - Started process (PID=809) to work on /home/airflow/.local/lib/python3.11/site-packages/airflow/example_dags/example_external_task_marker_dag.py
[2024-07-09T13:19:50.757+0000] {processor.py:830} INFO - Processing file /home/airflow/.local/lib/python3.11/site-packages/airflow/example_dags/example_external_task_marker_dag.py for tasks to queue
[2024-07-09T13:19:50.757+0000] {logging_mixin.py:188} INFO - [2024-07-09T13:19:50.757+0000] {dagbag.py:540} INFO - Filling up the DagBag from /home/airflow/.local/lib/python3.11/site-packages/airflow/example_dags/example_external_task_marker_dag.py
[2024-07-09T13:19:50.762+0000] {processor.py:840} INFO - DAG(s) 'example_external_task_marker_child', 'example_external_task_marker_parent' retrieved from /home/airflow/.local/lib/python3.11/site-packages/airflow/example_dags/example_external_task_marker_dag.py
[2024-07-09T13:19:50.785+0000] {logging_mixin.py:188} INFO - [2024-07-09T13:19:50.784+0000] {dag.py:3047} INFO - Sync 2 DAGs
[2024-07-09T13:19:50.794+0000] {logging_mixin.py:188} INFO - [2024-07-09T13:19:50.794+0000] {dag.py:3834} INFO - Setting next_dagrun for example_external_task_marker_child to None, run_after=None
[2024-07-09T13:19:50.797+0000] {logging_mixin.py:188} INFO - [2024-07-09T13:19:50.796+0000] {dag.py:3834} INFO - Setting next_dagrun for example_external_task_marker_parent to None, run_after=None
[2024-07-09T13:19:50.809+0000] {processor.py:183} INFO - Processing /home/airflow/.local/lib/python3.11/site-packages/airflow/example_dags/example_external_task_marker_dag.py took 0.056 seconds
[2024-07-09T13:20:21.448+0000] {processor.py:161} INFO - Started process (PID=1079) to work on /home/airflow/.local/lib/python3.11/site-packages/airflow/example_dags/example_external_task_marker_dag.py
[2024-07-09T13:20:21.449+0000] {processor.py:830} INFO - Processing file /home/airflow/.local/lib/python3.11/site-packages/airflow/example_dags/example_external_task_marker_dag.py for tasks to queue
[2024-07-09T13:20:21.450+0000] {logging_mixin.py:188} INFO - [2024-07-09T13:20:21.449+0000] {dagbag.py:540} INFO - Filling up the DagBag from /home/airflow/.local/lib/python3.11/site-packages/airflow/example_dags/example_external_task_marker_dag.py
[2024-07-09T13:20:21.454+0000] {processor.py:840} INFO - DAG(s) 'example_external_task_marker_parent', 'example_external_task_marker_child' retrieved from /home/airflow/.local/lib/python3.11/site-packages/airflow/example_dags/example_external_task_marker_dag.py
[2024-07-09T13:20:21.484+0000] {logging_mixin.py:188} INFO - [2024-07-09T13:20:21.484+0000] {dag.py:3047} INFO - Sync 2 DAGs
[2024-07-09T13:20:21.644+0000] {logging_mixin.py:188} INFO - [2024-07-09T13:20:21.644+0000] {dag.py:3834} INFO - Setting next_dagrun for example_external_task_marker_child to None, run_after=None
[2024-07-09T13:20:21.650+0000] {logging_mixin.py:188} INFO - [2024-07-09T13:20:21.649+0000] {dag.py:3834} INFO - Setting next_dagrun for example_external_task_marker_parent to None, run_after=None
[2024-07-09T13:20:21.668+0000] {processor.py:183} INFO - Processing /home/airflow/.local/lib/python3.11/site-packages/airflow/example_dags/example_external_task_marker_dag.py took 0.223 seconds
[2024-07-09T13:20:52.122+0000] {processor.py:161} INFO - Started process (PID=1349) to work on /home/airflow/.local/lib/python3.11/site-packages/airflow/example_dags/example_external_task_marker_dag.py
[2024-07-09T13:20:52.125+0000] {processor.py:830} INFO - Processing file /home/airflow/.local/lib/python3.11/site-packages/airflow/example_dags/example_external_task_marker_dag.py for tasks to queue
[2024-07-09T13:20:52.127+0000] {logging_mixin.py:188} INFO - [2024-07-09T13:20:52.126+0000] {dagbag.py:540} INFO - Filling up the DagBag from /home/airflow/.local/lib/python3.11/site-packages/airflow/example_dags/example_external_task_marker_dag.py
[2024-07-09T13:20:52.132+0000] {processor.py:840} INFO - DAG(s) 'example_external_task_marker_child', 'example_external_task_marker_parent' retrieved from /home/airflow/.local/lib/python3.11/site-packages/airflow/example_dags/example_external_task_marker_dag.py
[2024-07-09T13:20:52.161+0000] {logging_mixin.py:188} INFO - [2024-07-09T13:20:52.161+0000] {dag.py:3047} INFO - Sync 2 DAGs
[2024-07-09T13:20:52.173+0000] {logging_mixin.py:188} INFO - [2024-07-09T13:20:52.172+0000] {dag.py:3834} INFO - Setting next_dagrun for example_external_task_marker_child to None, run_after=None
[2024-07-09T13:20:52.177+0000] {logging_mixin.py:188} INFO - [2024-07-09T13:20:52.177+0000] {dag.py:3834} INFO - Setting next_dagrun for example_external_task_marker_parent to None, run_after=None
[2024-07-09T13:20:52.195+0000] {processor.py:183} INFO - Processing /home/airflow/.local/lib/python3.11/site-packages/airflow/example_dags/example_external_task_marker_dag.py took 0.076 seconds
[2024-07-09T13:21:23.045+0000] {processor.py:161} INFO - Started process (PID=1619) to work on /home/airflow/.local/lib/python3.11/site-packages/airflow/example_dags/example_external_task_marker_dag.py
[2024-07-09T13:21:23.046+0000] {processor.py:830} INFO - Processing file /home/airflow/.local/lib/python3.11/site-packages/airflow/example_dags/example_external_task_marker_dag.py for tasks to queue
[2024-07-09T13:21:23.047+0000] {logging_mixin.py:188} INFO - [2024-07-09T13:21:23.046+0000] {dagbag.py:540} INFO - Filling up the DagBag from /home/airflow/.local/lib/python3.11/site-packages/airflow/example_dags/example_external_task_marker_dag.py
[2024-07-09T13:21:23.051+0000] {processor.py:840} INFO - DAG(s) 'example_external_task_marker_parent', 'example_external_task_marker_child' retrieved from /home/airflow/.local/lib/python3.11/site-packages/airflow/example_dags/example_external_task_marker_dag.py
[2024-07-09T13:21:23.075+0000] {logging_mixin.py:188} INFO - [2024-07-09T13:21:23.075+0000] {dag.py:3047} INFO - Sync 2 DAGs
[2024-07-09T13:21:23.086+0000] {logging_mixin.py:188} INFO - [2024-07-09T13:21:23.085+0000] {dag.py:3834} INFO - Setting next_dagrun for example_external_task_marker_child to None, run_after=None
[2024-07-09T13:21:23.089+0000] {logging_mixin.py:188} INFO - [2024-07-09T13:21:23.088+0000] {dag.py:3834} INFO - Setting next_dagrun for example_external_task_marker_parent to None, run_after=None
[2024-07-09T13:21:23.102+0000] {processor.py:183} INFO - Processing /home/airflow/.local/lib/python3.11/site-packages/airflow/example_dags/example_external_task_marker_dag.py took 0.059 seconds
[2024-07-09T13:21:53.754+0000] {processor.py:161} INFO - Started process (PID=1889) to work on /home/airflow/.local/lib/python3.11/site-packages/airflow/example_dags/example_external_task_marker_dag.py
[2024-07-09T13:21:53.755+0000] {processor.py:830} INFO - Processing file /home/airflow/.local/lib/python3.11/site-packages/airflow/example_dags/example_external_task_marker_dag.py for tasks to queue
[2024-07-09T13:21:53.756+0000] {logging_mixin.py:188} INFO - [2024-07-09T13:21:53.755+0000] {dagbag.py:540} INFO - Filling up the DagBag from /home/airflow/.local/lib/python3.11/site-packages/airflow/example_dags/example_external_task_marker_dag.py
[2024-07-09T13:21:53.760+0000] {processor.py:840} INFO - DAG(s) 'example_external_task_marker_parent', 'example_external_task_marker_child' retrieved from /home/airflow/.local/lib/python3.11/site-packages/airflow/example_dags/example_external_task_marker_dag.py
[2024-07-09T13:21:53.784+0000] {logging_mixin.py:188} INFO - [2024-07-09T13:21:53.783+0000] {dag.py:3047} INFO - Sync 2 DAGs
[2024-07-09T13:21:53.793+0000] {logging_mixin.py:188} INFO - [2024-07-09T13:21:53.793+0000] {dag.py:3834} INFO - Setting next_dagrun for example_external_task_marker_child to None, run_after=None
[2024-07-09T13:21:53.796+0000] {logging_mixin.py:188} INFO - [2024-07-09T13:21:53.796+0000] {dag.py:3834} INFO - Setting next_dagrun for example_external_task_marker_parent to None, run_after=None
[2024-07-09T13:21:53.809+0000] {processor.py:183} INFO - Processing /home/airflow/.local/lib/python3.11/site-packages/airflow/example_dags/example_external_task_marker_dag.py took 0.058 seconds
[2024-07-09T13:22:24.459+0000] {processor.py:161} INFO - Started process (PID=2159) to work on /home/airflow/.local/lib/python3.11/site-packages/airflow/example_dags/example_external_task_marker_dag.py
[2024-07-09T13:22:24.460+0000] {processor.py:830} INFO - Processing file /home/airflow/.local/lib/python3.11/site-packages/airflow/example_dags/example_external_task_marker_dag.py for tasks to queue
[2024-07-09T13:22:24.460+0000] {logging_mixin.py:188} INFO - [2024-07-09T13:22:24.460+0000] {dagbag.py:540} INFO - Filling up the DagBag from /home/airflow/.local/lib/python3.11/site-packages/airflow/example_dags/example_external_task_marker_dag.py
[2024-07-09T13:22:24.465+0000] {processor.py:840} INFO - DAG(s) 'example_external_task_marker_parent', 'example_external_task_marker_child' retrieved from /home/airflow/.local/lib/python3.11/site-packages/airflow/example_dags/example_external_task_marker_dag.py
[2024-07-09T13:22:24.488+0000] {logging_mixin.py:188} INFO - [2024-07-09T13:22:24.488+0000] {dag.py:3047} INFO - Sync 2 DAGs
[2024-07-09T13:22:24.499+0000] {logging_mixin.py:188} INFO - [2024-07-09T13:22:24.498+0000] {dag.py:3834} INFO - Setting next_dagrun for example_external_task_marker_child to None, run_after=None
[2024-07-09T13:22:24.501+0000] {logging_mixin.py:188} INFO - [2024-07-09T13:22:24.501+0000] {dag.py:3834} INFO - Setting next_dagrun for example_external_task_marker_parent to None, run_after=None
[2024-07-09T13:22:24.516+0000] {processor.py:183} INFO - Processing /home/airflow/.local/lib/python3.11/site-packages/airflow/example_dags/example_external_task_marker_dag.py took 0.059 seconds
[2024-07-09T13:22:55.214+0000] {processor.py:161} INFO - Started process (PID=2429) to work on /home/airflow/.local/lib/python3.11/site-packages/airflow/example_dags/example_external_task_marker_dag.py
[2024-07-09T13:22:55.215+0000] {processor.py:830} INFO - Processing file /home/airflow/.local/lib/python3.11/site-packages/airflow/example_dags/example_external_task_marker_dag.py for tasks to queue
[2024-07-09T13:22:55.216+0000] {logging_mixin.py:188} INFO - [2024-07-09T13:22:55.216+0000] {dagbag.py:540} INFO - Filling up the DagBag from /home/airflow/.local/lib/python3.11/site-packages/airflow/example_dags/example_external_task_marker_dag.py
[2024-07-09T13:22:55.221+0000] {processor.py:840} INFO - DAG(s) 'example_external_task_marker_parent', 'example_external_task_marker_child' retrieved from /home/airflow/.local/lib/python3.11/site-packages/airflow/example_dags/example_external_task_marker_dag.py
[2024-07-09T13:22:55.245+0000] {logging_mixin.py:188} INFO - [2024-07-09T13:22:55.245+0000] {dag.py:3047} INFO - Sync 2 DAGs
[2024-07-09T13:22:55.256+0000] {logging_mixin.py:188} INFO - [2024-07-09T13:22:55.255+0000] {dag.py:3834} INFO - Setting next_dagrun for example_external_task_marker_child to None, run_after=None
[2024-07-09T13:22:55.259+0000] {logging_mixin.py:188} INFO - [2024-07-09T13:22:55.258+0000] {dag.py:3834} INFO - Setting next_dagrun for example_external_task_marker_parent to None, run_after=None
[2024-07-09T13:22:55.273+0000] {processor.py:183} INFO - Processing /home/airflow/.local/lib/python3.11/site-packages/airflow/example_dags/example_external_task_marker_dag.py took 0.062 seconds
[2024-07-09T13:23:25.976+0000] {processor.py:161} INFO - Started process (PID=2699) to work on /home/airflow/.local/lib/python3.11/site-packages/airflow/example_dags/example_external_task_marker_dag.py
[2024-07-09T13:23:25.977+0000] {processor.py:830} INFO - Processing file /home/airflow/.local/lib/python3.11/site-packages/airflow/example_dags/example_external_task_marker_dag.py for tasks to queue
[2024-07-09T13:23:25.978+0000] {logging_mixin.py:188} INFO - [2024-07-09T13:23:25.978+0000] {dagbag.py:540} INFO - Filling up the DagBag from /home/airflow/.local/lib/python3.11/site-packages/airflow/example_dags/example_external_task_marker_dag.py
[2024-07-09T13:23:25.983+0000] {processor.py:840} INFO - DAG(s) 'example_external_task_marker_child', 'example_external_task_marker_parent' retrieved from /home/airflow/.local/lib/python3.11/site-packages/airflow/example_dags/example_external_task_marker_dag.py
[2024-07-09T13:23:26.006+0000] {logging_mixin.py:188} INFO - [2024-07-09T13:23:26.005+0000] {dag.py:3047} INFO - Sync 2 DAGs
[2024-07-09T13:23:26.019+0000] {logging_mixin.py:188} INFO - [2024-07-09T13:23:26.018+0000] {dag.py:3834} INFO - Setting next_dagrun for example_external_task_marker_child to None, run_after=None
[2024-07-09T13:23:26.021+0000] {logging_mixin.py:188} INFO - [2024-07-09T13:23:26.021+0000] {dag.py:3834} INFO - Setting next_dagrun for example_external_task_marker_parent to None, run_after=None
[2024-07-09T13:23:26.036+0000] {processor.py:183} INFO - Processing /home/airflow/.local/lib/python3.11/site-packages/airflow/example_dags/example_external_task_marker_dag.py took 0.062 seconds
[2024-07-09T13:23:56.733+0000] {processor.py:161} INFO - Started process (PID=2969) to work on /home/airflow/.local/lib/python3.11/site-packages/airflow/example_dags/example_external_task_marker_dag.py
[2024-07-09T13:23:56.734+0000] {processor.py:830} INFO - Processing file /home/airflow/.local/lib/python3.11/site-packages/airflow/example_dags/example_external_task_marker_dag.py for tasks to queue
[2024-07-09T13:23:56.735+0000] {logging_mixin.py:188} INFO - [2024-07-09T13:23:56.735+0000] {dagbag.py:540} INFO - Filling up the DagBag from /home/airflow/.local/lib/python3.11/site-packages/airflow/example_dags/example_external_task_marker_dag.py
[2024-07-09T13:23:56.741+0000] {processor.py:840} INFO - DAG(s) 'example_external_task_marker_parent', 'example_external_task_marker_child' retrieved from /home/airflow/.local/lib/python3.11/site-packages/airflow/example_dags/example_external_task_marker_dag.py
[2024-07-09T13:23:56.763+0000] {logging_mixin.py:188} INFO - [2024-07-09T13:23:56.763+0000] {dag.py:3047} INFO - Sync 2 DAGs
[2024-07-09T13:23:56.773+0000] {logging_mixin.py:188} INFO - [2024-07-09T13:23:56.773+0000] {dag.py:3834} INFO - Setting next_dagrun for example_external_task_marker_child to None, run_after=None
[2024-07-09T13:23:56.776+0000] {logging_mixin.py:188} INFO - [2024-07-09T13:23:56.776+0000] {dag.py:3834} INFO - Setting next_dagrun for example_external_task_marker_parent to None, run_after=None
[2024-07-09T13:23:56.791+0000] {processor.py:183} INFO - Processing /home/airflow/.local/lib/python3.11/site-packages/airflow/example_dags/example_external_task_marker_dag.py took 0.060 seconds
[2024-07-09T13:24:27.380+0000] {processor.py:161} INFO - Started process (PID=3239) to work on /home/airflow/.local/lib/python3.11/site-packages/airflow/example_dags/example_external_task_marker_dag.py
[2024-07-09T13:24:27.381+0000] {processor.py:830} INFO - Processing file /home/airflow/.local/lib/python3.11/site-packages/airflow/example_dags/example_external_task_marker_dag.py for tasks to queue
[2024-07-09T13:24:27.382+0000] {logging_mixin.py:188} INFO - [2024-07-09T13:24:27.382+0000] {dagbag.py:540} INFO - Filling up the DagBag from /home/airflow/.local/lib/python3.11/site-packages/airflow/example_dags/example_external_task_marker_dag.py
[2024-07-09T13:24:27.387+0000] {processor.py:840} INFO - DAG(s) 'example_external_task_marker_parent', 'example_external_task_marker_child' retrieved from /home/airflow/.local/lib/python3.11/site-packages/airflow/example_dags/example_external_task_marker_dag.py
[2024-07-09T13:24:27.410+0000] {logging_mixin.py:188} INFO - [2024-07-09T13:24:27.409+0000] {dag.py:3047} INFO - Sync 2 DAGs
[2024-07-09T13:24:27.419+0000] {logging_mixin.py:188} INFO - [2024-07-09T13:24:27.419+0000] {dag.py:3834} INFO - Setting next_dagrun for example_external_task_marker_child to None, run_after=None
[2024-07-09T13:24:27.422+0000] {logging_mixin.py:188} INFO - [2024-07-09T13:24:27.422+0000] {dag.py:3834} INFO - Setting next_dagrun for example_external_task_marker_parent to None, run_after=None
[2024-07-09T13:24:27.436+0000] {processor.py:183} INFO - Processing /home/airflow/.local/lib/python3.11/site-packages/airflow/example_dags/example_external_task_marker_dag.py took 0.058 seconds
[2024-07-09T13:24:58.135+0000] {processor.py:161} INFO - Started process (PID=3509) to work on /home/airflow/.local/lib/python3.11/site-packages/airflow/example_dags/example_external_task_marker_dag.py
[2024-07-09T13:24:58.136+0000] {processor.py:830} INFO - Processing file /home/airflow/.local/lib/python3.11/site-packages/airflow/example_dags/example_external_task_marker_dag.py for tasks to queue
[2024-07-09T13:24:58.136+0000] {logging_mixin.py:188} INFO - [2024-07-09T13:24:58.136+0000] {dagbag.py:540} INFO - Filling up the DagBag from /home/airflow/.local/lib/python3.11/site-packages/airflow/example_dags/example_external_task_marker_dag.py
[2024-07-09T13:24:58.141+0000] {processor.py:840} INFO - DAG(s) 'example_external_task_marker_child', 'example_external_task_marker_parent' retrieved from /home/airflow/.local/lib/python3.11/site-packages/airflow/example_dags/example_external_task_marker_dag.py
[2024-07-09T13:24:58.163+0000] {logging_mixin.py:188} INFO - [2024-07-09T13:24:58.163+0000] {dag.py:3047} INFO - Sync 2 DAGs
[2024-07-09T13:24:58.173+0000] {logging_mixin.py:188} INFO - [2024-07-09T13:24:58.173+0000] {dag.py:3834} INFO - Setting next_dagrun for example_external_task_marker_child to None, run_after=None
[2024-07-09T13:24:58.176+0000] {logging_mixin.py:188} INFO - [2024-07-09T13:24:58.176+0000] {dag.py:3834} INFO - Setting next_dagrun for example_external_task_marker_parent to None, run_after=None
[2024-07-09T13:24:58.190+0000] {processor.py:183} INFO - Processing /home/airflow/.local/lib/python3.11/site-packages/airflow/example_dags/example_external_task_marker_dag.py took 0.058 seconds
[2024-07-09T13:26:09.777+0000] {processor.py:161} INFO - Started process (PID=270) to work on /home/airflow/.local/lib/python3.11/site-packages/airflow/example_dags/example_external_task_marker_dag.py
[2024-07-09T13:26:09.778+0000] {processor.py:830} INFO - Processing file /home/airflow/.local/lib/python3.11/site-packages/airflow/example_dags/example_external_task_marker_dag.py for tasks to queue
[2024-07-09T13:26:09.779+0000] {logging_mixin.py:188} INFO - [2024-07-09T13:26:09.779+0000] {dagbag.py:540} INFO - Filling up the DagBag from /home/airflow/.local/lib/python3.11/site-packages/airflow/example_dags/example_external_task_marker_dag.py
[2024-07-09T13:26:09.788+0000] {processor.py:840} INFO - DAG(s) 'example_external_task_marker_child', 'example_external_task_marker_parent' retrieved from /home/airflow/.local/lib/python3.11/site-packages/airflow/example_dags/example_external_task_marker_dag.py
[2024-07-09T13:26:09.876+0000] {logging_mixin.py:188} INFO - [2024-07-09T13:26:09.876+0000] {override.py:1769} INFO - Created Permission View: can delete on DAG:example_external_task_marker_child
[2024-07-09T13:26:09.886+0000] {logging_mixin.py:188} INFO - [2024-07-09T13:26:09.885+0000] {override.py:1769} INFO - Created Permission View: can read on DAG:example_external_task_marker_child
[2024-07-09T13:26:09.892+0000] {logging_mixin.py:188} INFO - [2024-07-09T13:26:09.892+0000] {override.py:1769} INFO - Created Permission View: can edit on DAG:example_external_task_marker_child
[2024-07-09T13:26:09.904+0000] {logging_mixin.py:188} INFO - [2024-07-09T13:26:09.904+0000] {override.py:1769} INFO - Created Permission View: can delete on DAG:example_external_task_marker_parent
[2024-07-09T13:26:09.910+0000] {logging_mixin.py:188} INFO - [2024-07-09T13:26:09.910+0000] {override.py:1769} INFO - Created Permission View: can read on DAG:example_external_task_marker_parent
[2024-07-09T13:26:09.915+0000] {logging_mixin.py:188} INFO - [2024-07-09T13:26:09.915+0000] {override.py:1769} INFO - Created Permission View: can edit on DAG:example_external_task_marker_parent
[2024-07-09T13:26:09.915+0000] {logging_mixin.py:188} INFO - [2024-07-09T13:26:09.915+0000] {dag.py:3047} INFO - Sync 2 DAGs
[2024-07-09T13:26:09.927+0000] {logging_mixin.py:188} INFO - [2024-07-09T13:26:09.927+0000] {dag.py:3069} INFO - Creating ORM DAG for example_external_task_marker_child
[2024-07-09T13:26:09.928+0000] {logging_mixin.py:188} INFO - [2024-07-09T13:26:09.927+0000] {dag.py:3069} INFO - Creating ORM DAG for example_external_task_marker_parent
[2024-07-09T13:26:09.928+0000] {logging_mixin.py:188} INFO - [2024-07-09T13:26:09.928+0000] {dag.py:3834} INFO - Setting next_dagrun for example_external_task_marker_child to None, run_after=None
[2024-07-09T13:26:09.929+0000] {logging_mixin.py:188} INFO - [2024-07-09T13:26:09.928+0000] {dag.py:3834} INFO - Setting next_dagrun for example_external_task_marker_parent to None, run_after=None
[2024-07-09T13:26:09.945+0000] {processor.py:183} INFO - Processing /home/airflow/.local/lib/python3.11/site-packages/airflow/example_dags/example_external_task_marker_dag.py took 0.172 seconds
[2024-07-09T13:26:39.996+0000] {processor.py:161} INFO - Started process (PID=540) to work on /home/airflow/.local/lib/python3.11/site-packages/airflow/example_dags/example_external_task_marker_dag.py
[2024-07-09T13:26:39.997+0000] {processor.py:830} INFO - Processing file /home/airflow/.local/lib/python3.11/site-packages/airflow/example_dags/example_external_task_marker_dag.py for tasks to queue
[2024-07-09T13:26:39.998+0000] {logging_mixin.py:188} INFO - [2024-07-09T13:26:39.998+0000] {dagbag.py:540} INFO - Filling up the DagBag from /home/airflow/.local/lib/python3.11/site-packages/airflow/example_dags/example_external_task_marker_dag.py
[2024-07-09T13:26:40.003+0000] {processor.py:840} INFO - DAG(s) 'example_external_task_marker_child', 'example_external_task_marker_parent' retrieved from /home/airflow/.local/lib/python3.11/site-packages/airflow/example_dags/example_external_task_marker_dag.py
[2024-07-09T13:26:40.025+0000] {logging_mixin.py:188} INFO - [2024-07-09T13:26:40.025+0000] {dag.py:3047} INFO - Sync 2 DAGs
[2024-07-09T13:26:40.035+0000] {logging_mixin.py:188} INFO - [2024-07-09T13:26:40.035+0000] {dag.py:3834} INFO - Setting next_dagrun for example_external_task_marker_child to None, run_after=None
[2024-07-09T13:26:40.038+0000] {logging_mixin.py:188} INFO - [2024-07-09T13:26:40.038+0000] {dag.py:3834} INFO - Setting next_dagrun for example_external_task_marker_parent to None, run_after=None
[2024-07-09T13:26:40.051+0000] {processor.py:183} INFO - Processing /home/airflow/.local/lib/python3.11/site-packages/airflow/example_dags/example_external_task_marker_dag.py took 0.058 seconds
[2024-07-09T13:27:10.392+0000] {processor.py:161} INFO - Started process (PID=810) to work on /home/airflow/.local/lib/python3.11/site-packages/airflow/example_dags/example_external_task_marker_dag.py
[2024-07-09T13:27:10.393+0000] {processor.py:830} INFO - Processing file /home/airflow/.local/lib/python3.11/site-packages/airflow/example_dags/example_external_task_marker_dag.py for tasks to queue
[2024-07-09T13:27:10.394+0000] {logging_mixin.py:188} INFO - [2024-07-09T13:27:10.394+0000] {dagbag.py:540} INFO - Filling up the DagBag from /home/airflow/.local/lib/python3.11/site-packages/airflow/example_dags/example_external_task_marker_dag.py
[2024-07-09T13:27:10.399+0000] {processor.py:840} INFO - DAG(s) 'example_external_task_marker_parent', 'example_external_task_marker_child' retrieved from /home/airflow/.local/lib/python3.11/site-packages/airflow/example_dags/example_external_task_marker_dag.py
[2024-07-09T13:27:10.421+0000] {logging_mixin.py:188} INFO - [2024-07-09T13:27:10.421+0000] {dag.py:3047} INFO - Sync 2 DAGs
[2024-07-09T13:27:10.431+0000] {logging_mixin.py:188} INFO - [2024-07-09T13:27:10.431+0000] {dag.py:3834} INFO - Setting next_dagrun for example_external_task_marker_child to None, run_after=None
[2024-07-09T13:27:10.434+0000] {logging_mixin.py:188} INFO - [2024-07-09T13:27:10.434+0000] {dag.py:3834} INFO - Setting next_dagrun for example_external_task_marker_parent to None, run_after=None
[2024-07-09T13:27:10.448+0000] {processor.py:183} INFO - Processing /home/airflow/.local/lib/python3.11/site-packages/airflow/example_dags/example_external_task_marker_dag.py took 0.058 seconds
[2024-07-09T13:27:41.498+0000] {processor.py:161} INFO - Started process (PID=1080) to work on /home/airflow/.local/lib/python3.11/site-packages/airflow/example_dags/example_external_task_marker_dag.py
[2024-07-09T13:27:41.499+0000] {processor.py:830} INFO - Processing file /home/airflow/.local/lib/python3.11/site-packages/airflow/example_dags/example_external_task_marker_dag.py for tasks to queue
[2024-07-09T13:27:41.500+0000] {logging_mixin.py:188} INFO - [2024-07-09T13:27:41.500+0000] {dagbag.py:540} INFO - Filling up the DagBag from /home/airflow/.local/lib/python3.11/site-packages/airflow/example_dags/example_external_task_marker_dag.py
[2024-07-09T13:27:41.505+0000] {processor.py:840} INFO - DAG(s) 'example_external_task_marker_parent', 'example_external_task_marker_child' retrieved from /home/airflow/.local/lib/python3.11/site-packages/airflow/example_dags/example_external_task_marker_dag.py
[2024-07-09T13:27:41.530+0000] {logging_mixin.py:188} INFO - [2024-07-09T13:27:41.530+0000] {dag.py:3047} INFO - Sync 2 DAGs
[2024-07-09T13:27:41.645+0000] {logging_mixin.py:188} INFO - [2024-07-09T13:27:41.644+0000] {dag.py:3834} INFO - Setting next_dagrun for example_external_task_marker_child to None, run_after=None
[2024-07-09T13:27:41.647+0000] {logging_mixin.py:188} INFO - [2024-07-09T13:27:41.647+0000] {dag.py:3834} INFO - Setting next_dagrun for example_external_task_marker_parent to None, run_after=None
[2024-07-09T13:27:41.660+0000] {processor.py:183} INFO - Processing /home/airflow/.local/lib/python3.11/site-packages/airflow/example_dags/example_external_task_marker_dag.py took 0.165 seconds
[2024-07-09T13:28:12.076+0000] {processor.py:161} INFO - Started process (PID=1350) to work on /home/airflow/.local/lib/python3.11/site-packages/airflow/example_dags/example_external_task_marker_dag.py
[2024-07-09T13:28:12.078+0000] {processor.py:830} INFO - Processing file /home/airflow/.local/lib/python3.11/site-packages/airflow/example_dags/example_external_task_marker_dag.py for tasks to queue
[2024-07-09T13:28:12.079+0000] {logging_mixin.py:188} INFO - [2024-07-09T13:28:12.078+0000] {dagbag.py:540} INFO - Filling up the DagBag from /home/airflow/.local/lib/python3.11/site-packages/airflow/example_dags/example_external_task_marker_dag.py
[2024-07-09T13:28:12.083+0000] {processor.py:840} INFO - DAG(s) 'example_external_task_marker_child', 'example_external_task_marker_parent' retrieved from /home/airflow/.local/lib/python3.11/site-packages/airflow/example_dags/example_external_task_marker_dag.py
[2024-07-09T13:28:12.110+0000] {logging_mixin.py:188} INFO - [2024-07-09T13:28:12.110+0000] {dag.py:3047} INFO - Sync 2 DAGs
[2024-07-09T13:28:12.124+0000] {logging_mixin.py:188} INFO - [2024-07-09T13:28:12.124+0000] {dag.py:3834} INFO - Setting next_dagrun for example_external_task_marker_child to None, run_after=None
[2024-07-09T13:28:12.127+0000] {logging_mixin.py:188} INFO - [2024-07-09T13:28:12.127+0000] {dag.py:3834} INFO - Setting next_dagrun for example_external_task_marker_parent to None, run_after=None
[2024-07-09T13:28:12.141+0000] {processor.py:183} INFO - Processing /home/airflow/.local/lib/python3.11/site-packages/airflow/example_dags/example_external_task_marker_dag.py took 0.067 seconds
[2024-07-09T13:28:42.614+0000] {processor.py:161} INFO - Started process (PID=1620) to work on /home/airflow/.local/lib/python3.11/site-packages/airflow/example_dags/example_external_task_marker_dag.py
[2024-07-09T13:28:42.615+0000] {processor.py:830} INFO - Processing file /home/airflow/.local/lib/python3.11/site-packages/airflow/example_dags/example_external_task_marker_dag.py for tasks to queue
[2024-07-09T13:28:42.615+0000] {logging_mixin.py:188} INFO - [2024-07-09T13:28:42.615+0000] {dagbag.py:540} INFO - Filling up the DagBag from /home/airflow/.local/lib/python3.11/site-packages/airflow/example_dags/example_external_task_marker_dag.py
[2024-07-09T13:28:42.620+0000] {processor.py:840} INFO - DAG(s) 'example_external_task_marker_child', 'example_external_task_marker_parent' retrieved from /home/airflow/.local/lib/python3.11/site-packages/airflow/example_dags/example_external_task_marker_dag.py
[2024-07-09T13:28:42.644+0000] {logging_mixin.py:188} INFO - [2024-07-09T13:28:42.643+0000] {dag.py:3047} INFO - Sync 2 DAGs
[2024-07-09T13:28:42.654+0000] {logging_mixin.py:188} INFO - [2024-07-09T13:28:42.654+0000] {dag.py:3834} INFO - Setting next_dagrun for example_external_task_marker_child to None, run_after=None
[2024-07-09T13:28:42.657+0000] {logging_mixin.py:188} INFO - [2024-07-09T13:28:42.657+0000] {dag.py:3834} INFO - Setting next_dagrun for example_external_task_marker_parent to None, run_after=None
[2024-07-09T13:28:42.672+0000] {processor.py:183} INFO - Processing /home/airflow/.local/lib/python3.11/site-packages/airflow/example_dags/example_external_task_marker_dag.py took 0.061 seconds
[2024-07-09T13:29:12.958+0000] {processor.py:161} INFO - Started process (PID=1890) to work on /home/airflow/.local/lib/python3.11/site-packages/airflow/example_dags/example_external_task_marker_dag.py
[2024-07-09T13:29:12.960+0000] {processor.py:830} INFO - Processing file /home/airflow/.local/lib/python3.11/site-packages/airflow/example_dags/example_external_task_marker_dag.py for tasks to queue
[2024-07-09T13:29:12.960+0000] {logging_mixin.py:188} INFO - [2024-07-09T13:29:12.960+0000] {dagbag.py:540} INFO - Filling up the DagBag from /home/airflow/.local/lib/python3.11/site-packages/airflow/example_dags/example_external_task_marker_dag.py
[2024-07-09T13:29:12.965+0000] {processor.py:840} INFO - DAG(s) 'example_external_task_marker_child', 'example_external_task_marker_parent' retrieved from /home/airflow/.local/lib/python3.11/site-packages/airflow/example_dags/example_external_task_marker_dag.py
[2024-07-09T13:29:12.988+0000] {logging_mixin.py:188} INFO - [2024-07-09T13:29:12.988+0000] {dag.py:3047} INFO - Sync 2 DAGs
[2024-07-09T13:29:12.998+0000] {logging_mixin.py:188} INFO - [2024-07-09T13:29:12.998+0000] {dag.py:3834} INFO - Setting next_dagrun for example_external_task_marker_child to None, run_after=None
[2024-07-09T13:29:13.001+0000] {logging_mixin.py:188} INFO - [2024-07-09T13:29:13.001+0000] {dag.py:3834} INFO - Setting next_dagrun for example_external_task_marker_parent to None, run_after=None
[2024-07-09T13:29:13.015+0000] {processor.py:183} INFO - Processing /home/airflow/.local/lib/python3.11/site-packages/airflow/example_dags/example_external_task_marker_dag.py took 0.059 seconds
[2024-07-09T13:29:43.330+0000] {processor.py:161} INFO - Started process (PID=2160) to work on /home/airflow/.local/lib/python3.11/site-packages/airflow/example_dags/example_external_task_marker_dag.py
[2024-07-09T13:29:43.331+0000] {processor.py:830} INFO - Processing file /home/airflow/.local/lib/python3.11/site-packages/airflow/example_dags/example_external_task_marker_dag.py for tasks to queue
[2024-07-09T13:29:43.331+0000] {logging_mixin.py:188} INFO - [2024-07-09T13:29:43.331+0000] {dagbag.py:540} INFO - Filling up the DagBag from /home/airflow/.local/lib/python3.11/site-packages/airflow/example_dags/example_external_task_marker_dag.py
[2024-07-09T13:29:43.336+0000] {processor.py:840} INFO - DAG(s) 'example_external_task_marker_child', 'example_external_task_marker_parent' retrieved from /home/airflow/.local/lib/python3.11/site-packages/airflow/example_dags/example_external_task_marker_dag.py
[2024-07-09T13:29:43.359+0000] {logging_mixin.py:188} INFO - [2024-07-09T13:29:43.359+0000] {dag.py:3047} INFO - Sync 2 DAGs
[2024-07-09T13:29:43.370+0000] {logging_mixin.py:188} INFO - [2024-07-09T13:29:43.370+0000] {dag.py:3834} INFO - Setting next_dagrun for example_external_task_marker_child to None, run_after=None
[2024-07-09T13:29:43.373+0000] {logging_mixin.py:188} INFO - [2024-07-09T13:29:43.373+0000] {dag.py:3834} INFO - Setting next_dagrun for example_external_task_marker_parent to None, run_after=None
[2024-07-09T13:29:43.388+0000] {processor.py:183} INFO - Processing /home/airflow/.local/lib/python3.11/site-packages/airflow/example_dags/example_external_task_marker_dag.py took 0.061 seconds
[2024-07-09T13:31:37.957+0000] {processor.py:161} INFO - Started process (PID=269) to work on /home/airflow/.local/lib/python3.11/site-packages/airflow/example_dags/example_external_task_marker_dag.py
[2024-07-09T13:31:37.958+0000] {processor.py:830} INFO - Processing file /home/airflow/.local/lib/python3.11/site-packages/airflow/example_dags/example_external_task_marker_dag.py for tasks to queue
[2024-07-09T13:31:37.958+0000] {logging_mixin.py:188} INFO - [2024-07-09T13:31:37.958+0000] {dagbag.py:540} INFO - Filling up the DagBag from /home/airflow/.local/lib/python3.11/site-packages/airflow/example_dags/example_external_task_marker_dag.py
[2024-07-09T13:31:37.966+0000] {processor.py:840} INFO - DAG(s) 'example_external_task_marker_parent', 'example_external_task_marker_child' retrieved from /home/airflow/.local/lib/python3.11/site-packages/airflow/example_dags/example_external_task_marker_dag.py
[2024-07-09T13:31:38.052+0000] {logging_mixin.py:188} INFO - [2024-07-09T13:31:38.052+0000] {override.py:1769} INFO - Created Permission View: can edit on DAG:example_external_task_marker_parent
[2024-07-09T13:31:38.061+0000] {logging_mixin.py:188} INFO - [2024-07-09T13:31:38.060+0000] {override.py:1769} INFO - Created Permission View: can delete on DAG:example_external_task_marker_parent
[2024-07-09T13:31:38.068+0000] {logging_mixin.py:188} INFO - [2024-07-09T13:31:38.067+0000] {override.py:1769} INFO - Created Permission View: can read on DAG:example_external_task_marker_parent
[2024-07-09T13:31:38.099+0000] {logging_mixin.py:188} INFO - [2024-07-09T13:31:38.099+0000] {override.py:1769} INFO - Created Permission View: can edit on DAG:example_external_task_marker_child
[2024-07-09T13:31:38.106+0000] {logging_mixin.py:188} INFO - [2024-07-09T13:31:38.106+0000] {override.py:1769} INFO - Created Permission View: can delete on DAG:example_external_task_marker_child
[2024-07-09T13:31:38.112+0000] {logging_mixin.py:188} INFO - [2024-07-09T13:31:38.112+0000] {override.py:1769} INFO - Created Permission View: can read on DAG:example_external_task_marker_child
[2024-07-09T13:31:38.112+0000] {logging_mixin.py:188} INFO - [2024-07-09T13:31:38.112+0000] {dag.py:3047} INFO - Sync 2 DAGs
[2024-07-09T13:31:38.121+0000] {logging_mixin.py:188} INFO - [2024-07-09T13:31:38.121+0000] {dag.py:3069} INFO - Creating ORM DAG for example_external_task_marker_child
[2024-07-09T13:31:38.122+0000] {logging_mixin.py:188} INFO - [2024-07-09T13:31:38.122+0000] {dag.py:3069} INFO - Creating ORM DAG for example_external_task_marker_parent
[2024-07-09T13:31:38.122+0000] {logging_mixin.py:188} INFO - [2024-07-09T13:31:38.122+0000] {dag.py:3834} INFO - Setting next_dagrun for example_external_task_marker_child to None, run_after=None
[2024-07-09T13:31:38.123+0000] {logging_mixin.py:188} INFO - [2024-07-09T13:31:38.123+0000] {dag.py:3834} INFO - Setting next_dagrun for example_external_task_marker_parent to None, run_after=None
[2024-07-09T13:31:38.139+0000] {processor.py:183} INFO - Processing /home/airflow/.local/lib/python3.11/site-packages/airflow/example_dags/example_external_task_marker_dag.py took 0.185 seconds
[2024-07-09T13:32:08.523+0000] {processor.py:161} INFO - Started process (PID=539) to work on /home/airflow/.local/lib/python3.11/site-packages/airflow/example_dags/example_external_task_marker_dag.py
[2024-07-09T13:32:08.524+0000] {processor.py:830} INFO - Processing file /home/airflow/.local/lib/python3.11/site-packages/airflow/example_dags/example_external_task_marker_dag.py for tasks to queue
[2024-07-09T13:32:08.524+0000] {logging_mixin.py:188} INFO - [2024-07-09T13:32:08.524+0000] {dagbag.py:540} INFO - Filling up the DagBag from /home/airflow/.local/lib/python3.11/site-packages/airflow/example_dags/example_external_task_marker_dag.py
[2024-07-09T13:32:08.529+0000] {processor.py:840} INFO - DAG(s) 'example_external_task_marker_child', 'example_external_task_marker_parent' retrieved from /home/airflow/.local/lib/python3.11/site-packages/airflow/example_dags/example_external_task_marker_dag.py
[2024-07-09T13:32:08.555+0000] {logging_mixin.py:188} INFO - [2024-07-09T13:32:08.555+0000] {dag.py:3047} INFO - Sync 2 DAGs
[2024-07-09T13:32:08.565+0000] {logging_mixin.py:188} INFO - [2024-07-09T13:32:08.565+0000] {dag.py:3834} INFO - Setting next_dagrun for example_external_task_marker_child to None, run_after=None
[2024-07-09T13:32:08.568+0000] {logging_mixin.py:188} INFO - [2024-07-09T13:32:08.568+0000] {dag.py:3834} INFO - Setting next_dagrun for example_external_task_marker_parent to None, run_after=None
[2024-07-09T13:32:08.582+0000] {processor.py:183} INFO - Processing /home/airflow/.local/lib/python3.11/site-packages/airflow/example_dags/example_external_task_marker_dag.py took 0.062 seconds
[2024-07-09T13:32:38.953+0000] {processor.py:161} INFO - Started process (PID=811) to work on /home/airflow/.local/lib/python3.11/site-packages/airflow/example_dags/example_external_task_marker_dag.py
[2024-07-09T13:32:38.955+0000] {processor.py:830} INFO - Processing file /home/airflow/.local/lib/python3.11/site-packages/airflow/example_dags/example_external_task_marker_dag.py for tasks to queue
[2024-07-09T13:32:38.956+0000] {logging_mixin.py:188} INFO - [2024-07-09T13:32:38.955+0000] {dagbag.py:540} INFO - Filling up the DagBag from /home/airflow/.local/lib/python3.11/site-packages/airflow/example_dags/example_external_task_marker_dag.py
[2024-07-09T13:32:38.963+0000] {processor.py:840} INFO - DAG(s) 'example_external_task_marker_parent', 'example_external_task_marker_child' retrieved from /home/airflow/.local/lib/python3.11/site-packages/airflow/example_dags/example_external_task_marker_dag.py
[2024-07-09T13:32:38.986+0000] {logging_mixin.py:188} INFO - [2024-07-09T13:32:38.986+0000] {dag.py:3047} INFO - Sync 2 DAGs
[2024-07-09T13:32:38.996+0000] {logging_mixin.py:188} INFO - [2024-07-09T13:32:38.996+0000] {dag.py:3834} INFO - Setting next_dagrun for example_external_task_marker_child to None, run_after=None
[2024-07-09T13:32:38.999+0000] {logging_mixin.py:188} INFO - [2024-07-09T13:32:38.999+0000] {dag.py:3834} INFO - Setting next_dagrun for example_external_task_marker_parent to None, run_after=None
[2024-07-09T13:32:39.015+0000] {processor.py:183} INFO - Processing /home/airflow/.local/lib/python3.11/site-packages/airflow/example_dags/example_external_task_marker_dag.py took 0.064 seconds
[2024-07-09T13:33:09.838+0000] {processor.py:161} INFO - Started process (PID=1081) to work on /home/airflow/.local/lib/python3.11/site-packages/airflow/example_dags/example_external_task_marker_dag.py
[2024-07-09T13:33:09.839+0000] {processor.py:830} INFO - Processing file /home/airflow/.local/lib/python3.11/site-packages/airflow/example_dags/example_external_task_marker_dag.py for tasks to queue
[2024-07-09T13:33:09.840+0000] {logging_mixin.py:188} INFO - [2024-07-09T13:33:09.840+0000] {dagbag.py:540} INFO - Filling up the DagBag from /home/airflow/.local/lib/python3.11/site-packages/airflow/example_dags/example_external_task_marker_dag.py
[2024-07-09T13:33:09.844+0000] {processor.py:840} INFO - DAG(s) 'example_external_task_marker_child', 'example_external_task_marker_parent' retrieved from /home/airflow/.local/lib/python3.11/site-packages/airflow/example_dags/example_external_task_marker_dag.py
[2024-07-09T13:33:09.868+0000] {logging_mixin.py:188} INFO - [2024-07-09T13:33:09.868+0000] {dag.py:3047} INFO - Sync 2 DAGs
[2024-07-09T13:33:09.986+0000] {logging_mixin.py:188} INFO - [2024-07-09T13:33:09.986+0000] {dag.py:3834} INFO - Setting next_dagrun for example_external_task_marker_child to None, run_after=None
[2024-07-09T13:33:09.990+0000] {logging_mixin.py:188} INFO - [2024-07-09T13:33:09.990+0000] {dag.py:3834} INFO - Setting next_dagrun for example_external_task_marker_parent to None, run_after=None
[2024-07-09T13:33:10.005+0000] {processor.py:183} INFO - Processing /home/airflow/.local/lib/python3.11/site-packages/airflow/example_dags/example_external_task_marker_dag.py took 0.170 seconds
[2024-07-09T13:33:40.503+0000] {processor.py:161} INFO - Started process (PID=1349) to work on /home/airflow/.local/lib/python3.11/site-packages/airflow/example_dags/example_external_task_marker_dag.py
[2024-07-09T13:33:40.504+0000] {processor.py:830} INFO - Processing file /home/airflow/.local/lib/python3.11/site-packages/airflow/example_dags/example_external_task_marker_dag.py for tasks to queue
[2024-07-09T13:33:40.505+0000] {logging_mixin.py:188} INFO - [2024-07-09T13:33:40.505+0000] {dagbag.py:540} INFO - Filling up the DagBag from /home/airflow/.local/lib/python3.11/site-packages/airflow/example_dags/example_external_task_marker_dag.py
[2024-07-09T13:33:40.510+0000] {processor.py:840} INFO - DAG(s) 'example_external_task_marker_child', 'example_external_task_marker_parent' retrieved from /home/airflow/.local/lib/python3.11/site-packages/airflow/example_dags/example_external_task_marker_dag.py
[2024-07-09T13:33:40.535+0000] {logging_mixin.py:188} INFO - [2024-07-09T13:33:40.534+0000] {dag.py:3047} INFO - Sync 2 DAGs
[2024-07-09T13:33:40.545+0000] {logging_mixin.py:188} INFO - [2024-07-09T13:33:40.545+0000] {dag.py:3834} INFO - Setting next_dagrun for example_external_task_marker_child to None, run_after=None
[2024-07-09T13:33:40.549+0000] {logging_mixin.py:188} INFO - [2024-07-09T13:33:40.549+0000] {dag.py:3834} INFO - Setting next_dagrun for example_external_task_marker_parent to None, run_after=None
[2024-07-09T13:33:40.564+0000] {processor.py:183} INFO - Processing /home/airflow/.local/lib/python3.11/site-packages/airflow/example_dags/example_external_task_marker_dag.py took 0.063 seconds
[2024-07-09T13:34:10.856+0000] {processor.py:161} INFO - Started process (PID=1619) to work on /home/airflow/.local/lib/python3.11/site-packages/airflow/example_dags/example_external_task_marker_dag.py
[2024-07-09T13:34:10.857+0000] {processor.py:830} INFO - Processing file /home/airflow/.local/lib/python3.11/site-packages/airflow/example_dags/example_external_task_marker_dag.py for tasks to queue
[2024-07-09T13:34:10.858+0000] {logging_mixin.py:188} INFO - [2024-07-09T13:34:10.858+0000] {dagbag.py:540} INFO - Filling up the DagBag from /home/airflow/.local/lib/python3.11/site-packages/airflow/example_dags/example_external_task_marker_dag.py
[2024-07-09T13:34:10.864+0000] {processor.py:840} INFO - DAG(s) 'example_external_task_marker_parent', 'example_external_task_marker_child' retrieved from /home/airflow/.local/lib/python3.11/site-packages/airflow/example_dags/example_external_task_marker_dag.py
[2024-07-09T13:34:10.887+0000] {logging_mixin.py:188} INFO - [2024-07-09T13:34:10.887+0000] {dag.py:3047} INFO - Sync 2 DAGs
[2024-07-09T13:34:10.898+0000] {logging_mixin.py:188} INFO - [2024-07-09T13:34:10.898+0000] {dag.py:3834} INFO - Setting next_dagrun for example_external_task_marker_child to None, run_after=None
[2024-07-09T13:34:10.901+0000] {logging_mixin.py:188} INFO - [2024-07-09T13:34:10.901+0000] {dag.py:3834} INFO - Setting next_dagrun for example_external_task_marker_parent to None, run_after=None
[2024-07-09T13:34:10.915+0000] {processor.py:183} INFO - Processing /home/airflow/.local/lib/python3.11/site-packages/airflow/example_dags/example_external_task_marker_dag.py took 0.061 seconds
[2024-07-09T13:34:41.120+0000] {processor.py:161} INFO - Started process (PID=1889) to work on /home/airflow/.local/lib/python3.11/site-packages/airflow/example_dags/example_external_task_marker_dag.py
[2024-07-09T13:34:41.121+0000] {processor.py:830} INFO - Processing file /home/airflow/.local/lib/python3.11/site-packages/airflow/example_dags/example_external_task_marker_dag.py for tasks to queue
[2024-07-09T13:34:41.122+0000] {logging_mixin.py:188} INFO - [2024-07-09T13:34:41.122+0000] {dagbag.py:540} INFO - Filling up the DagBag from /home/airflow/.local/lib/python3.11/site-packages/airflow/example_dags/example_external_task_marker_dag.py
[2024-07-09T13:34:41.127+0000] {processor.py:840} INFO - DAG(s) 'example_external_task_marker_child', 'example_external_task_marker_parent' retrieved from /home/airflow/.local/lib/python3.11/site-packages/airflow/example_dags/example_external_task_marker_dag.py
[2024-07-09T13:34:41.150+0000] {logging_mixin.py:188} INFO - [2024-07-09T13:34:41.150+0000] {dag.py:3047} INFO - Sync 2 DAGs
[2024-07-09T13:34:41.160+0000] {logging_mixin.py:188} INFO - [2024-07-09T13:34:41.160+0000] {dag.py:3834} INFO - Setting next_dagrun for example_external_task_marker_child to None, run_after=None
[2024-07-09T13:34:41.163+0000] {logging_mixin.py:188} INFO - [2024-07-09T13:34:41.163+0000] {dag.py:3834} INFO - Setting next_dagrun for example_external_task_marker_parent to None, run_after=None
[2024-07-09T13:34:41.177+0000] {processor.py:183} INFO - Processing /home/airflow/.local/lib/python3.11/site-packages/airflow/example_dags/example_external_task_marker_dag.py took 0.059 seconds
[2024-07-09T13:35:11.452+0000] {processor.py:161} INFO - Started process (PID=2159) to work on /home/airflow/.local/lib/python3.11/site-packages/airflow/example_dags/example_external_task_marker_dag.py
[2024-07-09T13:35:11.453+0000] {processor.py:830} INFO - Processing file /home/airflow/.local/lib/python3.11/site-packages/airflow/example_dags/example_external_task_marker_dag.py for tasks to queue
[2024-07-09T13:35:11.454+0000] {logging_mixin.py:188} INFO - [2024-07-09T13:35:11.454+0000] {dagbag.py:540} INFO - Filling up the DagBag from /home/airflow/.local/lib/python3.11/site-packages/airflow/example_dags/example_external_task_marker_dag.py
[2024-07-09T13:35:11.458+0000] {processor.py:840} INFO - DAG(s) 'example_external_task_marker_parent', 'example_external_task_marker_child' retrieved from /home/airflow/.local/lib/python3.11/site-packages/airflow/example_dags/example_external_task_marker_dag.py
[2024-07-09T13:35:11.482+0000] {logging_mixin.py:188} INFO - [2024-07-09T13:35:11.481+0000] {dag.py:3047} INFO - Sync 2 DAGs
[2024-07-09T13:35:11.492+0000] {logging_mixin.py:188} INFO - [2024-07-09T13:35:11.492+0000] {dag.py:3834} INFO - Setting next_dagrun for example_external_task_marker_child to None, run_after=None
[2024-07-09T13:35:11.495+0000] {logging_mixin.py:188} INFO - [2024-07-09T13:35:11.495+0000] {dag.py:3834} INFO - Setting next_dagrun for example_external_task_marker_parent to None, run_after=None
[2024-07-09T13:35:11.510+0000] {processor.py:183} INFO - Processing /home/airflow/.local/lib/python3.11/site-packages/airflow/example_dags/example_external_task_marker_dag.py took 0.060 seconds
[2024-07-09T13:35:41.823+0000] {processor.py:161} INFO - Started process (PID=2429) to work on /home/airflow/.local/lib/python3.11/site-packages/airflow/example_dags/example_external_task_marker_dag.py
[2024-07-09T13:35:41.824+0000] {processor.py:830} INFO - Processing file /home/airflow/.local/lib/python3.11/site-packages/airflow/example_dags/example_external_task_marker_dag.py for tasks to queue
[2024-07-09T13:35:41.825+0000] {logging_mixin.py:188} INFO - [2024-07-09T13:35:41.824+0000] {dagbag.py:540} INFO - Filling up the DagBag from /home/airflow/.local/lib/python3.11/site-packages/airflow/example_dags/example_external_task_marker_dag.py
[2024-07-09T13:35:41.829+0000] {processor.py:840} INFO - DAG(s) 'example_external_task_marker_parent', 'example_external_task_marker_child' retrieved from /home/airflow/.local/lib/python3.11/site-packages/airflow/example_dags/example_external_task_marker_dag.py
[2024-07-09T13:35:41.852+0000] {logging_mixin.py:188} INFO - [2024-07-09T13:35:41.852+0000] {dag.py:3047} INFO - Sync 2 DAGs
[2024-07-09T13:35:41.863+0000] {logging_mixin.py:188} INFO - [2024-07-09T13:35:41.863+0000] {dag.py:3834} INFO - Setting next_dagrun for example_external_task_marker_child to None, run_after=None
[2024-07-09T13:35:41.866+0000] {logging_mixin.py:188} INFO - [2024-07-09T13:35:41.866+0000] {dag.py:3834} INFO - Setting next_dagrun for example_external_task_marker_parent to None, run_after=None
[2024-07-09T13:35:41.881+0000] {processor.py:183} INFO - Processing /home/airflow/.local/lib/python3.11/site-packages/airflow/example_dags/example_external_task_marker_dag.py took 0.060 seconds
[2024-07-09T13:36:12.119+0000] {processor.py:161} INFO - Started process (PID=2686) to work on /home/airflow/.local/lib/python3.11/site-packages/airflow/example_dags/example_external_task_marker_dag.py
[2024-07-09T13:36:12.120+0000] {processor.py:830} INFO - Processing file /home/airflow/.local/lib/python3.11/site-packages/airflow/example_dags/example_external_task_marker_dag.py for tasks to queue
[2024-07-09T13:36:12.120+0000] {logging_mixin.py:188} INFO - [2024-07-09T13:36:12.120+0000] {dagbag.py:540} INFO - Filling up the DagBag from /home/airflow/.local/lib/python3.11/site-packages/airflow/example_dags/example_external_task_marker_dag.py
[2024-07-09T13:36:12.125+0000] {processor.py:840} INFO - DAG(s) 'example_external_task_marker_parent', 'example_external_task_marker_child' retrieved from /home/airflow/.local/lib/python3.11/site-packages/airflow/example_dags/example_external_task_marker_dag.py
[2024-07-09T13:36:12.148+0000] {logging_mixin.py:188} INFO - [2024-07-09T13:36:12.148+0000] {dag.py:3047} INFO - Sync 2 DAGs
[2024-07-09T13:36:12.159+0000] {logging_mixin.py:188} INFO - [2024-07-09T13:36:12.159+0000] {dag.py:3834} INFO - Setting next_dagrun for example_external_task_marker_child to None, run_after=None
[2024-07-09T13:36:12.162+0000] {logging_mixin.py:188} INFO - [2024-07-09T13:36:12.162+0000] {dag.py:3834} INFO - Setting next_dagrun for example_external_task_marker_parent to None, run_after=None
[2024-07-09T13:36:12.176+0000] {processor.py:183} INFO - Processing /home/airflow/.local/lib/python3.11/site-packages/airflow/example_dags/example_external_task_marker_dag.py took 0.060 seconds
[2024-07-09T13:36:42.354+0000] {processor.py:161} INFO - Started process (PID=2953) to work on /home/airflow/.local/lib/python3.11/site-packages/airflow/example_dags/example_external_task_marker_dag.py
[2024-07-09T13:36:42.355+0000] {processor.py:830} INFO - Processing file /home/airflow/.local/lib/python3.11/site-packages/airflow/example_dags/example_external_task_marker_dag.py for tasks to queue
[2024-07-09T13:36:42.355+0000] {logging_mixin.py:188} INFO - [2024-07-09T13:36:42.355+0000] {dagbag.py:540} INFO - Filling up the DagBag from /home/airflow/.local/lib/python3.11/site-packages/airflow/example_dags/example_external_task_marker_dag.py
[2024-07-09T13:36:42.360+0000] {processor.py:840} INFO - DAG(s) 'example_external_task_marker_child', 'example_external_task_marker_parent' retrieved from /home/airflow/.local/lib/python3.11/site-packages/airflow/example_dags/example_external_task_marker_dag.py
[2024-07-09T13:36:42.382+0000] {logging_mixin.py:188} INFO - [2024-07-09T13:36:42.382+0000] {dag.py:3047} INFO - Sync 2 DAGs
[2024-07-09T13:36:42.392+0000] {logging_mixin.py:188} INFO - [2024-07-09T13:36:42.392+0000] {dag.py:3834} INFO - Setting next_dagrun for example_external_task_marker_child to None, run_after=None
[2024-07-09T13:36:42.395+0000] {logging_mixin.py:188} INFO - [2024-07-09T13:36:42.395+0000] {dag.py:3834} INFO - Setting next_dagrun for example_external_task_marker_parent to None, run_after=None
[2024-07-09T13:36:42.409+0000] {processor.py:183} INFO - Processing /home/airflow/.local/lib/python3.11/site-packages/airflow/example_dags/example_external_task_marker_dag.py took 0.057 seconds
[2024-07-09T13:37:12.867+0000] {processor.py:161} INFO - Started process (PID=3221) to work on /home/airflow/.local/lib/python3.11/site-packages/airflow/example_dags/example_external_task_marker_dag.py
[2024-07-09T13:37:12.869+0000] {processor.py:830} INFO - Processing file /home/airflow/.local/lib/python3.11/site-packages/airflow/example_dags/example_external_task_marker_dag.py for tasks to queue
[2024-07-09T13:37:12.869+0000] {logging_mixin.py:188} INFO - [2024-07-09T13:37:12.869+0000] {dagbag.py:540} INFO - Filling up the DagBag from /home/airflow/.local/lib/python3.11/site-packages/airflow/example_dags/example_external_task_marker_dag.py
[2024-07-09T13:37:12.874+0000] {processor.py:840} INFO - DAG(s) 'example_external_task_marker_parent', 'example_external_task_marker_child' retrieved from /home/airflow/.local/lib/python3.11/site-packages/airflow/example_dags/example_external_task_marker_dag.py
[2024-07-09T13:37:12.899+0000] {logging_mixin.py:188} INFO - [2024-07-09T13:37:12.899+0000] {dag.py:3047} INFO - Sync 2 DAGs
[2024-07-09T13:37:12.911+0000] {logging_mixin.py:188} INFO - [2024-07-09T13:37:12.911+0000] {dag.py:3834} INFO - Setting next_dagrun for example_external_task_marker_child to None, run_after=None
[2024-07-09T13:37:12.914+0000] {logging_mixin.py:188} INFO - [2024-07-09T13:37:12.914+0000] {dag.py:3834} INFO - Setting next_dagrun for example_external_task_marker_parent to None, run_after=None
[2024-07-09T13:37:12.930+0000] {processor.py:183} INFO - Processing /home/airflow/.local/lib/python3.11/site-packages/airflow/example_dags/example_external_task_marker_dag.py took 0.066 seconds
[2024-07-09T13:46:11.027+0000] {processor.py:161} INFO - Started process (PID=269) to work on /home/airflow/.local/lib/python3.11/site-packages/airflow/example_dags/example_external_task_marker_dag.py
[2024-07-09T13:46:11.029+0000] {processor.py:830} INFO - Processing file /home/airflow/.local/lib/python3.11/site-packages/airflow/example_dags/example_external_task_marker_dag.py for tasks to queue
[2024-07-09T13:46:11.030+0000] {logging_mixin.py:188} INFO - [2024-07-09T13:46:11.029+0000] {dagbag.py:540} INFO - Filling up the DagBag from /home/airflow/.local/lib/python3.11/site-packages/airflow/example_dags/example_external_task_marker_dag.py
[2024-07-09T13:46:11.037+0000] {processor.py:840} INFO - DAG(s) 'example_external_task_marker_parent', 'example_external_task_marker_child' retrieved from /home/airflow/.local/lib/python3.11/site-packages/airflow/example_dags/example_external_task_marker_dag.py
[2024-07-09T13:46:11.134+0000] {logging_mixin.py:188} INFO - [2024-07-09T13:46:11.133+0000] {override.py:1769} INFO - Created Permission View: can delete on DAG:example_external_task_marker_parent
[2024-07-09T13:46:11.146+0000] {logging_mixin.py:188} INFO - [2024-07-09T13:46:11.146+0000] {override.py:1769} INFO - Created Permission View: can read on DAG:example_external_task_marker_parent
[2024-07-09T13:46:11.154+0000] {logging_mixin.py:188} INFO - [2024-07-09T13:46:11.153+0000] {override.py:1769} INFO - Created Permission View: can edit on DAG:example_external_task_marker_parent
[2024-07-09T13:46:11.172+0000] {logging_mixin.py:188} INFO - [2024-07-09T13:46:11.172+0000] {override.py:1769} INFO - Created Permission View: can delete on DAG:example_external_task_marker_child
[2024-07-09T13:46:11.181+0000] {logging_mixin.py:188} INFO - [2024-07-09T13:46:11.181+0000] {override.py:1769} INFO - Created Permission View: can read on DAG:example_external_task_marker_child
[2024-07-09T13:46:11.189+0000] {logging_mixin.py:188} INFO - [2024-07-09T13:46:11.189+0000] {override.py:1769} INFO - Created Permission View: can edit on DAG:example_external_task_marker_child
[2024-07-09T13:46:11.189+0000] {logging_mixin.py:188} INFO - [2024-07-09T13:46:11.189+0000] {dag.py:3047} INFO - Sync 2 DAGs
[2024-07-09T13:46:11.200+0000] {logging_mixin.py:188} INFO - [2024-07-09T13:46:11.200+0000] {dag.py:3069} INFO - Creating ORM DAG for example_external_task_marker_child
[2024-07-09T13:46:11.200+0000] {logging_mixin.py:188} INFO - [2024-07-09T13:46:11.200+0000] {dag.py:3069} INFO - Creating ORM DAG for example_external_task_marker_parent
[2024-07-09T13:46:11.201+0000] {logging_mixin.py:188} INFO - [2024-07-09T13:46:11.201+0000] {dag.py:3834} INFO - Setting next_dagrun for example_external_task_marker_child to None, run_after=None
[2024-07-09T13:46:11.201+0000] {logging_mixin.py:188} INFO - [2024-07-09T13:46:11.201+0000] {dag.py:3834} INFO - Setting next_dagrun for example_external_task_marker_parent to None, run_after=None
[2024-07-09T13:46:11.219+0000] {processor.py:183} INFO - Processing /home/airflow/.local/lib/python3.11/site-packages/airflow/example_dags/example_external_task_marker_dag.py took 0.194 seconds
[2024-07-09T13:46:41.288+0000] {processor.py:161} INFO - Started process (PID=539) to work on /home/airflow/.local/lib/python3.11/site-packages/airflow/example_dags/example_external_task_marker_dag.py
[2024-07-09T13:46:41.289+0000] {processor.py:830} INFO - Processing file /home/airflow/.local/lib/python3.11/site-packages/airflow/example_dags/example_external_task_marker_dag.py for tasks to queue
[2024-07-09T13:46:41.290+0000] {logging_mixin.py:188} INFO - [2024-07-09T13:46:41.290+0000] {dagbag.py:540} INFO - Filling up the DagBag from /home/airflow/.local/lib/python3.11/site-packages/airflow/example_dags/example_external_task_marker_dag.py
[2024-07-09T13:46:41.295+0000] {processor.py:840} INFO - DAG(s) 'example_external_task_marker_parent', 'example_external_task_marker_child' retrieved from /home/airflow/.local/lib/python3.11/site-packages/airflow/example_dags/example_external_task_marker_dag.py
[2024-07-09T13:46:41.316+0000] {logging_mixin.py:188} INFO - [2024-07-09T13:46:41.315+0000] {dag.py:3047} INFO - Sync 2 DAGs
[2024-07-09T13:46:41.325+0000] {logging_mixin.py:188} INFO - [2024-07-09T13:46:41.325+0000] {dag.py:3834} INFO - Setting next_dagrun for example_external_task_marker_child to None, run_after=None
[2024-07-09T13:46:41.328+0000] {logging_mixin.py:188} INFO - [2024-07-09T13:46:41.328+0000] {dag.py:3834} INFO - Setting next_dagrun for example_external_task_marker_parent to None, run_after=None
[2024-07-09T13:46:41.340+0000] {processor.py:183} INFO - Processing /home/airflow/.local/lib/python3.11/site-packages/airflow/example_dags/example_external_task_marker_dag.py took 0.054 seconds
[2024-07-09T13:47:12.088+0000] {processor.py:161} INFO - Started process (PID=809) to work on /home/airflow/.local/lib/python3.11/site-packages/airflow/example_dags/example_external_task_marker_dag.py
[2024-07-09T13:47:12.089+0000] {processor.py:830} INFO - Processing file /home/airflow/.local/lib/python3.11/site-packages/airflow/example_dags/example_external_task_marker_dag.py for tasks to queue
[2024-07-09T13:47:12.090+0000] {logging_mixin.py:188} INFO - [2024-07-09T13:47:12.090+0000] {dagbag.py:540} INFO - Filling up the DagBag from /home/airflow/.local/lib/python3.11/site-packages/airflow/example_dags/example_external_task_marker_dag.py
[2024-07-09T13:47:12.094+0000] {processor.py:840} INFO - DAG(s) 'example_external_task_marker_parent', 'example_external_task_marker_child' retrieved from /home/airflow/.local/lib/python3.11/site-packages/airflow/example_dags/example_external_task_marker_dag.py
[2024-07-09T13:47:12.119+0000] {logging_mixin.py:188} INFO - [2024-07-09T13:47:12.118+0000] {dag.py:3047} INFO - Sync 2 DAGs
[2024-07-09T13:47:12.128+0000] {logging_mixin.py:188} INFO - [2024-07-09T13:47:12.128+0000] {dag.py:3834} INFO - Setting next_dagrun for example_external_task_marker_child to None, run_after=None
[2024-07-09T13:47:12.132+0000] {logging_mixin.py:188} INFO - [2024-07-09T13:47:12.132+0000] {dag.py:3834} INFO - Setting next_dagrun for example_external_task_marker_parent to None, run_after=None
[2024-07-09T13:47:12.146+0000] {processor.py:183} INFO - Processing /home/airflow/.local/lib/python3.11/site-packages/airflow/example_dags/example_external_task_marker_dag.py took 0.061 seconds
[2024-07-09T13:47:43.216+0000] {processor.py:161} INFO - Started process (PID=1079) to work on /home/airflow/.local/lib/python3.11/site-packages/airflow/example_dags/example_external_task_marker_dag.py
[2024-07-09T13:47:43.217+0000] {processor.py:830} INFO - Processing file /home/airflow/.local/lib/python3.11/site-packages/airflow/example_dags/example_external_task_marker_dag.py for tasks to queue
[2024-07-09T13:47:43.217+0000] {logging_mixin.py:188} INFO - [2024-07-09T13:47:43.217+0000] {dagbag.py:540} INFO - Filling up the DagBag from /home/airflow/.local/lib/python3.11/site-packages/airflow/example_dags/example_external_task_marker_dag.py
[2024-07-09T13:47:43.222+0000] {processor.py:840} INFO - DAG(s) 'example_external_task_marker_parent', 'example_external_task_marker_child' retrieved from /home/airflow/.local/lib/python3.11/site-packages/airflow/example_dags/example_external_task_marker_dag.py
[2024-07-09T13:47:43.249+0000] {logging_mixin.py:188} INFO - [2024-07-09T13:47:43.249+0000] {dag.py:3047} INFO - Sync 2 DAGs
[2024-07-09T13:47:43.374+0000] {logging_mixin.py:188} INFO - [2024-07-09T13:47:43.374+0000] {dag.py:3834} INFO - Setting next_dagrun for example_external_task_marker_child to None, run_after=None
[2024-07-09T13:47:43.378+0000] {logging_mixin.py:188} INFO - [2024-07-09T13:47:43.378+0000] {dag.py:3834} INFO - Setting next_dagrun for example_external_task_marker_parent to None, run_after=None
[2024-07-09T13:47:43.393+0000] {processor.py:183} INFO - Processing /home/airflow/.local/lib/python3.11/site-packages/airflow/example_dags/example_external_task_marker_dag.py took 0.179 seconds
[2024-07-09T13:48:13.571+0000] {processor.py:161} INFO - Started process (PID=1349) to work on /home/airflow/.local/lib/python3.11/site-packages/airflow/example_dags/example_external_task_marker_dag.py
[2024-07-09T13:48:13.572+0000] {processor.py:830} INFO - Processing file /home/airflow/.local/lib/python3.11/site-packages/airflow/example_dags/example_external_task_marker_dag.py for tasks to queue
[2024-07-09T13:48:13.572+0000] {logging_mixin.py:188} INFO - [2024-07-09T13:48:13.572+0000] {dagbag.py:540} INFO - Filling up the DagBag from /home/airflow/.local/lib/python3.11/site-packages/airflow/example_dags/example_external_task_marker_dag.py
[2024-07-09T13:48:13.578+0000] {processor.py:840} INFO - DAG(s) 'example_external_task_marker_child', 'example_external_task_marker_parent' retrieved from /home/airflow/.local/lib/python3.11/site-packages/airflow/example_dags/example_external_task_marker_dag.py
[2024-07-09T13:48:13.604+0000] {logging_mixin.py:188} INFO - [2024-07-09T13:48:13.604+0000] {dag.py:3047} INFO - Sync 2 DAGs
[2024-07-09T13:48:13.618+0000] {logging_mixin.py:188} INFO - [2024-07-09T13:48:13.618+0000] {dag.py:3834} INFO - Setting next_dagrun for example_external_task_marker_child to None, run_after=None
[2024-07-09T13:48:13.621+0000] {logging_mixin.py:188} INFO - [2024-07-09T13:48:13.621+0000] {dag.py:3834} INFO - Setting next_dagrun for example_external_task_marker_parent to None, run_after=None
[2024-07-09T13:48:13.637+0000] {processor.py:183} INFO - Processing /home/airflow/.local/lib/python3.11/site-packages/airflow/example_dags/example_external_task_marker_dag.py took 0.069 seconds
[2024-07-09T13:48:44.050+0000] {processor.py:161} INFO - Started process (PID=1619) to work on /home/airflow/.local/lib/python3.11/site-packages/airflow/example_dags/example_external_task_marker_dag.py
[2024-07-09T13:48:44.051+0000] {processor.py:830} INFO - Processing file /home/airflow/.local/lib/python3.11/site-packages/airflow/example_dags/example_external_task_marker_dag.py for tasks to queue
[2024-07-09T13:48:44.052+0000] {logging_mixin.py:188} INFO - [2024-07-09T13:48:44.051+0000] {dagbag.py:540} INFO - Filling up the DagBag from /home/airflow/.local/lib/python3.11/site-packages/airflow/example_dags/example_external_task_marker_dag.py
[2024-07-09T13:48:44.057+0000] {processor.py:840} INFO - DAG(s) 'example_external_task_marker_parent', 'example_external_task_marker_child' retrieved from /home/airflow/.local/lib/python3.11/site-packages/airflow/example_dags/example_external_task_marker_dag.py
[2024-07-09T13:48:44.079+0000] {logging_mixin.py:188} INFO - [2024-07-09T13:48:44.079+0000] {dag.py:3047} INFO - Sync 2 DAGs
[2024-07-09T13:48:44.089+0000] {logging_mixin.py:188} INFO - [2024-07-09T13:48:44.089+0000] {dag.py:3834} INFO - Setting next_dagrun for example_external_task_marker_child to None, run_after=None
[2024-07-09T13:48:44.092+0000] {logging_mixin.py:188} INFO - [2024-07-09T13:48:44.092+0000] {dag.py:3834} INFO - Setting next_dagrun for example_external_task_marker_parent to None, run_after=None
[2024-07-09T13:48:44.106+0000] {processor.py:183} INFO - Processing /home/airflow/.local/lib/python3.11/site-packages/airflow/example_dags/example_external_task_marker_dag.py took 0.059 seconds
[2024-07-09T13:49:14.561+0000] {processor.py:161} INFO - Started process (PID=1889) to work on /home/airflow/.local/lib/python3.11/site-packages/airflow/example_dags/example_external_task_marker_dag.py
[2024-07-09T13:49:14.562+0000] {processor.py:830} INFO - Processing file /home/airflow/.local/lib/python3.11/site-packages/airflow/example_dags/example_external_task_marker_dag.py for tasks to queue
[2024-07-09T13:49:14.563+0000] {logging_mixin.py:188} INFO - [2024-07-09T13:49:14.562+0000] {dagbag.py:540} INFO - Filling up the DagBag from /home/airflow/.local/lib/python3.11/site-packages/airflow/example_dags/example_external_task_marker_dag.py
[2024-07-09T13:49:14.568+0000] {processor.py:840} INFO - DAG(s) 'example_external_task_marker_parent', 'example_external_task_marker_child' retrieved from /home/airflow/.local/lib/python3.11/site-packages/airflow/example_dags/example_external_task_marker_dag.py
[2024-07-09T13:49:14.591+0000] {logging_mixin.py:188} INFO - [2024-07-09T13:49:14.591+0000] {dag.py:3047} INFO - Sync 2 DAGs
[2024-07-09T13:49:14.602+0000] {logging_mixin.py:188} INFO - [2024-07-09T13:49:14.601+0000] {dag.py:3834} INFO - Setting next_dagrun for example_external_task_marker_child to None, run_after=None
[2024-07-09T13:49:14.605+0000] {logging_mixin.py:188} INFO - [2024-07-09T13:49:14.604+0000] {dag.py:3834} INFO - Setting next_dagrun for example_external_task_marker_parent to None, run_after=None
[2024-07-09T13:49:14.617+0000] {processor.py:183} INFO - Processing /home/airflow/.local/lib/python3.11/site-packages/airflow/example_dags/example_external_task_marker_dag.py took 0.060 seconds
[2024-07-09T13:49:45.473+0000] {processor.py:161} INFO - Started process (PID=2159) to work on /home/airflow/.local/lib/python3.11/site-packages/airflow/example_dags/example_external_task_marker_dag.py
[2024-07-09T13:49:45.474+0000] {processor.py:830} INFO - Processing file /home/airflow/.local/lib/python3.11/site-packages/airflow/example_dags/example_external_task_marker_dag.py for tasks to queue
[2024-07-09T13:49:45.475+0000] {logging_mixin.py:188} INFO - [2024-07-09T13:49:45.475+0000] {dagbag.py:540} INFO - Filling up the DagBag from /home/airflow/.local/lib/python3.11/site-packages/airflow/example_dags/example_external_task_marker_dag.py
[2024-07-09T13:49:45.480+0000] {processor.py:840} INFO - DAG(s) 'example_external_task_marker_parent', 'example_external_task_marker_child' retrieved from /home/airflow/.local/lib/python3.11/site-packages/airflow/example_dags/example_external_task_marker_dag.py
[2024-07-09T13:49:45.505+0000] {logging_mixin.py:188} INFO - [2024-07-09T13:49:45.505+0000] {dag.py:3047} INFO - Sync 2 DAGs
[2024-07-09T13:49:45.516+0000] {logging_mixin.py:188} INFO - [2024-07-09T13:49:45.516+0000] {dag.py:3834} INFO - Setting next_dagrun for example_external_task_marker_child to None, run_after=None
[2024-07-09T13:49:45.519+0000] {logging_mixin.py:188} INFO - [2024-07-09T13:49:45.519+0000] {dag.py:3834} INFO - Setting next_dagrun for example_external_task_marker_parent to None, run_after=None
[2024-07-09T13:49:45.535+0000] {processor.py:183} INFO - Processing /home/airflow/.local/lib/python3.11/site-packages/airflow/example_dags/example_external_task_marker_dag.py took 0.064 seconds
[2024-07-09T13:50:16.121+0000] {processor.py:161} INFO - Started process (PID=2431) to work on /home/airflow/.local/lib/python3.11/site-packages/airflow/example_dags/example_external_task_marker_dag.py
[2024-07-09T13:50:16.122+0000] {processor.py:830} INFO - Processing file /home/airflow/.local/lib/python3.11/site-packages/airflow/example_dags/example_external_task_marker_dag.py for tasks to queue
[2024-07-09T13:50:16.123+0000] {logging_mixin.py:188} INFO - [2024-07-09T13:50:16.122+0000] {dagbag.py:540} INFO - Filling up the DagBag from /home/airflow/.local/lib/python3.11/site-packages/airflow/example_dags/example_external_task_marker_dag.py
[2024-07-09T13:50:16.127+0000] {processor.py:840} INFO - DAG(s) 'example_external_task_marker_parent', 'example_external_task_marker_child' retrieved from /home/airflow/.local/lib/python3.11/site-packages/airflow/example_dags/example_external_task_marker_dag.py
[2024-07-09T13:50:16.151+0000] {logging_mixin.py:188} INFO - [2024-07-09T13:50:16.151+0000] {dag.py:3047} INFO - Sync 2 DAGs
[2024-07-09T13:50:16.161+0000] {logging_mixin.py:188} INFO - [2024-07-09T13:50:16.161+0000] {dag.py:3834} INFO - Setting next_dagrun for example_external_task_marker_child to None, run_after=None
[2024-07-09T13:50:16.164+0000] {logging_mixin.py:188} INFO - [2024-07-09T13:50:16.164+0000] {dag.py:3834} INFO - Setting next_dagrun for example_external_task_marker_parent to None, run_after=None
[2024-07-09T13:50:16.178+0000] {processor.py:183} INFO - Processing /home/airflow/.local/lib/python3.11/site-packages/airflow/example_dags/example_external_task_marker_dag.py took 0.060 seconds
[2024-07-09T13:50:46.300+0000] {processor.py:161} INFO - Started process (PID=2686) to work on /home/airflow/.local/lib/python3.11/site-packages/airflow/example_dags/example_external_task_marker_dag.py
[2024-07-09T13:50:46.301+0000] {processor.py:830} INFO - Processing file /home/airflow/.local/lib/python3.11/site-packages/airflow/example_dags/example_external_task_marker_dag.py for tasks to queue
[2024-07-09T13:50:46.302+0000] {logging_mixin.py:188} INFO - [2024-07-09T13:50:46.302+0000] {dagbag.py:540} INFO - Filling up the DagBag from /home/airflow/.local/lib/python3.11/site-packages/airflow/example_dags/example_external_task_marker_dag.py
[2024-07-09T13:50:46.307+0000] {processor.py:840} INFO - DAG(s) 'example_external_task_marker_child', 'example_external_task_marker_parent' retrieved from /home/airflow/.local/lib/python3.11/site-packages/airflow/example_dags/example_external_task_marker_dag.py
[2024-07-09T13:50:46.332+0000] {logging_mixin.py:188} INFO - [2024-07-09T13:50:46.331+0000] {dag.py:3047} INFO - Sync 2 DAGs
[2024-07-09T13:50:46.343+0000] {logging_mixin.py:188} INFO - [2024-07-09T13:50:46.342+0000] {dag.py:3834} INFO - Setting next_dagrun for example_external_task_marker_child to None, run_after=None
[2024-07-09T13:50:46.346+0000] {logging_mixin.py:188} INFO - [2024-07-09T13:50:46.346+0000] {dag.py:3834} INFO - Setting next_dagrun for example_external_task_marker_parent to None, run_after=None
[2024-07-09T13:50:46.361+0000] {processor.py:183} INFO - Processing /home/airflow/.local/lib/python3.11/site-packages/airflow/example_dags/example_external_task_marker_dag.py took 0.064 seconds
[2024-07-09T13:51:16.633+0000] {processor.py:161} INFO - Started process (PID=2951) to work on /home/airflow/.local/lib/python3.11/site-packages/airflow/example_dags/example_external_task_marker_dag.py
[2024-07-09T13:51:16.634+0000] {processor.py:830} INFO - Processing file /home/airflow/.local/lib/python3.11/site-packages/airflow/example_dags/example_external_task_marker_dag.py for tasks to queue
[2024-07-09T13:51:16.635+0000] {logging_mixin.py:188} INFO - [2024-07-09T13:51:16.635+0000] {dagbag.py:540} INFO - Filling up the DagBag from /home/airflow/.local/lib/python3.11/site-packages/airflow/example_dags/example_external_task_marker_dag.py
[2024-07-09T13:51:16.640+0000] {processor.py:840} INFO - DAG(s) 'example_external_task_marker_child', 'example_external_task_marker_parent' retrieved from /home/airflow/.local/lib/python3.11/site-packages/airflow/example_dags/example_external_task_marker_dag.py
[2024-07-09T13:51:16.664+0000] {logging_mixin.py:188} INFO - [2024-07-09T13:51:16.664+0000] {dag.py:3047} INFO - Sync 2 DAGs
[2024-07-09T13:51:16.676+0000] {logging_mixin.py:188} INFO - [2024-07-09T13:51:16.676+0000] {dag.py:3834} INFO - Setting next_dagrun for example_external_task_marker_child to None, run_after=None
[2024-07-09T13:51:16.679+0000] {logging_mixin.py:188} INFO - [2024-07-09T13:51:16.679+0000] {dag.py:3834} INFO - Setting next_dagrun for example_external_task_marker_parent to None, run_after=None
[2024-07-09T13:51:16.695+0000] {processor.py:183} INFO - Processing /home/airflow/.local/lib/python3.11/site-packages/airflow/example_dags/example_external_task_marker_dag.py took 0.064 seconds
