[2024-07-09T13:18:47.589+0000] {processor.py:161} INFO - Started process (PID=209) to work on /home/airflow/.local/lib/python3.11/site-packages/airflow/example_dags/example_python_decorator.py
[2024-07-09T13:18:47.590+0000] {processor.py:830} INFO - Processing file /home/airflow/.local/lib/python3.11/site-packages/airflow/example_dags/example_python_decorator.py for tasks to queue
[2024-07-09T13:18:47.591+0000] {logging_mixin.py:188} INFO - [2024-07-09T13:18:47.590+0000] {dagbag.py:540} INFO - Filling up the DagBag from /home/airflow/.local/lib/python3.11/site-packages/airflow/example_dags/example_python_decorator.py
[2024-07-09T13:18:47.600+0000] {logging_mixin.py:188} INFO - [2024-07-09T13:18:47.599+0000] {example_python_decorator.py:79} WARNING - The virtalenv_python example task requires virtualenv, please install it.
[2024-07-09T13:18:47.602+0000] {processor.py:840} INFO - DAG(s) 'example_python_decorator' retrieved from /home/airflow/.local/lib/python3.11/site-packages/airflow/example_dags/example_python_decorator.py
[2024-07-09T13:18:47.703+0000] {logging_mixin.py:188} INFO - [2024-07-09T13:18:47.703+0000] {override.py:1769} INFO - Created Permission View: can delete on DAG:example_python_decorator
[2024-07-09T13:18:47.715+0000] {logging_mixin.py:188} INFO - [2024-07-09T13:18:47.714+0000] {override.py:1769} INFO - Created Permission View: can read on DAG:example_python_decorator
[2024-07-09T13:18:47.722+0000] {logging_mixin.py:188} INFO - [2024-07-09T13:18:47.721+0000] {override.py:1769} INFO - Created Permission View: can edit on DAG:example_python_decorator
[2024-07-09T13:18:47.722+0000] {logging_mixin.py:188} INFO - [2024-07-09T13:18:47.722+0000] {dag.py:3047} INFO - Sync 1 DAGs
[2024-07-09T13:18:47.732+0000] {logging_mixin.py:188} INFO - [2024-07-09T13:18:47.731+0000] {dag.py:3069} INFO - Creating ORM DAG for example_python_decorator
[2024-07-09T13:18:47.732+0000] {logging_mixin.py:188} INFO - [2024-07-09T13:18:47.732+0000] {dag.py:3834} INFO - Setting next_dagrun for example_python_decorator to None, run_after=None
[2024-07-09T13:18:47.749+0000] {processor.py:183} INFO - Processing /home/airflow/.local/lib/python3.11/site-packages/airflow/example_dags/example_python_decorator.py took 0.162 seconds
[2024-07-09T13:19:18.247+0000] {processor.py:161} INFO - Started process (PID=479) to work on /home/airflow/.local/lib/python3.11/site-packages/airflow/example_dags/example_python_decorator.py
[2024-07-09T13:19:18.248+0000] {processor.py:830} INFO - Processing file /home/airflow/.local/lib/python3.11/site-packages/airflow/example_dags/example_python_decorator.py for tasks to queue
[2024-07-09T13:19:18.249+0000] {logging_mixin.py:188} INFO - [2024-07-09T13:19:18.248+0000] {dagbag.py:540} INFO - Filling up the DagBag from /home/airflow/.local/lib/python3.11/site-packages/airflow/example_dags/example_python_decorator.py
[2024-07-09T13:19:18.258+0000] {logging_mixin.py:188} INFO - [2024-07-09T13:19:18.258+0000] {example_python_decorator.py:79} WARNING - The virtalenv_python example task requires virtualenv, please install it.
[2024-07-09T13:19:18.259+0000] {processor.py:840} INFO - DAG(s) 'example_python_decorator' retrieved from /home/airflow/.local/lib/python3.11/site-packages/airflow/example_dags/example_python_decorator.py
[2024-07-09T13:19:18.285+0000] {logging_mixin.py:188} INFO - [2024-07-09T13:19:18.284+0000] {dag.py:3047} INFO - Sync 1 DAGs
[2024-07-09T13:19:18.295+0000] {logging_mixin.py:188} INFO - [2024-07-09T13:19:18.295+0000] {dag.py:3834} INFO - Setting next_dagrun for example_python_decorator to None, run_after=None
[2024-07-09T13:19:18.310+0000] {processor.py:183} INFO - Processing /home/airflow/.local/lib/python3.11/site-packages/airflow/example_dags/example_python_decorator.py took 0.066 seconds
[2024-07-09T13:19:49.146+0000] {processor.py:161} INFO - Started process (PID=749) to work on /home/airflow/.local/lib/python3.11/site-packages/airflow/example_dags/example_python_decorator.py
[2024-07-09T13:19:49.147+0000] {processor.py:830} INFO - Processing file /home/airflow/.local/lib/python3.11/site-packages/airflow/example_dags/example_python_decorator.py for tasks to queue
[2024-07-09T13:19:49.148+0000] {logging_mixin.py:188} INFO - [2024-07-09T13:19:49.148+0000] {dagbag.py:540} INFO - Filling up the DagBag from /home/airflow/.local/lib/python3.11/site-packages/airflow/example_dags/example_python_decorator.py
[2024-07-09T13:19:49.157+0000] {logging_mixin.py:188} INFO - [2024-07-09T13:19:49.157+0000] {example_python_decorator.py:79} WARNING - The virtalenv_python example task requires virtualenv, please install it.
[2024-07-09T13:19:49.157+0000] {processor.py:840} INFO - DAG(s) 'example_python_decorator' retrieved from /home/airflow/.local/lib/python3.11/site-packages/airflow/example_dags/example_python_decorator.py
[2024-07-09T13:19:49.181+0000] {logging_mixin.py:188} INFO - [2024-07-09T13:19:49.181+0000] {dag.py:3047} INFO - Sync 1 DAGs
[2024-07-09T13:19:49.191+0000] {logging_mixin.py:188} INFO - [2024-07-09T13:19:49.191+0000] {dag.py:3834} INFO - Setting next_dagrun for example_python_decorator to None, run_after=None
[2024-07-09T13:19:49.205+0000] {processor.py:183} INFO - Processing /home/airflow/.local/lib/python3.11/site-packages/airflow/example_dags/example_python_decorator.py took 0.062 seconds
[2024-07-09T13:20:20.173+0000] {processor.py:161} INFO - Started process (PID=1019) to work on /home/airflow/.local/lib/python3.11/site-packages/airflow/example_dags/example_python_decorator.py
[2024-07-09T13:20:20.174+0000] {processor.py:830} INFO - Processing file /home/airflow/.local/lib/python3.11/site-packages/airflow/example_dags/example_python_decorator.py for tasks to queue
[2024-07-09T13:20:20.175+0000] {logging_mixin.py:188} INFO - [2024-07-09T13:20:20.174+0000] {dagbag.py:540} INFO - Filling up the DagBag from /home/airflow/.local/lib/python3.11/site-packages/airflow/example_dags/example_python_decorator.py
[2024-07-09T13:20:20.185+0000] {logging_mixin.py:188} INFO - [2024-07-09T13:20:20.185+0000] {example_python_decorator.py:79} WARNING - The virtalenv_python example task requires virtualenv, please install it.
[2024-07-09T13:20:20.186+0000] {processor.py:840} INFO - DAG(s) 'example_python_decorator' retrieved from /home/airflow/.local/lib/python3.11/site-packages/airflow/example_dags/example_python_decorator.py
[2024-07-09T13:20:20.212+0000] {logging_mixin.py:188} INFO - [2024-07-09T13:20:20.212+0000] {dag.py:3047} INFO - Sync 1 DAGs
[2024-07-09T13:20:20.222+0000] {logging_mixin.py:188} INFO - [2024-07-09T13:20:20.222+0000] {dag.py:3834} INFO - Setting next_dagrun for example_python_decorator to None, run_after=None
[2024-07-09T13:20:20.242+0000] {processor.py:183} INFO - Processing /home/airflow/.local/lib/python3.11/site-packages/airflow/example_dags/example_python_decorator.py took 0.072 seconds
[2024-07-09T13:20:51.400+0000] {processor.py:161} INFO - Started process (PID=1289) to work on /home/airflow/.local/lib/python3.11/site-packages/airflow/example_dags/example_python_decorator.py
[2024-07-09T13:20:51.401+0000] {processor.py:830} INFO - Processing file /home/airflow/.local/lib/python3.11/site-packages/airflow/example_dags/example_python_decorator.py for tasks to queue
[2024-07-09T13:20:51.401+0000] {logging_mixin.py:188} INFO - [2024-07-09T13:20:51.401+0000] {dagbag.py:540} INFO - Filling up the DagBag from /home/airflow/.local/lib/python3.11/site-packages/airflow/example_dags/example_python_decorator.py
[2024-07-09T13:20:51.410+0000] {logging_mixin.py:188} INFO - [2024-07-09T13:20:51.409+0000] {example_python_decorator.py:79} WARNING - The virtalenv_python example task requires virtualenv, please install it.
[2024-07-09T13:20:51.410+0000] {processor.py:840} INFO - DAG(s) 'example_python_decorator' retrieved from /home/airflow/.local/lib/python3.11/site-packages/airflow/example_dags/example_python_decorator.py
[2024-07-09T13:20:51.432+0000] {logging_mixin.py:188} INFO - [2024-07-09T13:20:51.432+0000] {dag.py:3047} INFO - Sync 1 DAGs
[2024-07-09T13:20:51.445+0000] {logging_mixin.py:188} INFO - [2024-07-09T13:20:51.445+0000] {dag.py:3834} INFO - Setting next_dagrun for example_python_decorator to None, run_after=None
[2024-07-09T13:20:51.461+0000] {processor.py:183} INFO - Processing /home/airflow/.local/lib/python3.11/site-packages/airflow/example_dags/example_python_decorator.py took 0.063 seconds
[2024-07-09T13:21:22.330+0000] {processor.py:161} INFO - Started process (PID=1547) to work on /home/airflow/.local/lib/python3.11/site-packages/airflow/example_dags/example_python_decorator.py
[2024-07-09T13:21:22.331+0000] {processor.py:830} INFO - Processing file /home/airflow/.local/lib/python3.11/site-packages/airflow/example_dags/example_python_decorator.py for tasks to queue
[2024-07-09T13:21:22.332+0000] {logging_mixin.py:188} INFO - [2024-07-09T13:21:22.331+0000] {dagbag.py:540} INFO - Filling up the DagBag from /home/airflow/.local/lib/python3.11/site-packages/airflow/example_dags/example_python_decorator.py
[2024-07-09T13:21:22.339+0000] {logging_mixin.py:188} INFO - [2024-07-09T13:21:22.339+0000] {example_python_decorator.py:79} WARNING - The virtalenv_python example task requires virtualenv, please install it.
[2024-07-09T13:21:22.339+0000] {processor.py:840} INFO - DAG(s) 'example_python_decorator' retrieved from /home/airflow/.local/lib/python3.11/site-packages/airflow/example_dags/example_python_decorator.py
[2024-07-09T13:21:22.366+0000] {logging_mixin.py:188} INFO - [2024-07-09T13:21:22.365+0000] {dag.py:3047} INFO - Sync 1 DAGs
[2024-07-09T13:21:22.379+0000] {logging_mixin.py:188} INFO - [2024-07-09T13:21:22.378+0000] {dag.py:3834} INFO - Setting next_dagrun for example_python_decorator to None, run_after=None
[2024-07-09T13:21:22.397+0000] {processor.py:183} INFO - Processing /home/airflow/.local/lib/python3.11/site-packages/airflow/example_dags/example_python_decorator.py took 0.070 seconds
[2024-07-09T13:21:52.960+0000] {processor.py:161} INFO - Started process (PID=1817) to work on /home/airflow/.local/lib/python3.11/site-packages/airflow/example_dags/example_python_decorator.py
[2024-07-09T13:21:52.961+0000] {processor.py:830} INFO - Processing file /home/airflow/.local/lib/python3.11/site-packages/airflow/example_dags/example_python_decorator.py for tasks to queue
[2024-07-09T13:21:52.962+0000] {logging_mixin.py:188} INFO - [2024-07-09T13:21:52.962+0000] {dagbag.py:540} INFO - Filling up the DagBag from /home/airflow/.local/lib/python3.11/site-packages/airflow/example_dags/example_python_decorator.py
[2024-07-09T13:21:52.970+0000] {logging_mixin.py:188} INFO - [2024-07-09T13:21:52.970+0000] {example_python_decorator.py:79} WARNING - The virtalenv_python example task requires virtualenv, please install it.
[2024-07-09T13:21:52.971+0000] {processor.py:840} INFO - DAG(s) 'example_python_decorator' retrieved from /home/airflow/.local/lib/python3.11/site-packages/airflow/example_dags/example_python_decorator.py
[2024-07-09T13:21:52.997+0000] {logging_mixin.py:188} INFO - [2024-07-09T13:21:52.997+0000] {dag.py:3047} INFO - Sync 1 DAGs
[2024-07-09T13:21:53.018+0000] {logging_mixin.py:188} INFO - [2024-07-09T13:21:53.018+0000] {dag.py:3834} INFO - Setting next_dagrun for example_python_decorator to None, run_after=None
[2024-07-09T13:21:53.049+0000] {processor.py:183} INFO - Processing /home/airflow/.local/lib/python3.11/site-packages/airflow/example_dags/example_python_decorator.py took 0.092 seconds
[2024-07-09T13:22:23.775+0000] {processor.py:161} INFO - Started process (PID=2087) to work on /home/airflow/.local/lib/python3.11/site-packages/airflow/example_dags/example_python_decorator.py
[2024-07-09T13:22:23.776+0000] {processor.py:830} INFO - Processing file /home/airflow/.local/lib/python3.11/site-packages/airflow/example_dags/example_python_decorator.py for tasks to queue
[2024-07-09T13:22:23.777+0000] {logging_mixin.py:188} INFO - [2024-07-09T13:22:23.776+0000] {dagbag.py:540} INFO - Filling up the DagBag from /home/airflow/.local/lib/python3.11/site-packages/airflow/example_dags/example_python_decorator.py
[2024-07-09T13:22:23.784+0000] {logging_mixin.py:188} INFO - [2024-07-09T13:22:23.784+0000] {example_python_decorator.py:79} WARNING - The virtalenv_python example task requires virtualenv, please install it.
[2024-07-09T13:22:23.785+0000] {processor.py:840} INFO - DAG(s) 'example_python_decorator' retrieved from /home/airflow/.local/lib/python3.11/site-packages/airflow/example_dags/example_python_decorator.py
[2024-07-09T13:22:23.812+0000] {logging_mixin.py:188} INFO - [2024-07-09T13:22:23.812+0000] {dag.py:3047} INFO - Sync 1 DAGs
[2024-07-09T13:22:23.830+0000] {logging_mixin.py:188} INFO - [2024-07-09T13:22:23.830+0000] {dag.py:3834} INFO - Setting next_dagrun for example_python_decorator to None, run_after=None
[2024-07-09T13:22:23.860+0000] {processor.py:183} INFO - Processing /home/airflow/.local/lib/python3.11/site-packages/airflow/example_dags/example_python_decorator.py took 0.088 seconds
[2024-07-09T13:22:54.510+0000] {processor.py:161} INFO - Started process (PID=2357) to work on /home/airflow/.local/lib/python3.11/site-packages/airflow/example_dags/example_python_decorator.py
[2024-07-09T13:22:54.511+0000] {processor.py:830} INFO - Processing file /home/airflow/.local/lib/python3.11/site-packages/airflow/example_dags/example_python_decorator.py for tasks to queue
[2024-07-09T13:22:54.512+0000] {logging_mixin.py:188} INFO - [2024-07-09T13:22:54.512+0000] {dagbag.py:540} INFO - Filling up the DagBag from /home/airflow/.local/lib/python3.11/site-packages/airflow/example_dags/example_python_decorator.py
[2024-07-09T13:22:54.520+0000] {logging_mixin.py:188} INFO - [2024-07-09T13:22:54.520+0000] {example_python_decorator.py:79} WARNING - The virtalenv_python example task requires virtualenv, please install it.
[2024-07-09T13:22:54.520+0000] {processor.py:840} INFO - DAG(s) 'example_python_decorator' retrieved from /home/airflow/.local/lib/python3.11/site-packages/airflow/example_dags/example_python_decorator.py
[2024-07-09T13:22:54.547+0000] {logging_mixin.py:188} INFO - [2024-07-09T13:22:54.547+0000] {dag.py:3047} INFO - Sync 1 DAGs
[2024-07-09T13:22:54.560+0000] {logging_mixin.py:188} INFO - [2024-07-09T13:22:54.560+0000] {dag.py:3834} INFO - Setting next_dagrun for example_python_decorator to None, run_after=None
[2024-07-09T13:22:54.580+0000] {processor.py:183} INFO - Processing /home/airflow/.local/lib/python3.11/site-packages/airflow/example_dags/example_python_decorator.py took 0.073 seconds
[2024-07-09T13:23:25.299+0000] {processor.py:161} INFO - Started process (PID=2627) to work on /home/airflow/.local/lib/python3.11/site-packages/airflow/example_dags/example_python_decorator.py
[2024-07-09T13:23:25.300+0000] {processor.py:830} INFO - Processing file /home/airflow/.local/lib/python3.11/site-packages/airflow/example_dags/example_python_decorator.py for tasks to queue
[2024-07-09T13:23:25.301+0000] {logging_mixin.py:188} INFO - [2024-07-09T13:23:25.300+0000] {dagbag.py:540} INFO - Filling up the DagBag from /home/airflow/.local/lib/python3.11/site-packages/airflow/example_dags/example_python_decorator.py
[2024-07-09T13:23:25.308+0000] {logging_mixin.py:188} INFO - [2024-07-09T13:23:25.308+0000] {example_python_decorator.py:79} WARNING - The virtalenv_python example task requires virtualenv, please install it.
[2024-07-09T13:23:25.309+0000] {processor.py:840} INFO - DAG(s) 'example_python_decorator' retrieved from /home/airflow/.local/lib/python3.11/site-packages/airflow/example_dags/example_python_decorator.py
[2024-07-09T13:23:25.336+0000] {logging_mixin.py:188} INFO - [2024-07-09T13:23:25.336+0000] {dag.py:3047} INFO - Sync 1 DAGs
[2024-07-09T13:23:25.349+0000] {logging_mixin.py:188} INFO - [2024-07-09T13:23:25.349+0000] {dag.py:3834} INFO - Setting next_dagrun for example_python_decorator to None, run_after=None
[2024-07-09T13:23:25.367+0000] {processor.py:183} INFO - Processing /home/airflow/.local/lib/python3.11/site-packages/airflow/example_dags/example_python_decorator.py took 0.071 seconds
[2024-07-09T13:23:56.046+0000] {processor.py:161} INFO - Started process (PID=2897) to work on /home/airflow/.local/lib/python3.11/site-packages/airflow/example_dags/example_python_decorator.py
[2024-07-09T13:23:56.047+0000] {processor.py:830} INFO - Processing file /home/airflow/.local/lib/python3.11/site-packages/airflow/example_dags/example_python_decorator.py for tasks to queue
[2024-07-09T13:23:56.047+0000] {logging_mixin.py:188} INFO - [2024-07-09T13:23:56.047+0000] {dagbag.py:540} INFO - Filling up the DagBag from /home/airflow/.local/lib/python3.11/site-packages/airflow/example_dags/example_python_decorator.py
[2024-07-09T13:23:56.054+0000] {logging_mixin.py:188} INFO - [2024-07-09T13:23:56.054+0000] {example_python_decorator.py:79} WARNING - The virtalenv_python example task requires virtualenv, please install it.
[2024-07-09T13:23:56.055+0000] {processor.py:840} INFO - DAG(s) 'example_python_decorator' retrieved from /home/airflow/.local/lib/python3.11/site-packages/airflow/example_dags/example_python_decorator.py
[2024-07-09T13:23:56.090+0000] {logging_mixin.py:188} INFO - [2024-07-09T13:23:56.090+0000] {dag.py:3047} INFO - Sync 1 DAGs
[2024-07-09T13:23:56.103+0000] {logging_mixin.py:188} INFO - [2024-07-09T13:23:56.103+0000] {dag.py:3834} INFO - Setting next_dagrun for example_python_decorator to None, run_after=None
[2024-07-09T13:23:56.121+0000] {processor.py:183} INFO - Processing /home/airflow/.local/lib/python3.11/site-packages/airflow/example_dags/example_python_decorator.py took 0.078 seconds
[2024-07-09T13:24:26.718+0000] {processor.py:161} INFO - Started process (PID=3167) to work on /home/airflow/.local/lib/python3.11/site-packages/airflow/example_dags/example_python_decorator.py
[2024-07-09T13:24:26.720+0000] {processor.py:830} INFO - Processing file /home/airflow/.local/lib/python3.11/site-packages/airflow/example_dags/example_python_decorator.py for tasks to queue
[2024-07-09T13:24:26.721+0000] {logging_mixin.py:188} INFO - [2024-07-09T13:24:26.720+0000] {dagbag.py:540} INFO - Filling up the DagBag from /home/airflow/.local/lib/python3.11/site-packages/airflow/example_dags/example_python_decorator.py
[2024-07-09T13:24:26.729+0000] {logging_mixin.py:188} INFO - [2024-07-09T13:24:26.729+0000] {example_python_decorator.py:79} WARNING - The virtalenv_python example task requires virtualenv, please install it.
[2024-07-09T13:24:26.730+0000] {processor.py:840} INFO - DAG(s) 'example_python_decorator' retrieved from /home/airflow/.local/lib/python3.11/site-packages/airflow/example_dags/example_python_decorator.py
[2024-07-09T13:24:26.758+0000] {logging_mixin.py:188} INFO - [2024-07-09T13:24:26.758+0000] {dag.py:3047} INFO - Sync 1 DAGs
[2024-07-09T13:24:26.778+0000] {logging_mixin.py:188} INFO - [2024-07-09T13:24:26.777+0000] {dag.py:3834} INFO - Setting next_dagrun for example_python_decorator to None, run_after=None
[2024-07-09T13:24:26.808+0000] {processor.py:183} INFO - Processing /home/airflow/.local/lib/python3.11/site-packages/airflow/example_dags/example_python_decorator.py took 0.093 seconds
[2024-07-09T13:24:57.438+0000] {processor.py:161} INFO - Started process (PID=3437) to work on /home/airflow/.local/lib/python3.11/site-packages/airflow/example_dags/example_python_decorator.py
[2024-07-09T13:24:57.439+0000] {processor.py:830} INFO - Processing file /home/airflow/.local/lib/python3.11/site-packages/airflow/example_dags/example_python_decorator.py for tasks to queue
[2024-07-09T13:24:57.440+0000] {logging_mixin.py:188} INFO - [2024-07-09T13:24:57.439+0000] {dagbag.py:540} INFO - Filling up the DagBag from /home/airflow/.local/lib/python3.11/site-packages/airflow/example_dags/example_python_decorator.py
[2024-07-09T13:24:57.447+0000] {logging_mixin.py:188} INFO - [2024-07-09T13:24:57.447+0000] {example_python_decorator.py:79} WARNING - The virtalenv_python example task requires virtualenv, please install it.
[2024-07-09T13:24:57.447+0000] {processor.py:840} INFO - DAG(s) 'example_python_decorator' retrieved from /home/airflow/.local/lib/python3.11/site-packages/airflow/example_dags/example_python_decorator.py
[2024-07-09T13:24:57.476+0000] {logging_mixin.py:188} INFO - [2024-07-09T13:24:57.476+0000] {dag.py:3047} INFO - Sync 1 DAGs
[2024-07-09T13:24:57.492+0000] {logging_mixin.py:188} INFO - [2024-07-09T13:24:57.492+0000] {dag.py:3834} INFO - Setting next_dagrun for example_python_decorator to None, run_after=None
[2024-07-09T13:24:57.511+0000] {processor.py:183} INFO - Processing /home/airflow/.local/lib/python3.11/site-packages/airflow/example_dags/example_python_decorator.py took 0.076 seconds
[2024-07-09T13:26:08.404+0000] {processor.py:161} INFO - Started process (PID=210) to work on /home/airflow/.local/lib/python3.11/site-packages/airflow/example_dags/example_python_decorator.py
[2024-07-09T13:26:08.406+0000] {processor.py:830} INFO - Processing file /home/airflow/.local/lib/python3.11/site-packages/airflow/example_dags/example_python_decorator.py for tasks to queue
[2024-07-09T13:26:08.406+0000] {logging_mixin.py:188} INFO - [2024-07-09T13:26:08.406+0000] {dagbag.py:540} INFO - Filling up the DagBag from /home/airflow/.local/lib/python3.11/site-packages/airflow/example_dags/example_python_decorator.py
[2024-07-09T13:26:08.416+0000] {logging_mixin.py:188} INFO - [2024-07-09T13:26:08.416+0000] {example_python_decorator.py:79} WARNING - The virtalenv_python example task requires virtualenv, please install it.
[2024-07-09T13:26:08.418+0000] {processor.py:840} INFO - DAG(s) 'example_python_decorator' retrieved from /home/airflow/.local/lib/python3.11/site-packages/airflow/example_dags/example_python_decorator.py
[2024-07-09T13:26:08.507+0000] {logging_mixin.py:188} INFO - [2024-07-09T13:26:08.507+0000] {override.py:1769} INFO - Created Permission View: can delete on DAG:example_python_decorator
[2024-07-09T13:26:08.516+0000] {logging_mixin.py:188} INFO - [2024-07-09T13:26:08.516+0000] {override.py:1769} INFO - Created Permission View: can read on DAG:example_python_decorator
[2024-07-09T13:26:08.522+0000] {logging_mixin.py:188} INFO - [2024-07-09T13:26:08.522+0000] {override.py:1769} INFO - Created Permission View: can edit on DAG:example_python_decorator
[2024-07-09T13:26:08.523+0000] {logging_mixin.py:188} INFO - [2024-07-09T13:26:08.523+0000] {dag.py:3047} INFO - Sync 1 DAGs
[2024-07-09T13:26:08.532+0000] {logging_mixin.py:188} INFO - [2024-07-09T13:26:08.531+0000] {dag.py:3069} INFO - Creating ORM DAG for example_python_decorator
[2024-07-09T13:26:08.532+0000] {logging_mixin.py:188} INFO - [2024-07-09T13:26:08.532+0000] {dag.py:3834} INFO - Setting next_dagrun for example_python_decorator to None, run_after=None
[2024-07-09T13:26:08.548+0000] {processor.py:183} INFO - Processing /home/airflow/.local/lib/python3.11/site-packages/airflow/example_dags/example_python_decorator.py took 0.147 seconds
[2024-07-09T13:26:39.232+0000] {processor.py:161} INFO - Started process (PID=480) to work on /home/airflow/.local/lib/python3.11/site-packages/airflow/example_dags/example_python_decorator.py
[2024-07-09T13:26:39.233+0000] {processor.py:830} INFO - Processing file /home/airflow/.local/lib/python3.11/site-packages/airflow/example_dags/example_python_decorator.py for tasks to queue
[2024-07-09T13:26:39.234+0000] {logging_mixin.py:188} INFO - [2024-07-09T13:26:39.233+0000] {dagbag.py:540} INFO - Filling up the DagBag from /home/airflow/.local/lib/python3.11/site-packages/airflow/example_dags/example_python_decorator.py
[2024-07-09T13:26:39.242+0000] {logging_mixin.py:188} INFO - [2024-07-09T13:26:39.242+0000] {example_python_decorator.py:79} WARNING - The virtalenv_python example task requires virtualenv, please install it.
[2024-07-09T13:26:39.242+0000] {processor.py:840} INFO - DAG(s) 'example_python_decorator' retrieved from /home/airflow/.local/lib/python3.11/site-packages/airflow/example_dags/example_python_decorator.py
[2024-07-09T13:26:39.264+0000] {logging_mixin.py:188} INFO - [2024-07-09T13:26:39.264+0000] {dag.py:3047} INFO - Sync 1 DAGs
[2024-07-09T13:26:39.277+0000] {logging_mixin.py:188} INFO - [2024-07-09T13:26:39.277+0000] {dag.py:3834} INFO - Setting next_dagrun for example_python_decorator to None, run_after=None
[2024-07-09T13:26:39.294+0000] {processor.py:183} INFO - Processing /home/airflow/.local/lib/python3.11/site-packages/airflow/example_dags/example_python_decorator.py took 0.065 seconds
[2024-07-09T13:27:09.826+0000] {processor.py:161} INFO - Started process (PID=750) to work on /home/airflow/.local/lib/python3.11/site-packages/airflow/example_dags/example_python_decorator.py
[2024-07-09T13:27:09.827+0000] {processor.py:830} INFO - Processing file /home/airflow/.local/lib/python3.11/site-packages/airflow/example_dags/example_python_decorator.py for tasks to queue
[2024-07-09T13:27:09.828+0000] {logging_mixin.py:188} INFO - [2024-07-09T13:27:09.828+0000] {dagbag.py:540} INFO - Filling up the DagBag from /home/airflow/.local/lib/python3.11/site-packages/airflow/example_dags/example_python_decorator.py
[2024-07-09T13:27:09.835+0000] {logging_mixin.py:188} INFO - [2024-07-09T13:27:09.835+0000] {example_python_decorator.py:79} WARNING - The virtalenv_python example task requires virtualenv, please install it.
[2024-07-09T13:27:09.836+0000] {processor.py:840} INFO - DAG(s) 'example_python_decorator' retrieved from /home/airflow/.local/lib/python3.11/site-packages/airflow/example_dags/example_python_decorator.py
[2024-07-09T13:27:09.856+0000] {logging_mixin.py:188} INFO - [2024-07-09T13:27:09.856+0000] {dag.py:3047} INFO - Sync 1 DAGs
[2024-07-09T13:27:09.867+0000] {logging_mixin.py:188} INFO - [2024-07-09T13:27:09.866+0000] {dag.py:3834} INFO - Setting next_dagrun for example_python_decorator to None, run_after=None
[2024-07-09T13:27:09.882+0000] {processor.py:183} INFO - Processing /home/airflow/.local/lib/python3.11/site-packages/airflow/example_dags/example_python_decorator.py took 0.058 seconds
[2024-07-09T13:27:40.343+0000] {processor.py:161} INFO - Started process (PID=1008) to work on /home/airflow/.local/lib/python3.11/site-packages/airflow/example_dags/example_python_decorator.py
[2024-07-09T13:27:40.344+0000] {processor.py:830} INFO - Processing file /home/airflow/.local/lib/python3.11/site-packages/airflow/example_dags/example_python_decorator.py for tasks to queue
[2024-07-09T13:27:40.345+0000] {logging_mixin.py:188} INFO - [2024-07-09T13:27:40.345+0000] {dagbag.py:540} INFO - Filling up the DagBag from /home/airflow/.local/lib/python3.11/site-packages/airflow/example_dags/example_python_decorator.py
[2024-07-09T13:27:40.352+0000] {logging_mixin.py:188} INFO - [2024-07-09T13:27:40.352+0000] {example_python_decorator.py:79} WARNING - The virtalenv_python example task requires virtualenv, please install it.
[2024-07-09T13:27:40.352+0000] {processor.py:840} INFO - DAG(s) 'example_python_decorator' retrieved from /home/airflow/.local/lib/python3.11/site-packages/airflow/example_dags/example_python_decorator.py
[2024-07-09T13:27:40.373+0000] {logging_mixin.py:188} INFO - [2024-07-09T13:27:40.373+0000] {dag.py:3047} INFO - Sync 1 DAGs
[2024-07-09T13:27:40.383+0000] {logging_mixin.py:188} INFO - [2024-07-09T13:27:40.383+0000] {dag.py:3834} INFO - Setting next_dagrun for example_python_decorator to None, run_after=None
[2024-07-09T13:27:40.400+0000] {processor.py:183} INFO - Processing /home/airflow/.local/lib/python3.11/site-packages/airflow/example_dags/example_python_decorator.py took 0.060 seconds
[2024-07-09T13:28:11.282+0000] {processor.py:161} INFO - Started process (PID=1277) to work on /home/airflow/.local/lib/python3.11/site-packages/airflow/example_dags/example_python_decorator.py
[2024-07-09T13:28:11.283+0000] {processor.py:830} INFO - Processing file /home/airflow/.local/lib/python3.11/site-packages/airflow/example_dags/example_python_decorator.py for tasks to queue
[2024-07-09T13:28:11.283+0000] {logging_mixin.py:188} INFO - [2024-07-09T13:28:11.283+0000] {dagbag.py:540} INFO - Filling up the DagBag from /home/airflow/.local/lib/python3.11/site-packages/airflow/example_dags/example_python_decorator.py
[2024-07-09T13:28:11.290+0000] {logging_mixin.py:188} INFO - [2024-07-09T13:28:11.290+0000] {example_python_decorator.py:79} WARNING - The virtalenv_python example task requires virtualenv, please install it.
[2024-07-09T13:28:11.291+0000] {processor.py:840} INFO - DAG(s) 'example_python_decorator' retrieved from /home/airflow/.local/lib/python3.11/site-packages/airflow/example_dags/example_python_decorator.py
[2024-07-09T13:28:11.313+0000] {logging_mixin.py:188} INFO - [2024-07-09T13:28:11.313+0000] {dag.py:3047} INFO - Sync 1 DAGs
[2024-07-09T13:28:11.323+0000] {logging_mixin.py:188} INFO - [2024-07-09T13:28:11.323+0000] {dag.py:3834} INFO - Setting next_dagrun for example_python_decorator to None, run_after=None
[2024-07-09T13:28:11.340+0000] {processor.py:183} INFO - Processing /home/airflow/.local/lib/python3.11/site-packages/airflow/example_dags/example_python_decorator.py took 0.061 seconds
[2024-07-09T13:28:41.655+0000] {processor.py:161} INFO - Started process (PID=1542) to work on /home/airflow/.local/lib/python3.11/site-packages/airflow/example_dags/example_python_decorator.py
[2024-07-09T13:28:41.657+0000] {processor.py:830} INFO - Processing file /home/airflow/.local/lib/python3.11/site-packages/airflow/example_dags/example_python_decorator.py for tasks to queue
[2024-07-09T13:28:41.657+0000] {logging_mixin.py:188} INFO - [2024-07-09T13:28:41.657+0000] {dagbag.py:540} INFO - Filling up the DagBag from /home/airflow/.local/lib/python3.11/site-packages/airflow/example_dags/example_python_decorator.py
[2024-07-09T13:28:41.665+0000] {logging_mixin.py:188} INFO - [2024-07-09T13:28:41.665+0000] {example_python_decorator.py:79} WARNING - The virtalenv_python example task requires virtualenv, please install it.
[2024-07-09T13:28:41.665+0000] {processor.py:840} INFO - DAG(s) 'example_python_decorator' retrieved from /home/airflow/.local/lib/python3.11/site-packages/airflow/example_dags/example_python_decorator.py
[2024-07-09T13:28:41.686+0000] {logging_mixin.py:188} INFO - [2024-07-09T13:28:41.686+0000] {dag.py:3047} INFO - Sync 1 DAGs
[2024-07-09T13:28:41.696+0000] {logging_mixin.py:188} INFO - [2024-07-09T13:28:41.696+0000] {dag.py:3834} INFO - Setting next_dagrun for example_python_decorator to None, run_after=None
[2024-07-09T13:28:41.712+0000] {processor.py:183} INFO - Processing /home/airflow/.local/lib/python3.11/site-packages/airflow/example_dags/example_python_decorator.py took 0.059 seconds
[2024-07-09T13:29:12.115+0000] {processor.py:161} INFO - Started process (PID=1812) to work on /home/airflow/.local/lib/python3.11/site-packages/airflow/example_dags/example_python_decorator.py
[2024-07-09T13:29:12.116+0000] {processor.py:830} INFO - Processing file /home/airflow/.local/lib/python3.11/site-packages/airflow/example_dags/example_python_decorator.py for tasks to queue
[2024-07-09T13:29:12.116+0000] {logging_mixin.py:188} INFO - [2024-07-09T13:29:12.116+0000] {dagbag.py:540} INFO - Filling up the DagBag from /home/airflow/.local/lib/python3.11/site-packages/airflow/example_dags/example_python_decorator.py
[2024-07-09T13:29:12.124+0000] {logging_mixin.py:188} INFO - [2024-07-09T13:29:12.124+0000] {example_python_decorator.py:79} WARNING - The virtalenv_python example task requires virtualenv, please install it.
[2024-07-09T13:29:12.124+0000] {processor.py:840} INFO - DAG(s) 'example_python_decorator' retrieved from /home/airflow/.local/lib/python3.11/site-packages/airflow/example_dags/example_python_decorator.py
[2024-07-09T13:29:12.145+0000] {logging_mixin.py:188} INFO - [2024-07-09T13:29:12.145+0000] {dag.py:3047} INFO - Sync 1 DAGs
[2024-07-09T13:29:12.155+0000] {logging_mixin.py:188} INFO - [2024-07-09T13:29:12.155+0000] {dag.py:3834} INFO - Setting next_dagrun for example_python_decorator to None, run_after=None
[2024-07-09T13:29:12.170+0000] {processor.py:183} INFO - Processing /home/airflow/.local/lib/python3.11/site-packages/airflow/example_dags/example_python_decorator.py took 0.058 seconds
[2024-07-09T13:29:42.490+0000] {processor.py:161} INFO - Started process (PID=2082) to work on /home/airflow/.local/lib/python3.11/site-packages/airflow/example_dags/example_python_decorator.py
[2024-07-09T13:29:42.491+0000] {processor.py:830} INFO - Processing file /home/airflow/.local/lib/python3.11/site-packages/airflow/example_dags/example_python_decorator.py for tasks to queue
[2024-07-09T13:29:42.491+0000] {logging_mixin.py:188} INFO - [2024-07-09T13:29:42.491+0000] {dagbag.py:540} INFO - Filling up the DagBag from /home/airflow/.local/lib/python3.11/site-packages/airflow/example_dags/example_python_decorator.py
[2024-07-09T13:29:42.499+0000] {logging_mixin.py:188} INFO - [2024-07-09T13:29:42.499+0000] {example_python_decorator.py:79} WARNING - The virtalenv_python example task requires virtualenv, please install it.
[2024-07-09T13:29:42.499+0000] {processor.py:840} INFO - DAG(s) 'example_python_decorator' retrieved from /home/airflow/.local/lib/python3.11/site-packages/airflow/example_dags/example_python_decorator.py
[2024-07-09T13:29:42.520+0000] {logging_mixin.py:188} INFO - [2024-07-09T13:29:42.520+0000] {dag.py:3047} INFO - Sync 1 DAGs
[2024-07-09T13:29:42.529+0000] {logging_mixin.py:188} INFO - [2024-07-09T13:29:42.529+0000] {dag.py:3834} INFO - Setting next_dagrun for example_python_decorator to None, run_after=None
[2024-07-09T13:29:42.544+0000] {processor.py:183} INFO - Processing /home/airflow/.local/lib/python3.11/site-packages/airflow/example_dags/example_python_decorator.py took 0.058 seconds
[2024-07-09T13:31:36.619+0000] {processor.py:161} INFO - Started process (PID=209) to work on /home/airflow/.local/lib/python3.11/site-packages/airflow/example_dags/example_python_decorator.py
[2024-07-09T13:31:36.620+0000] {processor.py:830} INFO - Processing file /home/airflow/.local/lib/python3.11/site-packages/airflow/example_dags/example_python_decorator.py for tasks to queue
[2024-07-09T13:31:36.621+0000] {logging_mixin.py:188} INFO - [2024-07-09T13:31:36.620+0000] {dagbag.py:540} INFO - Filling up the DagBag from /home/airflow/.local/lib/python3.11/site-packages/airflow/example_dags/example_python_decorator.py
[2024-07-09T13:31:36.631+0000] {logging_mixin.py:188} INFO - [2024-07-09T13:31:36.631+0000] {example_python_decorator.py:79} WARNING - The virtalenv_python example task requires virtualenv, please install it.
[2024-07-09T13:31:36.633+0000] {processor.py:840} INFO - DAG(s) 'example_python_decorator' retrieved from /home/airflow/.local/lib/python3.11/site-packages/airflow/example_dags/example_python_decorator.py
[2024-07-09T13:31:36.731+0000] {logging_mixin.py:188} INFO - [2024-07-09T13:31:36.731+0000] {override.py:1769} INFO - Created Permission View: can edit on DAG:example_python_decorator
[2024-07-09T13:31:36.740+0000] {logging_mixin.py:188} INFO - [2024-07-09T13:31:36.740+0000] {override.py:1769} INFO - Created Permission View: can delete on DAG:example_python_decorator
[2024-07-09T13:31:36.747+0000] {logging_mixin.py:188} INFO - [2024-07-09T13:31:36.746+0000] {override.py:1769} INFO - Created Permission View: can read on DAG:example_python_decorator
[2024-07-09T13:31:36.747+0000] {logging_mixin.py:188} INFO - [2024-07-09T13:31:36.747+0000] {dag.py:3047} INFO - Sync 1 DAGs
[2024-07-09T13:31:36.756+0000] {logging_mixin.py:188} INFO - [2024-07-09T13:31:36.756+0000] {dag.py:3069} INFO - Creating ORM DAG for example_python_decorator
[2024-07-09T13:31:36.757+0000] {logging_mixin.py:188} INFO - [2024-07-09T13:31:36.757+0000] {dag.py:3834} INFO - Setting next_dagrun for example_python_decorator to None, run_after=None
[2024-07-09T13:31:36.772+0000] {processor.py:183} INFO - Processing /home/airflow/.local/lib/python3.11/site-packages/airflow/example_dags/example_python_decorator.py took 0.155 seconds
[2024-07-09T13:32:06.953+0000] {processor.py:161} INFO - Started process (PID=479) to work on /home/airflow/.local/lib/python3.11/site-packages/airflow/example_dags/example_python_decorator.py
[2024-07-09T13:32:06.954+0000] {processor.py:830} INFO - Processing file /home/airflow/.local/lib/python3.11/site-packages/airflow/example_dags/example_python_decorator.py for tasks to queue
[2024-07-09T13:32:06.955+0000] {logging_mixin.py:188} INFO - [2024-07-09T13:32:06.955+0000] {dagbag.py:540} INFO - Filling up the DagBag from /home/airflow/.local/lib/python3.11/site-packages/airflow/example_dags/example_python_decorator.py
[2024-07-09T13:32:06.963+0000] {logging_mixin.py:188} INFO - [2024-07-09T13:32:06.962+0000] {example_python_decorator.py:79} WARNING - The virtalenv_python example task requires virtualenv, please install it.
[2024-07-09T13:32:06.963+0000] {processor.py:840} INFO - DAG(s) 'example_python_decorator' retrieved from /home/airflow/.local/lib/python3.11/site-packages/airflow/example_dags/example_python_decorator.py
[2024-07-09T13:32:06.984+0000] {logging_mixin.py:188} INFO - [2024-07-09T13:32:06.983+0000] {dag.py:3047} INFO - Sync 1 DAGs
[2024-07-09T13:32:06.994+0000] {logging_mixin.py:188} INFO - [2024-07-09T13:32:06.993+0000] {dag.py:3834} INFO - Setting next_dagrun for example_python_decorator to None, run_after=None
[2024-07-09T13:32:07.009+0000] {processor.py:183} INFO - Processing /home/airflow/.local/lib/python3.11/site-packages/airflow/example_dags/example_python_decorator.py took 0.058 seconds
[2024-07-09T13:32:37.115+0000] {processor.py:161} INFO - Started process (PID=736) to work on /home/airflow/.local/lib/python3.11/site-packages/airflow/example_dags/example_python_decorator.py
[2024-07-09T13:32:37.117+0000] {processor.py:830} INFO - Processing file /home/airflow/.local/lib/python3.11/site-packages/airflow/example_dags/example_python_decorator.py for tasks to queue
[2024-07-09T13:32:37.117+0000] {logging_mixin.py:188} INFO - [2024-07-09T13:32:37.117+0000] {dagbag.py:540} INFO - Filling up the DagBag from /home/airflow/.local/lib/python3.11/site-packages/airflow/example_dags/example_python_decorator.py
[2024-07-09T13:32:37.125+0000] {logging_mixin.py:188} INFO - [2024-07-09T13:32:37.125+0000] {example_python_decorator.py:79} WARNING - The virtalenv_python example task requires virtualenv, please install it.
[2024-07-09T13:32:37.126+0000] {processor.py:840} INFO - DAG(s) 'example_python_decorator' retrieved from /home/airflow/.local/lib/python3.11/site-packages/airflow/example_dags/example_python_decorator.py
[2024-07-09T13:32:37.151+0000] {logging_mixin.py:188} INFO - [2024-07-09T13:32:37.150+0000] {dag.py:3047} INFO - Sync 1 DAGs
[2024-07-09T13:32:37.162+0000] {logging_mixin.py:188} INFO - [2024-07-09T13:32:37.162+0000] {dag.py:3834} INFO - Setting next_dagrun for example_python_decorator to None, run_after=None
[2024-07-09T13:32:37.181+0000] {processor.py:183} INFO - Processing /home/airflow/.local/lib/python3.11/site-packages/airflow/example_dags/example_python_decorator.py took 0.069 seconds
[2024-07-09T13:33:07.328+0000] {processor.py:161} INFO - Started process (PID=1001) to work on /home/airflow/.local/lib/python3.11/site-packages/airflow/example_dags/example_python_decorator.py
[2024-07-09T13:33:07.329+0000] {processor.py:830} INFO - Processing file /home/airflow/.local/lib/python3.11/site-packages/airflow/example_dags/example_python_decorator.py for tasks to queue
[2024-07-09T13:33:07.329+0000] {logging_mixin.py:188} INFO - [2024-07-09T13:33:07.329+0000] {dagbag.py:540} INFO - Filling up the DagBag from /home/airflow/.local/lib/python3.11/site-packages/airflow/example_dags/example_python_decorator.py
[2024-07-09T13:33:07.337+0000] {logging_mixin.py:188} INFO - [2024-07-09T13:33:07.337+0000] {example_python_decorator.py:79} WARNING - The virtalenv_python example task requires virtualenv, please install it.
[2024-07-09T13:33:07.338+0000] {processor.py:840} INFO - DAG(s) 'example_python_decorator' retrieved from /home/airflow/.local/lib/python3.11/site-packages/airflow/example_dags/example_python_decorator.py
[2024-07-09T13:33:07.359+0000] {logging_mixin.py:188} INFO - [2024-07-09T13:33:07.359+0000] {dag.py:3047} INFO - Sync 1 DAGs
[2024-07-09T13:33:07.370+0000] {logging_mixin.py:188} INFO - [2024-07-09T13:33:07.370+0000] {dag.py:3834} INFO - Setting next_dagrun for example_python_decorator to None, run_after=None
[2024-07-09T13:33:07.503+0000] {processor.py:183} INFO - Processing /home/airflow/.local/lib/python3.11/site-packages/airflow/example_dags/example_python_decorator.py took 0.177 seconds
[2024-07-09T13:33:37.579+0000] {processor.py:161} INFO - Started process (PID=1271) to work on /home/airflow/.local/lib/python3.11/site-packages/airflow/example_dags/example_python_decorator.py
[2024-07-09T13:33:37.580+0000] {processor.py:830} INFO - Processing file /home/airflow/.local/lib/python3.11/site-packages/airflow/example_dags/example_python_decorator.py for tasks to queue
[2024-07-09T13:33:37.581+0000] {logging_mixin.py:188} INFO - [2024-07-09T13:33:37.581+0000] {dagbag.py:540} INFO - Filling up the DagBag from /home/airflow/.local/lib/python3.11/site-packages/airflow/example_dags/example_python_decorator.py
[2024-07-09T13:33:37.589+0000] {logging_mixin.py:188} INFO - [2024-07-09T13:33:37.588+0000] {example_python_decorator.py:79} WARNING - The virtalenv_python example task requires virtualenv, please install it.
[2024-07-09T13:33:37.589+0000] {processor.py:840} INFO - DAG(s) 'example_python_decorator' retrieved from /home/airflow/.local/lib/python3.11/site-packages/airflow/example_dags/example_python_decorator.py
[2024-07-09T13:33:37.614+0000] {logging_mixin.py:188} INFO - [2024-07-09T13:33:37.613+0000] {dag.py:3047} INFO - Sync 1 DAGs
[2024-07-09T13:33:37.624+0000] {logging_mixin.py:188} INFO - [2024-07-09T13:33:37.624+0000] {dag.py:3834} INFO - Setting next_dagrun for example_python_decorator to None, run_after=None
[2024-07-09T13:33:37.643+0000] {processor.py:183} INFO - Processing /home/airflow/.local/lib/python3.11/site-packages/airflow/example_dags/example_python_decorator.py took 0.067 seconds
[2024-07-09T13:34:08.121+0000] {processor.py:161} INFO - Started process (PID=1541) to work on /home/airflow/.local/lib/python3.11/site-packages/airflow/example_dags/example_python_decorator.py
[2024-07-09T13:34:08.122+0000] {processor.py:830} INFO - Processing file /home/airflow/.local/lib/python3.11/site-packages/airflow/example_dags/example_python_decorator.py for tasks to queue
[2024-07-09T13:34:08.123+0000] {logging_mixin.py:188} INFO - [2024-07-09T13:34:08.122+0000] {dagbag.py:540} INFO - Filling up the DagBag from /home/airflow/.local/lib/python3.11/site-packages/airflow/example_dags/example_python_decorator.py
[2024-07-09T13:34:08.131+0000] {logging_mixin.py:188} INFO - [2024-07-09T13:34:08.131+0000] {example_python_decorator.py:79} WARNING - The virtalenv_python example task requires virtualenv, please install it.
[2024-07-09T13:34:08.131+0000] {processor.py:840} INFO - DAG(s) 'example_python_decorator' retrieved from /home/airflow/.local/lib/python3.11/site-packages/airflow/example_dags/example_python_decorator.py
[2024-07-09T13:34:08.155+0000] {logging_mixin.py:188} INFO - [2024-07-09T13:34:08.155+0000] {dag.py:3047} INFO - Sync 1 DAGs
[2024-07-09T13:34:08.168+0000] {logging_mixin.py:188} INFO - [2024-07-09T13:34:08.167+0000] {dag.py:3834} INFO - Setting next_dagrun for example_python_decorator to None, run_after=None
[2024-07-09T13:34:08.185+0000] {processor.py:183} INFO - Processing /home/airflow/.local/lib/python3.11/site-packages/airflow/example_dags/example_python_decorator.py took 0.067 seconds
[2024-07-09T13:34:38.461+0000] {processor.py:161} INFO - Started process (PID=1811) to work on /home/airflow/.local/lib/python3.11/site-packages/airflow/example_dags/example_python_decorator.py
[2024-07-09T13:34:38.462+0000] {processor.py:830} INFO - Processing file /home/airflow/.local/lib/python3.11/site-packages/airflow/example_dags/example_python_decorator.py for tasks to queue
[2024-07-09T13:34:38.463+0000] {logging_mixin.py:188} INFO - [2024-07-09T13:34:38.462+0000] {dagbag.py:540} INFO - Filling up the DagBag from /home/airflow/.local/lib/python3.11/site-packages/airflow/example_dags/example_python_decorator.py
[2024-07-09T13:34:38.470+0000] {logging_mixin.py:188} INFO - [2024-07-09T13:34:38.470+0000] {example_python_decorator.py:79} WARNING - The virtalenv_python example task requires virtualenv, please install it.
[2024-07-09T13:34:38.471+0000] {processor.py:840} INFO - DAG(s) 'example_python_decorator' retrieved from /home/airflow/.local/lib/python3.11/site-packages/airflow/example_dags/example_python_decorator.py
[2024-07-09T13:34:38.491+0000] {logging_mixin.py:188} INFO - [2024-07-09T13:34:38.491+0000] {dag.py:3047} INFO - Sync 1 DAGs
[2024-07-09T13:34:38.501+0000] {logging_mixin.py:188} INFO - [2024-07-09T13:34:38.500+0000] {dag.py:3834} INFO - Setting next_dagrun for example_python_decorator to None, run_after=None
[2024-07-09T13:34:38.517+0000] {processor.py:183} INFO - Processing /home/airflow/.local/lib/python3.11/site-packages/airflow/example_dags/example_python_decorator.py took 0.058 seconds
[2024-07-09T13:35:08.718+0000] {processor.py:161} INFO - Started process (PID=2081) to work on /home/airflow/.local/lib/python3.11/site-packages/airflow/example_dags/example_python_decorator.py
[2024-07-09T13:35:08.719+0000] {processor.py:830} INFO - Processing file /home/airflow/.local/lib/python3.11/site-packages/airflow/example_dags/example_python_decorator.py for tasks to queue
[2024-07-09T13:35:08.720+0000] {logging_mixin.py:188} INFO - [2024-07-09T13:35:08.720+0000] {dagbag.py:540} INFO - Filling up the DagBag from /home/airflow/.local/lib/python3.11/site-packages/airflow/example_dags/example_python_decorator.py
[2024-07-09T13:35:08.727+0000] {logging_mixin.py:188} INFO - [2024-07-09T13:35:08.727+0000] {example_python_decorator.py:79} WARNING - The virtalenv_python example task requires virtualenv, please install it.
[2024-07-09T13:35:08.728+0000] {processor.py:840} INFO - DAG(s) 'example_python_decorator' retrieved from /home/airflow/.local/lib/python3.11/site-packages/airflow/example_dags/example_python_decorator.py
[2024-07-09T13:35:08.748+0000] {logging_mixin.py:188} INFO - [2024-07-09T13:35:08.748+0000] {dag.py:3047} INFO - Sync 1 DAGs
[2024-07-09T13:35:08.758+0000] {logging_mixin.py:188} INFO - [2024-07-09T13:35:08.758+0000] {dag.py:3834} INFO - Setting next_dagrun for example_python_decorator to None, run_after=None
[2024-07-09T13:35:08.774+0000] {processor.py:183} INFO - Processing /home/airflow/.local/lib/python3.11/site-packages/airflow/example_dags/example_python_decorator.py took 0.058 seconds
[2024-07-09T13:35:39.042+0000] {processor.py:161} INFO - Started process (PID=2351) to work on /home/airflow/.local/lib/python3.11/site-packages/airflow/example_dags/example_python_decorator.py
[2024-07-09T13:35:39.043+0000] {processor.py:830} INFO - Processing file /home/airflow/.local/lib/python3.11/site-packages/airflow/example_dags/example_python_decorator.py for tasks to queue
[2024-07-09T13:35:39.044+0000] {logging_mixin.py:188} INFO - [2024-07-09T13:35:39.043+0000] {dagbag.py:540} INFO - Filling up the DagBag from /home/airflow/.local/lib/python3.11/site-packages/airflow/example_dags/example_python_decorator.py
[2024-07-09T13:35:39.051+0000] {logging_mixin.py:188} INFO - [2024-07-09T13:35:39.051+0000] {example_python_decorator.py:79} WARNING - The virtalenv_python example task requires virtualenv, please install it.
[2024-07-09T13:35:39.051+0000] {processor.py:840} INFO - DAG(s) 'example_python_decorator' retrieved from /home/airflow/.local/lib/python3.11/site-packages/airflow/example_dags/example_python_decorator.py
[2024-07-09T13:35:39.072+0000] {logging_mixin.py:188} INFO - [2024-07-09T13:35:39.072+0000] {dag.py:3047} INFO - Sync 1 DAGs
[2024-07-09T13:35:39.082+0000] {logging_mixin.py:188} INFO - [2024-07-09T13:35:39.082+0000] {dag.py:3834} INFO - Setting next_dagrun for example_python_decorator to None, run_after=None
[2024-07-09T13:35:39.099+0000] {processor.py:183} INFO - Processing /home/airflow/.local/lib/python3.11/site-packages/airflow/example_dags/example_python_decorator.py took 0.059 seconds
[2024-07-09T13:36:09.437+0000] {processor.py:161} INFO - Started process (PID=2621) to work on /home/airflow/.local/lib/python3.11/site-packages/airflow/example_dags/example_python_decorator.py
[2024-07-09T13:36:09.438+0000] {processor.py:830} INFO - Processing file /home/airflow/.local/lib/python3.11/site-packages/airflow/example_dags/example_python_decorator.py for tasks to queue
[2024-07-09T13:36:09.439+0000] {logging_mixin.py:188} INFO - [2024-07-09T13:36:09.438+0000] {dagbag.py:540} INFO - Filling up the DagBag from /home/airflow/.local/lib/python3.11/site-packages/airflow/example_dags/example_python_decorator.py
[2024-07-09T13:36:09.448+0000] {logging_mixin.py:188} INFO - [2024-07-09T13:36:09.447+0000] {example_python_decorator.py:79} WARNING - The virtalenv_python example task requires virtualenv, please install it.
[2024-07-09T13:36:09.448+0000] {processor.py:840} INFO - DAG(s) 'example_python_decorator' retrieved from /home/airflow/.local/lib/python3.11/site-packages/airflow/example_dags/example_python_decorator.py
[2024-07-09T13:36:09.471+0000] {logging_mixin.py:188} INFO - [2024-07-09T13:36:09.471+0000] {dag.py:3047} INFO - Sync 1 DAGs
[2024-07-09T13:36:09.483+0000] {logging_mixin.py:188} INFO - [2024-07-09T13:36:09.483+0000] {dag.py:3834} INFO - Setting next_dagrun for example_python_decorator to None, run_after=None
[2024-07-09T13:36:09.502+0000] {processor.py:183} INFO - Processing /home/airflow/.local/lib/python3.11/site-packages/airflow/example_dags/example_python_decorator.py took 0.067 seconds
[2024-07-09T13:36:39.778+0000] {processor.py:161} INFO - Started process (PID=2891) to work on /home/airflow/.local/lib/python3.11/site-packages/airflow/example_dags/example_python_decorator.py
[2024-07-09T13:36:39.779+0000] {processor.py:830} INFO - Processing file /home/airflow/.local/lib/python3.11/site-packages/airflow/example_dags/example_python_decorator.py for tasks to queue
[2024-07-09T13:36:39.780+0000] {logging_mixin.py:188} INFO - [2024-07-09T13:36:39.779+0000] {dagbag.py:540} INFO - Filling up the DagBag from /home/airflow/.local/lib/python3.11/site-packages/airflow/example_dags/example_python_decorator.py
[2024-07-09T13:36:39.787+0000] {logging_mixin.py:188} INFO - [2024-07-09T13:36:39.787+0000] {example_python_decorator.py:79} WARNING - The virtalenv_python example task requires virtualenv, please install it.
[2024-07-09T13:36:39.788+0000] {processor.py:840} INFO - DAG(s) 'example_python_decorator' retrieved from /home/airflow/.local/lib/python3.11/site-packages/airflow/example_dags/example_python_decorator.py
[2024-07-09T13:36:39.809+0000] {logging_mixin.py:188} INFO - [2024-07-09T13:36:39.809+0000] {dag.py:3047} INFO - Sync 1 DAGs
[2024-07-09T13:36:39.820+0000] {logging_mixin.py:188} INFO - [2024-07-09T13:36:39.820+0000] {dag.py:3834} INFO - Setting next_dagrun for example_python_decorator to None, run_after=None
[2024-07-09T13:36:39.836+0000] {processor.py:183} INFO - Processing /home/airflow/.local/lib/python3.11/site-packages/airflow/example_dags/example_python_decorator.py took 0.061 seconds
[2024-07-09T13:37:10.261+0000] {processor.py:161} INFO - Started process (PID=3161) to work on /home/airflow/.local/lib/python3.11/site-packages/airflow/example_dags/example_python_decorator.py
[2024-07-09T13:37:10.262+0000] {processor.py:830} INFO - Processing file /home/airflow/.local/lib/python3.11/site-packages/airflow/example_dags/example_python_decorator.py for tasks to queue
[2024-07-09T13:37:10.262+0000] {logging_mixin.py:188} INFO - [2024-07-09T13:37:10.262+0000] {dagbag.py:540} INFO - Filling up the DagBag from /home/airflow/.local/lib/python3.11/site-packages/airflow/example_dags/example_python_decorator.py
[2024-07-09T13:37:10.273+0000] {logging_mixin.py:188} INFO - [2024-07-09T13:37:10.273+0000] {example_python_decorator.py:79} WARNING - The virtalenv_python example task requires virtualenv, please install it.
[2024-07-09T13:37:10.274+0000] {processor.py:840} INFO - DAG(s) 'example_python_decorator' retrieved from /home/airflow/.local/lib/python3.11/site-packages/airflow/example_dags/example_python_decorator.py
[2024-07-09T13:37:10.301+0000] {logging_mixin.py:188} INFO - [2024-07-09T13:37:10.300+0000] {dag.py:3047} INFO - Sync 1 DAGs
[2024-07-09T13:37:10.312+0000] {logging_mixin.py:188} INFO - [2024-07-09T13:37:10.312+0000] {dag.py:3834} INFO - Setting next_dagrun for example_python_decorator to None, run_after=None
[2024-07-09T13:37:10.335+0000] {processor.py:183} INFO - Processing /home/airflow/.local/lib/python3.11/site-packages/airflow/example_dags/example_python_decorator.py took 0.077 seconds
[2024-07-09T13:46:09.639+0000] {processor.py:161} INFO - Started process (PID=209) to work on /home/airflow/.local/lib/python3.11/site-packages/airflow/example_dags/example_python_decorator.py
[2024-07-09T13:46:09.640+0000] {processor.py:830} INFO - Processing file /home/airflow/.local/lib/python3.11/site-packages/airflow/example_dags/example_python_decorator.py for tasks to queue
[2024-07-09T13:46:09.641+0000] {logging_mixin.py:188} INFO - [2024-07-09T13:46:09.641+0000] {dagbag.py:540} INFO - Filling up the DagBag from /home/airflow/.local/lib/python3.11/site-packages/airflow/example_dags/example_python_decorator.py
[2024-07-09T13:46:09.651+0000] {logging_mixin.py:188} INFO - [2024-07-09T13:46:09.650+0000] {example_python_decorator.py:79} WARNING - The virtalenv_python example task requires virtualenv, please install it.
[2024-07-09T13:46:09.653+0000] {processor.py:840} INFO - DAG(s) 'example_python_decorator' retrieved from /home/airflow/.local/lib/python3.11/site-packages/airflow/example_dags/example_python_decorator.py
[2024-07-09T13:46:09.759+0000] {logging_mixin.py:188} INFO - [2024-07-09T13:46:09.759+0000] {override.py:1769} INFO - Created Permission View: can delete on DAG:example_python_decorator
[2024-07-09T13:46:09.769+0000] {logging_mixin.py:188} INFO - [2024-07-09T13:46:09.769+0000] {override.py:1769} INFO - Created Permission View: can read on DAG:example_python_decorator
[2024-07-09T13:46:09.775+0000] {logging_mixin.py:188} INFO - [2024-07-09T13:46:09.775+0000] {override.py:1769} INFO - Created Permission View: can edit on DAG:example_python_decorator
[2024-07-09T13:46:09.776+0000] {logging_mixin.py:188} INFO - [2024-07-09T13:46:09.776+0000] {dag.py:3047} INFO - Sync 1 DAGs
[2024-07-09T13:46:09.784+0000] {logging_mixin.py:188} INFO - [2024-07-09T13:46:09.784+0000] {dag.py:3069} INFO - Creating ORM DAG for example_python_decorator
[2024-07-09T13:46:09.785+0000] {logging_mixin.py:188} INFO - [2024-07-09T13:46:09.785+0000] {dag.py:3834} INFO - Setting next_dagrun for example_python_decorator to None, run_after=None
[2024-07-09T13:46:09.800+0000] {processor.py:183} INFO - Processing /home/airflow/.local/lib/python3.11/site-packages/airflow/example_dags/example_python_decorator.py took 0.163 seconds
[2024-07-09T13:46:40.512+0000] {processor.py:161} INFO - Started process (PID=467) to work on /home/airflow/.local/lib/python3.11/site-packages/airflow/example_dags/example_python_decorator.py
[2024-07-09T13:46:40.512+0000] {processor.py:830} INFO - Processing file /home/airflow/.local/lib/python3.11/site-packages/airflow/example_dags/example_python_decorator.py for tasks to queue
[2024-07-09T13:46:40.513+0000] {logging_mixin.py:188} INFO - [2024-07-09T13:46:40.513+0000] {dagbag.py:540} INFO - Filling up the DagBag from /home/airflow/.local/lib/python3.11/site-packages/airflow/example_dags/example_python_decorator.py
[2024-07-09T13:46:40.520+0000] {logging_mixin.py:188} INFO - [2024-07-09T13:46:40.520+0000] {example_python_decorator.py:79} WARNING - The virtalenv_python example task requires virtualenv, please install it.
[2024-07-09T13:46:40.521+0000] {processor.py:840} INFO - DAG(s) 'example_python_decorator' retrieved from /home/airflow/.local/lib/python3.11/site-packages/airflow/example_dags/example_python_decorator.py
[2024-07-09T13:46:40.542+0000] {logging_mixin.py:188} INFO - [2024-07-09T13:46:40.542+0000] {dag.py:3047} INFO - Sync 1 DAGs
[2024-07-09T13:46:40.552+0000] {logging_mixin.py:188} INFO - [2024-07-09T13:46:40.552+0000] {dag.py:3834} INFO - Setting next_dagrun for example_python_decorator to None, run_after=None
[2024-07-09T13:46:40.572+0000] {processor.py:183} INFO - Processing /home/airflow/.local/lib/python3.11/site-packages/airflow/example_dags/example_python_decorator.py took 0.063 seconds
[2024-07-09T13:47:10.841+0000] {processor.py:161} INFO - Started process (PID=731) to work on /home/airflow/.local/lib/python3.11/site-packages/airflow/example_dags/example_python_decorator.py
[2024-07-09T13:47:10.842+0000] {processor.py:830} INFO - Processing file /home/airflow/.local/lib/python3.11/site-packages/airflow/example_dags/example_python_decorator.py for tasks to queue
[2024-07-09T13:47:10.843+0000] {logging_mixin.py:188} INFO - [2024-07-09T13:47:10.842+0000] {dagbag.py:540} INFO - Filling up the DagBag from /home/airflow/.local/lib/python3.11/site-packages/airflow/example_dags/example_python_decorator.py
[2024-07-09T13:47:10.852+0000] {logging_mixin.py:188} INFO - [2024-07-09T13:47:10.852+0000] {example_python_decorator.py:79} WARNING - The virtalenv_python example task requires virtualenv, please install it.
[2024-07-09T13:47:10.852+0000] {processor.py:840} INFO - DAG(s) 'example_python_decorator' retrieved from /home/airflow/.local/lib/python3.11/site-packages/airflow/example_dags/example_python_decorator.py
[2024-07-09T13:47:10.874+0000] {logging_mixin.py:188} INFO - [2024-07-09T13:47:10.874+0000] {dag.py:3047} INFO - Sync 1 DAGs
[2024-07-09T13:47:10.884+0000] {logging_mixin.py:188} INFO - [2024-07-09T13:47:10.884+0000] {dag.py:3834} INFO - Setting next_dagrun for example_python_decorator to None, run_after=None
[2024-07-09T13:47:10.901+0000] {processor.py:183} INFO - Processing /home/airflow/.local/lib/python3.11/site-packages/airflow/example_dags/example_python_decorator.py took 0.063 seconds
[2024-07-09T13:47:41.305+0000] {processor.py:161} INFO - Started process (PID=1001) to work on /home/airflow/.local/lib/python3.11/site-packages/airflow/example_dags/example_python_decorator.py
[2024-07-09T13:47:41.306+0000] {processor.py:830} INFO - Processing file /home/airflow/.local/lib/python3.11/site-packages/airflow/example_dags/example_python_decorator.py for tasks to queue
[2024-07-09T13:47:41.306+0000] {logging_mixin.py:188} INFO - [2024-07-09T13:47:41.306+0000] {dagbag.py:540} INFO - Filling up the DagBag from /home/airflow/.local/lib/python3.11/site-packages/airflow/example_dags/example_python_decorator.py
[2024-07-09T13:47:41.314+0000] {logging_mixin.py:188} INFO - [2024-07-09T13:47:41.314+0000] {example_python_decorator.py:79} WARNING - The virtalenv_python example task requires virtualenv, please install it.
[2024-07-09T13:47:41.314+0000] {processor.py:840} INFO - DAG(s) 'example_python_decorator' retrieved from /home/airflow/.local/lib/python3.11/site-packages/airflow/example_dags/example_python_decorator.py
[2024-07-09T13:47:41.336+0000] {logging_mixin.py:188} INFO - [2024-07-09T13:47:41.335+0000] {dag.py:3047} INFO - Sync 1 DAGs
[2024-07-09T13:47:41.345+0000] {logging_mixin.py:188} INFO - [2024-07-09T13:47:41.345+0000] {dag.py:3834} INFO - Setting next_dagrun for example_python_decorator to None, run_after=None
[2024-07-09T13:47:41.362+0000] {processor.py:183} INFO - Processing /home/airflow/.local/lib/python3.11/site-packages/airflow/example_dags/example_python_decorator.py took 0.060 seconds
[2024-07-09T13:48:11.632+0000] {processor.py:161} INFO - Started process (PID=1268) to work on /home/airflow/.local/lib/python3.11/site-packages/airflow/example_dags/example_python_decorator.py
[2024-07-09T13:48:11.633+0000] {processor.py:830} INFO - Processing file /home/airflow/.local/lib/python3.11/site-packages/airflow/example_dags/example_python_decorator.py for tasks to queue
[2024-07-09T13:48:11.634+0000] {logging_mixin.py:188} INFO - [2024-07-09T13:48:11.633+0000] {dagbag.py:540} INFO - Filling up the DagBag from /home/airflow/.local/lib/python3.11/site-packages/airflow/example_dags/example_python_decorator.py
[2024-07-09T13:48:11.641+0000] {logging_mixin.py:188} INFO - [2024-07-09T13:48:11.641+0000] {example_python_decorator.py:79} WARNING - The virtalenv_python example task requires virtualenv, please install it.
[2024-07-09T13:48:11.642+0000] {processor.py:840} INFO - DAG(s) 'example_python_decorator' retrieved from /home/airflow/.local/lib/python3.11/site-packages/airflow/example_dags/example_python_decorator.py
[2024-07-09T13:48:11.662+0000] {logging_mixin.py:188} INFO - [2024-07-09T13:48:11.662+0000] {dag.py:3047} INFO - Sync 1 DAGs
[2024-07-09T13:48:11.672+0000] {logging_mixin.py:188} INFO - [2024-07-09T13:48:11.672+0000] {dag.py:3834} INFO - Setting next_dagrun for example_python_decorator to None, run_after=None
[2024-07-09T13:48:11.688+0000] {processor.py:183} INFO - Processing /home/airflow/.local/lib/python3.11/site-packages/airflow/example_dags/example_python_decorator.py took 0.058 seconds
[2024-07-09T13:48:42.315+0000] {processor.py:161} INFO - Started process (PID=1541) to work on /home/airflow/.local/lib/python3.11/site-packages/airflow/example_dags/example_python_decorator.py
[2024-07-09T13:48:42.316+0000] {processor.py:830} INFO - Processing file /home/airflow/.local/lib/python3.11/site-packages/airflow/example_dags/example_python_decorator.py for tasks to queue
[2024-07-09T13:48:42.316+0000] {logging_mixin.py:188} INFO - [2024-07-09T13:48:42.316+0000] {dagbag.py:540} INFO - Filling up the DagBag from /home/airflow/.local/lib/python3.11/site-packages/airflow/example_dags/example_python_decorator.py
[2024-07-09T13:48:42.324+0000] {logging_mixin.py:188} INFO - [2024-07-09T13:48:42.323+0000] {example_python_decorator.py:79} WARNING - The virtalenv_python example task requires virtualenv, please install it.
[2024-07-09T13:48:42.324+0000] {processor.py:840} INFO - DAG(s) 'example_python_decorator' retrieved from /home/airflow/.local/lib/python3.11/site-packages/airflow/example_dags/example_python_decorator.py
[2024-07-09T13:48:42.346+0000] {logging_mixin.py:188} INFO - [2024-07-09T13:48:42.346+0000] {dag.py:3047} INFO - Sync 1 DAGs
[2024-07-09T13:48:42.355+0000] {logging_mixin.py:188} INFO - [2024-07-09T13:48:42.355+0000] {dag.py:3834} INFO - Setting next_dagrun for example_python_decorator to None, run_after=None
[2024-07-09T13:48:42.372+0000] {processor.py:183} INFO - Processing /home/airflow/.local/lib/python3.11/site-packages/airflow/example_dags/example_python_decorator.py took 0.060 seconds
[2024-07-09T13:49:12.689+0000] {processor.py:161} INFO - Started process (PID=1811) to work on /home/airflow/.local/lib/python3.11/site-packages/airflow/example_dags/example_python_decorator.py
[2024-07-09T13:49:12.690+0000] {processor.py:830} INFO - Processing file /home/airflow/.local/lib/python3.11/site-packages/airflow/example_dags/example_python_decorator.py for tasks to queue
[2024-07-09T13:49:12.691+0000] {logging_mixin.py:188} INFO - [2024-07-09T13:49:12.690+0000] {dagbag.py:540} INFO - Filling up the DagBag from /home/airflow/.local/lib/python3.11/site-packages/airflow/example_dags/example_python_decorator.py
[2024-07-09T13:49:12.698+0000] {logging_mixin.py:188} INFO - [2024-07-09T13:49:12.698+0000] {example_python_decorator.py:79} WARNING - The virtalenv_python example task requires virtualenv, please install it.
[2024-07-09T13:49:12.699+0000] {processor.py:840} INFO - DAG(s) 'example_python_decorator' retrieved from /home/airflow/.local/lib/python3.11/site-packages/airflow/example_dags/example_python_decorator.py
[2024-07-09T13:49:12.721+0000] {logging_mixin.py:188} INFO - [2024-07-09T13:49:12.721+0000] {dag.py:3047} INFO - Sync 1 DAGs
[2024-07-09T13:49:12.735+0000] {logging_mixin.py:188} INFO - [2024-07-09T13:49:12.735+0000] {dag.py:3834} INFO - Setting next_dagrun for example_python_decorator to None, run_after=None
[2024-07-09T13:49:12.759+0000] {processor.py:183} INFO - Processing /home/airflow/.local/lib/python3.11/site-packages/airflow/example_dags/example_python_decorator.py took 0.072 seconds
[2024-07-09T13:49:43.199+0000] {processor.py:161} INFO - Started process (PID=2081) to work on /home/airflow/.local/lib/python3.11/site-packages/airflow/example_dags/example_python_decorator.py
[2024-07-09T13:49:43.200+0000] {processor.py:830} INFO - Processing file /home/airflow/.local/lib/python3.11/site-packages/airflow/example_dags/example_python_decorator.py for tasks to queue
[2024-07-09T13:49:43.201+0000] {logging_mixin.py:188} INFO - [2024-07-09T13:49:43.200+0000] {dagbag.py:540} INFO - Filling up the DagBag from /home/airflow/.local/lib/python3.11/site-packages/airflow/example_dags/example_python_decorator.py
[2024-07-09T13:49:43.208+0000] {logging_mixin.py:188} INFO - [2024-07-09T13:49:43.208+0000] {example_python_decorator.py:79} WARNING - The virtalenv_python example task requires virtualenv, please install it.
[2024-07-09T13:49:43.209+0000] {processor.py:840} INFO - DAG(s) 'example_python_decorator' retrieved from /home/airflow/.local/lib/python3.11/site-packages/airflow/example_dags/example_python_decorator.py
[2024-07-09T13:49:43.231+0000] {logging_mixin.py:188} INFO - [2024-07-09T13:49:43.231+0000] {dag.py:3047} INFO - Sync 1 DAGs
[2024-07-09T13:49:43.241+0000] {logging_mixin.py:188} INFO - [2024-07-09T13:49:43.240+0000] {dag.py:3834} INFO - Setting next_dagrun for example_python_decorator to None, run_after=None
[2024-07-09T13:49:43.257+0000] {processor.py:183} INFO - Processing /home/airflow/.local/lib/python3.11/site-packages/airflow/example_dags/example_python_decorator.py took 0.060 seconds
[2024-07-09T13:50:13.382+0000] {processor.py:161} INFO - Started process (PID=2351) to work on /home/airflow/.local/lib/python3.11/site-packages/airflow/example_dags/example_python_decorator.py
[2024-07-09T13:50:13.383+0000] {processor.py:830} INFO - Processing file /home/airflow/.local/lib/python3.11/site-packages/airflow/example_dags/example_python_decorator.py for tasks to queue
[2024-07-09T13:50:13.383+0000] {logging_mixin.py:188} INFO - [2024-07-09T13:50:13.383+0000] {dagbag.py:540} INFO - Filling up the DagBag from /home/airflow/.local/lib/python3.11/site-packages/airflow/example_dags/example_python_decorator.py
[2024-07-09T13:50:13.391+0000] {logging_mixin.py:188} INFO - [2024-07-09T13:50:13.390+0000] {example_python_decorator.py:79} WARNING - The virtalenv_python example task requires virtualenv, please install it.
[2024-07-09T13:50:13.391+0000] {processor.py:840} INFO - DAG(s) 'example_python_decorator' retrieved from /home/airflow/.local/lib/python3.11/site-packages/airflow/example_dags/example_python_decorator.py
[2024-07-09T13:50:13.412+0000] {logging_mixin.py:188} INFO - [2024-07-09T13:50:13.412+0000] {dag.py:3047} INFO - Sync 1 DAGs
[2024-07-09T13:50:13.421+0000] {logging_mixin.py:188} INFO - [2024-07-09T13:50:13.421+0000] {dag.py:3834} INFO - Setting next_dagrun for example_python_decorator to None, run_after=None
[2024-07-09T13:50:13.437+0000] {processor.py:183} INFO - Processing /home/airflow/.local/lib/python3.11/site-packages/airflow/example_dags/example_python_decorator.py took 0.058 seconds
[2024-07-09T13:50:43.640+0000] {processor.py:161} INFO - Started process (PID=2621) to work on /home/airflow/.local/lib/python3.11/site-packages/airflow/example_dags/example_python_decorator.py
[2024-07-09T13:50:43.641+0000] {processor.py:830} INFO - Processing file /home/airflow/.local/lib/python3.11/site-packages/airflow/example_dags/example_python_decorator.py for tasks to queue
[2024-07-09T13:50:43.641+0000] {logging_mixin.py:188} INFO - [2024-07-09T13:50:43.641+0000] {dagbag.py:540} INFO - Filling up the DagBag from /home/airflow/.local/lib/python3.11/site-packages/airflow/example_dags/example_python_decorator.py
[2024-07-09T13:50:43.649+0000] {logging_mixin.py:188} INFO - [2024-07-09T13:50:43.649+0000] {example_python_decorator.py:79} WARNING - The virtalenv_python example task requires virtualenv, please install it.
[2024-07-09T13:50:43.649+0000] {processor.py:840} INFO - DAG(s) 'example_python_decorator' retrieved from /home/airflow/.local/lib/python3.11/site-packages/airflow/example_dags/example_python_decorator.py
[2024-07-09T13:50:43.670+0000] {logging_mixin.py:188} INFO - [2024-07-09T13:50:43.670+0000] {dag.py:3047} INFO - Sync 1 DAGs
[2024-07-09T13:50:43.679+0000] {logging_mixin.py:188} INFO - [2024-07-09T13:50:43.679+0000] {dag.py:3834} INFO - Setting next_dagrun for example_python_decorator to None, run_after=None
[2024-07-09T13:50:43.695+0000] {processor.py:183} INFO - Processing /home/airflow/.local/lib/python3.11/site-packages/airflow/example_dags/example_python_decorator.py took 0.058 seconds
[2024-07-09T13:51:14.129+0000] {processor.py:161} INFO - Started process (PID=2891) to work on /home/airflow/.local/lib/python3.11/site-packages/airflow/example_dags/example_python_decorator.py
[2024-07-09T13:51:14.130+0000] {processor.py:830} INFO - Processing file /home/airflow/.local/lib/python3.11/site-packages/airflow/example_dags/example_python_decorator.py for tasks to queue
[2024-07-09T13:51:14.131+0000] {logging_mixin.py:188} INFO - [2024-07-09T13:51:14.130+0000] {dagbag.py:540} INFO - Filling up the DagBag from /home/airflow/.local/lib/python3.11/site-packages/airflow/example_dags/example_python_decorator.py
[2024-07-09T13:51:14.138+0000] {logging_mixin.py:188} INFO - [2024-07-09T13:51:14.138+0000] {example_python_decorator.py:79} WARNING - The virtalenv_python example task requires virtualenv, please install it.
[2024-07-09T13:51:14.139+0000] {processor.py:840} INFO - DAG(s) 'example_python_decorator' retrieved from /home/airflow/.local/lib/python3.11/site-packages/airflow/example_dags/example_python_decorator.py
[2024-07-09T13:51:14.159+0000] {logging_mixin.py:188} INFO - [2024-07-09T13:51:14.159+0000] {dag.py:3047} INFO - Sync 1 DAGs
[2024-07-09T13:51:14.169+0000] {logging_mixin.py:188} INFO - [2024-07-09T13:51:14.169+0000] {dag.py:3834} INFO - Setting next_dagrun for example_python_decorator to None, run_after=None
[2024-07-09T13:51:14.186+0000] {processor.py:183} INFO - Processing /home/airflow/.local/lib/python3.11/site-packages/airflow/example_dags/example_python_decorator.py took 0.059 seconds
