[2024-07-09T13:18:48.158+0000] {processor.py:161} INFO - Started process (PID=239) to work on /home/airflow/.local/lib/python3.11/site-packages/airflow/example_dags/example_branch_day_of_week_operator.py
[2024-07-09T13:18:48.159+0000] {processor.py:830} INFO - Processing file /home/airflow/.local/lib/python3.11/site-packages/airflow/example_dags/example_branch_day_of_week_operator.py for tasks to queue
[2024-07-09T13:18:48.159+0000] {logging_mixin.py:188} INFO - [2024-07-09T13:18:48.159+0000] {dagbag.py:540} INFO - Filling up the DagBag from /home/airflow/.local/lib/python3.11/site-packages/airflow/example_dags/example_branch_day_of_week_operator.py
[2024-07-09T13:18:48.168+0000] {processor.py:840} INFO - DAG(s) 'example_weekday_branch_operator' retrieved from /home/airflow/.local/lib/python3.11/site-packages/airflow/example_dags/example_branch_day_of_week_operator.py
[2024-07-09T13:18:48.269+0000] {logging_mixin.py:188} INFO - [2024-07-09T13:18:48.268+0000] {override.py:1769} INFO - Created Permission View: can delete on DAG:example_weekday_branch_operator
[2024-07-09T13:18:48.280+0000] {logging_mixin.py:188} INFO - [2024-07-09T13:18:48.279+0000] {override.py:1769} INFO - Created Permission View: can read on DAG:example_weekday_branch_operator
[2024-07-09T13:18:48.286+0000] {logging_mixin.py:188} INFO - [2024-07-09T13:18:48.286+0000] {override.py:1769} INFO - Created Permission View: can edit on DAG:example_weekday_branch_operator
[2024-07-09T13:18:48.286+0000] {logging_mixin.py:188} INFO - [2024-07-09T13:18:48.286+0000] {dag.py:3047} INFO - Sync 1 DAGs
[2024-07-09T13:18:48.295+0000] {logging_mixin.py:188} INFO - [2024-07-09T13:18:48.295+0000] {dag.py:3069} INFO - Creating ORM DAG for example_weekday_branch_operator
[2024-07-09T13:18:48.303+0000] {logging_mixin.py:188} INFO - [2024-07-09T13:18:48.303+0000] {dag.py:3834} INFO - Setting next_dagrun for example_weekday_branch_operator to 2024-07-08 00:00:00+00:00, run_after=2024-07-09 00:00:00+00:00
[2024-07-09T13:18:48.320+0000] {processor.py:183} INFO - Processing /home/airflow/.local/lib/python3.11/site-packages/airflow/example_dags/example_branch_day_of_week_operator.py took 0.164 seconds
[2024-07-09T13:19:18.541+0000] {processor.py:161} INFO - Started process (PID=509) to work on /home/airflow/.local/lib/python3.11/site-packages/airflow/example_dags/example_branch_day_of_week_operator.py
[2024-07-09T13:19:18.542+0000] {processor.py:830} INFO - Processing file /home/airflow/.local/lib/python3.11/site-packages/airflow/example_dags/example_branch_day_of_week_operator.py for tasks to queue
[2024-07-09T13:19:18.543+0000] {logging_mixin.py:188} INFO - [2024-07-09T13:19:18.542+0000] {dagbag.py:540} INFO - Filling up the DagBag from /home/airflow/.local/lib/python3.11/site-packages/airflow/example_dags/example_branch_day_of_week_operator.py
[2024-07-09T13:19:18.548+0000] {processor.py:840} INFO - DAG(s) 'example_weekday_branch_operator' retrieved from /home/airflow/.local/lib/python3.11/site-packages/airflow/example_dags/example_branch_day_of_week_operator.py
[2024-07-09T13:19:18.568+0000] {logging_mixin.py:188} INFO - [2024-07-09T13:19:18.568+0000] {dag.py:3047} INFO - Sync 1 DAGs
[2024-07-09T13:19:18.586+0000] {logging_mixin.py:188} INFO - [2024-07-09T13:19:18.586+0000] {dag.py:3834} INFO - Setting next_dagrun for example_weekday_branch_operator to 2024-07-08 00:00:00+00:00, run_after=2024-07-09 00:00:00+00:00
[2024-07-09T13:19:18.601+0000] {processor.py:183} INFO - Processing /home/airflow/.local/lib/python3.11/site-packages/airflow/example_dags/example_branch_day_of_week_operator.py took 0.062 seconds
[2024-07-09T13:19:49.438+0000] {processor.py:161} INFO - Started process (PID=779) to work on /home/airflow/.local/lib/python3.11/site-packages/airflow/example_dags/example_branch_day_of_week_operator.py
[2024-07-09T13:19:49.439+0000] {processor.py:830} INFO - Processing file /home/airflow/.local/lib/python3.11/site-packages/airflow/example_dags/example_branch_day_of_week_operator.py for tasks to queue
[2024-07-09T13:19:49.439+0000] {logging_mixin.py:188} INFO - [2024-07-09T13:19:49.439+0000] {dagbag.py:540} INFO - Filling up the DagBag from /home/airflow/.local/lib/python3.11/site-packages/airflow/example_dags/example_branch_day_of_week_operator.py
[2024-07-09T13:19:49.446+0000] {processor.py:840} INFO - DAG(s) 'example_weekday_branch_operator' retrieved from /home/airflow/.local/lib/python3.11/site-packages/airflow/example_dags/example_branch_day_of_week_operator.py
[2024-07-09T13:19:49.467+0000] {logging_mixin.py:188} INFO - [2024-07-09T13:19:49.467+0000] {dag.py:3047} INFO - Sync 1 DAGs
[2024-07-09T13:19:49.485+0000] {logging_mixin.py:188} INFO - [2024-07-09T13:19:49.485+0000] {dag.py:3834} INFO - Setting next_dagrun for example_weekday_branch_operator to 2024-07-08 00:00:00+00:00, run_after=2024-07-09 00:00:00+00:00
[2024-07-09T13:19:49.500+0000] {processor.py:183} INFO - Processing /home/airflow/.local/lib/python3.11/site-packages/airflow/example_dags/example_branch_day_of_week_operator.py took 0.065 seconds
[2024-07-09T13:20:20.865+0000] {processor.py:161} INFO - Started process (PID=1049) to work on /home/airflow/.local/lib/python3.11/site-packages/airflow/example_dags/example_branch_day_of_week_operator.py
[2024-07-09T13:20:20.866+0000] {processor.py:830} INFO - Processing file /home/airflow/.local/lib/python3.11/site-packages/airflow/example_dags/example_branch_day_of_week_operator.py for tasks to queue
[2024-07-09T13:20:20.867+0000] {logging_mixin.py:188} INFO - [2024-07-09T13:20:20.867+0000] {dagbag.py:540} INFO - Filling up the DagBag from /home/airflow/.local/lib/python3.11/site-packages/airflow/example_dags/example_branch_day_of_week_operator.py
[2024-07-09T13:20:20.873+0000] {processor.py:840} INFO - DAG(s) 'example_weekday_branch_operator' retrieved from /home/airflow/.local/lib/python3.11/site-packages/airflow/example_dags/example_branch_day_of_week_operator.py
[2024-07-09T13:20:20.896+0000] {logging_mixin.py:188} INFO - [2024-07-09T13:20:20.896+0000] {dag.py:3047} INFO - Sync 1 DAGs
[2024-07-09T13:20:21.058+0000] {logging_mixin.py:188} INFO - [2024-07-09T13:20:21.058+0000] {dag.py:3834} INFO - Setting next_dagrun for example_weekday_branch_operator to 2024-07-08 00:00:00+00:00, run_after=2024-07-09 00:00:00+00:00
[2024-07-09T13:20:21.072+0000] {processor.py:183} INFO - Processing /home/airflow/.local/lib/python3.11/site-packages/airflow/example_dags/example_branch_day_of_week_operator.py took 0.209 seconds
[2024-07-09T13:20:51.729+0000] {processor.py:161} INFO - Started process (PID=1319) to work on /home/airflow/.local/lib/python3.11/site-packages/airflow/example_dags/example_branch_day_of_week_operator.py
[2024-07-09T13:20:51.731+0000] {processor.py:830} INFO - Processing file /home/airflow/.local/lib/python3.11/site-packages/airflow/example_dags/example_branch_day_of_week_operator.py for tasks to queue
[2024-07-09T13:20:51.732+0000] {logging_mixin.py:188} INFO - [2024-07-09T13:20:51.731+0000] {dagbag.py:540} INFO - Filling up the DagBag from /home/airflow/.local/lib/python3.11/site-packages/airflow/example_dags/example_branch_day_of_week_operator.py
[2024-07-09T13:20:51.743+0000] {processor.py:840} INFO - DAG(s) 'example_weekday_branch_operator' retrieved from /home/airflow/.local/lib/python3.11/site-packages/airflow/example_dags/example_branch_day_of_week_operator.py
[2024-07-09T13:20:51.775+0000] {logging_mixin.py:188} INFO - [2024-07-09T13:20:51.775+0000] {dag.py:3047} INFO - Sync 1 DAGs
[2024-07-09T13:20:51.795+0000] {logging_mixin.py:188} INFO - [2024-07-09T13:20:51.795+0000] {dag.py:3834} INFO - Setting next_dagrun for example_weekday_branch_operator to 2024-07-08 00:00:00+00:00, run_after=2024-07-09 00:00:00+00:00
[2024-07-09T13:20:51.811+0000] {processor.py:183} INFO - Processing /home/airflow/.local/lib/python3.11/site-packages/airflow/example_dags/example_branch_day_of_week_operator.py took 0.088 seconds
[2024-07-09T13:21:22.756+0000] {processor.py:161} INFO - Started process (PID=1591) to work on /home/airflow/.local/lib/python3.11/site-packages/airflow/example_dags/example_branch_day_of_week_operator.py
[2024-07-09T13:21:22.757+0000] {processor.py:830} INFO - Processing file /home/airflow/.local/lib/python3.11/site-packages/airflow/example_dags/example_branch_day_of_week_operator.py for tasks to queue
[2024-07-09T13:21:22.758+0000] {logging_mixin.py:188} INFO - [2024-07-09T13:21:22.757+0000] {dagbag.py:540} INFO - Filling up the DagBag from /home/airflow/.local/lib/python3.11/site-packages/airflow/example_dags/example_branch_day_of_week_operator.py
[2024-07-09T13:21:22.763+0000] {processor.py:840} INFO - DAG(s) 'example_weekday_branch_operator' retrieved from /home/airflow/.local/lib/python3.11/site-packages/airflow/example_dags/example_branch_day_of_week_operator.py
[2024-07-09T13:21:22.785+0000] {logging_mixin.py:188} INFO - [2024-07-09T13:21:22.784+0000] {dag.py:3047} INFO - Sync 1 DAGs
[2024-07-09T13:21:22.803+0000] {logging_mixin.py:188} INFO - [2024-07-09T13:21:22.803+0000] {dag.py:3834} INFO - Setting next_dagrun for example_weekday_branch_operator to 2024-07-08 00:00:00+00:00, run_after=2024-07-09 00:00:00+00:00
[2024-07-09T13:21:22.819+0000] {processor.py:183} INFO - Processing /home/airflow/.local/lib/python3.11/site-packages/airflow/example_dags/example_branch_day_of_week_operator.py took 0.066 seconds
[2024-07-09T13:21:53.433+0000] {processor.py:161} INFO - Started process (PID=1859) to work on /home/airflow/.local/lib/python3.11/site-packages/airflow/example_dags/example_branch_day_of_week_operator.py
[2024-07-09T13:21:53.434+0000] {processor.py:830} INFO - Processing file /home/airflow/.local/lib/python3.11/site-packages/airflow/example_dags/example_branch_day_of_week_operator.py for tasks to queue
[2024-07-09T13:21:53.435+0000] {logging_mixin.py:188} INFO - [2024-07-09T13:21:53.435+0000] {dagbag.py:540} INFO - Filling up the DagBag from /home/airflow/.local/lib/python3.11/site-packages/airflow/example_dags/example_branch_day_of_week_operator.py
[2024-07-09T13:21:53.441+0000] {processor.py:840} INFO - DAG(s) 'example_weekday_branch_operator' retrieved from /home/airflow/.local/lib/python3.11/site-packages/airflow/example_dags/example_branch_day_of_week_operator.py
[2024-07-09T13:21:53.462+0000] {logging_mixin.py:188} INFO - [2024-07-09T13:21:53.462+0000] {dag.py:3047} INFO - Sync 1 DAGs
[2024-07-09T13:21:53.481+0000] {logging_mixin.py:188} INFO - [2024-07-09T13:21:53.481+0000] {dag.py:3834} INFO - Setting next_dagrun for example_weekday_branch_operator to 2024-07-08 00:00:00+00:00, run_after=2024-07-09 00:00:00+00:00
[2024-07-09T13:21:53.497+0000] {processor.py:183} INFO - Processing /home/airflow/.local/lib/python3.11/site-packages/airflow/example_dags/example_branch_day_of_week_operator.py took 0.066 seconds
[2024-07-09T13:22:24.128+0000] {processor.py:161} INFO - Started process (PID=2129) to work on /home/airflow/.local/lib/python3.11/site-packages/airflow/example_dags/example_branch_day_of_week_operator.py
[2024-07-09T13:22:24.129+0000] {processor.py:830} INFO - Processing file /home/airflow/.local/lib/python3.11/site-packages/airflow/example_dags/example_branch_day_of_week_operator.py for tasks to queue
[2024-07-09T13:22:24.129+0000] {logging_mixin.py:188} INFO - [2024-07-09T13:22:24.129+0000] {dagbag.py:540} INFO - Filling up the DagBag from /home/airflow/.local/lib/python3.11/site-packages/airflow/example_dags/example_branch_day_of_week_operator.py
[2024-07-09T13:22:24.136+0000] {processor.py:840} INFO - DAG(s) 'example_weekday_branch_operator' retrieved from /home/airflow/.local/lib/python3.11/site-packages/airflow/example_dags/example_branch_day_of_week_operator.py
[2024-07-09T13:22:24.160+0000] {logging_mixin.py:188} INFO - [2024-07-09T13:22:24.160+0000] {dag.py:3047} INFO - Sync 1 DAGs
[2024-07-09T13:22:24.179+0000] {logging_mixin.py:188} INFO - [2024-07-09T13:22:24.178+0000] {dag.py:3834} INFO - Setting next_dagrun for example_weekday_branch_operator to 2024-07-08 00:00:00+00:00, run_after=2024-07-09 00:00:00+00:00
[2024-07-09T13:22:24.195+0000] {processor.py:183} INFO - Processing /home/airflow/.local/lib/python3.11/site-packages/airflow/example_dags/example_branch_day_of_week_operator.py took 0.070 seconds
[2024-07-09T13:22:54.923+0000] {processor.py:161} INFO - Started process (PID=2401) to work on /home/airflow/.local/lib/python3.11/site-packages/airflow/example_dags/example_branch_day_of_week_operator.py
[2024-07-09T13:22:54.924+0000] {processor.py:830} INFO - Processing file /home/airflow/.local/lib/python3.11/site-packages/airflow/example_dags/example_branch_day_of_week_operator.py for tasks to queue
[2024-07-09T13:22:54.925+0000] {logging_mixin.py:188} INFO - [2024-07-09T13:22:54.924+0000] {dagbag.py:540} INFO - Filling up the DagBag from /home/airflow/.local/lib/python3.11/site-packages/airflow/example_dags/example_branch_day_of_week_operator.py
[2024-07-09T13:22:54.931+0000] {processor.py:840} INFO - DAG(s) 'example_weekday_branch_operator' retrieved from /home/airflow/.local/lib/python3.11/site-packages/airflow/example_dags/example_branch_day_of_week_operator.py
[2024-07-09T13:22:54.952+0000] {logging_mixin.py:188} INFO - [2024-07-09T13:22:54.952+0000] {dag.py:3047} INFO - Sync 1 DAGs
[2024-07-09T13:22:54.971+0000] {logging_mixin.py:188} INFO - [2024-07-09T13:22:54.971+0000] {dag.py:3834} INFO - Setting next_dagrun for example_weekday_branch_operator to 2024-07-08 00:00:00+00:00, run_after=2024-07-09 00:00:00+00:00
[2024-07-09T13:22:54.988+0000] {processor.py:183} INFO - Processing /home/airflow/.local/lib/python3.11/site-packages/airflow/example_dags/example_branch_day_of_week_operator.py took 0.067 seconds
[2024-07-09T13:23:25.638+0000] {processor.py:161} INFO - Started process (PID=2669) to work on /home/airflow/.local/lib/python3.11/site-packages/airflow/example_dags/example_branch_day_of_week_operator.py
[2024-07-09T13:23:25.639+0000] {processor.py:830} INFO - Processing file /home/airflow/.local/lib/python3.11/site-packages/airflow/example_dags/example_branch_day_of_week_operator.py for tasks to queue
[2024-07-09T13:23:25.640+0000] {logging_mixin.py:188} INFO - [2024-07-09T13:23:25.639+0000] {dagbag.py:540} INFO - Filling up the DagBag from /home/airflow/.local/lib/python3.11/site-packages/airflow/example_dags/example_branch_day_of_week_operator.py
[2024-07-09T13:23:25.646+0000] {processor.py:840} INFO - DAG(s) 'example_weekday_branch_operator' retrieved from /home/airflow/.local/lib/python3.11/site-packages/airflow/example_dags/example_branch_day_of_week_operator.py
[2024-07-09T13:23:25.667+0000] {logging_mixin.py:188} INFO - [2024-07-09T13:23:25.666+0000] {dag.py:3047} INFO - Sync 1 DAGs
[2024-07-09T13:23:25.685+0000] {logging_mixin.py:188} INFO - [2024-07-09T13:23:25.684+0000] {dag.py:3834} INFO - Setting next_dagrun for example_weekday_branch_operator to 2024-07-08 00:00:00+00:00, run_after=2024-07-09 00:00:00+00:00
[2024-07-09T13:23:25.701+0000] {processor.py:183} INFO - Processing /home/airflow/.local/lib/python3.11/site-packages/airflow/example_dags/example_branch_day_of_week_operator.py took 0.065 seconds
[2024-07-09T13:23:56.455+0000] {processor.py:161} INFO - Started process (PID=2941) to work on /home/airflow/.local/lib/python3.11/site-packages/airflow/example_dags/example_branch_day_of_week_operator.py
[2024-07-09T13:23:56.456+0000] {processor.py:830} INFO - Processing file /home/airflow/.local/lib/python3.11/site-packages/airflow/example_dags/example_branch_day_of_week_operator.py for tasks to queue
[2024-07-09T13:23:56.457+0000] {logging_mixin.py:188} INFO - [2024-07-09T13:23:56.457+0000] {dagbag.py:540} INFO - Filling up the DagBag from /home/airflow/.local/lib/python3.11/site-packages/airflow/example_dags/example_branch_day_of_week_operator.py
[2024-07-09T13:23:56.463+0000] {processor.py:840} INFO - DAG(s) 'example_weekday_branch_operator' retrieved from /home/airflow/.local/lib/python3.11/site-packages/airflow/example_dags/example_branch_day_of_week_operator.py
[2024-07-09T13:23:56.486+0000] {logging_mixin.py:188} INFO - [2024-07-09T13:23:56.486+0000] {dag.py:3047} INFO - Sync 1 DAGs
[2024-07-09T13:23:56.505+0000] {logging_mixin.py:188} INFO - [2024-07-09T13:23:56.505+0000] {dag.py:3834} INFO - Setting next_dagrun for example_weekday_branch_operator to 2024-07-08 00:00:00+00:00, run_after=2024-07-09 00:00:00+00:00
[2024-07-09T13:23:56.522+0000] {processor.py:183} INFO - Processing /home/airflow/.local/lib/python3.11/site-packages/airflow/example_dags/example_branch_day_of_week_operator.py took 0.069 seconds
[2024-07-09T13:24:27.068+0000] {processor.py:161} INFO - Started process (PID=3209) to work on /home/airflow/.local/lib/python3.11/site-packages/airflow/example_dags/example_branch_day_of_week_operator.py
[2024-07-09T13:24:27.069+0000] {processor.py:830} INFO - Processing file /home/airflow/.local/lib/python3.11/site-packages/airflow/example_dags/example_branch_day_of_week_operator.py for tasks to queue
[2024-07-09T13:24:27.070+0000] {logging_mixin.py:188} INFO - [2024-07-09T13:24:27.070+0000] {dagbag.py:540} INFO - Filling up the DagBag from /home/airflow/.local/lib/python3.11/site-packages/airflow/example_dags/example_branch_day_of_week_operator.py
[2024-07-09T13:24:27.076+0000] {processor.py:840} INFO - DAG(s) 'example_weekday_branch_operator' retrieved from /home/airflow/.local/lib/python3.11/site-packages/airflow/example_dags/example_branch_day_of_week_operator.py
[2024-07-09T13:24:27.097+0000] {logging_mixin.py:188} INFO - [2024-07-09T13:24:27.097+0000] {dag.py:3047} INFO - Sync 1 DAGs
[2024-07-09T13:24:27.115+0000] {logging_mixin.py:188} INFO - [2024-07-09T13:24:27.115+0000] {dag.py:3834} INFO - Setting next_dagrun for example_weekday_branch_operator to 2024-07-08 00:00:00+00:00, run_after=2024-07-09 00:00:00+00:00
[2024-07-09T13:24:27.132+0000] {processor.py:183} INFO - Processing /home/airflow/.local/lib/python3.11/site-packages/airflow/example_dags/example_branch_day_of_week_operator.py took 0.066 seconds
[2024-07-09T13:24:57.843+0000] {processor.py:161} INFO - Started process (PID=3481) to work on /home/airflow/.local/lib/python3.11/site-packages/airflow/example_dags/example_branch_day_of_week_operator.py
[2024-07-09T13:24:57.844+0000] {processor.py:830} INFO - Processing file /home/airflow/.local/lib/python3.11/site-packages/airflow/example_dags/example_branch_day_of_week_operator.py for tasks to queue
[2024-07-09T13:24:57.845+0000] {logging_mixin.py:188} INFO - [2024-07-09T13:24:57.844+0000] {dagbag.py:540} INFO - Filling up the DagBag from /home/airflow/.local/lib/python3.11/site-packages/airflow/example_dags/example_branch_day_of_week_operator.py
[2024-07-09T13:24:57.851+0000] {processor.py:840} INFO - DAG(s) 'example_weekday_branch_operator' retrieved from /home/airflow/.local/lib/python3.11/site-packages/airflow/example_dags/example_branch_day_of_week_operator.py
[2024-07-09T13:24:57.875+0000] {logging_mixin.py:188} INFO - [2024-07-09T13:24:57.875+0000] {dag.py:3047} INFO - Sync 1 DAGs
[2024-07-09T13:24:57.895+0000] {logging_mixin.py:188} INFO - [2024-07-09T13:24:57.895+0000] {dag.py:3834} INFO - Setting next_dagrun for example_weekday_branch_operator to 2024-07-08 00:00:00+00:00, run_after=2024-07-09 00:00:00+00:00
[2024-07-09T13:24:57.912+0000] {processor.py:183} INFO - Processing /home/airflow/.local/lib/python3.11/site-packages/airflow/example_dags/example_branch_day_of_week_operator.py took 0.071 seconds
[2024-07-09T13:26:09.058+0000] {processor.py:161} INFO - Started process (PID=240) to work on /home/airflow/.local/lib/python3.11/site-packages/airflow/example_dags/example_branch_day_of_week_operator.py
[2024-07-09T13:26:09.059+0000] {processor.py:830} INFO - Processing file /home/airflow/.local/lib/python3.11/site-packages/airflow/example_dags/example_branch_day_of_week_operator.py for tasks to queue
[2024-07-09T13:26:09.060+0000] {logging_mixin.py:188} INFO - [2024-07-09T13:26:09.059+0000] {dagbag.py:540} INFO - Filling up the DagBag from /home/airflow/.local/lib/python3.11/site-packages/airflow/example_dags/example_branch_day_of_week_operator.py
[2024-07-09T13:26:09.068+0000] {processor.py:840} INFO - DAG(s) 'example_weekday_branch_operator' retrieved from /home/airflow/.local/lib/python3.11/site-packages/airflow/example_dags/example_branch_day_of_week_operator.py
[2024-07-09T13:26:09.159+0000] {logging_mixin.py:188} INFO - [2024-07-09T13:26:09.159+0000] {override.py:1769} INFO - Created Permission View: can delete on DAG:example_weekday_branch_operator
[2024-07-09T13:26:09.169+0000] {logging_mixin.py:188} INFO - [2024-07-09T13:26:09.168+0000] {override.py:1769} INFO - Created Permission View: can read on DAG:example_weekday_branch_operator
[2024-07-09T13:26:09.174+0000] {logging_mixin.py:188} INFO - [2024-07-09T13:26:09.174+0000] {override.py:1769} INFO - Created Permission View: can edit on DAG:example_weekday_branch_operator
[2024-07-09T13:26:09.174+0000] {logging_mixin.py:188} INFO - [2024-07-09T13:26:09.174+0000] {dag.py:3047} INFO - Sync 1 DAGs
[2024-07-09T13:26:09.183+0000] {logging_mixin.py:188} INFO - [2024-07-09T13:26:09.183+0000] {dag.py:3069} INFO - Creating ORM DAG for example_weekday_branch_operator
[2024-07-09T13:26:09.193+0000] {logging_mixin.py:188} INFO - [2024-07-09T13:26:09.193+0000] {dag.py:3834} INFO - Setting next_dagrun for example_weekday_branch_operator to 2024-07-08 00:00:00+00:00, run_after=2024-07-09 00:00:00+00:00
[2024-07-09T13:26:09.207+0000] {processor.py:183} INFO - Processing /home/airflow/.local/lib/python3.11/site-packages/airflow/example_dags/example_branch_day_of_week_operator.py took 0.152 seconds
[2024-07-09T13:26:39.492+0000] {processor.py:161} INFO - Started process (PID=510) to work on /home/airflow/.local/lib/python3.11/site-packages/airflow/example_dags/example_branch_day_of_week_operator.py
[2024-07-09T13:26:39.493+0000] {processor.py:830} INFO - Processing file /home/airflow/.local/lib/python3.11/site-packages/airflow/example_dags/example_branch_day_of_week_operator.py for tasks to queue
[2024-07-09T13:26:39.494+0000] {logging_mixin.py:188} INFO - [2024-07-09T13:26:39.494+0000] {dagbag.py:540} INFO - Filling up the DagBag from /home/airflow/.local/lib/python3.11/site-packages/airflow/example_dags/example_branch_day_of_week_operator.py
[2024-07-09T13:26:39.500+0000] {processor.py:840} INFO - DAG(s) 'example_weekday_branch_operator' retrieved from /home/airflow/.local/lib/python3.11/site-packages/airflow/example_dags/example_branch_day_of_week_operator.py
[2024-07-09T13:26:39.522+0000] {logging_mixin.py:188} INFO - [2024-07-09T13:26:39.521+0000] {dag.py:3047} INFO - Sync 1 DAGs
[2024-07-09T13:26:39.541+0000] {logging_mixin.py:188} INFO - [2024-07-09T13:26:39.541+0000] {dag.py:3834} INFO - Setting next_dagrun for example_weekday_branch_operator to 2024-07-08 00:00:00+00:00, run_after=2024-07-09 00:00:00+00:00
[2024-07-09T13:26:39.557+0000] {processor.py:183} INFO - Processing /home/airflow/.local/lib/python3.11/site-packages/airflow/example_dags/example_branch_day_of_week_operator.py took 0.067 seconds
[2024-07-09T13:27:10.052+0000] {processor.py:161} INFO - Started process (PID=780) to work on /home/airflow/.local/lib/python3.11/site-packages/airflow/example_dags/example_branch_day_of_week_operator.py
[2024-07-09T13:27:10.053+0000] {processor.py:830} INFO - Processing file /home/airflow/.local/lib/python3.11/site-packages/airflow/example_dags/example_branch_day_of_week_operator.py for tasks to queue
[2024-07-09T13:27:10.054+0000] {logging_mixin.py:188} INFO - [2024-07-09T13:27:10.053+0000] {dagbag.py:540} INFO - Filling up the DagBag from /home/airflow/.local/lib/python3.11/site-packages/airflow/example_dags/example_branch_day_of_week_operator.py
[2024-07-09T13:27:10.059+0000] {processor.py:840} INFO - DAG(s) 'example_weekday_branch_operator' retrieved from /home/airflow/.local/lib/python3.11/site-packages/airflow/example_dags/example_branch_day_of_week_operator.py
[2024-07-09T13:27:10.081+0000] {logging_mixin.py:188} INFO - [2024-07-09T13:27:10.081+0000] {dag.py:3047} INFO - Sync 1 DAGs
[2024-07-09T13:27:10.099+0000] {logging_mixin.py:188} INFO - [2024-07-09T13:27:10.098+0000] {dag.py:3834} INFO - Setting next_dagrun for example_weekday_branch_operator to 2024-07-08 00:00:00+00:00, run_after=2024-07-09 00:00:00+00:00
[2024-07-09T13:27:10.114+0000] {processor.py:183} INFO - Processing /home/airflow/.local/lib/python3.11/site-packages/airflow/example_dags/example_branch_day_of_week_operator.py took 0.064 seconds
[2024-07-09T13:27:40.972+0000] {processor.py:161} INFO - Started process (PID=1050) to work on /home/airflow/.local/lib/python3.11/site-packages/airflow/example_dags/example_branch_day_of_week_operator.py
[2024-07-09T13:27:40.973+0000] {processor.py:830} INFO - Processing file /home/airflow/.local/lib/python3.11/site-packages/airflow/example_dags/example_branch_day_of_week_operator.py for tasks to queue
[2024-07-09T13:27:40.974+0000] {logging_mixin.py:188} INFO - [2024-07-09T13:27:40.974+0000] {dagbag.py:540} INFO - Filling up the DagBag from /home/airflow/.local/lib/python3.11/site-packages/airflow/example_dags/example_branch_day_of_week_operator.py
[2024-07-09T13:27:40.980+0000] {processor.py:840} INFO - DAG(s) 'example_weekday_branch_operator' retrieved from /home/airflow/.local/lib/python3.11/site-packages/airflow/example_dags/example_branch_day_of_week_operator.py
[2024-07-09T13:27:41.002+0000] {logging_mixin.py:188} INFO - [2024-07-09T13:27:41.002+0000] {dag.py:3047} INFO - Sync 1 DAGs
[2024-07-09T13:27:41.125+0000] {logging_mixin.py:188} INFO - [2024-07-09T13:27:41.125+0000] {dag.py:3834} INFO - Setting next_dagrun for example_weekday_branch_operator to 2024-07-08 00:00:00+00:00, run_after=2024-07-09 00:00:00+00:00
[2024-07-09T13:27:41.143+0000] {processor.py:183} INFO - Processing /home/airflow/.local/lib/python3.11/site-packages/airflow/example_dags/example_branch_day_of_week_operator.py took 0.173 seconds
[2024-07-09T13:28:11.751+0000] {processor.py:161} INFO - Started process (PID=1320) to work on /home/airflow/.local/lib/python3.11/site-packages/airflow/example_dags/example_branch_day_of_week_operator.py
[2024-07-09T13:28:11.752+0000] {processor.py:830} INFO - Processing file /home/airflow/.local/lib/python3.11/site-packages/airflow/example_dags/example_branch_day_of_week_operator.py for tasks to queue
[2024-07-09T13:28:11.753+0000] {logging_mixin.py:188} INFO - [2024-07-09T13:28:11.753+0000] {dagbag.py:540} INFO - Filling up the DagBag from /home/airflow/.local/lib/python3.11/site-packages/airflow/example_dags/example_branch_day_of_week_operator.py
[2024-07-09T13:28:11.759+0000] {processor.py:840} INFO - DAG(s) 'example_weekday_branch_operator' retrieved from /home/airflow/.local/lib/python3.11/site-packages/airflow/example_dags/example_branch_day_of_week_operator.py
[2024-07-09T13:28:11.785+0000] {logging_mixin.py:188} INFO - [2024-07-09T13:28:11.785+0000] {dag.py:3047} INFO - Sync 1 DAGs
[2024-07-09T13:28:11.808+0000] {logging_mixin.py:188} INFO - [2024-07-09T13:28:11.808+0000] {dag.py:3834} INFO - Setting next_dagrun for example_weekday_branch_operator to 2024-07-08 00:00:00+00:00, run_after=2024-07-09 00:00:00+00:00
[2024-07-09T13:28:11.829+0000] {processor.py:183} INFO - Processing /home/airflow/.local/lib/python3.11/site-packages/airflow/example_dags/example_branch_day_of_week_operator.py took 0.081 seconds
[2024-07-09T13:28:42.190+0000] {processor.py:161} INFO - Started process (PID=1590) to work on /home/airflow/.local/lib/python3.11/site-packages/airflow/example_dags/example_branch_day_of_week_operator.py
[2024-07-09T13:28:42.192+0000] {processor.py:830} INFO - Processing file /home/airflow/.local/lib/python3.11/site-packages/airflow/example_dags/example_branch_day_of_week_operator.py for tasks to queue
[2024-07-09T13:28:42.193+0000] {logging_mixin.py:188} INFO - [2024-07-09T13:28:42.192+0000] {dagbag.py:540} INFO - Filling up the DagBag from /home/airflow/.local/lib/python3.11/site-packages/airflow/example_dags/example_branch_day_of_week_operator.py
[2024-07-09T13:28:42.200+0000] {processor.py:840} INFO - DAG(s) 'example_weekday_branch_operator' retrieved from /home/airflow/.local/lib/python3.11/site-packages/airflow/example_dags/example_branch_day_of_week_operator.py
[2024-07-09T13:28:42.249+0000] {logging_mixin.py:188} INFO - [2024-07-09T13:28:42.248+0000] {dag.py:3047} INFO - Sync 1 DAGs
[2024-07-09T13:28:42.268+0000] {logging_mixin.py:188} INFO - [2024-07-09T13:28:42.268+0000] {dag.py:3834} INFO - Setting next_dagrun for example_weekday_branch_operator to 2024-07-08 00:00:00+00:00, run_after=2024-07-09 00:00:00+00:00
[2024-07-09T13:28:42.285+0000] {processor.py:183} INFO - Processing /home/airflow/.local/lib/python3.11/site-packages/airflow/example_dags/example_branch_day_of_week_operator.py took 0.097 seconds
[2024-07-09T13:29:12.413+0000] {processor.py:161} INFO - Started process (PID=1842) to work on /home/airflow/.local/lib/python3.11/site-packages/airflow/example_dags/example_branch_day_of_week_operator.py
[2024-07-09T13:29:12.414+0000] {processor.py:830} INFO - Processing file /home/airflow/.local/lib/python3.11/site-packages/airflow/example_dags/example_branch_day_of_week_operator.py for tasks to queue
[2024-07-09T13:29:12.415+0000] {logging_mixin.py:188} INFO - [2024-07-09T13:29:12.414+0000] {dagbag.py:540} INFO - Filling up the DagBag from /home/airflow/.local/lib/python3.11/site-packages/airflow/example_dags/example_branch_day_of_week_operator.py
[2024-07-09T13:29:12.421+0000] {processor.py:840} INFO - DAG(s) 'example_weekday_branch_operator' retrieved from /home/airflow/.local/lib/python3.11/site-packages/airflow/example_dags/example_branch_day_of_week_operator.py
[2024-07-09T13:29:12.442+0000] {logging_mixin.py:188} INFO - [2024-07-09T13:29:12.442+0000] {dag.py:3047} INFO - Sync 1 DAGs
[2024-07-09T13:29:12.460+0000] {logging_mixin.py:188} INFO - [2024-07-09T13:29:12.460+0000] {dag.py:3834} INFO - Setting next_dagrun for example_weekday_branch_operator to 2024-07-08 00:00:00+00:00, run_after=2024-07-09 00:00:00+00:00
[2024-07-09T13:29:12.476+0000] {processor.py:183} INFO - Processing /home/airflow/.local/lib/python3.11/site-packages/airflow/example_dags/example_branch_day_of_week_operator.py took 0.065 seconds
[2024-07-09T13:29:42.786+0000] {processor.py:161} INFO - Started process (PID=2112) to work on /home/airflow/.local/lib/python3.11/site-packages/airflow/example_dags/example_branch_day_of_week_operator.py
[2024-07-09T13:29:42.787+0000] {processor.py:830} INFO - Processing file /home/airflow/.local/lib/python3.11/site-packages/airflow/example_dags/example_branch_day_of_week_operator.py for tasks to queue
[2024-07-09T13:29:42.788+0000] {logging_mixin.py:188} INFO - [2024-07-09T13:29:42.788+0000] {dagbag.py:540} INFO - Filling up the DagBag from /home/airflow/.local/lib/python3.11/site-packages/airflow/example_dags/example_branch_day_of_week_operator.py
[2024-07-09T13:29:42.794+0000] {processor.py:840} INFO - DAG(s) 'example_weekday_branch_operator' retrieved from /home/airflow/.local/lib/python3.11/site-packages/airflow/example_dags/example_branch_day_of_week_operator.py
[2024-07-09T13:29:42.816+0000] {logging_mixin.py:188} INFO - [2024-07-09T13:29:42.816+0000] {dag.py:3047} INFO - Sync 1 DAGs
[2024-07-09T13:29:42.834+0000] {logging_mixin.py:188} INFO - [2024-07-09T13:29:42.834+0000] {dag.py:3834} INFO - Setting next_dagrun for example_weekday_branch_operator to 2024-07-08 00:00:00+00:00, run_after=2024-07-09 00:00:00+00:00
[2024-07-09T13:29:42.849+0000] {processor.py:183} INFO - Processing /home/airflow/.local/lib/python3.11/site-packages/airflow/example_dags/example_branch_day_of_week_operator.py took 0.065 seconds
[2024-07-09T13:31:37.384+0000] {processor.py:161} INFO - Started process (PID=239) to work on /home/airflow/.local/lib/python3.11/site-packages/airflow/example_dags/example_branch_day_of_week_operator.py
[2024-07-09T13:31:37.385+0000] {processor.py:830} INFO - Processing file /home/airflow/.local/lib/python3.11/site-packages/airflow/example_dags/example_branch_day_of_week_operator.py for tasks to queue
[2024-07-09T13:31:37.386+0000] {logging_mixin.py:188} INFO - [2024-07-09T13:31:37.386+0000] {dagbag.py:540} INFO - Filling up the DagBag from /home/airflow/.local/lib/python3.11/site-packages/airflow/example_dags/example_branch_day_of_week_operator.py
[2024-07-09T13:31:37.394+0000] {processor.py:840} INFO - DAG(s) 'example_weekday_branch_operator' retrieved from /home/airflow/.local/lib/python3.11/site-packages/airflow/example_dags/example_branch_day_of_week_operator.py
[2024-07-09T13:31:37.490+0000] {logging_mixin.py:188} INFO - [2024-07-09T13:31:37.490+0000] {override.py:1769} INFO - Created Permission View: can edit on DAG:example_weekday_branch_operator
[2024-07-09T13:31:37.502+0000] {logging_mixin.py:188} INFO - [2024-07-09T13:31:37.501+0000] {override.py:1769} INFO - Created Permission View: can delete on DAG:example_weekday_branch_operator
[2024-07-09T13:31:37.531+0000] {logging_mixin.py:188} INFO - [2024-07-09T13:31:37.531+0000] {override.py:1769} INFO - Created Permission View: can read on DAG:example_weekday_branch_operator
[2024-07-09T13:31:37.532+0000] {logging_mixin.py:188} INFO - [2024-07-09T13:31:37.531+0000] {dag.py:3047} INFO - Sync 1 DAGs
[2024-07-09T13:31:37.540+0000] {logging_mixin.py:188} INFO - [2024-07-09T13:31:37.540+0000] {dag.py:3069} INFO - Creating ORM DAG for example_weekday_branch_operator
[2024-07-09T13:31:37.550+0000] {logging_mixin.py:188} INFO - [2024-07-09T13:31:37.550+0000] {dag.py:3834} INFO - Setting next_dagrun for example_weekday_branch_operator to 2024-07-08 00:00:00+00:00, run_after=2024-07-09 00:00:00+00:00
[2024-07-09T13:31:37.564+0000] {processor.py:183} INFO - Processing /home/airflow/.local/lib/python3.11/site-packages/airflow/example_dags/example_branch_day_of_week_operator.py took 0.184 seconds
[2024-07-09T13:32:08.197+0000] {processor.py:161} INFO - Started process (PID=509) to work on /home/airflow/.local/lib/python3.11/site-packages/airflow/example_dags/example_branch_day_of_week_operator.py
[2024-07-09T13:32:08.198+0000] {processor.py:830} INFO - Processing file /home/airflow/.local/lib/python3.11/site-packages/airflow/example_dags/example_branch_day_of_week_operator.py for tasks to queue
[2024-07-09T13:32:08.199+0000] {logging_mixin.py:188} INFO - [2024-07-09T13:32:08.198+0000] {dagbag.py:540} INFO - Filling up the DagBag from /home/airflow/.local/lib/python3.11/site-packages/airflow/example_dags/example_branch_day_of_week_operator.py
[2024-07-09T13:32:08.205+0000] {processor.py:840} INFO - DAG(s) 'example_weekday_branch_operator' retrieved from /home/airflow/.local/lib/python3.11/site-packages/airflow/example_dags/example_branch_day_of_week_operator.py
[2024-07-09T13:32:08.226+0000] {logging_mixin.py:188} INFO - [2024-07-09T13:32:08.226+0000] {dag.py:3047} INFO - Sync 1 DAGs
[2024-07-09T13:32:08.244+0000] {logging_mixin.py:188} INFO - [2024-07-09T13:32:08.244+0000] {dag.py:3834} INFO - Setting next_dagrun for example_weekday_branch_operator to 2024-07-08 00:00:00+00:00, run_after=2024-07-09 00:00:00+00:00
[2024-07-09T13:32:08.260+0000] {processor.py:183} INFO - Processing /home/airflow/.local/lib/python3.11/site-packages/airflow/example_dags/example_branch_day_of_week_operator.py took 0.065 seconds
[2024-07-09T13:32:38.448+0000] {processor.py:161} INFO - Started process (PID=779) to work on /home/airflow/.local/lib/python3.11/site-packages/airflow/example_dags/example_branch_day_of_week_operator.py
[2024-07-09T13:32:38.449+0000] {processor.py:830} INFO - Processing file /home/airflow/.local/lib/python3.11/site-packages/airflow/example_dags/example_branch_day_of_week_operator.py for tasks to queue
[2024-07-09T13:32:38.450+0000] {logging_mixin.py:188} INFO - [2024-07-09T13:32:38.450+0000] {dagbag.py:540} INFO - Filling up the DagBag from /home/airflow/.local/lib/python3.11/site-packages/airflow/example_dags/example_branch_day_of_week_operator.py
[2024-07-09T13:32:38.456+0000] {processor.py:840} INFO - DAG(s) 'example_weekday_branch_operator' retrieved from /home/airflow/.local/lib/python3.11/site-packages/airflow/example_dags/example_branch_day_of_week_operator.py
[2024-07-09T13:32:38.478+0000] {logging_mixin.py:188} INFO - [2024-07-09T13:32:38.478+0000] {dag.py:3047} INFO - Sync 1 DAGs
[2024-07-09T13:32:38.497+0000] {logging_mixin.py:188} INFO - [2024-07-09T13:32:38.497+0000] {dag.py:3834} INFO - Setting next_dagrun for example_weekday_branch_operator to 2024-07-08 00:00:00+00:00, run_after=2024-07-09 00:00:00+00:00
[2024-07-09T13:32:38.512+0000] {processor.py:183} INFO - Processing /home/airflow/.local/lib/python3.11/site-packages/airflow/example_dags/example_branch_day_of_week_operator.py took 0.067 seconds
[2024-07-09T13:33:09.114+0000] {processor.py:161} INFO - Started process (PID=1049) to work on /home/airflow/.local/lib/python3.11/site-packages/airflow/example_dags/example_branch_day_of_week_operator.py
[2024-07-09T13:33:09.115+0000] {processor.py:830} INFO - Processing file /home/airflow/.local/lib/python3.11/site-packages/airflow/example_dags/example_branch_day_of_week_operator.py for tasks to queue
[2024-07-09T13:33:09.116+0000] {logging_mixin.py:188} INFO - [2024-07-09T13:33:09.116+0000] {dagbag.py:540} INFO - Filling up the DagBag from /home/airflow/.local/lib/python3.11/site-packages/airflow/example_dags/example_branch_day_of_week_operator.py
[2024-07-09T13:33:09.122+0000] {processor.py:840} INFO - DAG(s) 'example_weekday_branch_operator' retrieved from /home/airflow/.local/lib/python3.11/site-packages/airflow/example_dags/example_branch_day_of_week_operator.py
[2024-07-09T13:33:09.144+0000] {logging_mixin.py:188} INFO - [2024-07-09T13:33:09.144+0000] {dag.py:3047} INFO - Sync 1 DAGs
[2024-07-09T13:33:09.274+0000] {logging_mixin.py:188} INFO - [2024-07-09T13:33:09.274+0000] {dag.py:3834} INFO - Setting next_dagrun for example_weekday_branch_operator to 2024-07-08 00:00:00+00:00, run_after=2024-07-09 00:00:00+00:00
[2024-07-09T13:33:09.292+0000] {processor.py:183} INFO - Processing /home/airflow/.local/lib/python3.11/site-packages/airflow/example_dags/example_branch_day_of_week_operator.py took 0.180 seconds
[2024-07-09T13:33:40.213+0000] {processor.py:161} INFO - Started process (PID=1321) to work on /home/airflow/.local/lib/python3.11/site-packages/airflow/example_dags/example_branch_day_of_week_operator.py
[2024-07-09T13:33:40.214+0000] {processor.py:830} INFO - Processing file /home/airflow/.local/lib/python3.11/site-packages/airflow/example_dags/example_branch_day_of_week_operator.py for tasks to queue
[2024-07-09T13:33:40.215+0000] {logging_mixin.py:188} INFO - [2024-07-09T13:33:40.214+0000] {dagbag.py:540} INFO - Filling up the DagBag from /home/airflow/.local/lib/python3.11/site-packages/airflow/example_dags/example_branch_day_of_week_operator.py
[2024-07-09T13:33:40.221+0000] {processor.py:840} INFO - DAG(s) 'example_weekday_branch_operator' retrieved from /home/airflow/.local/lib/python3.11/site-packages/airflow/example_dags/example_branch_day_of_week_operator.py
[2024-07-09T13:33:40.243+0000] {logging_mixin.py:188} INFO - [2024-07-09T13:33:40.243+0000] {dag.py:3047} INFO - Sync 1 DAGs
[2024-07-09T13:33:40.261+0000] {logging_mixin.py:188} INFO - [2024-07-09T13:33:40.261+0000] {dag.py:3834} INFO - Setting next_dagrun for example_weekday_branch_operator to 2024-07-08 00:00:00+00:00, run_after=2024-07-09 00:00:00+00:00
[2024-07-09T13:33:40.278+0000] {processor.py:183} INFO - Processing /home/airflow/.local/lib/python3.11/site-packages/airflow/example_dags/example_branch_day_of_week_operator.py took 0.068 seconds
[2024-07-09T13:34:10.532+0000] {processor.py:161} INFO - Started process (PID=1591) to work on /home/airflow/.local/lib/python3.11/site-packages/airflow/example_dags/example_branch_day_of_week_operator.py
[2024-07-09T13:34:10.534+0000] {processor.py:830} INFO - Processing file /home/airflow/.local/lib/python3.11/site-packages/airflow/example_dags/example_branch_day_of_week_operator.py for tasks to queue
[2024-07-09T13:34:10.534+0000] {logging_mixin.py:188} INFO - [2024-07-09T13:34:10.534+0000] {dagbag.py:540} INFO - Filling up the DagBag from /home/airflow/.local/lib/python3.11/site-packages/airflow/example_dags/example_branch_day_of_week_operator.py
[2024-07-09T13:34:10.540+0000] {processor.py:840} INFO - DAG(s) 'example_weekday_branch_operator' retrieved from /home/airflow/.local/lib/python3.11/site-packages/airflow/example_dags/example_branch_day_of_week_operator.py
[2024-07-09T13:34:10.563+0000] {logging_mixin.py:188} INFO - [2024-07-09T13:34:10.563+0000] {dag.py:3047} INFO - Sync 1 DAGs
[2024-07-09T13:34:10.583+0000] {logging_mixin.py:188} INFO - [2024-07-09T13:34:10.583+0000] {dag.py:3834} INFO - Setting next_dagrun for example_weekday_branch_operator to 2024-07-08 00:00:00+00:00, run_after=2024-07-09 00:00:00+00:00
[2024-07-09T13:34:10.600+0000] {processor.py:183} INFO - Processing /home/airflow/.local/lib/python3.11/site-packages/airflow/example_dags/example_branch_day_of_week_operator.py took 0.070 seconds
[2024-07-09T13:34:40.830+0000] {processor.py:161} INFO - Started process (PID=1861) to work on /home/airflow/.local/lib/python3.11/site-packages/airflow/example_dags/example_branch_day_of_week_operator.py
[2024-07-09T13:34:40.831+0000] {processor.py:830} INFO - Processing file /home/airflow/.local/lib/python3.11/site-packages/airflow/example_dags/example_branch_day_of_week_operator.py for tasks to queue
[2024-07-09T13:34:40.832+0000] {logging_mixin.py:188} INFO - [2024-07-09T13:34:40.832+0000] {dagbag.py:540} INFO - Filling up the DagBag from /home/airflow/.local/lib/python3.11/site-packages/airflow/example_dags/example_branch_day_of_week_operator.py
[2024-07-09T13:34:40.838+0000] {processor.py:840} INFO - DAG(s) 'example_weekday_branch_operator' retrieved from /home/airflow/.local/lib/python3.11/site-packages/airflow/example_dags/example_branch_day_of_week_operator.py
[2024-07-09T13:34:40.861+0000] {logging_mixin.py:188} INFO - [2024-07-09T13:34:40.861+0000] {dag.py:3047} INFO - Sync 1 DAGs
[2024-07-09T13:34:40.879+0000] {logging_mixin.py:188} INFO - [2024-07-09T13:34:40.879+0000] {dag.py:3834} INFO - Setting next_dagrun for example_weekday_branch_operator to 2024-07-08 00:00:00+00:00, run_after=2024-07-09 00:00:00+00:00
[2024-07-09T13:34:40.897+0000] {processor.py:183} INFO - Processing /home/airflow/.local/lib/python3.11/site-packages/airflow/example_dags/example_branch_day_of_week_operator.py took 0.069 seconds
[2024-07-09T13:35:10.936+0000] {processor.py:161} INFO - Started process (PID=2116) to work on /home/airflow/.local/lib/python3.11/site-packages/airflow/example_dags/example_branch_day_of_week_operator.py
[2024-07-09T13:35:10.938+0000] {processor.py:830} INFO - Processing file /home/airflow/.local/lib/python3.11/site-packages/airflow/example_dags/example_branch_day_of_week_operator.py for tasks to queue
[2024-07-09T13:35:10.938+0000] {logging_mixin.py:188} INFO - [2024-07-09T13:35:10.938+0000] {dagbag.py:540} INFO - Filling up the DagBag from /home/airflow/.local/lib/python3.11/site-packages/airflow/example_dags/example_branch_day_of_week_operator.py
[2024-07-09T13:35:10.945+0000] {processor.py:840} INFO - DAG(s) 'example_weekday_branch_operator' retrieved from /home/airflow/.local/lib/python3.11/site-packages/airflow/example_dags/example_branch_day_of_week_operator.py
[2024-07-09T13:35:10.968+0000] {logging_mixin.py:188} INFO - [2024-07-09T13:35:10.968+0000] {dag.py:3047} INFO - Sync 1 DAGs
[2024-07-09T13:35:10.986+0000] {logging_mixin.py:188} INFO - [2024-07-09T13:35:10.986+0000] {dag.py:3834} INFO - Setting next_dagrun for example_weekday_branch_operator to 2024-07-08 00:00:00+00:00, run_after=2024-07-09 00:00:00+00:00
[2024-07-09T13:35:11.003+0000] {processor.py:183} INFO - Processing /home/airflow/.local/lib/python3.11/site-packages/airflow/example_dags/example_branch_day_of_week_operator.py took 0.069 seconds
[2024-07-09T13:35:41.319+0000] {processor.py:161} INFO - Started process (PID=2383) to work on /home/airflow/.local/lib/python3.11/site-packages/airflow/example_dags/example_branch_day_of_week_operator.py
[2024-07-09T13:35:41.320+0000] {processor.py:830} INFO - Processing file /home/airflow/.local/lib/python3.11/site-packages/airflow/example_dags/example_branch_day_of_week_operator.py for tasks to queue
[2024-07-09T13:35:41.321+0000] {logging_mixin.py:188} INFO - [2024-07-09T13:35:41.320+0000] {dagbag.py:540} INFO - Filling up the DagBag from /home/airflow/.local/lib/python3.11/site-packages/airflow/example_dags/example_branch_day_of_week_operator.py
[2024-07-09T13:35:41.327+0000] {processor.py:840} INFO - DAG(s) 'example_weekday_branch_operator' retrieved from /home/airflow/.local/lib/python3.11/site-packages/airflow/example_dags/example_branch_day_of_week_operator.py
[2024-07-09T13:35:41.349+0000] {logging_mixin.py:188} INFO - [2024-07-09T13:35:41.349+0000] {dag.py:3047} INFO - Sync 1 DAGs
[2024-07-09T13:35:41.367+0000] {logging_mixin.py:188} INFO - [2024-07-09T13:35:41.367+0000] {dag.py:3834} INFO - Setting next_dagrun for example_weekday_branch_operator to 2024-07-08 00:00:00+00:00, run_after=2024-07-09 00:00:00+00:00
[2024-07-09T13:35:41.384+0000] {processor.py:183} INFO - Processing /home/airflow/.local/lib/python3.11/site-packages/airflow/example_dags/example_branch_day_of_week_operator.py took 0.069 seconds
[2024-07-09T13:36:11.736+0000] {processor.py:161} INFO - Started process (PID=2653) to work on /home/airflow/.local/lib/python3.11/site-packages/airflow/example_dags/example_branch_day_of_week_operator.py
[2024-07-09T13:36:11.738+0000] {processor.py:830} INFO - Processing file /home/airflow/.local/lib/python3.11/site-packages/airflow/example_dags/example_branch_day_of_week_operator.py for tasks to queue
[2024-07-09T13:36:11.739+0000] {logging_mixin.py:188} INFO - [2024-07-09T13:36:11.738+0000] {dagbag.py:540} INFO - Filling up the DagBag from /home/airflow/.local/lib/python3.11/site-packages/airflow/example_dags/example_branch_day_of_week_operator.py
[2024-07-09T13:36:11.745+0000] {processor.py:840} INFO - DAG(s) 'example_weekday_branch_operator' retrieved from /home/airflow/.local/lib/python3.11/site-packages/airflow/example_dags/example_branch_day_of_week_operator.py
[2024-07-09T13:36:11.768+0000] {logging_mixin.py:188} INFO - [2024-07-09T13:36:11.768+0000] {dag.py:3047} INFO - Sync 1 DAGs
[2024-07-09T13:36:11.787+0000] {logging_mixin.py:188} INFO - [2024-07-09T13:36:11.786+0000] {dag.py:3834} INFO - Setting next_dagrun for example_weekday_branch_operator to 2024-07-08 00:00:00+00:00, run_after=2024-07-09 00:00:00+00:00
[2024-07-09T13:36:11.804+0000] {processor.py:183} INFO - Processing /home/airflow/.local/lib/python3.11/site-packages/airflow/example_dags/example_branch_day_of_week_operator.py took 0.070 seconds
[2024-07-09T13:36:42.046+0000] {processor.py:161} INFO - Started process (PID=2923) to work on /home/airflow/.local/lib/python3.11/site-packages/airflow/example_dags/example_branch_day_of_week_operator.py
[2024-07-09T13:36:42.047+0000] {processor.py:830} INFO - Processing file /home/airflow/.local/lib/python3.11/site-packages/airflow/example_dags/example_branch_day_of_week_operator.py for tasks to queue
[2024-07-09T13:36:42.048+0000] {logging_mixin.py:188} INFO - [2024-07-09T13:36:42.048+0000] {dagbag.py:540} INFO - Filling up the DagBag from /home/airflow/.local/lib/python3.11/site-packages/airflow/example_dags/example_branch_day_of_week_operator.py
[2024-07-09T13:36:42.054+0000] {processor.py:840} INFO - DAG(s) 'example_weekday_branch_operator' retrieved from /home/airflow/.local/lib/python3.11/site-packages/airflow/example_dags/example_branch_day_of_week_operator.py
[2024-07-09T13:36:42.076+0000] {logging_mixin.py:188} INFO - [2024-07-09T13:36:42.076+0000] {dag.py:3047} INFO - Sync 1 DAGs
[2024-07-09T13:36:42.095+0000] {logging_mixin.py:188} INFO - [2024-07-09T13:36:42.094+0000] {dag.py:3834} INFO - Setting next_dagrun for example_weekday_branch_operator to 2024-07-08 00:00:00+00:00, run_after=2024-07-09 00:00:00+00:00
[2024-07-09T13:36:42.111+0000] {processor.py:183} INFO - Processing /home/airflow/.local/lib/python3.11/site-packages/airflow/example_dags/example_branch_day_of_week_operator.py took 0.068 seconds
[2024-07-09T13:37:12.566+0000] {processor.py:161} INFO - Started process (PID=3193) to work on /home/airflow/.local/lib/python3.11/site-packages/airflow/example_dags/example_branch_day_of_week_operator.py
[2024-07-09T13:37:12.567+0000] {processor.py:830} INFO - Processing file /home/airflow/.local/lib/python3.11/site-packages/airflow/example_dags/example_branch_day_of_week_operator.py for tasks to queue
[2024-07-09T13:37:12.568+0000] {logging_mixin.py:188} INFO - [2024-07-09T13:37:12.568+0000] {dagbag.py:540} INFO - Filling up the DagBag from /home/airflow/.local/lib/python3.11/site-packages/airflow/example_dags/example_branch_day_of_week_operator.py
[2024-07-09T13:37:12.575+0000] {processor.py:840} INFO - DAG(s) 'example_weekday_branch_operator' retrieved from /home/airflow/.local/lib/python3.11/site-packages/airflow/example_dags/example_branch_day_of_week_operator.py
[2024-07-09T13:37:12.597+0000] {logging_mixin.py:188} INFO - [2024-07-09T13:37:12.597+0000] {dag.py:3047} INFO - Sync 1 DAGs
[2024-07-09T13:37:12.618+0000] {logging_mixin.py:188} INFO - [2024-07-09T13:37:12.618+0000] {dag.py:3834} INFO - Setting next_dagrun for example_weekday_branch_operator to 2024-07-08 00:00:00+00:00, run_after=2024-07-09 00:00:00+00:00
[2024-07-09T13:37:12.637+0000] {processor.py:183} INFO - Processing /home/airflow/.local/lib/python3.11/site-packages/airflow/example_dags/example_branch_day_of_week_operator.py took 0.074 seconds
[2024-07-09T13:46:10.159+0000] {processor.py:161} INFO - Started process (PID=239) to work on /home/airflow/.local/lib/python3.11/site-packages/airflow/example_dags/example_branch_day_of_week_operator.py
[2024-07-09T13:46:10.160+0000] {processor.py:830} INFO - Processing file /home/airflow/.local/lib/python3.11/site-packages/airflow/example_dags/example_branch_day_of_week_operator.py for tasks to queue
[2024-07-09T13:46:10.161+0000] {logging_mixin.py:188} INFO - [2024-07-09T13:46:10.161+0000] {dagbag.py:540} INFO - Filling up the DagBag from /home/airflow/.local/lib/python3.11/site-packages/airflow/example_dags/example_branch_day_of_week_operator.py
[2024-07-09T13:46:10.169+0000] {processor.py:840} INFO - DAG(s) 'example_weekday_branch_operator' retrieved from /home/airflow/.local/lib/python3.11/site-packages/airflow/example_dags/example_branch_day_of_week_operator.py
[2024-07-09T13:46:10.269+0000] {logging_mixin.py:188} INFO - [2024-07-09T13:46:10.269+0000] {override.py:1769} INFO - Created Permission View: can delete on DAG:example_weekday_branch_operator
[2024-07-09T13:46:10.279+0000] {logging_mixin.py:188} INFO - [2024-07-09T13:46:10.279+0000] {override.py:1769} INFO - Created Permission View: can read on DAG:example_weekday_branch_operator
[2024-07-09T13:46:10.285+0000] {logging_mixin.py:188} INFO - [2024-07-09T13:46:10.285+0000] {override.py:1769} INFO - Created Permission View: can edit on DAG:example_weekday_branch_operator
[2024-07-09T13:46:10.285+0000] {logging_mixin.py:188} INFO - [2024-07-09T13:46:10.285+0000] {dag.py:3047} INFO - Sync 1 DAGs
[2024-07-09T13:46:10.294+0000] {logging_mixin.py:188} INFO - [2024-07-09T13:46:10.294+0000] {dag.py:3069} INFO - Creating ORM DAG for example_weekday_branch_operator
[2024-07-09T13:46:10.303+0000] {logging_mixin.py:188} INFO - [2024-07-09T13:46:10.302+0000] {dag.py:3834} INFO - Setting next_dagrun for example_weekday_branch_operator to 2024-07-08 00:00:00+00:00, run_after=2024-07-09 00:00:00+00:00
[2024-07-09T13:46:10.318+0000] {processor.py:183} INFO - Processing /home/airflow/.local/lib/python3.11/site-packages/airflow/example_dags/example_branch_day_of_week_operator.py took 0.162 seconds
[2024-07-09T13:46:40.948+0000] {processor.py:161} INFO - Started process (PID=511) to work on /home/airflow/.local/lib/python3.11/site-packages/airflow/example_dags/example_branch_day_of_week_operator.py
[2024-07-09T13:46:40.949+0000] {processor.py:830} INFO - Processing file /home/airflow/.local/lib/python3.11/site-packages/airflow/example_dags/example_branch_day_of_week_operator.py for tasks to queue
[2024-07-09T13:46:40.950+0000] {logging_mixin.py:188} INFO - [2024-07-09T13:46:40.950+0000] {dagbag.py:540} INFO - Filling up the DagBag from /home/airflow/.local/lib/python3.11/site-packages/airflow/example_dags/example_branch_day_of_week_operator.py
[2024-07-09T13:46:40.956+0000] {processor.py:840} INFO - DAG(s) 'example_weekday_branch_operator' retrieved from /home/airflow/.local/lib/python3.11/site-packages/airflow/example_dags/example_branch_day_of_week_operator.py
[2024-07-09T13:46:40.977+0000] {logging_mixin.py:188} INFO - [2024-07-09T13:46:40.977+0000] {dag.py:3047} INFO - Sync 1 DAGs
[2024-07-09T13:46:40.995+0000] {logging_mixin.py:188} INFO - [2024-07-09T13:46:40.995+0000] {dag.py:3834} INFO - Setting next_dagrun for example_weekday_branch_operator to 2024-07-08 00:00:00+00:00, run_after=2024-07-09 00:00:00+00:00
[2024-07-09T13:46:41.010+0000] {processor.py:183} INFO - Processing /home/airflow/.local/lib/python3.11/site-packages/airflow/example_dags/example_branch_day_of_week_operator.py took 0.064 seconds
[2024-07-09T13:47:11.697+0000] {processor.py:161} INFO - Started process (PID=779) to work on /home/airflow/.local/lib/python3.11/site-packages/airflow/example_dags/example_branch_day_of_week_operator.py
[2024-07-09T13:47:11.698+0000] {processor.py:830} INFO - Processing file /home/airflow/.local/lib/python3.11/site-packages/airflow/example_dags/example_branch_day_of_week_operator.py for tasks to queue
[2024-07-09T13:47:11.699+0000] {logging_mixin.py:188} INFO - [2024-07-09T13:47:11.698+0000] {dagbag.py:540} INFO - Filling up the DagBag from /home/airflow/.local/lib/python3.11/site-packages/airflow/example_dags/example_branch_day_of_week_operator.py
[2024-07-09T13:47:11.705+0000] {processor.py:840} INFO - DAG(s) 'example_weekday_branch_operator' retrieved from /home/airflow/.local/lib/python3.11/site-packages/airflow/example_dags/example_branch_day_of_week_operator.py
[2024-07-09T13:47:11.725+0000] {logging_mixin.py:188} INFO - [2024-07-09T13:47:11.725+0000] {dag.py:3047} INFO - Sync 1 DAGs
[2024-07-09T13:47:11.743+0000] {logging_mixin.py:188} INFO - [2024-07-09T13:47:11.743+0000] {dag.py:3834} INFO - Setting next_dagrun for example_weekday_branch_operator to 2024-07-08 00:00:00+00:00, run_after=2024-07-09 00:00:00+00:00
[2024-07-09T13:47:11.761+0000] {processor.py:183} INFO - Processing /home/airflow/.local/lib/python3.11/site-packages/airflow/example_dags/example_branch_day_of_week_operator.py took 0.066 seconds
[2024-07-09T13:47:42.497+0000] {processor.py:161} INFO - Started process (PID=1049) to work on /home/airflow/.local/lib/python3.11/site-packages/airflow/example_dags/example_branch_day_of_week_operator.py
[2024-07-09T13:47:42.498+0000] {processor.py:830} INFO - Processing file /home/airflow/.local/lib/python3.11/site-packages/airflow/example_dags/example_branch_day_of_week_operator.py for tasks to queue
[2024-07-09T13:47:42.499+0000] {logging_mixin.py:188} INFO - [2024-07-09T13:47:42.498+0000] {dagbag.py:540} INFO - Filling up the DagBag from /home/airflow/.local/lib/python3.11/site-packages/airflow/example_dags/example_branch_day_of_week_operator.py
[2024-07-09T13:47:42.505+0000] {processor.py:840} INFO - DAG(s) 'example_weekday_branch_operator' retrieved from /home/airflow/.local/lib/python3.11/site-packages/airflow/example_dags/example_branch_day_of_week_operator.py
[2024-07-09T13:47:42.526+0000] {logging_mixin.py:188} INFO - [2024-07-09T13:47:42.526+0000] {dag.py:3047} INFO - Sync 1 DAGs
[2024-07-09T13:47:42.686+0000] {logging_mixin.py:188} INFO - [2024-07-09T13:47:42.686+0000] {dag.py:3834} INFO - Setting next_dagrun for example_weekday_branch_operator to 2024-07-08 00:00:00+00:00, run_after=2024-07-09 00:00:00+00:00
[2024-07-09T13:47:42.703+0000] {processor.py:183} INFO - Processing /home/airflow/.local/lib/python3.11/site-packages/airflow/example_dags/example_branch_day_of_week_operator.py took 0.208 seconds
[2024-07-09T13:48:13.206+0000] {processor.py:161} INFO - Started process (PID=1319) to work on /home/airflow/.local/lib/python3.11/site-packages/airflow/example_dags/example_branch_day_of_week_operator.py
[2024-07-09T13:48:13.207+0000] {processor.py:830} INFO - Processing file /home/airflow/.local/lib/python3.11/site-packages/airflow/example_dags/example_branch_day_of_week_operator.py for tasks to queue
[2024-07-09T13:48:13.209+0000] {logging_mixin.py:188} INFO - [2024-07-09T13:48:13.208+0000] {dagbag.py:540} INFO - Filling up the DagBag from /home/airflow/.local/lib/python3.11/site-packages/airflow/example_dags/example_branch_day_of_week_operator.py
[2024-07-09T13:48:13.216+0000] {processor.py:840} INFO - DAG(s) 'example_weekday_branch_operator' retrieved from /home/airflow/.local/lib/python3.11/site-packages/airflow/example_dags/example_branch_day_of_week_operator.py
[2024-07-09T13:48:13.239+0000] {logging_mixin.py:188} INFO - [2024-07-09T13:48:13.238+0000] {dag.py:3047} INFO - Sync 1 DAGs
[2024-07-09T13:48:13.259+0000] {logging_mixin.py:188} INFO - [2024-07-09T13:48:13.259+0000] {dag.py:3834} INFO - Setting next_dagrun for example_weekday_branch_operator to 2024-07-08 00:00:00+00:00, run_after=2024-07-09 00:00:00+00:00
[2024-07-09T13:48:13.278+0000] {processor.py:183} INFO - Processing /home/airflow/.local/lib/python3.11/site-packages/airflow/example_dags/example_branch_day_of_week_operator.py took 0.075 seconds
[2024-07-09T13:48:43.761+0000] {processor.py:161} INFO - Started process (PID=1589) to work on /home/airflow/.local/lib/python3.11/site-packages/airflow/example_dags/example_branch_day_of_week_operator.py
[2024-07-09T13:48:43.762+0000] {processor.py:830} INFO - Processing file /home/airflow/.local/lib/python3.11/site-packages/airflow/example_dags/example_branch_day_of_week_operator.py for tasks to queue
[2024-07-09T13:48:43.763+0000] {logging_mixin.py:188} INFO - [2024-07-09T13:48:43.763+0000] {dagbag.py:540} INFO - Filling up the DagBag from /home/airflow/.local/lib/python3.11/site-packages/airflow/example_dags/example_branch_day_of_week_operator.py
[2024-07-09T13:48:43.769+0000] {processor.py:840} INFO - DAG(s) 'example_weekday_branch_operator' retrieved from /home/airflow/.local/lib/python3.11/site-packages/airflow/example_dags/example_branch_day_of_week_operator.py
[2024-07-09T13:48:43.790+0000] {logging_mixin.py:188} INFO - [2024-07-09T13:48:43.790+0000] {dag.py:3047} INFO - Sync 1 DAGs
[2024-07-09T13:48:43.808+0000] {logging_mixin.py:188} INFO - [2024-07-09T13:48:43.808+0000] {dag.py:3834} INFO - Setting next_dagrun for example_weekday_branch_operator to 2024-07-08 00:00:00+00:00, run_after=2024-07-09 00:00:00+00:00
[2024-07-09T13:48:43.824+0000] {processor.py:183} INFO - Processing /home/airflow/.local/lib/python3.11/site-packages/airflow/example_dags/example_branch_day_of_week_operator.py took 0.065 seconds
[2024-07-09T13:49:14.038+0000] {processor.py:161} INFO - Started process (PID=1846) to work on /home/airflow/.local/lib/python3.11/site-packages/airflow/example_dags/example_branch_day_of_week_operator.py
[2024-07-09T13:49:14.039+0000] {processor.py:830} INFO - Processing file /home/airflow/.local/lib/python3.11/site-packages/airflow/example_dags/example_branch_day_of_week_operator.py for tasks to queue
[2024-07-09T13:49:14.039+0000] {logging_mixin.py:188} INFO - [2024-07-09T13:49:14.039+0000] {dagbag.py:540} INFO - Filling up the DagBag from /home/airflow/.local/lib/python3.11/site-packages/airflow/example_dags/example_branch_day_of_week_operator.py
[2024-07-09T13:49:14.045+0000] {processor.py:840} INFO - DAG(s) 'example_weekday_branch_operator' retrieved from /home/airflow/.local/lib/python3.11/site-packages/airflow/example_dags/example_branch_day_of_week_operator.py
[2024-07-09T13:49:14.067+0000] {logging_mixin.py:188} INFO - [2024-07-09T13:49:14.067+0000] {dag.py:3047} INFO - Sync 1 DAGs
[2024-07-09T13:49:14.085+0000] {logging_mixin.py:188} INFO - [2024-07-09T13:49:14.085+0000] {dag.py:3834} INFO - Setting next_dagrun for example_weekday_branch_operator to 2024-07-08 00:00:00+00:00, run_after=2024-07-09 00:00:00+00:00
[2024-07-09T13:49:14.100+0000] {processor.py:183} INFO - Processing /home/airflow/.local/lib/python3.11/site-packages/airflow/example_dags/example_branch_day_of_week_operator.py took 0.065 seconds
[2024-07-09T13:49:44.481+0000] {processor.py:161} INFO - Started process (PID=2113) to work on /home/airflow/.local/lib/python3.11/site-packages/airflow/example_dags/example_branch_day_of_week_operator.py
[2024-07-09T13:49:44.482+0000] {processor.py:830} INFO - Processing file /home/airflow/.local/lib/python3.11/site-packages/airflow/example_dags/example_branch_day_of_week_operator.py for tasks to queue
[2024-07-09T13:49:44.483+0000] {logging_mixin.py:188} INFO - [2024-07-09T13:49:44.483+0000] {dagbag.py:540} INFO - Filling up the DagBag from /home/airflow/.local/lib/python3.11/site-packages/airflow/example_dags/example_branch_day_of_week_operator.py
[2024-07-09T13:49:44.494+0000] {processor.py:840} INFO - DAG(s) 'example_weekday_branch_operator' retrieved from /home/airflow/.local/lib/python3.11/site-packages/airflow/example_dags/example_branch_day_of_week_operator.py
[2024-07-09T13:49:44.524+0000] {logging_mixin.py:188} INFO - [2024-07-09T13:49:44.524+0000] {dag.py:3047} INFO - Sync 1 DAGs
[2024-07-09T13:49:44.548+0000] {logging_mixin.py:188} INFO - [2024-07-09T13:49:44.548+0000] {dag.py:3834} INFO - Setting next_dagrun for example_weekday_branch_operator to 2024-07-08 00:00:00+00:00, run_after=2024-07-09 00:00:00+00:00
[2024-07-09T13:49:44.577+0000] {processor.py:183} INFO - Processing /home/airflow/.local/lib/python3.11/site-packages/airflow/example_dags/example_branch_day_of_week_operator.py took 0.101 seconds
[2024-07-09T13:50:14.645+0000] {processor.py:161} INFO - Started process (PID=2382) to work on /home/airflow/.local/lib/python3.11/site-packages/airflow/example_dags/example_branch_day_of_week_operator.py
[2024-07-09T13:50:14.646+0000] {processor.py:830} INFO - Processing file /home/airflow/.local/lib/python3.11/site-packages/airflow/example_dags/example_branch_day_of_week_operator.py for tasks to queue
[2024-07-09T13:50:14.647+0000] {logging_mixin.py:188} INFO - [2024-07-09T13:50:14.647+0000] {dagbag.py:540} INFO - Filling up the DagBag from /home/airflow/.local/lib/python3.11/site-packages/airflow/example_dags/example_branch_day_of_week_operator.py
[2024-07-09T13:50:14.653+0000] {processor.py:840} INFO - DAG(s) 'example_weekday_branch_operator' retrieved from /home/airflow/.local/lib/python3.11/site-packages/airflow/example_dags/example_branch_day_of_week_operator.py
[2024-07-09T13:50:14.674+0000] {logging_mixin.py:188} INFO - [2024-07-09T13:50:14.673+0000] {dag.py:3047} INFO - Sync 1 DAGs
[2024-07-09T13:50:14.691+0000] {logging_mixin.py:188} INFO - [2024-07-09T13:50:14.691+0000] {dag.py:3834} INFO - Setting next_dagrun for example_weekday_branch_operator to 2024-07-08 00:00:00+00:00, run_after=2024-07-09 00:00:00+00:00
[2024-07-09T13:50:14.707+0000] {processor.py:183} INFO - Processing /home/airflow/.local/lib/python3.11/site-packages/airflow/example_dags/example_branch_day_of_week_operator.py took 0.064 seconds
[2024-07-09T13:50:44.914+0000] {processor.py:161} INFO - Started process (PID=2651) to work on /home/airflow/.local/lib/python3.11/site-packages/airflow/example_dags/example_branch_day_of_week_operator.py
[2024-07-09T13:50:44.915+0000] {processor.py:830} INFO - Processing file /home/airflow/.local/lib/python3.11/site-packages/airflow/example_dags/example_branch_day_of_week_operator.py for tasks to queue
[2024-07-09T13:50:44.916+0000] {logging_mixin.py:188} INFO - [2024-07-09T13:50:44.916+0000] {dagbag.py:540} INFO - Filling up the DagBag from /home/airflow/.local/lib/python3.11/site-packages/airflow/example_dags/example_branch_day_of_week_operator.py
[2024-07-09T13:50:44.922+0000] {processor.py:840} INFO - DAG(s) 'example_weekday_branch_operator' retrieved from /home/airflow/.local/lib/python3.11/site-packages/airflow/example_dags/example_branch_day_of_week_operator.py
[2024-07-09T13:50:44.943+0000] {logging_mixin.py:188} INFO - [2024-07-09T13:50:44.943+0000] {dag.py:3047} INFO - Sync 1 DAGs
[2024-07-09T13:50:44.962+0000] {logging_mixin.py:188} INFO - [2024-07-09T13:50:44.962+0000] {dag.py:3834} INFO - Setting next_dagrun for example_weekday_branch_operator to 2024-07-08 00:00:00+00:00, run_after=2024-07-09 00:00:00+00:00
[2024-07-09T13:50:44.978+0000] {processor.py:183} INFO - Processing /home/airflow/.local/lib/python3.11/site-packages/airflow/example_dags/example_branch_day_of_week_operator.py took 0.066 seconds
[2024-07-09T13:51:15.395+0000] {processor.py:161} INFO - Started process (PID=2923) to work on /home/airflow/.local/lib/python3.11/site-packages/airflow/example_dags/example_branch_day_of_week_operator.py
[2024-07-09T13:51:15.396+0000] {processor.py:830} INFO - Processing file /home/airflow/.local/lib/python3.11/site-packages/airflow/example_dags/example_branch_day_of_week_operator.py for tasks to queue
[2024-07-09T13:51:15.397+0000] {logging_mixin.py:188} INFO - [2024-07-09T13:51:15.396+0000] {dagbag.py:540} INFO - Filling up the DagBag from /home/airflow/.local/lib/python3.11/site-packages/airflow/example_dags/example_branch_day_of_week_operator.py
[2024-07-09T13:51:15.403+0000] {processor.py:840} INFO - DAG(s) 'example_weekday_branch_operator' retrieved from /home/airflow/.local/lib/python3.11/site-packages/airflow/example_dags/example_branch_day_of_week_operator.py
[2024-07-09T13:51:15.424+0000] {logging_mixin.py:188} INFO - [2024-07-09T13:51:15.424+0000] {dag.py:3047} INFO - Sync 1 DAGs
[2024-07-09T13:51:15.442+0000] {logging_mixin.py:188} INFO - [2024-07-09T13:51:15.441+0000] {dag.py:3834} INFO - Setting next_dagrun for example_weekday_branch_operator to 2024-07-08 00:00:00+00:00, run_after=2024-07-09 00:00:00+00:00
[2024-07-09T13:51:15.456+0000] {processor.py:183} INFO - Processing /home/airflow/.local/lib/python3.11/site-packages/airflow/example_dags/example_branch_day_of_week_operator.py took 0.064 seconds
