[2024-07-09T13:18:49.147+0000] {processor.py:161} INFO - Started process (PID=284) to work on /home/airflow/.local/lib/python3.11/site-packages/airflow/example_dags/example_branch_labels.py
[2024-07-09T13:18:49.147+0000] {processor.py:830} INFO - Processing file /home/airflow/.local/lib/python3.11/site-packages/airflow/example_dags/example_branch_labels.py for tasks to queue
[2024-07-09T13:18:49.148+0000] {logging_mixin.py:188} INFO - [2024-07-09T13:18:49.148+0000] {dagbag.py:540} INFO - Filling up the DagBag from /home/airflow/.local/lib/python3.11/site-packages/airflow/example_dags/example_branch_labels.py
[2024-07-09T13:18:49.155+0000] {processor.py:840} INFO - DAG(s) 'example_branch_labels' retrieved from /home/airflow/.local/lib/python3.11/site-packages/airflow/example_dags/example_branch_labels.py
[2024-07-09T13:18:49.251+0000] {logging_mixin.py:188} INFO - [2024-07-09T13:18:49.251+0000] {override.py:1769} INFO - Created Permission View: can delete on DAG:example_branch_labels
[2024-07-09T13:18:49.261+0000] {logging_mixin.py:188} INFO - [2024-07-09T13:18:49.261+0000] {override.py:1769} INFO - Created Permission View: can read on DAG:example_branch_labels
[2024-07-09T13:18:49.267+0000] {logging_mixin.py:188} INFO - [2024-07-09T13:18:49.267+0000] {override.py:1769} INFO - Created Permission View: can edit on DAG:example_branch_labels
[2024-07-09T13:18:49.268+0000] {logging_mixin.py:188} INFO - [2024-07-09T13:18:49.268+0000] {dag.py:3047} INFO - Sync 1 DAGs
[2024-07-09T13:18:49.280+0000] {logging_mixin.py:188} INFO - [2024-07-09T13:18:49.280+0000] {dag.py:3069} INFO - Creating ORM DAG for example_branch_labels
[2024-07-09T13:18:49.289+0000] {logging_mixin.py:188} INFO - [2024-07-09T13:18:49.289+0000] {dag.py:3834} INFO - Setting next_dagrun for example_branch_labels to 2024-07-08 00:00:00+00:00, run_after=2024-07-09 00:00:00+00:00
[2024-07-09T13:18:49.303+0000] {processor.py:183} INFO - Processing /home/airflow/.local/lib/python3.11/site-packages/airflow/example_dags/example_branch_labels.py took 0.159 seconds
[2024-07-09T13:19:20.009+0000] {processor.py:161} INFO - Started process (PID=554) to work on /home/airflow/.local/lib/python3.11/site-packages/airflow/example_dags/example_branch_labels.py
[2024-07-09T13:19:20.010+0000] {processor.py:830} INFO - Processing file /home/airflow/.local/lib/python3.11/site-packages/airflow/example_dags/example_branch_labels.py for tasks to queue
[2024-07-09T13:19:20.010+0000] {logging_mixin.py:188} INFO - [2024-07-09T13:19:20.010+0000] {dagbag.py:540} INFO - Filling up the DagBag from /home/airflow/.local/lib/python3.11/site-packages/airflow/example_dags/example_branch_labels.py
[2024-07-09T13:19:20.016+0000] {processor.py:840} INFO - DAG(s) 'example_branch_labels' retrieved from /home/airflow/.local/lib/python3.11/site-packages/airflow/example_dags/example_branch_labels.py
[2024-07-09T13:19:20.037+0000] {logging_mixin.py:188} INFO - [2024-07-09T13:19:20.037+0000] {dag.py:3047} INFO - Sync 1 DAGs
[2024-07-09T13:19:20.055+0000] {logging_mixin.py:188} INFO - [2024-07-09T13:19:20.055+0000] {dag.py:3834} INFO - Setting next_dagrun for example_branch_labels to 2024-07-08 00:00:00+00:00, run_after=2024-07-09 00:00:00+00:00
[2024-07-09T13:19:20.070+0000] {processor.py:183} INFO - Processing /home/airflow/.local/lib/python3.11/site-packages/airflow/example_dags/example_branch_labels.py took 0.064 seconds
[2024-07-09T13:19:50.905+0000] {processor.py:161} INFO - Started process (PID=824) to work on /home/airflow/.local/lib/python3.11/site-packages/airflow/example_dags/example_branch_labels.py
[2024-07-09T13:19:50.906+0000] {processor.py:830} INFO - Processing file /home/airflow/.local/lib/python3.11/site-packages/airflow/example_dags/example_branch_labels.py for tasks to queue
[2024-07-09T13:19:50.906+0000] {logging_mixin.py:188} INFO - [2024-07-09T13:19:50.906+0000] {dagbag.py:540} INFO - Filling up the DagBag from /home/airflow/.local/lib/python3.11/site-packages/airflow/example_dags/example_branch_labels.py
[2024-07-09T13:19:50.912+0000] {processor.py:840} INFO - DAG(s) 'example_branch_labels' retrieved from /home/airflow/.local/lib/python3.11/site-packages/airflow/example_dags/example_branch_labels.py
[2024-07-09T13:19:50.933+0000] {logging_mixin.py:188} INFO - [2024-07-09T13:19:50.933+0000] {dag.py:3047} INFO - Sync 1 DAGs
[2024-07-09T13:19:50.950+0000] {logging_mixin.py:188} INFO - [2024-07-09T13:19:50.950+0000] {dag.py:3834} INFO - Setting next_dagrun for example_branch_labels to 2024-07-08 00:00:00+00:00, run_after=2024-07-09 00:00:00+00:00
[2024-07-09T13:19:50.964+0000] {processor.py:183} INFO - Processing /home/airflow/.local/lib/python3.11/site-packages/airflow/example_dags/example_branch_labels.py took 0.062 seconds
[2024-07-09T13:20:21.906+0000] {processor.py:161} INFO - Started process (PID=1094) to work on /home/airflow/.local/lib/python3.11/site-packages/airflow/example_dags/example_branch_labels.py
[2024-07-09T13:20:21.907+0000] {processor.py:830} INFO - Processing file /home/airflow/.local/lib/python3.11/site-packages/airflow/example_dags/example_branch_labels.py for tasks to queue
[2024-07-09T13:20:21.907+0000] {logging_mixin.py:188} INFO - [2024-07-09T13:20:21.907+0000] {dagbag.py:540} INFO - Filling up the DagBag from /home/airflow/.local/lib/python3.11/site-packages/airflow/example_dags/example_branch_labels.py
[2024-07-09T13:20:21.914+0000] {processor.py:840} INFO - DAG(s) 'example_branch_labels' retrieved from /home/airflow/.local/lib/python3.11/site-packages/airflow/example_dags/example_branch_labels.py
[2024-07-09T13:20:21.936+0000] {logging_mixin.py:188} INFO - [2024-07-09T13:20:21.935+0000] {dag.py:3047} INFO - Sync 1 DAGs
[2024-07-09T13:20:22.083+0000] {logging_mixin.py:188} INFO - [2024-07-09T13:20:22.082+0000] {dag.py:3834} INFO - Setting next_dagrun for example_branch_labels to 2024-07-08 00:00:00+00:00, run_after=2024-07-09 00:00:00+00:00
[2024-07-09T13:20:22.098+0000] {processor.py:183} INFO - Processing /home/airflow/.local/lib/python3.11/site-packages/airflow/example_dags/example_branch_labels.py took 0.195 seconds
[2024-07-09T13:20:52.252+0000] {processor.py:161} INFO - Started process (PID=1364) to work on /home/airflow/.local/lib/python3.11/site-packages/airflow/example_dags/example_branch_labels.py
[2024-07-09T13:20:52.253+0000] {processor.py:830} INFO - Processing file /home/airflow/.local/lib/python3.11/site-packages/airflow/example_dags/example_branch_labels.py for tasks to queue
[2024-07-09T13:20:52.254+0000] {logging_mixin.py:188} INFO - [2024-07-09T13:20:52.254+0000] {dagbag.py:540} INFO - Filling up the DagBag from /home/airflow/.local/lib/python3.11/site-packages/airflow/example_dags/example_branch_labels.py
[2024-07-09T13:20:52.261+0000] {processor.py:840} INFO - DAG(s) 'example_branch_labels' retrieved from /home/airflow/.local/lib/python3.11/site-packages/airflow/example_dags/example_branch_labels.py
[2024-07-09T13:20:52.288+0000] {logging_mixin.py:188} INFO - [2024-07-09T13:20:52.287+0000] {dag.py:3047} INFO - Sync 1 DAGs
[2024-07-09T13:20:52.309+0000] {logging_mixin.py:188} INFO - [2024-07-09T13:20:52.309+0000] {dag.py:3834} INFO - Setting next_dagrun for example_branch_labels to 2024-07-08 00:00:00+00:00, run_after=2024-07-09 00:00:00+00:00
[2024-07-09T13:20:52.326+0000] {processor.py:183} INFO - Processing /home/airflow/.local/lib/python3.11/site-packages/airflow/example_dags/example_branch_labels.py took 0.077 seconds
[2024-07-09T13:21:23.148+0000] {processor.py:161} INFO - Started process (PID=1634) to work on /home/airflow/.local/lib/python3.11/site-packages/airflow/example_dags/example_branch_labels.py
[2024-07-09T13:21:23.149+0000] {processor.py:830} INFO - Processing file /home/airflow/.local/lib/python3.11/site-packages/airflow/example_dags/example_branch_labels.py for tasks to queue
[2024-07-09T13:21:23.150+0000] {logging_mixin.py:188} INFO - [2024-07-09T13:21:23.150+0000] {dagbag.py:540} INFO - Filling up the DagBag from /home/airflow/.local/lib/python3.11/site-packages/airflow/example_dags/example_branch_labels.py
[2024-07-09T13:21:23.156+0000] {processor.py:840} INFO - DAG(s) 'example_branch_labels' retrieved from /home/airflow/.local/lib/python3.11/site-packages/airflow/example_dags/example_branch_labels.py
[2024-07-09T13:21:23.178+0000] {logging_mixin.py:188} INFO - [2024-07-09T13:21:23.178+0000] {dag.py:3047} INFO - Sync 1 DAGs
[2024-07-09T13:21:23.196+0000] {logging_mixin.py:188} INFO - [2024-07-09T13:21:23.195+0000] {dag.py:3834} INFO - Setting next_dagrun for example_branch_labels to 2024-07-08 00:00:00+00:00, run_after=2024-07-09 00:00:00+00:00
[2024-07-09T13:21:23.211+0000] {processor.py:183} INFO - Processing /home/airflow/.local/lib/python3.11/site-packages/airflow/example_dags/example_branch_labels.py took 0.064 seconds
[2024-07-09T13:21:53.853+0000] {processor.py:161} INFO - Started process (PID=1904) to work on /home/airflow/.local/lib/python3.11/site-packages/airflow/example_dags/example_branch_labels.py
[2024-07-09T13:21:53.854+0000] {processor.py:830} INFO - Processing file /home/airflow/.local/lib/python3.11/site-packages/airflow/example_dags/example_branch_labels.py for tasks to queue
[2024-07-09T13:21:53.855+0000] {logging_mixin.py:188} INFO - [2024-07-09T13:21:53.854+0000] {dagbag.py:540} INFO - Filling up the DagBag from /home/airflow/.local/lib/python3.11/site-packages/airflow/example_dags/example_branch_labels.py
[2024-07-09T13:21:53.860+0000] {processor.py:840} INFO - DAG(s) 'example_branch_labels' retrieved from /home/airflow/.local/lib/python3.11/site-packages/airflow/example_dags/example_branch_labels.py
[2024-07-09T13:21:53.882+0000] {logging_mixin.py:188} INFO - [2024-07-09T13:21:53.881+0000] {dag.py:3047} INFO - Sync 1 DAGs
[2024-07-09T13:21:53.899+0000] {logging_mixin.py:188} INFO - [2024-07-09T13:21:53.899+0000] {dag.py:3834} INFO - Setting next_dagrun for example_branch_labels to 2024-07-08 00:00:00+00:00, run_after=2024-07-09 00:00:00+00:00
[2024-07-09T13:21:53.914+0000] {processor.py:183} INFO - Processing /home/airflow/.local/lib/python3.11/site-packages/airflow/example_dags/example_branch_labels.py took 0.064 seconds
[2024-07-09T13:22:24.560+0000] {processor.py:161} INFO - Started process (PID=2174) to work on /home/airflow/.local/lib/python3.11/site-packages/airflow/example_dags/example_branch_labels.py
[2024-07-09T13:22:24.561+0000] {processor.py:830} INFO - Processing file /home/airflow/.local/lib/python3.11/site-packages/airflow/example_dags/example_branch_labels.py for tasks to queue
[2024-07-09T13:22:24.562+0000] {logging_mixin.py:188} INFO - [2024-07-09T13:22:24.562+0000] {dagbag.py:540} INFO - Filling up the DagBag from /home/airflow/.local/lib/python3.11/site-packages/airflow/example_dags/example_branch_labels.py
[2024-07-09T13:22:24.568+0000] {processor.py:840} INFO - DAG(s) 'example_branch_labels' retrieved from /home/airflow/.local/lib/python3.11/site-packages/airflow/example_dags/example_branch_labels.py
[2024-07-09T13:22:24.591+0000] {logging_mixin.py:188} INFO - [2024-07-09T13:22:24.590+0000] {dag.py:3047} INFO - Sync 1 DAGs
[2024-07-09T13:22:24.610+0000] {logging_mixin.py:188} INFO - [2024-07-09T13:22:24.609+0000] {dag.py:3834} INFO - Setting next_dagrun for example_branch_labels to 2024-07-08 00:00:00+00:00, run_after=2024-07-09 00:00:00+00:00
[2024-07-09T13:22:24.625+0000] {processor.py:183} INFO - Processing /home/airflow/.local/lib/python3.11/site-packages/airflow/example_dags/example_branch_labels.py took 0.067 seconds
[2024-07-09T13:22:55.328+0000] {processor.py:161} INFO - Started process (PID=2444) to work on /home/airflow/.local/lib/python3.11/site-packages/airflow/example_dags/example_branch_labels.py
[2024-07-09T13:22:55.329+0000] {processor.py:830} INFO - Processing file /home/airflow/.local/lib/python3.11/site-packages/airflow/example_dags/example_branch_labels.py for tasks to queue
[2024-07-09T13:22:55.330+0000] {logging_mixin.py:188} INFO - [2024-07-09T13:22:55.330+0000] {dagbag.py:540} INFO - Filling up the DagBag from /home/airflow/.local/lib/python3.11/site-packages/airflow/example_dags/example_branch_labels.py
[2024-07-09T13:22:55.336+0000] {processor.py:840} INFO - DAG(s) 'example_branch_labels' retrieved from /home/airflow/.local/lib/python3.11/site-packages/airflow/example_dags/example_branch_labels.py
[2024-07-09T13:22:55.358+0000] {logging_mixin.py:188} INFO - [2024-07-09T13:22:55.357+0000] {dag.py:3047} INFO - Sync 1 DAGs
[2024-07-09T13:22:55.376+0000] {logging_mixin.py:188} INFO - [2024-07-09T13:22:55.375+0000] {dag.py:3834} INFO - Setting next_dagrun for example_branch_labels to 2024-07-08 00:00:00+00:00, run_after=2024-07-09 00:00:00+00:00
[2024-07-09T13:22:55.390+0000] {processor.py:183} INFO - Processing /home/airflow/.local/lib/python3.11/site-packages/airflow/example_dags/example_branch_labels.py took 0.065 seconds
[2024-07-09T13:23:26.087+0000] {processor.py:161} INFO - Started process (PID=2714) to work on /home/airflow/.local/lib/python3.11/site-packages/airflow/example_dags/example_branch_labels.py
[2024-07-09T13:23:26.088+0000] {processor.py:830} INFO - Processing file /home/airflow/.local/lib/python3.11/site-packages/airflow/example_dags/example_branch_labels.py for tasks to queue
[2024-07-09T13:23:26.088+0000] {logging_mixin.py:188} INFO - [2024-07-09T13:23:26.088+0000] {dagbag.py:540} INFO - Filling up the DagBag from /home/airflow/.local/lib/python3.11/site-packages/airflow/example_dags/example_branch_labels.py
[2024-07-09T13:23:26.094+0000] {processor.py:840} INFO - DAG(s) 'example_branch_labels' retrieved from /home/airflow/.local/lib/python3.11/site-packages/airflow/example_dags/example_branch_labels.py
[2024-07-09T13:23:26.115+0000] {logging_mixin.py:188} INFO - [2024-07-09T13:23:26.115+0000] {dag.py:3047} INFO - Sync 1 DAGs
[2024-07-09T13:23:26.134+0000] {logging_mixin.py:188} INFO - [2024-07-09T13:23:26.133+0000] {dag.py:3834} INFO - Setting next_dagrun for example_branch_labels to 2024-07-08 00:00:00+00:00, run_after=2024-07-09 00:00:00+00:00
[2024-07-09T13:23:26.149+0000] {processor.py:183} INFO - Processing /home/airflow/.local/lib/python3.11/site-packages/airflow/example_dags/example_branch_labels.py took 0.065 seconds
[2024-07-09T13:23:56.851+0000] {processor.py:161} INFO - Started process (PID=2984) to work on /home/airflow/.local/lib/python3.11/site-packages/airflow/example_dags/example_branch_labels.py
[2024-07-09T13:23:56.852+0000] {processor.py:830} INFO - Processing file /home/airflow/.local/lib/python3.11/site-packages/airflow/example_dags/example_branch_labels.py for tasks to queue
[2024-07-09T13:23:56.853+0000] {logging_mixin.py:188} INFO - [2024-07-09T13:23:56.853+0000] {dagbag.py:540} INFO - Filling up the DagBag from /home/airflow/.local/lib/python3.11/site-packages/airflow/example_dags/example_branch_labels.py
[2024-07-09T13:23:56.859+0000] {processor.py:840} INFO - DAG(s) 'example_branch_labels' retrieved from /home/airflow/.local/lib/python3.11/site-packages/airflow/example_dags/example_branch_labels.py
[2024-07-09T13:23:56.880+0000] {logging_mixin.py:188} INFO - [2024-07-09T13:23:56.880+0000] {dag.py:3047} INFO - Sync 1 DAGs
[2024-07-09T13:23:56.898+0000] {logging_mixin.py:188} INFO - [2024-07-09T13:23:56.898+0000] {dag.py:3834} INFO - Setting next_dagrun for example_branch_labels to 2024-07-08 00:00:00+00:00, run_after=2024-07-09 00:00:00+00:00
[2024-07-09T13:23:56.914+0000] {processor.py:183} INFO - Processing /home/airflow/.local/lib/python3.11/site-packages/airflow/example_dags/example_branch_labels.py took 0.065 seconds
[2024-07-09T13:24:27.482+0000] {processor.py:161} INFO - Started process (PID=3254) to work on /home/airflow/.local/lib/python3.11/site-packages/airflow/example_dags/example_branch_labels.py
[2024-07-09T13:24:27.483+0000] {processor.py:830} INFO - Processing file /home/airflow/.local/lib/python3.11/site-packages/airflow/example_dags/example_branch_labels.py for tasks to queue
[2024-07-09T13:24:27.483+0000] {logging_mixin.py:188} INFO - [2024-07-09T13:24:27.483+0000] {dagbag.py:540} INFO - Filling up the DagBag from /home/airflow/.local/lib/python3.11/site-packages/airflow/example_dags/example_branch_labels.py
[2024-07-09T13:24:27.489+0000] {processor.py:840} INFO - DAG(s) 'example_branch_labels' retrieved from /home/airflow/.local/lib/python3.11/site-packages/airflow/example_dags/example_branch_labels.py
[2024-07-09T13:24:27.511+0000] {logging_mixin.py:188} INFO - [2024-07-09T13:24:27.511+0000] {dag.py:3047} INFO - Sync 1 DAGs
[2024-07-09T13:24:27.529+0000] {logging_mixin.py:188} INFO - [2024-07-09T13:24:27.529+0000] {dag.py:3834} INFO - Setting next_dagrun for example_branch_labels to 2024-07-08 00:00:00+00:00, run_after=2024-07-09 00:00:00+00:00
[2024-07-09T13:24:27.544+0000] {processor.py:183} INFO - Processing /home/airflow/.local/lib/python3.11/site-packages/airflow/example_dags/example_branch_labels.py took 0.065 seconds
[2024-07-09T13:24:58.240+0000] {processor.py:161} INFO - Started process (PID=3524) to work on /home/airflow/.local/lib/python3.11/site-packages/airflow/example_dags/example_branch_labels.py
[2024-07-09T13:24:58.241+0000] {processor.py:830} INFO - Processing file /home/airflow/.local/lib/python3.11/site-packages/airflow/example_dags/example_branch_labels.py for tasks to queue
[2024-07-09T13:24:58.242+0000] {logging_mixin.py:188} INFO - [2024-07-09T13:24:58.242+0000] {dagbag.py:540} INFO - Filling up the DagBag from /home/airflow/.local/lib/python3.11/site-packages/airflow/example_dags/example_branch_labels.py
[2024-07-09T13:24:58.248+0000] {processor.py:840} INFO - DAG(s) 'example_branch_labels' retrieved from /home/airflow/.local/lib/python3.11/site-packages/airflow/example_dags/example_branch_labels.py
[2024-07-09T13:24:58.269+0000] {logging_mixin.py:188} INFO - [2024-07-09T13:24:58.269+0000] {dag.py:3047} INFO - Sync 1 DAGs
[2024-07-09T13:24:58.287+0000] {logging_mixin.py:188} INFO - [2024-07-09T13:24:58.286+0000] {dag.py:3834} INFO - Setting next_dagrun for example_branch_labels to 2024-07-08 00:00:00+00:00, run_after=2024-07-09 00:00:00+00:00
[2024-07-09T13:24:58.302+0000] {processor.py:183} INFO - Processing /home/airflow/.local/lib/python3.11/site-packages/airflow/example_dags/example_branch_labels.py took 0.064 seconds
[2024-07-09T13:26:10.077+0000] {processor.py:161} INFO - Started process (PID=285) to work on /home/airflow/.local/lib/python3.11/site-packages/airflow/example_dags/example_branch_labels.py
[2024-07-09T13:26:10.078+0000] {processor.py:830} INFO - Processing file /home/airflow/.local/lib/python3.11/site-packages/airflow/example_dags/example_branch_labels.py for tasks to queue
[2024-07-09T13:26:10.079+0000] {logging_mixin.py:188} INFO - [2024-07-09T13:26:10.079+0000] {dagbag.py:540} INFO - Filling up the DagBag from /home/airflow/.local/lib/python3.11/site-packages/airflow/example_dags/example_branch_labels.py
[2024-07-09T13:26:10.087+0000] {processor.py:840} INFO - DAG(s) 'example_branch_labels' retrieved from /home/airflow/.local/lib/python3.11/site-packages/airflow/example_dags/example_branch_labels.py
[2024-07-09T13:26:10.177+0000] {logging_mixin.py:188} INFO - [2024-07-09T13:26:10.177+0000] {override.py:1769} INFO - Created Permission View: can delete on DAG:example_branch_labels
[2024-07-09T13:26:10.187+0000] {logging_mixin.py:188} INFO - [2024-07-09T13:26:10.187+0000] {override.py:1769} INFO - Created Permission View: can read on DAG:example_branch_labels
[2024-07-09T13:26:10.194+0000] {logging_mixin.py:188} INFO - [2024-07-09T13:26:10.194+0000] {override.py:1769} INFO - Created Permission View: can edit on DAG:example_branch_labels
[2024-07-09T13:26:10.194+0000] {logging_mixin.py:188} INFO - [2024-07-09T13:26:10.194+0000] {dag.py:3047} INFO - Sync 1 DAGs
[2024-07-09T13:26:10.203+0000] {logging_mixin.py:188} INFO - [2024-07-09T13:26:10.203+0000] {dag.py:3069} INFO - Creating ORM DAG for example_branch_labels
[2024-07-09T13:26:10.212+0000] {logging_mixin.py:188} INFO - [2024-07-09T13:26:10.212+0000] {dag.py:3834} INFO - Setting next_dagrun for example_branch_labels to 2024-07-08 00:00:00+00:00, run_after=2024-07-09 00:00:00+00:00
[2024-07-09T13:26:10.226+0000] {processor.py:183} INFO - Processing /home/airflow/.local/lib/python3.11/site-packages/airflow/example_dags/example_branch_labels.py took 0.151 seconds
[2024-07-09T13:26:41.109+0000] {processor.py:161} INFO - Started process (PID=555) to work on /home/airflow/.local/lib/python3.11/site-packages/airflow/example_dags/example_branch_labels.py
[2024-07-09T13:26:41.110+0000] {processor.py:830} INFO - Processing file /home/airflow/.local/lib/python3.11/site-packages/airflow/example_dags/example_branch_labels.py for tasks to queue
[2024-07-09T13:26:41.111+0000] {logging_mixin.py:188} INFO - [2024-07-09T13:26:41.110+0000] {dagbag.py:540} INFO - Filling up the DagBag from /home/airflow/.local/lib/python3.11/site-packages/airflow/example_dags/example_branch_labels.py
[2024-07-09T13:26:41.117+0000] {processor.py:840} INFO - DAG(s) 'example_branch_labels' retrieved from /home/airflow/.local/lib/python3.11/site-packages/airflow/example_dags/example_branch_labels.py
[2024-07-09T13:26:41.138+0000] {logging_mixin.py:188} INFO - [2024-07-09T13:26:41.138+0000] {dag.py:3047} INFO - Sync 1 DAGs
[2024-07-09T13:26:41.156+0000] {logging_mixin.py:188} INFO - [2024-07-09T13:26:41.156+0000] {dag.py:3834} INFO - Setting next_dagrun for example_branch_labels to 2024-07-08 00:00:00+00:00, run_after=2024-07-09 00:00:00+00:00
[2024-07-09T13:26:41.171+0000] {processor.py:183} INFO - Processing /home/airflow/.local/lib/python3.11/site-packages/airflow/example_dags/example_branch_labels.py took 0.065 seconds
[2024-07-09T13:27:11.539+0000] {processor.py:161} INFO - Started process (PID=825) to work on /home/airflow/.local/lib/python3.11/site-packages/airflow/example_dags/example_branch_labels.py
[2024-07-09T13:27:11.540+0000] {processor.py:830} INFO - Processing file /home/airflow/.local/lib/python3.11/site-packages/airflow/example_dags/example_branch_labels.py for tasks to queue
[2024-07-09T13:27:11.540+0000] {logging_mixin.py:188} INFO - [2024-07-09T13:27:11.540+0000] {dagbag.py:540} INFO - Filling up the DagBag from /home/airflow/.local/lib/python3.11/site-packages/airflow/example_dags/example_branch_labels.py
[2024-07-09T13:27:11.547+0000] {processor.py:840} INFO - DAG(s) 'example_branch_labels' retrieved from /home/airflow/.local/lib/python3.11/site-packages/airflow/example_dags/example_branch_labels.py
[2024-07-09T13:27:11.568+0000] {logging_mixin.py:188} INFO - [2024-07-09T13:27:11.568+0000] {dag.py:3047} INFO - Sync 1 DAGs
[2024-07-09T13:27:11.586+0000] {logging_mixin.py:188} INFO - [2024-07-09T13:27:11.586+0000] {dag.py:3834} INFO - Setting next_dagrun for example_branch_labels to 2024-07-08 00:00:00+00:00, run_after=2024-07-09 00:00:00+00:00
[2024-07-09T13:27:11.600+0000] {processor.py:183} INFO - Processing /home/airflow/.local/lib/python3.11/site-packages/airflow/example_dags/example_branch_labels.py took 0.064 seconds
[2024-07-09T13:27:41.819+0000] {processor.py:161} INFO - Started process (PID=1095) to work on /home/airflow/.local/lib/python3.11/site-packages/airflow/example_dags/example_branch_labels.py
[2024-07-09T13:27:41.820+0000] {processor.py:830} INFO - Processing file /home/airflow/.local/lib/python3.11/site-packages/airflow/example_dags/example_branch_labels.py for tasks to queue
[2024-07-09T13:27:41.820+0000] {logging_mixin.py:188} INFO - [2024-07-09T13:27:41.820+0000] {dagbag.py:540} INFO - Filling up the DagBag from /home/airflow/.local/lib/python3.11/site-packages/airflow/example_dags/example_branch_labels.py
[2024-07-09T13:27:41.827+0000] {processor.py:840} INFO - DAG(s) 'example_branch_labels' retrieved from /home/airflow/.local/lib/python3.11/site-packages/airflow/example_dags/example_branch_labels.py
[2024-07-09T13:27:41.849+0000] {logging_mixin.py:188} INFO - [2024-07-09T13:27:41.849+0000] {dag.py:3047} INFO - Sync 1 DAGs
[2024-07-09T13:27:41.974+0000] {logging_mixin.py:188} INFO - [2024-07-09T13:27:41.974+0000] {dag.py:3834} INFO - Setting next_dagrun for example_branch_labels to 2024-07-08 00:00:00+00:00, run_after=2024-07-09 00:00:00+00:00
[2024-07-09T13:27:41.990+0000] {processor.py:183} INFO - Processing /home/airflow/.local/lib/python3.11/site-packages/airflow/example_dags/example_branch_labels.py took 0.174 seconds
[2024-07-09T13:28:12.206+0000] {processor.py:161} INFO - Started process (PID=1365) to work on /home/airflow/.local/lib/python3.11/site-packages/airflow/example_dags/example_branch_labels.py
[2024-07-09T13:28:12.208+0000] {processor.py:830} INFO - Processing file /home/airflow/.local/lib/python3.11/site-packages/airflow/example_dags/example_branch_labels.py for tasks to queue
[2024-07-09T13:28:12.208+0000] {logging_mixin.py:188} INFO - [2024-07-09T13:28:12.208+0000] {dagbag.py:540} INFO - Filling up the DagBag from /home/airflow/.local/lib/python3.11/site-packages/airflow/example_dags/example_branch_labels.py
[2024-07-09T13:28:12.218+0000] {processor.py:840} INFO - DAG(s) 'example_branch_labels' retrieved from /home/airflow/.local/lib/python3.11/site-packages/airflow/example_dags/example_branch_labels.py
[2024-07-09T13:28:12.243+0000] {logging_mixin.py:188} INFO - [2024-07-09T13:28:12.242+0000] {dag.py:3047} INFO - Sync 1 DAGs
[2024-07-09T13:28:12.270+0000] {logging_mixin.py:188} INFO - [2024-07-09T13:28:12.270+0000] {dag.py:3834} INFO - Setting next_dagrun for example_branch_labels to 2024-07-08 00:00:00+00:00, run_after=2024-07-09 00:00:00+00:00
[2024-07-09T13:28:12.289+0000] {processor.py:183} INFO - Processing /home/airflow/.local/lib/python3.11/site-packages/airflow/example_dags/example_branch_labels.py took 0.086 seconds
[2024-07-09T13:28:42.726+0000] {processor.py:161} INFO - Started process (PID=1635) to work on /home/airflow/.local/lib/python3.11/site-packages/airflow/example_dags/example_branch_labels.py
[2024-07-09T13:28:42.727+0000] {processor.py:830} INFO - Processing file /home/airflow/.local/lib/python3.11/site-packages/airflow/example_dags/example_branch_labels.py for tasks to queue
[2024-07-09T13:28:42.728+0000] {logging_mixin.py:188} INFO - [2024-07-09T13:28:42.727+0000] {dagbag.py:540} INFO - Filling up the DagBag from /home/airflow/.local/lib/python3.11/site-packages/airflow/example_dags/example_branch_labels.py
[2024-07-09T13:28:42.734+0000] {processor.py:840} INFO - DAG(s) 'example_branch_labels' retrieved from /home/airflow/.local/lib/python3.11/site-packages/airflow/example_dags/example_branch_labels.py
[2024-07-09T13:28:42.758+0000] {logging_mixin.py:188} INFO - [2024-07-09T13:28:42.758+0000] {dag.py:3047} INFO - Sync 1 DAGs
[2024-07-09T13:28:42.777+0000] {logging_mixin.py:188} INFO - [2024-07-09T13:28:42.776+0000] {dag.py:3834} INFO - Setting next_dagrun for example_branch_labels to 2024-07-08 00:00:00+00:00, run_after=2024-07-09 00:00:00+00:00
[2024-07-09T13:28:42.791+0000] {processor.py:183} INFO - Processing /home/airflow/.local/lib/python3.11/site-packages/airflow/example_dags/example_branch_labels.py took 0.068 seconds
[2024-07-09T13:29:13.074+0000] {processor.py:161} INFO - Started process (PID=1905) to work on /home/airflow/.local/lib/python3.11/site-packages/airflow/example_dags/example_branch_labels.py
[2024-07-09T13:29:13.075+0000] {processor.py:830} INFO - Processing file /home/airflow/.local/lib/python3.11/site-packages/airflow/example_dags/example_branch_labels.py for tasks to queue
[2024-07-09T13:29:13.076+0000] {logging_mixin.py:188} INFO - [2024-07-09T13:29:13.076+0000] {dagbag.py:540} INFO - Filling up the DagBag from /home/airflow/.local/lib/python3.11/site-packages/airflow/example_dags/example_branch_labels.py
[2024-07-09T13:29:13.082+0000] {processor.py:840} INFO - DAG(s) 'example_branch_labels' retrieved from /home/airflow/.local/lib/python3.11/site-packages/airflow/example_dags/example_branch_labels.py
[2024-07-09T13:29:13.103+0000] {logging_mixin.py:188} INFO - [2024-07-09T13:29:13.103+0000] {dag.py:3047} INFO - Sync 1 DAGs
[2024-07-09T13:29:13.121+0000] {logging_mixin.py:188} INFO - [2024-07-09T13:29:13.121+0000] {dag.py:3834} INFO - Setting next_dagrun for example_branch_labels to 2024-07-08 00:00:00+00:00, run_after=2024-07-09 00:00:00+00:00
[2024-07-09T13:29:13.136+0000] {processor.py:183} INFO - Processing /home/airflow/.local/lib/python3.11/site-packages/airflow/example_dags/example_branch_labels.py took 0.065 seconds
[2024-07-09T13:29:43.465+0000] {processor.py:161} INFO - Started process (PID=2175) to work on /home/airflow/.local/lib/python3.11/site-packages/airflow/example_dags/example_branch_labels.py
[2024-07-09T13:29:43.466+0000] {processor.py:830} INFO - Processing file /home/airflow/.local/lib/python3.11/site-packages/airflow/example_dags/example_branch_labels.py for tasks to queue
[2024-07-09T13:29:43.467+0000] {logging_mixin.py:188} INFO - [2024-07-09T13:29:43.466+0000] {dagbag.py:540} INFO - Filling up the DagBag from /home/airflow/.local/lib/python3.11/site-packages/airflow/example_dags/example_branch_labels.py
[2024-07-09T13:29:43.473+0000] {processor.py:840} INFO - DAG(s) 'example_branch_labels' retrieved from /home/airflow/.local/lib/python3.11/site-packages/airflow/example_dags/example_branch_labels.py
[2024-07-09T13:29:43.495+0000] {logging_mixin.py:188} INFO - [2024-07-09T13:29:43.495+0000] {dag.py:3047} INFO - Sync 1 DAGs
[2024-07-09T13:29:43.514+0000] {logging_mixin.py:188} INFO - [2024-07-09T13:29:43.514+0000] {dag.py:3834} INFO - Setting next_dagrun for example_branch_labels to 2024-07-08 00:00:00+00:00, run_after=2024-07-09 00:00:00+00:00
[2024-07-09T13:29:43.530+0000] {processor.py:183} INFO - Processing /home/airflow/.local/lib/python3.11/site-packages/airflow/example_dags/example_branch_labels.py took 0.068 seconds
[2024-07-09T13:31:38.296+0000] {processor.py:161} INFO - Started process (PID=284) to work on /home/airflow/.local/lib/python3.11/site-packages/airflow/example_dags/example_branch_labels.py
[2024-07-09T13:31:38.297+0000] {processor.py:830} INFO - Processing file /home/airflow/.local/lib/python3.11/site-packages/airflow/example_dags/example_branch_labels.py for tasks to queue
[2024-07-09T13:31:38.298+0000] {logging_mixin.py:188} INFO - [2024-07-09T13:31:38.297+0000] {dagbag.py:540} INFO - Filling up the DagBag from /home/airflow/.local/lib/python3.11/site-packages/airflow/example_dags/example_branch_labels.py
[2024-07-09T13:31:38.304+0000] {processor.py:840} INFO - DAG(s) 'example_branch_labels' retrieved from /home/airflow/.local/lib/python3.11/site-packages/airflow/example_dags/example_branch_labels.py
[2024-07-09T13:31:38.399+0000] {logging_mixin.py:188} INFO - [2024-07-09T13:31:38.398+0000] {override.py:1769} INFO - Created Permission View: can edit on DAG:example_branch_labels
[2024-07-09T13:31:38.412+0000] {logging_mixin.py:188} INFO - [2024-07-09T13:31:38.412+0000] {override.py:1769} INFO - Created Permission View: can delete on DAG:example_branch_labels
[2024-07-09T13:31:38.423+0000] {logging_mixin.py:188} INFO - [2024-07-09T13:31:38.422+0000] {override.py:1769} INFO - Created Permission View: can read on DAG:example_branch_labels
[2024-07-09T13:31:38.423+0000] {logging_mixin.py:188} INFO - [2024-07-09T13:31:38.423+0000] {dag.py:3047} INFO - Sync 1 DAGs
[2024-07-09T13:31:38.434+0000] {logging_mixin.py:188} INFO - [2024-07-09T13:31:38.434+0000] {dag.py:3069} INFO - Creating ORM DAG for example_branch_labels
[2024-07-09T13:31:38.445+0000] {logging_mixin.py:188} INFO - [2024-07-09T13:31:38.445+0000] {dag.py:3834} INFO - Setting next_dagrun for example_branch_labels to 2024-07-08 00:00:00+00:00, run_after=2024-07-09 00:00:00+00:00
[2024-07-09T13:31:38.462+0000] {processor.py:183} INFO - Processing /home/airflow/.local/lib/python3.11/site-packages/airflow/example_dags/example_branch_labels.py took 0.169 seconds
[2024-07-09T13:32:08.677+0000] {processor.py:161} INFO - Started process (PID=554) to work on /home/airflow/.local/lib/python3.11/site-packages/airflow/example_dags/example_branch_labels.py
[2024-07-09T13:32:08.678+0000] {processor.py:830} INFO - Processing file /home/airflow/.local/lib/python3.11/site-packages/airflow/example_dags/example_branch_labels.py for tasks to queue
[2024-07-09T13:32:08.679+0000] {logging_mixin.py:188} INFO - [2024-07-09T13:32:08.679+0000] {dagbag.py:540} INFO - Filling up the DagBag from /home/airflow/.local/lib/python3.11/site-packages/airflow/example_dags/example_branch_labels.py
[2024-07-09T13:32:08.685+0000] {processor.py:840} INFO - DAG(s) 'example_branch_labels' retrieved from /home/airflow/.local/lib/python3.11/site-packages/airflow/example_dags/example_branch_labels.py
[2024-07-09T13:32:08.706+0000] {logging_mixin.py:188} INFO - [2024-07-09T13:32:08.706+0000] {dag.py:3047} INFO - Sync 1 DAGs
[2024-07-09T13:32:08.724+0000] {logging_mixin.py:188} INFO - [2024-07-09T13:32:08.724+0000] {dag.py:3834} INFO - Setting next_dagrun for example_branch_labels to 2024-07-08 00:00:00+00:00, run_after=2024-07-09 00:00:00+00:00
[2024-07-09T13:32:08.740+0000] {processor.py:183} INFO - Processing /home/airflow/.local/lib/python3.11/site-packages/airflow/example_dags/example_branch_labels.py took 0.065 seconds
[2024-07-09T13:32:39.119+0000] {processor.py:161} INFO - Started process (PID=824) to work on /home/airflow/.local/lib/python3.11/site-packages/airflow/example_dags/example_branch_labels.py
[2024-07-09T13:32:39.120+0000] {processor.py:830} INFO - Processing file /home/airflow/.local/lib/python3.11/site-packages/airflow/example_dags/example_branch_labels.py for tasks to queue
[2024-07-09T13:32:39.121+0000] {logging_mixin.py:188} INFO - [2024-07-09T13:32:39.120+0000] {dagbag.py:540} INFO - Filling up the DagBag from /home/airflow/.local/lib/python3.11/site-packages/airflow/example_dags/example_branch_labels.py
[2024-07-09T13:32:39.128+0000] {processor.py:840} INFO - DAG(s) 'example_branch_labels' retrieved from /home/airflow/.local/lib/python3.11/site-packages/airflow/example_dags/example_branch_labels.py
[2024-07-09T13:32:39.150+0000] {logging_mixin.py:188} INFO - [2024-07-09T13:32:39.150+0000] {dag.py:3047} INFO - Sync 1 DAGs
[2024-07-09T13:32:39.171+0000] {logging_mixin.py:188} INFO - [2024-07-09T13:32:39.170+0000] {dag.py:3834} INFO - Setting next_dagrun for example_branch_labels to 2024-07-08 00:00:00+00:00, run_after=2024-07-09 00:00:00+00:00
[2024-07-09T13:32:39.188+0000] {processor.py:183} INFO - Processing /home/airflow/.local/lib/python3.11/site-packages/airflow/example_dags/example_branch_labels.py took 0.071 seconds
[2024-07-09T13:33:10.034+0000] {processor.py:161} INFO - Started process (PID=1094) to work on /home/airflow/.local/lib/python3.11/site-packages/airflow/example_dags/example_branch_labels.py
[2024-07-09T13:33:10.035+0000] {processor.py:830} INFO - Processing file /home/airflow/.local/lib/python3.11/site-packages/airflow/example_dags/example_branch_labels.py for tasks to queue
[2024-07-09T13:33:10.036+0000] {logging_mixin.py:188} INFO - [2024-07-09T13:33:10.036+0000] {dagbag.py:540} INFO - Filling up the DagBag from /home/airflow/.local/lib/python3.11/site-packages/airflow/example_dags/example_branch_labels.py
[2024-07-09T13:33:10.042+0000] {processor.py:840} INFO - DAG(s) 'example_branch_labels' retrieved from /home/airflow/.local/lib/python3.11/site-packages/airflow/example_dags/example_branch_labels.py
[2024-07-09T13:33:10.064+0000] {logging_mixin.py:188} INFO - [2024-07-09T13:33:10.064+0000] {dag.py:3047} INFO - Sync 1 DAGs
[2024-07-09T13:33:10.195+0000] {logging_mixin.py:188} INFO - [2024-07-09T13:33:10.194+0000] {dag.py:3834} INFO - Setting next_dagrun for example_branch_labels to 2024-07-08 00:00:00+00:00, run_after=2024-07-09 00:00:00+00:00
[2024-07-09T13:33:10.211+0000] {processor.py:183} INFO - Processing /home/airflow/.local/lib/python3.11/site-packages/airflow/example_dags/example_branch_labels.py took 0.180 seconds
[2024-07-09T13:33:40.621+0000] {processor.py:161} INFO - Started process (PID=1364) to work on /home/airflow/.local/lib/python3.11/site-packages/airflow/example_dags/example_branch_labels.py
[2024-07-09T13:33:40.622+0000] {processor.py:830} INFO - Processing file /home/airflow/.local/lib/python3.11/site-packages/airflow/example_dags/example_branch_labels.py for tasks to queue
[2024-07-09T13:33:40.623+0000] {logging_mixin.py:188} INFO - [2024-07-09T13:33:40.622+0000] {dagbag.py:540} INFO - Filling up the DagBag from /home/airflow/.local/lib/python3.11/site-packages/airflow/example_dags/example_branch_labels.py
[2024-07-09T13:33:40.629+0000] {processor.py:840} INFO - DAG(s) 'example_branch_labels' retrieved from /home/airflow/.local/lib/python3.11/site-packages/airflow/example_dags/example_branch_labels.py
[2024-07-09T13:33:40.650+0000] {logging_mixin.py:188} INFO - [2024-07-09T13:33:40.650+0000] {dag.py:3047} INFO - Sync 1 DAGs
[2024-07-09T13:33:40.670+0000] {logging_mixin.py:188} INFO - [2024-07-09T13:33:40.669+0000] {dag.py:3834} INFO - Setting next_dagrun for example_branch_labels to 2024-07-08 00:00:00+00:00, run_after=2024-07-09 00:00:00+00:00
[2024-07-09T13:33:40.685+0000] {processor.py:183} INFO - Processing /home/airflow/.local/lib/python3.11/site-packages/airflow/example_dags/example_branch_labels.py took 0.067 seconds
[2024-07-09T13:34:10.953+0000] {processor.py:161} INFO - Started process (PID=1634) to work on /home/airflow/.local/lib/python3.11/site-packages/airflow/example_dags/example_branch_labels.py
[2024-07-09T13:34:10.955+0000] {processor.py:830} INFO - Processing file /home/airflow/.local/lib/python3.11/site-packages/airflow/example_dags/example_branch_labels.py for tasks to queue
[2024-07-09T13:34:10.955+0000] {logging_mixin.py:188} INFO - [2024-07-09T13:34:10.955+0000] {dagbag.py:540} INFO - Filling up the DagBag from /home/airflow/.local/lib/python3.11/site-packages/airflow/example_dags/example_branch_labels.py
[2024-07-09T13:34:10.961+0000] {processor.py:840} INFO - DAG(s) 'example_branch_labels' retrieved from /home/airflow/.local/lib/python3.11/site-packages/airflow/example_dags/example_branch_labels.py
[2024-07-09T13:34:10.983+0000] {logging_mixin.py:188} INFO - [2024-07-09T13:34:10.983+0000] {dag.py:3047} INFO - Sync 1 DAGs
[2024-07-09T13:34:11.001+0000] {logging_mixin.py:188} INFO - [2024-07-09T13:34:11.001+0000] {dag.py:3834} INFO - Setting next_dagrun for example_branch_labels to 2024-07-08 00:00:00+00:00, run_after=2024-07-09 00:00:00+00:00
[2024-07-09T13:34:11.017+0000] {processor.py:183} INFO - Processing /home/airflow/.local/lib/python3.11/site-packages/airflow/example_dags/example_branch_labels.py took 0.067 seconds
[2024-07-09T13:34:41.224+0000] {processor.py:161} INFO - Started process (PID=1904) to work on /home/airflow/.local/lib/python3.11/site-packages/airflow/example_dags/example_branch_labels.py
[2024-07-09T13:34:41.225+0000] {processor.py:830} INFO - Processing file /home/airflow/.local/lib/python3.11/site-packages/airflow/example_dags/example_branch_labels.py for tasks to queue
[2024-07-09T13:34:41.226+0000] {logging_mixin.py:188} INFO - [2024-07-09T13:34:41.225+0000] {dagbag.py:540} INFO - Filling up the DagBag from /home/airflow/.local/lib/python3.11/site-packages/airflow/example_dags/example_branch_labels.py
[2024-07-09T13:34:41.232+0000] {processor.py:840} INFO - DAG(s) 'example_branch_labels' retrieved from /home/airflow/.local/lib/python3.11/site-packages/airflow/example_dags/example_branch_labels.py
[2024-07-09T13:34:41.255+0000] {logging_mixin.py:188} INFO - [2024-07-09T13:34:41.254+0000] {dag.py:3047} INFO - Sync 1 DAGs
[2024-07-09T13:34:41.273+0000] {logging_mixin.py:188} INFO - [2024-07-09T13:34:41.273+0000] {dag.py:3834} INFO - Setting next_dagrun for example_branch_labels to 2024-07-08 00:00:00+00:00, run_after=2024-07-09 00:00:00+00:00
[2024-07-09T13:34:41.288+0000] {processor.py:183} INFO - Processing /home/airflow/.local/lib/python3.11/site-packages/airflow/example_dags/example_branch_labels.py took 0.066 seconds
[2024-07-09T13:35:11.559+0000] {processor.py:161} INFO - Started process (PID=2174) to work on /home/airflow/.local/lib/python3.11/site-packages/airflow/example_dags/example_branch_labels.py
[2024-07-09T13:35:11.560+0000] {processor.py:830} INFO - Processing file /home/airflow/.local/lib/python3.11/site-packages/airflow/example_dags/example_branch_labels.py for tasks to queue
[2024-07-09T13:35:11.560+0000] {logging_mixin.py:188} INFO - [2024-07-09T13:35:11.560+0000] {dagbag.py:540} INFO - Filling up the DagBag from /home/airflow/.local/lib/python3.11/site-packages/airflow/example_dags/example_branch_labels.py
[2024-07-09T13:35:11.567+0000] {processor.py:840} INFO - DAG(s) 'example_branch_labels' retrieved from /home/airflow/.local/lib/python3.11/site-packages/airflow/example_dags/example_branch_labels.py
[2024-07-09T13:35:11.588+0000] {logging_mixin.py:188} INFO - [2024-07-09T13:35:11.588+0000] {dag.py:3047} INFO - Sync 1 DAGs
[2024-07-09T13:35:11.606+0000] {logging_mixin.py:188} INFO - [2024-07-09T13:35:11.606+0000] {dag.py:3834} INFO - Setting next_dagrun for example_branch_labels to 2024-07-08 00:00:00+00:00, run_after=2024-07-09 00:00:00+00:00
[2024-07-09T13:35:11.622+0000] {processor.py:183} INFO - Processing /home/airflow/.local/lib/python3.11/site-packages/airflow/example_dags/example_branch_labels.py took 0.066 seconds
[2024-07-09T13:35:41.958+0000] {processor.py:161} INFO - Started process (PID=2444) to work on /home/airflow/.local/lib/python3.11/site-packages/airflow/example_dags/example_branch_labels.py
[2024-07-09T13:35:41.959+0000] {processor.py:830} INFO - Processing file /home/airflow/.local/lib/python3.11/site-packages/airflow/example_dags/example_branch_labels.py for tasks to queue
[2024-07-09T13:35:41.960+0000] {logging_mixin.py:188} INFO - [2024-07-09T13:35:41.959+0000] {dagbag.py:540} INFO - Filling up the DagBag from /home/airflow/.local/lib/python3.11/site-packages/airflow/example_dags/example_branch_labels.py
[2024-07-09T13:35:41.966+0000] {processor.py:840} INFO - DAG(s) 'example_branch_labels' retrieved from /home/airflow/.local/lib/python3.11/site-packages/airflow/example_dags/example_branch_labels.py
[2024-07-09T13:35:41.987+0000] {logging_mixin.py:188} INFO - [2024-07-09T13:35:41.987+0000] {dag.py:3047} INFO - Sync 1 DAGs
[2024-07-09T13:35:42.006+0000] {logging_mixin.py:188} INFO - [2024-07-09T13:35:42.006+0000] {dag.py:3834} INFO - Setting next_dagrun for example_branch_labels to 2024-07-08 00:00:00+00:00, run_after=2024-07-09 00:00:00+00:00
[2024-07-09T13:35:42.021+0000] {processor.py:183} INFO - Processing /home/airflow/.local/lib/python3.11/site-packages/airflow/example_dags/example_branch_labels.py took 0.066 seconds
[2024-07-09T13:36:12.401+0000] {processor.py:161} INFO - Started process (PID=2714) to work on /home/airflow/.local/lib/python3.11/site-packages/airflow/example_dags/example_branch_labels.py
[2024-07-09T13:36:12.402+0000] {processor.py:830} INFO - Processing file /home/airflow/.local/lib/python3.11/site-packages/airflow/example_dags/example_branch_labels.py for tasks to queue
[2024-07-09T13:36:12.403+0000] {logging_mixin.py:188} INFO - [2024-07-09T13:36:12.402+0000] {dagbag.py:540} INFO - Filling up the DagBag from /home/airflow/.local/lib/python3.11/site-packages/airflow/example_dags/example_branch_labels.py
[2024-07-09T13:36:12.409+0000] {processor.py:840} INFO - DAG(s) 'example_branch_labels' retrieved from /home/airflow/.local/lib/python3.11/site-packages/airflow/example_dags/example_branch_labels.py
[2024-07-09T13:36:12.431+0000] {logging_mixin.py:188} INFO - [2024-07-09T13:36:12.431+0000] {dag.py:3047} INFO - Sync 1 DAGs
[2024-07-09T13:36:12.451+0000] {logging_mixin.py:188} INFO - [2024-07-09T13:36:12.451+0000] {dag.py:3834} INFO - Setting next_dagrun for example_branch_labels to 2024-07-08 00:00:00+00:00, run_after=2024-07-09 00:00:00+00:00
[2024-07-09T13:36:12.466+0000] {processor.py:183} INFO - Processing /home/airflow/.local/lib/python3.11/site-packages/airflow/example_dags/example_branch_labels.py took 0.068 seconds
[2024-07-09T13:36:42.526+0000] {processor.py:161} INFO - Started process (PID=2971) to work on /home/airflow/.local/lib/python3.11/site-packages/airflow/example_dags/example_branch_labels.py
[2024-07-09T13:36:42.527+0000] {processor.py:830} INFO - Processing file /home/airflow/.local/lib/python3.11/site-packages/airflow/example_dags/example_branch_labels.py for tasks to queue
[2024-07-09T13:36:42.527+0000] {logging_mixin.py:188} INFO - [2024-07-09T13:36:42.527+0000] {dagbag.py:540} INFO - Filling up the DagBag from /home/airflow/.local/lib/python3.11/site-packages/airflow/example_dags/example_branch_labels.py
[2024-07-09T13:36:42.533+0000] {processor.py:840} INFO - DAG(s) 'example_branch_labels' retrieved from /home/airflow/.local/lib/python3.11/site-packages/airflow/example_dags/example_branch_labels.py
[2024-07-09T13:36:42.555+0000] {logging_mixin.py:188} INFO - [2024-07-09T13:36:42.555+0000] {dag.py:3047} INFO - Sync 1 DAGs
[2024-07-09T13:36:42.574+0000] {logging_mixin.py:188} INFO - [2024-07-09T13:36:42.574+0000] {dag.py:3834} INFO - Setting next_dagrun for example_branch_labels to 2024-07-08 00:00:00+00:00, run_after=2024-07-09 00:00:00+00:00
[2024-07-09T13:36:42.589+0000] {processor.py:183} INFO - Processing /home/airflow/.local/lib/python3.11/site-packages/airflow/example_dags/example_branch_labels.py took 0.066 seconds
[2024-07-09T13:37:13.060+0000] {processor.py:161} INFO - Started process (PID=3241) to work on /home/airflow/.local/lib/python3.11/site-packages/airflow/example_dags/example_branch_labels.py
[2024-07-09T13:37:13.061+0000] {processor.py:830} INFO - Processing file /home/airflow/.local/lib/python3.11/site-packages/airflow/example_dags/example_branch_labels.py for tasks to queue
[2024-07-09T13:37:13.062+0000] {logging_mixin.py:188} INFO - [2024-07-09T13:37:13.062+0000] {dagbag.py:540} INFO - Filling up the DagBag from /home/airflow/.local/lib/python3.11/site-packages/airflow/example_dags/example_branch_labels.py
[2024-07-09T13:37:13.069+0000] {processor.py:840} INFO - DAG(s) 'example_branch_labels' retrieved from /home/airflow/.local/lib/python3.11/site-packages/airflow/example_dags/example_branch_labels.py
[2024-07-09T13:37:13.091+0000] {logging_mixin.py:188} INFO - [2024-07-09T13:37:13.091+0000] {dag.py:3047} INFO - Sync 1 DAGs
[2024-07-09T13:37:13.111+0000] {logging_mixin.py:188} INFO - [2024-07-09T13:37:13.111+0000] {dag.py:3834} INFO - Setting next_dagrun for example_branch_labels to 2024-07-08 00:00:00+00:00, run_after=2024-07-09 00:00:00+00:00
[2024-07-09T13:37:13.127+0000] {processor.py:183} INFO - Processing /home/airflow/.local/lib/python3.11/site-packages/airflow/example_dags/example_branch_labels.py took 0.069 seconds
[2024-07-09T13:46:11.350+0000] {processor.py:161} INFO - Started process (PID=284) to work on /home/airflow/.local/lib/python3.11/site-packages/airflow/example_dags/example_branch_labels.py
[2024-07-09T13:46:11.352+0000] {processor.py:830} INFO - Processing file /home/airflow/.local/lib/python3.11/site-packages/airflow/example_dags/example_branch_labels.py for tasks to queue
[2024-07-09T13:46:11.352+0000] {logging_mixin.py:188} INFO - [2024-07-09T13:46:11.352+0000] {dagbag.py:540} INFO - Filling up the DagBag from /home/airflow/.local/lib/python3.11/site-packages/airflow/example_dags/example_branch_labels.py
[2024-07-09T13:46:11.360+0000] {processor.py:840} INFO - DAG(s) 'example_branch_labels' retrieved from /home/airflow/.local/lib/python3.11/site-packages/airflow/example_dags/example_branch_labels.py
[2024-07-09T13:46:11.454+0000] {logging_mixin.py:188} INFO - [2024-07-09T13:46:11.454+0000] {override.py:1769} INFO - Created Permission View: can delete on DAG:example_branch_labels
[2024-07-09T13:46:11.465+0000] {logging_mixin.py:188} INFO - [2024-07-09T13:46:11.465+0000] {override.py:1769} INFO - Created Permission View: can read on DAG:example_branch_labels
[2024-07-09T13:46:11.474+0000] {logging_mixin.py:188} INFO - [2024-07-09T13:46:11.473+0000] {override.py:1769} INFO - Created Permission View: can edit on DAG:example_branch_labels
[2024-07-09T13:46:11.475+0000] {logging_mixin.py:188} INFO - [2024-07-09T13:46:11.475+0000] {dag.py:3047} INFO - Sync 1 DAGs
[2024-07-09T13:46:11.484+0000] {logging_mixin.py:188} INFO - [2024-07-09T13:46:11.483+0000] {dag.py:3069} INFO - Creating ORM DAG for example_branch_labels
[2024-07-09T13:46:11.495+0000] {logging_mixin.py:188} INFO - [2024-07-09T13:46:11.495+0000] {dag.py:3834} INFO - Setting next_dagrun for example_branch_labels to 2024-07-08 00:00:00+00:00, run_after=2024-07-09 00:00:00+00:00
[2024-07-09T13:46:11.510+0000] {processor.py:183} INFO - Processing /home/airflow/.local/lib/python3.11/site-packages/airflow/example_dags/example_branch_labels.py took 0.162 seconds
[2024-07-09T13:46:42.387+0000] {processor.py:161} INFO - Started process (PID=554) to work on /home/airflow/.local/lib/python3.11/site-packages/airflow/example_dags/example_branch_labels.py
[2024-07-09T13:46:42.388+0000] {processor.py:830} INFO - Processing file /home/airflow/.local/lib/python3.11/site-packages/airflow/example_dags/example_branch_labels.py for tasks to queue
[2024-07-09T13:46:42.389+0000] {logging_mixin.py:188} INFO - [2024-07-09T13:46:42.388+0000] {dagbag.py:540} INFO - Filling up the DagBag from /home/airflow/.local/lib/python3.11/site-packages/airflow/example_dags/example_branch_labels.py
[2024-07-09T13:46:42.395+0000] {processor.py:840} INFO - DAG(s) 'example_branch_labels' retrieved from /home/airflow/.local/lib/python3.11/site-packages/airflow/example_dags/example_branch_labels.py
[2024-07-09T13:46:42.417+0000] {logging_mixin.py:188} INFO - [2024-07-09T13:46:42.417+0000] {dag.py:3047} INFO - Sync 1 DAGs
[2024-07-09T13:46:42.435+0000] {logging_mixin.py:188} INFO - [2024-07-09T13:46:42.435+0000] {dag.py:3834} INFO - Setting next_dagrun for example_branch_labels to 2024-07-08 00:00:00+00:00, run_after=2024-07-09 00:00:00+00:00
[2024-07-09T13:46:42.451+0000] {processor.py:183} INFO - Processing /home/airflow/.local/lib/python3.11/site-packages/airflow/example_dags/example_branch_labels.py took 0.066 seconds
[2024-07-09T13:47:13.183+0000] {processor.py:161} INFO - Started process (PID=824) to work on /home/airflow/.local/lib/python3.11/site-packages/airflow/example_dags/example_branch_labels.py
[2024-07-09T13:47:13.184+0000] {processor.py:830} INFO - Processing file /home/airflow/.local/lib/python3.11/site-packages/airflow/example_dags/example_branch_labels.py for tasks to queue
[2024-07-09T13:47:13.184+0000] {logging_mixin.py:188} INFO - [2024-07-09T13:47:13.184+0000] {dagbag.py:540} INFO - Filling up the DagBag from /home/airflow/.local/lib/python3.11/site-packages/airflow/example_dags/example_branch_labels.py
[2024-07-09T13:47:13.190+0000] {processor.py:840} INFO - DAG(s) 'example_branch_labels' retrieved from /home/airflow/.local/lib/python3.11/site-packages/airflow/example_dags/example_branch_labels.py
[2024-07-09T13:47:13.212+0000] {logging_mixin.py:188} INFO - [2024-07-09T13:47:13.212+0000] {dag.py:3047} INFO - Sync 1 DAGs
[2024-07-09T13:47:13.230+0000] {logging_mixin.py:188} INFO - [2024-07-09T13:47:13.229+0000] {dag.py:3834} INFO - Setting next_dagrun for example_branch_labels to 2024-07-08 00:00:00+00:00, run_after=2024-07-09 00:00:00+00:00
[2024-07-09T13:47:13.245+0000] {processor.py:183} INFO - Processing /home/airflow/.local/lib/python3.11/site-packages/airflow/example_dags/example_branch_labels.py took 0.065 seconds
[2024-07-09T13:47:43.432+0000] {processor.py:161} INFO - Started process (PID=1094) to work on /home/airflow/.local/lib/python3.11/site-packages/airflow/example_dags/example_branch_labels.py
[2024-07-09T13:47:43.433+0000] {processor.py:830} INFO - Processing file /home/airflow/.local/lib/python3.11/site-packages/airflow/example_dags/example_branch_labels.py for tasks to queue
[2024-07-09T13:47:43.433+0000] {logging_mixin.py:188} INFO - [2024-07-09T13:47:43.433+0000] {dagbag.py:540} INFO - Filling up the DagBag from /home/airflow/.local/lib/python3.11/site-packages/airflow/example_dags/example_branch_labels.py
[2024-07-09T13:47:43.439+0000] {processor.py:840} INFO - DAG(s) 'example_branch_labels' retrieved from /home/airflow/.local/lib/python3.11/site-packages/airflow/example_dags/example_branch_labels.py
[2024-07-09T13:47:43.461+0000] {logging_mixin.py:188} INFO - [2024-07-09T13:47:43.461+0000] {dag.py:3047} INFO - Sync 1 DAGs
[2024-07-09T13:47:43.582+0000] {logging_mixin.py:188} INFO - [2024-07-09T13:47:43.582+0000] {dag.py:3834} INFO - Setting next_dagrun for example_branch_labels to 2024-07-08 00:00:00+00:00, run_after=2024-07-09 00:00:00+00:00
[2024-07-09T13:47:43.600+0000] {processor.py:183} INFO - Processing /home/airflow/.local/lib/python3.11/site-packages/airflow/example_dags/example_branch_labels.py took 0.171 seconds
[2024-07-09T13:48:13.748+0000] {processor.py:161} INFO - Started process (PID=1364) to work on /home/airflow/.local/lib/python3.11/site-packages/airflow/example_dags/example_branch_labels.py
[2024-07-09T13:48:13.749+0000] {processor.py:830} INFO - Processing file /home/airflow/.local/lib/python3.11/site-packages/airflow/example_dags/example_branch_labels.py for tasks to queue
[2024-07-09T13:48:13.750+0000] {logging_mixin.py:188} INFO - [2024-07-09T13:48:13.750+0000] {dagbag.py:540} INFO - Filling up the DagBag from /home/airflow/.local/lib/python3.11/site-packages/airflow/example_dags/example_branch_labels.py
[2024-07-09T13:48:13.756+0000] {processor.py:840} INFO - DAG(s) 'example_branch_labels' retrieved from /home/airflow/.local/lib/python3.11/site-packages/airflow/example_dags/example_branch_labels.py
[2024-07-09T13:48:13.779+0000] {logging_mixin.py:188} INFO - [2024-07-09T13:48:13.779+0000] {dag.py:3047} INFO - Sync 1 DAGs
[2024-07-09T13:48:13.797+0000] {logging_mixin.py:188} INFO - [2024-07-09T13:48:13.797+0000] {dag.py:3834} INFO - Setting next_dagrun for example_branch_labels to 2024-07-08 00:00:00+00:00, run_after=2024-07-09 00:00:00+00:00
[2024-07-09T13:48:13.813+0000] {processor.py:183} INFO - Processing /home/airflow/.local/lib/python3.11/site-packages/airflow/example_dags/example_branch_labels.py took 0.068 seconds
[2024-07-09T13:48:44.158+0000] {processor.py:161} INFO - Started process (PID=1634) to work on /home/airflow/.local/lib/python3.11/site-packages/airflow/example_dags/example_branch_labels.py
[2024-07-09T13:48:44.159+0000] {processor.py:830} INFO - Processing file /home/airflow/.local/lib/python3.11/site-packages/airflow/example_dags/example_branch_labels.py for tasks to queue
[2024-07-09T13:48:44.159+0000] {logging_mixin.py:188} INFO - [2024-07-09T13:48:44.159+0000] {dagbag.py:540} INFO - Filling up the DagBag from /home/airflow/.local/lib/python3.11/site-packages/airflow/example_dags/example_branch_labels.py
[2024-07-09T13:48:44.165+0000] {processor.py:840} INFO - DAG(s) 'example_branch_labels' retrieved from /home/airflow/.local/lib/python3.11/site-packages/airflow/example_dags/example_branch_labels.py
[2024-07-09T13:48:44.185+0000] {logging_mixin.py:188} INFO - [2024-07-09T13:48:44.185+0000] {dag.py:3047} INFO - Sync 1 DAGs
[2024-07-09T13:48:44.203+0000] {logging_mixin.py:188} INFO - [2024-07-09T13:48:44.203+0000] {dag.py:3834} INFO - Setting next_dagrun for example_branch_labels to 2024-07-08 00:00:00+00:00, run_after=2024-07-09 00:00:00+00:00
[2024-07-09T13:48:44.217+0000] {processor.py:183} INFO - Processing /home/airflow/.local/lib/python3.11/site-packages/airflow/example_dags/example_branch_labels.py took 0.062 seconds
[2024-07-09T13:49:14.668+0000] {processor.py:161} INFO - Started process (PID=1904) to work on /home/airflow/.local/lib/python3.11/site-packages/airflow/example_dags/example_branch_labels.py
[2024-07-09T13:49:14.670+0000] {processor.py:830} INFO - Processing file /home/airflow/.local/lib/python3.11/site-packages/airflow/example_dags/example_branch_labels.py for tasks to queue
[2024-07-09T13:49:14.670+0000] {logging_mixin.py:188} INFO - [2024-07-09T13:49:14.670+0000] {dagbag.py:540} INFO - Filling up the DagBag from /home/airflow/.local/lib/python3.11/site-packages/airflow/example_dags/example_branch_labels.py
[2024-07-09T13:49:14.676+0000] {processor.py:840} INFO - DAG(s) 'example_branch_labels' retrieved from /home/airflow/.local/lib/python3.11/site-packages/airflow/example_dags/example_branch_labels.py
[2024-07-09T13:49:14.697+0000] {logging_mixin.py:188} INFO - [2024-07-09T13:49:14.697+0000] {dag.py:3047} INFO - Sync 1 DAGs
[2024-07-09T13:49:14.715+0000] {logging_mixin.py:188} INFO - [2024-07-09T13:49:14.715+0000] {dag.py:3834} INFO - Setting next_dagrun for example_branch_labels to 2024-07-08 00:00:00+00:00, run_after=2024-07-09 00:00:00+00:00
[2024-07-09T13:49:14.732+0000] {processor.py:183} INFO - Processing /home/airflow/.local/lib/python3.11/site-packages/airflow/example_dags/example_branch_labels.py took 0.066 seconds
[2024-07-09T13:49:45.594+0000] {processor.py:161} INFO - Started process (PID=2174) to work on /home/airflow/.local/lib/python3.11/site-packages/airflow/example_dags/example_branch_labels.py
[2024-07-09T13:49:45.595+0000] {processor.py:830} INFO - Processing file /home/airflow/.local/lib/python3.11/site-packages/airflow/example_dags/example_branch_labels.py for tasks to queue
[2024-07-09T13:49:45.596+0000] {logging_mixin.py:188} INFO - [2024-07-09T13:49:45.595+0000] {dagbag.py:540} INFO - Filling up the DagBag from /home/airflow/.local/lib/python3.11/site-packages/airflow/example_dags/example_branch_labels.py
[2024-07-09T13:49:45.605+0000] {processor.py:840} INFO - DAG(s) 'example_branch_labels' retrieved from /home/airflow/.local/lib/python3.11/site-packages/airflow/example_dags/example_branch_labels.py
[2024-07-09T13:49:45.629+0000] {logging_mixin.py:188} INFO - [2024-07-09T13:49:45.629+0000] {dag.py:3047} INFO - Sync 1 DAGs
[2024-07-09T13:49:45.651+0000] {logging_mixin.py:188} INFO - [2024-07-09T13:49:45.651+0000] {dag.py:3834} INFO - Setting next_dagrun for example_branch_labels to 2024-07-08 00:00:00+00:00, run_after=2024-07-09 00:00:00+00:00
[2024-07-09T13:49:45.666+0000] {processor.py:183} INFO - Processing /home/airflow/.local/lib/python3.11/site-packages/airflow/example_dags/example_branch_labels.py took 0.075 seconds
[2024-07-09T13:50:16.213+0000] {processor.py:161} INFO - Started process (PID=2444) to work on /home/airflow/.local/lib/python3.11/site-packages/airflow/example_dags/example_branch_labels.py
[2024-07-09T13:50:16.214+0000] {processor.py:830} INFO - Processing file /home/airflow/.local/lib/python3.11/site-packages/airflow/example_dags/example_branch_labels.py for tasks to queue
[2024-07-09T13:50:16.214+0000] {logging_mixin.py:188} INFO - [2024-07-09T13:50:16.214+0000] {dagbag.py:540} INFO - Filling up the DagBag from /home/airflow/.local/lib/python3.11/site-packages/airflow/example_dags/example_branch_labels.py
[2024-07-09T13:50:16.220+0000] {processor.py:840} INFO - DAG(s) 'example_branch_labels' retrieved from /home/airflow/.local/lib/python3.11/site-packages/airflow/example_dags/example_branch_labels.py
[2024-07-09T13:50:16.242+0000] {logging_mixin.py:188} INFO - [2024-07-09T13:50:16.241+0000] {dag.py:3047} INFO - Sync 1 DAGs
[2024-07-09T13:50:16.260+0000] {logging_mixin.py:188} INFO - [2024-07-09T13:50:16.259+0000] {dag.py:3834} INFO - Setting next_dagrun for example_branch_labels to 2024-07-08 00:00:00+00:00, run_after=2024-07-09 00:00:00+00:00
[2024-07-09T13:50:16.276+0000] {processor.py:183} INFO - Processing /home/airflow/.local/lib/python3.11/site-packages/airflow/example_dags/example_branch_labels.py took 0.066 seconds
[2024-07-09T13:50:46.639+0000] {processor.py:161} INFO - Started process (PID=2714) to work on /home/airflow/.local/lib/python3.11/site-packages/airflow/example_dags/example_branch_labels.py
[2024-07-09T13:50:46.641+0000] {processor.py:830} INFO - Processing file /home/airflow/.local/lib/python3.11/site-packages/airflow/example_dags/example_branch_labels.py for tasks to queue
[2024-07-09T13:50:46.641+0000] {logging_mixin.py:188} INFO - [2024-07-09T13:50:46.641+0000] {dagbag.py:540} INFO - Filling up the DagBag from /home/airflow/.local/lib/python3.11/site-packages/airflow/example_dags/example_branch_labels.py
[2024-07-09T13:50:46.648+0000] {processor.py:840} INFO - DAG(s) 'example_branch_labels' retrieved from /home/airflow/.local/lib/python3.11/site-packages/airflow/example_dags/example_branch_labels.py
[2024-07-09T13:50:46.671+0000] {logging_mixin.py:188} INFO - [2024-07-09T13:50:46.670+0000] {dag.py:3047} INFO - Sync 1 DAGs
[2024-07-09T13:50:46.689+0000] {logging_mixin.py:188} INFO - [2024-07-09T13:50:46.688+0000] {dag.py:3834} INFO - Setting next_dagrun for example_branch_labels to 2024-07-08 00:00:00+00:00, run_after=2024-07-09 00:00:00+00:00
[2024-07-09T13:50:46.707+0000] {processor.py:183} INFO - Processing /home/airflow/.local/lib/python3.11/site-packages/airflow/example_dags/example_branch_labels.py took 0.070 seconds
[2024-07-09T13:51:16.889+0000] {processor.py:161} INFO - Started process (PID=2972) to work on /home/airflow/.local/lib/python3.11/site-packages/airflow/example_dags/example_branch_labels.py
[2024-07-09T13:51:16.890+0000] {processor.py:830} INFO - Processing file /home/airflow/.local/lib/python3.11/site-packages/airflow/example_dags/example_branch_labels.py for tasks to queue
[2024-07-09T13:51:16.891+0000] {logging_mixin.py:188} INFO - [2024-07-09T13:51:16.890+0000] {dagbag.py:540} INFO - Filling up the DagBag from /home/airflow/.local/lib/python3.11/site-packages/airflow/example_dags/example_branch_labels.py
[2024-07-09T13:51:16.897+0000] {processor.py:840} INFO - DAG(s) 'example_branch_labels' retrieved from /home/airflow/.local/lib/python3.11/site-packages/airflow/example_dags/example_branch_labels.py
[2024-07-09T13:51:16.922+0000] {logging_mixin.py:188} INFO - [2024-07-09T13:51:16.922+0000] {dag.py:3047} INFO - Sync 1 DAGs
[2024-07-09T13:51:16.945+0000] {logging_mixin.py:188} INFO - [2024-07-09T13:51:16.945+0000] {dag.py:3834} INFO - Setting next_dagrun for example_branch_labels to 2024-07-08 00:00:00+00:00, run_after=2024-07-09 00:00:00+00:00
[2024-07-09T13:51:16.961+0000] {processor.py:183} INFO - Processing /home/airflow/.local/lib/python3.11/site-packages/airflow/example_dags/example_branch_labels.py took 0.075 seconds
