[2024-07-09T13:18:49.914+0000] {processor.py:161} INFO - Started process (PID=329) to work on /home/airflow/.local/lib/python3.11/site-packages/airflow/example_dags/example_branch_operator_decorator.py
[2024-07-09T13:18:49.915+0000] {processor.py:830} INFO - Processing file /home/airflow/.local/lib/python3.11/site-packages/airflow/example_dags/example_branch_operator_decorator.py for tasks to queue
[2024-07-09T13:18:49.916+0000] {logging_mixin.py:188} INFO - [2024-07-09T13:18:49.915+0000] {dagbag.py:540} INFO - Filling up the DagBag from /home/airflow/.local/lib/python3.11/site-packages/airflow/example_dags/example_branch_operator_decorator.py
[2024-07-09T13:18:49.918+0000] {processor.py:842} WARNING - No viable dags retrieved from /home/airflow/.local/lib/python3.11/site-packages/airflow/example_dags/example_branch_operator_decorator.py
[2024-07-09T13:18:49.934+0000] {processor.py:183} INFO - Processing /home/airflow/.local/lib/python3.11/site-packages/airflow/example_dags/example_branch_operator_decorator.py took 0.022 seconds
[2024-07-09T13:19:20.356+0000] {processor.py:161} INFO - Started process (PID=599) to work on /home/airflow/.local/lib/python3.11/site-packages/airflow/example_dags/example_branch_operator_decorator.py
[2024-07-09T13:19:20.357+0000] {processor.py:830} INFO - Processing file /home/airflow/.local/lib/python3.11/site-packages/airflow/example_dags/example_branch_operator_decorator.py for tasks to queue
[2024-07-09T13:19:20.358+0000] {logging_mixin.py:188} INFO - [2024-07-09T13:19:20.357+0000] {dagbag.py:540} INFO - Filling up the DagBag from /home/airflow/.local/lib/python3.11/site-packages/airflow/example_dags/example_branch_operator_decorator.py
[2024-07-09T13:19:20.360+0000] {processor.py:842} WARNING - No viable dags retrieved from /home/airflow/.local/lib/python3.11/site-packages/airflow/example_dags/example_branch_operator_decorator.py
[2024-07-09T13:19:20.373+0000] {processor.py:183} INFO - Processing /home/airflow/.local/lib/python3.11/site-packages/airflow/example_dags/example_branch_operator_decorator.py took 0.020 seconds
[2024-07-09T13:19:51.257+0000] {processor.py:161} INFO - Started process (PID=869) to work on /home/airflow/.local/lib/python3.11/site-packages/airflow/example_dags/example_branch_operator_decorator.py
[2024-07-09T13:19:51.258+0000] {processor.py:830} INFO - Processing file /home/airflow/.local/lib/python3.11/site-packages/airflow/example_dags/example_branch_operator_decorator.py for tasks to queue
[2024-07-09T13:19:51.259+0000] {logging_mixin.py:188} INFO - [2024-07-09T13:19:51.259+0000] {dagbag.py:540} INFO - Filling up the DagBag from /home/airflow/.local/lib/python3.11/site-packages/airflow/example_dags/example_branch_operator_decorator.py
[2024-07-09T13:19:51.261+0000] {processor.py:842} WARNING - No viable dags retrieved from /home/airflow/.local/lib/python3.11/site-packages/airflow/example_dags/example_branch_operator_decorator.py
[2024-07-09T13:19:51.276+0000] {processor.py:183} INFO - Processing /home/airflow/.local/lib/python3.11/site-packages/airflow/example_dags/example_branch_operator_decorator.py took 0.021 seconds
[2024-07-09T13:20:22.963+0000] {processor.py:161} INFO - Started process (PID=1139) to work on /home/airflow/.local/lib/python3.11/site-packages/airflow/example_dags/example_branch_operator_decorator.py
[2024-07-09T13:20:22.964+0000] {processor.py:830} INFO - Processing file /home/airflow/.local/lib/python3.11/site-packages/airflow/example_dags/example_branch_operator_decorator.py for tasks to queue
[2024-07-09T13:20:22.965+0000] {logging_mixin.py:188} INFO - [2024-07-09T13:20:22.965+0000] {dagbag.py:540} INFO - Filling up the DagBag from /home/airflow/.local/lib/python3.11/site-packages/airflow/example_dags/example_branch_operator_decorator.py
[2024-07-09T13:20:22.967+0000] {processor.py:842} WARNING - No viable dags retrieved from /home/airflow/.local/lib/python3.11/site-packages/airflow/example_dags/example_branch_operator_decorator.py
[2024-07-09T13:20:22.985+0000] {processor.py:183} INFO - Processing /home/airflow/.local/lib/python3.11/site-packages/airflow/example_dags/example_branch_operator_decorator.py took 0.024 seconds
[2024-07-09T13:20:53.709+0000] {processor.py:161} INFO - Started process (PID=1409) to work on /home/airflow/.local/lib/python3.11/site-packages/airflow/example_dags/example_branch_operator_decorator.py
[2024-07-09T13:20:53.710+0000] {processor.py:830} INFO - Processing file /home/airflow/.local/lib/python3.11/site-packages/airflow/example_dags/example_branch_operator_decorator.py for tasks to queue
[2024-07-09T13:20:53.711+0000] {logging_mixin.py:188} INFO - [2024-07-09T13:20:53.711+0000] {dagbag.py:540} INFO - Filling up the DagBag from /home/airflow/.local/lib/python3.11/site-packages/airflow/example_dags/example_branch_operator_decorator.py
[2024-07-09T13:20:53.713+0000] {processor.py:842} WARNING - No viable dags retrieved from /home/airflow/.local/lib/python3.11/site-packages/airflow/example_dags/example_branch_operator_decorator.py
[2024-07-09T13:20:53.730+0000] {processor.py:183} INFO - Processing /home/airflow/.local/lib/python3.11/site-packages/airflow/example_dags/example_branch_operator_decorator.py took 0.025 seconds
[2024-07-09T13:21:24.576+0000] {processor.py:161} INFO - Started process (PID=1679) to work on /home/airflow/.local/lib/python3.11/site-packages/airflow/example_dags/example_branch_operator_decorator.py
[2024-07-09T13:21:24.577+0000] {processor.py:830} INFO - Processing file /home/airflow/.local/lib/python3.11/site-packages/airflow/example_dags/example_branch_operator_decorator.py for tasks to queue
[2024-07-09T13:21:24.577+0000] {logging_mixin.py:188} INFO - [2024-07-09T13:21:24.577+0000] {dagbag.py:540} INFO - Filling up the DagBag from /home/airflow/.local/lib/python3.11/site-packages/airflow/example_dags/example_branch_operator_decorator.py
[2024-07-09T13:21:24.579+0000] {processor.py:842} WARNING - No viable dags retrieved from /home/airflow/.local/lib/python3.11/site-packages/airflow/example_dags/example_branch_operator_decorator.py
[2024-07-09T13:21:24.594+0000] {processor.py:183} INFO - Processing /home/airflow/.local/lib/python3.11/site-packages/airflow/example_dags/example_branch_operator_decorator.py took 0.021 seconds
[2024-07-09T13:21:55.270+0000] {processor.py:161} INFO - Started process (PID=1949) to work on /home/airflow/.local/lib/python3.11/site-packages/airflow/example_dags/example_branch_operator_decorator.py
[2024-07-09T13:21:55.271+0000] {processor.py:830} INFO - Processing file /home/airflow/.local/lib/python3.11/site-packages/airflow/example_dags/example_branch_operator_decorator.py for tasks to queue
[2024-07-09T13:21:55.272+0000] {logging_mixin.py:188} INFO - [2024-07-09T13:21:55.272+0000] {dagbag.py:540} INFO - Filling up the DagBag from /home/airflow/.local/lib/python3.11/site-packages/airflow/example_dags/example_branch_operator_decorator.py
[2024-07-09T13:21:55.274+0000] {processor.py:842} WARNING - No viable dags retrieved from /home/airflow/.local/lib/python3.11/site-packages/airflow/example_dags/example_branch_operator_decorator.py
[2024-07-09T13:21:55.289+0000] {processor.py:183} INFO - Processing /home/airflow/.local/lib/python3.11/site-packages/airflow/example_dags/example_branch_operator_decorator.py took 0.021 seconds
[2024-07-09T13:22:25.988+0000] {processor.py:161} INFO - Started process (PID=2219) to work on /home/airflow/.local/lib/python3.11/site-packages/airflow/example_dags/example_branch_operator_decorator.py
[2024-07-09T13:22:25.989+0000] {processor.py:830} INFO - Processing file /home/airflow/.local/lib/python3.11/site-packages/airflow/example_dags/example_branch_operator_decorator.py for tasks to queue
[2024-07-09T13:22:25.989+0000] {logging_mixin.py:188} INFO - [2024-07-09T13:22:25.989+0000] {dagbag.py:540} INFO - Filling up the DagBag from /home/airflow/.local/lib/python3.11/site-packages/airflow/example_dags/example_branch_operator_decorator.py
[2024-07-09T13:22:25.991+0000] {processor.py:842} WARNING - No viable dags retrieved from /home/airflow/.local/lib/python3.11/site-packages/airflow/example_dags/example_branch_operator_decorator.py
[2024-07-09T13:22:26.006+0000] {processor.py:183} INFO - Processing /home/airflow/.local/lib/python3.11/site-packages/airflow/example_dags/example_branch_operator_decorator.py took 0.021 seconds
[2024-07-09T13:22:56.741+0000] {processor.py:161} INFO - Started process (PID=2489) to work on /home/airflow/.local/lib/python3.11/site-packages/airflow/example_dags/example_branch_operator_decorator.py
[2024-07-09T13:22:56.742+0000] {processor.py:830} INFO - Processing file /home/airflow/.local/lib/python3.11/site-packages/airflow/example_dags/example_branch_operator_decorator.py for tasks to queue
[2024-07-09T13:22:56.743+0000] {logging_mixin.py:188} INFO - [2024-07-09T13:22:56.743+0000] {dagbag.py:540} INFO - Filling up the DagBag from /home/airflow/.local/lib/python3.11/site-packages/airflow/example_dags/example_branch_operator_decorator.py
[2024-07-09T13:22:56.745+0000] {processor.py:842} WARNING - No viable dags retrieved from /home/airflow/.local/lib/python3.11/site-packages/airflow/example_dags/example_branch_operator_decorator.py
[2024-07-09T13:22:56.760+0000] {processor.py:183} INFO - Processing /home/airflow/.local/lib/python3.11/site-packages/airflow/example_dags/example_branch_operator_decorator.py took 0.021 seconds
[2024-07-09T13:23:27.487+0000] {processor.py:161} INFO - Started process (PID=2759) to work on /home/airflow/.local/lib/python3.11/site-packages/airflow/example_dags/example_branch_operator_decorator.py
[2024-07-09T13:23:27.488+0000] {processor.py:830} INFO - Processing file /home/airflow/.local/lib/python3.11/site-packages/airflow/example_dags/example_branch_operator_decorator.py for tasks to queue
[2024-07-09T13:23:27.489+0000] {logging_mixin.py:188} INFO - [2024-07-09T13:23:27.489+0000] {dagbag.py:540} INFO - Filling up the DagBag from /home/airflow/.local/lib/python3.11/site-packages/airflow/example_dags/example_branch_operator_decorator.py
[2024-07-09T13:23:27.491+0000] {processor.py:842} WARNING - No viable dags retrieved from /home/airflow/.local/lib/python3.11/site-packages/airflow/example_dags/example_branch_operator_decorator.py
[2024-07-09T13:23:27.507+0000] {processor.py:183} INFO - Processing /home/airflow/.local/lib/python3.11/site-packages/airflow/example_dags/example_branch_operator_decorator.py took 0.023 seconds
[2024-07-09T13:23:58.257+0000] {processor.py:161} INFO - Started process (PID=3029) to work on /home/airflow/.local/lib/python3.11/site-packages/airflow/example_dags/example_branch_operator_decorator.py
[2024-07-09T13:23:58.258+0000] {processor.py:830} INFO - Processing file /home/airflow/.local/lib/python3.11/site-packages/airflow/example_dags/example_branch_operator_decorator.py for tasks to queue
[2024-07-09T13:23:58.258+0000] {logging_mixin.py:188} INFO - [2024-07-09T13:23:58.258+0000] {dagbag.py:540} INFO - Filling up the DagBag from /home/airflow/.local/lib/python3.11/site-packages/airflow/example_dags/example_branch_operator_decorator.py
[2024-07-09T13:23:58.260+0000] {processor.py:842} WARNING - No viable dags retrieved from /home/airflow/.local/lib/python3.11/site-packages/airflow/example_dags/example_branch_operator_decorator.py
[2024-07-09T13:23:58.275+0000] {processor.py:183} INFO - Processing /home/airflow/.local/lib/python3.11/site-packages/airflow/example_dags/example_branch_operator_decorator.py took 0.021 seconds
[2024-07-09T13:24:28.905+0000] {processor.py:161} INFO - Started process (PID=3299) to work on /home/airflow/.local/lib/python3.11/site-packages/airflow/example_dags/example_branch_operator_decorator.py
[2024-07-09T13:24:28.906+0000] {processor.py:830} INFO - Processing file /home/airflow/.local/lib/python3.11/site-packages/airflow/example_dags/example_branch_operator_decorator.py for tasks to queue
[2024-07-09T13:24:28.907+0000] {logging_mixin.py:188} INFO - [2024-07-09T13:24:28.907+0000] {dagbag.py:540} INFO - Filling up the DagBag from /home/airflow/.local/lib/python3.11/site-packages/airflow/example_dags/example_branch_operator_decorator.py
[2024-07-09T13:24:28.909+0000] {processor.py:842} WARNING - No viable dags retrieved from /home/airflow/.local/lib/python3.11/site-packages/airflow/example_dags/example_branch_operator_decorator.py
[2024-07-09T13:24:28.923+0000] {processor.py:183} INFO - Processing /home/airflow/.local/lib/python3.11/site-packages/airflow/example_dags/example_branch_operator_decorator.py took 0.020 seconds
[2024-07-09T13:24:59.650+0000] {processor.py:161} INFO - Started process (PID=3569) to work on /home/airflow/.local/lib/python3.11/site-packages/airflow/example_dags/example_branch_operator_decorator.py
[2024-07-09T13:24:59.651+0000] {processor.py:830} INFO - Processing file /home/airflow/.local/lib/python3.11/site-packages/airflow/example_dags/example_branch_operator_decorator.py for tasks to queue
[2024-07-09T13:24:59.652+0000] {logging_mixin.py:188} INFO - [2024-07-09T13:24:59.652+0000] {dagbag.py:540} INFO - Filling up the DagBag from /home/airflow/.local/lib/python3.11/site-packages/airflow/example_dags/example_branch_operator_decorator.py
[2024-07-09T13:24:59.654+0000] {processor.py:842} WARNING - No viable dags retrieved from /home/airflow/.local/lib/python3.11/site-packages/airflow/example_dags/example_branch_operator_decorator.py
[2024-07-09T13:24:59.669+0000] {processor.py:183} INFO - Processing /home/airflow/.local/lib/python3.11/site-packages/airflow/example_dags/example_branch_operator_decorator.py took 0.021 seconds
[2024-07-09T13:26:10.817+0000] {processor.py:161} INFO - Started process (PID=330) to work on /home/airflow/.local/lib/python3.11/site-packages/airflow/example_dags/example_branch_operator_decorator.py
[2024-07-09T13:26:10.818+0000] {processor.py:830} INFO - Processing file /home/airflow/.local/lib/python3.11/site-packages/airflow/example_dags/example_branch_operator_decorator.py for tasks to queue
[2024-07-09T13:26:10.818+0000] {logging_mixin.py:188} INFO - [2024-07-09T13:26:10.818+0000] {dagbag.py:540} INFO - Filling up the DagBag from /home/airflow/.local/lib/python3.11/site-packages/airflow/example_dags/example_branch_operator_decorator.py
[2024-07-09T13:26:10.821+0000] {processor.py:842} WARNING - No viable dags retrieved from /home/airflow/.local/lib/python3.11/site-packages/airflow/example_dags/example_branch_operator_decorator.py
[2024-07-09T13:26:10.836+0000] {processor.py:183} INFO - Processing /home/airflow/.local/lib/python3.11/site-packages/airflow/example_dags/example_branch_operator_decorator.py took 0.022 seconds
[2024-07-09T13:26:41.461+0000] {processor.py:161} INFO - Started process (PID=600) to work on /home/airflow/.local/lib/python3.11/site-packages/airflow/example_dags/example_branch_operator_decorator.py
[2024-07-09T13:26:41.462+0000] {processor.py:830} INFO - Processing file /home/airflow/.local/lib/python3.11/site-packages/airflow/example_dags/example_branch_operator_decorator.py for tasks to queue
[2024-07-09T13:26:41.463+0000] {logging_mixin.py:188} INFO - [2024-07-09T13:26:41.463+0000] {dagbag.py:540} INFO - Filling up the DagBag from /home/airflow/.local/lib/python3.11/site-packages/airflow/example_dags/example_branch_operator_decorator.py
[2024-07-09T13:26:41.465+0000] {processor.py:842} WARNING - No viable dags retrieved from /home/airflow/.local/lib/python3.11/site-packages/airflow/example_dags/example_branch_operator_decorator.py
[2024-07-09T13:26:41.481+0000] {processor.py:183} INFO - Processing /home/airflow/.local/lib/python3.11/site-packages/airflow/example_dags/example_branch_operator_decorator.py took 0.022 seconds
[2024-07-09T13:27:11.892+0000] {processor.py:161} INFO - Started process (PID=870) to work on /home/airflow/.local/lib/python3.11/site-packages/airflow/example_dags/example_branch_operator_decorator.py
[2024-07-09T13:27:11.893+0000] {processor.py:830} INFO - Processing file /home/airflow/.local/lib/python3.11/site-packages/airflow/example_dags/example_branch_operator_decorator.py for tasks to queue
[2024-07-09T13:27:11.894+0000] {logging_mixin.py:188} INFO - [2024-07-09T13:27:11.893+0000] {dagbag.py:540} INFO - Filling up the DagBag from /home/airflow/.local/lib/python3.11/site-packages/airflow/example_dags/example_branch_operator_decorator.py
[2024-07-09T13:27:11.896+0000] {processor.py:842} WARNING - No viable dags retrieved from /home/airflow/.local/lib/python3.11/site-packages/airflow/example_dags/example_branch_operator_decorator.py
[2024-07-09T13:27:11.910+0000] {processor.py:183} INFO - Processing /home/airflow/.local/lib/python3.11/site-packages/airflow/example_dags/example_branch_operator_decorator.py took 0.020 seconds
[2024-07-09T13:27:42.634+0000] {processor.py:161} INFO - Started process (PID=1140) to work on /home/airflow/.local/lib/python3.11/site-packages/airflow/example_dags/example_branch_operator_decorator.py
[2024-07-09T13:27:42.635+0000] {processor.py:830} INFO - Processing file /home/airflow/.local/lib/python3.11/site-packages/airflow/example_dags/example_branch_operator_decorator.py for tasks to queue
[2024-07-09T13:27:42.636+0000] {logging_mixin.py:188} INFO - [2024-07-09T13:27:42.635+0000] {dagbag.py:540} INFO - Filling up the DagBag from /home/airflow/.local/lib/python3.11/site-packages/airflow/example_dags/example_branch_operator_decorator.py
[2024-07-09T13:27:42.638+0000] {processor.py:842} WARNING - No viable dags retrieved from /home/airflow/.local/lib/python3.11/site-packages/airflow/example_dags/example_branch_operator_decorator.py
[2024-07-09T13:27:42.653+0000] {processor.py:183} INFO - Processing /home/airflow/.local/lib/python3.11/site-packages/airflow/example_dags/example_branch_operator_decorator.py took 0.022 seconds
[2024-07-09T13:28:13.608+0000] {processor.py:161} INFO - Started process (PID=1410) to work on /home/airflow/.local/lib/python3.11/site-packages/airflow/example_dags/example_branch_operator_decorator.py
[2024-07-09T13:28:13.609+0000] {processor.py:830} INFO - Processing file /home/airflow/.local/lib/python3.11/site-packages/airflow/example_dags/example_branch_operator_decorator.py for tasks to queue
[2024-07-09T13:28:13.610+0000] {logging_mixin.py:188} INFO - [2024-07-09T13:28:13.610+0000] {dagbag.py:540} INFO - Filling up the DagBag from /home/airflow/.local/lib/python3.11/site-packages/airflow/example_dags/example_branch_operator_decorator.py
[2024-07-09T13:28:13.612+0000] {processor.py:842} WARNING - No viable dags retrieved from /home/airflow/.local/lib/python3.11/site-packages/airflow/example_dags/example_branch_operator_decorator.py
[2024-07-09T13:28:13.627+0000] {processor.py:183} INFO - Processing /home/airflow/.local/lib/python3.11/site-packages/airflow/example_dags/example_branch_operator_decorator.py took 0.022 seconds
[2024-07-09T13:28:44.102+0000] {processor.py:161} INFO - Started process (PID=1680) to work on /home/airflow/.local/lib/python3.11/site-packages/airflow/example_dags/example_branch_operator_decorator.py
[2024-07-09T13:28:44.103+0000] {processor.py:830} INFO - Processing file /home/airflow/.local/lib/python3.11/site-packages/airflow/example_dags/example_branch_operator_decorator.py for tasks to queue
[2024-07-09T13:28:44.104+0000] {logging_mixin.py:188} INFO - [2024-07-09T13:28:44.104+0000] {dagbag.py:540} INFO - Filling up the DagBag from /home/airflow/.local/lib/python3.11/site-packages/airflow/example_dags/example_branch_operator_decorator.py
[2024-07-09T13:28:44.106+0000] {processor.py:842} WARNING - No viable dags retrieved from /home/airflow/.local/lib/python3.11/site-packages/airflow/example_dags/example_branch_operator_decorator.py
[2024-07-09T13:28:44.121+0000] {processor.py:183} INFO - Processing /home/airflow/.local/lib/python3.11/site-packages/airflow/example_dags/example_branch_operator_decorator.py took 0.021 seconds
[2024-07-09T13:29:14.447+0000] {processor.py:161} INFO - Started process (PID=1950) to work on /home/airflow/.local/lib/python3.11/site-packages/airflow/example_dags/example_branch_operator_decorator.py
[2024-07-09T13:29:14.448+0000] {processor.py:830} INFO - Processing file /home/airflow/.local/lib/python3.11/site-packages/airflow/example_dags/example_branch_operator_decorator.py for tasks to queue
[2024-07-09T13:29:14.449+0000] {logging_mixin.py:188} INFO - [2024-07-09T13:29:14.449+0000] {dagbag.py:540} INFO - Filling up the DagBag from /home/airflow/.local/lib/python3.11/site-packages/airflow/example_dags/example_branch_operator_decorator.py
[2024-07-09T13:29:14.451+0000] {processor.py:842} WARNING - No viable dags retrieved from /home/airflow/.local/lib/python3.11/site-packages/airflow/example_dags/example_branch_operator_decorator.py
[2024-07-09T13:29:14.466+0000] {processor.py:183} INFO - Processing /home/airflow/.local/lib/python3.11/site-packages/airflow/example_dags/example_branch_operator_decorator.py took 0.021 seconds
[2024-07-09T13:29:44.839+0000] {processor.py:161} INFO - Started process (PID=2220) to work on /home/airflow/.local/lib/python3.11/site-packages/airflow/example_dags/example_branch_operator_decorator.py
[2024-07-09T13:29:44.840+0000] {processor.py:830} INFO - Processing file /home/airflow/.local/lib/python3.11/site-packages/airflow/example_dags/example_branch_operator_decorator.py for tasks to queue
[2024-07-09T13:29:44.841+0000] {logging_mixin.py:188} INFO - [2024-07-09T13:29:44.841+0000] {dagbag.py:540} INFO - Filling up the DagBag from /home/airflow/.local/lib/python3.11/site-packages/airflow/example_dags/example_branch_operator_decorator.py
[2024-07-09T13:29:44.843+0000] {processor.py:842} WARNING - No viable dags retrieved from /home/airflow/.local/lib/python3.11/site-packages/airflow/example_dags/example_branch_operator_decorator.py
[2024-07-09T13:29:44.858+0000] {processor.py:183} INFO - Processing /home/airflow/.local/lib/python3.11/site-packages/airflow/example_dags/example_branch_operator_decorator.py took 0.021 seconds
[2024-07-09T13:31:39.062+0000] {processor.py:161} INFO - Started process (PID=329) to work on /home/airflow/.local/lib/python3.11/site-packages/airflow/example_dags/example_branch_operator_decorator.py
[2024-07-09T13:31:39.063+0000] {processor.py:830} INFO - Processing file /home/airflow/.local/lib/python3.11/site-packages/airflow/example_dags/example_branch_operator_decorator.py for tasks to queue
[2024-07-09T13:31:39.063+0000] {logging_mixin.py:188} INFO - [2024-07-09T13:31:39.063+0000] {dagbag.py:540} INFO - Filling up the DagBag from /home/airflow/.local/lib/python3.11/site-packages/airflow/example_dags/example_branch_operator_decorator.py
[2024-07-09T13:31:39.066+0000] {processor.py:842} WARNING - No viable dags retrieved from /home/airflow/.local/lib/python3.11/site-packages/airflow/example_dags/example_branch_operator_decorator.py
[2024-07-09T13:31:39.082+0000] {processor.py:183} INFO - Processing /home/airflow/.local/lib/python3.11/site-packages/airflow/example_dags/example_branch_operator_decorator.py took 0.022 seconds
[2024-07-09T13:32:10.085+0000] {processor.py:161} INFO - Started process (PID=599) to work on /home/airflow/.local/lib/python3.11/site-packages/airflow/example_dags/example_branch_operator_decorator.py
[2024-07-09T13:32:10.086+0000] {processor.py:830} INFO - Processing file /home/airflow/.local/lib/python3.11/site-packages/airflow/example_dags/example_branch_operator_decorator.py for tasks to queue
[2024-07-09T13:32:10.087+0000] {logging_mixin.py:188} INFO - [2024-07-09T13:32:10.087+0000] {dagbag.py:540} INFO - Filling up the DagBag from /home/airflow/.local/lib/python3.11/site-packages/airflow/example_dags/example_branch_operator_decorator.py
[2024-07-09T13:32:10.089+0000] {processor.py:842} WARNING - No viable dags retrieved from /home/airflow/.local/lib/python3.11/site-packages/airflow/example_dags/example_branch_operator_decorator.py
[2024-07-09T13:32:10.106+0000] {processor.py:183} INFO - Processing /home/airflow/.local/lib/python3.11/site-packages/airflow/example_dags/example_branch_operator_decorator.py took 0.023 seconds
[2024-07-09T13:32:40.489+0000] {processor.py:161} INFO - Started process (PID=869) to work on /home/airflow/.local/lib/python3.11/site-packages/airflow/example_dags/example_branch_operator_decorator.py
[2024-07-09T13:32:40.490+0000] {processor.py:830} INFO - Processing file /home/airflow/.local/lib/python3.11/site-packages/airflow/example_dags/example_branch_operator_decorator.py for tasks to queue
[2024-07-09T13:32:40.491+0000] {logging_mixin.py:188} INFO - [2024-07-09T13:32:40.490+0000] {dagbag.py:540} INFO - Filling up the DagBag from /home/airflow/.local/lib/python3.11/site-packages/airflow/example_dags/example_branch_operator_decorator.py
[2024-07-09T13:32:40.493+0000] {processor.py:842} WARNING - No viable dags retrieved from /home/airflow/.local/lib/python3.11/site-packages/airflow/example_dags/example_branch_operator_decorator.py
[2024-07-09T13:32:40.509+0000] {processor.py:183} INFO - Processing /home/airflow/.local/lib/python3.11/site-packages/airflow/example_dags/example_branch_operator_decorator.py took 0.022 seconds
[2024-07-09T13:33:11.206+0000] {processor.py:161} INFO - Started process (PID=1141) to work on /home/airflow/.local/lib/python3.11/site-packages/airflow/example_dags/example_branch_operator_decorator.py
[2024-07-09T13:33:11.207+0000] {processor.py:830} INFO - Processing file /home/airflow/.local/lib/python3.11/site-packages/airflow/example_dags/example_branch_operator_decorator.py for tasks to queue
[2024-07-09T13:33:11.208+0000] {logging_mixin.py:188} INFO - [2024-07-09T13:33:11.208+0000] {dagbag.py:540} INFO - Filling up the DagBag from /home/airflow/.local/lib/python3.11/site-packages/airflow/example_dags/example_branch_operator_decorator.py
[2024-07-09T13:33:11.210+0000] {processor.py:842} WARNING - No viable dags retrieved from /home/airflow/.local/lib/python3.11/site-packages/airflow/example_dags/example_branch_operator_decorator.py
[2024-07-09T13:33:11.226+0000] {processor.py:183} INFO - Processing /home/airflow/.local/lib/python3.11/site-packages/airflow/example_dags/example_branch_operator_decorator.py took 0.022 seconds
[2024-07-09T13:33:41.993+0000] {processor.py:161} INFO - Started process (PID=1409) to work on /home/airflow/.local/lib/python3.11/site-packages/airflow/example_dags/example_branch_operator_decorator.py
[2024-07-09T13:33:41.994+0000] {processor.py:830} INFO - Processing file /home/airflow/.local/lib/python3.11/site-packages/airflow/example_dags/example_branch_operator_decorator.py for tasks to queue
[2024-07-09T13:33:41.994+0000] {logging_mixin.py:188} INFO - [2024-07-09T13:33:41.994+0000] {dagbag.py:540} INFO - Filling up the DagBag from /home/airflow/.local/lib/python3.11/site-packages/airflow/example_dags/example_branch_operator_decorator.py
[2024-07-09T13:33:41.997+0000] {processor.py:842} WARNING - No viable dags retrieved from /home/airflow/.local/lib/python3.11/site-packages/airflow/example_dags/example_branch_operator_decorator.py
[2024-07-09T13:33:42.012+0000] {processor.py:183} INFO - Processing /home/airflow/.local/lib/python3.11/site-packages/airflow/example_dags/example_branch_operator_decorator.py took 0.022 seconds
[2024-07-09T13:34:12.405+0000] {processor.py:161} INFO - Started process (PID=1679) to work on /home/airflow/.local/lib/python3.11/site-packages/airflow/example_dags/example_branch_operator_decorator.py
[2024-07-09T13:34:12.406+0000] {processor.py:830} INFO - Processing file /home/airflow/.local/lib/python3.11/site-packages/airflow/example_dags/example_branch_operator_decorator.py for tasks to queue
[2024-07-09T13:34:12.407+0000] {logging_mixin.py:188} INFO - [2024-07-09T13:34:12.406+0000] {dagbag.py:540} INFO - Filling up the DagBag from /home/airflow/.local/lib/python3.11/site-packages/airflow/example_dags/example_branch_operator_decorator.py
[2024-07-09T13:34:12.409+0000] {processor.py:842} WARNING - No viable dags retrieved from /home/airflow/.local/lib/python3.11/site-packages/airflow/example_dags/example_branch_operator_decorator.py
[2024-07-09T13:34:12.424+0000] {processor.py:183} INFO - Processing /home/airflow/.local/lib/python3.11/site-packages/airflow/example_dags/example_branch_operator_decorator.py took 0.022 seconds
[2024-07-09T13:34:42.608+0000] {processor.py:161} INFO - Started process (PID=1949) to work on /home/airflow/.local/lib/python3.11/site-packages/airflow/example_dags/example_branch_operator_decorator.py
[2024-07-09T13:34:42.609+0000] {processor.py:830} INFO - Processing file /home/airflow/.local/lib/python3.11/site-packages/airflow/example_dags/example_branch_operator_decorator.py for tasks to queue
[2024-07-09T13:34:42.609+0000] {logging_mixin.py:188} INFO - [2024-07-09T13:34:42.609+0000] {dagbag.py:540} INFO - Filling up the DagBag from /home/airflow/.local/lib/python3.11/site-packages/airflow/example_dags/example_branch_operator_decorator.py
[2024-07-09T13:34:42.611+0000] {processor.py:842} WARNING - No viable dags retrieved from /home/airflow/.local/lib/python3.11/site-packages/airflow/example_dags/example_branch_operator_decorator.py
[2024-07-09T13:34:42.625+0000] {processor.py:183} INFO - Processing /home/airflow/.local/lib/python3.11/site-packages/airflow/example_dags/example_branch_operator_decorator.py took 0.020 seconds
[2024-07-09T13:35:12.925+0000] {processor.py:161} INFO - Started process (PID=2219) to work on /home/airflow/.local/lib/python3.11/site-packages/airflow/example_dags/example_branch_operator_decorator.py
[2024-07-09T13:35:12.926+0000] {processor.py:830} INFO - Processing file /home/airflow/.local/lib/python3.11/site-packages/airflow/example_dags/example_branch_operator_decorator.py for tasks to queue
[2024-07-09T13:35:12.927+0000] {logging_mixin.py:188} INFO - [2024-07-09T13:35:12.927+0000] {dagbag.py:540} INFO - Filling up the DagBag from /home/airflow/.local/lib/python3.11/site-packages/airflow/example_dags/example_branch_operator_decorator.py
[2024-07-09T13:35:12.929+0000] {processor.py:842} WARNING - No viable dags retrieved from /home/airflow/.local/lib/python3.11/site-packages/airflow/example_dags/example_branch_operator_decorator.py
[2024-07-09T13:35:12.944+0000] {processor.py:183} INFO - Processing /home/airflow/.local/lib/python3.11/site-packages/airflow/example_dags/example_branch_operator_decorator.py took 0.021 seconds
[2024-07-09T13:35:43.314+0000] {processor.py:161} INFO - Started process (PID=2489) to work on /home/airflow/.local/lib/python3.11/site-packages/airflow/example_dags/example_branch_operator_decorator.py
[2024-07-09T13:35:43.316+0000] {processor.py:830} INFO - Processing file /home/airflow/.local/lib/python3.11/site-packages/airflow/example_dags/example_branch_operator_decorator.py for tasks to queue
[2024-07-09T13:35:43.316+0000] {logging_mixin.py:188} INFO - [2024-07-09T13:35:43.316+0000] {dagbag.py:540} INFO - Filling up the DagBag from /home/airflow/.local/lib/python3.11/site-packages/airflow/example_dags/example_branch_operator_decorator.py
[2024-07-09T13:35:43.318+0000] {processor.py:842} WARNING - No viable dags retrieved from /home/airflow/.local/lib/python3.11/site-packages/airflow/example_dags/example_branch_operator_decorator.py
[2024-07-09T13:35:43.333+0000] {processor.py:183} INFO - Processing /home/airflow/.local/lib/python3.11/site-packages/airflow/example_dags/example_branch_operator_decorator.py took 0.021 seconds
[2024-07-09T13:36:13.777+0000] {processor.py:161} INFO - Started process (PID=2759) to work on /home/airflow/.local/lib/python3.11/site-packages/airflow/example_dags/example_branch_operator_decorator.py
[2024-07-09T13:36:13.778+0000] {processor.py:830} INFO - Processing file /home/airflow/.local/lib/python3.11/site-packages/airflow/example_dags/example_branch_operator_decorator.py for tasks to queue
[2024-07-09T13:36:13.779+0000] {logging_mixin.py:188} INFO - [2024-07-09T13:36:13.778+0000] {dagbag.py:540} INFO - Filling up the DagBag from /home/airflow/.local/lib/python3.11/site-packages/airflow/example_dags/example_branch_operator_decorator.py
[2024-07-09T13:36:13.781+0000] {processor.py:842} WARNING - No viable dags retrieved from /home/airflow/.local/lib/python3.11/site-packages/airflow/example_dags/example_branch_operator_decorator.py
[2024-07-09T13:36:13.796+0000] {processor.py:183} INFO - Processing /home/airflow/.local/lib/python3.11/site-packages/airflow/example_dags/example_branch_operator_decorator.py took 0.022 seconds
[2024-07-09T13:36:44.074+0000] {processor.py:161} INFO - Started process (PID=3029) to work on /home/airflow/.local/lib/python3.11/site-packages/airflow/example_dags/example_branch_operator_decorator.py
[2024-07-09T13:36:44.075+0000] {processor.py:830} INFO - Processing file /home/airflow/.local/lib/python3.11/site-packages/airflow/example_dags/example_branch_operator_decorator.py for tasks to queue
[2024-07-09T13:36:44.075+0000] {logging_mixin.py:188} INFO - [2024-07-09T13:36:44.075+0000] {dagbag.py:540} INFO - Filling up the DagBag from /home/airflow/.local/lib/python3.11/site-packages/airflow/example_dags/example_branch_operator_decorator.py
[2024-07-09T13:36:44.077+0000] {processor.py:842} WARNING - No viable dags retrieved from /home/airflow/.local/lib/python3.11/site-packages/airflow/example_dags/example_branch_operator_decorator.py
[2024-07-09T13:36:44.091+0000] {processor.py:183} INFO - Processing /home/airflow/.local/lib/python3.11/site-packages/airflow/example_dags/example_branch_operator_decorator.py took 0.020 seconds
[2024-07-09T13:37:14.687+0000] {processor.py:161} INFO - Started process (PID=3299) to work on /home/airflow/.local/lib/python3.11/site-packages/airflow/example_dags/example_branch_operator_decorator.py
[2024-07-09T13:37:14.688+0000] {processor.py:830} INFO - Processing file /home/airflow/.local/lib/python3.11/site-packages/airflow/example_dags/example_branch_operator_decorator.py for tasks to queue
[2024-07-09T13:37:14.688+0000] {logging_mixin.py:188} INFO - [2024-07-09T13:37:14.688+0000] {dagbag.py:540} INFO - Filling up the DagBag from /home/airflow/.local/lib/python3.11/site-packages/airflow/example_dags/example_branch_operator_decorator.py
[2024-07-09T13:37:14.691+0000] {processor.py:842} WARNING - No viable dags retrieved from /home/airflow/.local/lib/python3.11/site-packages/airflow/example_dags/example_branch_operator_decorator.py
[2024-07-09T13:37:14.706+0000] {processor.py:183} INFO - Processing /home/airflow/.local/lib/python3.11/site-packages/airflow/example_dags/example_branch_operator_decorator.py took 0.022 seconds
[2024-07-09T13:46:12.204+0000] {processor.py:161} INFO - Started process (PID=329) to work on /home/airflow/.local/lib/python3.11/site-packages/airflow/example_dags/example_branch_operator_decorator.py
[2024-07-09T13:46:12.205+0000] {processor.py:830} INFO - Processing file /home/airflow/.local/lib/python3.11/site-packages/airflow/example_dags/example_branch_operator_decorator.py for tasks to queue
[2024-07-09T13:46:12.206+0000] {logging_mixin.py:188} INFO - [2024-07-09T13:46:12.205+0000] {dagbag.py:540} INFO - Filling up the DagBag from /home/airflow/.local/lib/python3.11/site-packages/airflow/example_dags/example_branch_operator_decorator.py
[2024-07-09T13:46:12.209+0000] {processor.py:842} WARNING - No viable dags retrieved from /home/airflow/.local/lib/python3.11/site-packages/airflow/example_dags/example_branch_operator_decorator.py
[2024-07-09T13:46:12.223+0000] {processor.py:183} INFO - Processing /home/airflow/.local/lib/python3.11/site-packages/airflow/example_dags/example_branch_operator_decorator.py took 0.021 seconds
[2024-07-09T13:46:42.805+0000] {processor.py:161} INFO - Started process (PID=599) to work on /home/airflow/.local/lib/python3.11/site-packages/airflow/example_dags/example_branch_operator_decorator.py
[2024-07-09T13:46:42.806+0000] {processor.py:830} INFO - Processing file /home/airflow/.local/lib/python3.11/site-packages/airflow/example_dags/example_branch_operator_decorator.py for tasks to queue
[2024-07-09T13:46:42.807+0000] {logging_mixin.py:188} INFO - [2024-07-09T13:46:42.806+0000] {dagbag.py:540} INFO - Filling up the DagBag from /home/airflow/.local/lib/python3.11/site-packages/airflow/example_dags/example_branch_operator_decorator.py
[2024-07-09T13:46:42.809+0000] {processor.py:842} WARNING - No viable dags retrieved from /home/airflow/.local/lib/python3.11/site-packages/airflow/example_dags/example_branch_operator_decorator.py
[2024-07-09T13:46:42.823+0000] {processor.py:183} INFO - Processing /home/airflow/.local/lib/python3.11/site-packages/airflow/example_dags/example_branch_operator_decorator.py took 0.021 seconds
[2024-07-09T13:47:13.591+0000] {processor.py:161} INFO - Started process (PID=869) to work on /home/airflow/.local/lib/python3.11/site-packages/airflow/example_dags/example_branch_operator_decorator.py
[2024-07-09T13:47:13.592+0000] {processor.py:830} INFO - Processing file /home/airflow/.local/lib/python3.11/site-packages/airflow/example_dags/example_branch_operator_decorator.py for tasks to queue
[2024-07-09T13:47:13.593+0000] {logging_mixin.py:188} INFO - [2024-07-09T13:47:13.593+0000] {dagbag.py:540} INFO - Filling up the DagBag from /home/airflow/.local/lib/python3.11/site-packages/airflow/example_dags/example_branch_operator_decorator.py
[2024-07-09T13:47:13.595+0000] {processor.py:842} WARNING - No viable dags retrieved from /home/airflow/.local/lib/python3.11/site-packages/airflow/example_dags/example_branch_operator_decorator.py
[2024-07-09T13:47:13.610+0000] {processor.py:183} INFO - Processing /home/airflow/.local/lib/python3.11/site-packages/airflow/example_dags/example_branch_operator_decorator.py took 0.021 seconds
[2024-07-09T13:47:44.575+0000] {processor.py:161} INFO - Started process (PID=1139) to work on /home/airflow/.local/lib/python3.11/site-packages/airflow/example_dags/example_branch_operator_decorator.py
[2024-07-09T13:47:44.576+0000] {processor.py:830} INFO - Processing file /home/airflow/.local/lib/python3.11/site-packages/airflow/example_dags/example_branch_operator_decorator.py for tasks to queue
[2024-07-09T13:47:44.577+0000] {logging_mixin.py:188} INFO - [2024-07-09T13:47:44.576+0000] {dagbag.py:540} INFO - Filling up the DagBag from /home/airflow/.local/lib/python3.11/site-packages/airflow/example_dags/example_branch_operator_decorator.py
[2024-07-09T13:47:44.579+0000] {processor.py:842} WARNING - No viable dags retrieved from /home/airflow/.local/lib/python3.11/site-packages/airflow/example_dags/example_branch_operator_decorator.py
[2024-07-09T13:47:44.595+0000] {processor.py:183} INFO - Processing /home/airflow/.local/lib/python3.11/site-packages/airflow/example_dags/example_branch_operator_decorator.py took 0.022 seconds
[2024-07-09T13:48:15.184+0000] {processor.py:161} INFO - Started process (PID=1409) to work on /home/airflow/.local/lib/python3.11/site-packages/airflow/example_dags/example_branch_operator_decorator.py
[2024-07-09T13:48:15.185+0000] {processor.py:830} INFO - Processing file /home/airflow/.local/lib/python3.11/site-packages/airflow/example_dags/example_branch_operator_decorator.py for tasks to queue
[2024-07-09T13:48:15.185+0000] {logging_mixin.py:188} INFO - [2024-07-09T13:48:15.185+0000] {dagbag.py:540} INFO - Filling up the DagBag from /home/airflow/.local/lib/python3.11/site-packages/airflow/example_dags/example_branch_operator_decorator.py
[2024-07-09T13:48:15.187+0000] {processor.py:842} WARNING - No viable dags retrieved from /home/airflow/.local/lib/python3.11/site-packages/airflow/example_dags/example_branch_operator_decorator.py
[2024-07-09T13:48:15.202+0000] {processor.py:183} INFO - Processing /home/airflow/.local/lib/python3.11/site-packages/airflow/example_dags/example_branch_operator_decorator.py took 0.021 seconds
[2024-07-09T13:48:45.601+0000] {processor.py:161} INFO - Started process (PID=1681) to work on /home/airflow/.local/lib/python3.11/site-packages/airflow/example_dags/example_branch_operator_decorator.py
[2024-07-09T13:48:45.602+0000] {processor.py:830} INFO - Processing file /home/airflow/.local/lib/python3.11/site-packages/airflow/example_dags/example_branch_operator_decorator.py for tasks to queue
[2024-07-09T13:48:45.602+0000] {logging_mixin.py:188} INFO - [2024-07-09T13:48:45.602+0000] {dagbag.py:540} INFO - Filling up the DagBag from /home/airflow/.local/lib/python3.11/site-packages/airflow/example_dags/example_branch_operator_decorator.py
[2024-07-09T13:48:45.604+0000] {processor.py:842} WARNING - No viable dags retrieved from /home/airflow/.local/lib/python3.11/site-packages/airflow/example_dags/example_branch_operator_decorator.py
[2024-07-09T13:48:45.619+0000] {processor.py:183} INFO - Processing /home/airflow/.local/lib/python3.11/site-packages/airflow/example_dags/example_branch_operator_decorator.py took 0.021 seconds
[2024-07-09T13:49:16.130+0000] {processor.py:161} INFO - Started process (PID=1951) to work on /home/airflow/.local/lib/python3.11/site-packages/airflow/example_dags/example_branch_operator_decorator.py
[2024-07-09T13:49:16.131+0000] {processor.py:830} INFO - Processing file /home/airflow/.local/lib/python3.11/site-packages/airflow/example_dags/example_branch_operator_decorator.py for tasks to queue
[2024-07-09T13:49:16.131+0000] {logging_mixin.py:188} INFO - [2024-07-09T13:49:16.131+0000] {dagbag.py:540} INFO - Filling up the DagBag from /home/airflow/.local/lib/python3.11/site-packages/airflow/example_dags/example_branch_operator_decorator.py
[2024-07-09T13:49:16.133+0000] {processor.py:842} WARNING - No viable dags retrieved from /home/airflow/.local/lib/python3.11/site-packages/airflow/example_dags/example_branch_operator_decorator.py
[2024-07-09T13:49:16.148+0000] {processor.py:183} INFO - Processing /home/airflow/.local/lib/python3.11/site-packages/airflow/example_dags/example_branch_operator_decorator.py took 0.021 seconds
[2024-07-09T13:49:47.137+0000] {processor.py:161} INFO - Started process (PID=2219) to work on /home/airflow/.local/lib/python3.11/site-packages/airflow/example_dags/example_branch_operator_decorator.py
[2024-07-09T13:49:47.138+0000] {processor.py:830} INFO - Processing file /home/airflow/.local/lib/python3.11/site-packages/airflow/example_dags/example_branch_operator_decorator.py for tasks to queue
[2024-07-09T13:49:47.139+0000] {logging_mixin.py:188} INFO - [2024-07-09T13:49:47.139+0000] {dagbag.py:540} INFO - Filling up the DagBag from /home/airflow/.local/lib/python3.11/site-packages/airflow/example_dags/example_branch_operator_decorator.py
[2024-07-09T13:49:47.141+0000] {processor.py:842} WARNING - No viable dags retrieved from /home/airflow/.local/lib/python3.11/site-packages/airflow/example_dags/example_branch_operator_decorator.py
[2024-07-09T13:49:47.158+0000] {processor.py:183} INFO - Processing /home/airflow/.local/lib/python3.11/site-packages/airflow/example_dags/example_branch_operator_decorator.py took 0.025 seconds
[2024-07-09T13:50:17.654+0000] {processor.py:161} INFO - Started process (PID=2491) to work on /home/airflow/.local/lib/python3.11/site-packages/airflow/example_dags/example_branch_operator_decorator.py
[2024-07-09T13:50:17.655+0000] {processor.py:830} INFO - Processing file /home/airflow/.local/lib/python3.11/site-packages/airflow/example_dags/example_branch_operator_decorator.py for tasks to queue
[2024-07-09T13:50:17.656+0000] {logging_mixin.py:188} INFO - [2024-07-09T13:50:17.655+0000] {dagbag.py:540} INFO - Filling up the DagBag from /home/airflow/.local/lib/python3.11/site-packages/airflow/example_dags/example_branch_operator_decorator.py
[2024-07-09T13:50:17.657+0000] {processor.py:842} WARNING - No viable dags retrieved from /home/airflow/.local/lib/python3.11/site-packages/airflow/example_dags/example_branch_operator_decorator.py
[2024-07-09T13:50:17.672+0000] {processor.py:183} INFO - Processing /home/airflow/.local/lib/python3.11/site-packages/airflow/example_dags/example_branch_operator_decorator.py took 0.021 seconds
[2024-07-09T13:50:48.074+0000] {processor.py:161} INFO - Started process (PID=2761) to work on /home/airflow/.local/lib/python3.11/site-packages/airflow/example_dags/example_branch_operator_decorator.py
[2024-07-09T13:50:48.075+0000] {processor.py:830} INFO - Processing file /home/airflow/.local/lib/python3.11/site-packages/airflow/example_dags/example_branch_operator_decorator.py for tasks to queue
[2024-07-09T13:50:48.076+0000] {logging_mixin.py:188} INFO - [2024-07-09T13:50:48.075+0000] {dagbag.py:540} INFO - Filling up the DagBag from /home/airflow/.local/lib/python3.11/site-packages/airflow/example_dags/example_branch_operator_decorator.py
[2024-07-09T13:50:48.078+0000] {processor.py:842} WARNING - No viable dags retrieved from /home/airflow/.local/lib/python3.11/site-packages/airflow/example_dags/example_branch_operator_decorator.py
[2024-07-09T13:50:48.092+0000] {processor.py:183} INFO - Processing /home/airflow/.local/lib/python3.11/site-packages/airflow/example_dags/example_branch_operator_decorator.py took 0.020 seconds
[2024-07-09T13:51:18.420+0000] {processor.py:161} INFO - Started process (PID=3029) to work on /home/airflow/.local/lib/python3.11/site-packages/airflow/example_dags/example_branch_operator_decorator.py
[2024-07-09T13:51:18.421+0000] {processor.py:830} INFO - Processing file /home/airflow/.local/lib/python3.11/site-packages/airflow/example_dags/example_branch_operator_decorator.py for tasks to queue
[2024-07-09T13:51:18.422+0000] {logging_mixin.py:188} INFO - [2024-07-09T13:51:18.421+0000] {dagbag.py:540} INFO - Filling up the DagBag from /home/airflow/.local/lib/python3.11/site-packages/airflow/example_dags/example_branch_operator_decorator.py
[2024-07-09T13:51:18.424+0000] {processor.py:842} WARNING - No viable dags retrieved from /home/airflow/.local/lib/python3.11/site-packages/airflow/example_dags/example_branch_operator_decorator.py
[2024-07-09T13:51:18.440+0000] {processor.py:183} INFO - Processing /home/airflow/.local/lib/python3.11/site-packages/airflow/example_dags/example_branch_operator_decorator.py took 0.022 seconds
