[2024-07-09T13:18:50.378+0000] {processor.py:161} INFO - Started process (PID=359) to work on /home/airflow/.local/lib/python3.11/site-packages/airflow/example_dags/example_trigger_target_dag.py
[2024-07-09T13:18:50.378+0000] {processor.py:830} INFO - Processing file /home/airflow/.local/lib/python3.11/site-packages/airflow/example_dags/example_trigger_target_dag.py for tasks to queue
[2024-07-09T13:18:50.379+0000] {logging_mixin.py:188} INFO - [2024-07-09T13:18:50.379+0000] {dagbag.py:540} INFO - Filling up the DagBag from /home/airflow/.local/lib/python3.11/site-packages/airflow/example_dags/example_trigger_target_dag.py
[2024-07-09T13:18:50.383+0000] {processor.py:840} INFO - DAG(s) 'example_trigger_target_dag' retrieved from /home/airflow/.local/lib/python3.11/site-packages/airflow/example_dags/example_trigger_target_dag.py
[2024-07-09T13:18:50.470+0000] {logging_mixin.py:188} INFO - [2024-07-09T13:18:50.469+0000] {override.py:1769} INFO - Created Permission View: can delete on DAG:example_trigger_target_dag
[2024-07-09T13:18:50.479+0000] {logging_mixin.py:188} INFO - [2024-07-09T13:18:50.479+0000] {override.py:1769} INFO - Created Permission View: can read on DAG:example_trigger_target_dag
[2024-07-09T13:18:50.485+0000] {logging_mixin.py:188} INFO - [2024-07-09T13:18:50.485+0000] {override.py:1769} INFO - Created Permission View: can edit on DAG:example_trigger_target_dag
[2024-07-09T13:18:50.486+0000] {logging_mixin.py:188} INFO - [2024-07-09T13:18:50.485+0000] {dag.py:3047} INFO - Sync 1 DAGs
[2024-07-09T13:18:50.495+0000] {logging_mixin.py:188} INFO - [2024-07-09T13:18:50.495+0000] {dag.py:3069} INFO - Creating ORM DAG for example_trigger_target_dag
[2024-07-09T13:18:50.496+0000] {logging_mixin.py:188} INFO - [2024-07-09T13:18:50.495+0000] {dag.py:3834} INFO - Setting next_dagrun for example_trigger_target_dag to None, run_after=None
[2024-07-09T13:18:50.511+0000] {processor.py:183} INFO - Processing /home/airflow/.local/lib/python3.11/site-packages/airflow/example_dags/example_trigger_target_dag.py took 0.136 seconds
[2024-07-09T13:19:20.581+0000] {processor.py:161} INFO - Started process (PID=629) to work on /home/airflow/.local/lib/python3.11/site-packages/airflow/example_dags/example_trigger_target_dag.py
[2024-07-09T13:19:20.583+0000] {processor.py:830} INFO - Processing file /home/airflow/.local/lib/python3.11/site-packages/airflow/example_dags/example_trigger_target_dag.py for tasks to queue
[2024-07-09T13:19:20.584+0000] {logging_mixin.py:188} INFO - [2024-07-09T13:19:20.584+0000] {dagbag.py:540} INFO - Filling up the DagBag from /home/airflow/.local/lib/python3.11/site-packages/airflow/example_dags/example_trigger_target_dag.py
[2024-07-09T13:19:20.588+0000] {processor.py:840} INFO - DAG(s) 'example_trigger_target_dag' retrieved from /home/airflow/.local/lib/python3.11/site-packages/airflow/example_dags/example_trigger_target_dag.py
[2024-07-09T13:19:20.607+0000] {logging_mixin.py:188} INFO - [2024-07-09T13:19:20.607+0000] {dag.py:3047} INFO - Sync 1 DAGs
[2024-07-09T13:19:20.617+0000] {logging_mixin.py:188} INFO - [2024-07-09T13:19:20.617+0000] {dag.py:3834} INFO - Setting next_dagrun for example_trigger_target_dag to None, run_after=None
[2024-07-09T13:19:20.632+0000] {processor.py:183} INFO - Processing /home/airflow/.local/lib/python3.11/site-packages/airflow/example_dags/example_trigger_target_dag.py took 0.053 seconds
[2024-07-09T13:19:51.479+0000] {processor.py:161} INFO - Started process (PID=899) to work on /home/airflow/.local/lib/python3.11/site-packages/airflow/example_dags/example_trigger_target_dag.py
[2024-07-09T13:19:51.480+0000] {processor.py:830} INFO - Processing file /home/airflow/.local/lib/python3.11/site-packages/airflow/example_dags/example_trigger_target_dag.py for tasks to queue
[2024-07-09T13:19:51.480+0000] {logging_mixin.py:188} INFO - [2024-07-09T13:19:51.480+0000] {dagbag.py:540} INFO - Filling up the DagBag from /home/airflow/.local/lib/python3.11/site-packages/airflow/example_dags/example_trigger_target_dag.py
[2024-07-09T13:19:51.485+0000] {processor.py:840} INFO - DAG(s) 'example_trigger_target_dag' retrieved from /home/airflow/.local/lib/python3.11/site-packages/airflow/example_dags/example_trigger_target_dag.py
[2024-07-09T13:19:51.504+0000] {logging_mixin.py:188} INFO - [2024-07-09T13:19:51.504+0000] {dag.py:3047} INFO - Sync 1 DAGs
[2024-07-09T13:19:51.514+0000] {logging_mixin.py:188} INFO - [2024-07-09T13:19:51.514+0000] {dag.py:3834} INFO - Setting next_dagrun for example_trigger_target_dag to None, run_after=None
[2024-07-09T13:19:51.530+0000] {processor.py:183} INFO - Processing /home/airflow/.local/lib/python3.11/site-packages/airflow/example_dags/example_trigger_target_dag.py took 0.054 seconds
[2024-07-09T13:20:23.470+0000] {processor.py:161} INFO - Started process (PID=1169) to work on /home/airflow/.local/lib/python3.11/site-packages/airflow/example_dags/example_trigger_target_dag.py
[2024-07-09T13:20:23.471+0000] {processor.py:830} INFO - Processing file /home/airflow/.local/lib/python3.11/site-packages/airflow/example_dags/example_trigger_target_dag.py for tasks to queue
[2024-07-09T13:20:23.472+0000] {logging_mixin.py:188} INFO - [2024-07-09T13:20:23.472+0000] {dagbag.py:540} INFO - Filling up the DagBag from /home/airflow/.local/lib/python3.11/site-packages/airflow/example_dags/example_trigger_target_dag.py
[2024-07-09T13:20:23.477+0000] {processor.py:840} INFO - DAG(s) 'example_trigger_target_dag' retrieved from /home/airflow/.local/lib/python3.11/site-packages/airflow/example_dags/example_trigger_target_dag.py
[2024-07-09T13:20:23.611+0000] {logging_mixin.py:188} INFO - [2024-07-09T13:20:23.610+0000] {dag.py:3047} INFO - Sync 1 DAGs
[2024-07-09T13:20:23.643+0000] {logging_mixin.py:188} INFO - [2024-07-09T13:20:23.643+0000] {dag.py:3834} INFO - Setting next_dagrun for example_trigger_target_dag to None, run_after=None
[2024-07-09T13:20:23.659+0000] {processor.py:183} INFO - Processing /home/airflow/.local/lib/python3.11/site-packages/airflow/example_dags/example_trigger_target_dag.py took 0.191 seconds
[2024-07-09T13:20:53.989+0000] {processor.py:161} INFO - Started process (PID=1439) to work on /home/airflow/.local/lib/python3.11/site-packages/airflow/example_dags/example_trigger_target_dag.py
[2024-07-09T13:20:53.992+0000] {processor.py:830} INFO - Processing file /home/airflow/.local/lib/python3.11/site-packages/airflow/example_dags/example_trigger_target_dag.py for tasks to queue
[2024-07-09T13:20:53.993+0000] {logging_mixin.py:188} INFO - [2024-07-09T13:20:53.992+0000] {dagbag.py:540} INFO - Filling up the DagBag from /home/airflow/.local/lib/python3.11/site-packages/airflow/example_dags/example_trigger_target_dag.py
[2024-07-09T13:20:53.998+0000] {processor.py:840} INFO - DAG(s) 'example_trigger_target_dag' retrieved from /home/airflow/.local/lib/python3.11/site-packages/airflow/example_dags/example_trigger_target_dag.py
[2024-07-09T13:20:54.020+0000] {logging_mixin.py:188} INFO - [2024-07-09T13:20:54.020+0000] {dag.py:3047} INFO - Sync 1 DAGs
[2024-07-09T13:20:54.031+0000] {logging_mixin.py:188} INFO - [2024-07-09T13:20:54.031+0000] {dag.py:3834} INFO - Setting next_dagrun for example_trigger_target_dag to None, run_after=None
[2024-07-09T13:20:54.048+0000] {processor.py:183} INFO - Processing /home/airflow/.local/lib/python3.11/site-packages/airflow/example_dags/example_trigger_target_dag.py took 0.061 seconds
[2024-07-09T13:21:24.825+0000] {processor.py:161} INFO - Started process (PID=1709) to work on /home/airflow/.local/lib/python3.11/site-packages/airflow/example_dags/example_trigger_target_dag.py
[2024-07-09T13:21:24.827+0000] {processor.py:830} INFO - Processing file /home/airflow/.local/lib/python3.11/site-packages/airflow/example_dags/example_trigger_target_dag.py for tasks to queue
[2024-07-09T13:21:24.829+0000] {logging_mixin.py:188} INFO - [2024-07-09T13:21:24.828+0000] {dagbag.py:540} INFO - Filling up the DagBag from /home/airflow/.local/lib/python3.11/site-packages/airflow/example_dags/example_trigger_target_dag.py
[2024-07-09T13:21:24.833+0000] {processor.py:840} INFO - DAG(s) 'example_trigger_target_dag' retrieved from /home/airflow/.local/lib/python3.11/site-packages/airflow/example_dags/example_trigger_target_dag.py
[2024-07-09T13:21:24.857+0000] {logging_mixin.py:188} INFO - [2024-07-09T13:21:24.857+0000] {dag.py:3047} INFO - Sync 1 DAGs
[2024-07-09T13:21:24.869+0000] {logging_mixin.py:188} INFO - [2024-07-09T13:21:24.868+0000] {dag.py:3834} INFO - Setting next_dagrun for example_trigger_target_dag to None, run_after=None
[2024-07-09T13:21:24.887+0000] {processor.py:183} INFO - Processing /home/airflow/.local/lib/python3.11/site-packages/airflow/example_dags/example_trigger_target_dag.py took 0.065 seconds
[2024-07-09T13:21:55.503+0000] {processor.py:161} INFO - Started process (PID=1979) to work on /home/airflow/.local/lib/python3.11/site-packages/airflow/example_dags/example_trigger_target_dag.py
[2024-07-09T13:21:55.504+0000] {processor.py:830} INFO - Processing file /home/airflow/.local/lib/python3.11/site-packages/airflow/example_dags/example_trigger_target_dag.py for tasks to queue
[2024-07-09T13:21:55.505+0000] {logging_mixin.py:188} INFO - [2024-07-09T13:21:55.504+0000] {dagbag.py:540} INFO - Filling up the DagBag from /home/airflow/.local/lib/python3.11/site-packages/airflow/example_dags/example_trigger_target_dag.py
[2024-07-09T13:21:55.509+0000] {processor.py:840} INFO - DAG(s) 'example_trigger_target_dag' retrieved from /home/airflow/.local/lib/python3.11/site-packages/airflow/example_dags/example_trigger_target_dag.py
[2024-07-09T13:21:55.529+0000] {logging_mixin.py:188} INFO - [2024-07-09T13:21:55.529+0000] {dag.py:3047} INFO - Sync 1 DAGs
[2024-07-09T13:21:55.540+0000] {logging_mixin.py:188} INFO - [2024-07-09T13:21:55.539+0000] {dag.py:3834} INFO - Setting next_dagrun for example_trigger_target_dag to None, run_after=None
[2024-07-09T13:21:55.556+0000] {processor.py:183} INFO - Processing /home/airflow/.local/lib/python3.11/site-packages/airflow/example_dags/example_trigger_target_dag.py took 0.056 seconds
[2024-07-09T13:22:26.219+0000] {processor.py:161} INFO - Started process (PID=2249) to work on /home/airflow/.local/lib/python3.11/site-packages/airflow/example_dags/example_trigger_target_dag.py
[2024-07-09T13:22:26.220+0000] {processor.py:830} INFO - Processing file /home/airflow/.local/lib/python3.11/site-packages/airflow/example_dags/example_trigger_target_dag.py for tasks to queue
[2024-07-09T13:22:26.221+0000] {logging_mixin.py:188} INFO - [2024-07-09T13:22:26.220+0000] {dagbag.py:540} INFO - Filling up the DagBag from /home/airflow/.local/lib/python3.11/site-packages/airflow/example_dags/example_trigger_target_dag.py
[2024-07-09T13:22:26.225+0000] {processor.py:840} INFO - DAG(s) 'example_trigger_target_dag' retrieved from /home/airflow/.local/lib/python3.11/site-packages/airflow/example_dags/example_trigger_target_dag.py
[2024-07-09T13:22:26.245+0000] {logging_mixin.py:188} INFO - [2024-07-09T13:22:26.245+0000] {dag.py:3047} INFO - Sync 1 DAGs
[2024-07-09T13:22:26.255+0000] {logging_mixin.py:188} INFO - [2024-07-09T13:22:26.255+0000] {dag.py:3834} INFO - Setting next_dagrun for example_trigger_target_dag to None, run_after=None
[2024-07-09T13:22:26.270+0000] {processor.py:183} INFO - Processing /home/airflow/.local/lib/python3.11/site-packages/airflow/example_dags/example_trigger_target_dag.py took 0.054 seconds
[2024-07-09T13:22:56.970+0000] {processor.py:161} INFO - Started process (PID=2519) to work on /home/airflow/.local/lib/python3.11/site-packages/airflow/example_dags/example_trigger_target_dag.py
[2024-07-09T13:22:56.971+0000] {processor.py:830} INFO - Processing file /home/airflow/.local/lib/python3.11/site-packages/airflow/example_dags/example_trigger_target_dag.py for tasks to queue
[2024-07-09T13:22:56.972+0000] {logging_mixin.py:188} INFO - [2024-07-09T13:22:56.972+0000] {dagbag.py:540} INFO - Filling up the DagBag from /home/airflow/.local/lib/python3.11/site-packages/airflow/example_dags/example_trigger_target_dag.py
[2024-07-09T13:22:56.977+0000] {processor.py:840} INFO - DAG(s) 'example_trigger_target_dag' retrieved from /home/airflow/.local/lib/python3.11/site-packages/airflow/example_dags/example_trigger_target_dag.py
[2024-07-09T13:22:56.997+0000] {logging_mixin.py:188} INFO - [2024-07-09T13:22:56.997+0000] {dag.py:3047} INFO - Sync 1 DAGs
[2024-07-09T13:22:57.008+0000] {logging_mixin.py:188} INFO - [2024-07-09T13:22:57.008+0000] {dag.py:3834} INFO - Setting next_dagrun for example_trigger_target_dag to None, run_after=None
[2024-07-09T13:22:57.026+0000] {processor.py:183} INFO - Processing /home/airflow/.local/lib/python3.11/site-packages/airflow/example_dags/example_trigger_target_dag.py took 0.058 seconds
[2024-07-09T13:23:27.755+0000] {processor.py:161} INFO - Started process (PID=2789) to work on /home/airflow/.local/lib/python3.11/site-packages/airflow/example_dags/example_trigger_target_dag.py
[2024-07-09T13:23:27.756+0000] {processor.py:830} INFO - Processing file /home/airflow/.local/lib/python3.11/site-packages/airflow/example_dags/example_trigger_target_dag.py for tasks to queue
[2024-07-09T13:23:27.756+0000] {logging_mixin.py:188} INFO - [2024-07-09T13:23:27.756+0000] {dagbag.py:540} INFO - Filling up the DagBag from /home/airflow/.local/lib/python3.11/site-packages/airflow/example_dags/example_trigger_target_dag.py
[2024-07-09T13:23:27.762+0000] {processor.py:840} INFO - DAG(s) 'example_trigger_target_dag' retrieved from /home/airflow/.local/lib/python3.11/site-packages/airflow/example_dags/example_trigger_target_dag.py
[2024-07-09T13:23:27.785+0000] {logging_mixin.py:188} INFO - [2024-07-09T13:23:27.785+0000] {dag.py:3047} INFO - Sync 1 DAGs
[2024-07-09T13:23:27.796+0000] {logging_mixin.py:188} INFO - [2024-07-09T13:23:27.796+0000] {dag.py:3834} INFO - Setting next_dagrun for example_trigger_target_dag to None, run_after=None
[2024-07-09T13:23:27.816+0000] {processor.py:183} INFO - Processing /home/airflow/.local/lib/python3.11/site-packages/airflow/example_dags/example_trigger_target_dag.py took 0.064 seconds
[2024-07-09T13:23:58.488+0000] {processor.py:161} INFO - Started process (PID=3059) to work on /home/airflow/.local/lib/python3.11/site-packages/airflow/example_dags/example_trigger_target_dag.py
[2024-07-09T13:23:58.489+0000] {processor.py:830} INFO - Processing file /home/airflow/.local/lib/python3.11/site-packages/airflow/example_dags/example_trigger_target_dag.py for tasks to queue
[2024-07-09T13:23:58.489+0000] {logging_mixin.py:188} INFO - [2024-07-09T13:23:58.489+0000] {dagbag.py:540} INFO - Filling up the DagBag from /home/airflow/.local/lib/python3.11/site-packages/airflow/example_dags/example_trigger_target_dag.py
[2024-07-09T13:23:58.494+0000] {processor.py:840} INFO - DAG(s) 'example_trigger_target_dag' retrieved from /home/airflow/.local/lib/python3.11/site-packages/airflow/example_dags/example_trigger_target_dag.py
[2024-07-09T13:23:58.514+0000] {logging_mixin.py:188} INFO - [2024-07-09T13:23:58.514+0000] {dag.py:3047} INFO - Sync 1 DAGs
[2024-07-09T13:23:58.524+0000] {logging_mixin.py:188} INFO - [2024-07-09T13:23:58.524+0000] {dag.py:3834} INFO - Setting next_dagrun for example_trigger_target_dag to None, run_after=None
[2024-07-09T13:23:58.539+0000] {processor.py:183} INFO - Processing /home/airflow/.local/lib/python3.11/site-packages/airflow/example_dags/example_trigger_target_dag.py took 0.054 seconds
[2024-07-09T13:24:29.134+0000] {processor.py:161} INFO - Started process (PID=3329) to work on /home/airflow/.local/lib/python3.11/site-packages/airflow/example_dags/example_trigger_target_dag.py
[2024-07-09T13:24:29.135+0000] {processor.py:830} INFO - Processing file /home/airflow/.local/lib/python3.11/site-packages/airflow/example_dags/example_trigger_target_dag.py for tasks to queue
[2024-07-09T13:24:29.136+0000] {logging_mixin.py:188} INFO - [2024-07-09T13:24:29.136+0000] {dagbag.py:540} INFO - Filling up the DagBag from /home/airflow/.local/lib/python3.11/site-packages/airflow/example_dags/example_trigger_target_dag.py
[2024-07-09T13:24:29.140+0000] {processor.py:840} INFO - DAG(s) 'example_trigger_target_dag' retrieved from /home/airflow/.local/lib/python3.11/site-packages/airflow/example_dags/example_trigger_target_dag.py
[2024-07-09T13:24:29.160+0000] {logging_mixin.py:188} INFO - [2024-07-09T13:24:29.160+0000] {dag.py:3047} INFO - Sync 1 DAGs
[2024-07-09T13:24:29.170+0000] {logging_mixin.py:188} INFO - [2024-07-09T13:24:29.170+0000] {dag.py:3834} INFO - Setting next_dagrun for example_trigger_target_dag to None, run_after=None
[2024-07-09T13:24:29.185+0000] {processor.py:183} INFO - Processing /home/airflow/.local/lib/python3.11/site-packages/airflow/example_dags/example_trigger_target_dag.py took 0.054 seconds
[2024-07-09T13:24:59.883+0000] {processor.py:161} INFO - Started process (PID=3599) to work on /home/airflow/.local/lib/python3.11/site-packages/airflow/example_dags/example_trigger_target_dag.py
[2024-07-09T13:24:59.885+0000] {processor.py:830} INFO - Processing file /home/airflow/.local/lib/python3.11/site-packages/airflow/example_dags/example_trigger_target_dag.py for tasks to queue
[2024-07-09T13:24:59.886+0000] {logging_mixin.py:188} INFO - [2024-07-09T13:24:59.885+0000] {dagbag.py:540} INFO - Filling up the DagBag from /home/airflow/.local/lib/python3.11/site-packages/airflow/example_dags/example_trigger_target_dag.py
[2024-07-09T13:24:59.892+0000] {processor.py:840} INFO - DAG(s) 'example_trigger_target_dag' retrieved from /home/airflow/.local/lib/python3.11/site-packages/airflow/example_dags/example_trigger_target_dag.py
[2024-07-09T13:24:59.913+0000] {logging_mixin.py:188} INFO - [2024-07-09T13:24:59.912+0000] {dag.py:3047} INFO - Sync 1 DAGs
[2024-07-09T13:24:59.923+0000] {logging_mixin.py:188} INFO - [2024-07-09T13:24:59.923+0000] {dag.py:3834} INFO - Setting next_dagrun for example_trigger_target_dag to None, run_after=None
[2024-07-09T13:24:59.947+0000] {processor.py:183} INFO - Processing /home/airflow/.local/lib/python3.11/site-packages/airflow/example_dags/example_trigger_target_dag.py took 0.066 seconds
[2024-07-09T13:26:11.271+0000] {processor.py:161} INFO - Started process (PID=360) to work on /home/airflow/.local/lib/python3.11/site-packages/airflow/example_dags/example_trigger_target_dag.py
[2024-07-09T13:26:11.272+0000] {processor.py:830} INFO - Processing file /home/airflow/.local/lib/python3.11/site-packages/airflow/example_dags/example_trigger_target_dag.py for tasks to queue
[2024-07-09T13:26:11.273+0000] {logging_mixin.py:188} INFO - [2024-07-09T13:26:11.272+0000] {dagbag.py:540} INFO - Filling up the DagBag from /home/airflow/.local/lib/python3.11/site-packages/airflow/example_dags/example_trigger_target_dag.py
[2024-07-09T13:26:11.278+0000] {processor.py:840} INFO - DAG(s) 'example_trigger_target_dag' retrieved from /home/airflow/.local/lib/python3.11/site-packages/airflow/example_dags/example_trigger_target_dag.py
[2024-07-09T13:26:11.380+0000] {logging_mixin.py:188} INFO - [2024-07-09T13:26:11.379+0000] {override.py:1769} INFO - Created Permission View: can delete on DAG:example_trigger_target_dag
[2024-07-09T13:26:11.390+0000] {logging_mixin.py:188} INFO - [2024-07-09T13:26:11.389+0000] {override.py:1769} INFO - Created Permission View: can read on DAG:example_trigger_target_dag
[2024-07-09T13:26:11.396+0000] {logging_mixin.py:188} INFO - [2024-07-09T13:26:11.396+0000] {override.py:1769} INFO - Created Permission View: can edit on DAG:example_trigger_target_dag
[2024-07-09T13:26:11.397+0000] {logging_mixin.py:188} INFO - [2024-07-09T13:26:11.397+0000] {dag.py:3047} INFO - Sync 1 DAGs
[2024-07-09T13:26:11.406+0000] {logging_mixin.py:188} INFO - [2024-07-09T13:26:11.406+0000] {dag.py:3069} INFO - Creating ORM DAG for example_trigger_target_dag
[2024-07-09T13:26:11.407+0000] {logging_mixin.py:188} INFO - [2024-07-09T13:26:11.407+0000] {dag.py:3834} INFO - Setting next_dagrun for example_trigger_target_dag to None, run_after=None
[2024-07-09T13:26:11.421+0000] {processor.py:183} INFO - Processing /home/airflow/.local/lib/python3.11/site-packages/airflow/example_dags/example_trigger_target_dag.py took 0.153 seconds
[2024-07-09T13:26:41.692+0000] {processor.py:161} INFO - Started process (PID=630) to work on /home/airflow/.local/lib/python3.11/site-packages/airflow/example_dags/example_trigger_target_dag.py
[2024-07-09T13:26:41.693+0000] {processor.py:830} INFO - Processing file /home/airflow/.local/lib/python3.11/site-packages/airflow/example_dags/example_trigger_target_dag.py for tasks to queue
[2024-07-09T13:26:41.694+0000] {logging_mixin.py:188} INFO - [2024-07-09T13:26:41.693+0000] {dagbag.py:540} INFO - Filling up the DagBag from /home/airflow/.local/lib/python3.11/site-packages/airflow/example_dags/example_trigger_target_dag.py
[2024-07-09T13:26:41.698+0000] {processor.py:840} INFO - DAG(s) 'example_trigger_target_dag' retrieved from /home/airflow/.local/lib/python3.11/site-packages/airflow/example_dags/example_trigger_target_dag.py
[2024-07-09T13:26:41.718+0000] {logging_mixin.py:188} INFO - [2024-07-09T13:26:41.717+0000] {dag.py:3047} INFO - Sync 1 DAGs
[2024-07-09T13:26:41.727+0000] {logging_mixin.py:188} INFO - [2024-07-09T13:26:41.727+0000] {dag.py:3834} INFO - Setting next_dagrun for example_trigger_target_dag to None, run_after=None
[2024-07-09T13:26:41.742+0000] {processor.py:183} INFO - Processing /home/airflow/.local/lib/python3.11/site-packages/airflow/example_dags/example_trigger_target_dag.py took 0.053 seconds
[2024-07-09T13:27:12.136+0000] {processor.py:161} INFO - Started process (PID=900) to work on /home/airflow/.local/lib/python3.11/site-packages/airflow/example_dags/example_trigger_target_dag.py
[2024-07-09T13:27:12.137+0000] {processor.py:830} INFO - Processing file /home/airflow/.local/lib/python3.11/site-packages/airflow/example_dags/example_trigger_target_dag.py for tasks to queue
[2024-07-09T13:27:12.138+0000] {logging_mixin.py:188} INFO - [2024-07-09T13:27:12.138+0000] {dagbag.py:540} INFO - Filling up the DagBag from /home/airflow/.local/lib/python3.11/site-packages/airflow/example_dags/example_trigger_target_dag.py
[2024-07-09T13:27:12.144+0000] {processor.py:840} INFO - DAG(s) 'example_trigger_target_dag' retrieved from /home/airflow/.local/lib/python3.11/site-packages/airflow/example_dags/example_trigger_target_dag.py
[2024-07-09T13:27:12.167+0000] {logging_mixin.py:188} INFO - [2024-07-09T13:27:12.167+0000] {dag.py:3047} INFO - Sync 1 DAGs
[2024-07-09T13:27:12.179+0000] {logging_mixin.py:188} INFO - [2024-07-09T13:27:12.179+0000] {dag.py:3834} INFO - Setting next_dagrun for example_trigger_target_dag to None, run_after=None
[2024-07-09T13:27:12.197+0000] {processor.py:183} INFO - Processing /home/airflow/.local/lib/python3.11/site-packages/airflow/example_dags/example_trigger_target_dag.py took 0.064 seconds
[2024-07-09T13:27:43.075+0000] {processor.py:161} INFO - Started process (PID=1170) to work on /home/airflow/.local/lib/python3.11/site-packages/airflow/example_dags/example_trigger_target_dag.py
[2024-07-09T13:27:43.076+0000] {processor.py:830} INFO - Processing file /home/airflow/.local/lib/python3.11/site-packages/airflow/example_dags/example_trigger_target_dag.py for tasks to queue
[2024-07-09T13:27:43.077+0000] {logging_mixin.py:188} INFO - [2024-07-09T13:27:43.077+0000] {dagbag.py:540} INFO - Filling up the DagBag from /home/airflow/.local/lib/python3.11/site-packages/airflow/example_dags/example_trigger_target_dag.py
[2024-07-09T13:27:43.082+0000] {processor.py:840} INFO - DAG(s) 'example_trigger_target_dag' retrieved from /home/airflow/.local/lib/python3.11/site-packages/airflow/example_dags/example_trigger_target_dag.py
[2024-07-09T13:27:43.102+0000] {logging_mixin.py:188} INFO - [2024-07-09T13:27:43.102+0000] {dag.py:3047} INFO - Sync 1 DAGs
[2024-07-09T13:27:43.112+0000] {logging_mixin.py:188} INFO - [2024-07-09T13:27:43.112+0000] {dag.py:3834} INFO - Setting next_dagrun for example_trigger_target_dag to None, run_after=None
[2024-07-09T13:27:43.128+0000] {processor.py:183} INFO - Processing /home/airflow/.local/lib/python3.11/site-packages/airflow/example_dags/example_trigger_target_dag.py took 0.055 seconds
[2024-07-09T13:28:13.838+0000] {processor.py:161} INFO - Started process (PID=1440) to work on /home/airflow/.local/lib/python3.11/site-packages/airflow/example_dags/example_trigger_target_dag.py
[2024-07-09T13:28:13.839+0000] {processor.py:830} INFO - Processing file /home/airflow/.local/lib/python3.11/site-packages/airflow/example_dags/example_trigger_target_dag.py for tasks to queue
[2024-07-09T13:28:13.840+0000] {logging_mixin.py:188} INFO - [2024-07-09T13:28:13.839+0000] {dagbag.py:540} INFO - Filling up the DagBag from /home/airflow/.local/lib/python3.11/site-packages/airflow/example_dags/example_trigger_target_dag.py
[2024-07-09T13:28:13.845+0000] {processor.py:840} INFO - DAG(s) 'example_trigger_target_dag' retrieved from /home/airflow/.local/lib/python3.11/site-packages/airflow/example_dags/example_trigger_target_dag.py
[2024-07-09T13:28:13.865+0000] {logging_mixin.py:188} INFO - [2024-07-09T13:28:13.865+0000] {dag.py:3047} INFO - Sync 1 DAGs
[2024-07-09T13:28:13.876+0000] {logging_mixin.py:188} INFO - [2024-07-09T13:28:13.875+0000] {dag.py:3834} INFO - Setting next_dagrun for example_trigger_target_dag to None, run_after=None
[2024-07-09T13:28:13.891+0000] {processor.py:183} INFO - Processing /home/airflow/.local/lib/python3.11/site-packages/airflow/example_dags/example_trigger_target_dag.py took 0.056 seconds
[2024-07-09T13:28:44.330+0000] {processor.py:161} INFO - Started process (PID=1710) to work on /home/airflow/.local/lib/python3.11/site-packages/airflow/example_dags/example_trigger_target_dag.py
[2024-07-09T13:28:44.331+0000] {processor.py:830} INFO - Processing file /home/airflow/.local/lib/python3.11/site-packages/airflow/example_dags/example_trigger_target_dag.py for tasks to queue
[2024-07-09T13:28:44.332+0000] {logging_mixin.py:188} INFO - [2024-07-09T13:28:44.332+0000] {dagbag.py:540} INFO - Filling up the DagBag from /home/airflow/.local/lib/python3.11/site-packages/airflow/example_dags/example_trigger_target_dag.py
[2024-07-09T13:28:44.337+0000] {processor.py:840} INFO - DAG(s) 'example_trigger_target_dag' retrieved from /home/airflow/.local/lib/python3.11/site-packages/airflow/example_dags/example_trigger_target_dag.py
[2024-07-09T13:28:44.357+0000] {logging_mixin.py:188} INFO - [2024-07-09T13:28:44.357+0000] {dag.py:3047} INFO - Sync 1 DAGs
[2024-07-09T13:28:44.367+0000] {logging_mixin.py:188} INFO - [2024-07-09T13:28:44.366+0000] {dag.py:3834} INFO - Setting next_dagrun for example_trigger_target_dag to None, run_after=None
[2024-07-09T13:28:44.382+0000] {processor.py:183} INFO - Processing /home/airflow/.local/lib/python3.11/site-packages/airflow/example_dags/example_trigger_target_dag.py took 0.054 seconds
[2024-07-09T13:29:14.671+0000] {processor.py:161} INFO - Started process (PID=1980) to work on /home/airflow/.local/lib/python3.11/site-packages/airflow/example_dags/example_trigger_target_dag.py
[2024-07-09T13:29:14.672+0000] {processor.py:830} INFO - Processing file /home/airflow/.local/lib/python3.11/site-packages/airflow/example_dags/example_trigger_target_dag.py for tasks to queue
[2024-07-09T13:29:14.673+0000] {logging_mixin.py:188} INFO - [2024-07-09T13:29:14.672+0000] {dagbag.py:540} INFO - Filling up the DagBag from /home/airflow/.local/lib/python3.11/site-packages/airflow/example_dags/example_trigger_target_dag.py
[2024-07-09T13:29:14.677+0000] {processor.py:840} INFO - DAG(s) 'example_trigger_target_dag' retrieved from /home/airflow/.local/lib/python3.11/site-packages/airflow/example_dags/example_trigger_target_dag.py
[2024-07-09T13:29:14.697+0000] {logging_mixin.py:188} INFO - [2024-07-09T13:29:14.697+0000] {dag.py:3047} INFO - Sync 1 DAGs
[2024-07-09T13:29:14.708+0000] {logging_mixin.py:188} INFO - [2024-07-09T13:29:14.708+0000] {dag.py:3834} INFO - Setting next_dagrun for example_trigger_target_dag to None, run_after=None
[2024-07-09T13:29:14.723+0000] {processor.py:183} INFO - Processing /home/airflow/.local/lib/python3.11/site-packages/airflow/example_dags/example_trigger_target_dag.py took 0.055 seconds
[2024-07-09T13:29:45.071+0000] {processor.py:161} INFO - Started process (PID=2250) to work on /home/airflow/.local/lib/python3.11/site-packages/airflow/example_dags/example_trigger_target_dag.py
[2024-07-09T13:29:45.072+0000] {processor.py:830} INFO - Processing file /home/airflow/.local/lib/python3.11/site-packages/airflow/example_dags/example_trigger_target_dag.py for tasks to queue
[2024-07-09T13:29:45.073+0000] {logging_mixin.py:188} INFO - [2024-07-09T13:29:45.073+0000] {dagbag.py:540} INFO - Filling up the DagBag from /home/airflow/.local/lib/python3.11/site-packages/airflow/example_dags/example_trigger_target_dag.py
[2024-07-09T13:29:45.078+0000] {processor.py:840} INFO - DAG(s) 'example_trigger_target_dag' retrieved from /home/airflow/.local/lib/python3.11/site-packages/airflow/example_dags/example_trigger_target_dag.py
[2024-07-09T13:29:45.098+0000] {logging_mixin.py:188} INFO - [2024-07-09T13:29:45.098+0000] {dag.py:3047} INFO - Sync 1 DAGs
[2024-07-09T13:29:45.110+0000] {logging_mixin.py:188} INFO - [2024-07-09T13:29:45.110+0000] {dag.py:3834} INFO - Setting next_dagrun for example_trigger_target_dag to None, run_after=None
[2024-07-09T13:29:45.127+0000] {processor.py:183} INFO - Processing /home/airflow/.local/lib/python3.11/site-packages/airflow/example_dags/example_trigger_target_dag.py took 0.058 seconds
[2024-07-09T13:31:39.517+0000] {processor.py:161} INFO - Started process (PID=359) to work on /home/airflow/.local/lib/python3.11/site-packages/airflow/example_dags/example_trigger_target_dag.py
[2024-07-09T13:31:39.518+0000] {processor.py:830} INFO - Processing file /home/airflow/.local/lib/python3.11/site-packages/airflow/example_dags/example_trigger_target_dag.py for tasks to queue
[2024-07-09T13:31:39.519+0000] {logging_mixin.py:188} INFO - [2024-07-09T13:31:39.519+0000] {dagbag.py:540} INFO - Filling up the DagBag from /home/airflow/.local/lib/python3.11/site-packages/airflow/example_dags/example_trigger_target_dag.py
[2024-07-09T13:31:39.524+0000] {processor.py:840} INFO - DAG(s) 'example_trigger_target_dag' retrieved from /home/airflow/.local/lib/python3.11/site-packages/airflow/example_dags/example_trigger_target_dag.py
[2024-07-09T13:31:39.609+0000] {logging_mixin.py:188} INFO - [2024-07-09T13:31:39.609+0000] {override.py:1769} INFO - Created Permission View: can edit on DAG:example_trigger_target_dag
[2024-07-09T13:31:39.618+0000] {logging_mixin.py:188} INFO - [2024-07-09T13:31:39.618+0000] {override.py:1769} INFO - Created Permission View: can delete on DAG:example_trigger_target_dag
[2024-07-09T13:31:39.625+0000] {logging_mixin.py:188} INFO - [2024-07-09T13:31:39.624+0000] {override.py:1769} INFO - Created Permission View: can read on DAG:example_trigger_target_dag
[2024-07-09T13:31:39.625+0000] {logging_mixin.py:188} INFO - [2024-07-09T13:31:39.625+0000] {dag.py:3047} INFO - Sync 1 DAGs
[2024-07-09T13:31:39.634+0000] {logging_mixin.py:188} INFO - [2024-07-09T13:31:39.634+0000] {dag.py:3069} INFO - Creating ORM DAG for example_trigger_target_dag
[2024-07-09T13:31:39.635+0000] {logging_mixin.py:188} INFO - [2024-07-09T13:31:39.635+0000] {dag.py:3834} INFO - Setting next_dagrun for example_trigger_target_dag to None, run_after=None
[2024-07-09T13:31:39.648+0000] {processor.py:183} INFO - Processing /home/airflow/.local/lib/python3.11/site-packages/airflow/example_dags/example_trigger_target_dag.py took 0.133 seconds
[2024-07-09T13:32:10.337+0000] {processor.py:161} INFO - Started process (PID=629) to work on /home/airflow/.local/lib/python3.11/site-packages/airflow/example_dags/example_trigger_target_dag.py
[2024-07-09T13:32:10.338+0000] {processor.py:830} INFO - Processing file /home/airflow/.local/lib/python3.11/site-packages/airflow/example_dags/example_trigger_target_dag.py for tasks to queue
[2024-07-09T13:32:10.339+0000] {logging_mixin.py:188} INFO - [2024-07-09T13:32:10.339+0000] {dagbag.py:540} INFO - Filling up the DagBag from /home/airflow/.local/lib/python3.11/site-packages/airflow/example_dags/example_trigger_target_dag.py
[2024-07-09T13:32:10.344+0000] {processor.py:840} INFO - DAG(s) 'example_trigger_target_dag' retrieved from /home/airflow/.local/lib/python3.11/site-packages/airflow/example_dags/example_trigger_target_dag.py
[2024-07-09T13:32:10.367+0000] {logging_mixin.py:188} INFO - [2024-07-09T13:32:10.367+0000] {dag.py:3047} INFO - Sync 1 DAGs
[2024-07-09T13:32:10.377+0000] {logging_mixin.py:188} INFO - [2024-07-09T13:32:10.377+0000] {dag.py:3834} INFO - Setting next_dagrun for example_trigger_target_dag to None, run_after=None
[2024-07-09T13:32:10.403+0000] {processor.py:183} INFO - Processing /home/airflow/.local/lib/python3.11/site-packages/airflow/example_dags/example_trigger_target_dag.py took 0.068 seconds
[2024-07-09T13:32:40.726+0000] {processor.py:161} INFO - Started process (PID=899) to work on /home/airflow/.local/lib/python3.11/site-packages/airflow/example_dags/example_trigger_target_dag.py
[2024-07-09T13:32:40.727+0000] {processor.py:830} INFO - Processing file /home/airflow/.local/lib/python3.11/site-packages/airflow/example_dags/example_trigger_target_dag.py for tasks to queue
[2024-07-09T13:32:40.728+0000] {logging_mixin.py:188} INFO - [2024-07-09T13:32:40.728+0000] {dagbag.py:540} INFO - Filling up the DagBag from /home/airflow/.local/lib/python3.11/site-packages/airflow/example_dags/example_trigger_target_dag.py
[2024-07-09T13:32:40.733+0000] {processor.py:840} INFO - DAG(s) 'example_trigger_target_dag' retrieved from /home/airflow/.local/lib/python3.11/site-packages/airflow/example_dags/example_trigger_target_dag.py
[2024-07-09T13:32:40.754+0000] {logging_mixin.py:188} INFO - [2024-07-09T13:32:40.754+0000] {dag.py:3047} INFO - Sync 1 DAGs
[2024-07-09T13:32:40.767+0000] {logging_mixin.py:188} INFO - [2024-07-09T13:32:40.767+0000] {dag.py:3834} INFO - Setting next_dagrun for example_trigger_target_dag to None, run_after=None
[2024-07-09T13:32:40.784+0000] {processor.py:183} INFO - Processing /home/airflow/.local/lib/python3.11/site-packages/airflow/example_dags/example_trigger_target_dag.py took 0.060 seconds
[2024-07-09T13:33:11.638+0000] {processor.py:161} INFO - Started process (PID=1171) to work on /home/airflow/.local/lib/python3.11/site-packages/airflow/example_dags/example_trigger_target_dag.py
[2024-07-09T13:33:11.639+0000] {processor.py:830} INFO - Processing file /home/airflow/.local/lib/python3.11/site-packages/airflow/example_dags/example_trigger_target_dag.py for tasks to queue
[2024-07-09T13:33:11.639+0000] {logging_mixin.py:188} INFO - [2024-07-09T13:33:11.639+0000] {dagbag.py:540} INFO - Filling up the DagBag from /home/airflow/.local/lib/python3.11/site-packages/airflow/example_dags/example_trigger_target_dag.py
[2024-07-09T13:33:11.644+0000] {processor.py:840} INFO - DAG(s) 'example_trigger_target_dag' retrieved from /home/airflow/.local/lib/python3.11/site-packages/airflow/example_dags/example_trigger_target_dag.py
[2024-07-09T13:33:11.664+0000] {logging_mixin.py:188} INFO - [2024-07-09T13:33:11.664+0000] {dag.py:3047} INFO - Sync 1 DAGs
[2024-07-09T13:33:11.674+0000] {logging_mixin.py:188} INFO - [2024-07-09T13:33:11.674+0000] {dag.py:3834} INFO - Setting next_dagrun for example_trigger_target_dag to None, run_after=None
[2024-07-09T13:33:11.691+0000] {processor.py:183} INFO - Processing /home/airflow/.local/lib/python3.11/site-packages/airflow/example_dags/example_trigger_target_dag.py took 0.056 seconds
[2024-07-09T13:33:42.230+0000] {processor.py:161} INFO - Started process (PID=1439) to work on /home/airflow/.local/lib/python3.11/site-packages/airflow/example_dags/example_trigger_target_dag.py
[2024-07-09T13:33:42.231+0000] {processor.py:830} INFO - Processing file /home/airflow/.local/lib/python3.11/site-packages/airflow/example_dags/example_trigger_target_dag.py for tasks to queue
[2024-07-09T13:33:42.232+0000] {logging_mixin.py:188} INFO - [2024-07-09T13:33:42.231+0000] {dagbag.py:540} INFO - Filling up the DagBag from /home/airflow/.local/lib/python3.11/site-packages/airflow/example_dags/example_trigger_target_dag.py
[2024-07-09T13:33:42.237+0000] {processor.py:840} INFO - DAG(s) 'example_trigger_target_dag' retrieved from /home/airflow/.local/lib/python3.11/site-packages/airflow/example_dags/example_trigger_target_dag.py
[2024-07-09T13:33:42.258+0000] {logging_mixin.py:188} INFO - [2024-07-09T13:33:42.258+0000] {dag.py:3047} INFO - Sync 1 DAGs
[2024-07-09T13:33:42.268+0000] {logging_mixin.py:188} INFO - [2024-07-09T13:33:42.268+0000] {dag.py:3834} INFO - Setting next_dagrun for example_trigger_target_dag to None, run_after=None
[2024-07-09T13:33:42.285+0000] {processor.py:183} INFO - Processing /home/airflow/.local/lib/python3.11/site-packages/airflow/example_dags/example_trigger_target_dag.py took 0.057 seconds
[2024-07-09T13:34:12.644+0000] {processor.py:161} INFO - Started process (PID=1709) to work on /home/airflow/.local/lib/python3.11/site-packages/airflow/example_dags/example_trigger_target_dag.py
[2024-07-09T13:34:12.645+0000] {processor.py:830} INFO - Processing file /home/airflow/.local/lib/python3.11/site-packages/airflow/example_dags/example_trigger_target_dag.py for tasks to queue
[2024-07-09T13:34:12.646+0000] {logging_mixin.py:188} INFO - [2024-07-09T13:34:12.645+0000] {dagbag.py:540} INFO - Filling up the DagBag from /home/airflow/.local/lib/python3.11/site-packages/airflow/example_dags/example_trigger_target_dag.py
[2024-07-09T13:34:12.650+0000] {processor.py:840} INFO - DAG(s) 'example_trigger_target_dag' retrieved from /home/airflow/.local/lib/python3.11/site-packages/airflow/example_dags/example_trigger_target_dag.py
[2024-07-09T13:34:12.671+0000] {logging_mixin.py:188} INFO - [2024-07-09T13:34:12.671+0000] {dag.py:3047} INFO - Sync 1 DAGs
[2024-07-09T13:34:12.682+0000] {logging_mixin.py:188} INFO - [2024-07-09T13:34:12.682+0000] {dag.py:3834} INFO - Setting next_dagrun for example_trigger_target_dag to None, run_after=None
[2024-07-09T13:34:12.699+0000] {processor.py:183} INFO - Processing /home/airflow/.local/lib/python3.11/site-packages/airflow/example_dags/example_trigger_target_dag.py took 0.058 seconds
[2024-07-09T13:34:42.844+0000] {processor.py:161} INFO - Started process (PID=1979) to work on /home/airflow/.local/lib/python3.11/site-packages/airflow/example_dags/example_trigger_target_dag.py
[2024-07-09T13:34:42.845+0000] {processor.py:830} INFO - Processing file /home/airflow/.local/lib/python3.11/site-packages/airflow/example_dags/example_trigger_target_dag.py for tasks to queue
[2024-07-09T13:34:42.846+0000] {logging_mixin.py:188} INFO - [2024-07-09T13:34:42.846+0000] {dagbag.py:540} INFO - Filling up the DagBag from /home/airflow/.local/lib/python3.11/site-packages/airflow/example_dags/example_trigger_target_dag.py
[2024-07-09T13:34:42.850+0000] {processor.py:840} INFO - DAG(s) 'example_trigger_target_dag' retrieved from /home/airflow/.local/lib/python3.11/site-packages/airflow/example_dags/example_trigger_target_dag.py
[2024-07-09T13:34:42.870+0000] {logging_mixin.py:188} INFO - [2024-07-09T13:34:42.870+0000] {dag.py:3047} INFO - Sync 1 DAGs
[2024-07-09T13:34:42.880+0000] {logging_mixin.py:188} INFO - [2024-07-09T13:34:42.880+0000] {dag.py:3834} INFO - Setting next_dagrun for example_trigger_target_dag to None, run_after=None
[2024-07-09T13:34:42.897+0000] {processor.py:183} INFO - Processing /home/airflow/.local/lib/python3.11/site-packages/airflow/example_dags/example_trigger_target_dag.py took 0.055 seconds
[2024-07-09T13:35:13.160+0000] {processor.py:161} INFO - Started process (PID=2249) to work on /home/airflow/.local/lib/python3.11/site-packages/airflow/example_dags/example_trigger_target_dag.py
[2024-07-09T13:35:13.161+0000] {processor.py:830} INFO - Processing file /home/airflow/.local/lib/python3.11/site-packages/airflow/example_dags/example_trigger_target_dag.py for tasks to queue
[2024-07-09T13:35:13.162+0000] {logging_mixin.py:188} INFO - [2024-07-09T13:35:13.161+0000] {dagbag.py:540} INFO - Filling up the DagBag from /home/airflow/.local/lib/python3.11/site-packages/airflow/example_dags/example_trigger_target_dag.py
[2024-07-09T13:35:13.166+0000] {processor.py:840} INFO - DAG(s) 'example_trigger_target_dag' retrieved from /home/airflow/.local/lib/python3.11/site-packages/airflow/example_dags/example_trigger_target_dag.py
[2024-07-09T13:35:13.187+0000] {logging_mixin.py:188} INFO - [2024-07-09T13:35:13.187+0000] {dag.py:3047} INFO - Sync 1 DAGs
[2024-07-09T13:35:13.197+0000] {logging_mixin.py:188} INFO - [2024-07-09T13:35:13.197+0000] {dag.py:3834} INFO - Setting next_dagrun for example_trigger_target_dag to None, run_after=None
[2024-07-09T13:35:13.214+0000] {processor.py:183} INFO - Processing /home/airflow/.local/lib/python3.11/site-packages/airflow/example_dags/example_trigger_target_dag.py took 0.057 seconds
[2024-07-09T13:35:43.538+0000] {processor.py:161} INFO - Started process (PID=2519) to work on /home/airflow/.local/lib/python3.11/site-packages/airflow/example_dags/example_trigger_target_dag.py
[2024-07-09T13:35:43.539+0000] {processor.py:830} INFO - Processing file /home/airflow/.local/lib/python3.11/site-packages/airflow/example_dags/example_trigger_target_dag.py for tasks to queue
[2024-07-09T13:35:43.540+0000] {logging_mixin.py:188} INFO - [2024-07-09T13:35:43.540+0000] {dagbag.py:540} INFO - Filling up the DagBag from /home/airflow/.local/lib/python3.11/site-packages/airflow/example_dags/example_trigger_target_dag.py
[2024-07-09T13:35:43.545+0000] {processor.py:840} INFO - DAG(s) 'example_trigger_target_dag' retrieved from /home/airflow/.local/lib/python3.11/site-packages/airflow/example_dags/example_trigger_target_dag.py
[2024-07-09T13:35:43.565+0000] {logging_mixin.py:188} INFO - [2024-07-09T13:35:43.564+0000] {dag.py:3047} INFO - Sync 1 DAGs
[2024-07-09T13:35:43.574+0000] {logging_mixin.py:188} INFO - [2024-07-09T13:35:43.574+0000] {dag.py:3834} INFO - Setting next_dagrun for example_trigger_target_dag to None, run_after=None
[2024-07-09T13:35:43.589+0000] {processor.py:183} INFO - Processing /home/airflow/.local/lib/python3.11/site-packages/airflow/example_dags/example_trigger_target_dag.py took 0.054 seconds
[2024-07-09T13:36:14.019+0000] {processor.py:161} INFO - Started process (PID=2789) to work on /home/airflow/.local/lib/python3.11/site-packages/airflow/example_dags/example_trigger_target_dag.py
[2024-07-09T13:36:14.020+0000] {processor.py:830} INFO - Processing file /home/airflow/.local/lib/python3.11/site-packages/airflow/example_dags/example_trigger_target_dag.py for tasks to queue
[2024-07-09T13:36:14.021+0000] {logging_mixin.py:188} INFO - [2024-07-09T13:36:14.020+0000] {dagbag.py:540} INFO - Filling up the DagBag from /home/airflow/.local/lib/python3.11/site-packages/airflow/example_dags/example_trigger_target_dag.py
[2024-07-09T13:36:14.025+0000] {processor.py:840} INFO - DAG(s) 'example_trigger_target_dag' retrieved from /home/airflow/.local/lib/python3.11/site-packages/airflow/example_dags/example_trigger_target_dag.py
[2024-07-09T13:36:14.046+0000] {logging_mixin.py:188} INFO - [2024-07-09T13:36:14.046+0000] {dag.py:3047} INFO - Sync 1 DAGs
[2024-07-09T13:36:14.056+0000] {logging_mixin.py:188} INFO - [2024-07-09T13:36:14.056+0000] {dag.py:3834} INFO - Setting next_dagrun for example_trigger_target_dag to None, run_after=None
[2024-07-09T13:36:14.071+0000] {processor.py:183} INFO - Processing /home/airflow/.local/lib/python3.11/site-packages/airflow/example_dags/example_trigger_target_dag.py took 0.055 seconds
[2024-07-09T13:36:44.301+0000] {processor.py:161} INFO - Started process (PID=3059) to work on /home/airflow/.local/lib/python3.11/site-packages/airflow/example_dags/example_trigger_target_dag.py
[2024-07-09T13:36:44.302+0000] {processor.py:830} INFO - Processing file /home/airflow/.local/lib/python3.11/site-packages/airflow/example_dags/example_trigger_target_dag.py for tasks to queue
[2024-07-09T13:36:44.303+0000] {logging_mixin.py:188} INFO - [2024-07-09T13:36:44.303+0000] {dagbag.py:540} INFO - Filling up the DagBag from /home/airflow/.local/lib/python3.11/site-packages/airflow/example_dags/example_trigger_target_dag.py
[2024-07-09T13:36:44.308+0000] {processor.py:840} INFO - DAG(s) 'example_trigger_target_dag' retrieved from /home/airflow/.local/lib/python3.11/site-packages/airflow/example_dags/example_trigger_target_dag.py
[2024-07-09T13:36:44.328+0000] {logging_mixin.py:188} INFO - [2024-07-09T13:36:44.328+0000] {dag.py:3047} INFO - Sync 1 DAGs
[2024-07-09T13:36:44.338+0000] {logging_mixin.py:188} INFO - [2024-07-09T13:36:44.337+0000] {dag.py:3834} INFO - Setting next_dagrun for example_trigger_target_dag to None, run_after=None
[2024-07-09T13:36:44.353+0000] {processor.py:183} INFO - Processing /home/airflow/.local/lib/python3.11/site-packages/airflow/example_dags/example_trigger_target_dag.py took 0.055 seconds
[2024-07-09T13:37:14.956+0000] {processor.py:161} INFO - Started process (PID=3329) to work on /home/airflow/.local/lib/python3.11/site-packages/airflow/example_dags/example_trigger_target_dag.py
[2024-07-09T13:37:14.957+0000] {processor.py:830} INFO - Processing file /home/airflow/.local/lib/python3.11/site-packages/airflow/example_dags/example_trigger_target_dag.py for tasks to queue
[2024-07-09T13:37:14.958+0000] {logging_mixin.py:188} INFO - [2024-07-09T13:37:14.958+0000] {dagbag.py:540} INFO - Filling up the DagBag from /home/airflow/.local/lib/python3.11/site-packages/airflow/example_dags/example_trigger_target_dag.py
[2024-07-09T13:37:14.963+0000] {processor.py:840} INFO - DAG(s) 'example_trigger_target_dag' retrieved from /home/airflow/.local/lib/python3.11/site-packages/airflow/example_dags/example_trigger_target_dag.py
[2024-07-09T13:37:14.990+0000] {logging_mixin.py:188} INFO - [2024-07-09T13:37:14.989+0000] {dag.py:3047} INFO - Sync 1 DAGs
[2024-07-09T13:37:15.000+0000] {logging_mixin.py:188} INFO - [2024-07-09T13:37:15.000+0000] {dag.py:3834} INFO - Setting next_dagrun for example_trigger_target_dag to None, run_after=None
[2024-07-09T13:37:15.019+0000] {processor.py:183} INFO - Processing /home/airflow/.local/lib/python3.11/site-packages/airflow/example_dags/example_trigger_target_dag.py took 0.065 seconds
[2024-07-09T13:46:12.664+0000] {processor.py:161} INFO - Started process (PID=359) to work on /home/airflow/.local/lib/python3.11/site-packages/airflow/example_dags/example_trigger_target_dag.py
[2024-07-09T13:46:12.666+0000] {processor.py:830} INFO - Processing file /home/airflow/.local/lib/python3.11/site-packages/airflow/example_dags/example_trigger_target_dag.py for tasks to queue
[2024-07-09T13:46:12.667+0000] {logging_mixin.py:188} INFO - [2024-07-09T13:46:12.666+0000] {dagbag.py:540} INFO - Filling up the DagBag from /home/airflow/.local/lib/python3.11/site-packages/airflow/example_dags/example_trigger_target_dag.py
[2024-07-09T13:46:12.671+0000] {processor.py:840} INFO - DAG(s) 'example_trigger_target_dag' retrieved from /home/airflow/.local/lib/python3.11/site-packages/airflow/example_dags/example_trigger_target_dag.py
[2024-07-09T13:46:12.757+0000] {logging_mixin.py:188} INFO - [2024-07-09T13:46:12.757+0000] {override.py:1769} INFO - Created Permission View: can delete on DAG:example_trigger_target_dag
[2024-07-09T13:46:12.766+0000] {logging_mixin.py:188} INFO - [2024-07-09T13:46:12.766+0000] {override.py:1769} INFO - Created Permission View: can read on DAG:example_trigger_target_dag
[2024-07-09T13:46:12.772+0000] {logging_mixin.py:188} INFO - [2024-07-09T13:46:12.772+0000] {override.py:1769} INFO - Created Permission View: can edit on DAG:example_trigger_target_dag
[2024-07-09T13:46:12.772+0000] {logging_mixin.py:188} INFO - [2024-07-09T13:46:12.772+0000] {dag.py:3047} INFO - Sync 1 DAGs
[2024-07-09T13:46:12.782+0000] {logging_mixin.py:188} INFO - [2024-07-09T13:46:12.782+0000] {dag.py:3069} INFO - Creating ORM DAG for example_trigger_target_dag
[2024-07-09T13:46:12.782+0000] {logging_mixin.py:188} INFO - [2024-07-09T13:46:12.782+0000] {dag.py:3834} INFO - Setting next_dagrun for example_trigger_target_dag to None, run_after=None
[2024-07-09T13:46:12.797+0000] {processor.py:183} INFO - Processing /home/airflow/.local/lib/python3.11/site-packages/airflow/example_dags/example_trigger_target_dag.py took 0.136 seconds
[2024-07-09T13:46:43.035+0000] {processor.py:161} INFO - Started process (PID=629) to work on /home/airflow/.local/lib/python3.11/site-packages/airflow/example_dags/example_trigger_target_dag.py
[2024-07-09T13:46:43.036+0000] {processor.py:830} INFO - Processing file /home/airflow/.local/lib/python3.11/site-packages/airflow/example_dags/example_trigger_target_dag.py for tasks to queue
[2024-07-09T13:46:43.037+0000] {logging_mixin.py:188} INFO - [2024-07-09T13:46:43.037+0000] {dagbag.py:540} INFO - Filling up the DagBag from /home/airflow/.local/lib/python3.11/site-packages/airflow/example_dags/example_trigger_target_dag.py
[2024-07-09T13:46:43.041+0000] {processor.py:840} INFO - DAG(s) 'example_trigger_target_dag' retrieved from /home/airflow/.local/lib/python3.11/site-packages/airflow/example_dags/example_trigger_target_dag.py
[2024-07-09T13:46:43.061+0000] {logging_mixin.py:188} INFO - [2024-07-09T13:46:43.061+0000] {dag.py:3047} INFO - Sync 1 DAGs
[2024-07-09T13:46:43.071+0000] {logging_mixin.py:188} INFO - [2024-07-09T13:46:43.071+0000] {dag.py:3834} INFO - Setting next_dagrun for example_trigger_target_dag to None, run_after=None
[2024-07-09T13:46:43.086+0000] {processor.py:183} INFO - Processing /home/airflow/.local/lib/python3.11/site-packages/airflow/example_dags/example_trigger_target_dag.py took 0.053 seconds
[2024-07-09T13:47:13.849+0000] {processor.py:161} INFO - Started process (PID=899) to work on /home/airflow/.local/lib/python3.11/site-packages/airflow/example_dags/example_trigger_target_dag.py
[2024-07-09T13:47:13.850+0000] {processor.py:830} INFO - Processing file /home/airflow/.local/lib/python3.11/site-packages/airflow/example_dags/example_trigger_target_dag.py for tasks to queue
[2024-07-09T13:47:13.851+0000] {logging_mixin.py:188} INFO - [2024-07-09T13:47:13.850+0000] {dagbag.py:540} INFO - Filling up the DagBag from /home/airflow/.local/lib/python3.11/site-packages/airflow/example_dags/example_trigger_target_dag.py
[2024-07-09T13:47:13.855+0000] {processor.py:840} INFO - DAG(s) 'example_trigger_target_dag' retrieved from /home/airflow/.local/lib/python3.11/site-packages/airflow/example_dags/example_trigger_target_dag.py
[2024-07-09T13:47:13.875+0000] {logging_mixin.py:188} INFO - [2024-07-09T13:47:13.875+0000] {dag.py:3047} INFO - Sync 1 DAGs
[2024-07-09T13:47:13.885+0000] {logging_mixin.py:188} INFO - [2024-07-09T13:47:13.885+0000] {dag.py:3834} INFO - Setting next_dagrun for example_trigger_target_dag to None, run_after=None
[2024-07-09T13:47:13.903+0000] {processor.py:183} INFO - Processing /home/airflow/.local/lib/python3.11/site-packages/airflow/example_dags/example_trigger_target_dag.py took 0.056 seconds
[2024-07-09T13:47:45.056+0000] {processor.py:161} INFO - Started process (PID=1171) to work on /home/airflow/.local/lib/python3.11/site-packages/airflow/example_dags/example_trigger_target_dag.py
[2024-07-09T13:47:45.057+0000] {processor.py:830} INFO - Processing file /home/airflow/.local/lib/python3.11/site-packages/airflow/example_dags/example_trigger_target_dag.py for tasks to queue
[2024-07-09T13:47:45.058+0000] {logging_mixin.py:188} INFO - [2024-07-09T13:47:45.058+0000] {dagbag.py:540} INFO - Filling up the DagBag from /home/airflow/.local/lib/python3.11/site-packages/airflow/example_dags/example_trigger_target_dag.py
[2024-07-09T13:47:45.062+0000] {processor.py:840} INFO - DAG(s) 'example_trigger_target_dag' retrieved from /home/airflow/.local/lib/python3.11/site-packages/airflow/example_dags/example_trigger_target_dag.py
[2024-07-09T13:47:45.177+0000] {logging_mixin.py:188} INFO - [2024-07-09T13:47:45.177+0000] {dag.py:3047} INFO - Sync 1 DAGs
[2024-07-09T13:47:45.185+0000] {logging_mixin.py:188} INFO - [2024-07-09T13:47:45.185+0000] {dag.py:3834} INFO - Setting next_dagrun for example_trigger_target_dag to None, run_after=None
[2024-07-09T13:47:45.201+0000] {processor.py:183} INFO - Processing /home/airflow/.local/lib/python3.11/site-packages/airflow/example_dags/example_trigger_target_dag.py took 0.147 seconds
[2024-07-09T13:48:15.501+0000] {processor.py:161} INFO - Started process (PID=1439) to work on /home/airflow/.local/lib/python3.11/site-packages/airflow/example_dags/example_trigger_target_dag.py
[2024-07-09T13:48:15.502+0000] {processor.py:830} INFO - Processing file /home/airflow/.local/lib/python3.11/site-packages/airflow/example_dags/example_trigger_target_dag.py for tasks to queue
[2024-07-09T13:48:15.502+0000] {logging_mixin.py:188} INFO - [2024-07-09T13:48:15.502+0000] {dagbag.py:540} INFO - Filling up the DagBag from /home/airflow/.local/lib/python3.11/site-packages/airflow/example_dags/example_trigger_target_dag.py
[2024-07-09T13:48:15.507+0000] {processor.py:840} INFO - DAG(s) 'example_trigger_target_dag' retrieved from /home/airflow/.local/lib/python3.11/site-packages/airflow/example_dags/example_trigger_target_dag.py
[2024-07-09T13:48:15.528+0000] {logging_mixin.py:188} INFO - [2024-07-09T13:48:15.528+0000] {dag.py:3047} INFO - Sync 1 DAGs
[2024-07-09T13:48:15.539+0000] {logging_mixin.py:188} INFO - [2024-07-09T13:48:15.539+0000] {dag.py:3834} INFO - Setting next_dagrun for example_trigger_target_dag to None, run_after=None
[2024-07-09T13:48:15.556+0000] {processor.py:183} INFO - Processing /home/airflow/.local/lib/python3.11/site-packages/airflow/example_dags/example_trigger_target_dag.py took 0.058 seconds
[2024-07-09T13:48:45.830+0000] {processor.py:161} INFO - Started process (PID=1709) to work on /home/airflow/.local/lib/python3.11/site-packages/airflow/example_dags/example_trigger_target_dag.py
[2024-07-09T13:48:45.831+0000] {processor.py:830} INFO - Processing file /home/airflow/.local/lib/python3.11/site-packages/airflow/example_dags/example_trigger_target_dag.py for tasks to queue
[2024-07-09T13:48:45.831+0000] {logging_mixin.py:188} INFO - [2024-07-09T13:48:45.831+0000] {dagbag.py:540} INFO - Filling up the DagBag from /home/airflow/.local/lib/python3.11/site-packages/airflow/example_dags/example_trigger_target_dag.py
[2024-07-09T13:48:45.836+0000] {processor.py:840} INFO - DAG(s) 'example_trigger_target_dag' retrieved from /home/airflow/.local/lib/python3.11/site-packages/airflow/example_dags/example_trigger_target_dag.py
[2024-07-09T13:48:45.857+0000] {logging_mixin.py:188} INFO - [2024-07-09T13:48:45.857+0000] {dag.py:3047} INFO - Sync 1 DAGs
[2024-07-09T13:48:45.867+0000] {logging_mixin.py:188} INFO - [2024-07-09T13:48:45.867+0000] {dag.py:3834} INFO - Setting next_dagrun for example_trigger_target_dag to None, run_after=None
[2024-07-09T13:48:45.884+0000] {processor.py:183} INFO - Processing /home/airflow/.local/lib/python3.11/site-packages/airflow/example_dags/example_trigger_target_dag.py took 0.057 seconds
[2024-07-09T13:49:16.353+0000] {processor.py:161} INFO - Started process (PID=1979) to work on /home/airflow/.local/lib/python3.11/site-packages/airflow/example_dags/example_trigger_target_dag.py
[2024-07-09T13:49:16.354+0000] {processor.py:830} INFO - Processing file /home/airflow/.local/lib/python3.11/site-packages/airflow/example_dags/example_trigger_target_dag.py for tasks to queue
[2024-07-09T13:49:16.355+0000] {logging_mixin.py:188} INFO - [2024-07-09T13:49:16.354+0000] {dagbag.py:540} INFO - Filling up the DagBag from /home/airflow/.local/lib/python3.11/site-packages/airflow/example_dags/example_trigger_target_dag.py
[2024-07-09T13:49:16.359+0000] {processor.py:840} INFO - DAG(s) 'example_trigger_target_dag' retrieved from /home/airflow/.local/lib/python3.11/site-packages/airflow/example_dags/example_trigger_target_dag.py
[2024-07-09T13:49:16.380+0000] {logging_mixin.py:188} INFO - [2024-07-09T13:49:16.379+0000] {dag.py:3047} INFO - Sync 1 DAGs
[2024-07-09T13:49:16.390+0000] {logging_mixin.py:188} INFO - [2024-07-09T13:49:16.389+0000] {dag.py:3834} INFO - Setting next_dagrun for example_trigger_target_dag to None, run_after=None
[2024-07-09T13:49:16.406+0000] {processor.py:183} INFO - Processing /home/airflow/.local/lib/python3.11/site-packages/airflow/example_dags/example_trigger_target_dag.py took 0.056 seconds
[2024-07-09T13:49:47.435+0000] {processor.py:161} INFO - Started process (PID=2251) to work on /home/airflow/.local/lib/python3.11/site-packages/airflow/example_dags/example_trigger_target_dag.py
[2024-07-09T13:49:47.437+0000] {processor.py:830} INFO - Processing file /home/airflow/.local/lib/python3.11/site-packages/airflow/example_dags/example_trigger_target_dag.py for tasks to queue
[2024-07-09T13:49:47.437+0000] {logging_mixin.py:188} INFO - [2024-07-09T13:49:47.437+0000] {dagbag.py:540} INFO - Filling up the DagBag from /home/airflow/.local/lib/python3.11/site-packages/airflow/example_dags/example_trigger_target_dag.py
[2024-07-09T13:49:47.444+0000] {processor.py:840} INFO - DAG(s) 'example_trigger_target_dag' retrieved from /home/airflow/.local/lib/python3.11/site-packages/airflow/example_dags/example_trigger_target_dag.py
[2024-07-09T13:49:47.466+0000] {logging_mixin.py:188} INFO - [2024-07-09T13:49:47.466+0000] {dag.py:3047} INFO - Sync 1 DAGs
[2024-07-09T13:49:47.477+0000] {logging_mixin.py:188} INFO - [2024-07-09T13:49:47.477+0000] {dag.py:3834} INFO - Setting next_dagrun for example_trigger_target_dag to None, run_after=None
[2024-07-09T13:49:47.495+0000] {processor.py:183} INFO - Processing /home/airflow/.local/lib/python3.11/site-packages/airflow/example_dags/example_trigger_target_dag.py took 0.064 seconds
[2024-07-09T13:50:17.869+0000] {processor.py:161} INFO - Started process (PID=2519) to work on /home/airflow/.local/lib/python3.11/site-packages/airflow/example_dags/example_trigger_target_dag.py
[2024-07-09T13:50:17.870+0000] {processor.py:830} INFO - Processing file /home/airflow/.local/lib/python3.11/site-packages/airflow/example_dags/example_trigger_target_dag.py for tasks to queue
[2024-07-09T13:50:17.871+0000] {logging_mixin.py:188} INFO - [2024-07-09T13:50:17.870+0000] {dagbag.py:540} INFO - Filling up the DagBag from /home/airflow/.local/lib/python3.11/site-packages/airflow/example_dags/example_trigger_target_dag.py
[2024-07-09T13:50:17.875+0000] {processor.py:840} INFO - DAG(s) 'example_trigger_target_dag' retrieved from /home/airflow/.local/lib/python3.11/site-packages/airflow/example_dags/example_trigger_target_dag.py
[2024-07-09T13:50:17.896+0000] {logging_mixin.py:188} INFO - [2024-07-09T13:50:17.896+0000] {dag.py:3047} INFO - Sync 1 DAGs
[2024-07-09T13:50:17.906+0000] {logging_mixin.py:188} INFO - [2024-07-09T13:50:17.906+0000] {dag.py:3834} INFO - Setting next_dagrun for example_trigger_target_dag to None, run_after=None
[2024-07-09T13:50:17.921+0000] {processor.py:183} INFO - Processing /home/airflow/.local/lib/python3.11/site-packages/airflow/example_dags/example_trigger_target_dag.py took 0.055 seconds
[2024-07-09T13:50:48.299+0000] {processor.py:161} INFO - Started process (PID=2789) to work on /home/airflow/.local/lib/python3.11/site-packages/airflow/example_dags/example_trigger_target_dag.py
[2024-07-09T13:50:48.300+0000] {processor.py:830} INFO - Processing file /home/airflow/.local/lib/python3.11/site-packages/airflow/example_dags/example_trigger_target_dag.py for tasks to queue
[2024-07-09T13:50:48.301+0000] {logging_mixin.py:188} INFO - [2024-07-09T13:50:48.301+0000] {dagbag.py:540} INFO - Filling up the DagBag from /home/airflow/.local/lib/python3.11/site-packages/airflow/example_dags/example_trigger_target_dag.py
[2024-07-09T13:50:48.307+0000] {processor.py:840} INFO - DAG(s) 'example_trigger_target_dag' retrieved from /home/airflow/.local/lib/python3.11/site-packages/airflow/example_dags/example_trigger_target_dag.py
[2024-07-09T13:50:48.331+0000] {logging_mixin.py:188} INFO - [2024-07-09T13:50:48.331+0000] {dag.py:3047} INFO - Sync 1 DAGs
[2024-07-09T13:50:48.344+0000] {logging_mixin.py:188} INFO - [2024-07-09T13:50:48.344+0000] {dag.py:3834} INFO - Setting next_dagrun for example_trigger_target_dag to None, run_after=None
[2024-07-09T13:50:48.364+0000] {processor.py:183} INFO - Processing /home/airflow/.local/lib/python3.11/site-packages/airflow/example_dags/example_trigger_target_dag.py took 0.069 seconds
[2024-07-09T13:51:18.672+0000] {processor.py:161} INFO - Started process (PID=3059) to work on /home/airflow/.local/lib/python3.11/site-packages/airflow/example_dags/example_trigger_target_dag.py
[2024-07-09T13:51:18.673+0000] {processor.py:830} INFO - Processing file /home/airflow/.local/lib/python3.11/site-packages/airflow/example_dags/example_trigger_target_dag.py for tasks to queue
[2024-07-09T13:51:18.674+0000] {logging_mixin.py:188} INFO - [2024-07-09T13:51:18.674+0000] {dagbag.py:540} INFO - Filling up the DagBag from /home/airflow/.local/lib/python3.11/site-packages/airflow/example_dags/example_trigger_target_dag.py
[2024-07-09T13:51:18.679+0000] {processor.py:840} INFO - DAG(s) 'example_trigger_target_dag' retrieved from /home/airflow/.local/lib/python3.11/site-packages/airflow/example_dags/example_trigger_target_dag.py
[2024-07-09T13:51:18.699+0000] {logging_mixin.py:188} INFO - [2024-07-09T13:51:18.699+0000] {dag.py:3047} INFO - Sync 1 DAGs
[2024-07-09T13:51:18.709+0000] {logging_mixin.py:188} INFO - [2024-07-09T13:51:18.709+0000] {dag.py:3834} INFO - Setting next_dagrun for example_trigger_target_dag to None, run_after=None
[2024-07-09T13:51:18.727+0000] {processor.py:183} INFO - Processing /home/airflow/.local/lib/python3.11/site-packages/airflow/example_dags/example_trigger_target_dag.py took 0.057 seconds
