[2024-07-09T13:18:47.608+0000] {processor.py:161} INFO - Started process (PID=214) to work on /home/airflow/.local/lib/python3.11/site-packages/airflow/example_dags/example_trigger_controller_dag.py
[2024-07-09T13:18:47.608+0000] {processor.py:830} INFO - Processing file /home/airflow/.local/lib/python3.11/site-packages/airflow/example_dags/example_trigger_controller_dag.py for tasks to queue
[2024-07-09T13:18:47.609+0000] {logging_mixin.py:188} INFO - [2024-07-09T13:18:47.609+0000] {dagbag.py:540} INFO - Filling up the DagBag from /home/airflow/.local/lib/python3.11/site-packages/airflow/example_dags/example_trigger_controller_dag.py
[2024-07-09T13:18:47.616+0000] {processor.py:840} INFO - DAG(s) 'example_trigger_controller_dag' retrieved from /home/airflow/.local/lib/python3.11/site-packages/airflow/example_dags/example_trigger_controller_dag.py
[2024-07-09T13:18:47.723+0000] {logging_mixin.py:188} INFO - [2024-07-09T13:18:47.722+0000] {override.py:1769} INFO - Created Permission View: can delete on DAG:example_trigger_controller_dag
[2024-07-09T13:18:47.734+0000] {logging_mixin.py:188} INFO - [2024-07-09T13:18:47.733+0000] {override.py:1769} INFO - Created Permission View: can read on DAG:example_trigger_controller_dag
[2024-07-09T13:18:47.741+0000] {logging_mixin.py:188} INFO - [2024-07-09T13:18:47.741+0000] {override.py:1769} INFO - Created Permission View: can edit on DAG:example_trigger_controller_dag
[2024-07-09T13:18:47.741+0000] {logging_mixin.py:188} INFO - [2024-07-09T13:18:47.741+0000] {dag.py:3047} INFO - Sync 1 DAGs
[2024-07-09T13:18:47.750+0000] {logging_mixin.py:188} INFO - [2024-07-09T13:18:47.750+0000] {dag.py:3069} INFO - Creating ORM DAG for example_trigger_controller_dag
[2024-07-09T13:18:47.760+0000] {logging_mixin.py:188} INFO - [2024-07-09T13:18:47.760+0000] {dag.py:3834} INFO - Setting next_dagrun for example_trigger_controller_dag to 2021-01-01 00:00:00+00:00, run_after=2021-01-01 00:00:00+00:00
[2024-07-09T13:18:47.778+0000] {processor.py:183} INFO - Processing /home/airflow/.local/lib/python3.11/site-packages/airflow/example_dags/example_trigger_controller_dag.py took 0.173 seconds
[2024-07-09T13:19:18.327+0000] {processor.py:161} INFO - Started process (PID=484) to work on /home/airflow/.local/lib/python3.11/site-packages/airflow/example_dags/example_trigger_controller_dag.py
[2024-07-09T13:19:18.328+0000] {processor.py:830} INFO - Processing file /home/airflow/.local/lib/python3.11/site-packages/airflow/example_dags/example_trigger_controller_dag.py for tasks to queue
[2024-07-09T13:19:18.328+0000] {logging_mixin.py:188} INFO - [2024-07-09T13:19:18.328+0000] {dagbag.py:540} INFO - Filling up the DagBag from /home/airflow/.local/lib/python3.11/site-packages/airflow/example_dags/example_trigger_controller_dag.py
[2024-07-09T13:19:18.332+0000] {processor.py:840} INFO - DAG(s) 'example_trigger_controller_dag' retrieved from /home/airflow/.local/lib/python3.11/site-packages/airflow/example_dags/example_trigger_controller_dag.py
[2024-07-09T13:19:18.351+0000] {logging_mixin.py:188} INFO - [2024-07-09T13:19:18.351+0000] {dag.py:3047} INFO - Sync 1 DAGs
[2024-07-09T13:19:18.367+0000] {logging_mixin.py:188} INFO - [2024-07-09T13:19:18.366+0000] {dag.py:3834} INFO - Setting next_dagrun for example_trigger_controller_dag to 2021-01-01 00:00:00+00:00, run_after=2021-01-01 00:00:00+00:00
[2024-07-09T13:19:18.382+0000] {processor.py:183} INFO - Processing /home/airflow/.local/lib/python3.11/site-packages/airflow/example_dags/example_trigger_controller_dag.py took 0.057 seconds
[2024-07-09T13:19:49.222+0000] {processor.py:161} INFO - Started process (PID=754) to work on /home/airflow/.local/lib/python3.11/site-packages/airflow/example_dags/example_trigger_controller_dag.py
[2024-07-09T13:19:49.223+0000] {processor.py:830} INFO - Processing file /home/airflow/.local/lib/python3.11/site-packages/airflow/example_dags/example_trigger_controller_dag.py for tasks to queue
[2024-07-09T13:19:49.224+0000] {logging_mixin.py:188} INFO - [2024-07-09T13:19:49.223+0000] {dagbag.py:540} INFO - Filling up the DagBag from /home/airflow/.local/lib/python3.11/site-packages/airflow/example_dags/example_trigger_controller_dag.py
[2024-07-09T13:19:49.227+0000] {processor.py:840} INFO - DAG(s) 'example_trigger_controller_dag' retrieved from /home/airflow/.local/lib/python3.11/site-packages/airflow/example_dags/example_trigger_controller_dag.py
[2024-07-09T13:19:49.246+0000] {logging_mixin.py:188} INFO - [2024-07-09T13:19:49.246+0000] {dag.py:3047} INFO - Sync 1 DAGs
[2024-07-09T13:19:49.263+0000] {logging_mixin.py:188} INFO - [2024-07-09T13:19:49.262+0000] {dag.py:3834} INFO - Setting next_dagrun for example_trigger_controller_dag to 2021-01-01 00:00:00+00:00, run_after=2021-01-01 00:00:00+00:00
[2024-07-09T13:19:49.278+0000] {processor.py:183} INFO - Processing /home/airflow/.local/lib/python3.11/site-packages/airflow/example_dags/example_trigger_controller_dag.py took 0.058 seconds
[2024-07-09T13:20:20.272+0000] {processor.py:161} INFO - Started process (PID=1024) to work on /home/airflow/.local/lib/python3.11/site-packages/airflow/example_dags/example_trigger_controller_dag.py
[2024-07-09T13:20:20.273+0000] {processor.py:830} INFO - Processing file /home/airflow/.local/lib/python3.11/site-packages/airflow/example_dags/example_trigger_controller_dag.py for tasks to queue
[2024-07-09T13:20:20.276+0000] {logging_mixin.py:188} INFO - [2024-07-09T13:20:20.275+0000] {dagbag.py:540} INFO - Filling up the DagBag from /home/airflow/.local/lib/python3.11/site-packages/airflow/example_dags/example_trigger_controller_dag.py
[2024-07-09T13:20:20.282+0000] {processor.py:840} INFO - DAG(s) 'example_trigger_controller_dag' retrieved from /home/airflow/.local/lib/python3.11/site-packages/airflow/example_dags/example_trigger_controller_dag.py
[2024-07-09T13:20:20.306+0000] {logging_mixin.py:188} INFO - [2024-07-09T13:20:20.306+0000] {dag.py:3047} INFO - Sync 1 DAGs
[2024-07-09T13:20:20.329+0000] {logging_mixin.py:188} INFO - [2024-07-09T13:20:20.329+0000] {dag.py:3834} INFO - Setting next_dagrun for example_trigger_controller_dag to 2021-01-01 00:00:00+00:00, run_after=2021-01-01 00:00:00+00:00
[2024-07-09T13:20:20.472+0000] {processor.py:183} INFO - Processing /home/airflow/.local/lib/python3.11/site-packages/airflow/example_dags/example_trigger_controller_dag.py took 0.203 seconds
[2024-07-09T13:20:51.484+0000] {processor.py:161} INFO - Started process (PID=1294) to work on /home/airflow/.local/lib/python3.11/site-packages/airflow/example_dags/example_trigger_controller_dag.py
[2024-07-09T13:20:51.485+0000] {processor.py:830} INFO - Processing file /home/airflow/.local/lib/python3.11/site-packages/airflow/example_dags/example_trigger_controller_dag.py for tasks to queue
[2024-07-09T13:20:51.486+0000] {logging_mixin.py:188} INFO - [2024-07-09T13:20:51.486+0000] {dagbag.py:540} INFO - Filling up the DagBag from /home/airflow/.local/lib/python3.11/site-packages/airflow/example_dags/example_trigger_controller_dag.py
[2024-07-09T13:20:51.492+0000] {processor.py:840} INFO - DAG(s) 'example_trigger_controller_dag' retrieved from /home/airflow/.local/lib/python3.11/site-packages/airflow/example_dags/example_trigger_controller_dag.py
[2024-07-09T13:20:51.514+0000] {logging_mixin.py:188} INFO - [2024-07-09T13:20:51.514+0000] {dag.py:3047} INFO - Sync 1 DAGs
[2024-07-09T13:20:51.533+0000] {logging_mixin.py:188} INFO - [2024-07-09T13:20:51.532+0000] {dag.py:3834} INFO - Setting next_dagrun for example_trigger_controller_dag to 2021-01-01 00:00:00+00:00, run_after=2021-01-01 00:00:00+00:00
[2024-07-09T13:20:51.549+0000] {processor.py:183} INFO - Processing /home/airflow/.local/lib/python3.11/site-packages/airflow/example_dags/example_trigger_controller_dag.py took 0.068 seconds
[2024-07-09T13:21:22.419+0000] {processor.py:161} INFO - Started process (PID=1564) to work on /home/airflow/.local/lib/python3.11/site-packages/airflow/example_dags/example_trigger_controller_dag.py
[2024-07-09T13:21:22.420+0000] {processor.py:830} INFO - Processing file /home/airflow/.local/lib/python3.11/site-packages/airflow/example_dags/example_trigger_controller_dag.py for tasks to queue
[2024-07-09T13:21:22.421+0000] {logging_mixin.py:188} INFO - [2024-07-09T13:21:22.420+0000] {dagbag.py:540} INFO - Filling up the DagBag from /home/airflow/.local/lib/python3.11/site-packages/airflow/example_dags/example_trigger_controller_dag.py
[2024-07-09T13:21:22.425+0000] {processor.py:840} INFO - DAG(s) 'example_trigger_controller_dag' retrieved from /home/airflow/.local/lib/python3.11/site-packages/airflow/example_dags/example_trigger_controller_dag.py
[2024-07-09T13:21:22.455+0000] {logging_mixin.py:188} INFO - [2024-07-09T13:21:22.455+0000] {dag.py:3047} INFO - Sync 1 DAGs
[2024-07-09T13:21:22.475+0000] {logging_mixin.py:188} INFO - [2024-07-09T13:21:22.474+0000] {dag.py:3834} INFO - Setting next_dagrun for example_trigger_controller_dag to 2021-01-01 00:00:00+00:00, run_after=2021-01-01 00:00:00+00:00
[2024-07-09T13:21:22.492+0000] {processor.py:183} INFO - Processing /home/airflow/.local/lib/python3.11/site-packages/airflow/example_dags/example_trigger_controller_dag.py took 0.077 seconds
[2024-07-09T13:21:53.077+0000] {processor.py:161} INFO - Started process (PID=1834) to work on /home/airflow/.local/lib/python3.11/site-packages/airflow/example_dags/example_trigger_controller_dag.py
[2024-07-09T13:21:53.078+0000] {processor.py:830} INFO - Processing file /home/airflow/.local/lib/python3.11/site-packages/airflow/example_dags/example_trigger_controller_dag.py for tasks to queue
[2024-07-09T13:21:53.079+0000] {logging_mixin.py:188} INFO - [2024-07-09T13:21:53.078+0000] {dagbag.py:540} INFO - Filling up the DagBag from /home/airflow/.local/lib/python3.11/site-packages/airflow/example_dags/example_trigger_controller_dag.py
[2024-07-09T13:21:53.082+0000] {processor.py:840} INFO - DAG(s) 'example_trigger_controller_dag' retrieved from /home/airflow/.local/lib/python3.11/site-packages/airflow/example_dags/example_trigger_controller_dag.py
[2024-07-09T13:21:53.102+0000] {logging_mixin.py:188} INFO - [2024-07-09T13:21:53.102+0000] {dag.py:3047} INFO - Sync 1 DAGs
[2024-07-09T13:21:53.119+0000] {logging_mixin.py:188} INFO - [2024-07-09T13:21:53.119+0000] {dag.py:3834} INFO - Setting next_dagrun for example_trigger_controller_dag to 2021-01-01 00:00:00+00:00, run_after=2021-01-01 00:00:00+00:00
[2024-07-09T13:21:53.242+0000] {processor.py:183} INFO - Processing /home/airflow/.local/lib/python3.11/site-packages/airflow/example_dags/example_trigger_controller_dag.py took 0.167 seconds
[2024-07-09T13:22:23.889+0000] {processor.py:161} INFO - Started process (PID=2104) to work on /home/airflow/.local/lib/python3.11/site-packages/airflow/example_dags/example_trigger_controller_dag.py
[2024-07-09T13:22:23.890+0000] {processor.py:830} INFO - Processing file /home/airflow/.local/lib/python3.11/site-packages/airflow/example_dags/example_trigger_controller_dag.py for tasks to queue
[2024-07-09T13:22:23.890+0000] {logging_mixin.py:188} INFO - [2024-07-09T13:22:23.890+0000] {dagbag.py:540} INFO - Filling up the DagBag from /home/airflow/.local/lib/python3.11/site-packages/airflow/example_dags/example_trigger_controller_dag.py
[2024-07-09T13:22:23.894+0000] {processor.py:840} INFO - DAG(s) 'example_trigger_controller_dag' retrieved from /home/airflow/.local/lib/python3.11/site-packages/airflow/example_dags/example_trigger_controller_dag.py
[2024-07-09T13:22:23.914+0000] {logging_mixin.py:188} INFO - [2024-07-09T13:22:23.914+0000] {dag.py:3047} INFO - Sync 1 DAGs
[2024-07-09T13:22:23.932+0000] {logging_mixin.py:188} INFO - [2024-07-09T13:22:23.932+0000] {dag.py:3834} INFO - Setting next_dagrun for example_trigger_controller_dag to 2021-01-01 00:00:00+00:00, run_after=2021-01-01 00:00:00+00:00
[2024-07-09T13:22:23.947+0000] {processor.py:183} INFO - Processing /home/airflow/.local/lib/python3.11/site-packages/airflow/example_dags/example_trigger_controller_dag.py took 0.061 seconds
[2024-07-09T13:22:54.608+0000] {processor.py:161} INFO - Started process (PID=2374) to work on /home/airflow/.local/lib/python3.11/site-packages/airflow/example_dags/example_trigger_controller_dag.py
[2024-07-09T13:22:54.609+0000] {processor.py:830} INFO - Processing file /home/airflow/.local/lib/python3.11/site-packages/airflow/example_dags/example_trigger_controller_dag.py for tasks to queue
[2024-07-09T13:22:54.610+0000] {logging_mixin.py:188} INFO - [2024-07-09T13:22:54.610+0000] {dagbag.py:540} INFO - Filling up the DagBag from /home/airflow/.local/lib/python3.11/site-packages/airflow/example_dags/example_trigger_controller_dag.py
[2024-07-09T13:22:54.614+0000] {processor.py:840} INFO - DAG(s) 'example_trigger_controller_dag' retrieved from /home/airflow/.local/lib/python3.11/site-packages/airflow/example_dags/example_trigger_controller_dag.py
[2024-07-09T13:22:54.634+0000] {logging_mixin.py:188} INFO - [2024-07-09T13:22:54.634+0000] {dag.py:3047} INFO - Sync 1 DAGs
[2024-07-09T13:22:54.651+0000] {logging_mixin.py:188} INFO - [2024-07-09T13:22:54.651+0000] {dag.py:3834} INFO - Setting next_dagrun for example_trigger_controller_dag to 2021-01-01 00:00:00+00:00, run_after=2021-01-01 00:00:00+00:00
[2024-07-09T13:22:54.667+0000] {processor.py:183} INFO - Processing /home/airflow/.local/lib/python3.11/site-packages/airflow/example_dags/example_trigger_controller_dag.py took 0.062 seconds
[2024-07-09T13:23:25.395+0000] {processor.py:161} INFO - Started process (PID=2644) to work on /home/airflow/.local/lib/python3.11/site-packages/airflow/example_dags/example_trigger_controller_dag.py
[2024-07-09T13:23:25.396+0000] {processor.py:830} INFO - Processing file /home/airflow/.local/lib/python3.11/site-packages/airflow/example_dags/example_trigger_controller_dag.py for tasks to queue
[2024-07-09T13:23:25.397+0000] {logging_mixin.py:188} INFO - [2024-07-09T13:23:25.397+0000] {dagbag.py:540} INFO - Filling up the DagBag from /home/airflow/.local/lib/python3.11/site-packages/airflow/example_dags/example_trigger_controller_dag.py
[2024-07-09T13:23:25.401+0000] {processor.py:840} INFO - DAG(s) 'example_trigger_controller_dag' retrieved from /home/airflow/.local/lib/python3.11/site-packages/airflow/example_dags/example_trigger_controller_dag.py
[2024-07-09T13:23:25.421+0000] {logging_mixin.py:188} INFO - [2024-07-09T13:23:25.421+0000] {dag.py:3047} INFO - Sync 1 DAGs
[2024-07-09T13:23:25.438+0000] {logging_mixin.py:188} INFO - [2024-07-09T13:23:25.438+0000] {dag.py:3834} INFO - Setting next_dagrun for example_trigger_controller_dag to 2021-01-01 00:00:00+00:00, run_after=2021-01-01 00:00:00+00:00
[2024-07-09T13:23:25.453+0000] {processor.py:183} INFO - Processing /home/airflow/.local/lib/python3.11/site-packages/airflow/example_dags/example_trigger_controller_dag.py took 0.061 seconds
[2024-07-09T13:23:56.145+0000] {processor.py:161} INFO - Started process (PID=2914) to work on /home/airflow/.local/lib/python3.11/site-packages/airflow/example_dags/example_trigger_controller_dag.py
[2024-07-09T13:23:56.146+0000] {processor.py:830} INFO - Processing file /home/airflow/.local/lib/python3.11/site-packages/airflow/example_dags/example_trigger_controller_dag.py for tasks to queue
[2024-07-09T13:23:56.147+0000] {logging_mixin.py:188} INFO - [2024-07-09T13:23:56.147+0000] {dagbag.py:540} INFO - Filling up the DagBag from /home/airflow/.local/lib/python3.11/site-packages/airflow/example_dags/example_trigger_controller_dag.py
[2024-07-09T13:23:56.152+0000] {processor.py:840} INFO - DAG(s) 'example_trigger_controller_dag' retrieved from /home/airflow/.local/lib/python3.11/site-packages/airflow/example_dags/example_trigger_controller_dag.py
[2024-07-09T13:23:56.173+0000] {logging_mixin.py:188} INFO - [2024-07-09T13:23:56.172+0000] {dag.py:3047} INFO - Sync 1 DAGs
[2024-07-09T13:23:56.189+0000] {logging_mixin.py:188} INFO - [2024-07-09T13:23:56.189+0000] {dag.py:3834} INFO - Setting next_dagrun for example_trigger_controller_dag to 2021-01-01 00:00:00+00:00, run_after=2021-01-01 00:00:00+00:00
[2024-07-09T13:23:56.201+0000] {processor.py:183} INFO - Processing /home/airflow/.local/lib/python3.11/site-packages/airflow/example_dags/example_trigger_controller_dag.py took 0.060 seconds
[2024-07-09T13:24:26.836+0000] {processor.py:161} INFO - Started process (PID=3184) to work on /home/airflow/.local/lib/python3.11/site-packages/airflow/example_dags/example_trigger_controller_dag.py
[2024-07-09T13:24:26.837+0000] {processor.py:830} INFO - Processing file /home/airflow/.local/lib/python3.11/site-packages/airflow/example_dags/example_trigger_controller_dag.py for tasks to queue
[2024-07-09T13:24:26.837+0000] {logging_mixin.py:188} INFO - [2024-07-09T13:24:26.837+0000] {dagbag.py:540} INFO - Filling up the DagBag from /home/airflow/.local/lib/python3.11/site-packages/airflow/example_dags/example_trigger_controller_dag.py
[2024-07-09T13:24:26.841+0000] {processor.py:840} INFO - DAG(s) 'example_trigger_controller_dag' retrieved from /home/airflow/.local/lib/python3.11/site-packages/airflow/example_dags/example_trigger_controller_dag.py
[2024-07-09T13:24:26.860+0000] {logging_mixin.py:188} INFO - [2024-07-09T13:24:26.860+0000] {dag.py:3047} INFO - Sync 1 DAGs
[2024-07-09T13:24:26.876+0000] {logging_mixin.py:188} INFO - [2024-07-09T13:24:26.876+0000] {dag.py:3834} INFO - Setting next_dagrun for example_trigger_controller_dag to 2021-01-01 00:00:00+00:00, run_after=2021-01-01 00:00:00+00:00
[2024-07-09T13:24:26.892+0000] {processor.py:183} INFO - Processing /home/airflow/.local/lib/python3.11/site-packages/airflow/example_dags/example_trigger_controller_dag.py took 0.059 seconds
[2024-07-09T13:24:57.538+0000] {processor.py:161} INFO - Started process (PID=3454) to work on /home/airflow/.local/lib/python3.11/site-packages/airflow/example_dags/example_trigger_controller_dag.py
[2024-07-09T13:24:57.539+0000] {processor.py:830} INFO - Processing file /home/airflow/.local/lib/python3.11/site-packages/airflow/example_dags/example_trigger_controller_dag.py for tasks to queue
[2024-07-09T13:24:57.540+0000] {logging_mixin.py:188} INFO - [2024-07-09T13:24:57.539+0000] {dagbag.py:540} INFO - Filling up the DagBag from /home/airflow/.local/lib/python3.11/site-packages/airflow/example_dags/example_trigger_controller_dag.py
[2024-07-09T13:24:57.543+0000] {processor.py:840} INFO - DAG(s) 'example_trigger_controller_dag' retrieved from /home/airflow/.local/lib/python3.11/site-packages/airflow/example_dags/example_trigger_controller_dag.py
[2024-07-09T13:24:57.563+0000] {logging_mixin.py:188} INFO - [2024-07-09T13:24:57.563+0000] {dag.py:3047} INFO - Sync 1 DAGs
[2024-07-09T13:24:57.579+0000] {logging_mixin.py:188} INFO - [2024-07-09T13:24:57.579+0000] {dag.py:3834} INFO - Setting next_dagrun for example_trigger_controller_dag to 2021-01-01 00:00:00+00:00, run_after=2021-01-01 00:00:00+00:00
[2024-07-09T13:24:57.593+0000] {processor.py:183} INFO - Processing /home/airflow/.local/lib/python3.11/site-packages/airflow/example_dags/example_trigger_controller_dag.py took 0.058 seconds
[2024-07-09T13:26:08.570+0000] {processor.py:161} INFO - Started process (PID=217) to work on /home/airflow/.local/lib/python3.11/site-packages/airflow/example_dags/example_trigger_controller_dag.py
[2024-07-09T13:26:08.572+0000] {processor.py:830} INFO - Processing file /home/airflow/.local/lib/python3.11/site-packages/airflow/example_dags/example_trigger_controller_dag.py for tasks to queue
[2024-07-09T13:26:08.572+0000] {logging_mixin.py:188} INFO - [2024-07-09T13:26:08.572+0000] {dagbag.py:540} INFO - Filling up the DagBag from /home/airflow/.local/lib/python3.11/site-packages/airflow/example_dags/example_trigger_controller_dag.py
[2024-07-09T13:26:08.580+0000] {processor.py:840} INFO - DAG(s) 'example_trigger_controller_dag' retrieved from /home/airflow/.local/lib/python3.11/site-packages/airflow/example_dags/example_trigger_controller_dag.py
[2024-07-09T13:26:08.664+0000] {logging_mixin.py:188} INFO - [2024-07-09T13:26:08.664+0000] {override.py:1769} INFO - Created Permission View: can delete on DAG:example_trigger_controller_dag
[2024-07-09T13:26:08.673+0000] {logging_mixin.py:188} INFO - [2024-07-09T13:26:08.672+0000] {override.py:1769} INFO - Created Permission View: can read on DAG:example_trigger_controller_dag
[2024-07-09T13:26:08.678+0000] {logging_mixin.py:188} INFO - [2024-07-09T13:26:08.677+0000] {override.py:1769} INFO - Created Permission View: can edit on DAG:example_trigger_controller_dag
[2024-07-09T13:26:08.678+0000] {logging_mixin.py:188} INFO - [2024-07-09T13:26:08.678+0000] {dag.py:3047} INFO - Sync 1 DAGs
[2024-07-09T13:26:08.686+0000] {logging_mixin.py:188} INFO - [2024-07-09T13:26:08.686+0000] {dag.py:3069} INFO - Creating ORM DAG for example_trigger_controller_dag
[2024-07-09T13:26:08.693+0000] {logging_mixin.py:188} INFO - [2024-07-09T13:26:08.692+0000] {dag.py:3834} INFO - Setting next_dagrun for example_trigger_controller_dag to 2021-01-01 00:00:00+00:00, run_after=2021-01-01 00:00:00+00:00
[2024-07-09T13:26:08.705+0000] {processor.py:183} INFO - Processing /home/airflow/.local/lib/python3.11/site-packages/airflow/example_dags/example_trigger_controller_dag.py took 0.137 seconds
[2024-07-09T13:26:39.275+0000] {processor.py:161} INFO - Started process (PID=485) to work on /home/airflow/.local/lib/python3.11/site-packages/airflow/example_dags/example_trigger_controller_dag.py
[2024-07-09T13:26:39.276+0000] {processor.py:830} INFO - Processing file /home/airflow/.local/lib/python3.11/site-packages/airflow/example_dags/example_trigger_controller_dag.py for tasks to queue
[2024-07-09T13:26:39.277+0000] {logging_mixin.py:188} INFO - [2024-07-09T13:26:39.277+0000] {dagbag.py:540} INFO - Filling up the DagBag from /home/airflow/.local/lib/python3.11/site-packages/airflow/example_dags/example_trigger_controller_dag.py
[2024-07-09T13:26:39.280+0000] {processor.py:840} INFO - DAG(s) 'example_trigger_controller_dag' retrieved from /home/airflow/.local/lib/python3.11/site-packages/airflow/example_dags/example_trigger_controller_dag.py
[2024-07-09T13:26:39.302+0000] {logging_mixin.py:188} INFO - [2024-07-09T13:26:39.302+0000] {dag.py:3047} INFO - Sync 1 DAGs
[2024-07-09T13:26:39.321+0000] {logging_mixin.py:188} INFO - [2024-07-09T13:26:39.321+0000] {dag.py:3834} INFO - Setting next_dagrun for example_trigger_controller_dag to 2021-01-01 00:00:00+00:00, run_after=2021-01-01 00:00:00+00:00
[2024-07-09T13:26:39.338+0000] {processor.py:183} INFO - Processing /home/airflow/.local/lib/python3.11/site-packages/airflow/example_dags/example_trigger_controller_dag.py took 0.066 seconds
[2024-07-09T13:27:09.858+0000] {processor.py:161} INFO - Started process (PID=755) to work on /home/airflow/.local/lib/python3.11/site-packages/airflow/example_dags/example_trigger_controller_dag.py
[2024-07-09T13:27:09.859+0000] {processor.py:830} INFO - Processing file /home/airflow/.local/lib/python3.11/site-packages/airflow/example_dags/example_trigger_controller_dag.py for tasks to queue
[2024-07-09T13:27:09.860+0000] {logging_mixin.py:188} INFO - [2024-07-09T13:27:09.859+0000] {dagbag.py:540} INFO - Filling up the DagBag from /home/airflow/.local/lib/python3.11/site-packages/airflow/example_dags/example_trigger_controller_dag.py
[2024-07-09T13:27:09.863+0000] {processor.py:840} INFO - DAG(s) 'example_trigger_controller_dag' retrieved from /home/airflow/.local/lib/python3.11/site-packages/airflow/example_dags/example_trigger_controller_dag.py
[2024-07-09T13:27:09.883+0000] {logging_mixin.py:188} INFO - [2024-07-09T13:27:09.883+0000] {dag.py:3047} INFO - Sync 1 DAGs
[2024-07-09T13:27:09.900+0000] {logging_mixin.py:188} INFO - [2024-07-09T13:27:09.900+0000] {dag.py:3834} INFO - Setting next_dagrun for example_trigger_controller_dag to 2021-01-01 00:00:00+00:00, run_after=2021-01-01 00:00:00+00:00
[2024-07-09T13:27:09.916+0000] {processor.py:183} INFO - Processing /home/airflow/.local/lib/python3.11/site-packages/airflow/example_dags/example_trigger_controller_dag.py took 0.061 seconds
[2024-07-09T13:27:40.424+0000] {processor.py:161} INFO - Started process (PID=1025) to work on /home/airflow/.local/lib/python3.11/site-packages/airflow/example_dags/example_trigger_controller_dag.py
[2024-07-09T13:27:40.425+0000] {processor.py:830} INFO - Processing file /home/airflow/.local/lib/python3.11/site-packages/airflow/example_dags/example_trigger_controller_dag.py for tasks to queue
[2024-07-09T13:27:40.426+0000] {logging_mixin.py:188} INFO - [2024-07-09T13:27:40.426+0000] {dagbag.py:540} INFO - Filling up the DagBag from /home/airflow/.local/lib/python3.11/site-packages/airflow/example_dags/example_trigger_controller_dag.py
[2024-07-09T13:27:40.430+0000] {processor.py:840} INFO - DAG(s) 'example_trigger_controller_dag' retrieved from /home/airflow/.local/lib/python3.11/site-packages/airflow/example_dags/example_trigger_controller_dag.py
[2024-07-09T13:27:40.455+0000] {logging_mixin.py:188} INFO - [2024-07-09T13:27:40.454+0000] {dag.py:3047} INFO - Sync 1 DAGs
[2024-07-09T13:27:40.476+0000] {logging_mixin.py:188} INFO - [2024-07-09T13:27:40.475+0000] {dag.py:3834} INFO - Setting next_dagrun for example_trigger_controller_dag to 2021-01-01 00:00:00+00:00, run_after=2021-01-01 00:00:00+00:00
[2024-07-09T13:27:40.587+0000] {processor.py:183} INFO - Processing /home/airflow/.local/lib/python3.11/site-packages/airflow/example_dags/example_trigger_controller_dag.py took 0.166 seconds
[2024-07-09T13:28:11.361+0000] {processor.py:161} INFO - Started process (PID=1283) to work on /home/airflow/.local/lib/python3.11/site-packages/airflow/example_dags/example_trigger_controller_dag.py
[2024-07-09T13:28:11.362+0000] {processor.py:830} INFO - Processing file /home/airflow/.local/lib/python3.11/site-packages/airflow/example_dags/example_trigger_controller_dag.py for tasks to queue
[2024-07-09T13:28:11.363+0000] {logging_mixin.py:188} INFO - [2024-07-09T13:28:11.363+0000] {dagbag.py:540} INFO - Filling up the DagBag from /home/airflow/.local/lib/python3.11/site-packages/airflow/example_dags/example_trigger_controller_dag.py
[2024-07-09T13:28:11.369+0000] {processor.py:840} INFO - DAG(s) 'example_trigger_controller_dag' retrieved from /home/airflow/.local/lib/python3.11/site-packages/airflow/example_dags/example_trigger_controller_dag.py
[2024-07-09T13:28:11.397+0000] {logging_mixin.py:188} INFO - [2024-07-09T13:28:11.397+0000] {dag.py:3047} INFO - Sync 1 DAGs
[2024-07-09T13:28:11.419+0000] {logging_mixin.py:188} INFO - [2024-07-09T13:28:11.419+0000] {dag.py:3834} INFO - Setting next_dagrun for example_trigger_controller_dag to 2021-01-01 00:00:00+00:00, run_after=2021-01-01 00:00:00+00:00
[2024-07-09T13:28:11.440+0000] {processor.py:183} INFO - Processing /home/airflow/.local/lib/python3.11/site-packages/airflow/example_dags/example_trigger_controller_dag.py took 0.081 seconds
[2024-07-09T13:28:41.730+0000] {processor.py:161} INFO - Started process (PID=1549) to work on /home/airflow/.local/lib/python3.11/site-packages/airflow/example_dags/example_trigger_controller_dag.py
[2024-07-09T13:28:41.731+0000] {processor.py:830} INFO - Processing file /home/airflow/.local/lib/python3.11/site-packages/airflow/example_dags/example_trigger_controller_dag.py for tasks to queue
[2024-07-09T13:28:41.731+0000] {logging_mixin.py:188} INFO - [2024-07-09T13:28:41.731+0000] {dagbag.py:540} INFO - Filling up the DagBag from /home/airflow/.local/lib/python3.11/site-packages/airflow/example_dags/example_trigger_controller_dag.py
[2024-07-09T13:28:41.735+0000] {processor.py:840} INFO - DAG(s) 'example_trigger_controller_dag' retrieved from /home/airflow/.local/lib/python3.11/site-packages/airflow/example_dags/example_trigger_controller_dag.py
[2024-07-09T13:28:41.756+0000] {logging_mixin.py:188} INFO - [2024-07-09T13:28:41.756+0000] {dag.py:3047} INFO - Sync 1 DAGs
[2024-07-09T13:28:41.775+0000] {logging_mixin.py:188} INFO - [2024-07-09T13:28:41.774+0000] {dag.py:3834} INFO - Setting next_dagrun for example_trigger_controller_dag to 2021-01-01 00:00:00+00:00, run_after=2021-01-01 00:00:00+00:00
[2024-07-09T13:28:41.791+0000] {processor.py:183} INFO - Processing /home/airflow/.local/lib/python3.11/site-packages/airflow/example_dags/example_trigger_controller_dag.py took 0.064 seconds
[2024-07-09T13:29:12.187+0000] {processor.py:161} INFO - Started process (PID=1819) to work on /home/airflow/.local/lib/python3.11/site-packages/airflow/example_dags/example_trigger_controller_dag.py
[2024-07-09T13:29:12.188+0000] {processor.py:830} INFO - Processing file /home/airflow/.local/lib/python3.11/site-packages/airflow/example_dags/example_trigger_controller_dag.py for tasks to queue
[2024-07-09T13:29:12.189+0000] {logging_mixin.py:188} INFO - [2024-07-09T13:29:12.188+0000] {dagbag.py:540} INFO - Filling up the DagBag from /home/airflow/.local/lib/python3.11/site-packages/airflow/example_dags/example_trigger_controller_dag.py
[2024-07-09T13:29:12.193+0000] {processor.py:840} INFO - DAG(s) 'example_trigger_controller_dag' retrieved from /home/airflow/.local/lib/python3.11/site-packages/airflow/example_dags/example_trigger_controller_dag.py
[2024-07-09T13:29:12.212+0000] {logging_mixin.py:188} INFO - [2024-07-09T13:29:12.212+0000] {dag.py:3047} INFO - Sync 1 DAGs
[2024-07-09T13:29:12.228+0000] {logging_mixin.py:188} INFO - [2024-07-09T13:29:12.228+0000] {dag.py:3834} INFO - Setting next_dagrun for example_trigger_controller_dag to 2021-01-01 00:00:00+00:00, run_after=2021-01-01 00:00:00+00:00
[2024-07-09T13:29:12.242+0000] {processor.py:183} INFO - Processing /home/airflow/.local/lib/python3.11/site-packages/airflow/example_dags/example_trigger_controller_dag.py took 0.057 seconds
[2024-07-09T13:29:42.561+0000] {processor.py:161} INFO - Started process (PID=2089) to work on /home/airflow/.local/lib/python3.11/site-packages/airflow/example_dags/example_trigger_controller_dag.py
[2024-07-09T13:29:42.562+0000] {processor.py:830} INFO - Processing file /home/airflow/.local/lib/python3.11/site-packages/airflow/example_dags/example_trigger_controller_dag.py for tasks to queue
[2024-07-09T13:29:42.563+0000] {logging_mixin.py:188} INFO - [2024-07-09T13:29:42.563+0000] {dagbag.py:540} INFO - Filling up the DagBag from /home/airflow/.local/lib/python3.11/site-packages/airflow/example_dags/example_trigger_controller_dag.py
[2024-07-09T13:29:42.567+0000] {processor.py:840} INFO - DAG(s) 'example_trigger_controller_dag' retrieved from /home/airflow/.local/lib/python3.11/site-packages/airflow/example_dags/example_trigger_controller_dag.py
[2024-07-09T13:29:42.586+0000] {logging_mixin.py:188} INFO - [2024-07-09T13:29:42.586+0000] {dag.py:3047} INFO - Sync 1 DAGs
[2024-07-09T13:29:42.601+0000] {logging_mixin.py:188} INFO - [2024-07-09T13:29:42.601+0000] {dag.py:3834} INFO - Setting next_dagrun for example_trigger_controller_dag to 2021-01-01 00:00:00+00:00, run_after=2021-01-01 00:00:00+00:00
[2024-07-09T13:29:42.615+0000] {processor.py:183} INFO - Processing /home/airflow/.local/lib/python3.11/site-packages/airflow/example_dags/example_trigger_controller_dag.py took 0.057 seconds
[2024-07-09T13:31:36.795+0000] {processor.py:161} INFO - Started process (PID=216) to work on /home/airflow/.local/lib/python3.11/site-packages/airflow/example_dags/example_trigger_controller_dag.py
[2024-07-09T13:31:36.796+0000] {processor.py:830} INFO - Processing file /home/airflow/.local/lib/python3.11/site-packages/airflow/example_dags/example_trigger_controller_dag.py for tasks to queue
[2024-07-09T13:31:36.797+0000] {logging_mixin.py:188} INFO - [2024-07-09T13:31:36.797+0000] {dagbag.py:540} INFO - Filling up the DagBag from /home/airflow/.local/lib/python3.11/site-packages/airflow/example_dags/example_trigger_controller_dag.py
[2024-07-09T13:31:36.807+0000] {processor.py:840} INFO - DAG(s) 'example_trigger_controller_dag' retrieved from /home/airflow/.local/lib/python3.11/site-packages/airflow/example_dags/example_trigger_controller_dag.py
[2024-07-09T13:31:36.895+0000] {logging_mixin.py:188} INFO - [2024-07-09T13:31:36.895+0000] {override.py:1769} INFO - Created Permission View: can edit on DAG:example_trigger_controller_dag
[2024-07-09T13:31:36.905+0000] {logging_mixin.py:188} INFO - [2024-07-09T13:31:36.904+0000] {override.py:1769} INFO - Created Permission View: can delete on DAG:example_trigger_controller_dag
[2024-07-09T13:31:36.910+0000] {logging_mixin.py:188} INFO - [2024-07-09T13:31:36.910+0000] {override.py:1769} INFO - Created Permission View: can read on DAG:example_trigger_controller_dag
[2024-07-09T13:31:36.911+0000] {logging_mixin.py:188} INFO - [2024-07-09T13:31:36.911+0000] {dag.py:3047} INFO - Sync 1 DAGs
[2024-07-09T13:31:36.920+0000] {logging_mixin.py:188} INFO - [2024-07-09T13:31:36.919+0000] {dag.py:3069} INFO - Creating ORM DAG for example_trigger_controller_dag
[2024-07-09T13:31:36.927+0000] {logging_mixin.py:188} INFO - [2024-07-09T13:31:36.927+0000] {dag.py:3834} INFO - Setting next_dagrun for example_trigger_controller_dag to 2021-01-01 00:00:00+00:00, run_after=2021-01-01 00:00:00+00:00
[2024-07-09T13:31:36.941+0000] {processor.py:183} INFO - Processing /home/airflow/.local/lib/python3.11/site-packages/airflow/example_dags/example_trigger_controller_dag.py took 0.148 seconds
[2024-07-09T13:32:06.993+0000] {processor.py:161} INFO - Started process (PID=484) to work on /home/airflow/.local/lib/python3.11/site-packages/airflow/example_dags/example_trigger_controller_dag.py
[2024-07-09T13:32:06.994+0000] {processor.py:830} INFO - Processing file /home/airflow/.local/lib/python3.11/site-packages/airflow/example_dags/example_trigger_controller_dag.py for tasks to queue
[2024-07-09T13:32:06.995+0000] {logging_mixin.py:188} INFO - [2024-07-09T13:32:06.995+0000] {dagbag.py:540} INFO - Filling up the DagBag from /home/airflow/.local/lib/python3.11/site-packages/airflow/example_dags/example_trigger_controller_dag.py
[2024-07-09T13:32:06.998+0000] {processor.py:840} INFO - DAG(s) 'example_trigger_controller_dag' retrieved from /home/airflow/.local/lib/python3.11/site-packages/airflow/example_dags/example_trigger_controller_dag.py
[2024-07-09T13:32:07.018+0000] {logging_mixin.py:188} INFO - [2024-07-09T13:32:07.018+0000] {dag.py:3047} INFO - Sync 1 DAGs
[2024-07-09T13:32:07.036+0000] {logging_mixin.py:188} INFO - [2024-07-09T13:32:07.036+0000] {dag.py:3834} INFO - Setting next_dagrun for example_trigger_controller_dag to 2021-01-01 00:00:00+00:00, run_after=2021-01-01 00:00:00+00:00
[2024-07-09T13:32:07.053+0000] {processor.py:183} INFO - Processing /home/airflow/.local/lib/python3.11/site-packages/airflow/example_dags/example_trigger_controller_dag.py took 0.062 seconds
[2024-07-09T13:32:37.201+0000] {processor.py:161} INFO - Started process (PID=741) to work on /home/airflow/.local/lib/python3.11/site-packages/airflow/example_dags/example_trigger_controller_dag.py
[2024-07-09T13:32:37.202+0000] {processor.py:830} INFO - Processing file /home/airflow/.local/lib/python3.11/site-packages/airflow/example_dags/example_trigger_controller_dag.py for tasks to queue
[2024-07-09T13:32:37.202+0000] {logging_mixin.py:188} INFO - [2024-07-09T13:32:37.202+0000] {dagbag.py:540} INFO - Filling up the DagBag from /home/airflow/.local/lib/python3.11/site-packages/airflow/example_dags/example_trigger_controller_dag.py
[2024-07-09T13:32:37.206+0000] {processor.py:840} INFO - DAG(s) 'example_trigger_controller_dag' retrieved from /home/airflow/.local/lib/python3.11/site-packages/airflow/example_dags/example_trigger_controller_dag.py
[2024-07-09T13:32:37.227+0000] {logging_mixin.py:188} INFO - [2024-07-09T13:32:37.227+0000] {dag.py:3047} INFO - Sync 1 DAGs
[2024-07-09T13:32:37.245+0000] {logging_mixin.py:188} INFO - [2024-07-09T13:32:37.244+0000] {dag.py:3834} INFO - Setting next_dagrun for example_trigger_controller_dag to 2021-01-01 00:00:00+00:00, run_after=2021-01-01 00:00:00+00:00
[2024-07-09T13:32:37.260+0000] {processor.py:183} INFO - Processing /home/airflow/.local/lib/python3.11/site-packages/airflow/example_dags/example_trigger_controller_dag.py took 0.062 seconds
[2024-07-09T13:33:07.524+0000] {processor.py:161} INFO - Started process (PID=1008) to work on /home/airflow/.local/lib/python3.11/site-packages/airflow/example_dags/example_trigger_controller_dag.py
[2024-07-09T13:33:07.525+0000] {processor.py:830} INFO - Processing file /home/airflow/.local/lib/python3.11/site-packages/airflow/example_dags/example_trigger_controller_dag.py for tasks to queue
[2024-07-09T13:33:07.526+0000] {logging_mixin.py:188} INFO - [2024-07-09T13:33:07.526+0000] {dagbag.py:540} INFO - Filling up the DagBag from /home/airflow/.local/lib/python3.11/site-packages/airflow/example_dags/example_trigger_controller_dag.py
[2024-07-09T13:33:07.529+0000] {processor.py:840} INFO - DAG(s) 'example_trigger_controller_dag' retrieved from /home/airflow/.local/lib/python3.11/site-packages/airflow/example_dags/example_trigger_controller_dag.py
[2024-07-09T13:33:07.549+0000] {logging_mixin.py:188} INFO - [2024-07-09T13:33:07.549+0000] {dag.py:3047} INFO - Sync 1 DAGs
[2024-07-09T13:33:07.567+0000] {logging_mixin.py:188} INFO - [2024-07-09T13:33:07.567+0000] {dag.py:3834} INFO - Setting next_dagrun for example_trigger_controller_dag to 2021-01-01 00:00:00+00:00, run_after=2021-01-01 00:00:00+00:00
[2024-07-09T13:33:07.681+0000] {processor.py:183} INFO - Processing /home/airflow/.local/lib/python3.11/site-packages/airflow/example_dags/example_trigger_controller_dag.py took 0.159 seconds
[2024-07-09T13:33:38.591+0000] {processor.py:161} INFO - Started process (PID=1281) to work on /home/airflow/.local/lib/python3.11/site-packages/airflow/example_dags/example_trigger_controller_dag.py
[2024-07-09T13:33:38.592+0000] {processor.py:830} INFO - Processing file /home/airflow/.local/lib/python3.11/site-packages/airflow/example_dags/example_trigger_controller_dag.py for tasks to queue
[2024-07-09T13:33:38.592+0000] {logging_mixin.py:188} INFO - [2024-07-09T13:33:38.592+0000] {dagbag.py:540} INFO - Filling up the DagBag from /home/airflow/.local/lib/python3.11/site-packages/airflow/example_dags/example_trigger_controller_dag.py
[2024-07-09T13:33:38.596+0000] {processor.py:840} INFO - DAG(s) 'example_trigger_controller_dag' retrieved from /home/airflow/.local/lib/python3.11/site-packages/airflow/example_dags/example_trigger_controller_dag.py
[2024-07-09T13:33:38.617+0000] {logging_mixin.py:188} INFO - [2024-07-09T13:33:38.617+0000] {dag.py:3047} INFO - Sync 1 DAGs
[2024-07-09T13:33:38.635+0000] {logging_mixin.py:188} INFO - [2024-07-09T13:33:38.634+0000] {dag.py:3834} INFO - Setting next_dagrun for example_trigger_controller_dag to 2021-01-01 00:00:00+00:00, run_after=2021-01-01 00:00:00+00:00
[2024-07-09T13:33:38.651+0000] {processor.py:183} INFO - Processing /home/airflow/.local/lib/python3.11/site-packages/airflow/example_dags/example_trigger_controller_dag.py took 0.063 seconds
[2024-07-09T13:34:09.141+0000] {processor.py:161} INFO - Started process (PID=1551) to work on /home/airflow/.local/lib/python3.11/site-packages/airflow/example_dags/example_trigger_controller_dag.py
[2024-07-09T13:34:09.142+0000] {processor.py:830} INFO - Processing file /home/airflow/.local/lib/python3.11/site-packages/airflow/example_dags/example_trigger_controller_dag.py for tasks to queue
[2024-07-09T13:34:09.143+0000] {logging_mixin.py:188} INFO - [2024-07-09T13:34:09.143+0000] {dagbag.py:540} INFO - Filling up the DagBag from /home/airflow/.local/lib/python3.11/site-packages/airflow/example_dags/example_trigger_controller_dag.py
[2024-07-09T13:34:09.148+0000] {processor.py:840} INFO - DAG(s) 'example_trigger_controller_dag' retrieved from /home/airflow/.local/lib/python3.11/site-packages/airflow/example_dags/example_trigger_controller_dag.py
[2024-07-09T13:34:09.170+0000] {logging_mixin.py:188} INFO - [2024-07-09T13:34:09.170+0000] {dag.py:3047} INFO - Sync 1 DAGs
[2024-07-09T13:34:09.189+0000] {logging_mixin.py:188} INFO - [2024-07-09T13:34:09.189+0000] {dag.py:3834} INFO - Setting next_dagrun for example_trigger_controller_dag to 2021-01-01 00:00:00+00:00, run_after=2021-01-01 00:00:00+00:00
[2024-07-09T13:34:09.205+0000] {processor.py:183} INFO - Processing /home/airflow/.local/lib/python3.11/site-packages/airflow/example_dags/example_trigger_controller_dag.py took 0.067 seconds
[2024-07-09T13:34:39.477+0000] {processor.py:161} INFO - Started process (PID=1818) to work on /home/airflow/.local/lib/python3.11/site-packages/airflow/example_dags/example_trigger_controller_dag.py
[2024-07-09T13:34:39.478+0000] {processor.py:830} INFO - Processing file /home/airflow/.local/lib/python3.11/site-packages/airflow/example_dags/example_trigger_controller_dag.py for tasks to queue
[2024-07-09T13:34:39.479+0000] {logging_mixin.py:188} INFO - [2024-07-09T13:34:39.479+0000] {dagbag.py:540} INFO - Filling up the DagBag from /home/airflow/.local/lib/python3.11/site-packages/airflow/example_dags/example_trigger_controller_dag.py
[2024-07-09T13:34:39.483+0000] {processor.py:840} INFO - DAG(s) 'example_trigger_controller_dag' retrieved from /home/airflow/.local/lib/python3.11/site-packages/airflow/example_dags/example_trigger_controller_dag.py
[2024-07-09T13:34:39.504+0000] {logging_mixin.py:188} INFO - [2024-07-09T13:34:39.503+0000] {dag.py:3047} INFO - Sync 1 DAGs
[2024-07-09T13:34:39.520+0000] {logging_mixin.py:188} INFO - [2024-07-09T13:34:39.520+0000] {dag.py:3834} INFO - Setting next_dagrun for example_trigger_controller_dag to 2021-01-01 00:00:00+00:00, run_after=2021-01-01 00:00:00+00:00
[2024-07-09T13:34:39.535+0000] {processor.py:183} INFO - Processing /home/airflow/.local/lib/python3.11/site-packages/airflow/example_dags/example_trigger_controller_dag.py took 0.061 seconds
[2024-07-09T13:35:09.744+0000] {processor.py:161} INFO - Started process (PID=2088) to work on /home/airflow/.local/lib/python3.11/site-packages/airflow/example_dags/example_trigger_controller_dag.py
[2024-07-09T13:35:09.745+0000] {processor.py:830} INFO - Processing file /home/airflow/.local/lib/python3.11/site-packages/airflow/example_dags/example_trigger_controller_dag.py for tasks to queue
[2024-07-09T13:35:09.746+0000] {logging_mixin.py:188} INFO - [2024-07-09T13:35:09.746+0000] {dagbag.py:540} INFO - Filling up the DagBag from /home/airflow/.local/lib/python3.11/site-packages/airflow/example_dags/example_trigger_controller_dag.py
[2024-07-09T13:35:09.750+0000] {processor.py:840} INFO - DAG(s) 'example_trigger_controller_dag' retrieved from /home/airflow/.local/lib/python3.11/site-packages/airflow/example_dags/example_trigger_controller_dag.py
[2024-07-09T13:35:09.770+0000] {logging_mixin.py:188} INFO - [2024-07-09T13:35:09.770+0000] {dag.py:3047} INFO - Sync 1 DAGs
[2024-07-09T13:35:09.788+0000] {logging_mixin.py:188} INFO - [2024-07-09T13:35:09.787+0000] {dag.py:3834} INFO - Setting next_dagrun for example_trigger_controller_dag to 2021-01-01 00:00:00+00:00, run_after=2021-01-01 00:00:00+00:00
[2024-07-09T13:35:09.807+0000] {processor.py:183} INFO - Processing /home/airflow/.local/lib/python3.11/site-packages/airflow/example_dags/example_trigger_controller_dag.py took 0.067 seconds
[2024-07-09T13:35:40.058+0000] {processor.py:161} INFO - Started process (PID=2358) to work on /home/airflow/.local/lib/python3.11/site-packages/airflow/example_dags/example_trigger_controller_dag.py
[2024-07-09T13:35:40.059+0000] {processor.py:830} INFO - Processing file /home/airflow/.local/lib/python3.11/site-packages/airflow/example_dags/example_trigger_controller_dag.py for tasks to queue
[2024-07-09T13:35:40.060+0000] {logging_mixin.py:188} INFO - [2024-07-09T13:35:40.059+0000] {dagbag.py:540} INFO - Filling up the DagBag from /home/airflow/.local/lib/python3.11/site-packages/airflow/example_dags/example_trigger_controller_dag.py
[2024-07-09T13:35:40.063+0000] {processor.py:840} INFO - DAG(s) 'example_trigger_controller_dag' retrieved from /home/airflow/.local/lib/python3.11/site-packages/airflow/example_dags/example_trigger_controller_dag.py
[2024-07-09T13:35:40.085+0000] {logging_mixin.py:188} INFO - [2024-07-09T13:35:40.084+0000] {dag.py:3047} INFO - Sync 1 DAGs
[2024-07-09T13:35:40.101+0000] {logging_mixin.py:188} INFO - [2024-07-09T13:35:40.101+0000] {dag.py:3834} INFO - Setting next_dagrun for example_trigger_controller_dag to 2021-01-01 00:00:00+00:00, run_after=2021-01-01 00:00:00+00:00
[2024-07-09T13:35:40.117+0000] {processor.py:183} INFO - Processing /home/airflow/.local/lib/python3.11/site-packages/airflow/example_dags/example_trigger_controller_dag.py took 0.062 seconds
[2024-07-09T13:36:10.459+0000] {processor.py:161} INFO - Started process (PID=2628) to work on /home/airflow/.local/lib/python3.11/site-packages/airflow/example_dags/example_trigger_controller_dag.py
[2024-07-09T13:36:10.460+0000] {processor.py:830} INFO - Processing file /home/airflow/.local/lib/python3.11/site-packages/airflow/example_dags/example_trigger_controller_dag.py for tasks to queue
[2024-07-09T13:36:10.461+0000] {logging_mixin.py:188} INFO - [2024-07-09T13:36:10.461+0000] {dagbag.py:540} INFO - Filling up the DagBag from /home/airflow/.local/lib/python3.11/site-packages/airflow/example_dags/example_trigger_controller_dag.py
[2024-07-09T13:36:10.464+0000] {processor.py:840} INFO - DAG(s) 'example_trigger_controller_dag' retrieved from /home/airflow/.local/lib/python3.11/site-packages/airflow/example_dags/example_trigger_controller_dag.py
[2024-07-09T13:36:10.485+0000] {logging_mixin.py:188} INFO - [2024-07-09T13:36:10.485+0000] {dag.py:3047} INFO - Sync 1 DAGs
[2024-07-09T13:36:10.503+0000] {logging_mixin.py:188} INFO - [2024-07-09T13:36:10.503+0000] {dag.py:3834} INFO - Setting next_dagrun for example_trigger_controller_dag to 2021-01-01 00:00:00+00:00, run_after=2021-01-01 00:00:00+00:00
[2024-07-09T13:36:10.521+0000] {processor.py:183} INFO - Processing /home/airflow/.local/lib/python3.11/site-packages/airflow/example_dags/example_trigger_controller_dag.py took 0.065 seconds
[2024-07-09T13:36:40.855+0000] {processor.py:161} INFO - Started process (PID=2898) to work on /home/airflow/.local/lib/python3.11/site-packages/airflow/example_dags/example_trigger_controller_dag.py
[2024-07-09T13:36:40.856+0000] {processor.py:830} INFO - Processing file /home/airflow/.local/lib/python3.11/site-packages/airflow/example_dags/example_trigger_controller_dag.py for tasks to queue
[2024-07-09T13:36:40.857+0000] {logging_mixin.py:188} INFO - [2024-07-09T13:36:40.857+0000] {dagbag.py:540} INFO - Filling up the DagBag from /home/airflow/.local/lib/python3.11/site-packages/airflow/example_dags/example_trigger_controller_dag.py
[2024-07-09T13:36:40.861+0000] {processor.py:840} INFO - DAG(s) 'example_trigger_controller_dag' retrieved from /home/airflow/.local/lib/python3.11/site-packages/airflow/example_dags/example_trigger_controller_dag.py
[2024-07-09T13:36:40.882+0000] {logging_mixin.py:188} INFO - [2024-07-09T13:36:40.882+0000] {dag.py:3047} INFO - Sync 1 DAGs
[2024-07-09T13:36:40.900+0000] {logging_mixin.py:188} INFO - [2024-07-09T13:36:40.899+0000] {dag.py:3834} INFO - Setting next_dagrun for example_trigger_controller_dag to 2021-01-01 00:00:00+00:00, run_after=2021-01-01 00:00:00+00:00
[2024-07-09T13:36:40.916+0000] {processor.py:183} INFO - Processing /home/airflow/.local/lib/python3.11/site-packages/airflow/example_dags/example_trigger_controller_dag.py took 0.064 seconds
[2024-07-09T13:37:11.271+0000] {processor.py:161} INFO - Started process (PID=3168) to work on /home/airflow/.local/lib/python3.11/site-packages/airflow/example_dags/example_trigger_controller_dag.py
[2024-07-09T13:37:11.272+0000] {processor.py:830} INFO - Processing file /home/airflow/.local/lib/python3.11/site-packages/airflow/example_dags/example_trigger_controller_dag.py for tasks to queue
[2024-07-09T13:37:11.273+0000] {logging_mixin.py:188} INFO - [2024-07-09T13:37:11.272+0000] {dagbag.py:540} INFO - Filling up the DagBag from /home/airflow/.local/lib/python3.11/site-packages/airflow/example_dags/example_trigger_controller_dag.py
[2024-07-09T13:37:11.276+0000] {processor.py:840} INFO - DAG(s) 'example_trigger_controller_dag' retrieved from /home/airflow/.local/lib/python3.11/site-packages/airflow/example_dags/example_trigger_controller_dag.py
[2024-07-09T13:37:11.298+0000] {logging_mixin.py:188} INFO - [2024-07-09T13:37:11.297+0000] {dag.py:3047} INFO - Sync 1 DAGs
[2024-07-09T13:37:11.318+0000] {logging_mixin.py:188} INFO - [2024-07-09T13:37:11.318+0000] {dag.py:3834} INFO - Setting next_dagrun for example_trigger_controller_dag to 2021-01-01 00:00:00+00:00, run_after=2021-01-01 00:00:00+00:00
[2024-07-09T13:37:11.335+0000] {processor.py:183} INFO - Processing /home/airflow/.local/lib/python3.11/site-packages/airflow/example_dags/example_trigger_controller_dag.py took 0.067 seconds
[2024-07-09T13:46:09.691+0000] {processor.py:161} INFO - Started process (PID=214) to work on /home/airflow/.local/lib/python3.11/site-packages/airflow/example_dags/example_trigger_controller_dag.py
[2024-07-09T13:46:09.692+0000] {processor.py:830} INFO - Processing file /home/airflow/.local/lib/python3.11/site-packages/airflow/example_dags/example_trigger_controller_dag.py for tasks to queue
[2024-07-09T13:46:09.693+0000] {logging_mixin.py:188} INFO - [2024-07-09T13:46:09.693+0000] {dagbag.py:540} INFO - Filling up the DagBag from /home/airflow/.local/lib/python3.11/site-packages/airflow/example_dags/example_trigger_controller_dag.py
[2024-07-09T13:46:09.700+0000] {processor.py:840} INFO - DAG(s) 'example_trigger_controller_dag' retrieved from /home/airflow/.local/lib/python3.11/site-packages/airflow/example_dags/example_trigger_controller_dag.py
[2024-07-09T13:46:09.787+0000] {logging_mixin.py:188} INFO - [2024-07-09T13:46:09.786+0000] {override.py:1769} INFO - Created Permission View: can delete on DAG:example_trigger_controller_dag
[2024-07-09T13:46:09.796+0000] {logging_mixin.py:188} INFO - [2024-07-09T13:46:09.795+0000] {override.py:1769} INFO - Created Permission View: can read on DAG:example_trigger_controller_dag
[2024-07-09T13:46:09.803+0000] {logging_mixin.py:188} INFO - [2024-07-09T13:46:09.802+0000] {override.py:1769} INFO - Created Permission View: can edit on DAG:example_trigger_controller_dag
[2024-07-09T13:46:09.803+0000] {logging_mixin.py:188} INFO - [2024-07-09T13:46:09.803+0000] {dag.py:3047} INFO - Sync 1 DAGs
[2024-07-09T13:46:09.812+0000] {logging_mixin.py:188} INFO - [2024-07-09T13:46:09.812+0000] {dag.py:3069} INFO - Creating ORM DAG for example_trigger_controller_dag
[2024-07-09T13:46:09.820+0000] {logging_mixin.py:188} INFO - [2024-07-09T13:46:09.820+0000] {dag.py:3834} INFO - Setting next_dagrun for example_trigger_controller_dag to 2021-01-01 00:00:00+00:00, run_after=2021-01-01 00:00:00+00:00
[2024-07-09T13:46:09.836+0000] {processor.py:183} INFO - Processing /home/airflow/.local/lib/python3.11/site-packages/airflow/example_dags/example_trigger_controller_dag.py took 0.148 seconds
[2024-07-09T13:46:40.611+0000] {processor.py:161} INFO - Started process (PID=484) to work on /home/airflow/.local/lib/python3.11/site-packages/airflow/example_dags/example_trigger_controller_dag.py
[2024-07-09T13:46:40.613+0000] {processor.py:830} INFO - Processing file /home/airflow/.local/lib/python3.11/site-packages/airflow/example_dags/example_trigger_controller_dag.py for tasks to queue
[2024-07-09T13:46:40.614+0000] {logging_mixin.py:188} INFO - [2024-07-09T13:46:40.613+0000] {dagbag.py:540} INFO - Filling up the DagBag from /home/airflow/.local/lib/python3.11/site-packages/airflow/example_dags/example_trigger_controller_dag.py
[2024-07-09T13:46:40.618+0000] {processor.py:840} INFO - DAG(s) 'example_trigger_controller_dag' retrieved from /home/airflow/.local/lib/python3.11/site-packages/airflow/example_dags/example_trigger_controller_dag.py
[2024-07-09T13:46:40.662+0000] {logging_mixin.py:188} INFO - [2024-07-09T13:46:40.662+0000] {dag.py:3047} INFO - Sync 1 DAGs
[2024-07-09T13:46:40.679+0000] {logging_mixin.py:188} INFO - [2024-07-09T13:46:40.679+0000] {dag.py:3834} INFO - Setting next_dagrun for example_trigger_controller_dag to 2021-01-01 00:00:00+00:00, run_after=2021-01-01 00:00:00+00:00
[2024-07-09T13:46:40.694+0000] {processor.py:183} INFO - Processing /home/airflow/.local/lib/python3.11/site-packages/airflow/example_dags/example_trigger_controller_dag.py took 0.086 seconds
[2024-07-09T13:47:11.437+0000] {processor.py:161} INFO - Started process (PID=756) to work on /home/airflow/.local/lib/python3.11/site-packages/airflow/example_dags/example_trigger_controller_dag.py
[2024-07-09T13:47:11.439+0000] {processor.py:830} INFO - Processing file /home/airflow/.local/lib/python3.11/site-packages/airflow/example_dags/example_trigger_controller_dag.py for tasks to queue
[2024-07-09T13:47:11.439+0000] {logging_mixin.py:188} INFO - [2024-07-09T13:47:11.439+0000] {dagbag.py:540} INFO - Filling up the DagBag from /home/airflow/.local/lib/python3.11/site-packages/airflow/example_dags/example_trigger_controller_dag.py
[2024-07-09T13:47:11.443+0000] {processor.py:840} INFO - DAG(s) 'example_trigger_controller_dag' retrieved from /home/airflow/.local/lib/python3.11/site-packages/airflow/example_dags/example_trigger_controller_dag.py
[2024-07-09T13:47:11.464+0000] {logging_mixin.py:188} INFO - [2024-07-09T13:47:11.463+0000] {dag.py:3047} INFO - Sync 1 DAGs
[2024-07-09T13:47:11.484+0000] {logging_mixin.py:188} INFO - [2024-07-09T13:47:11.484+0000] {dag.py:3834} INFO - Setting next_dagrun for example_trigger_controller_dag to 2021-01-01 00:00:00+00:00, run_after=2021-01-01 00:00:00+00:00
[2024-07-09T13:47:11.501+0000] {processor.py:183} INFO - Processing /home/airflow/.local/lib/python3.11/site-packages/airflow/example_dags/example_trigger_controller_dag.py took 0.067 seconds
[2024-07-09T13:47:42.072+0000] {processor.py:161} INFO - Started process (PID=1026) to work on /home/airflow/.local/lib/python3.11/site-packages/airflow/example_dags/example_trigger_controller_dag.py
[2024-07-09T13:47:42.073+0000] {processor.py:830} INFO - Processing file /home/airflow/.local/lib/python3.11/site-packages/airflow/example_dags/example_trigger_controller_dag.py for tasks to queue
[2024-07-09T13:47:42.073+0000] {logging_mixin.py:188} INFO - [2024-07-09T13:47:42.073+0000] {dagbag.py:540} INFO - Filling up the DagBag from /home/airflow/.local/lib/python3.11/site-packages/airflow/example_dags/example_trigger_controller_dag.py
[2024-07-09T13:47:42.077+0000] {processor.py:840} INFO - DAG(s) 'example_trigger_controller_dag' retrieved from /home/airflow/.local/lib/python3.11/site-packages/airflow/example_dags/example_trigger_controller_dag.py
[2024-07-09T13:47:42.099+0000] {logging_mixin.py:188} INFO - [2024-07-09T13:47:42.099+0000] {dag.py:3047} INFO - Sync 1 DAGs
[2024-07-09T13:47:42.117+0000] {logging_mixin.py:188} INFO - [2024-07-09T13:47:42.116+0000] {dag.py:3834} INFO - Setting next_dagrun for example_trigger_controller_dag to 2021-01-01 00:00:00+00:00, run_after=2021-01-01 00:00:00+00:00
[2024-07-09T13:47:42.248+0000] {processor.py:183} INFO - Processing /home/airflow/.local/lib/python3.11/site-packages/airflow/example_dags/example_trigger_controller_dag.py took 0.179 seconds
[2024-07-09T13:48:12.720+0000] {processor.py:161} INFO - Started process (PID=1281) to work on /home/airflow/.local/lib/python3.11/site-packages/airflow/example_dags/example_trigger_controller_dag.py
[2024-07-09T13:48:12.721+0000] {processor.py:830} INFO - Processing file /home/airflow/.local/lib/python3.11/site-packages/airflow/example_dags/example_trigger_controller_dag.py for tasks to queue
[2024-07-09T13:48:12.722+0000] {logging_mixin.py:188} INFO - [2024-07-09T13:48:12.721+0000] {dagbag.py:540} INFO - Filling up the DagBag from /home/airflow/.local/lib/python3.11/site-packages/airflow/example_dags/example_trigger_controller_dag.py
[2024-07-09T13:48:12.727+0000] {processor.py:840} INFO - DAG(s) 'example_trigger_controller_dag' retrieved from /home/airflow/.local/lib/python3.11/site-packages/airflow/example_dags/example_trigger_controller_dag.py
[2024-07-09T13:48:12.748+0000] {logging_mixin.py:188} INFO - [2024-07-09T13:48:12.747+0000] {dag.py:3047} INFO - Sync 1 DAGs
[2024-07-09T13:48:12.765+0000] {logging_mixin.py:188} INFO - [2024-07-09T13:48:12.765+0000] {dag.py:3834} INFO - Setting next_dagrun for example_trigger_controller_dag to 2021-01-01 00:00:00+00:00, run_after=2021-01-01 00:00:00+00:00
[2024-07-09T13:48:12.782+0000] {processor.py:183} INFO - Processing /home/airflow/.local/lib/python3.11/site-packages/airflow/example_dags/example_trigger_controller_dag.py took 0.065 seconds
[2024-07-09T13:48:43.330+0000] {processor.py:161} INFO - Started process (PID=1551) to work on /home/airflow/.local/lib/python3.11/site-packages/airflow/example_dags/example_trigger_controller_dag.py
[2024-07-09T13:48:43.331+0000] {processor.py:830} INFO - Processing file /home/airflow/.local/lib/python3.11/site-packages/airflow/example_dags/example_trigger_controller_dag.py for tasks to queue
[2024-07-09T13:48:43.332+0000] {logging_mixin.py:188} INFO - [2024-07-09T13:48:43.331+0000] {dagbag.py:540} INFO - Filling up the DagBag from /home/airflow/.local/lib/python3.11/site-packages/airflow/example_dags/example_trigger_controller_dag.py
[2024-07-09T13:48:43.335+0000] {processor.py:840} INFO - DAG(s) 'example_trigger_controller_dag' retrieved from /home/airflow/.local/lib/python3.11/site-packages/airflow/example_dags/example_trigger_controller_dag.py
[2024-07-09T13:48:43.355+0000] {logging_mixin.py:188} INFO - [2024-07-09T13:48:43.355+0000] {dag.py:3047} INFO - Sync 1 DAGs
[2024-07-09T13:48:43.374+0000] {logging_mixin.py:188} INFO - [2024-07-09T13:48:43.373+0000] {dag.py:3834} INFO - Setting next_dagrun for example_trigger_controller_dag to 2021-01-01 00:00:00+00:00, run_after=2021-01-01 00:00:00+00:00
[2024-07-09T13:48:43.390+0000] {processor.py:183} INFO - Processing /home/airflow/.local/lib/python3.11/site-packages/airflow/example_dags/example_trigger_controller_dag.py took 0.062 seconds
[2024-07-09T13:49:13.699+0000] {processor.py:161} INFO - Started process (PID=1818) to work on /home/airflow/.local/lib/python3.11/site-packages/airflow/example_dags/example_trigger_controller_dag.py
[2024-07-09T13:49:13.700+0000] {processor.py:830} INFO - Processing file /home/airflow/.local/lib/python3.11/site-packages/airflow/example_dags/example_trigger_controller_dag.py for tasks to queue
[2024-07-09T13:49:13.700+0000] {logging_mixin.py:188} INFO - [2024-07-09T13:49:13.700+0000] {dagbag.py:540} INFO - Filling up the DagBag from /home/airflow/.local/lib/python3.11/site-packages/airflow/example_dags/example_trigger_controller_dag.py
[2024-07-09T13:49:13.704+0000] {processor.py:840} INFO - DAG(s) 'example_trigger_controller_dag' retrieved from /home/airflow/.local/lib/python3.11/site-packages/airflow/example_dags/example_trigger_controller_dag.py
[2024-07-09T13:49:13.724+0000] {logging_mixin.py:188} INFO - [2024-07-09T13:49:13.724+0000] {dag.py:3047} INFO - Sync 1 DAGs
[2024-07-09T13:49:13.741+0000] {logging_mixin.py:188} INFO - [2024-07-09T13:49:13.741+0000] {dag.py:3834} INFO - Setting next_dagrun for example_trigger_controller_dag to 2021-01-01 00:00:00+00:00, run_after=2021-01-01 00:00:00+00:00
[2024-07-09T13:49:13.757+0000] {processor.py:183} INFO - Processing /home/airflow/.local/lib/python3.11/site-packages/airflow/example_dags/example_trigger_controller_dag.py took 0.061 seconds
[2024-07-09T13:49:44.210+0000] {processor.py:161} INFO - Started process (PID=2088) to work on /home/airflow/.local/lib/python3.11/site-packages/airflow/example_dags/example_trigger_controller_dag.py
[2024-07-09T13:49:44.211+0000] {processor.py:830} INFO - Processing file /home/airflow/.local/lib/python3.11/site-packages/airflow/example_dags/example_trigger_controller_dag.py for tasks to queue
[2024-07-09T13:49:44.213+0000] {logging_mixin.py:188} INFO - [2024-07-09T13:49:44.212+0000] {dagbag.py:540} INFO - Filling up the DagBag from /home/airflow/.local/lib/python3.11/site-packages/airflow/example_dags/example_trigger_controller_dag.py
[2024-07-09T13:49:44.216+0000] {processor.py:840} INFO - DAG(s) 'example_trigger_controller_dag' retrieved from /home/airflow/.local/lib/python3.11/site-packages/airflow/example_dags/example_trigger_controller_dag.py
[2024-07-09T13:49:44.237+0000] {logging_mixin.py:188} INFO - [2024-07-09T13:49:44.237+0000] {dag.py:3047} INFO - Sync 1 DAGs
[2024-07-09T13:49:44.256+0000] {logging_mixin.py:188} INFO - [2024-07-09T13:49:44.256+0000] {dag.py:3834} INFO - Setting next_dagrun for example_trigger_controller_dag to 2021-01-01 00:00:00+00:00, run_after=2021-01-01 00:00:00+00:00
[2024-07-09T13:49:44.272+0000] {processor.py:183} INFO - Processing /home/airflow/.local/lib/python3.11/site-packages/airflow/example_dags/example_trigger_controller_dag.py took 0.066 seconds
[2024-07-09T13:50:14.398+0000] {processor.py:161} INFO - Started process (PID=2358) to work on /home/airflow/.local/lib/python3.11/site-packages/airflow/example_dags/example_trigger_controller_dag.py
[2024-07-09T13:50:14.399+0000] {processor.py:830} INFO - Processing file /home/airflow/.local/lib/python3.11/site-packages/airflow/example_dags/example_trigger_controller_dag.py for tasks to queue
[2024-07-09T13:50:14.400+0000] {logging_mixin.py:188} INFO - [2024-07-09T13:50:14.399+0000] {dagbag.py:540} INFO - Filling up the DagBag from /home/airflow/.local/lib/python3.11/site-packages/airflow/example_dags/example_trigger_controller_dag.py
[2024-07-09T13:50:14.403+0000] {processor.py:840} INFO - DAG(s) 'example_trigger_controller_dag' retrieved from /home/airflow/.local/lib/python3.11/site-packages/airflow/example_dags/example_trigger_controller_dag.py
[2024-07-09T13:50:14.423+0000] {logging_mixin.py:188} INFO - [2024-07-09T13:50:14.423+0000] {dag.py:3047} INFO - Sync 1 DAGs
[2024-07-09T13:50:14.440+0000] {logging_mixin.py:188} INFO - [2024-07-09T13:50:14.439+0000] {dag.py:3834} INFO - Setting next_dagrun for example_trigger_controller_dag to 2021-01-01 00:00:00+00:00, run_after=2021-01-01 00:00:00+00:00
[2024-07-09T13:50:14.454+0000] {processor.py:183} INFO - Processing /home/airflow/.local/lib/python3.11/site-packages/airflow/example_dags/example_trigger_controller_dag.py took 0.059 seconds
[2024-07-09T13:50:44.657+0000] {processor.py:161} INFO - Started process (PID=2628) to work on /home/airflow/.local/lib/python3.11/site-packages/airflow/example_dags/example_trigger_controller_dag.py
[2024-07-09T13:50:44.658+0000] {processor.py:830} INFO - Processing file /home/airflow/.local/lib/python3.11/site-packages/airflow/example_dags/example_trigger_controller_dag.py for tasks to queue
[2024-07-09T13:50:44.659+0000] {logging_mixin.py:188} INFO - [2024-07-09T13:50:44.659+0000] {dagbag.py:540} INFO - Filling up the DagBag from /home/airflow/.local/lib/python3.11/site-packages/airflow/example_dags/example_trigger_controller_dag.py
[2024-07-09T13:50:44.662+0000] {processor.py:840} INFO - DAG(s) 'example_trigger_controller_dag' retrieved from /home/airflow/.local/lib/python3.11/site-packages/airflow/example_dags/example_trigger_controller_dag.py
[2024-07-09T13:50:44.683+0000] {logging_mixin.py:188} INFO - [2024-07-09T13:50:44.682+0000] {dag.py:3047} INFO - Sync 1 DAGs
[2024-07-09T13:50:44.699+0000] {logging_mixin.py:188} INFO - [2024-07-09T13:50:44.699+0000] {dag.py:3834} INFO - Setting next_dagrun for example_trigger_controller_dag to 2021-01-01 00:00:00+00:00, run_after=2021-01-01 00:00:00+00:00
[2024-07-09T13:50:44.715+0000] {processor.py:183} INFO - Processing /home/airflow/.local/lib/python3.11/site-packages/airflow/example_dags/example_trigger_controller_dag.py took 0.063 seconds
[2024-07-09T13:51:15.144+0000] {processor.py:161} INFO - Started process (PID=2898) to work on /home/airflow/.local/lib/python3.11/site-packages/airflow/example_dags/example_trigger_controller_dag.py
[2024-07-09T13:51:15.145+0000] {processor.py:830} INFO - Processing file /home/airflow/.local/lib/python3.11/site-packages/airflow/example_dags/example_trigger_controller_dag.py for tasks to queue
[2024-07-09T13:51:15.146+0000] {logging_mixin.py:188} INFO - [2024-07-09T13:51:15.145+0000] {dagbag.py:540} INFO - Filling up the DagBag from /home/airflow/.local/lib/python3.11/site-packages/airflow/example_dags/example_trigger_controller_dag.py
[2024-07-09T13:51:15.149+0000] {processor.py:840} INFO - DAG(s) 'example_trigger_controller_dag' retrieved from /home/airflow/.local/lib/python3.11/site-packages/airflow/example_dags/example_trigger_controller_dag.py
[2024-07-09T13:51:15.169+0000] {logging_mixin.py:188} INFO - [2024-07-09T13:51:15.169+0000] {dag.py:3047} INFO - Sync 1 DAGs
[2024-07-09T13:51:15.186+0000] {logging_mixin.py:188} INFO - [2024-07-09T13:51:15.186+0000] {dag.py:3834} INFO - Setting next_dagrun for example_trigger_controller_dag to 2021-01-01 00:00:00+00:00, run_after=2021-01-01 00:00:00+00:00
[2024-07-09T13:51:15.202+0000] {processor.py:183} INFO - Processing /home/airflow/.local/lib/python3.11/site-packages/airflow/example_dags/example_trigger_controller_dag.py took 0.060 seconds
