[2024-07-09T13:18:49.729+0000] {processor.py:161} INFO - Started process (PID=319) to work on /home/airflow/.local/lib/python3.11/site-packages/airflow/example_dags/example_complex.py
[2024-07-09T13:18:49.730+0000] {processor.py:830} INFO - Processing file /home/airflow/.local/lib/python3.11/site-packages/airflow/example_dags/example_complex.py for tasks to queue
[2024-07-09T13:18:49.730+0000] {logging_mixin.py:188} INFO - [2024-07-09T13:18:49.730+0000] {dagbag.py:540} INFO - Filling up the DagBag from /home/airflow/.local/lib/python3.11/site-packages/airflow/example_dags/example_complex.py
[2024-07-09T13:18:49.740+0000] {processor.py:840} INFO - DAG(s) 'example_complex' retrieved from /home/airflow/.local/lib/python3.11/site-packages/airflow/example_dags/example_complex.py
[2024-07-09T13:18:49.847+0000] {logging_mixin.py:188} INFO - [2024-07-09T13:18:49.847+0000] {override.py:1769} INFO - Created Permission View: can delete on DAG:example_complex
[2024-07-09T13:18:49.855+0000] {logging_mixin.py:188} INFO - [2024-07-09T13:18:49.855+0000] {override.py:1769} INFO - Created Permission View: can read on DAG:example_complex
[2024-07-09T13:18:49.864+0000] {logging_mixin.py:188} INFO - [2024-07-09T13:18:49.863+0000] {override.py:1769} INFO - Created Permission View: can edit on DAG:example_complex
[2024-07-09T13:18:49.864+0000] {logging_mixin.py:188} INFO - [2024-07-09T13:18:49.864+0000] {dag.py:3047} INFO - Sync 1 DAGs
[2024-07-09T13:18:49.875+0000] {logging_mixin.py:188} INFO - [2024-07-09T13:18:49.875+0000] {dag.py:3069} INFO - Creating ORM DAG for example_complex
[2024-07-09T13:18:49.876+0000] {logging_mixin.py:188} INFO - [2024-07-09T13:18:49.876+0000] {dag.py:3834} INFO - Setting next_dagrun for example_complex to None, run_after=None
[2024-07-09T13:18:49.893+0000] {processor.py:183} INFO - Processing /home/airflow/.local/lib/python3.11/site-packages/airflow/example_dags/example_complex.py took 0.166 seconds
[2024-07-09T13:19:20.274+0000] {processor.py:161} INFO - Started process (PID=589) to work on /home/airflow/.local/lib/python3.11/site-packages/airflow/example_dags/example_complex.py
[2024-07-09T13:19:20.274+0000] {processor.py:830} INFO - Processing file /home/airflow/.local/lib/python3.11/site-packages/airflow/example_dags/example_complex.py for tasks to queue
[2024-07-09T13:19:20.275+0000] {logging_mixin.py:188} INFO - [2024-07-09T13:19:20.275+0000] {dagbag.py:540} INFO - Filling up the DagBag from /home/airflow/.local/lib/python3.11/site-packages/airflow/example_dags/example_complex.py
[2024-07-09T13:19:20.284+0000] {processor.py:840} INFO - DAG(s) 'example_complex' retrieved from /home/airflow/.local/lib/python3.11/site-packages/airflow/example_dags/example_complex.py
[2024-07-09T13:19:20.311+0000] {logging_mixin.py:188} INFO - [2024-07-09T13:19:20.311+0000] {dag.py:3047} INFO - Sync 1 DAGs
[2024-07-09T13:19:20.321+0000] {logging_mixin.py:188} INFO - [2024-07-09T13:19:20.321+0000] {dag.py:3834} INFO - Setting next_dagrun for example_complex to None, run_after=None
[2024-07-09T13:19:20.336+0000] {processor.py:183} INFO - Processing /home/airflow/.local/lib/python3.11/site-packages/airflow/example_dags/example_complex.py took 0.065 seconds
[2024-07-09T13:19:51.174+0000] {processor.py:161} INFO - Started process (PID=859) to work on /home/airflow/.local/lib/python3.11/site-packages/airflow/example_dags/example_complex.py
[2024-07-09T13:19:51.175+0000] {processor.py:830} INFO - Processing file /home/airflow/.local/lib/python3.11/site-packages/airflow/example_dags/example_complex.py for tasks to queue
[2024-07-09T13:19:51.176+0000] {logging_mixin.py:188} INFO - [2024-07-09T13:19:51.175+0000] {dagbag.py:540} INFO - Filling up the DagBag from /home/airflow/.local/lib/python3.11/site-packages/airflow/example_dags/example_complex.py
[2024-07-09T13:19:51.184+0000] {processor.py:840} INFO - DAG(s) 'example_complex' retrieved from /home/airflow/.local/lib/python3.11/site-packages/airflow/example_dags/example_complex.py
[2024-07-09T13:19:51.212+0000] {logging_mixin.py:188} INFO - [2024-07-09T13:19:51.212+0000] {dag.py:3047} INFO - Sync 1 DAGs
[2024-07-09T13:19:51.221+0000] {logging_mixin.py:188} INFO - [2024-07-09T13:19:51.221+0000] {dag.py:3834} INFO - Setting next_dagrun for example_complex to None, run_after=None
[2024-07-09T13:19:51.238+0000] {processor.py:183} INFO - Processing /home/airflow/.local/lib/python3.11/site-packages/airflow/example_dags/example_complex.py took 0.066 seconds
[2024-07-09T13:20:22.749+0000] {processor.py:161} INFO - Started process (PID=1129) to work on /home/airflow/.local/lib/python3.11/site-packages/airflow/example_dags/example_complex.py
[2024-07-09T13:20:22.750+0000] {processor.py:830} INFO - Processing file /home/airflow/.local/lib/python3.11/site-packages/airflow/example_dags/example_complex.py for tasks to queue
[2024-07-09T13:20:22.750+0000] {logging_mixin.py:188} INFO - [2024-07-09T13:20:22.750+0000] {dagbag.py:540} INFO - Filling up the DagBag from /home/airflow/.local/lib/python3.11/site-packages/airflow/example_dags/example_complex.py
[2024-07-09T13:20:22.759+0000] {processor.py:840} INFO - DAG(s) 'example_complex' retrieved from /home/airflow/.local/lib/python3.11/site-packages/airflow/example_dags/example_complex.py
[2024-07-09T13:20:22.908+0000] {logging_mixin.py:188} INFO - [2024-07-09T13:20:22.907+0000] {dag.py:3047} INFO - Sync 1 DAGs
[2024-07-09T13:20:22.923+0000] {logging_mixin.py:188} INFO - [2024-07-09T13:20:22.923+0000] {dag.py:3834} INFO - Setting next_dagrun for example_complex to None, run_after=None
[2024-07-09T13:20:22.940+0000] {processor.py:183} INFO - Processing /home/airflow/.local/lib/python3.11/site-packages/airflow/example_dags/example_complex.py took 0.194 seconds
[2024-07-09T13:20:53.605+0000] {processor.py:161} INFO - Started process (PID=1399) to work on /home/airflow/.local/lib/python3.11/site-packages/airflow/example_dags/example_complex.py
[2024-07-09T13:20:53.606+0000] {processor.py:830} INFO - Processing file /home/airflow/.local/lib/python3.11/site-packages/airflow/example_dags/example_complex.py for tasks to queue
[2024-07-09T13:20:53.607+0000] {logging_mixin.py:188} INFO - [2024-07-09T13:20:53.607+0000] {dagbag.py:540} INFO - Filling up the DagBag from /home/airflow/.local/lib/python3.11/site-packages/airflow/example_dags/example_complex.py
[2024-07-09T13:20:53.618+0000] {processor.py:840} INFO - DAG(s) 'example_complex' retrieved from /home/airflow/.local/lib/python3.11/site-packages/airflow/example_dags/example_complex.py
[2024-07-09T13:20:53.648+0000] {logging_mixin.py:188} INFO - [2024-07-09T13:20:53.648+0000] {dag.py:3047} INFO - Sync 1 DAGs
[2024-07-09T13:20:53.658+0000] {logging_mixin.py:188} INFO - [2024-07-09T13:20:53.658+0000] {dag.py:3834} INFO - Setting next_dagrun for example_complex to None, run_after=None
[2024-07-09T13:20:53.675+0000] {processor.py:183} INFO - Processing /home/airflow/.local/lib/python3.11/site-packages/airflow/example_dags/example_complex.py took 0.072 seconds
[2024-07-09T13:21:24.479+0000] {processor.py:161} INFO - Started process (PID=1669) to work on /home/airflow/.local/lib/python3.11/site-packages/airflow/example_dags/example_complex.py
[2024-07-09T13:21:24.480+0000] {processor.py:830} INFO - Processing file /home/airflow/.local/lib/python3.11/site-packages/airflow/example_dags/example_complex.py for tasks to queue
[2024-07-09T13:21:24.481+0000] {logging_mixin.py:188} INFO - [2024-07-09T13:21:24.481+0000] {dagbag.py:540} INFO - Filling up the DagBag from /home/airflow/.local/lib/python3.11/site-packages/airflow/example_dags/example_complex.py
[2024-07-09T13:21:24.490+0000] {processor.py:840} INFO - DAG(s) 'example_complex' retrieved from /home/airflow/.local/lib/python3.11/site-packages/airflow/example_dags/example_complex.py
[2024-07-09T13:21:24.518+0000] {logging_mixin.py:188} INFO - [2024-07-09T13:21:24.518+0000] {dag.py:3047} INFO - Sync 1 DAGs
[2024-07-09T13:21:24.528+0000] {logging_mixin.py:188} INFO - [2024-07-09T13:21:24.528+0000] {dag.py:3834} INFO - Setting next_dagrun for example_complex to None, run_after=None
[2024-07-09T13:21:24.544+0000] {processor.py:183} INFO - Processing /home/airflow/.local/lib/python3.11/site-packages/airflow/example_dags/example_complex.py took 0.067 seconds
[2024-07-09T13:21:55.173+0000] {processor.py:161} INFO - Started process (PID=1939) to work on /home/airflow/.local/lib/python3.11/site-packages/airflow/example_dags/example_complex.py
[2024-07-09T13:21:55.174+0000] {processor.py:830} INFO - Processing file /home/airflow/.local/lib/python3.11/site-packages/airflow/example_dags/example_complex.py for tasks to queue
[2024-07-09T13:21:55.174+0000] {logging_mixin.py:188} INFO - [2024-07-09T13:21:55.174+0000] {dagbag.py:540} INFO - Filling up the DagBag from /home/airflow/.local/lib/python3.11/site-packages/airflow/example_dags/example_complex.py
[2024-07-09T13:21:55.183+0000] {processor.py:840} INFO - DAG(s) 'example_complex' retrieved from /home/airflow/.local/lib/python3.11/site-packages/airflow/example_dags/example_complex.py
[2024-07-09T13:21:55.211+0000] {logging_mixin.py:188} INFO - [2024-07-09T13:21:55.211+0000] {dag.py:3047} INFO - Sync 1 DAGs
[2024-07-09T13:21:55.221+0000] {logging_mixin.py:188} INFO - [2024-07-09T13:21:55.221+0000] {dag.py:3834} INFO - Setting next_dagrun for example_complex to None, run_after=None
[2024-07-09T13:21:55.237+0000] {processor.py:183} INFO - Processing /home/airflow/.local/lib/python3.11/site-packages/airflow/example_dags/example_complex.py took 0.067 seconds
[2024-07-09T13:22:25.888+0000] {processor.py:161} INFO - Started process (PID=2209) to work on /home/airflow/.local/lib/python3.11/site-packages/airflow/example_dags/example_complex.py
[2024-07-09T13:22:25.889+0000] {processor.py:830} INFO - Processing file /home/airflow/.local/lib/python3.11/site-packages/airflow/example_dags/example_complex.py for tasks to queue
[2024-07-09T13:22:25.890+0000] {logging_mixin.py:188} INFO - [2024-07-09T13:22:25.890+0000] {dagbag.py:540} INFO - Filling up the DagBag from /home/airflow/.local/lib/python3.11/site-packages/airflow/example_dags/example_complex.py
[2024-07-09T13:22:25.899+0000] {processor.py:840} INFO - DAG(s) 'example_complex' retrieved from /home/airflow/.local/lib/python3.11/site-packages/airflow/example_dags/example_complex.py
[2024-07-09T13:22:25.928+0000] {logging_mixin.py:188} INFO - [2024-07-09T13:22:25.928+0000] {dag.py:3047} INFO - Sync 1 DAGs
[2024-07-09T13:22:25.938+0000] {logging_mixin.py:188} INFO - [2024-07-09T13:22:25.937+0000] {dag.py:3834} INFO - Setting next_dagrun for example_complex to None, run_after=None
[2024-07-09T13:22:25.954+0000] {processor.py:183} INFO - Processing /home/airflow/.local/lib/python3.11/site-packages/airflow/example_dags/example_complex.py took 0.068 seconds
[2024-07-09T13:22:56.644+0000] {processor.py:161} INFO - Started process (PID=2479) to work on /home/airflow/.local/lib/python3.11/site-packages/airflow/example_dags/example_complex.py
[2024-07-09T13:22:56.645+0000] {processor.py:830} INFO - Processing file /home/airflow/.local/lib/python3.11/site-packages/airflow/example_dags/example_complex.py for tasks to queue
[2024-07-09T13:22:56.645+0000] {logging_mixin.py:188} INFO - [2024-07-09T13:22:56.645+0000] {dagbag.py:540} INFO - Filling up the DagBag from /home/airflow/.local/lib/python3.11/site-packages/airflow/example_dags/example_complex.py
[2024-07-09T13:22:56.654+0000] {processor.py:840} INFO - DAG(s) 'example_complex' retrieved from /home/airflow/.local/lib/python3.11/site-packages/airflow/example_dags/example_complex.py
[2024-07-09T13:22:56.683+0000] {logging_mixin.py:188} INFO - [2024-07-09T13:22:56.683+0000] {dag.py:3047} INFO - Sync 1 DAGs
[2024-07-09T13:22:56.692+0000] {logging_mixin.py:188} INFO - [2024-07-09T13:22:56.692+0000] {dag.py:3834} INFO - Setting next_dagrun for example_complex to None, run_after=None
[2024-07-09T13:22:56.707+0000] {processor.py:183} INFO - Processing /home/airflow/.local/lib/python3.11/site-packages/airflow/example_dags/example_complex.py took 0.066 seconds
[2024-07-09T13:23:27.402+0000] {processor.py:161} INFO - Started process (PID=2749) to work on /home/airflow/.local/lib/python3.11/site-packages/airflow/example_dags/example_complex.py
[2024-07-09T13:23:27.402+0000] {processor.py:830} INFO - Processing file /home/airflow/.local/lib/python3.11/site-packages/airflow/example_dags/example_complex.py for tasks to queue
[2024-07-09T13:23:27.403+0000] {logging_mixin.py:188} INFO - [2024-07-09T13:23:27.403+0000] {dagbag.py:540} INFO - Filling up the DagBag from /home/airflow/.local/lib/python3.11/site-packages/airflow/example_dags/example_complex.py
[2024-07-09T13:23:27.412+0000] {processor.py:840} INFO - DAG(s) 'example_complex' retrieved from /home/airflow/.local/lib/python3.11/site-packages/airflow/example_dags/example_complex.py
[2024-07-09T13:23:27.440+0000] {logging_mixin.py:188} INFO - [2024-07-09T13:23:27.440+0000] {dag.py:3047} INFO - Sync 1 DAGs
[2024-07-09T13:23:27.450+0000] {logging_mixin.py:188} INFO - [2024-07-09T13:23:27.450+0000] {dag.py:3834} INFO - Setting next_dagrun for example_complex to None, run_after=None
[2024-07-09T13:23:27.466+0000] {processor.py:183} INFO - Processing /home/airflow/.local/lib/python3.11/site-packages/airflow/example_dags/example_complex.py took 0.066 seconds
[2024-07-09T13:23:58.161+0000] {processor.py:161} INFO - Started process (PID=3019) to work on /home/airflow/.local/lib/python3.11/site-packages/airflow/example_dags/example_complex.py
[2024-07-09T13:23:58.162+0000] {processor.py:830} INFO - Processing file /home/airflow/.local/lib/python3.11/site-packages/airflow/example_dags/example_complex.py for tasks to queue
[2024-07-09T13:23:58.163+0000] {logging_mixin.py:188} INFO - [2024-07-09T13:23:58.163+0000] {dagbag.py:540} INFO - Filling up the DagBag from /home/airflow/.local/lib/python3.11/site-packages/airflow/example_dags/example_complex.py
[2024-07-09T13:23:58.172+0000] {processor.py:840} INFO - DAG(s) 'example_complex' retrieved from /home/airflow/.local/lib/python3.11/site-packages/airflow/example_dags/example_complex.py
[2024-07-09T13:23:58.201+0000] {logging_mixin.py:188} INFO - [2024-07-09T13:23:58.200+0000] {dag.py:3047} INFO - Sync 1 DAGs
[2024-07-09T13:23:58.210+0000] {logging_mixin.py:188} INFO - [2024-07-09T13:23:58.210+0000] {dag.py:3834} INFO - Setting next_dagrun for example_complex to None, run_after=None
[2024-07-09T13:23:58.226+0000] {processor.py:183} INFO - Processing /home/airflow/.local/lib/python3.11/site-packages/airflow/example_dags/example_complex.py took 0.068 seconds
[2024-07-09T13:24:28.803+0000] {processor.py:161} INFO - Started process (PID=3289) to work on /home/airflow/.local/lib/python3.11/site-packages/airflow/example_dags/example_complex.py
[2024-07-09T13:24:28.804+0000] {processor.py:830} INFO - Processing file /home/airflow/.local/lib/python3.11/site-packages/airflow/example_dags/example_complex.py for tasks to queue
[2024-07-09T13:24:28.804+0000] {logging_mixin.py:188} INFO - [2024-07-09T13:24:28.804+0000] {dagbag.py:540} INFO - Filling up the DagBag from /home/airflow/.local/lib/python3.11/site-packages/airflow/example_dags/example_complex.py
[2024-07-09T13:24:28.813+0000] {processor.py:840} INFO - DAG(s) 'example_complex' retrieved from /home/airflow/.local/lib/python3.11/site-packages/airflow/example_dags/example_complex.py
[2024-07-09T13:24:28.841+0000] {logging_mixin.py:188} INFO - [2024-07-09T13:24:28.841+0000] {dag.py:3047} INFO - Sync 1 DAGs
[2024-07-09T13:24:28.854+0000] {logging_mixin.py:188} INFO - [2024-07-09T13:24:28.854+0000] {dag.py:3834} INFO - Setting next_dagrun for example_complex to None, run_after=None
[2024-07-09T13:24:28.872+0000] {processor.py:183} INFO - Processing /home/airflow/.local/lib/python3.11/site-packages/airflow/example_dags/example_complex.py took 0.072 seconds
[2024-07-09T13:24:59.554+0000] {processor.py:161} INFO - Started process (PID=3559) to work on /home/airflow/.local/lib/python3.11/site-packages/airflow/example_dags/example_complex.py
[2024-07-09T13:24:59.555+0000] {processor.py:830} INFO - Processing file /home/airflow/.local/lib/python3.11/site-packages/airflow/example_dags/example_complex.py for tasks to queue
[2024-07-09T13:24:59.556+0000] {logging_mixin.py:188} INFO - [2024-07-09T13:24:59.555+0000] {dagbag.py:540} INFO - Filling up the DagBag from /home/airflow/.local/lib/python3.11/site-packages/airflow/example_dags/example_complex.py
[2024-07-09T13:24:59.567+0000] {processor.py:840} INFO - DAG(s) 'example_complex' retrieved from /home/airflow/.local/lib/python3.11/site-packages/airflow/example_dags/example_complex.py
[2024-07-09T13:24:59.595+0000] {logging_mixin.py:188} INFO - [2024-07-09T13:24:59.595+0000] {dag.py:3047} INFO - Sync 1 DAGs
[2024-07-09T13:24:59.605+0000] {logging_mixin.py:188} INFO - [2024-07-09T13:24:59.604+0000] {dag.py:3834} INFO - Setting next_dagrun for example_complex to None, run_after=None
[2024-07-09T13:24:59.621+0000] {processor.py:183} INFO - Processing /home/airflow/.local/lib/python3.11/site-packages/airflow/example_dags/example_complex.py took 0.070 seconds
[2024-07-09T13:26:10.649+0000] {processor.py:161} INFO - Started process (PID=320) to work on /home/airflow/.local/lib/python3.11/site-packages/airflow/example_dags/example_complex.py
[2024-07-09T13:26:10.650+0000] {processor.py:830} INFO - Processing file /home/airflow/.local/lib/python3.11/site-packages/airflow/example_dags/example_complex.py for tasks to queue
[2024-07-09T13:26:10.651+0000] {logging_mixin.py:188} INFO - [2024-07-09T13:26:10.651+0000] {dagbag.py:540} INFO - Filling up the DagBag from /home/airflow/.local/lib/python3.11/site-packages/airflow/example_dags/example_complex.py
[2024-07-09T13:26:10.665+0000] {processor.py:840} INFO - DAG(s) 'example_complex' retrieved from /home/airflow/.local/lib/python3.11/site-packages/airflow/example_dags/example_complex.py
[2024-07-09T13:26:10.758+0000] {logging_mixin.py:188} INFO - [2024-07-09T13:26:10.758+0000] {override.py:1769} INFO - Created Permission View: can delete on DAG:example_complex
[2024-07-09T13:26:10.768+0000] {logging_mixin.py:188} INFO - [2024-07-09T13:26:10.767+0000] {override.py:1769} INFO - Created Permission View: can read on DAG:example_complex
[2024-07-09T13:26:10.774+0000] {logging_mixin.py:188} INFO - [2024-07-09T13:26:10.774+0000] {override.py:1769} INFO - Created Permission View: can edit on DAG:example_complex
[2024-07-09T13:26:10.774+0000] {logging_mixin.py:188} INFO - [2024-07-09T13:26:10.774+0000] {dag.py:3047} INFO - Sync 1 DAGs
[2024-07-09T13:26:10.784+0000] {logging_mixin.py:188} INFO - [2024-07-09T13:26:10.783+0000] {dag.py:3069} INFO - Creating ORM DAG for example_complex
[2024-07-09T13:26:10.784+0000] {logging_mixin.py:188} INFO - [2024-07-09T13:26:10.784+0000] {dag.py:3834} INFO - Setting next_dagrun for example_complex to None, run_after=None
[2024-07-09T13:26:10.798+0000] {processor.py:183} INFO - Processing /home/airflow/.local/lib/python3.11/site-packages/airflow/example_dags/example_complex.py took 0.151 seconds
[2024-07-09T13:26:41.372+0000] {processor.py:161} INFO - Started process (PID=590) to work on /home/airflow/.local/lib/python3.11/site-packages/airflow/example_dags/example_complex.py
[2024-07-09T13:26:41.373+0000] {processor.py:830} INFO - Processing file /home/airflow/.local/lib/python3.11/site-packages/airflow/example_dags/example_complex.py for tasks to queue
[2024-07-09T13:26:41.374+0000] {logging_mixin.py:188} INFO - [2024-07-09T13:26:41.374+0000] {dagbag.py:540} INFO - Filling up the DagBag from /home/airflow/.local/lib/python3.11/site-packages/airflow/example_dags/example_complex.py
[2024-07-09T13:26:41.383+0000] {processor.py:840} INFO - DAG(s) 'example_complex' retrieved from /home/airflow/.local/lib/python3.11/site-packages/airflow/example_dags/example_complex.py
[2024-07-09T13:26:41.412+0000] {logging_mixin.py:188} INFO - [2024-07-09T13:26:41.412+0000] {dag.py:3047} INFO - Sync 1 DAGs
[2024-07-09T13:26:41.422+0000] {logging_mixin.py:188} INFO - [2024-07-09T13:26:41.422+0000] {dag.py:3834} INFO - Setting next_dagrun for example_complex to None, run_after=None
[2024-07-09T13:26:41.440+0000] {processor.py:183} INFO - Processing /home/airflow/.local/lib/python3.11/site-packages/airflow/example_dags/example_complex.py took 0.071 seconds
[2024-07-09T13:27:11.807+0000] {processor.py:161} INFO - Started process (PID=860) to work on /home/airflow/.local/lib/python3.11/site-packages/airflow/example_dags/example_complex.py
[2024-07-09T13:27:11.808+0000] {processor.py:830} INFO - Processing file /home/airflow/.local/lib/python3.11/site-packages/airflow/example_dags/example_complex.py for tasks to queue
[2024-07-09T13:27:11.809+0000] {logging_mixin.py:188} INFO - [2024-07-09T13:27:11.808+0000] {dagbag.py:540} INFO - Filling up the DagBag from /home/airflow/.local/lib/python3.11/site-packages/airflow/example_dags/example_complex.py
[2024-07-09T13:27:11.818+0000] {processor.py:840} INFO - DAG(s) 'example_complex' retrieved from /home/airflow/.local/lib/python3.11/site-packages/airflow/example_dags/example_complex.py
[2024-07-09T13:27:11.846+0000] {logging_mixin.py:188} INFO - [2024-07-09T13:27:11.845+0000] {dag.py:3047} INFO - Sync 1 DAGs
[2024-07-09T13:27:11.856+0000] {logging_mixin.py:188} INFO - [2024-07-09T13:27:11.856+0000] {dag.py:3834} INFO - Setting next_dagrun for example_complex to None, run_after=None
[2024-07-09T13:27:11.872+0000] {processor.py:183} INFO - Processing /home/airflow/.local/lib/python3.11/site-packages/airflow/example_dags/example_complex.py took 0.067 seconds
[2024-07-09T13:27:42.441+0000] {processor.py:161} INFO - Started process (PID=1130) to work on /home/airflow/.local/lib/python3.11/site-packages/airflow/example_dags/example_complex.py
[2024-07-09T13:27:42.442+0000] {processor.py:830} INFO - Processing file /home/airflow/.local/lib/python3.11/site-packages/airflow/example_dags/example_complex.py for tasks to queue
[2024-07-09T13:27:42.443+0000] {logging_mixin.py:188} INFO - [2024-07-09T13:27:42.443+0000] {dagbag.py:540} INFO - Filling up the DagBag from /home/airflow/.local/lib/python3.11/site-packages/airflow/example_dags/example_complex.py
[2024-07-09T13:27:42.564+0000] {processor.py:840} INFO - DAG(s) 'example_complex' retrieved from /home/airflow/.local/lib/python3.11/site-packages/airflow/example_dags/example_complex.py
[2024-07-09T13:27:42.589+0000] {logging_mixin.py:188} INFO - [2024-07-09T13:27:42.589+0000] {dag.py:3047} INFO - Sync 1 DAGs
[2024-07-09T13:27:42.598+0000] {logging_mixin.py:188} INFO - [2024-07-09T13:27:42.598+0000] {dag.py:3834} INFO - Setting next_dagrun for example_complex to None, run_after=None
[2024-07-09T13:27:42.612+0000] {processor.py:183} INFO - Processing /home/airflow/.local/lib/python3.11/site-packages/airflow/example_dags/example_complex.py took 0.175 seconds
[2024-07-09T13:28:13.507+0000] {processor.py:161} INFO - Started process (PID=1400) to work on /home/airflow/.local/lib/python3.11/site-packages/airflow/example_dags/example_complex.py
[2024-07-09T13:28:13.508+0000] {processor.py:830} INFO - Processing file /home/airflow/.local/lib/python3.11/site-packages/airflow/example_dags/example_complex.py for tasks to queue
[2024-07-09T13:28:13.509+0000] {logging_mixin.py:188} INFO - [2024-07-09T13:28:13.509+0000] {dagbag.py:540} INFO - Filling up the DagBag from /home/airflow/.local/lib/python3.11/site-packages/airflow/example_dags/example_complex.py
[2024-07-09T13:28:13.519+0000] {processor.py:840} INFO - DAG(s) 'example_complex' retrieved from /home/airflow/.local/lib/python3.11/site-packages/airflow/example_dags/example_complex.py
[2024-07-09T13:28:13.549+0000] {logging_mixin.py:188} INFO - [2024-07-09T13:28:13.549+0000] {dag.py:3047} INFO - Sync 1 DAGs
[2024-07-09T13:28:13.559+0000] {logging_mixin.py:188} INFO - [2024-07-09T13:28:13.559+0000] {dag.py:3834} INFO - Setting next_dagrun for example_complex to None, run_after=None
[2024-07-09T13:28:13.576+0000] {processor.py:183} INFO - Processing /home/airflow/.local/lib/python3.11/site-packages/airflow/example_dags/example_complex.py took 0.071 seconds
[2024-07-09T13:28:44.000+0000] {processor.py:161} INFO - Started process (PID=1670) to work on /home/airflow/.local/lib/python3.11/site-packages/airflow/example_dags/example_complex.py
[2024-07-09T13:28:44.001+0000] {processor.py:830} INFO - Processing file /home/airflow/.local/lib/python3.11/site-packages/airflow/example_dags/example_complex.py for tasks to queue
[2024-07-09T13:28:44.001+0000] {logging_mixin.py:188} INFO - [2024-07-09T13:28:44.001+0000] {dagbag.py:540} INFO - Filling up the DagBag from /home/airflow/.local/lib/python3.11/site-packages/airflow/example_dags/example_complex.py
[2024-07-09T13:28:44.010+0000] {processor.py:840} INFO - DAG(s) 'example_complex' retrieved from /home/airflow/.local/lib/python3.11/site-packages/airflow/example_dags/example_complex.py
[2024-07-09T13:28:44.044+0000] {logging_mixin.py:188} INFO - [2024-07-09T13:28:44.044+0000] {dag.py:3047} INFO - Sync 1 DAGs
[2024-07-09T13:28:44.054+0000] {logging_mixin.py:188} INFO - [2024-07-09T13:28:44.053+0000] {dag.py:3834} INFO - Setting next_dagrun for example_complex to None, run_after=None
[2024-07-09T13:28:44.069+0000] {processor.py:183} INFO - Processing /home/airflow/.local/lib/python3.11/site-packages/airflow/example_dags/example_complex.py took 0.072 seconds
[2024-07-09T13:29:14.349+0000] {processor.py:161} INFO - Started process (PID=1940) to work on /home/airflow/.local/lib/python3.11/site-packages/airflow/example_dags/example_complex.py
[2024-07-09T13:29:14.350+0000] {processor.py:830} INFO - Processing file /home/airflow/.local/lib/python3.11/site-packages/airflow/example_dags/example_complex.py for tasks to queue
[2024-07-09T13:29:14.350+0000] {logging_mixin.py:188} INFO - [2024-07-09T13:29:14.350+0000] {dagbag.py:540} INFO - Filling up the DagBag from /home/airflow/.local/lib/python3.11/site-packages/airflow/example_dags/example_complex.py
[2024-07-09T13:29:14.359+0000] {processor.py:840} INFO - DAG(s) 'example_complex' retrieved from /home/airflow/.local/lib/python3.11/site-packages/airflow/example_dags/example_complex.py
[2024-07-09T13:29:14.387+0000] {logging_mixin.py:188} INFO - [2024-07-09T13:29:14.387+0000] {dag.py:3047} INFO - Sync 1 DAGs
[2024-07-09T13:29:14.396+0000] {logging_mixin.py:188} INFO - [2024-07-09T13:29:14.396+0000] {dag.py:3834} INFO - Setting next_dagrun for example_complex to None, run_after=None
[2024-07-09T13:29:14.413+0000] {processor.py:183} INFO - Processing /home/airflow/.local/lib/python3.11/site-packages/airflow/example_dags/example_complex.py took 0.067 seconds
[2024-07-09T13:29:44.737+0000] {processor.py:161} INFO - Started process (PID=2210) to work on /home/airflow/.local/lib/python3.11/site-packages/airflow/example_dags/example_complex.py
[2024-07-09T13:29:44.738+0000] {processor.py:830} INFO - Processing file /home/airflow/.local/lib/python3.11/site-packages/airflow/example_dags/example_complex.py for tasks to queue
[2024-07-09T13:29:44.738+0000] {logging_mixin.py:188} INFO - [2024-07-09T13:29:44.738+0000] {dagbag.py:540} INFO - Filling up the DagBag from /home/airflow/.local/lib/python3.11/site-packages/airflow/example_dags/example_complex.py
[2024-07-09T13:29:44.747+0000] {processor.py:840} INFO - DAG(s) 'example_complex' retrieved from /home/airflow/.local/lib/python3.11/site-packages/airflow/example_dags/example_complex.py
[2024-07-09T13:29:44.778+0000] {logging_mixin.py:188} INFO - [2024-07-09T13:29:44.777+0000] {dag.py:3047} INFO - Sync 1 DAGs
[2024-07-09T13:29:44.788+0000] {logging_mixin.py:188} INFO - [2024-07-09T13:29:44.788+0000] {dag.py:3834} INFO - Setting next_dagrun for example_complex to None, run_after=None
[2024-07-09T13:29:44.804+0000] {processor.py:183} INFO - Processing /home/airflow/.local/lib/python3.11/site-packages/airflow/example_dags/example_complex.py took 0.070 seconds
[2024-07-09T13:31:38.880+0000] {processor.py:161} INFO - Started process (PID=319) to work on /home/airflow/.local/lib/python3.11/site-packages/airflow/example_dags/example_complex.py
[2024-07-09T13:31:38.881+0000] {processor.py:830} INFO - Processing file /home/airflow/.local/lib/python3.11/site-packages/airflow/example_dags/example_complex.py for tasks to queue
[2024-07-09T13:31:38.881+0000] {logging_mixin.py:188} INFO - [2024-07-09T13:31:38.881+0000] {dagbag.py:540} INFO - Filling up the DagBag from /home/airflow/.local/lib/python3.11/site-packages/airflow/example_dags/example_complex.py
[2024-07-09T13:31:38.897+0000] {processor.py:840} INFO - DAG(s) 'example_complex' retrieved from /home/airflow/.local/lib/python3.11/site-packages/airflow/example_dags/example_complex.py
[2024-07-09T13:31:38.999+0000] {logging_mixin.py:188} INFO - [2024-07-09T13:31:38.998+0000] {override.py:1769} INFO - Created Permission View: can edit on DAG:example_complex
[2024-07-09T13:31:39.008+0000] {logging_mixin.py:188} INFO - [2024-07-09T13:31:39.008+0000] {override.py:1769} INFO - Created Permission View: can delete on DAG:example_complex
[2024-07-09T13:31:39.015+0000] {logging_mixin.py:188} INFO - [2024-07-09T13:31:39.014+0000] {override.py:1769} INFO - Created Permission View: can read on DAG:example_complex
[2024-07-09T13:31:39.015+0000] {logging_mixin.py:188} INFO - [2024-07-09T13:31:39.015+0000] {dag.py:3047} INFO - Sync 1 DAGs
[2024-07-09T13:31:39.025+0000] {logging_mixin.py:188} INFO - [2024-07-09T13:31:39.025+0000] {dag.py:3069} INFO - Creating ORM DAG for example_complex
[2024-07-09T13:31:39.025+0000] {logging_mixin.py:188} INFO - [2024-07-09T13:31:39.025+0000] {dag.py:3834} INFO - Setting next_dagrun for example_complex to None, run_after=None
[2024-07-09T13:31:39.041+0000] {processor.py:183} INFO - Processing /home/airflow/.local/lib/python3.11/site-packages/airflow/example_dags/example_complex.py took 0.164 seconds
[2024-07-09T13:32:09.949+0000] {processor.py:161} INFO - Started process (PID=589) to work on /home/airflow/.local/lib/python3.11/site-packages/airflow/example_dags/example_complex.py
[2024-07-09T13:32:09.950+0000] {processor.py:830} INFO - Processing file /home/airflow/.local/lib/python3.11/site-packages/airflow/example_dags/example_complex.py for tasks to queue
[2024-07-09T13:32:09.951+0000] {logging_mixin.py:188} INFO - [2024-07-09T13:32:09.950+0000] {dagbag.py:540} INFO - Filling up the DagBag from /home/airflow/.local/lib/python3.11/site-packages/airflow/example_dags/example_complex.py
[2024-07-09T13:32:09.961+0000] {processor.py:840} INFO - DAG(s) 'example_complex' retrieved from /home/airflow/.local/lib/python3.11/site-packages/airflow/example_dags/example_complex.py
[2024-07-09T13:32:09.997+0000] {logging_mixin.py:188} INFO - [2024-07-09T13:32:09.997+0000] {dag.py:3047} INFO - Sync 1 DAGs
[2024-07-09T13:32:10.007+0000] {logging_mixin.py:188} INFO - [2024-07-09T13:32:10.007+0000] {dag.py:3834} INFO - Setting next_dagrun for example_complex to None, run_after=None
[2024-07-09T13:32:10.027+0000] {processor.py:183} INFO - Processing /home/airflow/.local/lib/python3.11/site-packages/airflow/example_dags/example_complex.py took 0.083 seconds
[2024-07-09T13:32:40.386+0000] {processor.py:161} INFO - Started process (PID=859) to work on /home/airflow/.local/lib/python3.11/site-packages/airflow/example_dags/example_complex.py
[2024-07-09T13:32:40.387+0000] {processor.py:830} INFO - Processing file /home/airflow/.local/lib/python3.11/site-packages/airflow/example_dags/example_complex.py for tasks to queue
[2024-07-09T13:32:40.388+0000] {logging_mixin.py:188} INFO - [2024-07-09T13:32:40.387+0000] {dagbag.py:540} INFO - Filling up the DagBag from /home/airflow/.local/lib/python3.11/site-packages/airflow/example_dags/example_complex.py
[2024-07-09T13:32:40.398+0000] {processor.py:840} INFO - DAG(s) 'example_complex' retrieved from /home/airflow/.local/lib/python3.11/site-packages/airflow/example_dags/example_complex.py
[2024-07-09T13:32:40.426+0000] {logging_mixin.py:188} INFO - [2024-07-09T13:32:40.426+0000] {dag.py:3047} INFO - Sync 1 DAGs
[2024-07-09T13:32:40.436+0000] {logging_mixin.py:188} INFO - [2024-07-09T13:32:40.436+0000] {dag.py:3834} INFO - Setting next_dagrun for example_complex to None, run_after=None
[2024-07-09T13:32:40.454+0000] {processor.py:183} INFO - Processing /home/airflow/.local/lib/python3.11/site-packages/airflow/example_dags/example_complex.py took 0.071 seconds
[2024-07-09T13:33:10.827+0000] {processor.py:161} INFO - Started process (PID=1129) to work on /home/airflow/.local/lib/python3.11/site-packages/airflow/example_dags/example_complex.py
[2024-07-09T13:33:10.828+0000] {processor.py:830} INFO - Processing file /home/airflow/.local/lib/python3.11/site-packages/airflow/example_dags/example_complex.py for tasks to queue
[2024-07-09T13:33:10.829+0000] {logging_mixin.py:188} INFO - [2024-07-09T13:33:10.828+0000] {dagbag.py:540} INFO - Filling up the DagBag from /home/airflow/.local/lib/python3.11/site-packages/airflow/example_dags/example_complex.py
[2024-07-09T13:33:10.954+0000] {processor.py:840} INFO - DAG(s) 'example_complex' retrieved from /home/airflow/.local/lib/python3.11/site-packages/airflow/example_dags/example_complex.py
[2024-07-09T13:33:10.983+0000] {logging_mixin.py:188} INFO - [2024-07-09T13:33:10.983+0000] {dag.py:3047} INFO - Sync 1 DAGs
[2024-07-09T13:33:10.992+0000] {logging_mixin.py:188} INFO - [2024-07-09T13:33:10.991+0000] {dag.py:3834} INFO - Setting next_dagrun for example_complex to None, run_after=None
[2024-07-09T13:33:11.006+0000] {processor.py:183} INFO - Processing /home/airflow/.local/lib/python3.11/site-packages/airflow/example_dags/example_complex.py took 0.182 seconds
[2024-07-09T13:33:41.893+0000] {processor.py:161} INFO - Started process (PID=1399) to work on /home/airflow/.local/lib/python3.11/site-packages/airflow/example_dags/example_complex.py
[2024-07-09T13:33:41.894+0000] {processor.py:830} INFO - Processing file /home/airflow/.local/lib/python3.11/site-packages/airflow/example_dags/example_complex.py for tasks to queue
[2024-07-09T13:33:41.895+0000] {logging_mixin.py:188} INFO - [2024-07-09T13:33:41.895+0000] {dagbag.py:540} INFO - Filling up the DagBag from /home/airflow/.local/lib/python3.11/site-packages/airflow/example_dags/example_complex.py
[2024-07-09T13:33:41.904+0000] {processor.py:840} INFO - DAG(s) 'example_complex' retrieved from /home/airflow/.local/lib/python3.11/site-packages/airflow/example_dags/example_complex.py
[2024-07-09T13:33:41.934+0000] {logging_mixin.py:188} INFO - [2024-07-09T13:33:41.934+0000] {dag.py:3047} INFO - Sync 1 DAGs
[2024-07-09T13:33:41.945+0000] {logging_mixin.py:188} INFO - [2024-07-09T13:33:41.944+0000] {dag.py:3834} INFO - Setting next_dagrun for example_complex to None, run_after=None
[2024-07-09T13:33:41.961+0000] {processor.py:183} INFO - Processing /home/airflow/.local/lib/python3.11/site-packages/airflow/example_dags/example_complex.py took 0.070 seconds
[2024-07-09T13:34:12.301+0000] {processor.py:161} INFO - Started process (PID=1669) to work on /home/airflow/.local/lib/python3.11/site-packages/airflow/example_dags/example_complex.py
[2024-07-09T13:34:12.302+0000] {processor.py:830} INFO - Processing file /home/airflow/.local/lib/python3.11/site-packages/airflow/example_dags/example_complex.py for tasks to queue
[2024-07-09T13:34:12.303+0000] {logging_mixin.py:188} INFO - [2024-07-09T13:34:12.302+0000] {dagbag.py:540} INFO - Filling up the DagBag from /home/airflow/.local/lib/python3.11/site-packages/airflow/example_dags/example_complex.py
[2024-07-09T13:34:12.312+0000] {processor.py:840} INFO - DAG(s) 'example_complex' retrieved from /home/airflow/.local/lib/python3.11/site-packages/airflow/example_dags/example_complex.py
[2024-07-09T13:34:12.343+0000] {logging_mixin.py:188} INFO - [2024-07-09T13:34:12.342+0000] {dag.py:3047} INFO - Sync 1 DAGs
[2024-07-09T13:34:12.353+0000] {logging_mixin.py:188} INFO - [2024-07-09T13:34:12.353+0000] {dag.py:3834} INFO - Setting next_dagrun for example_complex to None, run_after=None
[2024-07-09T13:34:12.371+0000] {processor.py:183} INFO - Processing /home/airflow/.local/lib/python3.11/site-packages/airflow/example_dags/example_complex.py took 0.072 seconds
[2024-07-09T13:34:42.511+0000] {processor.py:161} INFO - Started process (PID=1939) to work on /home/airflow/.local/lib/python3.11/site-packages/airflow/example_dags/example_complex.py
[2024-07-09T13:34:42.512+0000] {processor.py:830} INFO - Processing file /home/airflow/.local/lib/python3.11/site-packages/airflow/example_dags/example_complex.py for tasks to queue
[2024-07-09T13:34:42.513+0000] {logging_mixin.py:188} INFO - [2024-07-09T13:34:42.512+0000] {dagbag.py:540} INFO - Filling up the DagBag from /home/airflow/.local/lib/python3.11/site-packages/airflow/example_dags/example_complex.py
[2024-07-09T13:34:42.523+0000] {processor.py:840} INFO - DAG(s) 'example_complex' retrieved from /home/airflow/.local/lib/python3.11/site-packages/airflow/example_dags/example_complex.py
[2024-07-09T13:34:42.551+0000] {logging_mixin.py:188} INFO - [2024-07-09T13:34:42.550+0000] {dag.py:3047} INFO - Sync 1 DAGs
[2024-07-09T13:34:42.560+0000] {logging_mixin.py:188} INFO - [2024-07-09T13:34:42.560+0000] {dag.py:3834} INFO - Setting next_dagrun for example_complex to None, run_after=None
[2024-07-09T13:34:42.577+0000] {processor.py:183} INFO - Processing /home/airflow/.local/lib/python3.11/site-packages/airflow/example_dags/example_complex.py took 0.070 seconds
[2024-07-09T13:35:12.827+0000] {processor.py:161} INFO - Started process (PID=2209) to work on /home/airflow/.local/lib/python3.11/site-packages/airflow/example_dags/example_complex.py
[2024-07-09T13:35:12.828+0000] {processor.py:830} INFO - Processing file /home/airflow/.local/lib/python3.11/site-packages/airflow/example_dags/example_complex.py for tasks to queue
[2024-07-09T13:35:12.828+0000] {logging_mixin.py:188} INFO - [2024-07-09T13:35:12.828+0000] {dagbag.py:540} INFO - Filling up the DagBag from /home/airflow/.local/lib/python3.11/site-packages/airflow/example_dags/example_complex.py
[2024-07-09T13:35:12.838+0000] {processor.py:840} INFO - DAG(s) 'example_complex' retrieved from /home/airflow/.local/lib/python3.11/site-packages/airflow/example_dags/example_complex.py
[2024-07-09T13:35:12.866+0000] {logging_mixin.py:188} INFO - [2024-07-09T13:35:12.865+0000] {dag.py:3047} INFO - Sync 1 DAGs
[2024-07-09T13:35:12.875+0000] {logging_mixin.py:188} INFO - [2024-07-09T13:35:12.875+0000] {dag.py:3834} INFO - Setting next_dagrun for example_complex to None, run_after=None
[2024-07-09T13:35:12.891+0000] {processor.py:183} INFO - Processing /home/airflow/.local/lib/python3.11/site-packages/airflow/example_dags/example_complex.py took 0.067 seconds
[2024-07-09T13:35:43.218+0000] {processor.py:161} INFO - Started process (PID=2479) to work on /home/airflow/.local/lib/python3.11/site-packages/airflow/example_dags/example_complex.py
[2024-07-09T13:35:43.219+0000] {processor.py:830} INFO - Processing file /home/airflow/.local/lib/python3.11/site-packages/airflow/example_dags/example_complex.py for tasks to queue
[2024-07-09T13:35:43.220+0000] {logging_mixin.py:188} INFO - [2024-07-09T13:35:43.219+0000] {dagbag.py:540} INFO - Filling up the DagBag from /home/airflow/.local/lib/python3.11/site-packages/airflow/example_dags/example_complex.py
[2024-07-09T13:35:43.229+0000] {processor.py:840} INFO - DAG(s) 'example_complex' retrieved from /home/airflow/.local/lib/python3.11/site-packages/airflow/example_dags/example_complex.py
[2024-07-09T13:35:43.256+0000] {logging_mixin.py:188} INFO - [2024-07-09T13:35:43.256+0000] {dag.py:3047} INFO - Sync 1 DAGs
[2024-07-09T13:35:43.266+0000] {logging_mixin.py:188} INFO - [2024-07-09T13:35:43.265+0000] {dag.py:3834} INFO - Setting next_dagrun for example_complex to None, run_after=None
[2024-07-09T13:35:43.281+0000] {processor.py:183} INFO - Processing /home/airflow/.local/lib/python3.11/site-packages/airflow/example_dags/example_complex.py took 0.065 seconds
[2024-07-09T13:36:13.678+0000] {processor.py:161} INFO - Started process (PID=2749) to work on /home/airflow/.local/lib/python3.11/site-packages/airflow/example_dags/example_complex.py
[2024-07-09T13:36:13.679+0000] {processor.py:830} INFO - Processing file /home/airflow/.local/lib/python3.11/site-packages/airflow/example_dags/example_complex.py for tasks to queue
[2024-07-09T13:36:13.680+0000] {logging_mixin.py:188} INFO - [2024-07-09T13:36:13.679+0000] {dagbag.py:540} INFO - Filling up the DagBag from /home/airflow/.local/lib/python3.11/site-packages/airflow/example_dags/example_complex.py
[2024-07-09T13:36:13.689+0000] {processor.py:840} INFO - DAG(s) 'example_complex' retrieved from /home/airflow/.local/lib/python3.11/site-packages/airflow/example_dags/example_complex.py
[2024-07-09T13:36:13.718+0000] {logging_mixin.py:188} INFO - [2024-07-09T13:36:13.718+0000] {dag.py:3047} INFO - Sync 1 DAGs
[2024-07-09T13:36:13.728+0000] {logging_mixin.py:188} INFO - [2024-07-09T13:36:13.728+0000] {dag.py:3834} INFO - Setting next_dagrun for example_complex to None, run_after=None
[2024-07-09T13:36:13.745+0000] {processor.py:183} INFO - Processing /home/airflow/.local/lib/python3.11/site-packages/airflow/example_dags/example_complex.py took 0.070 seconds
[2024-07-09T13:36:43.978+0000] {processor.py:161} INFO - Started process (PID=3019) to work on /home/airflow/.local/lib/python3.11/site-packages/airflow/example_dags/example_complex.py
[2024-07-09T13:36:43.979+0000] {processor.py:830} INFO - Processing file /home/airflow/.local/lib/python3.11/site-packages/airflow/example_dags/example_complex.py for tasks to queue
[2024-07-09T13:36:43.979+0000] {logging_mixin.py:188} INFO - [2024-07-09T13:36:43.979+0000] {dagbag.py:540} INFO - Filling up the DagBag from /home/airflow/.local/lib/python3.11/site-packages/airflow/example_dags/example_complex.py
[2024-07-09T13:36:43.988+0000] {processor.py:840} INFO - DAG(s) 'example_complex' retrieved from /home/airflow/.local/lib/python3.11/site-packages/airflow/example_dags/example_complex.py
[2024-07-09T13:36:44.016+0000] {logging_mixin.py:188} INFO - [2024-07-09T13:36:44.016+0000] {dag.py:3047} INFO - Sync 1 DAGs
[2024-07-09T13:36:44.025+0000] {logging_mixin.py:188} INFO - [2024-07-09T13:36:44.025+0000] {dag.py:3834} INFO - Setting next_dagrun for example_complex to None, run_after=None
[2024-07-09T13:36:44.041+0000] {processor.py:183} INFO - Processing /home/airflow/.local/lib/python3.11/site-packages/airflow/example_dags/example_complex.py took 0.066 seconds
[2024-07-09T13:37:14.571+0000] {processor.py:161} INFO - Started process (PID=3289) to work on /home/airflow/.local/lib/python3.11/site-packages/airflow/example_dags/example_complex.py
[2024-07-09T13:37:14.572+0000] {processor.py:830} INFO - Processing file /home/airflow/.local/lib/python3.11/site-packages/airflow/example_dags/example_complex.py for tasks to queue
[2024-07-09T13:37:14.573+0000] {logging_mixin.py:188} INFO - [2024-07-09T13:37:14.573+0000] {dagbag.py:540} INFO - Filling up the DagBag from /home/airflow/.local/lib/python3.11/site-packages/airflow/example_dags/example_complex.py
[2024-07-09T13:37:14.583+0000] {processor.py:840} INFO - DAG(s) 'example_complex' retrieved from /home/airflow/.local/lib/python3.11/site-packages/airflow/example_dags/example_complex.py
[2024-07-09T13:37:14.616+0000] {logging_mixin.py:188} INFO - [2024-07-09T13:37:14.616+0000] {dag.py:3047} INFO - Sync 1 DAGs
[2024-07-09T13:37:14.631+0000] {logging_mixin.py:188} INFO - [2024-07-09T13:37:14.631+0000] {dag.py:3834} INFO - Setting next_dagrun for example_complex to None, run_after=None
[2024-07-09T13:37:14.649+0000] {processor.py:183} INFO - Processing /home/airflow/.local/lib/python3.11/site-packages/airflow/example_dags/example_complex.py took 0.082 seconds
[2024-07-09T13:46:12.036+0000] {processor.py:161} INFO - Started process (PID=319) to work on /home/airflow/.local/lib/python3.11/site-packages/airflow/example_dags/example_complex.py
[2024-07-09T13:46:12.037+0000] {processor.py:830} INFO - Processing file /home/airflow/.local/lib/python3.11/site-packages/airflow/example_dags/example_complex.py for tasks to queue
[2024-07-09T13:46:12.038+0000] {logging_mixin.py:188} INFO - [2024-07-09T13:46:12.037+0000] {dagbag.py:540} INFO - Filling up the DagBag from /home/airflow/.local/lib/python3.11/site-packages/airflow/example_dags/example_complex.py
[2024-07-09T13:46:12.048+0000] {processor.py:840} INFO - DAG(s) 'example_complex' retrieved from /home/airflow/.local/lib/python3.11/site-packages/airflow/example_dags/example_complex.py
[2024-07-09T13:46:12.144+0000] {logging_mixin.py:188} INFO - [2024-07-09T13:46:12.143+0000] {override.py:1769} INFO - Created Permission View: can delete on DAG:example_complex
[2024-07-09T13:46:12.153+0000] {logging_mixin.py:188} INFO - [2024-07-09T13:46:12.153+0000] {override.py:1769} INFO - Created Permission View: can read on DAG:example_complex
[2024-07-09T13:46:12.158+0000] {logging_mixin.py:188} INFO - [2024-07-09T13:46:12.158+0000] {override.py:1769} INFO - Created Permission View: can edit on DAG:example_complex
[2024-07-09T13:46:12.159+0000] {logging_mixin.py:188} INFO - [2024-07-09T13:46:12.159+0000] {dag.py:3047} INFO - Sync 1 DAGs
[2024-07-09T13:46:12.168+0000] {logging_mixin.py:188} INFO - [2024-07-09T13:46:12.168+0000] {dag.py:3069} INFO - Creating ORM DAG for example_complex
[2024-07-09T13:46:12.169+0000] {logging_mixin.py:188} INFO - [2024-07-09T13:46:12.169+0000] {dag.py:3834} INFO - Setting next_dagrun for example_complex to None, run_after=None
[2024-07-09T13:46:12.184+0000] {processor.py:183} INFO - Processing /home/airflow/.local/lib/python3.11/site-packages/airflow/example_dags/example_complex.py took 0.150 seconds
[2024-07-09T13:46:42.707+0000] {processor.py:161} INFO - Started process (PID=589) to work on /home/airflow/.local/lib/python3.11/site-packages/airflow/example_dags/example_complex.py
[2024-07-09T13:46:42.708+0000] {processor.py:830} INFO - Processing file /home/airflow/.local/lib/python3.11/site-packages/airflow/example_dags/example_complex.py for tasks to queue
[2024-07-09T13:46:42.708+0000] {logging_mixin.py:188} INFO - [2024-07-09T13:46:42.708+0000] {dagbag.py:540} INFO - Filling up the DagBag from /home/airflow/.local/lib/python3.11/site-packages/airflow/example_dags/example_complex.py
[2024-07-09T13:46:42.717+0000] {processor.py:840} INFO - DAG(s) 'example_complex' retrieved from /home/airflow/.local/lib/python3.11/site-packages/airflow/example_dags/example_complex.py
[2024-07-09T13:46:42.747+0000] {logging_mixin.py:188} INFO - [2024-07-09T13:46:42.747+0000] {dag.py:3047} INFO - Sync 1 DAGs
[2024-07-09T13:46:42.759+0000] {logging_mixin.py:188} INFO - [2024-07-09T13:46:42.759+0000] {dag.py:3834} INFO - Setting next_dagrun for example_complex to None, run_after=None
[2024-07-09T13:46:42.776+0000] {processor.py:183} INFO - Processing /home/airflow/.local/lib/python3.11/site-packages/airflow/example_dags/example_complex.py took 0.072 seconds
[2024-07-09T13:47:13.505+0000] {processor.py:161} INFO - Started process (PID=859) to work on /home/airflow/.local/lib/python3.11/site-packages/airflow/example_dags/example_complex.py
[2024-07-09T13:47:13.506+0000] {processor.py:830} INFO - Processing file /home/airflow/.local/lib/python3.11/site-packages/airflow/example_dags/example_complex.py for tasks to queue
[2024-07-09T13:47:13.507+0000] {logging_mixin.py:188} INFO - [2024-07-09T13:47:13.507+0000] {dagbag.py:540} INFO - Filling up the DagBag from /home/airflow/.local/lib/python3.11/site-packages/airflow/example_dags/example_complex.py
[2024-07-09T13:47:13.516+0000] {processor.py:840} INFO - DAG(s) 'example_complex' retrieved from /home/airflow/.local/lib/python3.11/site-packages/airflow/example_dags/example_complex.py
[2024-07-09T13:47:13.544+0000] {logging_mixin.py:188} INFO - [2024-07-09T13:47:13.544+0000] {dag.py:3047} INFO - Sync 1 DAGs
[2024-07-09T13:47:13.555+0000] {logging_mixin.py:188} INFO - [2024-07-09T13:47:13.555+0000] {dag.py:3834} INFO - Setting next_dagrun for example_complex to None, run_after=None
[2024-07-09T13:47:13.571+0000] {processor.py:183} INFO - Processing /home/airflow/.local/lib/python3.11/site-packages/airflow/example_dags/example_complex.py took 0.068 seconds
[2024-07-09T13:47:44.382+0000] {processor.py:161} INFO - Started process (PID=1129) to work on /home/airflow/.local/lib/python3.11/site-packages/airflow/example_dags/example_complex.py
[2024-07-09T13:47:44.383+0000] {processor.py:830} INFO - Processing file /home/airflow/.local/lib/python3.11/site-packages/airflow/example_dags/example_complex.py for tasks to queue
[2024-07-09T13:47:44.384+0000] {logging_mixin.py:188} INFO - [2024-07-09T13:47:44.384+0000] {dagbag.py:540} INFO - Filling up the DagBag from /home/airflow/.local/lib/python3.11/site-packages/airflow/example_dags/example_complex.py
[2024-07-09T13:47:44.394+0000] {processor.py:840} INFO - DAG(s) 'example_complex' retrieved from /home/airflow/.local/lib/python3.11/site-packages/airflow/example_dags/example_complex.py
[2024-07-09T13:47:44.528+0000] {logging_mixin.py:188} INFO - [2024-07-09T13:47:44.528+0000] {dag.py:3047} INFO - Sync 1 DAGs
[2024-07-09T13:47:44.537+0000] {logging_mixin.py:188} INFO - [2024-07-09T13:47:44.537+0000] {dag.py:3834} INFO - Setting next_dagrun for example_complex to None, run_after=None
[2024-07-09T13:47:44.553+0000] {processor.py:183} INFO - Processing /home/airflow/.local/lib/python3.11/site-packages/airflow/example_dags/example_complex.py took 0.173 seconds
[2024-07-09T13:48:15.096+0000] {processor.py:161} INFO - Started process (PID=1399) to work on /home/airflow/.local/lib/python3.11/site-packages/airflow/example_dags/example_complex.py
[2024-07-09T13:48:15.097+0000] {processor.py:830} INFO - Processing file /home/airflow/.local/lib/python3.11/site-packages/airflow/example_dags/example_complex.py for tasks to queue
[2024-07-09T13:48:15.098+0000] {logging_mixin.py:188} INFO - [2024-07-09T13:48:15.098+0000] {dagbag.py:540} INFO - Filling up the DagBag from /home/airflow/.local/lib/python3.11/site-packages/airflow/example_dags/example_complex.py
[2024-07-09T13:48:15.107+0000] {processor.py:840} INFO - DAG(s) 'example_complex' retrieved from /home/airflow/.local/lib/python3.11/site-packages/airflow/example_dags/example_complex.py
[2024-07-09T13:48:15.136+0000] {logging_mixin.py:188} INFO - [2024-07-09T13:48:15.136+0000] {dag.py:3047} INFO - Sync 1 DAGs
[2024-07-09T13:48:15.147+0000] {logging_mixin.py:188} INFO - [2024-07-09T13:48:15.146+0000] {dag.py:3834} INFO - Setting next_dagrun for example_complex to None, run_after=None
[2024-07-09T13:48:15.162+0000] {processor.py:183} INFO - Processing /home/airflow/.local/lib/python3.11/site-packages/airflow/example_dags/example_complex.py took 0.069 seconds
[2024-07-09T13:48:45.516+0000] {processor.py:161} INFO - Started process (PID=1671) to work on /home/airflow/.local/lib/python3.11/site-packages/airflow/example_dags/example_complex.py
[2024-07-09T13:48:45.517+0000] {processor.py:830} INFO - Processing file /home/airflow/.local/lib/python3.11/site-packages/airflow/example_dags/example_complex.py for tasks to queue
[2024-07-09T13:48:45.518+0000] {logging_mixin.py:188} INFO - [2024-07-09T13:48:45.518+0000] {dagbag.py:540} INFO - Filling up the DagBag from /home/airflow/.local/lib/python3.11/site-packages/airflow/example_dags/example_complex.py
[2024-07-09T13:48:45.527+0000] {processor.py:840} INFO - DAG(s) 'example_complex' retrieved from /home/airflow/.local/lib/python3.11/site-packages/airflow/example_dags/example_complex.py
[2024-07-09T13:48:45.555+0000] {logging_mixin.py:188} INFO - [2024-07-09T13:48:45.555+0000] {dag.py:3047} INFO - Sync 1 DAGs
[2024-07-09T13:48:45.565+0000] {logging_mixin.py:188} INFO - [2024-07-09T13:48:45.565+0000] {dag.py:3834} INFO - Setting next_dagrun for example_complex to None, run_after=None
[2024-07-09T13:48:45.581+0000] {processor.py:183} INFO - Processing /home/airflow/.local/lib/python3.11/site-packages/airflow/example_dags/example_complex.py took 0.068 seconds
[2024-07-09T13:49:16.037+0000] {processor.py:161} INFO - Started process (PID=1941) to work on /home/airflow/.local/lib/python3.11/site-packages/airflow/example_dags/example_complex.py
[2024-07-09T13:49:16.038+0000] {processor.py:830} INFO - Processing file /home/airflow/.local/lib/python3.11/site-packages/airflow/example_dags/example_complex.py for tasks to queue
[2024-07-09T13:49:16.039+0000] {logging_mixin.py:188} INFO - [2024-07-09T13:49:16.039+0000] {dagbag.py:540} INFO - Filling up the DagBag from /home/airflow/.local/lib/python3.11/site-packages/airflow/example_dags/example_complex.py
[2024-07-09T13:49:16.048+0000] {processor.py:840} INFO - DAG(s) 'example_complex' retrieved from /home/airflow/.local/lib/python3.11/site-packages/airflow/example_dags/example_complex.py
[2024-07-09T13:49:16.080+0000] {logging_mixin.py:188} INFO - [2024-07-09T13:49:16.080+0000] {dag.py:3047} INFO - Sync 1 DAGs
[2024-07-09T13:49:16.091+0000] {logging_mixin.py:188} INFO - [2024-07-09T13:49:16.091+0000] {dag.py:3834} INFO - Setting next_dagrun for example_complex to None, run_after=None
[2024-07-09T13:49:16.110+0000] {processor.py:183} INFO - Processing /home/airflow/.local/lib/python3.11/site-packages/airflow/example_dags/example_complex.py took 0.076 seconds
[2024-07-09T13:49:47.013+0000] {processor.py:161} INFO - Started process (PID=2209) to work on /home/airflow/.local/lib/python3.11/site-packages/airflow/example_dags/example_complex.py
[2024-07-09T13:49:47.014+0000] {processor.py:830} INFO - Processing file /home/airflow/.local/lib/python3.11/site-packages/airflow/example_dags/example_complex.py for tasks to queue
[2024-07-09T13:49:47.016+0000] {logging_mixin.py:188} INFO - [2024-07-09T13:49:47.015+0000] {dagbag.py:540} INFO - Filling up the DagBag from /home/airflow/.local/lib/python3.11/site-packages/airflow/example_dags/example_complex.py
[2024-07-09T13:49:47.029+0000] {processor.py:840} INFO - DAG(s) 'example_complex' retrieved from /home/airflow/.local/lib/python3.11/site-packages/airflow/example_dags/example_complex.py
[2024-07-09T13:49:47.068+0000] {logging_mixin.py:188} INFO - [2024-07-09T13:49:47.067+0000] {dag.py:3047} INFO - Sync 1 DAGs
[2024-07-09T13:49:47.085+0000] {logging_mixin.py:188} INFO - [2024-07-09T13:49:47.085+0000] {dag.py:3834} INFO - Setting next_dagrun for example_complex to None, run_after=None
[2024-07-09T13:49:47.109+0000] {processor.py:183} INFO - Processing /home/airflow/.local/lib/python3.11/site-packages/airflow/example_dags/example_complex.py took 0.100 seconds
[2024-07-09T13:50:17.568+0000] {processor.py:161} INFO - Started process (PID=2481) to work on /home/airflow/.local/lib/python3.11/site-packages/airflow/example_dags/example_complex.py
[2024-07-09T13:50:17.569+0000] {processor.py:830} INFO - Processing file /home/airflow/.local/lib/python3.11/site-packages/airflow/example_dags/example_complex.py for tasks to queue
[2024-07-09T13:50:17.570+0000] {logging_mixin.py:188} INFO - [2024-07-09T13:50:17.569+0000] {dagbag.py:540} INFO - Filling up the DagBag from /home/airflow/.local/lib/python3.11/site-packages/airflow/example_dags/example_complex.py
[2024-07-09T13:50:17.579+0000] {processor.py:840} INFO - DAG(s) 'example_complex' retrieved from /home/airflow/.local/lib/python3.11/site-packages/airflow/example_dags/example_complex.py
[2024-07-09T13:50:17.608+0000] {logging_mixin.py:188} INFO - [2024-07-09T13:50:17.608+0000] {dag.py:3047} INFO - Sync 1 DAGs
[2024-07-09T13:50:17.619+0000] {logging_mixin.py:188} INFO - [2024-07-09T13:50:17.619+0000] {dag.py:3834} INFO - Setting next_dagrun for example_complex to None, run_after=None
[2024-07-09T13:50:17.636+0000] {processor.py:183} INFO - Processing /home/airflow/.local/lib/python3.11/site-packages/airflow/example_dags/example_complex.py took 0.070 seconds
[2024-07-09T13:50:47.991+0000] {processor.py:161} INFO - Started process (PID=2751) to work on /home/airflow/.local/lib/python3.11/site-packages/airflow/example_dags/example_complex.py
[2024-07-09T13:50:47.992+0000] {processor.py:830} INFO - Processing file /home/airflow/.local/lib/python3.11/site-packages/airflow/example_dags/example_complex.py for tasks to queue
[2024-07-09T13:50:47.993+0000] {logging_mixin.py:188} INFO - [2024-07-09T13:50:47.992+0000] {dagbag.py:540} INFO - Filling up the DagBag from /home/airflow/.local/lib/python3.11/site-packages/airflow/example_dags/example_complex.py
[2024-07-09T13:50:48.002+0000] {processor.py:840} INFO - DAG(s) 'example_complex' retrieved from /home/airflow/.local/lib/python3.11/site-packages/airflow/example_dags/example_complex.py
[2024-07-09T13:50:48.031+0000] {logging_mixin.py:188} INFO - [2024-07-09T13:50:48.030+0000] {dag.py:3047} INFO - Sync 1 DAGs
[2024-07-09T13:50:48.040+0000] {logging_mixin.py:188} INFO - [2024-07-09T13:50:48.040+0000] {dag.py:3834} INFO - Setting next_dagrun for example_complex to None, run_after=None
[2024-07-09T13:50:48.056+0000] {processor.py:183} INFO - Processing /home/airflow/.local/lib/python3.11/site-packages/airflow/example_dags/example_complex.py took 0.068 seconds
[2024-07-09T13:51:18.329+0000] {processor.py:161} INFO - Started process (PID=3019) to work on /home/airflow/.local/lib/python3.11/site-packages/airflow/example_dags/example_complex.py
[2024-07-09T13:51:18.330+0000] {processor.py:830} INFO - Processing file /home/airflow/.local/lib/python3.11/site-packages/airflow/example_dags/example_complex.py for tasks to queue
[2024-07-09T13:51:18.331+0000] {logging_mixin.py:188} INFO - [2024-07-09T13:51:18.331+0000] {dagbag.py:540} INFO - Filling up the DagBag from /home/airflow/.local/lib/python3.11/site-packages/airflow/example_dags/example_complex.py
[2024-07-09T13:51:18.340+0000] {processor.py:840} INFO - DAG(s) 'example_complex' retrieved from /home/airflow/.local/lib/python3.11/site-packages/airflow/example_dags/example_complex.py
[2024-07-09T13:51:18.371+0000] {logging_mixin.py:188} INFO - [2024-07-09T13:51:18.371+0000] {dag.py:3047} INFO - Sync 1 DAGs
[2024-07-09T13:51:18.382+0000] {logging_mixin.py:188} INFO - [2024-07-09T13:51:18.381+0000] {dag.py:3834} INFO - Setting next_dagrun for example_complex to None, run_after=None
[2024-07-09T13:51:18.398+0000] {processor.py:183} INFO - Processing /home/airflow/.local/lib/python3.11/site-packages/airflow/example_dags/example_complex.py took 0.072 seconds
