[2024-07-09T13:18:50.711+0000] {processor.py:161} INFO - Started process (PID=374) to work on /home/airflow/.local/lib/python3.11/site-packages/airflow/example_dags/example_time_delta_sensor_async.py
[2024-07-09T13:18:50.712+0000] {processor.py:830} INFO - Processing file /home/airflow/.local/lib/python3.11/site-packages/airflow/example_dags/example_time_delta_sensor_async.py for tasks to queue
[2024-07-09T13:18:50.712+0000] {logging_mixin.py:188} INFO - [2024-07-09T13:18:50.712+0000] {dagbag.py:540} INFO - Filling up the DagBag from /home/airflow/.local/lib/python3.11/site-packages/airflow/example_dags/example_time_delta_sensor_async.py
[2024-07-09T13:18:50.716+0000] {processor.py:840} INFO - DAG(s) 'example_time_delta_sensor_async' retrieved from /home/airflow/.local/lib/python3.11/site-packages/airflow/example_dags/example_time_delta_sensor_async.py
[2024-07-09T13:18:50.803+0000] {logging_mixin.py:188} INFO - [2024-07-09T13:18:50.802+0000] {override.py:1769} INFO - Created Permission View: can delete on DAG:example_time_delta_sensor_async
[2024-07-09T13:18:50.816+0000] {logging_mixin.py:188} INFO - [2024-07-09T13:18:50.816+0000] {override.py:1769} INFO - Created Permission View: can read on DAG:example_time_delta_sensor_async
[2024-07-09T13:18:50.822+0000] {logging_mixin.py:188} INFO - [2024-07-09T13:18:50.822+0000] {override.py:1769} INFO - Created Permission View: can edit on DAG:example_time_delta_sensor_async
[2024-07-09T13:18:50.823+0000] {logging_mixin.py:188} INFO - [2024-07-09T13:18:50.822+0000] {dag.py:3047} INFO - Sync 1 DAGs
[2024-07-09T13:18:50.833+0000] {logging_mixin.py:188} INFO - [2024-07-09T13:18:50.832+0000] {dag.py:3069} INFO - Creating ORM DAG for example_time_delta_sensor_async
[2024-07-09T13:18:50.833+0000] {logging_mixin.py:188} INFO - [2024-07-09T13:18:50.833+0000] {dag.py:3834} INFO - Setting next_dagrun for example_time_delta_sensor_async to None, run_after=None
[2024-07-09T13:18:50.850+0000] {processor.py:183} INFO - Processing /home/airflow/.local/lib/python3.11/site-packages/airflow/example_dags/example_time_delta_sensor_async.py took 0.142 seconds
[2024-07-09T13:19:21.733+0000] {processor.py:161} INFO - Started process (PID=646) to work on /home/airflow/.local/lib/python3.11/site-packages/airflow/example_dags/example_time_delta_sensor_async.py
[2024-07-09T13:19:21.734+0000] {processor.py:830} INFO - Processing file /home/airflow/.local/lib/python3.11/site-packages/airflow/example_dags/example_time_delta_sensor_async.py for tasks to queue
[2024-07-09T13:19:21.735+0000] {logging_mixin.py:188} INFO - [2024-07-09T13:19:21.735+0000] {dagbag.py:540} INFO - Filling up the DagBag from /home/airflow/.local/lib/python3.11/site-packages/airflow/example_dags/example_time_delta_sensor_async.py
[2024-07-09T13:19:21.738+0000] {processor.py:840} INFO - DAG(s) 'example_time_delta_sensor_async' retrieved from /home/airflow/.local/lib/python3.11/site-packages/airflow/example_dags/example_time_delta_sensor_async.py
[2024-07-09T13:19:21.758+0000] {logging_mixin.py:188} INFO - [2024-07-09T13:19:21.758+0000] {dag.py:3047} INFO - Sync 1 DAGs
[2024-07-09T13:19:21.767+0000] {logging_mixin.py:188} INFO - [2024-07-09T13:19:21.767+0000] {dag.py:3834} INFO - Setting next_dagrun for example_time_delta_sensor_async to None, run_after=None
[2024-07-09T13:19:21.782+0000] {processor.py:183} INFO - Processing /home/airflow/.local/lib/python3.11/site-packages/airflow/example_dags/example_time_delta_sensor_async.py took 0.051 seconds
[2024-07-09T13:19:52.590+0000] {processor.py:161} INFO - Started process (PID=916) to work on /home/airflow/.local/lib/python3.11/site-packages/airflow/example_dags/example_time_delta_sensor_async.py
[2024-07-09T13:19:52.591+0000] {processor.py:830} INFO - Processing file /home/airflow/.local/lib/python3.11/site-packages/airflow/example_dags/example_time_delta_sensor_async.py for tasks to queue
[2024-07-09T13:19:52.592+0000] {logging_mixin.py:188} INFO - [2024-07-09T13:19:52.591+0000] {dagbag.py:540} INFO - Filling up the DagBag from /home/airflow/.local/lib/python3.11/site-packages/airflow/example_dags/example_time_delta_sensor_async.py
[2024-07-09T13:19:52.595+0000] {processor.py:840} INFO - DAG(s) 'example_time_delta_sensor_async' retrieved from /home/airflow/.local/lib/python3.11/site-packages/airflow/example_dags/example_time_delta_sensor_async.py
[2024-07-09T13:19:52.615+0000] {logging_mixin.py:188} INFO - [2024-07-09T13:19:52.615+0000] {dag.py:3047} INFO - Sync 1 DAGs
[2024-07-09T13:19:52.624+0000] {logging_mixin.py:188} INFO - [2024-07-09T13:19:52.624+0000] {dag.py:3834} INFO - Setting next_dagrun for example_time_delta_sensor_async to None, run_after=None
[2024-07-09T13:19:52.639+0000] {processor.py:183} INFO - Processing /home/airflow/.local/lib/python3.11/site-packages/airflow/example_dags/example_time_delta_sensor_async.py took 0.051 seconds
[2024-07-09T13:20:23.884+0000] {processor.py:161} INFO - Started process (PID=1186) to work on /home/airflow/.local/lib/python3.11/site-packages/airflow/example_dags/example_time_delta_sensor_async.py
[2024-07-09T13:20:23.885+0000] {processor.py:830} INFO - Processing file /home/airflow/.local/lib/python3.11/site-packages/airflow/example_dags/example_time_delta_sensor_async.py for tasks to queue
[2024-07-09T13:20:23.886+0000] {logging_mixin.py:188} INFO - [2024-07-09T13:20:23.886+0000] {dagbag.py:540} INFO - Filling up the DagBag from /home/airflow/.local/lib/python3.11/site-packages/airflow/example_dags/example_time_delta_sensor_async.py
[2024-07-09T13:20:23.889+0000] {processor.py:840} INFO - DAG(s) 'example_time_delta_sensor_async' retrieved from /home/airflow/.local/lib/python3.11/site-packages/airflow/example_dags/example_time_delta_sensor_async.py
[2024-07-09T13:20:24.019+0000] {logging_mixin.py:188} INFO - [2024-07-09T13:20:24.019+0000] {dag.py:3047} INFO - Sync 1 DAGs
[2024-07-09T13:20:24.028+0000] {logging_mixin.py:188} INFO - [2024-07-09T13:20:24.027+0000] {dag.py:3834} INFO - Setting next_dagrun for example_time_delta_sensor_async to None, run_after=None
[2024-07-09T13:20:24.042+0000] {processor.py:183} INFO - Processing /home/airflow/.local/lib/python3.11/site-packages/airflow/example_dags/example_time_delta_sensor_async.py took 0.161 seconds
[2024-07-09T13:20:54.098+0000] {processor.py:161} INFO - Started process (PID=1454) to work on /home/airflow/.local/lib/python3.11/site-packages/airflow/example_dags/example_time_delta_sensor_async.py
[2024-07-09T13:20:54.099+0000] {processor.py:830} INFO - Processing file /home/airflow/.local/lib/python3.11/site-packages/airflow/example_dags/example_time_delta_sensor_async.py for tasks to queue
[2024-07-09T13:20:54.100+0000] {logging_mixin.py:188} INFO - [2024-07-09T13:20:54.100+0000] {dagbag.py:540} INFO - Filling up the DagBag from /home/airflow/.local/lib/python3.11/site-packages/airflow/example_dags/example_time_delta_sensor_async.py
[2024-07-09T13:20:54.103+0000] {processor.py:840} INFO - DAG(s) 'example_time_delta_sensor_async' retrieved from /home/airflow/.local/lib/python3.11/site-packages/airflow/example_dags/example_time_delta_sensor_async.py
[2024-07-09T13:20:54.126+0000] {logging_mixin.py:188} INFO - [2024-07-09T13:20:54.126+0000] {dag.py:3047} INFO - Sync 1 DAGs
[2024-07-09T13:20:54.137+0000] {logging_mixin.py:188} INFO - [2024-07-09T13:20:54.137+0000] {dag.py:3834} INFO - Setting next_dagrun for example_time_delta_sensor_async to None, run_after=None
[2024-07-09T13:20:54.153+0000] {processor.py:183} INFO - Processing /home/airflow/.local/lib/python3.11/site-packages/airflow/example_dags/example_time_delta_sensor_async.py took 0.057 seconds
[2024-07-09T13:21:24.951+0000] {processor.py:161} INFO - Started process (PID=1724) to work on /home/airflow/.local/lib/python3.11/site-packages/airflow/example_dags/example_time_delta_sensor_async.py
[2024-07-09T13:21:24.952+0000] {processor.py:830} INFO - Processing file /home/airflow/.local/lib/python3.11/site-packages/airflow/example_dags/example_time_delta_sensor_async.py for tasks to queue
[2024-07-09T13:21:24.953+0000] {logging_mixin.py:188} INFO - [2024-07-09T13:21:24.953+0000] {dagbag.py:540} INFO - Filling up the DagBag from /home/airflow/.local/lib/python3.11/site-packages/airflow/example_dags/example_time_delta_sensor_async.py
[2024-07-09T13:21:24.957+0000] {processor.py:840} INFO - DAG(s) 'example_time_delta_sensor_async' retrieved from /home/airflow/.local/lib/python3.11/site-packages/airflow/example_dags/example_time_delta_sensor_async.py
[2024-07-09T13:21:24.979+0000] {logging_mixin.py:188} INFO - [2024-07-09T13:21:24.979+0000] {dag.py:3047} INFO - Sync 1 DAGs
[2024-07-09T13:21:24.990+0000] {logging_mixin.py:188} INFO - [2024-07-09T13:21:24.990+0000] {dag.py:3834} INFO - Setting next_dagrun for example_time_delta_sensor_async to None, run_after=None
[2024-07-09T13:21:25.006+0000] {processor.py:183} INFO - Processing /home/airflow/.local/lib/python3.11/site-packages/airflow/example_dags/example_time_delta_sensor_async.py took 0.058 seconds
[2024-07-09T13:21:55.610+0000] {processor.py:161} INFO - Started process (PID=1994) to work on /home/airflow/.local/lib/python3.11/site-packages/airflow/example_dags/example_time_delta_sensor_async.py
[2024-07-09T13:21:55.612+0000] {processor.py:830} INFO - Processing file /home/airflow/.local/lib/python3.11/site-packages/airflow/example_dags/example_time_delta_sensor_async.py for tasks to queue
[2024-07-09T13:21:55.612+0000] {logging_mixin.py:188} INFO - [2024-07-09T13:21:55.612+0000] {dagbag.py:540} INFO - Filling up the DagBag from /home/airflow/.local/lib/python3.11/site-packages/airflow/example_dags/example_time_delta_sensor_async.py
[2024-07-09T13:21:55.616+0000] {processor.py:840} INFO - DAG(s) 'example_time_delta_sensor_async' retrieved from /home/airflow/.local/lib/python3.11/site-packages/airflow/example_dags/example_time_delta_sensor_async.py
[2024-07-09T13:21:55.637+0000] {logging_mixin.py:188} INFO - [2024-07-09T13:21:55.637+0000] {dag.py:3047} INFO - Sync 1 DAGs
[2024-07-09T13:21:55.648+0000] {logging_mixin.py:188} INFO - [2024-07-09T13:21:55.647+0000] {dag.py:3834} INFO - Setting next_dagrun for example_time_delta_sensor_async to None, run_after=None
[2024-07-09T13:21:55.663+0000] {processor.py:183} INFO - Processing /home/airflow/.local/lib/python3.11/site-packages/airflow/example_dags/example_time_delta_sensor_async.py took 0.055 seconds
[2024-07-09T13:22:26.330+0000] {processor.py:161} INFO - Started process (PID=2264) to work on /home/airflow/.local/lib/python3.11/site-packages/airflow/example_dags/example_time_delta_sensor_async.py
[2024-07-09T13:22:26.331+0000] {processor.py:830} INFO - Processing file /home/airflow/.local/lib/python3.11/site-packages/airflow/example_dags/example_time_delta_sensor_async.py for tasks to queue
[2024-07-09T13:22:26.332+0000] {logging_mixin.py:188} INFO - [2024-07-09T13:22:26.332+0000] {dagbag.py:540} INFO - Filling up the DagBag from /home/airflow/.local/lib/python3.11/site-packages/airflow/example_dags/example_time_delta_sensor_async.py
[2024-07-09T13:22:26.336+0000] {processor.py:840} INFO - DAG(s) 'example_time_delta_sensor_async' retrieved from /home/airflow/.local/lib/python3.11/site-packages/airflow/example_dags/example_time_delta_sensor_async.py
[2024-07-09T13:22:26.357+0000] {logging_mixin.py:188} INFO - [2024-07-09T13:22:26.356+0000] {dag.py:3047} INFO - Sync 1 DAGs
[2024-07-09T13:22:26.366+0000] {logging_mixin.py:188} INFO - [2024-07-09T13:22:26.366+0000] {dag.py:3834} INFO - Setting next_dagrun for example_time_delta_sensor_async to None, run_after=None
[2024-07-09T13:22:26.381+0000] {processor.py:183} INFO - Processing /home/airflow/.local/lib/python3.11/site-packages/airflow/example_dags/example_time_delta_sensor_async.py took 0.053 seconds
[2024-07-09T13:22:57.084+0000] {processor.py:161} INFO - Started process (PID=2534) to work on /home/airflow/.local/lib/python3.11/site-packages/airflow/example_dags/example_time_delta_sensor_async.py
[2024-07-09T13:22:57.085+0000] {processor.py:830} INFO - Processing file /home/airflow/.local/lib/python3.11/site-packages/airflow/example_dags/example_time_delta_sensor_async.py for tasks to queue
[2024-07-09T13:22:57.085+0000] {logging_mixin.py:188} INFO - [2024-07-09T13:22:57.085+0000] {dagbag.py:540} INFO - Filling up the DagBag from /home/airflow/.local/lib/python3.11/site-packages/airflow/example_dags/example_time_delta_sensor_async.py
[2024-07-09T13:22:57.089+0000] {processor.py:840} INFO - DAG(s) 'example_time_delta_sensor_async' retrieved from /home/airflow/.local/lib/python3.11/site-packages/airflow/example_dags/example_time_delta_sensor_async.py
[2024-07-09T13:22:57.109+0000] {logging_mixin.py:188} INFO - [2024-07-09T13:22:57.108+0000] {dag.py:3047} INFO - Sync 1 DAGs
[2024-07-09T13:22:57.119+0000] {logging_mixin.py:188} INFO - [2024-07-09T13:22:57.119+0000] {dag.py:3834} INFO - Setting next_dagrun for example_time_delta_sensor_async to None, run_after=None
[2024-07-09T13:22:57.135+0000] {processor.py:183} INFO - Processing /home/airflow/.local/lib/python3.11/site-packages/airflow/example_dags/example_time_delta_sensor_async.py took 0.053 seconds
[2024-07-09T13:23:27.888+0000] {processor.py:161} INFO - Started process (PID=2804) to work on /home/airflow/.local/lib/python3.11/site-packages/airflow/example_dags/example_time_delta_sensor_async.py
[2024-07-09T13:23:27.889+0000] {processor.py:830} INFO - Processing file /home/airflow/.local/lib/python3.11/site-packages/airflow/example_dags/example_time_delta_sensor_async.py for tasks to queue
[2024-07-09T13:23:27.890+0000] {logging_mixin.py:188} INFO - [2024-07-09T13:23:27.890+0000] {dagbag.py:540} INFO - Filling up the DagBag from /home/airflow/.local/lib/python3.11/site-packages/airflow/example_dags/example_time_delta_sensor_async.py
[2024-07-09T13:23:27.894+0000] {processor.py:840} INFO - DAG(s) 'example_time_delta_sensor_async' retrieved from /home/airflow/.local/lib/python3.11/site-packages/airflow/example_dags/example_time_delta_sensor_async.py
[2024-07-09T13:23:27.914+0000] {logging_mixin.py:188} INFO - [2024-07-09T13:23:27.913+0000] {dag.py:3047} INFO - Sync 1 DAGs
[2024-07-09T13:23:27.923+0000] {logging_mixin.py:188} INFO - [2024-07-09T13:23:27.923+0000] {dag.py:3834} INFO - Setting next_dagrun for example_time_delta_sensor_async to None, run_after=None
[2024-07-09T13:23:27.938+0000] {processor.py:183} INFO - Processing /home/airflow/.local/lib/python3.11/site-packages/airflow/example_dags/example_time_delta_sensor_async.py took 0.053 seconds
[2024-07-09T13:23:58.595+0000] {processor.py:161} INFO - Started process (PID=3074) to work on /home/airflow/.local/lib/python3.11/site-packages/airflow/example_dags/example_time_delta_sensor_async.py
[2024-07-09T13:23:58.596+0000] {processor.py:830} INFO - Processing file /home/airflow/.local/lib/python3.11/site-packages/airflow/example_dags/example_time_delta_sensor_async.py for tasks to queue
[2024-07-09T13:23:58.596+0000] {logging_mixin.py:188} INFO - [2024-07-09T13:23:58.596+0000] {dagbag.py:540} INFO - Filling up the DagBag from /home/airflow/.local/lib/python3.11/site-packages/airflow/example_dags/example_time_delta_sensor_async.py
[2024-07-09T13:23:58.600+0000] {processor.py:840} INFO - DAG(s) 'example_time_delta_sensor_async' retrieved from /home/airflow/.local/lib/python3.11/site-packages/airflow/example_dags/example_time_delta_sensor_async.py
[2024-07-09T13:23:58.622+0000] {logging_mixin.py:188} INFO - [2024-07-09T13:23:58.622+0000] {dag.py:3047} INFO - Sync 1 DAGs
[2024-07-09T13:23:58.633+0000] {logging_mixin.py:188} INFO - [2024-07-09T13:23:58.632+0000] {dag.py:3834} INFO - Setting next_dagrun for example_time_delta_sensor_async to None, run_after=None
[2024-07-09T13:23:58.647+0000] {processor.py:183} INFO - Processing /home/airflow/.local/lib/python3.11/site-packages/airflow/example_dags/example_time_delta_sensor_async.py took 0.055 seconds
[2024-07-09T13:24:29.242+0000] {processor.py:161} INFO - Started process (PID=3344) to work on /home/airflow/.local/lib/python3.11/site-packages/airflow/example_dags/example_time_delta_sensor_async.py
[2024-07-09T13:24:29.243+0000] {processor.py:830} INFO - Processing file /home/airflow/.local/lib/python3.11/site-packages/airflow/example_dags/example_time_delta_sensor_async.py for tasks to queue
[2024-07-09T13:24:29.244+0000] {logging_mixin.py:188} INFO - [2024-07-09T13:24:29.243+0000] {dagbag.py:540} INFO - Filling up the DagBag from /home/airflow/.local/lib/python3.11/site-packages/airflow/example_dags/example_time_delta_sensor_async.py
[2024-07-09T13:24:29.247+0000] {processor.py:840} INFO - DAG(s) 'example_time_delta_sensor_async' retrieved from /home/airflow/.local/lib/python3.11/site-packages/airflow/example_dags/example_time_delta_sensor_async.py
[2024-07-09T13:24:29.266+0000] {logging_mixin.py:188} INFO - [2024-07-09T13:24:29.266+0000] {dag.py:3047} INFO - Sync 1 DAGs
[2024-07-09T13:24:29.277+0000] {logging_mixin.py:188} INFO - [2024-07-09T13:24:29.276+0000] {dag.py:3834} INFO - Setting next_dagrun for example_time_delta_sensor_async to None, run_after=None
[2024-07-09T13:24:29.292+0000] {processor.py:183} INFO - Processing /home/airflow/.local/lib/python3.11/site-packages/airflow/example_dags/example_time_delta_sensor_async.py took 0.053 seconds
[2024-07-09T13:25:00.011+0000] {processor.py:161} INFO - Started process (PID=3614) to work on /home/airflow/.local/lib/python3.11/site-packages/airflow/example_dags/example_time_delta_sensor_async.py
[2024-07-09T13:25:00.012+0000] {processor.py:830} INFO - Processing file /home/airflow/.local/lib/python3.11/site-packages/airflow/example_dags/example_time_delta_sensor_async.py for tasks to queue
[2024-07-09T13:25:00.013+0000] {logging_mixin.py:188} INFO - [2024-07-09T13:25:00.012+0000] {dagbag.py:540} INFO - Filling up the DagBag from /home/airflow/.local/lib/python3.11/site-packages/airflow/example_dags/example_time_delta_sensor_async.py
[2024-07-09T13:25:00.016+0000] {processor.py:840} INFO - DAG(s) 'example_time_delta_sensor_async' retrieved from /home/airflow/.local/lib/python3.11/site-packages/airflow/example_dags/example_time_delta_sensor_async.py
[2024-07-09T13:25:00.037+0000] {logging_mixin.py:188} INFO - [2024-07-09T13:25:00.037+0000] {dag.py:3047} INFO - Sync 1 DAGs
[2024-07-09T13:25:00.047+0000] {logging_mixin.py:188} INFO - [2024-07-09T13:25:00.047+0000] {dag.py:3834} INFO - Setting next_dagrun for example_time_delta_sensor_async to None, run_after=None
[2024-07-09T13:25:00.061+0000] {processor.py:183} INFO - Processing /home/airflow/.local/lib/python3.11/site-packages/airflow/example_dags/example_time_delta_sensor_async.py took 0.053 seconds
[2024-07-09T13:26:11.450+0000] {processor.py:161} INFO - Started process (PID=375) to work on /home/airflow/.local/lib/python3.11/site-packages/airflow/example_dags/example_time_delta_sensor_async.py
[2024-07-09T13:26:11.451+0000] {processor.py:830} INFO - Processing file /home/airflow/.local/lib/python3.11/site-packages/airflow/example_dags/example_time_delta_sensor_async.py for tasks to queue
[2024-07-09T13:26:11.452+0000] {logging_mixin.py:188} INFO - [2024-07-09T13:26:11.452+0000] {dagbag.py:540} INFO - Filling up the DagBag from /home/airflow/.local/lib/python3.11/site-packages/airflow/example_dags/example_time_delta_sensor_async.py
[2024-07-09T13:26:11.456+0000] {processor.py:840} INFO - DAG(s) 'example_time_delta_sensor_async' retrieved from /home/airflow/.local/lib/python3.11/site-packages/airflow/example_dags/example_time_delta_sensor_async.py
[2024-07-09T13:26:11.541+0000] {logging_mixin.py:188} INFO - [2024-07-09T13:26:11.541+0000] {override.py:1769} INFO - Created Permission View: can delete on DAG:example_time_delta_sensor_async
[2024-07-09T13:26:11.551+0000] {logging_mixin.py:188} INFO - [2024-07-09T13:26:11.551+0000] {override.py:1769} INFO - Created Permission View: can read on DAG:example_time_delta_sensor_async
[2024-07-09T13:26:11.557+0000] {logging_mixin.py:188} INFO - [2024-07-09T13:26:11.557+0000] {override.py:1769} INFO - Created Permission View: can edit on DAG:example_time_delta_sensor_async
[2024-07-09T13:26:11.557+0000] {logging_mixin.py:188} INFO - [2024-07-09T13:26:11.557+0000] {dag.py:3047} INFO - Sync 1 DAGs
[2024-07-09T13:26:11.567+0000] {logging_mixin.py:188} INFO - [2024-07-09T13:26:11.567+0000] {dag.py:3069} INFO - Creating ORM DAG for example_time_delta_sensor_async
[2024-07-09T13:26:11.568+0000] {logging_mixin.py:188} INFO - [2024-07-09T13:26:11.568+0000] {dag.py:3834} INFO - Setting next_dagrun for example_time_delta_sensor_async to None, run_after=None
[2024-07-09T13:26:11.583+0000] {processor.py:183} INFO - Processing /home/airflow/.local/lib/python3.11/site-packages/airflow/example_dags/example_time_delta_sensor_async.py took 0.135 seconds
[2024-07-09T13:26:41.797+0000] {processor.py:161} INFO - Started process (PID=645) to work on /home/airflow/.local/lib/python3.11/site-packages/airflow/example_dags/example_time_delta_sensor_async.py
[2024-07-09T13:26:41.798+0000] {processor.py:830} INFO - Processing file /home/airflow/.local/lib/python3.11/site-packages/airflow/example_dags/example_time_delta_sensor_async.py for tasks to queue
[2024-07-09T13:26:41.798+0000] {logging_mixin.py:188} INFO - [2024-07-09T13:26:41.798+0000] {dagbag.py:540} INFO - Filling up the DagBag from /home/airflow/.local/lib/python3.11/site-packages/airflow/example_dags/example_time_delta_sensor_async.py
[2024-07-09T13:26:41.802+0000] {processor.py:840} INFO - DAG(s) 'example_time_delta_sensor_async' retrieved from /home/airflow/.local/lib/python3.11/site-packages/airflow/example_dags/example_time_delta_sensor_async.py
[2024-07-09T13:26:41.823+0000] {logging_mixin.py:188} INFO - [2024-07-09T13:26:41.823+0000] {dag.py:3047} INFO - Sync 1 DAGs
[2024-07-09T13:26:41.833+0000] {logging_mixin.py:188} INFO - [2024-07-09T13:26:41.833+0000] {dag.py:3834} INFO - Setting next_dagrun for example_time_delta_sensor_async to None, run_after=None
[2024-07-09T13:26:41.851+0000] {processor.py:183} INFO - Processing /home/airflow/.local/lib/python3.11/site-packages/airflow/example_dags/example_time_delta_sensor_async.py took 0.057 seconds
[2024-07-09T13:27:12.261+0000] {processor.py:161} INFO - Started process (PID=915) to work on /home/airflow/.local/lib/python3.11/site-packages/airflow/example_dags/example_time_delta_sensor_async.py
[2024-07-09T13:27:12.262+0000] {processor.py:830} INFO - Processing file /home/airflow/.local/lib/python3.11/site-packages/airflow/example_dags/example_time_delta_sensor_async.py for tasks to queue
[2024-07-09T13:27:12.263+0000] {logging_mixin.py:188} INFO - [2024-07-09T13:27:12.263+0000] {dagbag.py:540} INFO - Filling up the DagBag from /home/airflow/.local/lib/python3.11/site-packages/airflow/example_dags/example_time_delta_sensor_async.py
[2024-07-09T13:27:12.267+0000] {processor.py:840} INFO - DAG(s) 'example_time_delta_sensor_async' retrieved from /home/airflow/.local/lib/python3.11/site-packages/airflow/example_dags/example_time_delta_sensor_async.py
[2024-07-09T13:27:12.290+0000] {logging_mixin.py:188} INFO - [2024-07-09T13:27:12.290+0000] {dag.py:3047} INFO - Sync 1 DAGs
[2024-07-09T13:27:12.302+0000] {logging_mixin.py:188} INFO - [2024-07-09T13:27:12.301+0000] {dag.py:3834} INFO - Setting next_dagrun for example_time_delta_sensor_async to None, run_after=None
[2024-07-09T13:27:12.319+0000] {processor.py:183} INFO - Processing /home/airflow/.local/lib/python3.11/site-packages/airflow/example_dags/example_time_delta_sensor_async.py took 0.061 seconds
[2024-07-09T13:27:43.176+0000] {processor.py:161} INFO - Started process (PID=1185) to work on /home/airflow/.local/lib/python3.11/site-packages/airflow/example_dags/example_time_delta_sensor_async.py
[2024-07-09T13:27:43.177+0000] {processor.py:830} INFO - Processing file /home/airflow/.local/lib/python3.11/site-packages/airflow/example_dags/example_time_delta_sensor_async.py for tasks to queue
[2024-07-09T13:27:43.177+0000] {logging_mixin.py:188} INFO - [2024-07-09T13:27:43.177+0000] {dagbag.py:540} INFO - Filling up the DagBag from /home/airflow/.local/lib/python3.11/site-packages/airflow/example_dags/example_time_delta_sensor_async.py
[2024-07-09T13:27:43.181+0000] {processor.py:840} INFO - DAG(s) 'example_time_delta_sensor_async' retrieved from /home/airflow/.local/lib/python3.11/site-packages/airflow/example_dags/example_time_delta_sensor_async.py
[2024-07-09T13:27:43.201+0000] {logging_mixin.py:188} INFO - [2024-07-09T13:27:43.201+0000] {dag.py:3047} INFO - Sync 1 DAGs
[2024-07-09T13:27:43.212+0000] {logging_mixin.py:188} INFO - [2024-07-09T13:27:43.211+0000] {dag.py:3834} INFO - Setting next_dagrun for example_time_delta_sensor_async to None, run_after=None
[2024-07-09T13:27:43.227+0000] {processor.py:183} INFO - Processing /home/airflow/.local/lib/python3.11/site-packages/airflow/example_dags/example_time_delta_sensor_async.py took 0.054 seconds
[2024-07-09T13:28:13.947+0000] {processor.py:161} INFO - Started process (PID=1455) to work on /home/airflow/.local/lib/python3.11/site-packages/airflow/example_dags/example_time_delta_sensor_async.py
[2024-07-09T13:28:13.948+0000] {processor.py:830} INFO - Processing file /home/airflow/.local/lib/python3.11/site-packages/airflow/example_dags/example_time_delta_sensor_async.py for tasks to queue
[2024-07-09T13:28:13.948+0000] {logging_mixin.py:188} INFO - [2024-07-09T13:28:13.948+0000] {dagbag.py:540} INFO - Filling up the DagBag from /home/airflow/.local/lib/python3.11/site-packages/airflow/example_dags/example_time_delta_sensor_async.py
[2024-07-09T13:28:13.952+0000] {processor.py:840} INFO - DAG(s) 'example_time_delta_sensor_async' retrieved from /home/airflow/.local/lib/python3.11/site-packages/airflow/example_dags/example_time_delta_sensor_async.py
[2024-07-09T13:28:13.972+0000] {logging_mixin.py:188} INFO - [2024-07-09T13:28:13.972+0000] {dag.py:3047} INFO - Sync 1 DAGs
[2024-07-09T13:28:13.982+0000] {logging_mixin.py:188} INFO - [2024-07-09T13:28:13.982+0000] {dag.py:3834} INFO - Setting next_dagrun for example_time_delta_sensor_async to None, run_after=None
[2024-07-09T13:28:13.998+0000] {processor.py:183} INFO - Processing /home/airflow/.local/lib/python3.11/site-packages/airflow/example_dags/example_time_delta_sensor_async.py took 0.054 seconds
[2024-07-09T13:28:44.436+0000] {processor.py:161} INFO - Started process (PID=1725) to work on /home/airflow/.local/lib/python3.11/site-packages/airflow/example_dags/example_time_delta_sensor_async.py
[2024-07-09T13:28:44.437+0000] {processor.py:830} INFO - Processing file /home/airflow/.local/lib/python3.11/site-packages/airflow/example_dags/example_time_delta_sensor_async.py for tasks to queue
[2024-07-09T13:28:44.438+0000] {logging_mixin.py:188} INFO - [2024-07-09T13:28:44.437+0000] {dagbag.py:540} INFO - Filling up the DagBag from /home/airflow/.local/lib/python3.11/site-packages/airflow/example_dags/example_time_delta_sensor_async.py
[2024-07-09T13:28:44.442+0000] {processor.py:840} INFO - DAG(s) 'example_time_delta_sensor_async' retrieved from /home/airflow/.local/lib/python3.11/site-packages/airflow/example_dags/example_time_delta_sensor_async.py
[2024-07-09T13:28:44.463+0000] {logging_mixin.py:188} INFO - [2024-07-09T13:28:44.463+0000] {dag.py:3047} INFO - Sync 1 DAGs
[2024-07-09T13:28:44.473+0000] {logging_mixin.py:188} INFO - [2024-07-09T13:28:44.473+0000] {dag.py:3834} INFO - Setting next_dagrun for example_time_delta_sensor_async to None, run_after=None
[2024-07-09T13:28:44.490+0000] {processor.py:183} INFO - Processing /home/airflow/.local/lib/python3.11/site-packages/airflow/example_dags/example_time_delta_sensor_async.py took 0.057 seconds
[2024-07-09T13:29:14.781+0000] {processor.py:161} INFO - Started process (PID=1995) to work on /home/airflow/.local/lib/python3.11/site-packages/airflow/example_dags/example_time_delta_sensor_async.py
[2024-07-09T13:29:14.782+0000] {processor.py:830} INFO - Processing file /home/airflow/.local/lib/python3.11/site-packages/airflow/example_dags/example_time_delta_sensor_async.py for tasks to queue
[2024-07-09T13:29:14.783+0000] {logging_mixin.py:188} INFO - [2024-07-09T13:29:14.782+0000] {dagbag.py:540} INFO - Filling up the DagBag from /home/airflow/.local/lib/python3.11/site-packages/airflow/example_dags/example_time_delta_sensor_async.py
[2024-07-09T13:29:14.786+0000] {processor.py:840} INFO - DAG(s) 'example_time_delta_sensor_async' retrieved from /home/airflow/.local/lib/python3.11/site-packages/airflow/example_dags/example_time_delta_sensor_async.py
[2024-07-09T13:29:14.807+0000] {logging_mixin.py:188} INFO - [2024-07-09T13:29:14.807+0000] {dag.py:3047} INFO - Sync 1 DAGs
[2024-07-09T13:29:14.818+0000] {logging_mixin.py:188} INFO - [2024-07-09T13:29:14.818+0000] {dag.py:3834} INFO - Setting next_dagrun for example_time_delta_sensor_async to None, run_after=None
[2024-07-09T13:29:14.835+0000] {processor.py:183} INFO - Processing /home/airflow/.local/lib/python3.11/site-packages/airflow/example_dags/example_time_delta_sensor_async.py took 0.056 seconds
[2024-07-09T13:29:45.182+0000] {processor.py:161} INFO - Started process (PID=2265) to work on /home/airflow/.local/lib/python3.11/site-packages/airflow/example_dags/example_time_delta_sensor_async.py
[2024-07-09T13:29:45.183+0000] {processor.py:830} INFO - Processing file /home/airflow/.local/lib/python3.11/site-packages/airflow/example_dags/example_time_delta_sensor_async.py for tasks to queue
[2024-07-09T13:29:45.184+0000] {logging_mixin.py:188} INFO - [2024-07-09T13:29:45.184+0000] {dagbag.py:540} INFO - Filling up the DagBag from /home/airflow/.local/lib/python3.11/site-packages/airflow/example_dags/example_time_delta_sensor_async.py
[2024-07-09T13:29:45.188+0000] {processor.py:840} INFO - DAG(s) 'example_time_delta_sensor_async' retrieved from /home/airflow/.local/lib/python3.11/site-packages/airflow/example_dags/example_time_delta_sensor_async.py
[2024-07-09T13:29:45.208+0000] {logging_mixin.py:188} INFO - [2024-07-09T13:29:45.208+0000] {dag.py:3047} INFO - Sync 1 DAGs
[2024-07-09T13:29:45.218+0000] {logging_mixin.py:188} INFO - [2024-07-09T13:29:45.218+0000] {dag.py:3834} INFO - Setting next_dagrun for example_time_delta_sensor_async to None, run_after=None
[2024-07-09T13:29:45.234+0000] {processor.py:183} INFO - Processing /home/airflow/.local/lib/python3.11/site-packages/airflow/example_dags/example_time_delta_sensor_async.py took 0.054 seconds
[2024-07-09T13:31:39.699+0000] {processor.py:161} INFO - Started process (PID=374) to work on /home/airflow/.local/lib/python3.11/site-packages/airflow/example_dags/example_time_delta_sensor_async.py
[2024-07-09T13:31:39.700+0000] {processor.py:830} INFO - Processing file /home/airflow/.local/lib/python3.11/site-packages/airflow/example_dags/example_time_delta_sensor_async.py for tasks to queue
[2024-07-09T13:31:39.700+0000] {logging_mixin.py:188} INFO - [2024-07-09T13:31:39.700+0000] {dagbag.py:540} INFO - Filling up the DagBag from /home/airflow/.local/lib/python3.11/site-packages/airflow/example_dags/example_time_delta_sensor_async.py
[2024-07-09T13:31:39.704+0000] {processor.py:840} INFO - DAG(s) 'example_time_delta_sensor_async' retrieved from /home/airflow/.local/lib/python3.11/site-packages/airflow/example_dags/example_time_delta_sensor_async.py
[2024-07-09T13:31:39.792+0000] {logging_mixin.py:188} INFO - [2024-07-09T13:31:39.791+0000] {override.py:1769} INFO - Created Permission View: can edit on DAG:example_time_delta_sensor_async
[2024-07-09T13:31:39.801+0000] {logging_mixin.py:188} INFO - [2024-07-09T13:31:39.801+0000] {override.py:1769} INFO - Created Permission View: can delete on DAG:example_time_delta_sensor_async
[2024-07-09T13:31:39.808+0000] {logging_mixin.py:188} INFO - [2024-07-09T13:31:39.808+0000] {override.py:1769} INFO - Created Permission View: can read on DAG:example_time_delta_sensor_async
[2024-07-09T13:31:39.809+0000] {logging_mixin.py:188} INFO - [2024-07-09T13:31:39.809+0000] {dag.py:3047} INFO - Sync 1 DAGs
[2024-07-09T13:31:39.818+0000] {logging_mixin.py:188} INFO - [2024-07-09T13:31:39.818+0000] {dag.py:3069} INFO - Creating ORM DAG for example_time_delta_sensor_async
[2024-07-09T13:31:39.819+0000] {logging_mixin.py:188} INFO - [2024-07-09T13:31:39.819+0000] {dag.py:3834} INFO - Setting next_dagrun for example_time_delta_sensor_async to None, run_after=None
[2024-07-09T13:31:39.833+0000] {processor.py:183} INFO - Processing /home/airflow/.local/lib/python3.11/site-packages/airflow/example_dags/example_time_delta_sensor_async.py took 0.138 seconds
[2024-07-09T13:32:10.480+0000] {processor.py:161} INFO - Started process (PID=644) to work on /home/airflow/.local/lib/python3.11/site-packages/airflow/example_dags/example_time_delta_sensor_async.py
[2024-07-09T13:32:10.481+0000] {processor.py:830} INFO - Processing file /home/airflow/.local/lib/python3.11/site-packages/airflow/example_dags/example_time_delta_sensor_async.py for tasks to queue
[2024-07-09T13:32:10.482+0000] {logging_mixin.py:188} INFO - [2024-07-09T13:32:10.482+0000] {dagbag.py:540} INFO - Filling up the DagBag from /home/airflow/.local/lib/python3.11/site-packages/airflow/example_dags/example_time_delta_sensor_async.py
[2024-07-09T13:32:10.487+0000] {processor.py:840} INFO - DAG(s) 'example_time_delta_sensor_async' retrieved from /home/airflow/.local/lib/python3.11/site-packages/airflow/example_dags/example_time_delta_sensor_async.py
[2024-07-09T13:32:10.510+0000] {logging_mixin.py:188} INFO - [2024-07-09T13:32:10.510+0000] {dag.py:3047} INFO - Sync 1 DAGs
[2024-07-09T13:32:10.522+0000] {logging_mixin.py:188} INFO - [2024-07-09T13:32:10.522+0000] {dag.py:3834} INFO - Setting next_dagrun for example_time_delta_sensor_async to None, run_after=None
[2024-07-09T13:32:10.539+0000] {processor.py:183} INFO - Processing /home/airflow/.local/lib/python3.11/site-packages/airflow/example_dags/example_time_delta_sensor_async.py took 0.063 seconds
[2024-07-09T13:32:40.840+0000] {processor.py:161} INFO - Started process (PID=914) to work on /home/airflow/.local/lib/python3.11/site-packages/airflow/example_dags/example_time_delta_sensor_async.py
[2024-07-09T13:32:40.841+0000] {processor.py:830} INFO - Processing file /home/airflow/.local/lib/python3.11/site-packages/airflow/example_dags/example_time_delta_sensor_async.py for tasks to queue
[2024-07-09T13:32:40.842+0000] {logging_mixin.py:188} INFO - [2024-07-09T13:32:40.841+0000] {dagbag.py:540} INFO - Filling up the DagBag from /home/airflow/.local/lib/python3.11/site-packages/airflow/example_dags/example_time_delta_sensor_async.py
[2024-07-09T13:32:40.845+0000] {processor.py:840} INFO - DAG(s) 'example_time_delta_sensor_async' retrieved from /home/airflow/.local/lib/python3.11/site-packages/airflow/example_dags/example_time_delta_sensor_async.py
[2024-07-09T13:32:40.866+0000] {logging_mixin.py:188} INFO - [2024-07-09T13:32:40.866+0000] {dag.py:3047} INFO - Sync 1 DAGs
[2024-07-09T13:32:40.877+0000] {logging_mixin.py:188} INFO - [2024-07-09T13:32:40.876+0000] {dag.py:3834} INFO - Setting next_dagrun for example_time_delta_sensor_async to None, run_after=None
[2024-07-09T13:32:40.895+0000] {processor.py:183} INFO - Processing /home/airflow/.local/lib/python3.11/site-packages/airflow/example_dags/example_time_delta_sensor_async.py took 0.059 seconds
[2024-07-09T13:33:11.730+0000] {processor.py:161} INFO - Started process (PID=1184) to work on /home/airflow/.local/lib/python3.11/site-packages/airflow/example_dags/example_time_delta_sensor_async.py
[2024-07-09T13:33:11.731+0000] {processor.py:830} INFO - Processing file /home/airflow/.local/lib/python3.11/site-packages/airflow/example_dags/example_time_delta_sensor_async.py for tasks to queue
[2024-07-09T13:33:11.731+0000] {logging_mixin.py:188} INFO - [2024-07-09T13:33:11.731+0000] {dagbag.py:540} INFO - Filling up the DagBag from /home/airflow/.local/lib/python3.11/site-packages/airflow/example_dags/example_time_delta_sensor_async.py
[2024-07-09T13:33:11.735+0000] {processor.py:840} INFO - DAG(s) 'example_time_delta_sensor_async' retrieved from /home/airflow/.local/lib/python3.11/site-packages/airflow/example_dags/example_time_delta_sensor_async.py
[2024-07-09T13:33:11.756+0000] {logging_mixin.py:188} INFO - [2024-07-09T13:33:11.756+0000] {dag.py:3047} INFO - Sync 1 DAGs
[2024-07-09T13:33:11.766+0000] {logging_mixin.py:188} INFO - [2024-07-09T13:33:11.766+0000] {dag.py:3834} INFO - Setting next_dagrun for example_time_delta_sensor_async to None, run_after=None
[2024-07-09T13:33:11.782+0000] {processor.py:183} INFO - Processing /home/airflow/.local/lib/python3.11/site-packages/airflow/example_dags/example_time_delta_sensor_async.py took 0.055 seconds
[2024-07-09T13:33:42.341+0000] {processor.py:161} INFO - Started process (PID=1454) to work on /home/airflow/.local/lib/python3.11/site-packages/airflow/example_dags/example_time_delta_sensor_async.py
[2024-07-09T13:33:42.342+0000] {processor.py:830} INFO - Processing file /home/airflow/.local/lib/python3.11/site-packages/airflow/example_dags/example_time_delta_sensor_async.py for tasks to queue
[2024-07-09T13:33:42.342+0000] {logging_mixin.py:188} INFO - [2024-07-09T13:33:42.342+0000] {dagbag.py:540} INFO - Filling up the DagBag from /home/airflow/.local/lib/python3.11/site-packages/airflow/example_dags/example_time_delta_sensor_async.py
[2024-07-09T13:33:42.346+0000] {processor.py:840} INFO - DAG(s) 'example_time_delta_sensor_async' retrieved from /home/airflow/.local/lib/python3.11/site-packages/airflow/example_dags/example_time_delta_sensor_async.py
[2024-07-09T13:33:42.368+0000] {logging_mixin.py:188} INFO - [2024-07-09T13:33:42.367+0000] {dag.py:3047} INFO - Sync 1 DAGs
[2024-07-09T13:33:42.378+0000] {logging_mixin.py:188} INFO - [2024-07-09T13:33:42.377+0000] {dag.py:3834} INFO - Setting next_dagrun for example_time_delta_sensor_async to None, run_after=None
[2024-07-09T13:33:42.395+0000] {processor.py:183} INFO - Processing /home/airflow/.local/lib/python3.11/site-packages/airflow/example_dags/example_time_delta_sensor_async.py took 0.057 seconds
[2024-07-09T13:34:12.756+0000] {processor.py:161} INFO - Started process (PID=1724) to work on /home/airflow/.local/lib/python3.11/site-packages/airflow/example_dags/example_time_delta_sensor_async.py
[2024-07-09T13:34:12.757+0000] {processor.py:830} INFO - Processing file /home/airflow/.local/lib/python3.11/site-packages/airflow/example_dags/example_time_delta_sensor_async.py for tasks to queue
[2024-07-09T13:34:12.757+0000] {logging_mixin.py:188} INFO - [2024-07-09T13:34:12.757+0000] {dagbag.py:540} INFO - Filling up the DagBag from /home/airflow/.local/lib/python3.11/site-packages/airflow/example_dags/example_time_delta_sensor_async.py
[2024-07-09T13:34:12.761+0000] {processor.py:840} INFO - DAG(s) 'example_time_delta_sensor_async' retrieved from /home/airflow/.local/lib/python3.11/site-packages/airflow/example_dags/example_time_delta_sensor_async.py
[2024-07-09T13:34:12.782+0000] {logging_mixin.py:188} INFO - [2024-07-09T13:34:12.782+0000] {dag.py:3047} INFO - Sync 1 DAGs
[2024-07-09T13:34:12.793+0000] {logging_mixin.py:188} INFO - [2024-07-09T13:34:12.793+0000] {dag.py:3834} INFO - Setting next_dagrun for example_time_delta_sensor_async to None, run_after=None
[2024-07-09T13:34:12.809+0000] {processor.py:183} INFO - Processing /home/airflow/.local/lib/python3.11/site-packages/airflow/example_dags/example_time_delta_sensor_async.py took 0.056 seconds
[2024-07-09T13:34:42.954+0000] {processor.py:161} INFO - Started process (PID=1994) to work on /home/airflow/.local/lib/python3.11/site-packages/airflow/example_dags/example_time_delta_sensor_async.py
[2024-07-09T13:34:42.955+0000] {processor.py:830} INFO - Processing file /home/airflow/.local/lib/python3.11/site-packages/airflow/example_dags/example_time_delta_sensor_async.py for tasks to queue
[2024-07-09T13:34:42.956+0000] {logging_mixin.py:188} INFO - [2024-07-09T13:34:42.956+0000] {dagbag.py:540} INFO - Filling up the DagBag from /home/airflow/.local/lib/python3.11/site-packages/airflow/example_dags/example_time_delta_sensor_async.py
[2024-07-09T13:34:42.960+0000] {processor.py:840} INFO - DAG(s) 'example_time_delta_sensor_async' retrieved from /home/airflow/.local/lib/python3.11/site-packages/airflow/example_dags/example_time_delta_sensor_async.py
[2024-07-09T13:34:42.981+0000] {logging_mixin.py:188} INFO - [2024-07-09T13:34:42.980+0000] {dag.py:3047} INFO - Sync 1 DAGs
[2024-07-09T13:34:42.991+0000] {logging_mixin.py:188} INFO - [2024-07-09T13:34:42.990+0000] {dag.py:3834} INFO - Setting next_dagrun for example_time_delta_sensor_async to None, run_after=None
[2024-07-09T13:34:43.007+0000] {processor.py:183} INFO - Processing /home/airflow/.local/lib/python3.11/site-packages/airflow/example_dags/example_time_delta_sensor_async.py took 0.056 seconds
[2024-07-09T13:35:13.271+0000] {processor.py:161} INFO - Started process (PID=2264) to work on /home/airflow/.local/lib/python3.11/site-packages/airflow/example_dags/example_time_delta_sensor_async.py
[2024-07-09T13:35:13.272+0000] {processor.py:830} INFO - Processing file /home/airflow/.local/lib/python3.11/site-packages/airflow/example_dags/example_time_delta_sensor_async.py for tasks to queue
[2024-07-09T13:35:13.272+0000] {logging_mixin.py:188} INFO - [2024-07-09T13:35:13.272+0000] {dagbag.py:540} INFO - Filling up the DagBag from /home/airflow/.local/lib/python3.11/site-packages/airflow/example_dags/example_time_delta_sensor_async.py
[2024-07-09T13:35:13.276+0000] {processor.py:840} INFO - DAG(s) 'example_time_delta_sensor_async' retrieved from /home/airflow/.local/lib/python3.11/site-packages/airflow/example_dags/example_time_delta_sensor_async.py
[2024-07-09T13:35:13.298+0000] {logging_mixin.py:188} INFO - [2024-07-09T13:35:13.297+0000] {dag.py:3047} INFO - Sync 1 DAGs
[2024-07-09T13:35:13.309+0000] {logging_mixin.py:188} INFO - [2024-07-09T13:35:13.309+0000] {dag.py:3834} INFO - Setting next_dagrun for example_time_delta_sensor_async to None, run_after=None
[2024-07-09T13:35:13.326+0000] {processor.py:183} INFO - Processing /home/airflow/.local/lib/python3.11/site-packages/airflow/example_dags/example_time_delta_sensor_async.py took 0.058 seconds
[2024-07-09T13:35:43.650+0000] {processor.py:161} INFO - Started process (PID=2534) to work on /home/airflow/.local/lib/python3.11/site-packages/airflow/example_dags/example_time_delta_sensor_async.py
[2024-07-09T13:35:43.651+0000] {processor.py:830} INFO - Processing file /home/airflow/.local/lib/python3.11/site-packages/airflow/example_dags/example_time_delta_sensor_async.py for tasks to queue
[2024-07-09T13:35:43.652+0000] {logging_mixin.py:188} INFO - [2024-07-09T13:35:43.652+0000] {dagbag.py:540} INFO - Filling up the DagBag from /home/airflow/.local/lib/python3.11/site-packages/airflow/example_dags/example_time_delta_sensor_async.py
[2024-07-09T13:35:43.656+0000] {processor.py:840} INFO - DAG(s) 'example_time_delta_sensor_async' retrieved from /home/airflow/.local/lib/python3.11/site-packages/airflow/example_dags/example_time_delta_sensor_async.py
[2024-07-09T13:35:43.677+0000] {logging_mixin.py:188} INFO - [2024-07-09T13:35:43.677+0000] {dag.py:3047} INFO - Sync 1 DAGs
[2024-07-09T13:35:43.687+0000] {logging_mixin.py:188} INFO - [2024-07-09T13:35:43.687+0000] {dag.py:3834} INFO - Setting next_dagrun for example_time_delta_sensor_async to None, run_after=None
[2024-07-09T13:35:43.703+0000] {processor.py:183} INFO - Processing /home/airflow/.local/lib/python3.11/site-packages/airflow/example_dags/example_time_delta_sensor_async.py took 0.056 seconds
[2024-07-09T13:36:14.134+0000] {processor.py:161} INFO - Started process (PID=2804) to work on /home/airflow/.local/lib/python3.11/site-packages/airflow/example_dags/example_time_delta_sensor_async.py
[2024-07-09T13:36:14.135+0000] {processor.py:830} INFO - Processing file /home/airflow/.local/lib/python3.11/site-packages/airflow/example_dags/example_time_delta_sensor_async.py for tasks to queue
[2024-07-09T13:36:14.135+0000] {logging_mixin.py:188} INFO - [2024-07-09T13:36:14.135+0000] {dagbag.py:540} INFO - Filling up the DagBag from /home/airflow/.local/lib/python3.11/site-packages/airflow/example_dags/example_time_delta_sensor_async.py
[2024-07-09T13:36:14.139+0000] {processor.py:840} INFO - DAG(s) 'example_time_delta_sensor_async' retrieved from /home/airflow/.local/lib/python3.11/site-packages/airflow/example_dags/example_time_delta_sensor_async.py
[2024-07-09T13:36:14.161+0000] {logging_mixin.py:188} INFO - [2024-07-09T13:36:14.161+0000] {dag.py:3047} INFO - Sync 1 DAGs
[2024-07-09T13:36:14.171+0000] {logging_mixin.py:188} INFO - [2024-07-09T13:36:14.171+0000] {dag.py:3834} INFO - Setting next_dagrun for example_time_delta_sensor_async to None, run_after=None
[2024-07-09T13:36:14.188+0000] {processor.py:183} INFO - Processing /home/airflow/.local/lib/python3.11/site-packages/airflow/example_dags/example_time_delta_sensor_async.py took 0.057 seconds
[2024-07-09T13:36:44.411+0000] {processor.py:161} INFO - Started process (PID=3074) to work on /home/airflow/.local/lib/python3.11/site-packages/airflow/example_dags/example_time_delta_sensor_async.py
[2024-07-09T13:36:44.412+0000] {processor.py:830} INFO - Processing file /home/airflow/.local/lib/python3.11/site-packages/airflow/example_dags/example_time_delta_sensor_async.py for tasks to queue
[2024-07-09T13:36:44.412+0000] {logging_mixin.py:188} INFO - [2024-07-09T13:36:44.412+0000] {dagbag.py:540} INFO - Filling up the DagBag from /home/airflow/.local/lib/python3.11/site-packages/airflow/example_dags/example_time_delta_sensor_async.py
[2024-07-09T13:36:44.416+0000] {processor.py:840} INFO - DAG(s) 'example_time_delta_sensor_async' retrieved from /home/airflow/.local/lib/python3.11/site-packages/airflow/example_dags/example_time_delta_sensor_async.py
[2024-07-09T13:36:44.437+0000] {logging_mixin.py:188} INFO - [2024-07-09T13:36:44.437+0000] {dag.py:3047} INFO - Sync 1 DAGs
[2024-07-09T13:36:44.447+0000] {logging_mixin.py:188} INFO - [2024-07-09T13:36:44.447+0000] {dag.py:3834} INFO - Setting next_dagrun for example_time_delta_sensor_async to None, run_after=None
[2024-07-09T13:36:44.463+0000] {processor.py:183} INFO - Processing /home/airflow/.local/lib/python3.11/site-packages/airflow/example_dags/example_time_delta_sensor_async.py took 0.055 seconds
[2024-07-09T13:37:15.077+0000] {processor.py:161} INFO - Started process (PID=3344) to work on /home/airflow/.local/lib/python3.11/site-packages/airflow/example_dags/example_time_delta_sensor_async.py
[2024-07-09T13:37:15.078+0000] {processor.py:830} INFO - Processing file /home/airflow/.local/lib/python3.11/site-packages/airflow/example_dags/example_time_delta_sensor_async.py for tasks to queue
[2024-07-09T13:37:15.079+0000] {logging_mixin.py:188} INFO - [2024-07-09T13:37:15.079+0000] {dagbag.py:540} INFO - Filling up the DagBag from /home/airflow/.local/lib/python3.11/site-packages/airflow/example_dags/example_time_delta_sensor_async.py
[2024-07-09T13:37:15.083+0000] {processor.py:840} INFO - DAG(s) 'example_time_delta_sensor_async' retrieved from /home/airflow/.local/lib/python3.11/site-packages/airflow/example_dags/example_time_delta_sensor_async.py
[2024-07-09T13:37:15.105+0000] {logging_mixin.py:188} INFO - [2024-07-09T13:37:15.105+0000] {dag.py:3047} INFO - Sync 1 DAGs
[2024-07-09T13:37:15.116+0000] {logging_mixin.py:188} INFO - [2024-07-09T13:37:15.116+0000] {dag.py:3834} INFO - Setting next_dagrun for example_time_delta_sensor_async to None, run_after=None
[2024-07-09T13:37:15.133+0000] {processor.py:183} INFO - Processing /home/airflow/.local/lib/python3.11/site-packages/airflow/example_dags/example_time_delta_sensor_async.py took 0.059 seconds
[2024-07-09T13:46:12.848+0000] {processor.py:161} INFO - Started process (PID=374) to work on /home/airflow/.local/lib/python3.11/site-packages/airflow/example_dags/example_time_delta_sensor_async.py
[2024-07-09T13:46:12.849+0000] {processor.py:830} INFO - Processing file /home/airflow/.local/lib/python3.11/site-packages/airflow/example_dags/example_time_delta_sensor_async.py for tasks to queue
[2024-07-09T13:46:12.849+0000] {logging_mixin.py:188} INFO - [2024-07-09T13:46:12.849+0000] {dagbag.py:540} INFO - Filling up the DagBag from /home/airflow/.local/lib/python3.11/site-packages/airflow/example_dags/example_time_delta_sensor_async.py
[2024-07-09T13:46:12.853+0000] {processor.py:840} INFO - DAG(s) 'example_time_delta_sensor_async' retrieved from /home/airflow/.local/lib/python3.11/site-packages/airflow/example_dags/example_time_delta_sensor_async.py
[2024-07-09T13:46:12.942+0000] {logging_mixin.py:188} INFO - [2024-07-09T13:46:12.942+0000] {override.py:1769} INFO - Created Permission View: can delete on DAG:example_time_delta_sensor_async
[2024-07-09T13:46:12.951+0000] {logging_mixin.py:188} INFO - [2024-07-09T13:46:12.950+0000] {override.py:1769} INFO - Created Permission View: can read on DAG:example_time_delta_sensor_async
[2024-07-09T13:46:12.957+0000] {logging_mixin.py:188} INFO - [2024-07-09T13:46:12.957+0000] {override.py:1769} INFO - Created Permission View: can edit on DAG:example_time_delta_sensor_async
[2024-07-09T13:46:12.958+0000] {logging_mixin.py:188} INFO - [2024-07-09T13:46:12.958+0000] {dag.py:3047} INFO - Sync 1 DAGs
[2024-07-09T13:46:12.968+0000] {logging_mixin.py:188} INFO - [2024-07-09T13:46:12.968+0000] {dag.py:3069} INFO - Creating ORM DAG for example_time_delta_sensor_async
[2024-07-09T13:46:12.969+0000] {logging_mixin.py:188} INFO - [2024-07-09T13:46:12.969+0000] {dag.py:3834} INFO - Setting next_dagrun for example_time_delta_sensor_async to None, run_after=None
[2024-07-09T13:46:12.984+0000] {processor.py:183} INFO - Processing /home/airflow/.local/lib/python3.11/site-packages/airflow/example_dags/example_time_delta_sensor_async.py took 0.139 seconds
[2024-07-09T13:46:43.140+0000] {processor.py:161} INFO - Started process (PID=644) to work on /home/airflow/.local/lib/python3.11/site-packages/airflow/example_dags/example_time_delta_sensor_async.py
[2024-07-09T13:46:43.141+0000] {processor.py:830} INFO - Processing file /home/airflow/.local/lib/python3.11/site-packages/airflow/example_dags/example_time_delta_sensor_async.py for tasks to queue
[2024-07-09T13:46:43.141+0000] {logging_mixin.py:188} INFO - [2024-07-09T13:46:43.141+0000] {dagbag.py:540} INFO - Filling up the DagBag from /home/airflow/.local/lib/python3.11/site-packages/airflow/example_dags/example_time_delta_sensor_async.py
[2024-07-09T13:46:43.145+0000] {processor.py:840} INFO - DAG(s) 'example_time_delta_sensor_async' retrieved from /home/airflow/.local/lib/python3.11/site-packages/airflow/example_dags/example_time_delta_sensor_async.py
[2024-07-09T13:46:43.166+0000] {logging_mixin.py:188} INFO - [2024-07-09T13:46:43.165+0000] {dag.py:3047} INFO - Sync 1 DAGs
[2024-07-09T13:46:43.176+0000] {logging_mixin.py:188} INFO - [2024-07-09T13:46:43.175+0000] {dag.py:3834} INFO - Setting next_dagrun for example_time_delta_sensor_async to None, run_after=None
[2024-07-09T13:46:43.192+0000] {processor.py:183} INFO - Processing /home/airflow/.local/lib/python3.11/site-packages/airflow/example_dags/example_time_delta_sensor_async.py took 0.055 seconds
[2024-07-09T13:47:13.973+0000] {processor.py:161} INFO - Started process (PID=914) to work on /home/airflow/.local/lib/python3.11/site-packages/airflow/example_dags/example_time_delta_sensor_async.py
[2024-07-09T13:47:13.974+0000] {processor.py:830} INFO - Processing file /home/airflow/.local/lib/python3.11/site-packages/airflow/example_dags/example_time_delta_sensor_async.py for tasks to queue
[2024-07-09T13:47:13.975+0000] {logging_mixin.py:188} INFO - [2024-07-09T13:47:13.975+0000] {dagbag.py:540} INFO - Filling up the DagBag from /home/airflow/.local/lib/python3.11/site-packages/airflow/example_dags/example_time_delta_sensor_async.py
[2024-07-09T13:47:13.978+0000] {processor.py:840} INFO - DAG(s) 'example_time_delta_sensor_async' retrieved from /home/airflow/.local/lib/python3.11/site-packages/airflow/example_dags/example_time_delta_sensor_async.py
[2024-07-09T13:47:13.998+0000] {logging_mixin.py:188} INFO - [2024-07-09T13:47:13.998+0000] {dag.py:3047} INFO - Sync 1 DAGs
[2024-07-09T13:47:14.008+0000] {logging_mixin.py:188} INFO - [2024-07-09T13:47:14.008+0000] {dag.py:3834} INFO - Setting next_dagrun for example_time_delta_sensor_async to None, run_after=None
[2024-07-09T13:47:14.026+0000] {processor.py:183} INFO - Processing /home/airflow/.local/lib/python3.11/site-packages/airflow/example_dags/example_time_delta_sensor_async.py took 0.055 seconds
[2024-07-09T13:47:45.468+0000] {processor.py:161} INFO - Started process (PID=1184) to work on /home/airflow/.local/lib/python3.11/site-packages/airflow/example_dags/example_time_delta_sensor_async.py
[2024-07-09T13:47:45.470+0000] {processor.py:830} INFO - Processing file /home/airflow/.local/lib/python3.11/site-packages/airflow/example_dags/example_time_delta_sensor_async.py for tasks to queue
[2024-07-09T13:47:45.471+0000] {logging_mixin.py:188} INFO - [2024-07-09T13:47:45.470+0000] {dagbag.py:540} INFO - Filling up the DagBag from /home/airflow/.local/lib/python3.11/site-packages/airflow/example_dags/example_time_delta_sensor_async.py
[2024-07-09T13:47:45.475+0000] {processor.py:840} INFO - DAG(s) 'example_time_delta_sensor_async' retrieved from /home/airflow/.local/lib/python3.11/site-packages/airflow/example_dags/example_time_delta_sensor_async.py
[2024-07-09T13:47:45.621+0000] {logging_mixin.py:188} INFO - [2024-07-09T13:47:45.621+0000] {dag.py:3047} INFO - Sync 1 DAGs
[2024-07-09T13:47:45.630+0000] {logging_mixin.py:188} INFO - [2024-07-09T13:47:45.629+0000] {dag.py:3834} INFO - Setting next_dagrun for example_time_delta_sensor_async to None, run_after=None
[2024-07-09T13:47:45.646+0000] {processor.py:183} INFO - Processing /home/airflow/.local/lib/python3.11/site-packages/airflow/example_dags/example_time_delta_sensor_async.py took 0.180 seconds
[2024-07-09T13:48:16.590+0000] {processor.py:161} INFO - Started process (PID=1454) to work on /home/airflow/.local/lib/python3.11/site-packages/airflow/example_dags/example_time_delta_sensor_async.py
[2024-07-09T13:48:16.591+0000] {processor.py:830} INFO - Processing file /home/airflow/.local/lib/python3.11/site-packages/airflow/example_dags/example_time_delta_sensor_async.py for tasks to queue
[2024-07-09T13:48:16.591+0000] {logging_mixin.py:188} INFO - [2024-07-09T13:48:16.591+0000] {dagbag.py:540} INFO - Filling up the DagBag from /home/airflow/.local/lib/python3.11/site-packages/airflow/example_dags/example_time_delta_sensor_async.py
[2024-07-09T13:48:16.595+0000] {processor.py:840} INFO - DAG(s) 'example_time_delta_sensor_async' retrieved from /home/airflow/.local/lib/python3.11/site-packages/airflow/example_dags/example_time_delta_sensor_async.py
[2024-07-09T13:48:16.615+0000] {logging_mixin.py:188} INFO - [2024-07-09T13:48:16.615+0000] {dag.py:3047} INFO - Sync 1 DAGs
[2024-07-09T13:48:16.625+0000] {logging_mixin.py:188} INFO - [2024-07-09T13:48:16.625+0000] {dag.py:3834} INFO - Setting next_dagrun for example_time_delta_sensor_async to None, run_after=None
[2024-07-09T13:48:16.641+0000] {processor.py:183} INFO - Processing /home/airflow/.local/lib/python3.11/site-packages/airflow/example_dags/example_time_delta_sensor_async.py took 0.054 seconds
[2024-07-09T13:48:46.921+0000] {processor.py:161} INFO - Started process (PID=1724) to work on /home/airflow/.local/lib/python3.11/site-packages/airflow/example_dags/example_time_delta_sensor_async.py
[2024-07-09T13:48:46.922+0000] {processor.py:830} INFO - Processing file /home/airflow/.local/lib/python3.11/site-packages/airflow/example_dags/example_time_delta_sensor_async.py for tasks to queue
[2024-07-09T13:48:46.922+0000] {logging_mixin.py:188} INFO - [2024-07-09T13:48:46.922+0000] {dagbag.py:540} INFO - Filling up the DagBag from /home/airflow/.local/lib/python3.11/site-packages/airflow/example_dags/example_time_delta_sensor_async.py
[2024-07-09T13:48:46.926+0000] {processor.py:840} INFO - DAG(s) 'example_time_delta_sensor_async' retrieved from /home/airflow/.local/lib/python3.11/site-packages/airflow/example_dags/example_time_delta_sensor_async.py
[2024-07-09T13:48:46.947+0000] {logging_mixin.py:188} INFO - [2024-07-09T13:48:46.947+0000] {dag.py:3047} INFO - Sync 1 DAGs
[2024-07-09T13:48:46.956+0000] {logging_mixin.py:188} INFO - [2024-07-09T13:48:46.956+0000] {dag.py:3834} INFO - Setting next_dagrun for example_time_delta_sensor_async to None, run_after=None
[2024-07-09T13:48:46.973+0000] {processor.py:183} INFO - Processing /home/airflow/.local/lib/python3.11/site-packages/airflow/example_dags/example_time_delta_sensor_async.py took 0.055 seconds
[2024-07-09T13:49:17.442+0000] {processor.py:161} INFO - Started process (PID=1994) to work on /home/airflow/.local/lib/python3.11/site-packages/airflow/example_dags/example_time_delta_sensor_async.py
[2024-07-09T13:49:17.443+0000] {processor.py:830} INFO - Processing file /home/airflow/.local/lib/python3.11/site-packages/airflow/example_dags/example_time_delta_sensor_async.py for tasks to queue
[2024-07-09T13:49:17.444+0000] {logging_mixin.py:188} INFO - [2024-07-09T13:49:17.444+0000] {dagbag.py:540} INFO - Filling up the DagBag from /home/airflow/.local/lib/python3.11/site-packages/airflow/example_dags/example_time_delta_sensor_async.py
[2024-07-09T13:49:17.448+0000] {processor.py:840} INFO - DAG(s) 'example_time_delta_sensor_async' retrieved from /home/airflow/.local/lib/python3.11/site-packages/airflow/example_dags/example_time_delta_sensor_async.py
[2024-07-09T13:49:17.468+0000] {logging_mixin.py:188} INFO - [2024-07-09T13:49:17.468+0000] {dag.py:3047} INFO - Sync 1 DAGs
[2024-07-09T13:49:17.477+0000] {logging_mixin.py:188} INFO - [2024-07-09T13:49:17.477+0000] {dag.py:3834} INFO - Setting next_dagrun for example_time_delta_sensor_async to None, run_after=None
[2024-07-09T13:49:17.494+0000] {processor.py:183} INFO - Processing /home/airflow/.local/lib/python3.11/site-packages/airflow/example_dags/example_time_delta_sensor_async.py took 0.054 seconds
[2024-07-09T13:49:47.517+0000] {processor.py:161} INFO - Started process (PID=2259) to work on /home/airflow/.local/lib/python3.11/site-packages/airflow/example_dags/example_time_delta_sensor_async.py
[2024-07-09T13:49:47.518+0000] {processor.py:830} INFO - Processing file /home/airflow/.local/lib/python3.11/site-packages/airflow/example_dags/example_time_delta_sensor_async.py for tasks to queue
[2024-07-09T13:49:47.519+0000] {logging_mixin.py:188} INFO - [2024-07-09T13:49:47.519+0000] {dagbag.py:540} INFO - Filling up the DagBag from /home/airflow/.local/lib/python3.11/site-packages/airflow/example_dags/example_time_delta_sensor_async.py
[2024-07-09T13:49:47.523+0000] {processor.py:840} INFO - DAG(s) 'example_time_delta_sensor_async' retrieved from /home/airflow/.local/lib/python3.11/site-packages/airflow/example_dags/example_time_delta_sensor_async.py
[2024-07-09T13:49:47.545+0000] {logging_mixin.py:188} INFO - [2024-07-09T13:49:47.545+0000] {dag.py:3047} INFO - Sync 1 DAGs
[2024-07-09T13:49:47.556+0000] {logging_mixin.py:188} INFO - [2024-07-09T13:49:47.556+0000] {dag.py:3834} INFO - Setting next_dagrun for example_time_delta_sensor_async to None, run_after=None
[2024-07-09T13:49:47.572+0000] {processor.py:183} INFO - Processing /home/airflow/.local/lib/python3.11/site-packages/airflow/example_dags/example_time_delta_sensor_async.py took 0.059 seconds
[2024-07-09T13:50:17.982+0000] {processor.py:161} INFO - Started process (PID=2534) to work on /home/airflow/.local/lib/python3.11/site-packages/airflow/example_dags/example_time_delta_sensor_async.py
[2024-07-09T13:50:17.983+0000] {processor.py:830} INFO - Processing file /home/airflow/.local/lib/python3.11/site-packages/airflow/example_dags/example_time_delta_sensor_async.py for tasks to queue
[2024-07-09T13:50:17.983+0000] {logging_mixin.py:188} INFO - [2024-07-09T13:50:17.983+0000] {dagbag.py:540} INFO - Filling up the DagBag from /home/airflow/.local/lib/python3.11/site-packages/airflow/example_dags/example_time_delta_sensor_async.py
[2024-07-09T13:50:17.987+0000] {processor.py:840} INFO - DAG(s) 'example_time_delta_sensor_async' retrieved from /home/airflow/.local/lib/python3.11/site-packages/airflow/example_dags/example_time_delta_sensor_async.py
[2024-07-09T13:50:18.008+0000] {logging_mixin.py:188} INFO - [2024-07-09T13:50:18.008+0000] {dag.py:3047} INFO - Sync 1 DAGs
[2024-07-09T13:50:18.019+0000] {logging_mixin.py:188} INFO - [2024-07-09T13:50:18.018+0000] {dag.py:3834} INFO - Setting next_dagrun for example_time_delta_sensor_async to None, run_after=None
[2024-07-09T13:50:18.034+0000] {processor.py:183} INFO - Processing /home/airflow/.local/lib/python3.11/site-packages/airflow/example_dags/example_time_delta_sensor_async.py took 0.055 seconds
[2024-07-09T13:50:48.426+0000] {processor.py:161} INFO - Started process (PID=2804) to work on /home/airflow/.local/lib/python3.11/site-packages/airflow/example_dags/example_time_delta_sensor_async.py
[2024-07-09T13:50:48.427+0000] {processor.py:830} INFO - Processing file /home/airflow/.local/lib/python3.11/site-packages/airflow/example_dags/example_time_delta_sensor_async.py for tasks to queue
[2024-07-09T13:50:48.428+0000] {logging_mixin.py:188} INFO - [2024-07-09T13:50:48.428+0000] {dagbag.py:540} INFO - Filling up the DagBag from /home/airflow/.local/lib/python3.11/site-packages/airflow/example_dags/example_time_delta_sensor_async.py
[2024-07-09T13:50:48.434+0000] {processor.py:840} INFO - DAG(s) 'example_time_delta_sensor_async' retrieved from /home/airflow/.local/lib/python3.11/site-packages/airflow/example_dags/example_time_delta_sensor_async.py
[2024-07-09T13:50:48.454+0000] {logging_mixin.py:188} INFO - [2024-07-09T13:50:48.454+0000] {dag.py:3047} INFO - Sync 1 DAGs
[2024-07-09T13:50:48.463+0000] {logging_mixin.py:188} INFO - [2024-07-09T13:50:48.463+0000] {dag.py:3834} INFO - Setting next_dagrun for example_time_delta_sensor_async to None, run_after=None
[2024-07-09T13:50:48.480+0000] {processor.py:183} INFO - Processing /home/airflow/.local/lib/python3.11/site-packages/airflow/example_dags/example_time_delta_sensor_async.py took 0.057 seconds
[2024-07-09T13:51:18.795+0000] {processor.py:161} INFO - Started process (PID=3074) to work on /home/airflow/.local/lib/python3.11/site-packages/airflow/example_dags/example_time_delta_sensor_async.py
[2024-07-09T13:51:18.796+0000] {processor.py:830} INFO - Processing file /home/airflow/.local/lib/python3.11/site-packages/airflow/example_dags/example_time_delta_sensor_async.py for tasks to queue
[2024-07-09T13:51:18.797+0000] {logging_mixin.py:188} INFO - [2024-07-09T13:51:18.796+0000] {dagbag.py:540} INFO - Filling up the DagBag from /home/airflow/.local/lib/python3.11/site-packages/airflow/example_dags/example_time_delta_sensor_async.py
[2024-07-09T13:51:18.800+0000] {processor.py:840} INFO - DAG(s) 'example_time_delta_sensor_async' retrieved from /home/airflow/.local/lib/python3.11/site-packages/airflow/example_dags/example_time_delta_sensor_async.py
[2024-07-09T13:51:18.821+0000] {logging_mixin.py:188} INFO - [2024-07-09T13:51:18.821+0000] {dag.py:3047} INFO - Sync 1 DAGs
[2024-07-09T13:51:18.831+0000] {logging_mixin.py:188} INFO - [2024-07-09T13:51:18.831+0000] {dag.py:3834} INFO - Setting next_dagrun for example_time_delta_sensor_async to None, run_after=None
[2024-07-09T13:51:18.846+0000] {processor.py:183} INFO - Processing /home/airflow/.local/lib/python3.11/site-packages/airflow/example_dags/example_time_delta_sensor_async.py took 0.054 seconds
