[2024-07-09T13:18:50.725+0000] {processor.py:161} INFO - Started process (PID=379) to work on /home/airflow/.local/lib/python3.11/site-packages/airflow/example_dags/example_task_group_decorator.py
[2024-07-09T13:18:50.725+0000] {processor.py:830} INFO - Processing file /home/airflow/.local/lib/python3.11/site-packages/airflow/example_dags/example_task_group_decorator.py for tasks to queue
[2024-07-09T13:18:50.726+0000] {logging_mixin.py:188} INFO - [2024-07-09T13:18:50.726+0000] {dagbag.py:540} INFO - Filling up the DagBag from /home/airflow/.local/lib/python3.11/site-packages/airflow/example_dags/example_task_group_decorator.py
[2024-07-09T13:18:50.739+0000] {processor.py:840} INFO - DAG(s) 'example_task_group_decorator' retrieved from /home/airflow/.local/lib/python3.11/site-packages/airflow/example_dags/example_task_group_decorator.py
[2024-07-09T13:18:50.834+0000] {logging_mixin.py:188} INFO - [2024-07-09T13:18:50.834+0000] {override.py:1769} INFO - Created Permission View: can delete on DAG:example_task_group_decorator
[2024-07-09T13:18:50.844+0000] {logging_mixin.py:188} INFO - [2024-07-09T13:18:50.844+0000] {override.py:1769} INFO - Created Permission View: can read on DAG:example_task_group_decorator
[2024-07-09T13:18:50.853+0000] {logging_mixin.py:188} INFO - [2024-07-09T13:18:50.853+0000] {override.py:1769} INFO - Created Permission View: can edit on DAG:example_task_group_decorator
[2024-07-09T13:18:50.853+0000] {logging_mixin.py:188} INFO - [2024-07-09T13:18:50.853+0000] {dag.py:3047} INFO - Sync 1 DAGs
[2024-07-09T13:18:50.862+0000] {logging_mixin.py:188} INFO - [2024-07-09T13:18:50.862+0000] {dag.py:3069} INFO - Creating ORM DAG for example_task_group_decorator
[2024-07-09T13:18:50.870+0000] {logging_mixin.py:188} INFO - [2024-07-09T13:18:50.870+0000] {dag.py:3834} INFO - Setting next_dagrun for example_task_group_decorator to 2024-07-08 00:00:00+00:00, run_after=2024-07-09 00:00:00+00:00
[2024-07-09T13:18:50.886+0000] {processor.py:183} INFO - Processing /home/airflow/.local/lib/python3.11/site-packages/airflow/example_dags/example_task_group_decorator.py took 0.163 seconds
[2024-07-09T13:19:21.799+0000] {processor.py:161} INFO - Started process (PID=651) to work on /home/airflow/.local/lib/python3.11/site-packages/airflow/example_dags/example_task_group_decorator.py
[2024-07-09T13:19:21.800+0000] {processor.py:830} INFO - Processing file /home/airflow/.local/lib/python3.11/site-packages/airflow/example_dags/example_task_group_decorator.py for tasks to queue
[2024-07-09T13:19:21.801+0000] {logging_mixin.py:188} INFO - [2024-07-09T13:19:21.800+0000] {dagbag.py:540} INFO - Filling up the DagBag from /home/airflow/.local/lib/python3.11/site-packages/airflow/example_dags/example_task_group_decorator.py
[2024-07-09T13:19:21.814+0000] {processor.py:840} INFO - DAG(s) 'example_task_group_decorator' retrieved from /home/airflow/.local/lib/python3.11/site-packages/airflow/example_dags/example_task_group_decorator.py
[2024-07-09T13:19:21.837+0000] {logging_mixin.py:188} INFO - [2024-07-09T13:19:21.837+0000] {dag.py:3047} INFO - Sync 1 DAGs
[2024-07-09T13:19:21.853+0000] {logging_mixin.py:188} INFO - [2024-07-09T13:19:21.853+0000] {dag.py:3834} INFO - Setting next_dagrun for example_task_group_decorator to 2024-07-08 00:00:00+00:00, run_after=2024-07-09 00:00:00+00:00
[2024-07-09T13:19:21.870+0000] {processor.py:183} INFO - Processing /home/airflow/.local/lib/python3.11/site-packages/airflow/example_dags/example_task_group_decorator.py took 0.074 seconds
[2024-07-09T13:19:52.656+0000] {processor.py:161} INFO - Started process (PID=921) to work on /home/airflow/.local/lib/python3.11/site-packages/airflow/example_dags/example_task_group_decorator.py
[2024-07-09T13:19:52.657+0000] {processor.py:830} INFO - Processing file /home/airflow/.local/lib/python3.11/site-packages/airflow/example_dags/example_task_group_decorator.py for tasks to queue
[2024-07-09T13:19:52.657+0000] {logging_mixin.py:188} INFO - [2024-07-09T13:19:52.657+0000] {dagbag.py:540} INFO - Filling up the DagBag from /home/airflow/.local/lib/python3.11/site-packages/airflow/example_dags/example_task_group_decorator.py
[2024-07-09T13:19:52.669+0000] {processor.py:840} INFO - DAG(s) 'example_task_group_decorator' retrieved from /home/airflow/.local/lib/python3.11/site-packages/airflow/example_dags/example_task_group_decorator.py
[2024-07-09T13:19:52.692+0000] {logging_mixin.py:188} INFO - [2024-07-09T13:19:52.692+0000] {dag.py:3047} INFO - Sync 1 DAGs
[2024-07-09T13:19:52.707+0000] {logging_mixin.py:188} INFO - [2024-07-09T13:19:52.707+0000] {dag.py:3834} INFO - Setting next_dagrun for example_task_group_decorator to 2024-07-08 00:00:00+00:00, run_after=2024-07-09 00:00:00+00:00
[2024-07-09T13:19:52.723+0000] {processor.py:183} INFO - Processing /home/airflow/.local/lib/python3.11/site-packages/airflow/example_dags/example_task_group_decorator.py took 0.070 seconds
[2024-07-09T13:20:24.062+0000] {processor.py:161} INFO - Started process (PID=1191) to work on /home/airflow/.local/lib/python3.11/site-packages/airflow/example_dags/example_task_group_decorator.py
[2024-07-09T13:20:24.063+0000] {processor.py:830} INFO - Processing file /home/airflow/.local/lib/python3.11/site-packages/airflow/example_dags/example_task_group_decorator.py for tasks to queue
[2024-07-09T13:20:24.064+0000] {logging_mixin.py:188} INFO - [2024-07-09T13:20:24.064+0000] {dagbag.py:540} INFO - Filling up the DagBag from /home/airflow/.local/lib/python3.11/site-packages/airflow/example_dags/example_task_group_decorator.py
[2024-07-09T13:20:24.196+0000] {processor.py:840} INFO - DAG(s) 'example_task_group_decorator' retrieved from /home/airflow/.local/lib/python3.11/site-packages/airflow/example_dags/example_task_group_decorator.py
[2024-07-09T13:20:24.217+0000] {logging_mixin.py:188} INFO - [2024-07-09T13:20:24.217+0000] {dag.py:3047} INFO - Sync 1 DAGs
[2024-07-09T13:20:24.235+0000] {logging_mixin.py:188} INFO - [2024-07-09T13:20:24.234+0000] {dag.py:3834} INFO - Setting next_dagrun for example_task_group_decorator to 2024-07-08 00:00:00+00:00, run_after=2024-07-09 00:00:00+00:00
[2024-07-09T13:20:24.250+0000] {processor.py:183} INFO - Processing /home/airflow/.local/lib/python3.11/site-packages/airflow/example_dags/example_task_group_decorator.py took 0.191 seconds
[2024-07-09T13:20:55.161+0000] {processor.py:161} INFO - Started process (PID=1461) to work on /home/airflow/.local/lib/python3.11/site-packages/airflow/example_dags/example_task_group_decorator.py
[2024-07-09T13:20:55.163+0000] {processor.py:830} INFO - Processing file /home/airflow/.local/lib/python3.11/site-packages/airflow/example_dags/example_task_group_decorator.py for tasks to queue
[2024-07-09T13:20:55.164+0000] {logging_mixin.py:188} INFO - [2024-07-09T13:20:55.163+0000] {dagbag.py:540} INFO - Filling up the DagBag from /home/airflow/.local/lib/python3.11/site-packages/airflow/example_dags/example_task_group_decorator.py
[2024-07-09T13:20:55.178+0000] {processor.py:840} INFO - DAG(s) 'example_task_group_decorator' retrieved from /home/airflow/.local/lib/python3.11/site-packages/airflow/example_dags/example_task_group_decorator.py
[2024-07-09T13:20:55.204+0000] {logging_mixin.py:188} INFO - [2024-07-09T13:20:55.204+0000] {dag.py:3047} INFO - Sync 1 DAGs
[2024-07-09T13:20:55.222+0000] {logging_mixin.py:188} INFO - [2024-07-09T13:20:55.222+0000] {dag.py:3834} INFO - Setting next_dagrun for example_task_group_decorator to 2024-07-08 00:00:00+00:00, run_after=2024-07-09 00:00:00+00:00
[2024-07-09T13:20:55.239+0000] {processor.py:183} INFO - Processing /home/airflow/.local/lib/python3.11/site-packages/airflow/example_dags/example_task_group_decorator.py took 0.082 seconds
[2024-07-09T13:21:26.004+0000] {processor.py:161} INFO - Started process (PID=1731) to work on /home/airflow/.local/lib/python3.11/site-packages/airflow/example_dags/example_task_group_decorator.py
[2024-07-09T13:21:26.005+0000] {processor.py:830} INFO - Processing file /home/airflow/.local/lib/python3.11/site-packages/airflow/example_dags/example_task_group_decorator.py for tasks to queue
[2024-07-09T13:21:26.005+0000] {logging_mixin.py:188} INFO - [2024-07-09T13:21:26.005+0000] {dagbag.py:540} INFO - Filling up the DagBag from /home/airflow/.local/lib/python3.11/site-packages/airflow/example_dags/example_task_group_decorator.py
[2024-07-09T13:21:26.018+0000] {processor.py:840} INFO - DAG(s) 'example_task_group_decorator' retrieved from /home/airflow/.local/lib/python3.11/site-packages/airflow/example_dags/example_task_group_decorator.py
[2024-07-09T13:21:26.043+0000] {logging_mixin.py:188} INFO - [2024-07-09T13:21:26.043+0000] {dag.py:3047} INFO - Sync 1 DAGs
[2024-07-09T13:21:26.071+0000] {logging_mixin.py:188} INFO - [2024-07-09T13:21:26.070+0000] {dag.py:3834} INFO - Setting next_dagrun for example_task_group_decorator to 2024-07-08 00:00:00+00:00, run_after=2024-07-09 00:00:00+00:00
[2024-07-09T13:21:26.103+0000] {processor.py:183} INFO - Processing /home/airflow/.local/lib/python3.11/site-packages/airflow/example_dags/example_task_group_decorator.py took 0.103 seconds
[2024-07-09T13:21:56.664+0000] {processor.py:161} INFO - Started process (PID=2001) to work on /home/airflow/.local/lib/python3.11/site-packages/airflow/example_dags/example_task_group_decorator.py
[2024-07-09T13:21:56.665+0000] {processor.py:830} INFO - Processing file /home/airflow/.local/lib/python3.11/site-packages/airflow/example_dags/example_task_group_decorator.py for tasks to queue
[2024-07-09T13:21:56.665+0000] {logging_mixin.py:188} INFO - [2024-07-09T13:21:56.665+0000] {dagbag.py:540} INFO - Filling up the DagBag from /home/airflow/.local/lib/python3.11/site-packages/airflow/example_dags/example_task_group_decorator.py
[2024-07-09T13:21:56.679+0000] {processor.py:840} INFO - DAG(s) 'example_task_group_decorator' retrieved from /home/airflow/.local/lib/python3.11/site-packages/airflow/example_dags/example_task_group_decorator.py
[2024-07-09T13:21:56.703+0000] {logging_mixin.py:188} INFO - [2024-07-09T13:21:56.703+0000] {dag.py:3047} INFO - Sync 1 DAGs
[2024-07-09T13:21:56.719+0000] {logging_mixin.py:188} INFO - [2024-07-09T13:21:56.719+0000] {dag.py:3834} INFO - Setting next_dagrun for example_task_group_decorator to 2024-07-08 00:00:00+00:00, run_after=2024-07-09 00:00:00+00:00
[2024-07-09T13:21:56.736+0000] {processor.py:183} INFO - Processing /home/airflow/.local/lib/python3.11/site-packages/airflow/example_dags/example_task_group_decorator.py took 0.074 seconds
[2024-07-09T13:22:27.385+0000] {processor.py:161} INFO - Started process (PID=2271) to work on /home/airflow/.local/lib/python3.11/site-packages/airflow/example_dags/example_task_group_decorator.py
[2024-07-09T13:22:27.386+0000] {processor.py:830} INFO - Processing file /home/airflow/.local/lib/python3.11/site-packages/airflow/example_dags/example_task_group_decorator.py for tasks to queue
[2024-07-09T13:22:27.387+0000] {logging_mixin.py:188} INFO - [2024-07-09T13:22:27.386+0000] {dagbag.py:540} INFO - Filling up the DagBag from /home/airflow/.local/lib/python3.11/site-packages/airflow/example_dags/example_task_group_decorator.py
[2024-07-09T13:22:27.399+0000] {processor.py:840} INFO - DAG(s) 'example_task_group_decorator' retrieved from /home/airflow/.local/lib/python3.11/site-packages/airflow/example_dags/example_task_group_decorator.py
[2024-07-09T13:22:27.422+0000] {logging_mixin.py:188} INFO - [2024-07-09T13:22:27.422+0000] {dag.py:3047} INFO - Sync 1 DAGs
[2024-07-09T13:22:27.438+0000] {logging_mixin.py:188} INFO - [2024-07-09T13:22:27.438+0000] {dag.py:3834} INFO - Setting next_dagrun for example_task_group_decorator to 2024-07-08 00:00:00+00:00, run_after=2024-07-09 00:00:00+00:00
[2024-07-09T13:22:27.454+0000] {processor.py:183} INFO - Processing /home/airflow/.local/lib/python3.11/site-packages/airflow/example_dags/example_task_group_decorator.py took 0.072 seconds
[2024-07-09T13:22:58.130+0000] {processor.py:161} INFO - Started process (PID=2541) to work on /home/airflow/.local/lib/python3.11/site-packages/airflow/example_dags/example_task_group_decorator.py
[2024-07-09T13:22:58.131+0000] {processor.py:830} INFO - Processing file /home/airflow/.local/lib/python3.11/site-packages/airflow/example_dags/example_task_group_decorator.py for tasks to queue
[2024-07-09T13:22:58.131+0000] {logging_mixin.py:188} INFO - [2024-07-09T13:22:58.131+0000] {dagbag.py:540} INFO - Filling up the DagBag from /home/airflow/.local/lib/python3.11/site-packages/airflow/example_dags/example_task_group_decorator.py
[2024-07-09T13:22:58.144+0000] {processor.py:840} INFO - DAG(s) 'example_task_group_decorator' retrieved from /home/airflow/.local/lib/python3.11/site-packages/airflow/example_dags/example_task_group_decorator.py
[2024-07-09T13:22:58.168+0000] {logging_mixin.py:188} INFO - [2024-07-09T13:22:58.168+0000] {dag.py:3047} INFO - Sync 1 DAGs
[2024-07-09T13:22:58.185+0000] {logging_mixin.py:188} INFO - [2024-07-09T13:22:58.184+0000] {dag.py:3834} INFO - Setting next_dagrun for example_task_group_decorator to 2024-07-08 00:00:00+00:00, run_after=2024-07-09 00:00:00+00:00
[2024-07-09T13:22:58.200+0000] {processor.py:183} INFO - Processing /home/airflow/.local/lib/python3.11/site-packages/airflow/example_dags/example_task_group_decorator.py took 0.073 seconds
[2024-07-09T13:23:28.919+0000] {processor.py:161} INFO - Started process (PID=2811) to work on /home/airflow/.local/lib/python3.11/site-packages/airflow/example_dags/example_task_group_decorator.py
[2024-07-09T13:23:28.920+0000] {processor.py:830} INFO - Processing file /home/airflow/.local/lib/python3.11/site-packages/airflow/example_dags/example_task_group_decorator.py for tasks to queue
[2024-07-09T13:23:28.920+0000] {logging_mixin.py:188} INFO - [2024-07-09T13:23:28.920+0000] {dagbag.py:540} INFO - Filling up the DagBag from /home/airflow/.local/lib/python3.11/site-packages/airflow/example_dags/example_task_group_decorator.py
[2024-07-09T13:23:28.933+0000] {processor.py:840} INFO - DAG(s) 'example_task_group_decorator' retrieved from /home/airflow/.local/lib/python3.11/site-packages/airflow/example_dags/example_task_group_decorator.py
[2024-07-09T13:23:28.958+0000] {logging_mixin.py:188} INFO - [2024-07-09T13:23:28.958+0000] {dag.py:3047} INFO - Sync 1 DAGs
[2024-07-09T13:23:28.976+0000] {logging_mixin.py:188} INFO - [2024-07-09T13:23:28.976+0000] {dag.py:3834} INFO - Setting next_dagrun for example_task_group_decorator to 2024-07-08 00:00:00+00:00, run_after=2024-07-09 00:00:00+00:00
[2024-07-09T13:23:28.994+0000] {processor.py:183} INFO - Processing /home/airflow/.local/lib/python3.11/site-packages/airflow/example_dags/example_task_group_decorator.py took 0.078 seconds
[2024-07-09T13:23:59.648+0000] {processor.py:161} INFO - Started process (PID=3081) to work on /home/airflow/.local/lib/python3.11/site-packages/airflow/example_dags/example_task_group_decorator.py
[2024-07-09T13:23:59.649+0000] {processor.py:830} INFO - Processing file /home/airflow/.local/lib/python3.11/site-packages/airflow/example_dags/example_task_group_decorator.py for tasks to queue
[2024-07-09T13:23:59.650+0000] {logging_mixin.py:188} INFO - [2024-07-09T13:23:59.650+0000] {dagbag.py:540} INFO - Filling up the DagBag from /home/airflow/.local/lib/python3.11/site-packages/airflow/example_dags/example_task_group_decorator.py
[2024-07-09T13:23:59.663+0000] {processor.py:840} INFO - DAG(s) 'example_task_group_decorator' retrieved from /home/airflow/.local/lib/python3.11/site-packages/airflow/example_dags/example_task_group_decorator.py
[2024-07-09T13:23:59.686+0000] {logging_mixin.py:188} INFO - [2024-07-09T13:23:59.686+0000] {dag.py:3047} INFO - Sync 1 DAGs
[2024-07-09T13:23:59.702+0000] {logging_mixin.py:188} INFO - [2024-07-09T13:23:59.702+0000] {dag.py:3834} INFO - Setting next_dagrun for example_task_group_decorator to 2024-07-08 00:00:00+00:00, run_after=2024-07-09 00:00:00+00:00
[2024-07-09T13:23:59.717+0000] {processor.py:183} INFO - Processing /home/airflow/.local/lib/python3.11/site-packages/airflow/example_dags/example_task_group_decorator.py took 0.071 seconds
[2024-07-09T13:24:30.290+0000] {processor.py:161} INFO - Started process (PID=3351) to work on /home/airflow/.local/lib/python3.11/site-packages/airflow/example_dags/example_task_group_decorator.py
[2024-07-09T13:24:30.291+0000] {processor.py:830} INFO - Processing file /home/airflow/.local/lib/python3.11/site-packages/airflow/example_dags/example_task_group_decorator.py for tasks to queue
[2024-07-09T13:24:30.291+0000] {logging_mixin.py:188} INFO - [2024-07-09T13:24:30.291+0000] {dagbag.py:540} INFO - Filling up the DagBag from /home/airflow/.local/lib/python3.11/site-packages/airflow/example_dags/example_task_group_decorator.py
[2024-07-09T13:24:30.304+0000] {processor.py:840} INFO - DAG(s) 'example_task_group_decorator' retrieved from /home/airflow/.local/lib/python3.11/site-packages/airflow/example_dags/example_task_group_decorator.py
[2024-07-09T13:24:30.327+0000] {logging_mixin.py:188} INFO - [2024-07-09T13:24:30.327+0000] {dag.py:3047} INFO - Sync 1 DAGs
[2024-07-09T13:24:30.343+0000] {logging_mixin.py:188} INFO - [2024-07-09T13:24:30.343+0000] {dag.py:3834} INFO - Setting next_dagrun for example_task_group_decorator to 2024-07-08 00:00:00+00:00, run_after=2024-07-09 00:00:00+00:00
[2024-07-09T13:24:30.360+0000] {processor.py:183} INFO - Processing /home/airflow/.local/lib/python3.11/site-packages/airflow/example_dags/example_task_group_decorator.py took 0.073 seconds
[2024-07-09T13:25:01.066+0000] {processor.py:161} INFO - Started process (PID=3621) to work on /home/airflow/.local/lib/python3.11/site-packages/airflow/example_dags/example_task_group_decorator.py
[2024-07-09T13:25:01.067+0000] {processor.py:830} INFO - Processing file /home/airflow/.local/lib/python3.11/site-packages/airflow/example_dags/example_task_group_decorator.py for tasks to queue
[2024-07-09T13:25:01.067+0000] {logging_mixin.py:188} INFO - [2024-07-09T13:25:01.067+0000] {dagbag.py:540} INFO - Filling up the DagBag from /home/airflow/.local/lib/python3.11/site-packages/airflow/example_dags/example_task_group_decorator.py
[2024-07-09T13:25:01.080+0000] {processor.py:840} INFO - DAG(s) 'example_task_group_decorator' retrieved from /home/airflow/.local/lib/python3.11/site-packages/airflow/example_dags/example_task_group_decorator.py
[2024-07-09T13:25:01.103+0000] {logging_mixin.py:188} INFO - [2024-07-09T13:25:01.102+0000] {dag.py:3047} INFO - Sync 1 DAGs
[2024-07-09T13:25:01.119+0000] {logging_mixin.py:188} INFO - [2024-07-09T13:25:01.119+0000] {dag.py:3834} INFO - Setting next_dagrun for example_task_group_decorator to 2024-07-08 00:00:00+00:00, run_after=2024-07-09 00:00:00+00:00
[2024-07-09T13:25:01.135+0000] {processor.py:183} INFO - Processing /home/airflow/.local/lib/python3.11/site-packages/airflow/example_dags/example_task_group_decorator.py took 0.072 seconds
[2024-07-09T13:26:11.600+0000] {processor.py:161} INFO - Started process (PID=382) to work on /home/airflow/.local/lib/python3.11/site-packages/airflow/example_dags/example_task_group_decorator.py
[2024-07-09T13:26:11.601+0000] {processor.py:830} INFO - Processing file /home/airflow/.local/lib/python3.11/site-packages/airflow/example_dags/example_task_group_decorator.py for tasks to queue
[2024-07-09T13:26:11.602+0000] {logging_mixin.py:188} INFO - [2024-07-09T13:26:11.602+0000] {dagbag.py:540} INFO - Filling up the DagBag from /home/airflow/.local/lib/python3.11/site-packages/airflow/example_dags/example_task_group_decorator.py
[2024-07-09T13:26:11.615+0000] {processor.py:840} INFO - DAG(s) 'example_task_group_decorator' retrieved from /home/airflow/.local/lib/python3.11/site-packages/airflow/example_dags/example_task_group_decorator.py
[2024-07-09T13:26:11.701+0000] {logging_mixin.py:188} INFO - [2024-07-09T13:26:11.701+0000] {override.py:1769} INFO - Created Permission View: can delete on DAG:example_task_group_decorator
[2024-07-09T13:26:11.710+0000] {logging_mixin.py:188} INFO - [2024-07-09T13:26:11.710+0000] {override.py:1769} INFO - Created Permission View: can read on DAG:example_task_group_decorator
[2024-07-09T13:26:11.717+0000] {logging_mixin.py:188} INFO - [2024-07-09T13:26:11.717+0000] {override.py:1769} INFO - Created Permission View: can edit on DAG:example_task_group_decorator
[2024-07-09T13:26:11.717+0000] {logging_mixin.py:188} INFO - [2024-07-09T13:26:11.717+0000] {dag.py:3047} INFO - Sync 1 DAGs
[2024-07-09T13:26:11.725+0000] {logging_mixin.py:188} INFO - [2024-07-09T13:26:11.725+0000] {dag.py:3069} INFO - Creating ORM DAG for example_task_group_decorator
[2024-07-09T13:26:11.732+0000] {logging_mixin.py:188} INFO - [2024-07-09T13:26:11.732+0000] {dag.py:3834} INFO - Setting next_dagrun for example_task_group_decorator to 2024-07-08 00:00:00+00:00, run_after=2024-07-09 00:00:00+00:00
[2024-07-09T13:26:11.746+0000] {processor.py:183} INFO - Processing /home/airflow/.local/lib/python3.11/site-packages/airflow/example_dags/example_task_group_decorator.py took 0.148 seconds
[2024-07-09T13:26:41.841+0000] {processor.py:161} INFO - Started process (PID=650) to work on /home/airflow/.local/lib/python3.11/site-packages/airflow/example_dags/example_task_group_decorator.py
[2024-07-09T13:26:41.842+0000] {processor.py:830} INFO - Processing file /home/airflow/.local/lib/python3.11/site-packages/airflow/example_dags/example_task_group_decorator.py for tasks to queue
[2024-07-09T13:26:41.842+0000] {logging_mixin.py:188} INFO - [2024-07-09T13:26:41.842+0000] {dagbag.py:540} INFO - Filling up the DagBag from /home/airflow/.local/lib/python3.11/site-packages/airflow/example_dags/example_task_group_decorator.py
[2024-07-09T13:26:41.855+0000] {processor.py:840} INFO - DAG(s) 'example_task_group_decorator' retrieved from /home/airflow/.local/lib/python3.11/site-packages/airflow/example_dags/example_task_group_decorator.py
[2024-07-09T13:26:41.880+0000] {logging_mixin.py:188} INFO - [2024-07-09T13:26:41.879+0000] {dag.py:3047} INFO - Sync 1 DAGs
[2024-07-09T13:26:41.896+0000] {logging_mixin.py:188} INFO - [2024-07-09T13:26:41.896+0000] {dag.py:3834} INFO - Setting next_dagrun for example_task_group_decorator to 2024-07-08 00:00:00+00:00, run_after=2024-07-09 00:00:00+00:00
[2024-07-09T13:26:41.912+0000] {processor.py:183} INFO - Processing /home/airflow/.local/lib/python3.11/site-packages/airflow/example_dags/example_task_group_decorator.py took 0.073 seconds
[2024-07-09T13:27:12.310+0000] {processor.py:161} INFO - Started process (PID=920) to work on /home/airflow/.local/lib/python3.11/site-packages/airflow/example_dags/example_task_group_decorator.py
[2024-07-09T13:27:12.311+0000] {processor.py:830} INFO - Processing file /home/airflow/.local/lib/python3.11/site-packages/airflow/example_dags/example_task_group_decorator.py for tasks to queue
[2024-07-09T13:27:12.312+0000] {logging_mixin.py:188} INFO - [2024-07-09T13:27:12.312+0000] {dagbag.py:540} INFO - Filling up the DagBag from /home/airflow/.local/lib/python3.11/site-packages/airflow/example_dags/example_task_group_decorator.py
[2024-07-09T13:27:12.327+0000] {processor.py:840} INFO - DAG(s) 'example_task_group_decorator' retrieved from /home/airflow/.local/lib/python3.11/site-packages/airflow/example_dags/example_task_group_decorator.py
[2024-07-09T13:27:12.352+0000] {logging_mixin.py:188} INFO - [2024-07-09T13:27:12.352+0000] {dag.py:3047} INFO - Sync 1 DAGs
[2024-07-09T13:27:12.374+0000] {logging_mixin.py:188} INFO - [2024-07-09T13:27:12.374+0000] {dag.py:3834} INFO - Setting next_dagrun for example_task_group_decorator to 2024-07-08 00:00:00+00:00, run_after=2024-07-09 00:00:00+00:00
[2024-07-09T13:27:12.392+0000] {processor.py:183} INFO - Processing /home/airflow/.local/lib/python3.11/site-packages/airflow/example_dags/example_task_group_decorator.py took 0.085 seconds
[2024-07-09T13:27:43.227+0000] {processor.py:161} INFO - Started process (PID=1190) to work on /home/airflow/.local/lib/python3.11/site-packages/airflow/example_dags/example_task_group_decorator.py
[2024-07-09T13:27:43.228+0000] {processor.py:830} INFO - Processing file /home/airflow/.local/lib/python3.11/site-packages/airflow/example_dags/example_task_group_decorator.py for tasks to queue
[2024-07-09T13:27:43.228+0000] {logging_mixin.py:188} INFO - [2024-07-09T13:27:43.228+0000] {dagbag.py:540} INFO - Filling up the DagBag from /home/airflow/.local/lib/python3.11/site-packages/airflow/example_dags/example_task_group_decorator.py
[2024-07-09T13:27:43.241+0000] {processor.py:840} INFO - DAG(s) 'example_task_group_decorator' retrieved from /home/airflow/.local/lib/python3.11/site-packages/airflow/example_dags/example_task_group_decorator.py
[2024-07-09T13:27:43.265+0000] {logging_mixin.py:188} INFO - [2024-07-09T13:27:43.265+0000] {dag.py:3047} INFO - Sync 1 DAGs
[2024-07-09T13:27:43.283+0000] {logging_mixin.py:188} INFO - [2024-07-09T13:27:43.282+0000] {dag.py:3834} INFO - Setting next_dagrun for example_task_group_decorator to 2024-07-08 00:00:00+00:00, run_after=2024-07-09 00:00:00+00:00
[2024-07-09T13:27:43.299+0000] {processor.py:183} INFO - Processing /home/airflow/.local/lib/python3.11/site-packages/airflow/example_dags/example_task_group_decorator.py took 0.075 seconds
[2024-07-09T13:28:13.991+0000] {processor.py:161} INFO - Started process (PID=1460) to work on /home/airflow/.local/lib/python3.11/site-packages/airflow/example_dags/example_task_group_decorator.py
[2024-07-09T13:28:13.992+0000] {processor.py:830} INFO - Processing file /home/airflow/.local/lib/python3.11/site-packages/airflow/example_dags/example_task_group_decorator.py for tasks to queue
[2024-07-09T13:28:13.993+0000] {logging_mixin.py:188} INFO - [2024-07-09T13:28:13.993+0000] {dagbag.py:540} INFO - Filling up the DagBag from /home/airflow/.local/lib/python3.11/site-packages/airflow/example_dags/example_task_group_decorator.py
[2024-07-09T13:28:14.005+0000] {processor.py:840} INFO - DAG(s) 'example_task_group_decorator' retrieved from /home/airflow/.local/lib/python3.11/site-packages/airflow/example_dags/example_task_group_decorator.py
[2024-07-09T13:28:14.029+0000] {logging_mixin.py:188} INFO - [2024-07-09T13:28:14.029+0000] {dag.py:3047} INFO - Sync 1 DAGs
[2024-07-09T13:28:14.046+0000] {logging_mixin.py:188} INFO - [2024-07-09T13:28:14.046+0000] {dag.py:3834} INFO - Setting next_dagrun for example_task_group_decorator to 2024-07-08 00:00:00+00:00, run_after=2024-07-09 00:00:00+00:00
[2024-07-09T13:28:14.061+0000] {processor.py:183} INFO - Processing /home/airflow/.local/lib/python3.11/site-packages/airflow/example_dags/example_task_group_decorator.py took 0.072 seconds
[2024-07-09T13:28:44.483+0000] {processor.py:161} INFO - Started process (PID=1730) to work on /home/airflow/.local/lib/python3.11/site-packages/airflow/example_dags/example_task_group_decorator.py
[2024-07-09T13:28:44.484+0000] {processor.py:830} INFO - Processing file /home/airflow/.local/lib/python3.11/site-packages/airflow/example_dags/example_task_group_decorator.py for tasks to queue
[2024-07-09T13:28:44.485+0000] {logging_mixin.py:188} INFO - [2024-07-09T13:28:44.484+0000] {dagbag.py:540} INFO - Filling up the DagBag from /home/airflow/.local/lib/python3.11/site-packages/airflow/example_dags/example_task_group_decorator.py
[2024-07-09T13:28:44.497+0000] {processor.py:840} INFO - DAG(s) 'example_task_group_decorator' retrieved from /home/airflow/.local/lib/python3.11/site-packages/airflow/example_dags/example_task_group_decorator.py
[2024-07-09T13:28:44.521+0000] {logging_mixin.py:188} INFO - [2024-07-09T13:28:44.521+0000] {dag.py:3047} INFO - Sync 1 DAGs
[2024-07-09T13:28:44.538+0000] {logging_mixin.py:188} INFO - [2024-07-09T13:28:44.538+0000] {dag.py:3834} INFO - Setting next_dagrun for example_task_group_decorator to 2024-07-08 00:00:00+00:00, run_after=2024-07-09 00:00:00+00:00
[2024-07-09T13:28:44.554+0000] {processor.py:183} INFO - Processing /home/airflow/.local/lib/python3.11/site-packages/airflow/example_dags/example_task_group_decorator.py took 0.073 seconds
[2024-07-09T13:29:14.826+0000] {processor.py:161} INFO - Started process (PID=2000) to work on /home/airflow/.local/lib/python3.11/site-packages/airflow/example_dags/example_task_group_decorator.py
[2024-07-09T13:29:14.828+0000] {processor.py:830} INFO - Processing file /home/airflow/.local/lib/python3.11/site-packages/airflow/example_dags/example_task_group_decorator.py for tasks to queue
[2024-07-09T13:29:14.829+0000] {logging_mixin.py:188} INFO - [2024-07-09T13:29:14.829+0000] {dagbag.py:540} INFO - Filling up the DagBag from /home/airflow/.local/lib/python3.11/site-packages/airflow/example_dags/example_task_group_decorator.py
[2024-07-09T13:29:14.842+0000] {processor.py:840} INFO - DAG(s) 'example_task_group_decorator' retrieved from /home/airflow/.local/lib/python3.11/site-packages/airflow/example_dags/example_task_group_decorator.py
[2024-07-09T13:29:14.866+0000] {logging_mixin.py:188} INFO - [2024-07-09T13:29:14.866+0000] {dag.py:3047} INFO - Sync 1 DAGs
[2024-07-09T13:29:14.885+0000] {logging_mixin.py:188} INFO - [2024-07-09T13:29:14.885+0000] {dag.py:3834} INFO - Setting next_dagrun for example_task_group_decorator to 2024-07-08 00:00:00+00:00, run_after=2024-07-09 00:00:00+00:00
[2024-07-09T13:29:14.899+0000] {processor.py:183} INFO - Processing /home/airflow/.local/lib/python3.11/site-packages/airflow/example_dags/example_task_group_decorator.py took 0.075 seconds
[2024-07-09T13:29:45.230+0000] {processor.py:161} INFO - Started process (PID=2270) to work on /home/airflow/.local/lib/python3.11/site-packages/airflow/example_dags/example_task_group_decorator.py
[2024-07-09T13:29:45.231+0000] {processor.py:830} INFO - Processing file /home/airflow/.local/lib/python3.11/site-packages/airflow/example_dags/example_task_group_decorator.py for tasks to queue
[2024-07-09T13:29:45.232+0000] {logging_mixin.py:188} INFO - [2024-07-09T13:29:45.231+0000] {dagbag.py:540} INFO - Filling up the DagBag from /home/airflow/.local/lib/python3.11/site-packages/airflow/example_dags/example_task_group_decorator.py
[2024-07-09T13:29:45.244+0000] {processor.py:840} INFO - DAG(s) 'example_task_group_decorator' retrieved from /home/airflow/.local/lib/python3.11/site-packages/airflow/example_dags/example_task_group_decorator.py
[2024-07-09T13:29:45.268+0000] {logging_mixin.py:188} INFO - [2024-07-09T13:29:45.267+0000] {dag.py:3047} INFO - Sync 1 DAGs
[2024-07-09T13:29:45.285+0000] {logging_mixin.py:188} INFO - [2024-07-09T13:29:45.285+0000] {dag.py:3834} INFO - Setting next_dagrun for example_task_group_decorator to 2024-07-08 00:00:00+00:00, run_after=2024-07-09 00:00:00+00:00
[2024-07-09T13:29:45.300+0000] {processor.py:183} INFO - Processing /home/airflow/.local/lib/python3.11/site-packages/airflow/example_dags/example_task_group_decorator.py took 0.072 seconds
[2024-07-09T13:31:39.832+0000] {processor.py:161} INFO - Started process (PID=379) to work on /home/airflow/.local/lib/python3.11/site-packages/airflow/example_dags/example_task_group_decorator.py
[2024-07-09T13:31:39.833+0000] {processor.py:830} INFO - Processing file /home/airflow/.local/lib/python3.11/site-packages/airflow/example_dags/example_task_group_decorator.py for tasks to queue
[2024-07-09T13:31:39.834+0000] {logging_mixin.py:188} INFO - [2024-07-09T13:31:39.834+0000] {dagbag.py:540} INFO - Filling up the DagBag from /home/airflow/.local/lib/python3.11/site-packages/airflow/example_dags/example_task_group_decorator.py
[2024-07-09T13:31:39.848+0000] {processor.py:840} INFO - DAG(s) 'example_task_group_decorator' retrieved from /home/airflow/.local/lib/python3.11/site-packages/airflow/example_dags/example_task_group_decorator.py
[2024-07-09T13:31:39.945+0000] {logging_mixin.py:188} INFO - [2024-07-09T13:31:39.945+0000] {override.py:1769} INFO - Created Permission View: can edit on DAG:example_task_group_decorator
[2024-07-09T13:31:39.956+0000] {logging_mixin.py:188} INFO - [2024-07-09T13:31:39.956+0000] {override.py:1769} INFO - Created Permission View: can delete on DAG:example_task_group_decorator
[2024-07-09T13:31:39.964+0000] {logging_mixin.py:188} INFO - [2024-07-09T13:31:39.963+0000] {override.py:1769} INFO - Created Permission View: can read on DAG:example_task_group_decorator
[2024-07-09T13:31:39.964+0000] {logging_mixin.py:188} INFO - [2024-07-09T13:31:39.964+0000] {dag.py:3047} INFO - Sync 1 DAGs
[2024-07-09T13:31:39.973+0000] {logging_mixin.py:188} INFO - [2024-07-09T13:31:39.972+0000] {dag.py:3069} INFO - Creating ORM DAG for example_task_group_decorator
[2024-07-09T13:31:39.980+0000] {logging_mixin.py:188} INFO - [2024-07-09T13:31:39.980+0000] {dag.py:3834} INFO - Setting next_dagrun for example_task_group_decorator to 2024-07-08 00:00:00+00:00, run_after=2024-07-09 00:00:00+00:00
[2024-07-09T13:31:39.994+0000] {processor.py:183} INFO - Processing /home/airflow/.local/lib/python3.11/site-packages/airflow/example_dags/example_task_group_decorator.py took 0.165 seconds
[2024-07-09T13:32:10.522+0000] {processor.py:161} INFO - Started process (PID=649) to work on /home/airflow/.local/lib/python3.11/site-packages/airflow/example_dags/example_task_group_decorator.py
[2024-07-09T13:32:10.523+0000] {processor.py:830} INFO - Processing file /home/airflow/.local/lib/python3.11/site-packages/airflow/example_dags/example_task_group_decorator.py for tasks to queue
[2024-07-09T13:32:10.523+0000] {logging_mixin.py:188} INFO - [2024-07-09T13:32:10.523+0000] {dagbag.py:540} INFO - Filling up the DagBag from /home/airflow/.local/lib/python3.11/site-packages/airflow/example_dags/example_task_group_decorator.py
[2024-07-09T13:32:10.537+0000] {processor.py:840} INFO - DAG(s) 'example_task_group_decorator' retrieved from /home/airflow/.local/lib/python3.11/site-packages/airflow/example_dags/example_task_group_decorator.py
[2024-07-09T13:32:10.570+0000] {logging_mixin.py:188} INFO - [2024-07-09T13:32:10.569+0000] {dag.py:3047} INFO - Sync 1 DAGs
[2024-07-09T13:32:10.603+0000] {logging_mixin.py:188} INFO - [2024-07-09T13:32:10.603+0000] {dag.py:3834} INFO - Setting next_dagrun for example_task_group_decorator to 2024-07-08 00:00:00+00:00, run_after=2024-07-09 00:00:00+00:00
[2024-07-09T13:32:10.624+0000] {processor.py:183} INFO - Processing /home/airflow/.local/lib/python3.11/site-packages/airflow/example_dags/example_task_group_decorator.py took 0.105 seconds
[2024-07-09T13:32:40.889+0000] {processor.py:161} INFO - Started process (PID=919) to work on /home/airflow/.local/lib/python3.11/site-packages/airflow/example_dags/example_task_group_decorator.py
[2024-07-09T13:32:40.890+0000] {processor.py:830} INFO - Processing file /home/airflow/.local/lib/python3.11/site-packages/airflow/example_dags/example_task_group_decorator.py for tasks to queue
[2024-07-09T13:32:40.891+0000] {logging_mixin.py:188} INFO - [2024-07-09T13:32:40.891+0000] {dagbag.py:540} INFO - Filling up the DagBag from /home/airflow/.local/lib/python3.11/site-packages/airflow/example_dags/example_task_group_decorator.py
[2024-07-09T13:32:40.907+0000] {processor.py:840} INFO - DAG(s) 'example_task_group_decorator' retrieved from /home/airflow/.local/lib/python3.11/site-packages/airflow/example_dags/example_task_group_decorator.py
[2024-07-09T13:32:40.931+0000] {logging_mixin.py:188} INFO - [2024-07-09T13:32:40.931+0000] {dag.py:3047} INFO - Sync 1 DAGs
[2024-07-09T13:32:40.948+0000] {logging_mixin.py:188} INFO - [2024-07-09T13:32:40.948+0000] {dag.py:3834} INFO - Setting next_dagrun for example_task_group_decorator to 2024-07-08 00:00:00+00:00, run_after=2024-07-09 00:00:00+00:00
[2024-07-09T13:32:40.964+0000] {processor.py:183} INFO - Processing /home/airflow/.local/lib/python3.11/site-packages/airflow/example_dags/example_task_group_decorator.py took 0.078 seconds
[2024-07-09T13:33:11.792+0000] {processor.py:161} INFO - Started process (PID=1191) to work on /home/airflow/.local/lib/python3.11/site-packages/airflow/example_dags/example_task_group_decorator.py
[2024-07-09T13:33:11.793+0000] {processor.py:830} INFO - Processing file /home/airflow/.local/lib/python3.11/site-packages/airflow/example_dags/example_task_group_decorator.py for tasks to queue
[2024-07-09T13:33:11.794+0000] {logging_mixin.py:188} INFO - [2024-07-09T13:33:11.793+0000] {dagbag.py:540} INFO - Filling up the DagBag from /home/airflow/.local/lib/python3.11/site-packages/airflow/example_dags/example_task_group_decorator.py
[2024-07-09T13:33:11.806+0000] {processor.py:840} INFO - DAG(s) 'example_task_group_decorator' retrieved from /home/airflow/.local/lib/python3.11/site-packages/airflow/example_dags/example_task_group_decorator.py
[2024-07-09T13:33:11.829+0000] {logging_mixin.py:188} INFO - [2024-07-09T13:33:11.829+0000] {dag.py:3047} INFO - Sync 1 DAGs
[2024-07-09T13:33:11.847+0000] {logging_mixin.py:188} INFO - [2024-07-09T13:33:11.847+0000] {dag.py:3834} INFO - Setting next_dagrun for example_task_group_decorator to 2024-07-08 00:00:00+00:00, run_after=2024-07-09 00:00:00+00:00
[2024-07-09T13:33:11.862+0000] {processor.py:183} INFO - Processing /home/airflow/.local/lib/python3.11/site-packages/airflow/example_dags/example_task_group_decorator.py took 0.073 seconds
[2024-07-09T13:33:42.389+0000] {processor.py:161} INFO - Started process (PID=1459) to work on /home/airflow/.local/lib/python3.11/site-packages/airflow/example_dags/example_task_group_decorator.py
[2024-07-09T13:33:42.390+0000] {processor.py:830} INFO - Processing file /home/airflow/.local/lib/python3.11/site-packages/airflow/example_dags/example_task_group_decorator.py for tasks to queue
[2024-07-09T13:33:42.390+0000] {logging_mixin.py:188} INFO - [2024-07-09T13:33:42.390+0000] {dagbag.py:540} INFO - Filling up the DagBag from /home/airflow/.local/lib/python3.11/site-packages/airflow/example_dags/example_task_group_decorator.py
[2024-07-09T13:33:42.404+0000] {processor.py:840} INFO - DAG(s) 'example_task_group_decorator' retrieved from /home/airflow/.local/lib/python3.11/site-packages/airflow/example_dags/example_task_group_decorator.py
[2024-07-09T13:33:42.428+0000] {logging_mixin.py:188} INFO - [2024-07-09T13:33:42.428+0000] {dag.py:3047} INFO - Sync 1 DAGs
[2024-07-09T13:33:42.445+0000] {logging_mixin.py:188} INFO - [2024-07-09T13:33:42.445+0000] {dag.py:3834} INFO - Setting next_dagrun for example_task_group_decorator to 2024-07-08 00:00:00+00:00, run_after=2024-07-09 00:00:00+00:00
[2024-07-09T13:33:42.462+0000] {processor.py:183} INFO - Processing /home/airflow/.local/lib/python3.11/site-packages/airflow/example_dags/example_task_group_decorator.py took 0.075 seconds
[2024-07-09T13:34:12.805+0000] {processor.py:161} INFO - Started process (PID=1729) to work on /home/airflow/.local/lib/python3.11/site-packages/airflow/example_dags/example_task_group_decorator.py
[2024-07-09T13:34:12.806+0000] {processor.py:830} INFO - Processing file /home/airflow/.local/lib/python3.11/site-packages/airflow/example_dags/example_task_group_decorator.py for tasks to queue
[2024-07-09T13:34:12.806+0000] {logging_mixin.py:188} INFO - [2024-07-09T13:34:12.806+0000] {dagbag.py:540} INFO - Filling up the DagBag from /home/airflow/.local/lib/python3.11/site-packages/airflow/example_dags/example_task_group_decorator.py
[2024-07-09T13:34:12.821+0000] {processor.py:840} INFO - DAG(s) 'example_task_group_decorator' retrieved from /home/airflow/.local/lib/python3.11/site-packages/airflow/example_dags/example_task_group_decorator.py
[2024-07-09T13:34:12.847+0000] {logging_mixin.py:188} INFO - [2024-07-09T13:34:12.847+0000] {dag.py:3047} INFO - Sync 1 DAGs
[2024-07-09T13:34:12.867+0000] {logging_mixin.py:188} INFO - [2024-07-09T13:34:12.866+0000] {dag.py:3834} INFO - Setting next_dagrun for example_task_group_decorator to 2024-07-08 00:00:00+00:00, run_after=2024-07-09 00:00:00+00:00
[2024-07-09T13:34:12.883+0000] {processor.py:183} INFO - Processing /home/airflow/.local/lib/python3.11/site-packages/airflow/example_dags/example_task_group_decorator.py took 0.081 seconds
[2024-07-09T13:34:43.000+0000] {processor.py:161} INFO - Started process (PID=1999) to work on /home/airflow/.local/lib/python3.11/site-packages/airflow/example_dags/example_task_group_decorator.py
[2024-07-09T13:34:43.001+0000] {processor.py:830} INFO - Processing file /home/airflow/.local/lib/python3.11/site-packages/airflow/example_dags/example_task_group_decorator.py for tasks to queue
[2024-07-09T13:34:43.002+0000] {logging_mixin.py:188} INFO - [2024-07-09T13:34:43.001+0000] {dagbag.py:540} INFO - Filling up the DagBag from /home/airflow/.local/lib/python3.11/site-packages/airflow/example_dags/example_task_group_decorator.py
[2024-07-09T13:34:43.014+0000] {processor.py:840} INFO - DAG(s) 'example_task_group_decorator' retrieved from /home/airflow/.local/lib/python3.11/site-packages/airflow/example_dags/example_task_group_decorator.py
[2024-07-09T13:34:43.038+0000] {logging_mixin.py:188} INFO - [2024-07-09T13:34:43.037+0000] {dag.py:3047} INFO - Sync 1 DAGs
[2024-07-09T13:34:43.055+0000] {logging_mixin.py:188} INFO - [2024-07-09T13:34:43.055+0000] {dag.py:3834} INFO - Setting next_dagrun for example_task_group_decorator to 2024-07-08 00:00:00+00:00, run_after=2024-07-09 00:00:00+00:00
[2024-07-09T13:34:43.071+0000] {processor.py:183} INFO - Processing /home/airflow/.local/lib/python3.11/site-packages/airflow/example_dags/example_task_group_decorator.py took 0.073 seconds
[2024-07-09T13:35:13.319+0000] {processor.py:161} INFO - Started process (PID=2269) to work on /home/airflow/.local/lib/python3.11/site-packages/airflow/example_dags/example_task_group_decorator.py
[2024-07-09T13:35:13.320+0000] {processor.py:830} INFO - Processing file /home/airflow/.local/lib/python3.11/site-packages/airflow/example_dags/example_task_group_decorator.py for tasks to queue
[2024-07-09T13:35:13.320+0000] {logging_mixin.py:188} INFO - [2024-07-09T13:35:13.320+0000] {dagbag.py:540} INFO - Filling up the DagBag from /home/airflow/.local/lib/python3.11/site-packages/airflow/example_dags/example_task_group_decorator.py
[2024-07-09T13:35:13.334+0000] {processor.py:840} INFO - DAG(s) 'example_task_group_decorator' retrieved from /home/airflow/.local/lib/python3.11/site-packages/airflow/example_dags/example_task_group_decorator.py
[2024-07-09T13:35:13.357+0000] {logging_mixin.py:188} INFO - [2024-07-09T13:35:13.357+0000] {dag.py:3047} INFO - Sync 1 DAGs
[2024-07-09T13:35:13.375+0000] {logging_mixin.py:188} INFO - [2024-07-09T13:35:13.375+0000] {dag.py:3834} INFO - Setting next_dagrun for example_task_group_decorator to 2024-07-08 00:00:00+00:00, run_after=2024-07-09 00:00:00+00:00
[2024-07-09T13:35:13.392+0000] {processor.py:183} INFO - Processing /home/airflow/.local/lib/python3.11/site-packages/airflow/example_dags/example_task_group_decorator.py took 0.076 seconds
[2024-07-09T13:35:43.689+0000] {processor.py:161} INFO - Started process (PID=2539) to work on /home/airflow/.local/lib/python3.11/site-packages/airflow/example_dags/example_task_group_decorator.py
[2024-07-09T13:35:43.690+0000] {processor.py:830} INFO - Processing file /home/airflow/.local/lib/python3.11/site-packages/airflow/example_dags/example_task_group_decorator.py for tasks to queue
[2024-07-09T13:35:43.691+0000] {logging_mixin.py:188} INFO - [2024-07-09T13:35:43.691+0000] {dagbag.py:540} INFO - Filling up the DagBag from /home/airflow/.local/lib/python3.11/site-packages/airflow/example_dags/example_task_group_decorator.py
[2024-07-09T13:35:43.704+0000] {processor.py:840} INFO - DAG(s) 'example_task_group_decorator' retrieved from /home/airflow/.local/lib/python3.11/site-packages/airflow/example_dags/example_task_group_decorator.py
[2024-07-09T13:35:43.728+0000] {logging_mixin.py:188} INFO - [2024-07-09T13:35:43.728+0000] {dag.py:3047} INFO - Sync 1 DAGs
[2024-07-09T13:35:43.745+0000] {logging_mixin.py:188} INFO - [2024-07-09T13:35:43.745+0000] {dag.py:3834} INFO - Setting next_dagrun for example_task_group_decorator to 2024-07-08 00:00:00+00:00, run_after=2024-07-09 00:00:00+00:00
[2024-07-09T13:35:43.760+0000] {processor.py:183} INFO - Processing /home/airflow/.local/lib/python3.11/site-packages/airflow/example_dags/example_task_group_decorator.py took 0.074 seconds
[2024-07-09T13:36:14.173+0000] {processor.py:161} INFO - Started process (PID=2809) to work on /home/airflow/.local/lib/python3.11/site-packages/airflow/example_dags/example_task_group_decorator.py
[2024-07-09T13:36:14.174+0000] {processor.py:830} INFO - Processing file /home/airflow/.local/lib/python3.11/site-packages/airflow/example_dags/example_task_group_decorator.py for tasks to queue
[2024-07-09T13:36:14.175+0000] {logging_mixin.py:188} INFO - [2024-07-09T13:36:14.174+0000] {dagbag.py:540} INFO - Filling up the DagBag from /home/airflow/.local/lib/python3.11/site-packages/airflow/example_dags/example_task_group_decorator.py
[2024-07-09T13:36:14.188+0000] {processor.py:840} INFO - DAG(s) 'example_task_group_decorator' retrieved from /home/airflow/.local/lib/python3.11/site-packages/airflow/example_dags/example_task_group_decorator.py
[2024-07-09T13:36:14.212+0000] {logging_mixin.py:188} INFO - [2024-07-09T13:36:14.212+0000] {dag.py:3047} INFO - Sync 1 DAGs
[2024-07-09T13:36:14.230+0000] {logging_mixin.py:188} INFO - [2024-07-09T13:36:14.230+0000] {dag.py:3834} INFO - Setting next_dagrun for example_task_group_decorator to 2024-07-08 00:00:00+00:00, run_after=2024-07-09 00:00:00+00:00
[2024-07-09T13:36:14.245+0000] {processor.py:183} INFO - Processing /home/airflow/.local/lib/python3.11/site-packages/airflow/example_dags/example_task_group_decorator.py took 0.075 seconds
[2024-07-09T13:36:44.452+0000] {processor.py:161} INFO - Started process (PID=3079) to work on /home/airflow/.local/lib/python3.11/site-packages/airflow/example_dags/example_task_group_decorator.py
[2024-07-09T13:36:44.453+0000] {processor.py:830} INFO - Processing file /home/airflow/.local/lib/python3.11/site-packages/airflow/example_dags/example_task_group_decorator.py for tasks to queue
[2024-07-09T13:36:44.453+0000] {logging_mixin.py:188} INFO - [2024-07-09T13:36:44.453+0000] {dagbag.py:540} INFO - Filling up the DagBag from /home/airflow/.local/lib/python3.11/site-packages/airflow/example_dags/example_task_group_decorator.py
[2024-07-09T13:36:44.466+0000] {processor.py:840} INFO - DAG(s) 'example_task_group_decorator' retrieved from /home/airflow/.local/lib/python3.11/site-packages/airflow/example_dags/example_task_group_decorator.py
[2024-07-09T13:36:44.489+0000] {logging_mixin.py:188} INFO - [2024-07-09T13:36:44.489+0000] {dag.py:3047} INFO - Sync 1 DAGs
[2024-07-09T13:36:44.507+0000] {logging_mixin.py:188} INFO - [2024-07-09T13:36:44.506+0000] {dag.py:3834} INFO - Setting next_dagrun for example_task_group_decorator to 2024-07-08 00:00:00+00:00, run_after=2024-07-09 00:00:00+00:00
[2024-07-09T13:36:44.522+0000] {processor.py:183} INFO - Processing /home/airflow/.local/lib/python3.11/site-packages/airflow/example_dags/example_task_group_decorator.py took 0.073 seconds
[2024-07-09T13:37:15.129+0000] {processor.py:161} INFO - Started process (PID=3349) to work on /home/airflow/.local/lib/python3.11/site-packages/airflow/example_dags/example_task_group_decorator.py
[2024-07-09T13:37:15.130+0000] {processor.py:830} INFO - Processing file /home/airflow/.local/lib/python3.11/site-packages/airflow/example_dags/example_task_group_decorator.py for tasks to queue
[2024-07-09T13:37:15.131+0000] {logging_mixin.py:188} INFO - [2024-07-09T13:37:15.130+0000] {dagbag.py:540} INFO - Filling up the DagBag from /home/airflow/.local/lib/python3.11/site-packages/airflow/example_dags/example_task_group_decorator.py
[2024-07-09T13:37:15.145+0000] {processor.py:840} INFO - DAG(s) 'example_task_group_decorator' retrieved from /home/airflow/.local/lib/python3.11/site-packages/airflow/example_dags/example_task_group_decorator.py
[2024-07-09T13:37:15.169+0000] {logging_mixin.py:188} INFO - [2024-07-09T13:37:15.169+0000] {dag.py:3047} INFO - Sync 1 DAGs
[2024-07-09T13:37:15.188+0000] {logging_mixin.py:188} INFO - [2024-07-09T13:37:15.188+0000] {dag.py:3834} INFO - Setting next_dagrun for example_task_group_decorator to 2024-07-08 00:00:00+00:00, run_after=2024-07-09 00:00:00+00:00
[2024-07-09T13:37:15.205+0000] {processor.py:183} INFO - Processing /home/airflow/.local/lib/python3.11/site-packages/airflow/example_dags/example_task_group_decorator.py took 0.078 seconds
[2024-07-09T13:46:12.983+0000] {processor.py:161} INFO - Started process (PID=379) to work on /home/airflow/.local/lib/python3.11/site-packages/airflow/example_dags/example_task_group_decorator.py
[2024-07-09T13:46:12.984+0000] {processor.py:830} INFO - Processing file /home/airflow/.local/lib/python3.11/site-packages/airflow/example_dags/example_task_group_decorator.py for tasks to queue
[2024-07-09T13:46:12.984+0000] {logging_mixin.py:188} INFO - [2024-07-09T13:46:12.984+0000] {dagbag.py:540} INFO - Filling up the DagBag from /home/airflow/.local/lib/python3.11/site-packages/airflow/example_dags/example_task_group_decorator.py
[2024-07-09T13:46:12.997+0000] {processor.py:840} INFO - DAG(s) 'example_task_group_decorator' retrieved from /home/airflow/.local/lib/python3.11/site-packages/airflow/example_dags/example_task_group_decorator.py
[2024-07-09T13:46:13.086+0000] {logging_mixin.py:188} INFO - [2024-07-09T13:46:13.085+0000] {override.py:1769} INFO - Created Permission View: can delete on DAG:example_task_group_decorator
[2024-07-09T13:46:13.094+0000] {logging_mixin.py:188} INFO - [2024-07-09T13:46:13.094+0000] {override.py:1769} INFO - Created Permission View: can read on DAG:example_task_group_decorator
[2024-07-09T13:46:13.102+0000] {logging_mixin.py:188} INFO - [2024-07-09T13:46:13.102+0000] {override.py:1769} INFO - Created Permission View: can edit on DAG:example_task_group_decorator
[2024-07-09T13:46:13.102+0000] {logging_mixin.py:188} INFO - [2024-07-09T13:46:13.102+0000] {dag.py:3047} INFO - Sync 1 DAGs
[2024-07-09T13:46:13.111+0000] {logging_mixin.py:188} INFO - [2024-07-09T13:46:13.111+0000] {dag.py:3069} INFO - Creating ORM DAG for example_task_group_decorator
[2024-07-09T13:46:13.118+0000] {logging_mixin.py:188} INFO - [2024-07-09T13:46:13.118+0000] {dag.py:3834} INFO - Setting next_dagrun for example_task_group_decorator to 2024-07-08 00:00:00+00:00, run_after=2024-07-09 00:00:00+00:00
[2024-07-09T13:46:13.132+0000] {processor.py:183} INFO - Processing /home/airflow/.local/lib/python3.11/site-packages/airflow/example_dags/example_task_group_decorator.py took 0.152 seconds
[2024-07-09T13:46:43.186+0000] {processor.py:161} INFO - Started process (PID=649) to work on /home/airflow/.local/lib/python3.11/site-packages/airflow/example_dags/example_task_group_decorator.py
[2024-07-09T13:46:43.187+0000] {processor.py:830} INFO - Processing file /home/airflow/.local/lib/python3.11/site-packages/airflow/example_dags/example_task_group_decorator.py for tasks to queue
[2024-07-09T13:46:43.187+0000] {logging_mixin.py:188} INFO - [2024-07-09T13:46:43.187+0000] {dagbag.py:540} INFO - Filling up the DagBag from /home/airflow/.local/lib/python3.11/site-packages/airflow/example_dags/example_task_group_decorator.py
[2024-07-09T13:46:43.199+0000] {processor.py:840} INFO - DAG(s) 'example_task_group_decorator' retrieved from /home/airflow/.local/lib/python3.11/site-packages/airflow/example_dags/example_task_group_decorator.py
[2024-07-09T13:46:43.223+0000] {logging_mixin.py:188} INFO - [2024-07-09T13:46:43.223+0000] {dag.py:3047} INFO - Sync 1 DAGs
[2024-07-09T13:46:43.241+0000] {logging_mixin.py:188} INFO - [2024-07-09T13:46:43.240+0000] {dag.py:3834} INFO - Setting next_dagrun for example_task_group_decorator to 2024-07-08 00:00:00+00:00, run_after=2024-07-09 00:00:00+00:00
[2024-07-09T13:46:43.256+0000] {processor.py:183} INFO - Processing /home/airflow/.local/lib/python3.11/site-packages/airflow/example_dags/example_task_group_decorator.py took 0.073 seconds
[2024-07-09T13:47:14.005+0000] {processor.py:161} INFO - Started process (PID=919) to work on /home/airflow/.local/lib/python3.11/site-packages/airflow/example_dags/example_task_group_decorator.py
[2024-07-09T13:47:14.006+0000] {processor.py:830} INFO - Processing file /home/airflow/.local/lib/python3.11/site-packages/airflow/example_dags/example_task_group_decorator.py for tasks to queue
[2024-07-09T13:47:14.007+0000] {logging_mixin.py:188} INFO - [2024-07-09T13:47:14.006+0000] {dagbag.py:540} INFO - Filling up the DagBag from /home/airflow/.local/lib/python3.11/site-packages/airflow/example_dags/example_task_group_decorator.py
[2024-07-09T13:47:14.019+0000] {processor.py:840} INFO - DAG(s) 'example_task_group_decorator' retrieved from /home/airflow/.local/lib/python3.11/site-packages/airflow/example_dags/example_task_group_decorator.py
[2024-07-09T13:47:14.045+0000] {logging_mixin.py:188} INFO - [2024-07-09T13:47:14.044+0000] {dag.py:3047} INFO - Sync 1 DAGs
[2024-07-09T13:47:14.062+0000] {logging_mixin.py:188} INFO - [2024-07-09T13:47:14.062+0000] {dag.py:3834} INFO - Setting next_dagrun for example_task_group_decorator to 2024-07-08 00:00:00+00:00, run_after=2024-07-09 00:00:00+00:00
[2024-07-09T13:47:14.077+0000] {processor.py:183} INFO - Processing /home/airflow/.local/lib/python3.11/site-packages/airflow/example_dags/example_task_group_decorator.py took 0.074 seconds
[2024-07-09T13:47:45.667+0000] {processor.py:161} INFO - Started process (PID=1191) to work on /home/airflow/.local/lib/python3.11/site-packages/airflow/example_dags/example_task_group_decorator.py
[2024-07-09T13:47:45.668+0000] {processor.py:830} INFO - Processing file /home/airflow/.local/lib/python3.11/site-packages/airflow/example_dags/example_task_group_decorator.py for tasks to queue
[2024-07-09T13:47:45.668+0000] {logging_mixin.py:188} INFO - [2024-07-09T13:47:45.668+0000] {dagbag.py:540} INFO - Filling up the DagBag from /home/airflow/.local/lib/python3.11/site-packages/airflow/example_dags/example_task_group_decorator.py
[2024-07-09T13:47:45.796+0000] {processor.py:840} INFO - DAG(s) 'example_task_group_decorator' retrieved from /home/airflow/.local/lib/python3.11/site-packages/airflow/example_dags/example_task_group_decorator.py
[2024-07-09T13:47:45.819+0000] {logging_mixin.py:188} INFO - [2024-07-09T13:47:45.819+0000] {dag.py:3047} INFO - Sync 1 DAGs
[2024-07-09T13:47:45.834+0000] {logging_mixin.py:188} INFO - [2024-07-09T13:47:45.833+0000] {dag.py:3834} INFO - Setting next_dagrun for example_task_group_decorator to 2024-07-08 00:00:00+00:00, run_after=2024-07-09 00:00:00+00:00
[2024-07-09T13:47:45.850+0000] {processor.py:183} INFO - Processing /home/airflow/.local/lib/python3.11/site-packages/airflow/example_dags/example_task_group_decorator.py took 0.185 seconds
[2024-07-09T13:48:16.658+0000] {processor.py:161} INFO - Started process (PID=1461) to work on /home/airflow/.local/lib/python3.11/site-packages/airflow/example_dags/example_task_group_decorator.py
[2024-07-09T13:48:16.659+0000] {processor.py:830} INFO - Processing file /home/airflow/.local/lib/python3.11/site-packages/airflow/example_dags/example_task_group_decorator.py for tasks to queue
[2024-07-09T13:48:16.660+0000] {logging_mixin.py:188} INFO - [2024-07-09T13:48:16.660+0000] {dagbag.py:540} INFO - Filling up the DagBag from /home/airflow/.local/lib/python3.11/site-packages/airflow/example_dags/example_task_group_decorator.py
[2024-07-09T13:48:16.673+0000] {processor.py:840} INFO - DAG(s) 'example_task_group_decorator' retrieved from /home/airflow/.local/lib/python3.11/site-packages/airflow/example_dags/example_task_group_decorator.py
[2024-07-09T13:48:16.697+0000] {logging_mixin.py:188} INFO - [2024-07-09T13:48:16.697+0000] {dag.py:3047} INFO - Sync 1 DAGs
[2024-07-09T13:48:16.715+0000] {logging_mixin.py:188} INFO - [2024-07-09T13:48:16.714+0000] {dag.py:3834} INFO - Setting next_dagrun for example_task_group_decorator to 2024-07-08 00:00:00+00:00, run_after=2024-07-09 00:00:00+00:00
[2024-07-09T13:48:16.729+0000] {processor.py:183} INFO - Processing /home/airflow/.local/lib/python3.11/site-packages/airflow/example_dags/example_task_group_decorator.py took 0.073 seconds
[2024-07-09T13:48:46.992+0000] {processor.py:161} INFO - Started process (PID=1731) to work on /home/airflow/.local/lib/python3.11/site-packages/airflow/example_dags/example_task_group_decorator.py
[2024-07-09T13:48:46.993+0000] {processor.py:830} INFO - Processing file /home/airflow/.local/lib/python3.11/site-packages/airflow/example_dags/example_task_group_decorator.py for tasks to queue
[2024-07-09T13:48:46.994+0000] {logging_mixin.py:188} INFO - [2024-07-09T13:48:46.993+0000] {dagbag.py:540} INFO - Filling up the DagBag from /home/airflow/.local/lib/python3.11/site-packages/airflow/example_dags/example_task_group_decorator.py
[2024-07-09T13:48:47.006+0000] {processor.py:840} INFO - DAG(s) 'example_task_group_decorator' retrieved from /home/airflow/.local/lib/python3.11/site-packages/airflow/example_dags/example_task_group_decorator.py
[2024-07-09T13:48:47.029+0000] {logging_mixin.py:188} INFO - [2024-07-09T13:48:47.029+0000] {dag.py:3047} INFO - Sync 1 DAGs
[2024-07-09T13:48:47.045+0000] {logging_mixin.py:188} INFO - [2024-07-09T13:48:47.045+0000] {dag.py:3834} INFO - Setting next_dagrun for example_task_group_decorator to 2024-07-08 00:00:00+00:00, run_after=2024-07-09 00:00:00+00:00
[2024-07-09T13:48:47.061+0000] {processor.py:183} INFO - Processing /home/airflow/.local/lib/python3.11/site-packages/airflow/example_dags/example_task_group_decorator.py took 0.072 seconds
[2024-07-09T13:49:17.515+0000] {processor.py:161} INFO - Started process (PID=2001) to work on /home/airflow/.local/lib/python3.11/site-packages/airflow/example_dags/example_task_group_decorator.py
[2024-07-09T13:49:17.516+0000] {processor.py:830} INFO - Processing file /home/airflow/.local/lib/python3.11/site-packages/airflow/example_dags/example_task_group_decorator.py for tasks to queue
[2024-07-09T13:49:17.517+0000] {logging_mixin.py:188} INFO - [2024-07-09T13:49:17.517+0000] {dagbag.py:540} INFO - Filling up the DagBag from /home/airflow/.local/lib/python3.11/site-packages/airflow/example_dags/example_task_group_decorator.py
[2024-07-09T13:49:17.530+0000] {processor.py:840} INFO - DAG(s) 'example_task_group_decorator' retrieved from /home/airflow/.local/lib/python3.11/site-packages/airflow/example_dags/example_task_group_decorator.py
[2024-07-09T13:49:17.552+0000] {logging_mixin.py:188} INFO - [2024-07-09T13:49:17.552+0000] {dag.py:3047} INFO - Sync 1 DAGs
[2024-07-09T13:49:17.572+0000] {logging_mixin.py:188} INFO - [2024-07-09T13:49:17.572+0000] {dag.py:3834} INFO - Setting next_dagrun for example_task_group_decorator to 2024-07-08 00:00:00+00:00, run_after=2024-07-09 00:00:00+00:00
[2024-07-09T13:49:17.589+0000] {processor.py:183} INFO - Processing /home/airflow/.local/lib/python3.11/site-packages/airflow/example_dags/example_task_group_decorator.py took 0.077 seconds
[2024-07-09T13:49:47.627+0000] {processor.py:161} INFO - Started process (PID=2271) to work on /home/airflow/.local/lib/python3.11/site-packages/airflow/example_dags/example_task_group_decorator.py
[2024-07-09T13:49:47.629+0000] {processor.py:830} INFO - Processing file /home/airflow/.local/lib/python3.11/site-packages/airflow/example_dags/example_task_group_decorator.py for tasks to queue
[2024-07-09T13:49:47.630+0000] {logging_mixin.py:188} INFO - [2024-07-09T13:49:47.629+0000] {dagbag.py:540} INFO - Filling up the DagBag from /home/airflow/.local/lib/python3.11/site-packages/airflow/example_dags/example_task_group_decorator.py
[2024-07-09T13:49:47.645+0000] {processor.py:840} INFO - DAG(s) 'example_task_group_decorator' retrieved from /home/airflow/.local/lib/python3.11/site-packages/airflow/example_dags/example_task_group_decorator.py
[2024-07-09T13:49:47.671+0000] {logging_mixin.py:188} INFO - [2024-07-09T13:49:47.671+0000] {dag.py:3047} INFO - Sync 1 DAGs
[2024-07-09T13:49:47.691+0000] {logging_mixin.py:188} INFO - [2024-07-09T13:49:47.691+0000] {dag.py:3834} INFO - Setting next_dagrun for example_task_group_decorator to 2024-07-08 00:00:00+00:00, run_after=2024-07-09 00:00:00+00:00
[2024-07-09T13:49:47.708+0000] {processor.py:183} INFO - Processing /home/airflow/.local/lib/python3.11/site-packages/airflow/example_dags/example_task_group_decorator.py took 0.085 seconds
[2024-07-09T13:50:18.023+0000] {processor.py:161} INFO - Started process (PID=2539) to work on /home/airflow/.local/lib/python3.11/site-packages/airflow/example_dags/example_task_group_decorator.py
[2024-07-09T13:50:18.024+0000] {processor.py:830} INFO - Processing file /home/airflow/.local/lib/python3.11/site-packages/airflow/example_dags/example_task_group_decorator.py for tasks to queue
[2024-07-09T13:50:18.025+0000] {logging_mixin.py:188} INFO - [2024-07-09T13:50:18.024+0000] {dagbag.py:540} INFO - Filling up the DagBag from /home/airflow/.local/lib/python3.11/site-packages/airflow/example_dags/example_task_group_decorator.py
[2024-07-09T13:50:18.037+0000] {processor.py:840} INFO - DAG(s) 'example_task_group_decorator' retrieved from /home/airflow/.local/lib/python3.11/site-packages/airflow/example_dags/example_task_group_decorator.py
[2024-07-09T13:50:18.061+0000] {logging_mixin.py:188} INFO - [2024-07-09T13:50:18.061+0000] {dag.py:3047} INFO - Sync 1 DAGs
[2024-07-09T13:50:18.078+0000] {logging_mixin.py:188} INFO - [2024-07-09T13:50:18.078+0000] {dag.py:3834} INFO - Setting next_dagrun for example_task_group_decorator to 2024-07-08 00:00:00+00:00, run_after=2024-07-09 00:00:00+00:00
[2024-07-09T13:50:18.094+0000] {processor.py:183} INFO - Processing /home/airflow/.local/lib/python3.11/site-packages/airflow/example_dags/example_task_group_decorator.py took 0.073 seconds
[2024-07-09T13:50:48.478+0000] {processor.py:161} INFO - Started process (PID=2809) to work on /home/airflow/.local/lib/python3.11/site-packages/airflow/example_dags/example_task_group_decorator.py
[2024-07-09T13:50:48.479+0000] {processor.py:830} INFO - Processing file /home/airflow/.local/lib/python3.11/site-packages/airflow/example_dags/example_task_group_decorator.py for tasks to queue
[2024-07-09T13:50:48.479+0000] {logging_mixin.py:188} INFO - [2024-07-09T13:50:48.479+0000] {dagbag.py:540} INFO - Filling up the DagBag from /home/airflow/.local/lib/python3.11/site-packages/airflow/example_dags/example_task_group_decorator.py
[2024-07-09T13:50:48.492+0000] {processor.py:840} INFO - DAG(s) 'example_task_group_decorator' retrieved from /home/airflow/.local/lib/python3.11/site-packages/airflow/example_dags/example_task_group_decorator.py
[2024-07-09T13:50:48.515+0000] {logging_mixin.py:188} INFO - [2024-07-09T13:50:48.515+0000] {dag.py:3047} INFO - Sync 1 DAGs
[2024-07-09T13:50:48.533+0000] {logging_mixin.py:188} INFO - [2024-07-09T13:50:48.533+0000] {dag.py:3834} INFO - Setting next_dagrun for example_task_group_decorator to 2024-07-08 00:00:00+00:00, run_after=2024-07-09 00:00:00+00:00
[2024-07-09T13:50:48.549+0000] {processor.py:183} INFO - Processing /home/airflow/.local/lib/python3.11/site-packages/airflow/example_dags/example_task_group_decorator.py took 0.074 seconds
[2024-07-09T13:51:18.828+0000] {processor.py:161} INFO - Started process (PID=3079) to work on /home/airflow/.local/lib/python3.11/site-packages/airflow/example_dags/example_task_group_decorator.py
[2024-07-09T13:51:18.829+0000] {processor.py:830} INFO - Processing file /home/airflow/.local/lib/python3.11/site-packages/airflow/example_dags/example_task_group_decorator.py for tasks to queue
[2024-07-09T13:51:18.830+0000] {logging_mixin.py:188} INFO - [2024-07-09T13:51:18.830+0000] {dagbag.py:540} INFO - Filling up the DagBag from /home/airflow/.local/lib/python3.11/site-packages/airflow/example_dags/example_task_group_decorator.py
[2024-07-09T13:51:18.843+0000] {processor.py:840} INFO - DAG(s) 'example_task_group_decorator' retrieved from /home/airflow/.local/lib/python3.11/site-packages/airflow/example_dags/example_task_group_decorator.py
[2024-07-09T13:51:18.865+0000] {logging_mixin.py:188} INFO - [2024-07-09T13:51:18.865+0000] {dag.py:3047} INFO - Sync 1 DAGs
[2024-07-09T13:51:18.883+0000] {logging_mixin.py:188} INFO - [2024-07-09T13:51:18.883+0000] {dag.py:3834} INFO - Setting next_dagrun for example_task_group_decorator to 2024-07-08 00:00:00+00:00, run_after=2024-07-09 00:00:00+00:00
[2024-07-09T13:51:18.898+0000] {processor.py:183} INFO - Processing /home/airflow/.local/lib/python3.11/site-packages/airflow/example_dags/example_task_group_decorator.py took 0.072 seconds
