[2024-07-09T13:18:50.531+0000] {processor.py:161} INFO - Started process (PID=364) to work on /home/airflow/.local/lib/python3.11/site-packages/airflow/example_dags/example_skip_dag.py
[2024-07-09T13:18:50.531+0000] {processor.py:830} INFO - Processing file /home/airflow/.local/lib/python3.11/site-packages/airflow/example_dags/example_skip_dag.py for tasks to queue
[2024-07-09T13:18:50.532+0000] {logging_mixin.py:188} INFO - [2024-07-09T13:18:50.532+0000] {dagbag.py:540} INFO - Filling up the DagBag from /home/airflow/.local/lib/python3.11/site-packages/airflow/example_dags/example_skip_dag.py
[2024-07-09T13:18:50.538+0000] {processor.py:840} INFO - DAG(s) 'example_skip_dag' retrieved from /home/airflow/.local/lib/python3.11/site-packages/airflow/example_dags/example_skip_dag.py
[2024-07-09T13:18:50.641+0000] {logging_mixin.py:188} INFO - [2024-07-09T13:18:50.641+0000] {override.py:1769} INFO - Created Permission View: can delete on DAG:example_skip_dag
[2024-07-09T13:18:50.651+0000] {logging_mixin.py:188} INFO - [2024-07-09T13:18:50.651+0000] {override.py:1769} INFO - Created Permission View: can read on DAG:example_skip_dag
[2024-07-09T13:18:50.658+0000] {logging_mixin.py:188} INFO - [2024-07-09T13:18:50.658+0000] {override.py:1769} INFO - Created Permission View: can edit on DAG:example_skip_dag
[2024-07-09T13:18:50.658+0000] {logging_mixin.py:188} INFO - [2024-07-09T13:18:50.658+0000] {dag.py:3047} INFO - Sync 1 DAGs
[2024-07-09T13:18:50.668+0000] {logging_mixin.py:188} INFO - [2024-07-09T13:18:50.667+0000] {dag.py:3069} INFO - Creating ORM DAG for example_skip_dag
[2024-07-09T13:18:50.676+0000] {logging_mixin.py:188} INFO - [2024-07-09T13:18:50.676+0000] {dag.py:3834} INFO - Setting next_dagrun for example_skip_dag to 2024-07-08 00:00:00+00:00, run_after=2024-07-09 00:00:00+00:00
[2024-07-09T13:18:50.691+0000] {processor.py:183} INFO - Processing /home/airflow/.local/lib/python3.11/site-packages/airflow/example_dags/example_skip_dag.py took 0.163 seconds
[2024-07-09T13:19:21.654+0000] {processor.py:161} INFO - Started process (PID=636) to work on /home/airflow/.local/lib/python3.11/site-packages/airflow/example_dags/example_skip_dag.py
[2024-07-09T13:19:21.655+0000] {processor.py:830} INFO - Processing file /home/airflow/.local/lib/python3.11/site-packages/airflow/example_dags/example_skip_dag.py for tasks to queue
[2024-07-09T13:19:21.656+0000] {logging_mixin.py:188} INFO - [2024-07-09T13:19:21.656+0000] {dagbag.py:540} INFO - Filling up the DagBag from /home/airflow/.local/lib/python3.11/site-packages/airflow/example_dags/example_skip_dag.py
[2024-07-09T13:19:21.662+0000] {processor.py:840} INFO - DAG(s) 'example_skip_dag' retrieved from /home/airflow/.local/lib/python3.11/site-packages/airflow/example_dags/example_skip_dag.py
[2024-07-09T13:19:21.681+0000] {logging_mixin.py:188} INFO - [2024-07-09T13:19:21.681+0000] {dag.py:3047} INFO - Sync 1 DAGs
[2024-07-09T13:19:21.698+0000] {logging_mixin.py:188} INFO - [2024-07-09T13:19:21.698+0000] {dag.py:3834} INFO - Setting next_dagrun for example_skip_dag to 2024-07-08 00:00:00+00:00, run_after=2024-07-09 00:00:00+00:00
[2024-07-09T13:19:21.716+0000] {processor.py:183} INFO - Processing /home/airflow/.local/lib/python3.11/site-packages/airflow/example_dags/example_skip_dag.py took 0.064 seconds
[2024-07-09T13:19:52.513+0000] {processor.py:161} INFO - Started process (PID=906) to work on /home/airflow/.local/lib/python3.11/site-packages/airflow/example_dags/example_skip_dag.py
[2024-07-09T13:19:52.514+0000] {processor.py:830} INFO - Processing file /home/airflow/.local/lib/python3.11/site-packages/airflow/example_dags/example_skip_dag.py for tasks to queue
[2024-07-09T13:19:52.515+0000] {logging_mixin.py:188} INFO - [2024-07-09T13:19:52.515+0000] {dagbag.py:540} INFO - Filling up the DagBag from /home/airflow/.local/lib/python3.11/site-packages/airflow/example_dags/example_skip_dag.py
[2024-07-09T13:19:52.521+0000] {processor.py:840} INFO - DAG(s) 'example_skip_dag' retrieved from /home/airflow/.local/lib/python3.11/site-packages/airflow/example_dags/example_skip_dag.py
[2024-07-09T13:19:52.541+0000] {logging_mixin.py:188} INFO - [2024-07-09T13:19:52.541+0000] {dag.py:3047} INFO - Sync 1 DAGs
[2024-07-09T13:19:52.558+0000] {logging_mixin.py:188} INFO - [2024-07-09T13:19:52.558+0000] {dag.py:3834} INFO - Setting next_dagrun for example_skip_dag to 2024-07-08 00:00:00+00:00, run_after=2024-07-09 00:00:00+00:00
[2024-07-09T13:19:52.574+0000] {processor.py:183} INFO - Processing /home/airflow/.local/lib/python3.11/site-packages/airflow/example_dags/example_skip_dag.py took 0.063 seconds
[2024-07-09T13:20:23.653+0000] {processor.py:161} INFO - Started process (PID=1174) to work on /home/airflow/.local/lib/python3.11/site-packages/airflow/example_dags/example_skip_dag.py
[2024-07-09T13:20:23.654+0000] {processor.py:830} INFO - Processing file /home/airflow/.local/lib/python3.11/site-packages/airflow/example_dags/example_skip_dag.py for tasks to queue
[2024-07-09T13:20:23.655+0000] {logging_mixin.py:188} INFO - [2024-07-09T13:20:23.654+0000] {dagbag.py:540} INFO - Filling up the DagBag from /home/airflow/.local/lib/python3.11/site-packages/airflow/example_dags/example_skip_dag.py
[2024-07-09T13:20:23.661+0000] {processor.py:840} INFO - DAG(s) 'example_skip_dag' retrieved from /home/airflow/.local/lib/python3.11/site-packages/airflow/example_dags/example_skip_dag.py
[2024-07-09T13:20:23.804+0000] {logging_mixin.py:188} INFO - [2024-07-09T13:20:23.804+0000] {dag.py:3047} INFO - Sync 1 DAGs
[2024-07-09T13:20:23.820+0000] {logging_mixin.py:188} INFO - [2024-07-09T13:20:23.820+0000] {dag.py:3834} INFO - Setting next_dagrun for example_skip_dag to 2024-07-08 00:00:00+00:00, run_after=2024-07-09 00:00:00+00:00
[2024-07-09T13:20:23.862+0000] {processor.py:183} INFO - Processing /home/airflow/.local/lib/python3.11/site-packages/airflow/example_dags/example_skip_dag.py took 0.211 seconds
[2024-07-09T13:20:54.011+0000] {processor.py:161} INFO - Started process (PID=1444) to work on /home/airflow/.local/lib/python3.11/site-packages/airflow/example_dags/example_skip_dag.py
[2024-07-09T13:20:54.012+0000] {processor.py:830} INFO - Processing file /home/airflow/.local/lib/python3.11/site-packages/airflow/example_dags/example_skip_dag.py for tasks to queue
[2024-07-09T13:20:54.013+0000] {logging_mixin.py:188} INFO - [2024-07-09T13:20:54.012+0000] {dagbag.py:540} INFO - Filling up the DagBag from /home/airflow/.local/lib/python3.11/site-packages/airflow/example_dags/example_skip_dag.py
[2024-07-09T13:20:54.019+0000] {processor.py:840} INFO - DAG(s) 'example_skip_dag' retrieved from /home/airflow/.local/lib/python3.11/site-packages/airflow/example_dags/example_skip_dag.py
[2024-07-09T13:20:54.042+0000] {logging_mixin.py:188} INFO - [2024-07-09T13:20:54.041+0000] {dag.py:3047} INFO - Sync 1 DAGs
[2024-07-09T13:20:54.061+0000] {logging_mixin.py:188} INFO - [2024-07-09T13:20:54.061+0000] {dag.py:3834} INFO - Setting next_dagrun for example_skip_dag to 2024-07-08 00:00:00+00:00, run_after=2024-07-09 00:00:00+00:00
[2024-07-09T13:20:54.078+0000] {processor.py:183} INFO - Processing /home/airflow/.local/lib/python3.11/site-packages/airflow/example_dags/example_skip_dag.py took 0.070 seconds
[2024-07-09T13:21:24.859+0000] {processor.py:161} INFO - Started process (PID=1714) to work on /home/airflow/.local/lib/python3.11/site-packages/airflow/example_dags/example_skip_dag.py
[2024-07-09T13:21:24.860+0000] {processor.py:830} INFO - Processing file /home/airflow/.local/lib/python3.11/site-packages/airflow/example_dags/example_skip_dag.py for tasks to queue
[2024-07-09T13:21:24.860+0000] {logging_mixin.py:188} INFO - [2024-07-09T13:21:24.860+0000] {dagbag.py:540} INFO - Filling up the DagBag from /home/airflow/.local/lib/python3.11/site-packages/airflow/example_dags/example_skip_dag.py
[2024-07-09T13:21:24.866+0000] {processor.py:840} INFO - DAG(s) 'example_skip_dag' retrieved from /home/airflow/.local/lib/python3.11/site-packages/airflow/example_dags/example_skip_dag.py
[2024-07-09T13:21:24.889+0000] {logging_mixin.py:188} INFO - [2024-07-09T13:21:24.889+0000] {dag.py:3047} INFO - Sync 1 DAGs
[2024-07-09T13:21:24.912+0000] {logging_mixin.py:188} INFO - [2024-07-09T13:21:24.912+0000] {dag.py:3834} INFO - Setting next_dagrun for example_skip_dag to 2024-07-08 00:00:00+00:00, run_after=2024-07-09 00:00:00+00:00
[2024-07-09T13:21:24.930+0000] {processor.py:183} INFO - Processing /home/airflow/.local/lib/python3.11/site-packages/airflow/example_dags/example_skip_dag.py took 0.074 seconds
[2024-07-09T13:21:55.530+0000] {processor.py:161} INFO - Started process (PID=1984) to work on /home/airflow/.local/lib/python3.11/site-packages/airflow/example_dags/example_skip_dag.py
[2024-07-09T13:21:55.531+0000] {processor.py:830} INFO - Processing file /home/airflow/.local/lib/python3.11/site-packages/airflow/example_dags/example_skip_dag.py for tasks to queue
[2024-07-09T13:21:55.532+0000] {logging_mixin.py:188} INFO - [2024-07-09T13:21:55.531+0000] {dagbag.py:540} INFO - Filling up the DagBag from /home/airflow/.local/lib/python3.11/site-packages/airflow/example_dags/example_skip_dag.py
[2024-07-09T13:21:55.537+0000] {processor.py:840} INFO - DAG(s) 'example_skip_dag' retrieved from /home/airflow/.local/lib/python3.11/site-packages/airflow/example_dags/example_skip_dag.py
[2024-07-09T13:21:55.558+0000] {logging_mixin.py:188} INFO - [2024-07-09T13:21:55.558+0000] {dag.py:3047} INFO - Sync 1 DAGs
[2024-07-09T13:21:55.576+0000] {logging_mixin.py:188} INFO - [2024-07-09T13:21:55.576+0000] {dag.py:3834} INFO - Setting next_dagrun for example_skip_dag to 2024-07-08 00:00:00+00:00, run_after=2024-07-09 00:00:00+00:00
[2024-07-09T13:21:55.591+0000] {processor.py:183} INFO - Processing /home/airflow/.local/lib/python3.11/site-packages/airflow/example_dags/example_skip_dag.py took 0.064 seconds
[2024-07-09T13:22:26.248+0000] {processor.py:161} INFO - Started process (PID=2254) to work on /home/airflow/.local/lib/python3.11/site-packages/airflow/example_dags/example_skip_dag.py
[2024-07-09T13:22:26.249+0000] {processor.py:830} INFO - Processing file /home/airflow/.local/lib/python3.11/site-packages/airflow/example_dags/example_skip_dag.py for tasks to queue
[2024-07-09T13:22:26.250+0000] {logging_mixin.py:188} INFO - [2024-07-09T13:22:26.250+0000] {dagbag.py:540} INFO - Filling up the DagBag from /home/airflow/.local/lib/python3.11/site-packages/airflow/example_dags/example_skip_dag.py
[2024-07-09T13:22:26.256+0000] {processor.py:840} INFO - DAG(s) 'example_skip_dag' retrieved from /home/airflow/.local/lib/python3.11/site-packages/airflow/example_dags/example_skip_dag.py
[2024-07-09T13:22:26.278+0000] {logging_mixin.py:188} INFO - [2024-07-09T13:22:26.277+0000] {dag.py:3047} INFO - Sync 1 DAGs
[2024-07-09T13:22:26.296+0000] {logging_mixin.py:188} INFO - [2024-07-09T13:22:26.296+0000] {dag.py:3834} INFO - Setting next_dagrun for example_skip_dag to 2024-07-08 00:00:00+00:00, run_after=2024-07-09 00:00:00+00:00
[2024-07-09T13:22:26.311+0000] {processor.py:183} INFO - Processing /home/airflow/.local/lib/python3.11/site-packages/airflow/example_dags/example_skip_dag.py took 0.065 seconds
[2024-07-09T13:22:56.999+0000] {processor.py:161} INFO - Started process (PID=2524) to work on /home/airflow/.local/lib/python3.11/site-packages/airflow/example_dags/example_skip_dag.py
[2024-07-09T13:22:57.001+0000] {processor.py:830} INFO - Processing file /home/airflow/.local/lib/python3.11/site-packages/airflow/example_dags/example_skip_dag.py for tasks to queue
[2024-07-09T13:22:57.001+0000] {logging_mixin.py:188} INFO - [2024-07-09T13:22:57.001+0000] {dagbag.py:540} INFO - Filling up the DagBag from /home/airflow/.local/lib/python3.11/site-packages/airflow/example_dags/example_skip_dag.py
[2024-07-09T13:22:57.007+0000] {processor.py:840} INFO - DAG(s) 'example_skip_dag' retrieved from /home/airflow/.local/lib/python3.11/site-packages/airflow/example_dags/example_skip_dag.py
[2024-07-09T13:22:57.030+0000] {logging_mixin.py:188} INFO - [2024-07-09T13:22:57.030+0000] {dag.py:3047} INFO - Sync 1 DAGs
[2024-07-09T13:22:57.049+0000] {logging_mixin.py:188} INFO - [2024-07-09T13:22:57.049+0000] {dag.py:3834} INFO - Setting next_dagrun for example_skip_dag to 2024-07-08 00:00:00+00:00, run_after=2024-07-09 00:00:00+00:00
[2024-07-09T13:22:57.065+0000] {processor.py:183} INFO - Processing /home/airflow/.local/lib/python3.11/site-packages/airflow/example_dags/example_skip_dag.py took 0.068 seconds
[2024-07-09T13:23:27.806+0000] {processor.py:161} INFO - Started process (PID=2794) to work on /home/airflow/.local/lib/python3.11/site-packages/airflow/example_dags/example_skip_dag.py
[2024-07-09T13:23:27.808+0000] {processor.py:830} INFO - Processing file /home/airflow/.local/lib/python3.11/site-packages/airflow/example_dags/example_skip_dag.py for tasks to queue
[2024-07-09T13:23:27.808+0000] {logging_mixin.py:188} INFO - [2024-07-09T13:23:27.808+0000] {dagbag.py:540} INFO - Filling up the DagBag from /home/airflow/.local/lib/python3.11/site-packages/airflow/example_dags/example_skip_dag.py
[2024-07-09T13:23:27.815+0000] {processor.py:840} INFO - DAG(s) 'example_skip_dag' retrieved from /home/airflow/.local/lib/python3.11/site-packages/airflow/example_dags/example_skip_dag.py
[2024-07-09T13:23:27.836+0000] {logging_mixin.py:188} INFO - [2024-07-09T13:23:27.836+0000] {dag.py:3047} INFO - Sync 1 DAGs
[2024-07-09T13:23:27.854+0000] {logging_mixin.py:188} INFO - [2024-07-09T13:23:27.853+0000] {dag.py:3834} INFO - Setting next_dagrun for example_skip_dag to 2024-07-08 00:00:00+00:00, run_after=2024-07-09 00:00:00+00:00
[2024-07-09T13:23:27.869+0000] {processor.py:183} INFO - Processing /home/airflow/.local/lib/python3.11/site-packages/airflow/example_dags/example_skip_dag.py took 0.066 seconds
[2024-07-09T13:23:58.511+0000] {processor.py:161} INFO - Started process (PID=3064) to work on /home/airflow/.local/lib/python3.11/site-packages/airflow/example_dags/example_skip_dag.py
[2024-07-09T13:23:58.512+0000] {processor.py:830} INFO - Processing file /home/airflow/.local/lib/python3.11/site-packages/airflow/example_dags/example_skip_dag.py for tasks to queue
[2024-07-09T13:23:58.512+0000] {logging_mixin.py:188} INFO - [2024-07-09T13:23:58.512+0000] {dagbag.py:540} INFO - Filling up the DagBag from /home/airflow/.local/lib/python3.11/site-packages/airflow/example_dags/example_skip_dag.py
[2024-07-09T13:23:58.518+0000] {processor.py:840} INFO - DAG(s) 'example_skip_dag' retrieved from /home/airflow/.local/lib/python3.11/site-packages/airflow/example_dags/example_skip_dag.py
[2024-07-09T13:23:58.539+0000] {logging_mixin.py:188} INFO - [2024-07-09T13:23:58.539+0000] {dag.py:3047} INFO - Sync 1 DAGs
[2024-07-09T13:23:58.557+0000] {logging_mixin.py:188} INFO - [2024-07-09T13:23:58.556+0000] {dag.py:3834} INFO - Setting next_dagrun for example_skip_dag to 2024-07-08 00:00:00+00:00, run_after=2024-07-09 00:00:00+00:00
[2024-07-09T13:23:58.572+0000] {processor.py:183} INFO - Processing /home/airflow/.local/lib/python3.11/site-packages/airflow/example_dags/example_skip_dag.py took 0.064 seconds
[2024-07-09T13:24:29.160+0000] {processor.py:161} INFO - Started process (PID=3334) to work on /home/airflow/.local/lib/python3.11/site-packages/airflow/example_dags/example_skip_dag.py
[2024-07-09T13:24:29.161+0000] {processor.py:830} INFO - Processing file /home/airflow/.local/lib/python3.11/site-packages/airflow/example_dags/example_skip_dag.py for tasks to queue
[2024-07-09T13:24:29.161+0000] {logging_mixin.py:188} INFO - [2024-07-09T13:24:29.161+0000] {dagbag.py:540} INFO - Filling up the DagBag from /home/airflow/.local/lib/python3.11/site-packages/airflow/example_dags/example_skip_dag.py
[2024-07-09T13:24:29.167+0000] {processor.py:840} INFO - DAG(s) 'example_skip_dag' retrieved from /home/airflow/.local/lib/python3.11/site-packages/airflow/example_dags/example_skip_dag.py
[2024-07-09T13:24:29.188+0000] {logging_mixin.py:188} INFO - [2024-07-09T13:24:29.188+0000] {dag.py:3047} INFO - Sync 1 DAGs
[2024-07-09T13:24:29.206+0000] {logging_mixin.py:188} INFO - [2024-07-09T13:24:29.206+0000] {dag.py:3834} INFO - Setting next_dagrun for example_skip_dag to 2024-07-08 00:00:00+00:00, run_after=2024-07-09 00:00:00+00:00
[2024-07-09T13:24:29.222+0000] {processor.py:183} INFO - Processing /home/airflow/.local/lib/python3.11/site-packages/airflow/example_dags/example_skip_dag.py took 0.065 seconds
[2024-07-09T13:24:59.913+0000] {processor.py:161} INFO - Started process (PID=3604) to work on /home/airflow/.local/lib/python3.11/site-packages/airflow/example_dags/example_skip_dag.py
[2024-07-09T13:24:59.914+0000] {processor.py:830} INFO - Processing file /home/airflow/.local/lib/python3.11/site-packages/airflow/example_dags/example_skip_dag.py for tasks to queue
[2024-07-09T13:24:59.915+0000] {logging_mixin.py:188} INFO - [2024-07-09T13:24:59.915+0000] {dagbag.py:540} INFO - Filling up the DagBag from /home/airflow/.local/lib/python3.11/site-packages/airflow/example_dags/example_skip_dag.py
[2024-07-09T13:24:59.921+0000] {processor.py:840} INFO - DAG(s) 'example_skip_dag' retrieved from /home/airflow/.local/lib/python3.11/site-packages/airflow/example_dags/example_skip_dag.py
[2024-07-09T13:24:59.946+0000] {logging_mixin.py:188} INFO - [2024-07-09T13:24:59.946+0000] {dag.py:3047} INFO - Sync 1 DAGs
[2024-07-09T13:24:59.970+0000] {logging_mixin.py:188} INFO - [2024-07-09T13:24:59.969+0000] {dag.py:3834} INFO - Setting next_dagrun for example_skip_dag to 2024-07-08 00:00:00+00:00, run_after=2024-07-09 00:00:00+00:00
[2024-07-09T13:24:59.987+0000] {processor.py:183} INFO - Processing /home/airflow/.local/lib/python3.11/site-packages/airflow/example_dags/example_skip_dag.py took 0.076 seconds
[2024-07-09T13:26:11.287+0000] {processor.py:161} INFO - Started process (PID=365) to work on /home/airflow/.local/lib/python3.11/site-packages/airflow/example_dags/example_skip_dag.py
[2024-07-09T13:26:11.289+0000] {processor.py:830} INFO - Processing file /home/airflow/.local/lib/python3.11/site-packages/airflow/example_dags/example_skip_dag.py for tasks to queue
[2024-07-09T13:26:11.289+0000] {logging_mixin.py:188} INFO - [2024-07-09T13:26:11.289+0000] {dagbag.py:540} INFO - Filling up the DagBag from /home/airflow/.local/lib/python3.11/site-packages/airflow/example_dags/example_skip_dag.py
[2024-07-09T13:26:11.296+0000] {processor.py:840} INFO - DAG(s) 'example_skip_dag' retrieved from /home/airflow/.local/lib/python3.11/site-packages/airflow/example_dags/example_skip_dag.py
[2024-07-09T13:26:11.381+0000] {logging_mixin.py:188} INFO - [2024-07-09T13:26:11.380+0000] {override.py:1769} INFO - Created Permission View: can delete on DAG:example_skip_dag
[2024-07-09T13:26:11.390+0000] {logging_mixin.py:188} INFO - [2024-07-09T13:26:11.390+0000] {override.py:1769} INFO - Created Permission View: can read on DAG:example_skip_dag
[2024-07-09T13:26:11.397+0000] {logging_mixin.py:188} INFO - [2024-07-09T13:26:11.397+0000] {override.py:1769} INFO - Created Permission View: can edit on DAG:example_skip_dag
[2024-07-09T13:26:11.398+0000] {logging_mixin.py:188} INFO - [2024-07-09T13:26:11.397+0000] {dag.py:3047} INFO - Sync 1 DAGs
[2024-07-09T13:26:11.407+0000] {logging_mixin.py:188} INFO - [2024-07-09T13:26:11.407+0000] {dag.py:3069} INFO - Creating ORM DAG for example_skip_dag
[2024-07-09T13:26:11.415+0000] {logging_mixin.py:188} INFO - [2024-07-09T13:26:11.414+0000] {dag.py:3834} INFO - Setting next_dagrun for example_skip_dag to 2024-07-08 00:00:00+00:00, run_after=2024-07-09 00:00:00+00:00
[2024-07-09T13:26:11.429+0000] {processor.py:183} INFO - Processing /home/airflow/.local/lib/python3.11/site-packages/airflow/example_dags/example_skip_dag.py took 0.145 seconds
[2024-07-09T13:26:41.717+0000] {processor.py:161} INFO - Started process (PID=635) to work on /home/airflow/.local/lib/python3.11/site-packages/airflow/example_dags/example_skip_dag.py
[2024-07-09T13:26:41.718+0000] {processor.py:830} INFO - Processing file /home/airflow/.local/lib/python3.11/site-packages/airflow/example_dags/example_skip_dag.py for tasks to queue
[2024-07-09T13:26:41.718+0000] {logging_mixin.py:188} INFO - [2024-07-09T13:26:41.718+0000] {dagbag.py:540} INFO - Filling up the DagBag from /home/airflow/.local/lib/python3.11/site-packages/airflow/example_dags/example_skip_dag.py
[2024-07-09T13:26:41.724+0000] {processor.py:840} INFO - DAG(s) 'example_skip_dag' retrieved from /home/airflow/.local/lib/python3.11/site-packages/airflow/example_dags/example_skip_dag.py
[2024-07-09T13:26:41.745+0000] {logging_mixin.py:188} INFO - [2024-07-09T13:26:41.745+0000] {dag.py:3047} INFO - Sync 1 DAGs
[2024-07-09T13:26:41.762+0000] {logging_mixin.py:188} INFO - [2024-07-09T13:26:41.762+0000] {dag.py:3834} INFO - Setting next_dagrun for example_skip_dag to 2024-07-08 00:00:00+00:00, run_after=2024-07-09 00:00:00+00:00
[2024-07-09T13:26:41.778+0000] {processor.py:183} INFO - Processing /home/airflow/.local/lib/python3.11/site-packages/airflow/example_dags/example_skip_dag.py took 0.064 seconds
[2024-07-09T13:27:12.167+0000] {processor.py:161} INFO - Started process (PID=905) to work on /home/airflow/.local/lib/python3.11/site-packages/airflow/example_dags/example_skip_dag.py
[2024-07-09T13:27:12.169+0000] {processor.py:830} INFO - Processing file /home/airflow/.local/lib/python3.11/site-packages/airflow/example_dags/example_skip_dag.py for tasks to queue
[2024-07-09T13:27:12.169+0000] {logging_mixin.py:188} INFO - [2024-07-09T13:27:12.169+0000] {dagbag.py:540} INFO - Filling up the DagBag from /home/airflow/.local/lib/python3.11/site-packages/airflow/example_dags/example_skip_dag.py
[2024-07-09T13:27:12.175+0000] {processor.py:840} INFO - DAG(s) 'example_skip_dag' retrieved from /home/airflow/.local/lib/python3.11/site-packages/airflow/example_dags/example_skip_dag.py
[2024-07-09T13:27:12.200+0000] {logging_mixin.py:188} INFO - [2024-07-09T13:27:12.200+0000] {dag.py:3047} INFO - Sync 1 DAGs
[2024-07-09T13:27:12.223+0000] {logging_mixin.py:188} INFO - [2024-07-09T13:27:12.223+0000] {dag.py:3834} INFO - Setting next_dagrun for example_skip_dag to 2024-07-08 00:00:00+00:00, run_after=2024-07-09 00:00:00+00:00
[2024-07-09T13:27:12.240+0000] {processor.py:183} INFO - Processing /home/airflow/.local/lib/python3.11/site-packages/airflow/example_dags/example_skip_dag.py took 0.076 seconds
[2024-07-09T13:27:43.095+0000] {processor.py:161} INFO - Started process (PID=1175) to work on /home/airflow/.local/lib/python3.11/site-packages/airflow/example_dags/example_skip_dag.py
[2024-07-09T13:27:43.097+0000] {processor.py:830} INFO - Processing file /home/airflow/.local/lib/python3.11/site-packages/airflow/example_dags/example_skip_dag.py for tasks to queue
[2024-07-09T13:27:43.097+0000] {logging_mixin.py:188} INFO - [2024-07-09T13:27:43.097+0000] {dagbag.py:540} INFO - Filling up the DagBag from /home/airflow/.local/lib/python3.11/site-packages/airflow/example_dags/example_skip_dag.py
[2024-07-09T13:27:43.103+0000] {processor.py:840} INFO - DAG(s) 'example_skip_dag' retrieved from /home/airflow/.local/lib/python3.11/site-packages/airflow/example_dags/example_skip_dag.py
[2024-07-09T13:27:43.124+0000] {logging_mixin.py:188} INFO - [2024-07-09T13:27:43.124+0000] {dag.py:3047} INFO - Sync 1 DAGs
[2024-07-09T13:27:43.142+0000] {logging_mixin.py:188} INFO - [2024-07-09T13:27:43.141+0000] {dag.py:3834} INFO - Setting next_dagrun for example_skip_dag to 2024-07-08 00:00:00+00:00, run_after=2024-07-09 00:00:00+00:00
[2024-07-09T13:27:43.157+0000] {processor.py:183} INFO - Processing /home/airflow/.local/lib/python3.11/site-packages/airflow/example_dags/example_skip_dag.py took 0.064 seconds
[2024-07-09T13:28:13.866+0000] {processor.py:161} INFO - Started process (PID=1445) to work on /home/airflow/.local/lib/python3.11/site-packages/airflow/example_dags/example_skip_dag.py
[2024-07-09T13:28:13.867+0000] {processor.py:830} INFO - Processing file /home/airflow/.local/lib/python3.11/site-packages/airflow/example_dags/example_skip_dag.py for tasks to queue
[2024-07-09T13:28:13.867+0000] {logging_mixin.py:188} INFO - [2024-07-09T13:28:13.867+0000] {dagbag.py:540} INFO - Filling up the DagBag from /home/airflow/.local/lib/python3.11/site-packages/airflow/example_dags/example_skip_dag.py
[2024-07-09T13:28:13.873+0000] {processor.py:840} INFO - DAG(s) 'example_skip_dag' retrieved from /home/airflow/.local/lib/python3.11/site-packages/airflow/example_dags/example_skip_dag.py
[2024-07-09T13:28:13.894+0000] {logging_mixin.py:188} INFO - [2024-07-09T13:28:13.894+0000] {dag.py:3047} INFO - Sync 1 DAGs
[2024-07-09T13:28:13.912+0000] {logging_mixin.py:188} INFO - [2024-07-09T13:28:13.912+0000] {dag.py:3834} INFO - Setting next_dagrun for example_skip_dag to 2024-07-08 00:00:00+00:00, run_after=2024-07-09 00:00:00+00:00
[2024-07-09T13:28:13.928+0000] {processor.py:183} INFO - Processing /home/airflow/.local/lib/python3.11/site-packages/airflow/example_dags/example_skip_dag.py took 0.065 seconds
[2024-07-09T13:28:44.355+0000] {processor.py:161} INFO - Started process (PID=1715) to work on /home/airflow/.local/lib/python3.11/site-packages/airflow/example_dags/example_skip_dag.py
[2024-07-09T13:28:44.356+0000] {processor.py:830} INFO - Processing file /home/airflow/.local/lib/python3.11/site-packages/airflow/example_dags/example_skip_dag.py for tasks to queue
[2024-07-09T13:28:44.356+0000] {logging_mixin.py:188} INFO - [2024-07-09T13:28:44.356+0000] {dagbag.py:540} INFO - Filling up the DagBag from /home/airflow/.local/lib/python3.11/site-packages/airflow/example_dags/example_skip_dag.py
[2024-07-09T13:28:44.362+0000] {processor.py:840} INFO - DAG(s) 'example_skip_dag' retrieved from /home/airflow/.local/lib/python3.11/site-packages/airflow/example_dags/example_skip_dag.py
[2024-07-09T13:28:44.383+0000] {logging_mixin.py:188} INFO - [2024-07-09T13:28:44.383+0000] {dag.py:3047} INFO - Sync 1 DAGs
[2024-07-09T13:28:44.402+0000] {logging_mixin.py:188} INFO - [2024-07-09T13:28:44.402+0000] {dag.py:3834} INFO - Setting next_dagrun for example_skip_dag to 2024-07-08 00:00:00+00:00, run_after=2024-07-09 00:00:00+00:00
[2024-07-09T13:28:44.417+0000] {processor.py:183} INFO - Processing /home/airflow/.local/lib/python3.11/site-packages/airflow/example_dags/example_skip_dag.py took 0.065 seconds
[2024-07-09T13:29:14.701+0000] {processor.py:161} INFO - Started process (PID=1985) to work on /home/airflow/.local/lib/python3.11/site-packages/airflow/example_dags/example_skip_dag.py
[2024-07-09T13:29:14.702+0000] {processor.py:830} INFO - Processing file /home/airflow/.local/lib/python3.11/site-packages/airflow/example_dags/example_skip_dag.py for tasks to queue
[2024-07-09T13:29:14.702+0000] {logging_mixin.py:188} INFO - [2024-07-09T13:29:14.702+0000] {dagbag.py:540} INFO - Filling up the DagBag from /home/airflow/.local/lib/python3.11/site-packages/airflow/example_dags/example_skip_dag.py
[2024-07-09T13:29:14.708+0000] {processor.py:840} INFO - DAG(s) 'example_skip_dag' retrieved from /home/airflow/.local/lib/python3.11/site-packages/airflow/example_dags/example_skip_dag.py
[2024-07-09T13:29:14.728+0000] {logging_mixin.py:188} INFO - [2024-07-09T13:29:14.728+0000] {dag.py:3047} INFO - Sync 1 DAGs
[2024-07-09T13:29:14.747+0000] {logging_mixin.py:188} INFO - [2024-07-09T13:29:14.746+0000] {dag.py:3834} INFO - Setting next_dagrun for example_skip_dag to 2024-07-08 00:00:00+00:00, run_after=2024-07-09 00:00:00+00:00
[2024-07-09T13:29:14.762+0000] {processor.py:183} INFO - Processing /home/airflow/.local/lib/python3.11/site-packages/airflow/example_dags/example_skip_dag.py took 0.064 seconds
[2024-07-09T13:29:45.098+0000] {processor.py:161} INFO - Started process (PID=2255) to work on /home/airflow/.local/lib/python3.11/site-packages/airflow/example_dags/example_skip_dag.py
[2024-07-09T13:29:45.099+0000] {processor.py:830} INFO - Processing file /home/airflow/.local/lib/python3.11/site-packages/airflow/example_dags/example_skip_dag.py for tasks to queue
[2024-07-09T13:29:45.099+0000] {logging_mixin.py:188} INFO - [2024-07-09T13:29:45.099+0000] {dagbag.py:540} INFO - Filling up the DagBag from /home/airflow/.local/lib/python3.11/site-packages/airflow/example_dags/example_skip_dag.py
[2024-07-09T13:29:45.105+0000] {processor.py:840} INFO - DAG(s) 'example_skip_dag' retrieved from /home/airflow/.local/lib/python3.11/site-packages/airflow/example_dags/example_skip_dag.py
[2024-07-09T13:29:45.127+0000] {logging_mixin.py:188} INFO - [2024-07-09T13:29:45.127+0000] {dag.py:3047} INFO - Sync 1 DAGs
[2024-07-09T13:29:45.146+0000] {logging_mixin.py:188} INFO - [2024-07-09T13:29:45.146+0000] {dag.py:3834} INFO - Setting next_dagrun for example_skip_dag to 2024-07-08 00:00:00+00:00, run_after=2024-07-09 00:00:00+00:00
[2024-07-09T13:29:45.163+0000] {processor.py:183} INFO - Processing /home/airflow/.local/lib/python3.11/site-packages/airflow/example_dags/example_skip_dag.py took 0.068 seconds
[2024-07-09T13:31:39.536+0000] {processor.py:161} INFO - Started process (PID=364) to work on /home/airflow/.local/lib/python3.11/site-packages/airflow/example_dags/example_skip_dag.py
[2024-07-09T13:31:39.537+0000] {processor.py:830} INFO - Processing file /home/airflow/.local/lib/python3.11/site-packages/airflow/example_dags/example_skip_dag.py for tasks to queue
[2024-07-09T13:31:39.538+0000] {logging_mixin.py:188} INFO - [2024-07-09T13:31:39.537+0000] {dagbag.py:540} INFO - Filling up the DagBag from /home/airflow/.local/lib/python3.11/site-packages/airflow/example_dags/example_skip_dag.py
[2024-07-09T13:31:39.544+0000] {processor.py:840} INFO - DAG(s) 'example_skip_dag' retrieved from /home/airflow/.local/lib/python3.11/site-packages/airflow/example_dags/example_skip_dag.py
[2024-07-09T13:31:39.629+0000] {logging_mixin.py:188} INFO - [2024-07-09T13:31:39.628+0000] {override.py:1769} INFO - Created Permission View: can edit on DAG:example_skip_dag
[2024-07-09T13:31:39.637+0000] {logging_mixin.py:188} INFO - [2024-07-09T13:31:39.637+0000] {override.py:1769} INFO - Created Permission View: can delete on DAG:example_skip_dag
[2024-07-09T13:31:39.644+0000] {logging_mixin.py:188} INFO - [2024-07-09T13:31:39.644+0000] {override.py:1769} INFO - Created Permission View: can read on DAG:example_skip_dag
[2024-07-09T13:31:39.645+0000] {logging_mixin.py:188} INFO - [2024-07-09T13:31:39.645+0000] {dag.py:3047} INFO - Sync 1 DAGs
[2024-07-09T13:31:39.655+0000] {logging_mixin.py:188} INFO - [2024-07-09T13:31:39.654+0000] {dag.py:3069} INFO - Creating ORM DAG for example_skip_dag
[2024-07-09T13:31:39.664+0000] {logging_mixin.py:188} INFO - [2024-07-09T13:31:39.664+0000] {dag.py:3834} INFO - Setting next_dagrun for example_skip_dag to 2024-07-08 00:00:00+00:00, run_after=2024-07-09 00:00:00+00:00
[2024-07-09T13:31:39.678+0000] {processor.py:183} INFO - Processing /home/airflow/.local/lib/python3.11/site-packages/airflow/example_dags/example_skip_dag.py took 0.145 seconds
[2024-07-09T13:32:10.383+0000] {processor.py:161} INFO - Started process (PID=634) to work on /home/airflow/.local/lib/python3.11/site-packages/airflow/example_dags/example_skip_dag.py
[2024-07-09T13:32:10.385+0000] {processor.py:830} INFO - Processing file /home/airflow/.local/lib/python3.11/site-packages/airflow/example_dags/example_skip_dag.py for tasks to queue
[2024-07-09T13:32:10.385+0000] {logging_mixin.py:188} INFO - [2024-07-09T13:32:10.385+0000] {dagbag.py:540} INFO - Filling up the DagBag from /home/airflow/.local/lib/python3.11/site-packages/airflow/example_dags/example_skip_dag.py
[2024-07-09T13:32:10.393+0000] {processor.py:840} INFO - DAG(s) 'example_skip_dag' retrieved from /home/airflow/.local/lib/python3.11/site-packages/airflow/example_dags/example_skip_dag.py
[2024-07-09T13:32:10.418+0000] {logging_mixin.py:188} INFO - [2024-07-09T13:32:10.418+0000] {dag.py:3047} INFO - Sync 1 DAGs
[2024-07-09T13:32:10.438+0000] {logging_mixin.py:188} INFO - [2024-07-09T13:32:10.438+0000] {dag.py:3834} INFO - Setting next_dagrun for example_skip_dag to 2024-07-08 00:00:00+00:00, run_after=2024-07-09 00:00:00+00:00
[2024-07-09T13:32:10.457+0000] {processor.py:183} INFO - Processing /home/airflow/.local/lib/python3.11/site-packages/airflow/example_dags/example_skip_dag.py took 0.080 seconds
[2024-07-09T13:32:40.751+0000] {processor.py:161} INFO - Started process (PID=904) to work on /home/airflow/.local/lib/python3.11/site-packages/airflow/example_dags/example_skip_dag.py
[2024-07-09T13:32:40.752+0000] {processor.py:830} INFO - Processing file /home/airflow/.local/lib/python3.11/site-packages/airflow/example_dags/example_skip_dag.py for tasks to queue
[2024-07-09T13:32:40.753+0000] {logging_mixin.py:188} INFO - [2024-07-09T13:32:40.752+0000] {dagbag.py:540} INFO - Filling up the DagBag from /home/airflow/.local/lib/python3.11/site-packages/airflow/example_dags/example_skip_dag.py
[2024-07-09T13:32:40.760+0000] {processor.py:840} INFO - DAG(s) 'example_skip_dag' retrieved from /home/airflow/.local/lib/python3.11/site-packages/airflow/example_dags/example_skip_dag.py
[2024-07-09T13:32:40.783+0000] {logging_mixin.py:188} INFO - [2024-07-09T13:32:40.783+0000] {dag.py:3047} INFO - Sync 1 DAGs
[2024-07-09T13:32:40.802+0000] {logging_mixin.py:188} INFO - [2024-07-09T13:32:40.802+0000] {dag.py:3834} INFO - Setting next_dagrun for example_skip_dag to 2024-07-08 00:00:00+00:00, run_after=2024-07-09 00:00:00+00:00
[2024-07-09T13:32:40.820+0000] {processor.py:183} INFO - Processing /home/airflow/.local/lib/python3.11/site-packages/airflow/example_dags/example_skip_dag.py took 0.071 seconds
[2024-07-09T13:33:11.648+0000] {processor.py:161} INFO - Started process (PID=1174) to work on /home/airflow/.local/lib/python3.11/site-packages/airflow/example_dags/example_skip_dag.py
[2024-07-09T13:33:11.649+0000] {processor.py:830} INFO - Processing file /home/airflow/.local/lib/python3.11/site-packages/airflow/example_dags/example_skip_dag.py for tasks to queue
[2024-07-09T13:33:11.649+0000] {logging_mixin.py:188} INFO - [2024-07-09T13:33:11.649+0000] {dagbag.py:540} INFO - Filling up the DagBag from /home/airflow/.local/lib/python3.11/site-packages/airflow/example_dags/example_skip_dag.py
[2024-07-09T13:33:11.655+0000] {processor.py:840} INFO - DAG(s) 'example_skip_dag' retrieved from /home/airflow/.local/lib/python3.11/site-packages/airflow/example_dags/example_skip_dag.py
[2024-07-09T13:33:11.677+0000] {logging_mixin.py:188} INFO - [2024-07-09T13:33:11.676+0000] {dag.py:3047} INFO - Sync 1 DAGs
[2024-07-09T13:33:11.694+0000] {logging_mixin.py:188} INFO - [2024-07-09T13:33:11.694+0000] {dag.py:3834} INFO - Setting next_dagrun for example_skip_dag to 2024-07-08 00:00:00+00:00, run_after=2024-07-09 00:00:00+00:00
[2024-07-09T13:33:11.709+0000] {processor.py:183} INFO - Processing /home/airflow/.local/lib/python3.11/site-packages/airflow/example_dags/example_skip_dag.py took 0.064 seconds
[2024-07-09T13:33:42.257+0000] {processor.py:161} INFO - Started process (PID=1444) to work on /home/airflow/.local/lib/python3.11/site-packages/airflow/example_dags/example_skip_dag.py
[2024-07-09T13:33:42.258+0000] {processor.py:830} INFO - Processing file /home/airflow/.local/lib/python3.11/site-packages/airflow/example_dags/example_skip_dag.py for tasks to queue
[2024-07-09T13:33:42.259+0000] {logging_mixin.py:188} INFO - [2024-07-09T13:33:42.258+0000] {dagbag.py:540} INFO - Filling up the DagBag from /home/airflow/.local/lib/python3.11/site-packages/airflow/example_dags/example_skip_dag.py
[2024-07-09T13:33:42.264+0000] {processor.py:840} INFO - DAG(s) 'example_skip_dag' retrieved from /home/airflow/.local/lib/python3.11/site-packages/airflow/example_dags/example_skip_dag.py
[2024-07-09T13:33:42.286+0000] {logging_mixin.py:188} INFO - [2024-07-09T13:33:42.286+0000] {dag.py:3047} INFO - Sync 1 DAGs
[2024-07-09T13:33:42.305+0000] {logging_mixin.py:188} INFO - [2024-07-09T13:33:42.304+0000] {dag.py:3834} INFO - Setting next_dagrun for example_skip_dag to 2024-07-08 00:00:00+00:00, run_after=2024-07-09 00:00:00+00:00
[2024-07-09T13:33:42.321+0000] {processor.py:183} INFO - Processing /home/airflow/.local/lib/python3.11/site-packages/airflow/example_dags/example_skip_dag.py took 0.067 seconds
[2024-07-09T13:34:12.673+0000] {processor.py:161} INFO - Started process (PID=1714) to work on /home/airflow/.local/lib/python3.11/site-packages/airflow/example_dags/example_skip_dag.py
[2024-07-09T13:34:12.674+0000] {processor.py:830} INFO - Processing file /home/airflow/.local/lib/python3.11/site-packages/airflow/example_dags/example_skip_dag.py for tasks to queue
[2024-07-09T13:34:12.675+0000] {logging_mixin.py:188} INFO - [2024-07-09T13:34:12.674+0000] {dagbag.py:540} INFO - Filling up the DagBag from /home/airflow/.local/lib/python3.11/site-packages/airflow/example_dags/example_skip_dag.py
[2024-07-09T13:34:12.681+0000] {processor.py:840} INFO - DAG(s) 'example_skip_dag' retrieved from /home/airflow/.local/lib/python3.11/site-packages/airflow/example_dags/example_skip_dag.py
[2024-07-09T13:34:12.702+0000] {logging_mixin.py:188} INFO - [2024-07-09T13:34:12.702+0000] {dag.py:3047} INFO - Sync 1 DAGs
[2024-07-09T13:34:12.721+0000] {logging_mixin.py:188} INFO - [2024-07-09T13:34:12.721+0000] {dag.py:3834} INFO - Setting next_dagrun for example_skip_dag to 2024-07-08 00:00:00+00:00, run_after=2024-07-09 00:00:00+00:00
[2024-07-09T13:34:12.736+0000] {processor.py:183} INFO - Processing /home/airflow/.local/lib/python3.11/site-packages/airflow/example_dags/example_skip_dag.py took 0.066 seconds
[2024-07-09T13:34:42.871+0000] {processor.py:161} INFO - Started process (PID=1984) to work on /home/airflow/.local/lib/python3.11/site-packages/airflow/example_dags/example_skip_dag.py
[2024-07-09T13:34:42.872+0000] {processor.py:830} INFO - Processing file /home/airflow/.local/lib/python3.11/site-packages/airflow/example_dags/example_skip_dag.py for tasks to queue
[2024-07-09T13:34:42.873+0000] {logging_mixin.py:188} INFO - [2024-07-09T13:34:42.872+0000] {dagbag.py:540} INFO - Filling up the DagBag from /home/airflow/.local/lib/python3.11/site-packages/airflow/example_dags/example_skip_dag.py
[2024-07-09T13:34:42.878+0000] {processor.py:840} INFO - DAG(s) 'example_skip_dag' retrieved from /home/airflow/.local/lib/python3.11/site-packages/airflow/example_dags/example_skip_dag.py
[2024-07-09T13:34:42.900+0000] {logging_mixin.py:188} INFO - [2024-07-09T13:34:42.900+0000] {dag.py:3047} INFO - Sync 1 DAGs
[2024-07-09T13:34:42.919+0000] {logging_mixin.py:188} INFO - [2024-07-09T13:34:42.918+0000] {dag.py:3834} INFO - Setting next_dagrun for example_skip_dag to 2024-07-08 00:00:00+00:00, run_after=2024-07-09 00:00:00+00:00
[2024-07-09T13:34:42.935+0000] {processor.py:183} INFO - Processing /home/airflow/.local/lib/python3.11/site-packages/airflow/example_dags/example_skip_dag.py took 0.067 seconds
[2024-07-09T13:35:13.189+0000] {processor.py:161} INFO - Started process (PID=2254) to work on /home/airflow/.local/lib/python3.11/site-packages/airflow/example_dags/example_skip_dag.py
[2024-07-09T13:35:13.190+0000] {processor.py:830} INFO - Processing file /home/airflow/.local/lib/python3.11/site-packages/airflow/example_dags/example_skip_dag.py for tasks to queue
[2024-07-09T13:35:13.191+0000] {logging_mixin.py:188} INFO - [2024-07-09T13:35:13.190+0000] {dagbag.py:540} INFO - Filling up the DagBag from /home/airflow/.local/lib/python3.11/site-packages/airflow/example_dags/example_skip_dag.py
[2024-07-09T13:35:13.196+0000] {processor.py:840} INFO - DAG(s) 'example_skip_dag' retrieved from /home/airflow/.local/lib/python3.11/site-packages/airflow/example_dags/example_skip_dag.py
[2024-07-09T13:35:13.217+0000] {logging_mixin.py:188} INFO - [2024-07-09T13:35:13.217+0000] {dag.py:3047} INFO - Sync 1 DAGs
[2024-07-09T13:35:13.235+0000] {logging_mixin.py:188} INFO - [2024-07-09T13:35:13.235+0000] {dag.py:3834} INFO - Setting next_dagrun for example_skip_dag to 2024-07-08 00:00:00+00:00, run_after=2024-07-09 00:00:00+00:00
[2024-07-09T13:35:13.250+0000] {processor.py:183} INFO - Processing /home/airflow/.local/lib/python3.11/site-packages/airflow/example_dags/example_skip_dag.py took 0.064 seconds
[2024-07-09T13:35:43.569+0000] {processor.py:161} INFO - Started process (PID=2524) to work on /home/airflow/.local/lib/python3.11/site-packages/airflow/example_dags/example_skip_dag.py
[2024-07-09T13:35:43.570+0000] {processor.py:830} INFO - Processing file /home/airflow/.local/lib/python3.11/site-packages/airflow/example_dags/example_skip_dag.py for tasks to queue
[2024-07-09T13:35:43.571+0000] {logging_mixin.py:188} INFO - [2024-07-09T13:35:43.571+0000] {dagbag.py:540} INFO - Filling up the DagBag from /home/airflow/.local/lib/python3.11/site-packages/airflow/example_dags/example_skip_dag.py
[2024-07-09T13:35:43.576+0000] {processor.py:840} INFO - DAG(s) 'example_skip_dag' retrieved from /home/airflow/.local/lib/python3.11/site-packages/airflow/example_dags/example_skip_dag.py
[2024-07-09T13:35:43.598+0000] {logging_mixin.py:188} INFO - [2024-07-09T13:35:43.598+0000] {dag.py:3047} INFO - Sync 1 DAGs
[2024-07-09T13:35:43.615+0000] {logging_mixin.py:188} INFO - [2024-07-09T13:35:43.615+0000] {dag.py:3834} INFO - Setting next_dagrun for example_skip_dag to 2024-07-08 00:00:00+00:00, run_after=2024-07-09 00:00:00+00:00
[2024-07-09T13:35:43.631+0000] {processor.py:183} INFO - Processing /home/airflow/.local/lib/python3.11/site-packages/airflow/example_dags/example_skip_dag.py took 0.065 seconds
[2024-07-09T13:36:14.049+0000] {processor.py:161} INFO - Started process (PID=2794) to work on /home/airflow/.local/lib/python3.11/site-packages/airflow/example_dags/example_skip_dag.py
[2024-07-09T13:36:14.050+0000] {processor.py:830} INFO - Processing file /home/airflow/.local/lib/python3.11/site-packages/airflow/example_dags/example_skip_dag.py for tasks to queue
[2024-07-09T13:36:14.051+0000] {logging_mixin.py:188} INFO - [2024-07-09T13:36:14.050+0000] {dagbag.py:540} INFO - Filling up the DagBag from /home/airflow/.local/lib/python3.11/site-packages/airflow/example_dags/example_skip_dag.py
[2024-07-09T13:36:14.056+0000] {processor.py:840} INFO - DAG(s) 'example_skip_dag' retrieved from /home/airflow/.local/lib/python3.11/site-packages/airflow/example_dags/example_skip_dag.py
[2024-07-09T13:36:14.078+0000] {logging_mixin.py:188} INFO - [2024-07-09T13:36:14.078+0000] {dag.py:3047} INFO - Sync 1 DAGs
[2024-07-09T13:36:14.097+0000] {logging_mixin.py:188} INFO - [2024-07-09T13:36:14.097+0000] {dag.py:3834} INFO - Setting next_dagrun for example_skip_dag to 2024-07-08 00:00:00+00:00, run_after=2024-07-09 00:00:00+00:00
[2024-07-09T13:36:14.114+0000] {processor.py:183} INFO - Processing /home/airflow/.local/lib/python3.11/site-packages/airflow/example_dags/example_skip_dag.py took 0.067 seconds
[2024-07-09T13:36:44.329+0000] {processor.py:161} INFO - Started process (PID=3064) to work on /home/airflow/.local/lib/python3.11/site-packages/airflow/example_dags/example_skip_dag.py
[2024-07-09T13:36:44.330+0000] {processor.py:830} INFO - Processing file /home/airflow/.local/lib/python3.11/site-packages/airflow/example_dags/example_skip_dag.py for tasks to queue
[2024-07-09T13:36:44.331+0000] {logging_mixin.py:188} INFO - [2024-07-09T13:36:44.330+0000] {dagbag.py:540} INFO - Filling up the DagBag from /home/airflow/.local/lib/python3.11/site-packages/airflow/example_dags/example_skip_dag.py
[2024-07-09T13:36:44.336+0000] {processor.py:840} INFO - DAG(s) 'example_skip_dag' retrieved from /home/airflow/.local/lib/python3.11/site-packages/airflow/example_dags/example_skip_dag.py
[2024-07-09T13:36:44.358+0000] {logging_mixin.py:188} INFO - [2024-07-09T13:36:44.357+0000] {dag.py:3047} INFO - Sync 1 DAGs
[2024-07-09T13:36:44.375+0000] {logging_mixin.py:188} INFO - [2024-07-09T13:36:44.375+0000] {dag.py:3834} INFO - Setting next_dagrun for example_skip_dag to 2024-07-08 00:00:00+00:00, run_after=2024-07-09 00:00:00+00:00
[2024-07-09T13:36:44.391+0000] {processor.py:183} INFO - Processing /home/airflow/.local/lib/python3.11/site-packages/airflow/example_dags/example_skip_dag.py took 0.065 seconds
[2024-07-09T13:37:14.985+0000] {processor.py:161} INFO - Started process (PID=3334) to work on /home/airflow/.local/lib/python3.11/site-packages/airflow/example_dags/example_skip_dag.py
[2024-07-09T13:37:14.987+0000] {processor.py:830} INFO - Processing file /home/airflow/.local/lib/python3.11/site-packages/airflow/example_dags/example_skip_dag.py for tasks to queue
[2024-07-09T13:37:14.988+0000] {logging_mixin.py:188} INFO - [2024-07-09T13:37:14.987+0000] {dagbag.py:540} INFO - Filling up the DagBag from /home/airflow/.local/lib/python3.11/site-packages/airflow/example_dags/example_skip_dag.py
[2024-07-09T13:37:14.995+0000] {processor.py:840} INFO - DAG(s) 'example_skip_dag' retrieved from /home/airflow/.local/lib/python3.11/site-packages/airflow/example_dags/example_skip_dag.py
[2024-07-09T13:37:15.019+0000] {logging_mixin.py:188} INFO - [2024-07-09T13:37:15.018+0000] {dag.py:3047} INFO - Sync 1 DAGs
[2024-07-09T13:37:15.041+0000] {logging_mixin.py:188} INFO - [2024-07-09T13:37:15.041+0000] {dag.py:3834} INFO - Setting next_dagrun for example_skip_dag to 2024-07-08 00:00:00+00:00, run_after=2024-07-09 00:00:00+00:00
[2024-07-09T13:37:15.056+0000] {processor.py:183} INFO - Processing /home/airflow/.local/lib/python3.11/site-packages/airflow/example_dags/example_skip_dag.py took 0.074 seconds
[2024-07-09T13:46:12.680+0000] {processor.py:161} INFO - Started process (PID=364) to work on /home/airflow/.local/lib/python3.11/site-packages/airflow/example_dags/example_skip_dag.py
[2024-07-09T13:46:12.681+0000] {processor.py:830} INFO - Processing file /home/airflow/.local/lib/python3.11/site-packages/airflow/example_dags/example_skip_dag.py for tasks to queue
[2024-07-09T13:46:12.682+0000] {logging_mixin.py:188} INFO - [2024-07-09T13:46:12.682+0000] {dagbag.py:540} INFO - Filling up the DagBag from /home/airflow/.local/lib/python3.11/site-packages/airflow/example_dags/example_skip_dag.py
[2024-07-09T13:46:12.688+0000] {processor.py:840} INFO - DAG(s) 'example_skip_dag' retrieved from /home/airflow/.local/lib/python3.11/site-packages/airflow/example_dags/example_skip_dag.py
[2024-07-09T13:46:12.776+0000] {logging_mixin.py:188} INFO - [2024-07-09T13:46:12.776+0000] {override.py:1769} INFO - Created Permission View: can delete on DAG:example_skip_dag
[2024-07-09T13:46:12.785+0000] {logging_mixin.py:188} INFO - [2024-07-09T13:46:12.784+0000] {override.py:1769} INFO - Created Permission View: can read on DAG:example_skip_dag
[2024-07-09T13:46:12.792+0000] {logging_mixin.py:188} INFO - [2024-07-09T13:46:12.791+0000] {override.py:1769} INFO - Created Permission View: can edit on DAG:example_skip_dag
[2024-07-09T13:46:12.792+0000] {logging_mixin.py:188} INFO - [2024-07-09T13:46:12.792+0000] {dag.py:3047} INFO - Sync 1 DAGs
[2024-07-09T13:46:12.802+0000] {logging_mixin.py:188} INFO - [2024-07-09T13:46:12.802+0000] {dag.py:3069} INFO - Creating ORM DAG for example_skip_dag
[2024-07-09T13:46:12.810+0000] {logging_mixin.py:188} INFO - [2024-07-09T13:46:12.810+0000] {dag.py:3834} INFO - Setting next_dagrun for example_skip_dag to 2024-07-08 00:00:00+00:00, run_after=2024-07-09 00:00:00+00:00
[2024-07-09T13:46:12.826+0000] {processor.py:183} INFO - Processing /home/airflow/.local/lib/python3.11/site-packages/airflow/example_dags/example_skip_dag.py took 0.148 seconds
[2024-07-09T13:46:43.060+0000] {processor.py:161} INFO - Started process (PID=634) to work on /home/airflow/.local/lib/python3.11/site-packages/airflow/example_dags/example_skip_dag.py
[2024-07-09T13:46:43.061+0000] {processor.py:830} INFO - Processing file /home/airflow/.local/lib/python3.11/site-packages/airflow/example_dags/example_skip_dag.py for tasks to queue
[2024-07-09T13:46:43.061+0000] {logging_mixin.py:188} INFO - [2024-07-09T13:46:43.061+0000] {dagbag.py:540} INFO - Filling up the DagBag from /home/airflow/.local/lib/python3.11/site-packages/airflow/example_dags/example_skip_dag.py
[2024-07-09T13:46:43.067+0000] {processor.py:840} INFO - DAG(s) 'example_skip_dag' retrieved from /home/airflow/.local/lib/python3.11/site-packages/airflow/example_dags/example_skip_dag.py
[2024-07-09T13:46:43.087+0000] {logging_mixin.py:188} INFO - [2024-07-09T13:46:43.087+0000] {dag.py:3047} INFO - Sync 1 DAGs
[2024-07-09T13:46:43.105+0000] {logging_mixin.py:188} INFO - [2024-07-09T13:46:43.105+0000] {dag.py:3834} INFO - Setting next_dagrun for example_skip_dag to 2024-07-08 00:00:00+00:00, run_after=2024-07-09 00:00:00+00:00
[2024-07-09T13:46:43.120+0000] {processor.py:183} INFO - Processing /home/airflow/.local/lib/python3.11/site-packages/airflow/example_dags/example_skip_dag.py took 0.063 seconds
[2024-07-09T13:47:13.892+0000] {processor.py:161} INFO - Started process (PID=904) to work on /home/airflow/.local/lib/python3.11/site-packages/airflow/example_dags/example_skip_dag.py
[2024-07-09T13:47:13.893+0000] {processor.py:830} INFO - Processing file /home/airflow/.local/lib/python3.11/site-packages/airflow/example_dags/example_skip_dag.py for tasks to queue
[2024-07-09T13:47:13.894+0000] {logging_mixin.py:188} INFO - [2024-07-09T13:47:13.893+0000] {dagbag.py:540} INFO - Filling up the DagBag from /home/airflow/.local/lib/python3.11/site-packages/airflow/example_dags/example_skip_dag.py
[2024-07-09T13:47:13.899+0000] {processor.py:840} INFO - DAG(s) 'example_skip_dag' retrieved from /home/airflow/.local/lib/python3.11/site-packages/airflow/example_dags/example_skip_dag.py
[2024-07-09T13:47:13.922+0000] {logging_mixin.py:188} INFO - [2024-07-09T13:47:13.922+0000] {dag.py:3047} INFO - Sync 1 DAGs
[2024-07-09T13:47:13.940+0000] {logging_mixin.py:188} INFO - [2024-07-09T13:47:13.940+0000] {dag.py:3834} INFO - Setting next_dagrun for example_skip_dag to 2024-07-08 00:00:00+00:00, run_after=2024-07-09 00:00:00+00:00
[2024-07-09T13:47:13.954+0000] {processor.py:183} INFO - Processing /home/airflow/.local/lib/python3.11/site-packages/airflow/example_dags/example_skip_dag.py took 0.065 seconds
[2024-07-09T13:47:45.228+0000] {processor.py:161} INFO - Started process (PID=1176) to work on /home/airflow/.local/lib/python3.11/site-packages/airflow/example_dags/example_skip_dag.py
[2024-07-09T13:47:45.229+0000] {processor.py:830} INFO - Processing file /home/airflow/.local/lib/python3.11/site-packages/airflow/example_dags/example_skip_dag.py for tasks to queue
[2024-07-09T13:47:45.230+0000] {logging_mixin.py:188} INFO - [2024-07-09T13:47:45.230+0000] {dagbag.py:540} INFO - Filling up the DagBag from /home/airflow/.local/lib/python3.11/site-packages/airflow/example_dags/example_skip_dag.py
[2024-07-09T13:47:45.237+0000] {processor.py:840} INFO - DAG(s) 'example_skip_dag' retrieved from /home/airflow/.local/lib/python3.11/site-packages/airflow/example_dags/example_skip_dag.py
[2024-07-09T13:47:45.397+0000] {logging_mixin.py:188} INFO - [2024-07-09T13:47:45.396+0000] {dag.py:3047} INFO - Sync 1 DAGs
[2024-07-09T13:47:45.417+0000] {logging_mixin.py:188} INFO - [2024-07-09T13:47:45.416+0000] {dag.py:3834} INFO - Setting next_dagrun for example_skip_dag to 2024-07-08 00:00:00+00:00, run_after=2024-07-09 00:00:00+00:00
[2024-07-09T13:47:45.439+0000] {processor.py:183} INFO - Processing /home/airflow/.local/lib/python3.11/site-packages/airflow/example_dags/example_skip_dag.py took 0.214 seconds
[2024-07-09T13:48:15.536+0000] {processor.py:161} INFO - Started process (PID=1444) to work on /home/airflow/.local/lib/python3.11/site-packages/airflow/example_dags/example_skip_dag.py
[2024-07-09T13:48:15.537+0000] {processor.py:830} INFO - Processing file /home/airflow/.local/lib/python3.11/site-packages/airflow/example_dags/example_skip_dag.py for tasks to queue
[2024-07-09T13:48:15.538+0000] {logging_mixin.py:188} INFO - [2024-07-09T13:48:15.538+0000] {dagbag.py:540} INFO - Filling up the DagBag from /home/airflow/.local/lib/python3.11/site-packages/airflow/example_dags/example_skip_dag.py
[2024-07-09T13:48:15.544+0000] {processor.py:840} INFO - DAG(s) 'example_skip_dag' retrieved from /home/airflow/.local/lib/python3.11/site-packages/airflow/example_dags/example_skip_dag.py
[2024-07-09T13:48:15.565+0000] {logging_mixin.py:188} INFO - [2024-07-09T13:48:15.565+0000] {dag.py:3047} INFO - Sync 1 DAGs
[2024-07-09T13:48:15.583+0000] {logging_mixin.py:188} INFO - [2024-07-09T13:48:15.582+0000] {dag.py:3834} INFO - Setting next_dagrun for example_skip_dag to 2024-07-08 00:00:00+00:00, run_after=2024-07-09 00:00:00+00:00
[2024-07-09T13:48:15.598+0000] {processor.py:183} INFO - Processing /home/airflow/.local/lib/python3.11/site-packages/airflow/example_dags/example_skip_dag.py took 0.064 seconds
[2024-07-09T13:48:45.864+0000] {processor.py:161} INFO - Started process (PID=1714) to work on /home/airflow/.local/lib/python3.11/site-packages/airflow/example_dags/example_skip_dag.py
[2024-07-09T13:48:45.865+0000] {processor.py:830} INFO - Processing file /home/airflow/.local/lib/python3.11/site-packages/airflow/example_dags/example_skip_dag.py for tasks to queue
[2024-07-09T13:48:45.866+0000] {logging_mixin.py:188} INFO - [2024-07-09T13:48:45.866+0000] {dagbag.py:540} INFO - Filling up the DagBag from /home/airflow/.local/lib/python3.11/site-packages/airflow/example_dags/example_skip_dag.py
[2024-07-09T13:48:45.871+0000] {processor.py:840} INFO - DAG(s) 'example_skip_dag' retrieved from /home/airflow/.local/lib/python3.11/site-packages/airflow/example_dags/example_skip_dag.py
[2024-07-09T13:48:45.893+0000] {logging_mixin.py:188} INFO - [2024-07-09T13:48:45.893+0000] {dag.py:3047} INFO - Sync 1 DAGs
[2024-07-09T13:48:45.911+0000] {logging_mixin.py:188} INFO - [2024-07-09T13:48:45.910+0000] {dag.py:3834} INFO - Setting next_dagrun for example_skip_dag to 2024-07-08 00:00:00+00:00, run_after=2024-07-09 00:00:00+00:00
[2024-07-09T13:48:45.925+0000] {processor.py:183} INFO - Processing /home/airflow/.local/lib/python3.11/site-packages/airflow/example_dags/example_skip_dag.py took 0.063 seconds
[2024-07-09T13:49:16.382+0000] {processor.py:161} INFO - Started process (PID=1984) to work on /home/airflow/.local/lib/python3.11/site-packages/airflow/example_dags/example_skip_dag.py
[2024-07-09T13:49:16.383+0000] {processor.py:830} INFO - Processing file /home/airflow/.local/lib/python3.11/site-packages/airflow/example_dags/example_skip_dag.py for tasks to queue
[2024-07-09T13:49:16.384+0000] {logging_mixin.py:188} INFO - [2024-07-09T13:49:16.383+0000] {dagbag.py:540} INFO - Filling up the DagBag from /home/airflow/.local/lib/python3.11/site-packages/airflow/example_dags/example_skip_dag.py
[2024-07-09T13:49:16.389+0000] {processor.py:840} INFO - DAG(s) 'example_skip_dag' retrieved from /home/airflow/.local/lib/python3.11/site-packages/airflow/example_dags/example_skip_dag.py
[2024-07-09T13:49:16.411+0000] {logging_mixin.py:188} INFO - [2024-07-09T13:49:16.411+0000] {dag.py:3047} INFO - Sync 1 DAGs
[2024-07-09T13:49:16.429+0000] {logging_mixin.py:188} INFO - [2024-07-09T13:49:16.429+0000] {dag.py:3834} INFO - Setting next_dagrun for example_skip_dag to 2024-07-08 00:00:00+00:00, run_after=2024-07-09 00:00:00+00:00
[2024-07-09T13:49:16.443+0000] {processor.py:183} INFO - Processing /home/airflow/.local/lib/python3.11/site-packages/airflow/example_dags/example_skip_dag.py took 0.064 seconds
[2024-07-09T13:49:47.450+0000] {processor.py:161} INFO - Started process (PID=2254) to work on /home/airflow/.local/lib/python3.11/site-packages/airflow/example_dags/example_skip_dag.py
[2024-07-09T13:49:47.452+0000] {processor.py:830} INFO - Processing file /home/airflow/.local/lib/python3.11/site-packages/airflow/example_dags/example_skip_dag.py for tasks to queue
[2024-07-09T13:49:47.453+0000] {logging_mixin.py:188} INFO - [2024-07-09T13:49:47.453+0000] {dagbag.py:540} INFO - Filling up the DagBag from /home/airflow/.local/lib/python3.11/site-packages/airflow/example_dags/example_skip_dag.py
[2024-07-09T13:49:47.459+0000] {processor.py:840} INFO - DAG(s) 'example_skip_dag' retrieved from /home/airflow/.local/lib/python3.11/site-packages/airflow/example_dags/example_skip_dag.py
[2024-07-09T13:49:47.481+0000] {logging_mixin.py:188} INFO - [2024-07-09T13:49:47.480+0000] {dag.py:3047} INFO - Sync 1 DAGs
[2024-07-09T13:49:47.502+0000] {logging_mixin.py:188} INFO - [2024-07-09T13:49:47.502+0000] {dag.py:3834} INFO - Setting next_dagrun for example_skip_dag to 2024-07-08 00:00:00+00:00, run_after=2024-07-09 00:00:00+00:00
[2024-07-09T13:49:47.519+0000] {processor.py:183} INFO - Processing /home/airflow/.local/lib/python3.11/site-packages/airflow/example_dags/example_skip_dag.py took 0.073 seconds
[2024-07-09T13:50:17.901+0000] {processor.py:161} INFO - Started process (PID=2524) to work on /home/airflow/.local/lib/python3.11/site-packages/airflow/example_dags/example_skip_dag.py
[2024-07-09T13:50:17.902+0000] {processor.py:830} INFO - Processing file /home/airflow/.local/lib/python3.11/site-packages/airflow/example_dags/example_skip_dag.py for tasks to queue
[2024-07-09T13:50:17.903+0000] {logging_mixin.py:188} INFO - [2024-07-09T13:50:17.902+0000] {dagbag.py:540} INFO - Filling up the DagBag from /home/airflow/.local/lib/python3.11/site-packages/airflow/example_dags/example_skip_dag.py
[2024-07-09T13:50:17.908+0000] {processor.py:840} INFO - DAG(s) 'example_skip_dag' retrieved from /home/airflow/.local/lib/python3.11/site-packages/airflow/example_dags/example_skip_dag.py
[2024-07-09T13:50:17.929+0000] {logging_mixin.py:188} INFO - [2024-07-09T13:50:17.929+0000] {dag.py:3047} INFO - Sync 1 DAGs
[2024-07-09T13:50:17.947+0000] {logging_mixin.py:188} INFO - [2024-07-09T13:50:17.947+0000] {dag.py:3834} INFO - Setting next_dagrun for example_skip_dag to 2024-07-08 00:00:00+00:00, run_after=2024-07-09 00:00:00+00:00
[2024-07-09T13:50:17.962+0000] {processor.py:183} INFO - Processing /home/airflow/.local/lib/python3.11/site-packages/airflow/example_dags/example_skip_dag.py took 0.064 seconds
[2024-07-09T13:50:48.334+0000] {processor.py:161} INFO - Started process (PID=2794) to work on /home/airflow/.local/lib/python3.11/site-packages/airflow/example_dags/example_skip_dag.py
[2024-07-09T13:50:48.335+0000] {processor.py:830} INFO - Processing file /home/airflow/.local/lib/python3.11/site-packages/airflow/example_dags/example_skip_dag.py for tasks to queue
[2024-07-09T13:50:48.335+0000] {logging_mixin.py:188} INFO - [2024-07-09T13:50:48.335+0000] {dagbag.py:540} INFO - Filling up the DagBag from /home/airflow/.local/lib/python3.11/site-packages/airflow/example_dags/example_skip_dag.py
[2024-07-09T13:50:48.341+0000] {processor.py:840} INFO - DAG(s) 'example_skip_dag' retrieved from /home/airflow/.local/lib/python3.11/site-packages/airflow/example_dags/example_skip_dag.py
[2024-07-09T13:50:48.364+0000] {logging_mixin.py:188} INFO - [2024-07-09T13:50:48.364+0000] {dag.py:3047} INFO - Sync 1 DAGs
[2024-07-09T13:50:48.383+0000] {logging_mixin.py:188} INFO - [2024-07-09T13:50:48.383+0000] {dag.py:3834} INFO - Setting next_dagrun for example_skip_dag to 2024-07-08 00:00:00+00:00, run_after=2024-07-09 00:00:00+00:00
[2024-07-09T13:50:48.403+0000] {processor.py:183} INFO - Processing /home/airflow/.local/lib/python3.11/site-packages/airflow/example_dags/example_skip_dag.py took 0.071 seconds
[2024-07-09T13:51:18.713+0000] {processor.py:161} INFO - Started process (PID=3064) to work on /home/airflow/.local/lib/python3.11/site-packages/airflow/example_dags/example_skip_dag.py
[2024-07-09T13:51:18.714+0000] {processor.py:830} INFO - Processing file /home/airflow/.local/lib/python3.11/site-packages/airflow/example_dags/example_skip_dag.py for tasks to queue
[2024-07-09T13:51:18.715+0000] {logging_mixin.py:188} INFO - [2024-07-09T13:51:18.715+0000] {dagbag.py:540} INFO - Filling up the DagBag from /home/airflow/.local/lib/python3.11/site-packages/airflow/example_dags/example_skip_dag.py
[2024-07-09T13:51:18.721+0000] {processor.py:840} INFO - DAG(s) 'example_skip_dag' retrieved from /home/airflow/.local/lib/python3.11/site-packages/airflow/example_dags/example_skip_dag.py
[2024-07-09T13:51:18.742+0000] {logging_mixin.py:188} INFO - [2024-07-09T13:51:18.742+0000] {dag.py:3047} INFO - Sync 1 DAGs
[2024-07-09T13:51:18.761+0000] {logging_mixin.py:188} INFO - [2024-07-09T13:51:18.760+0000] {dag.py:3834} INFO - Setting next_dagrun for example_skip_dag to 2024-07-08 00:00:00+00:00, run_after=2024-07-09 00:00:00+00:00
[2024-07-09T13:51:18.775+0000] {processor.py:183} INFO - Processing /home/airflow/.local/lib/python3.11/site-packages/airflow/example_dags/example_skip_dag.py took 0.065 seconds
