[2024-07-09T13:18:50.907+0000] {processor.py:161} INFO - Started process (PID=389) to work on /home/airflow/.local/lib/python3.11/site-packages/airflow/example_dags/example_short_circuit_decorator.py
[2024-07-09T13:18:50.907+0000] {processor.py:830} INFO - Processing file /home/airflow/.local/lib/python3.11/site-packages/airflow/example_dags/example_short_circuit_decorator.py for tasks to queue
[2024-07-09T13:18:50.908+0000] {logging_mixin.py:188} INFO - [2024-07-09T13:18:50.908+0000] {dagbag.py:540} INFO - Filling up the DagBag from /home/airflow/.local/lib/python3.11/site-packages/airflow/example_dags/example_short_circuit_decorator.py
[2024-07-09T13:18:50.916+0000] {processor.py:840} INFO - DAG(s) 'example_short_circuit_decorator' retrieved from /home/airflow/.local/lib/python3.11/site-packages/airflow/example_dags/example_short_circuit_decorator.py
[2024-07-09T13:18:51.004+0000] {logging_mixin.py:188} INFO - [2024-07-09T13:18:51.003+0000] {override.py:1769} INFO - Created Permission View: can delete on DAG:example_short_circuit_decorator
[2024-07-09T13:18:51.014+0000] {logging_mixin.py:188} INFO - [2024-07-09T13:18:51.013+0000] {override.py:1769} INFO - Created Permission View: can read on DAG:example_short_circuit_decorator
[2024-07-09T13:18:51.019+0000] {logging_mixin.py:188} INFO - [2024-07-09T13:18:51.019+0000] {override.py:1769} INFO - Created Permission View: can edit on DAG:example_short_circuit_decorator
[2024-07-09T13:18:51.020+0000] {logging_mixin.py:188} INFO - [2024-07-09T13:18:51.019+0000] {dag.py:3047} INFO - Sync 1 DAGs
[2024-07-09T13:18:51.030+0000] {logging_mixin.py:188} INFO - [2024-07-09T13:18:51.030+0000] {dag.py:3069} INFO - Creating ORM DAG for example_short_circuit_decorator
[2024-07-09T13:18:51.038+0000] {logging_mixin.py:188} INFO - [2024-07-09T13:18:51.037+0000] {dag.py:3834} INFO - Setting next_dagrun for example_short_circuit_decorator to 2024-07-08 00:00:00+00:00, run_after=2024-07-09 00:00:00+00:00
[2024-07-09T13:18:51.053+0000] {processor.py:183} INFO - Processing /home/airflow/.local/lib/python3.11/site-packages/airflow/example_dags/example_short_circuit_decorator.py took 0.149 seconds
[2024-07-09T13:19:21.886+0000] {processor.py:161} INFO - Started process (PID=661) to work on /home/airflow/.local/lib/python3.11/site-packages/airflow/example_dags/example_short_circuit_decorator.py
[2024-07-09T13:19:21.887+0000] {processor.py:830} INFO - Processing file /home/airflow/.local/lib/python3.11/site-packages/airflow/example_dags/example_short_circuit_decorator.py for tasks to queue
[2024-07-09T13:19:21.887+0000] {logging_mixin.py:188} INFO - [2024-07-09T13:19:21.887+0000] {dagbag.py:540} INFO - Filling up the DagBag from /home/airflow/.local/lib/python3.11/site-packages/airflow/example_dags/example_short_circuit_decorator.py
[2024-07-09T13:19:21.895+0000] {processor.py:840} INFO - DAG(s) 'example_short_circuit_decorator' retrieved from /home/airflow/.local/lib/python3.11/site-packages/airflow/example_dags/example_short_circuit_decorator.py
[2024-07-09T13:19:21.916+0000] {logging_mixin.py:188} INFO - [2024-07-09T13:19:21.916+0000] {dag.py:3047} INFO - Sync 1 DAGs
[2024-07-09T13:19:21.932+0000] {logging_mixin.py:188} INFO - [2024-07-09T13:19:21.931+0000] {dag.py:3834} INFO - Setting next_dagrun for example_short_circuit_decorator to 2024-07-08 00:00:00+00:00, run_after=2024-07-09 00:00:00+00:00
[2024-07-09T13:19:21.947+0000] {processor.py:183} INFO - Processing /home/airflow/.local/lib/python3.11/site-packages/airflow/example_dags/example_short_circuit_decorator.py took 0.063 seconds
[2024-07-09T13:19:52.739+0000] {processor.py:161} INFO - Started process (PID=931) to work on /home/airflow/.local/lib/python3.11/site-packages/airflow/example_dags/example_short_circuit_decorator.py
[2024-07-09T13:19:52.740+0000] {processor.py:830} INFO - Processing file /home/airflow/.local/lib/python3.11/site-packages/airflow/example_dags/example_short_circuit_decorator.py for tasks to queue
[2024-07-09T13:19:52.740+0000] {logging_mixin.py:188} INFO - [2024-07-09T13:19:52.740+0000] {dagbag.py:540} INFO - Filling up the DagBag from /home/airflow/.local/lib/python3.11/site-packages/airflow/example_dags/example_short_circuit_decorator.py
[2024-07-09T13:19:52.748+0000] {processor.py:840} INFO - DAG(s) 'example_short_circuit_decorator' retrieved from /home/airflow/.local/lib/python3.11/site-packages/airflow/example_dags/example_short_circuit_decorator.py
[2024-07-09T13:19:52.769+0000] {logging_mixin.py:188} INFO - [2024-07-09T13:19:52.769+0000] {dag.py:3047} INFO - Sync 1 DAGs
[2024-07-09T13:19:52.785+0000] {logging_mixin.py:188} INFO - [2024-07-09T13:19:52.785+0000] {dag.py:3834} INFO - Setting next_dagrun for example_short_circuit_decorator to 2024-07-08 00:00:00+00:00, run_after=2024-07-09 00:00:00+00:00
[2024-07-09T13:19:52.800+0000] {processor.py:183} INFO - Processing /home/airflow/.local/lib/python3.11/site-packages/airflow/example_dags/example_short_circuit_decorator.py took 0.064 seconds
[2024-07-09T13:20:24.267+0000] {processor.py:161} INFO - Started process (PID=1201) to work on /home/airflow/.local/lib/python3.11/site-packages/airflow/example_dags/example_short_circuit_decorator.py
[2024-07-09T13:20:24.267+0000] {processor.py:830} INFO - Processing file /home/airflow/.local/lib/python3.11/site-packages/airflow/example_dags/example_short_circuit_decorator.py for tasks to queue
[2024-07-09T13:20:24.268+0000] {logging_mixin.py:188} INFO - [2024-07-09T13:20:24.268+0000] {dagbag.py:540} INFO - Filling up the DagBag from /home/airflow/.local/lib/python3.11/site-packages/airflow/example_dags/example_short_circuit_decorator.py
[2024-07-09T13:20:24.372+0000] {processor.py:840} INFO - DAG(s) 'example_short_circuit_decorator' retrieved from /home/airflow/.local/lib/python3.11/site-packages/airflow/example_dags/example_short_circuit_decorator.py
[2024-07-09T13:20:24.392+0000] {logging_mixin.py:188} INFO - [2024-07-09T13:20:24.392+0000] {dag.py:3047} INFO - Sync 1 DAGs
[2024-07-09T13:20:24.407+0000] {logging_mixin.py:188} INFO - [2024-07-09T13:20:24.406+0000] {dag.py:3834} INFO - Setting next_dagrun for example_short_circuit_decorator to 2024-07-08 00:00:00+00:00, run_after=2024-07-09 00:00:00+00:00
[2024-07-09T13:20:24.422+0000] {processor.py:183} INFO - Processing /home/airflow/.local/lib/python3.11/site-packages/airflow/example_dags/example_short_circuit_decorator.py took 0.158 seconds
[2024-07-09T13:20:55.255+0000] {processor.py:161} INFO - Started process (PID=1471) to work on /home/airflow/.local/lib/python3.11/site-packages/airflow/example_dags/example_short_circuit_decorator.py
[2024-07-09T13:20:55.256+0000] {processor.py:830} INFO - Processing file /home/airflow/.local/lib/python3.11/site-packages/airflow/example_dags/example_short_circuit_decorator.py for tasks to queue
[2024-07-09T13:20:55.256+0000] {logging_mixin.py:188} INFO - [2024-07-09T13:20:55.256+0000] {dagbag.py:540} INFO - Filling up the DagBag from /home/airflow/.local/lib/python3.11/site-packages/airflow/example_dags/example_short_circuit_decorator.py
[2024-07-09T13:20:55.265+0000] {processor.py:840} INFO - DAG(s) 'example_short_circuit_decorator' retrieved from /home/airflow/.local/lib/python3.11/site-packages/airflow/example_dags/example_short_circuit_decorator.py
[2024-07-09T13:20:55.288+0000] {logging_mixin.py:188} INFO - [2024-07-09T13:20:55.287+0000] {dag.py:3047} INFO - Sync 1 DAGs
[2024-07-09T13:20:55.305+0000] {logging_mixin.py:188} INFO - [2024-07-09T13:20:55.305+0000] {dag.py:3834} INFO - Setting next_dagrun for example_short_circuit_decorator to 2024-07-08 00:00:00+00:00, run_after=2024-07-09 00:00:00+00:00
[2024-07-09T13:20:55.321+0000] {processor.py:183} INFO - Processing /home/airflow/.local/lib/python3.11/site-packages/airflow/example_dags/example_short_circuit_decorator.py took 0.069 seconds
[2024-07-09T13:21:26.123+0000] {processor.py:161} INFO - Started process (PID=1741) to work on /home/airflow/.local/lib/python3.11/site-packages/airflow/example_dags/example_short_circuit_decorator.py
[2024-07-09T13:21:26.125+0000] {processor.py:830} INFO - Processing file /home/airflow/.local/lib/python3.11/site-packages/airflow/example_dags/example_short_circuit_decorator.py for tasks to queue
[2024-07-09T13:21:26.126+0000] {logging_mixin.py:188} INFO - [2024-07-09T13:21:26.126+0000] {dagbag.py:540} INFO - Filling up the DagBag from /home/airflow/.local/lib/python3.11/site-packages/airflow/example_dags/example_short_circuit_decorator.py
[2024-07-09T13:21:26.142+0000] {processor.py:840} INFO - DAG(s) 'example_short_circuit_decorator' retrieved from /home/airflow/.local/lib/python3.11/site-packages/airflow/example_dags/example_short_circuit_decorator.py
[2024-07-09T13:21:26.171+0000] {logging_mixin.py:188} INFO - [2024-07-09T13:21:26.171+0000] {dag.py:3047} INFO - Sync 1 DAGs
[2024-07-09T13:21:26.198+0000] {logging_mixin.py:188} INFO - [2024-07-09T13:21:26.198+0000] {dag.py:3834} INFO - Setting next_dagrun for example_short_circuit_decorator to 2024-07-08 00:00:00+00:00, run_after=2024-07-09 00:00:00+00:00
[2024-07-09T13:21:26.214+0000] {processor.py:183} INFO - Processing /home/airflow/.local/lib/python3.11/site-packages/airflow/example_dags/example_short_circuit_decorator.py took 0.095 seconds
[2024-07-09T13:21:56.752+0000] {processor.py:161} INFO - Started process (PID=2011) to work on /home/airflow/.local/lib/python3.11/site-packages/airflow/example_dags/example_short_circuit_decorator.py
[2024-07-09T13:21:56.753+0000] {processor.py:830} INFO - Processing file /home/airflow/.local/lib/python3.11/site-packages/airflow/example_dags/example_short_circuit_decorator.py for tasks to queue
[2024-07-09T13:21:56.754+0000] {logging_mixin.py:188} INFO - [2024-07-09T13:21:56.754+0000] {dagbag.py:540} INFO - Filling up the DagBag from /home/airflow/.local/lib/python3.11/site-packages/airflow/example_dags/example_short_circuit_decorator.py
[2024-07-09T13:21:56.762+0000] {processor.py:840} INFO - DAG(s) 'example_short_circuit_decorator' retrieved from /home/airflow/.local/lib/python3.11/site-packages/airflow/example_dags/example_short_circuit_decorator.py
[2024-07-09T13:21:56.783+0000] {logging_mixin.py:188} INFO - [2024-07-09T13:21:56.783+0000] {dag.py:3047} INFO - Sync 1 DAGs
[2024-07-09T13:21:56.800+0000] {logging_mixin.py:188} INFO - [2024-07-09T13:21:56.799+0000] {dag.py:3834} INFO - Setting next_dagrun for example_short_circuit_decorator to 2024-07-08 00:00:00+00:00, run_after=2024-07-09 00:00:00+00:00
[2024-07-09T13:21:56.816+0000] {processor.py:183} INFO - Processing /home/airflow/.local/lib/python3.11/site-packages/airflow/example_dags/example_short_circuit_decorator.py took 0.066 seconds
[2024-07-09T13:22:27.473+0000] {processor.py:161} INFO - Started process (PID=2281) to work on /home/airflow/.local/lib/python3.11/site-packages/airflow/example_dags/example_short_circuit_decorator.py
[2024-07-09T13:22:27.474+0000] {processor.py:830} INFO - Processing file /home/airflow/.local/lib/python3.11/site-packages/airflow/example_dags/example_short_circuit_decorator.py for tasks to queue
[2024-07-09T13:22:27.475+0000] {logging_mixin.py:188} INFO - [2024-07-09T13:22:27.475+0000] {dagbag.py:540} INFO - Filling up the DagBag from /home/airflow/.local/lib/python3.11/site-packages/airflow/example_dags/example_short_circuit_decorator.py
[2024-07-09T13:22:27.483+0000] {processor.py:840} INFO - DAG(s) 'example_short_circuit_decorator' retrieved from /home/airflow/.local/lib/python3.11/site-packages/airflow/example_dags/example_short_circuit_decorator.py
[2024-07-09T13:22:27.506+0000] {logging_mixin.py:188} INFO - [2024-07-09T13:22:27.505+0000] {dag.py:3047} INFO - Sync 1 DAGs
[2024-07-09T13:22:27.524+0000] {logging_mixin.py:188} INFO - [2024-07-09T13:22:27.524+0000] {dag.py:3834} INFO - Setting next_dagrun for example_short_circuit_decorator to 2024-07-08 00:00:00+00:00, run_after=2024-07-09 00:00:00+00:00
[2024-07-09T13:22:27.539+0000] {processor.py:183} INFO - Processing /home/airflow/.local/lib/python3.11/site-packages/airflow/example_dags/example_short_circuit_decorator.py took 0.069 seconds
[2024-07-09T13:22:58.216+0000] {processor.py:161} INFO - Started process (PID=2551) to work on /home/airflow/.local/lib/python3.11/site-packages/airflow/example_dags/example_short_circuit_decorator.py
[2024-07-09T13:22:58.217+0000] {processor.py:830} INFO - Processing file /home/airflow/.local/lib/python3.11/site-packages/airflow/example_dags/example_short_circuit_decorator.py for tasks to queue
[2024-07-09T13:22:58.218+0000] {logging_mixin.py:188} INFO - [2024-07-09T13:22:58.218+0000] {dagbag.py:540} INFO - Filling up the DagBag from /home/airflow/.local/lib/python3.11/site-packages/airflow/example_dags/example_short_circuit_decorator.py
[2024-07-09T13:22:58.226+0000] {processor.py:840} INFO - DAG(s) 'example_short_circuit_decorator' retrieved from /home/airflow/.local/lib/python3.11/site-packages/airflow/example_dags/example_short_circuit_decorator.py
[2024-07-09T13:22:58.248+0000] {logging_mixin.py:188} INFO - [2024-07-09T13:22:58.248+0000] {dag.py:3047} INFO - Sync 1 DAGs
[2024-07-09T13:22:58.265+0000] {logging_mixin.py:188} INFO - [2024-07-09T13:22:58.265+0000] {dag.py:3834} INFO - Setting next_dagrun for example_short_circuit_decorator to 2024-07-08 00:00:00+00:00, run_after=2024-07-09 00:00:00+00:00
[2024-07-09T13:22:58.281+0000] {processor.py:183} INFO - Processing /home/airflow/.local/lib/python3.11/site-packages/airflow/example_dags/example_short_circuit_decorator.py took 0.068 seconds
[2024-07-09T13:23:29.010+0000] {processor.py:161} INFO - Started process (PID=2821) to work on /home/airflow/.local/lib/python3.11/site-packages/airflow/example_dags/example_short_circuit_decorator.py
[2024-07-09T13:23:29.011+0000] {processor.py:830} INFO - Processing file /home/airflow/.local/lib/python3.11/site-packages/airflow/example_dags/example_short_circuit_decorator.py for tasks to queue
[2024-07-09T13:23:29.012+0000] {logging_mixin.py:188} INFO - [2024-07-09T13:23:29.011+0000] {dagbag.py:540} INFO - Filling up the DagBag from /home/airflow/.local/lib/python3.11/site-packages/airflow/example_dags/example_short_circuit_decorator.py
[2024-07-09T13:23:29.019+0000] {processor.py:840} INFO - DAG(s) 'example_short_circuit_decorator' retrieved from /home/airflow/.local/lib/python3.11/site-packages/airflow/example_dags/example_short_circuit_decorator.py
[2024-07-09T13:23:29.041+0000] {logging_mixin.py:188} INFO - [2024-07-09T13:23:29.041+0000] {dag.py:3047} INFO - Sync 1 DAGs
[2024-07-09T13:23:29.057+0000] {logging_mixin.py:188} INFO - [2024-07-09T13:23:29.057+0000] {dag.py:3834} INFO - Setting next_dagrun for example_short_circuit_decorator to 2024-07-08 00:00:00+00:00, run_after=2024-07-09 00:00:00+00:00
[2024-07-09T13:23:29.073+0000] {processor.py:183} INFO - Processing /home/airflow/.local/lib/python3.11/site-packages/airflow/example_dags/example_short_circuit_decorator.py took 0.065 seconds
[2024-07-09T13:23:59.733+0000] {processor.py:161} INFO - Started process (PID=3091) to work on /home/airflow/.local/lib/python3.11/site-packages/airflow/example_dags/example_short_circuit_decorator.py
[2024-07-09T13:23:59.734+0000] {processor.py:830} INFO - Processing file /home/airflow/.local/lib/python3.11/site-packages/airflow/example_dags/example_short_circuit_decorator.py for tasks to queue
[2024-07-09T13:23:59.734+0000] {logging_mixin.py:188} INFO - [2024-07-09T13:23:59.734+0000] {dagbag.py:540} INFO - Filling up the DagBag from /home/airflow/.local/lib/python3.11/site-packages/airflow/example_dags/example_short_circuit_decorator.py
[2024-07-09T13:23:59.742+0000] {processor.py:840} INFO - DAG(s) 'example_short_circuit_decorator' retrieved from /home/airflow/.local/lib/python3.11/site-packages/airflow/example_dags/example_short_circuit_decorator.py
[2024-07-09T13:23:59.764+0000] {logging_mixin.py:188} INFO - [2024-07-09T13:23:59.764+0000] {dag.py:3047} INFO - Sync 1 DAGs
[2024-07-09T13:23:59.780+0000] {logging_mixin.py:188} INFO - [2024-07-09T13:23:59.780+0000] {dag.py:3834} INFO - Setting next_dagrun for example_short_circuit_decorator to 2024-07-08 00:00:00+00:00, run_after=2024-07-09 00:00:00+00:00
[2024-07-09T13:23:59.794+0000] {processor.py:183} INFO - Processing /home/airflow/.local/lib/python3.11/site-packages/airflow/example_dags/example_short_circuit_decorator.py took 0.064 seconds
[2024-07-09T13:24:30.376+0000] {processor.py:161} INFO - Started process (PID=3361) to work on /home/airflow/.local/lib/python3.11/site-packages/airflow/example_dags/example_short_circuit_decorator.py
[2024-07-09T13:24:30.377+0000] {processor.py:830} INFO - Processing file /home/airflow/.local/lib/python3.11/site-packages/airflow/example_dags/example_short_circuit_decorator.py for tasks to queue
[2024-07-09T13:24:30.377+0000] {logging_mixin.py:188} INFO - [2024-07-09T13:24:30.377+0000] {dagbag.py:540} INFO - Filling up the DagBag from /home/airflow/.local/lib/python3.11/site-packages/airflow/example_dags/example_short_circuit_decorator.py
[2024-07-09T13:24:30.385+0000] {processor.py:840} INFO - DAG(s) 'example_short_circuit_decorator' retrieved from /home/airflow/.local/lib/python3.11/site-packages/airflow/example_dags/example_short_circuit_decorator.py
[2024-07-09T13:24:30.406+0000] {logging_mixin.py:188} INFO - [2024-07-09T13:24:30.406+0000] {dag.py:3047} INFO - Sync 1 DAGs
[2024-07-09T13:24:30.422+0000] {logging_mixin.py:188} INFO - [2024-07-09T13:24:30.422+0000] {dag.py:3834} INFO - Setting next_dagrun for example_short_circuit_decorator to 2024-07-08 00:00:00+00:00, run_after=2024-07-09 00:00:00+00:00
[2024-07-09T13:24:30.437+0000] {processor.py:183} INFO - Processing /home/airflow/.local/lib/python3.11/site-packages/airflow/example_dags/example_short_circuit_decorator.py took 0.064 seconds
[2024-07-09T13:25:01.152+0000] {processor.py:161} INFO - Started process (PID=3631) to work on /home/airflow/.local/lib/python3.11/site-packages/airflow/example_dags/example_short_circuit_decorator.py
[2024-07-09T13:25:01.153+0000] {processor.py:830} INFO - Processing file /home/airflow/.local/lib/python3.11/site-packages/airflow/example_dags/example_short_circuit_decorator.py for tasks to queue
[2024-07-09T13:25:01.153+0000] {logging_mixin.py:188} INFO - [2024-07-09T13:25:01.153+0000] {dagbag.py:540} INFO - Filling up the DagBag from /home/airflow/.local/lib/python3.11/site-packages/airflow/example_dags/example_short_circuit_decorator.py
[2024-07-09T13:25:01.161+0000] {processor.py:840} INFO - DAG(s) 'example_short_circuit_decorator' retrieved from /home/airflow/.local/lib/python3.11/site-packages/airflow/example_dags/example_short_circuit_decorator.py
[2024-07-09T13:25:01.183+0000] {logging_mixin.py:188} INFO - [2024-07-09T13:25:01.182+0000] {dag.py:3047} INFO - Sync 1 DAGs
[2024-07-09T13:25:01.199+0000] {logging_mixin.py:188} INFO - [2024-07-09T13:25:01.198+0000] {dag.py:3834} INFO - Setting next_dagrun for example_short_circuit_decorator to 2024-07-08 00:00:00+00:00, run_after=2024-07-09 00:00:00+00:00
[2024-07-09T13:25:01.214+0000] {processor.py:183} INFO - Processing /home/airflow/.local/lib/python3.11/site-packages/airflow/example_dags/example_short_circuit_decorator.py took 0.064 seconds
[2024-07-09T13:26:11.767+0000] {processor.py:161} INFO - Started process (PID=390) to work on /home/airflow/.local/lib/python3.11/site-packages/airflow/example_dags/example_short_circuit_decorator.py
[2024-07-09T13:26:11.768+0000] {processor.py:830} INFO - Processing file /home/airflow/.local/lib/python3.11/site-packages/airflow/example_dags/example_short_circuit_decorator.py for tasks to queue
[2024-07-09T13:26:11.769+0000] {logging_mixin.py:188} INFO - [2024-07-09T13:26:11.769+0000] {dagbag.py:540} INFO - Filling up the DagBag from /home/airflow/.local/lib/python3.11/site-packages/airflow/example_dags/example_short_circuit_decorator.py
[2024-07-09T13:26:11.777+0000] {processor.py:840} INFO - DAG(s) 'example_short_circuit_decorator' retrieved from /home/airflow/.local/lib/python3.11/site-packages/airflow/example_dags/example_short_circuit_decorator.py
[2024-07-09T13:26:11.861+0000] {logging_mixin.py:188} INFO - [2024-07-09T13:26:11.861+0000] {override.py:1769} INFO - Created Permission View: can delete on DAG:example_short_circuit_decorator
[2024-07-09T13:26:11.870+0000] {logging_mixin.py:188} INFO - [2024-07-09T13:26:11.870+0000] {override.py:1769} INFO - Created Permission View: can read on DAG:example_short_circuit_decorator
[2024-07-09T13:26:11.877+0000] {logging_mixin.py:188} INFO - [2024-07-09T13:26:11.876+0000] {override.py:1769} INFO - Created Permission View: can edit on DAG:example_short_circuit_decorator
[2024-07-09T13:26:11.877+0000] {logging_mixin.py:188} INFO - [2024-07-09T13:26:11.877+0000] {dag.py:3047} INFO - Sync 1 DAGs
[2024-07-09T13:26:11.886+0000] {logging_mixin.py:188} INFO - [2024-07-09T13:26:11.886+0000] {dag.py:3069} INFO - Creating ORM DAG for example_short_circuit_decorator
[2024-07-09T13:26:11.893+0000] {logging_mixin.py:188} INFO - [2024-07-09T13:26:11.893+0000] {dag.py:3834} INFO - Setting next_dagrun for example_short_circuit_decorator to 2024-07-08 00:00:00+00:00, run_after=2024-07-09 00:00:00+00:00
[2024-07-09T13:26:11.908+0000] {processor.py:183} INFO - Processing /home/airflow/.local/lib/python3.11/site-packages/airflow/example_dags/example_short_circuit_decorator.py took 0.143 seconds
[2024-07-09T13:26:41.933+0000] {processor.py:161} INFO - Started process (PID=660) to work on /home/airflow/.local/lib/python3.11/site-packages/airflow/example_dags/example_short_circuit_decorator.py
[2024-07-09T13:26:41.934+0000] {processor.py:830} INFO - Processing file /home/airflow/.local/lib/python3.11/site-packages/airflow/example_dags/example_short_circuit_decorator.py for tasks to queue
[2024-07-09T13:26:41.935+0000] {logging_mixin.py:188} INFO - [2024-07-09T13:26:41.935+0000] {dagbag.py:540} INFO - Filling up the DagBag from /home/airflow/.local/lib/python3.11/site-packages/airflow/example_dags/example_short_circuit_decorator.py
[2024-07-09T13:26:41.943+0000] {processor.py:840} INFO - DAG(s) 'example_short_circuit_decorator' retrieved from /home/airflow/.local/lib/python3.11/site-packages/airflow/example_dags/example_short_circuit_decorator.py
[2024-07-09T13:26:41.964+0000] {logging_mixin.py:188} INFO - [2024-07-09T13:26:41.964+0000] {dag.py:3047} INFO - Sync 1 DAGs
[2024-07-09T13:26:41.981+0000] {logging_mixin.py:188} INFO - [2024-07-09T13:26:41.981+0000] {dag.py:3834} INFO - Setting next_dagrun for example_short_circuit_decorator to 2024-07-08 00:00:00+00:00, run_after=2024-07-09 00:00:00+00:00
[2024-07-09T13:26:41.998+0000] {processor.py:183} INFO - Processing /home/airflow/.local/lib/python3.11/site-packages/airflow/example_dags/example_short_circuit_decorator.py took 0.067 seconds
[2024-07-09T13:27:12.413+0000] {processor.py:161} INFO - Started process (PID=930) to work on /home/airflow/.local/lib/python3.11/site-packages/airflow/example_dags/example_short_circuit_decorator.py
[2024-07-09T13:27:12.414+0000] {processor.py:830} INFO - Processing file /home/airflow/.local/lib/python3.11/site-packages/airflow/example_dags/example_short_circuit_decorator.py for tasks to queue
[2024-07-09T13:27:12.415+0000] {logging_mixin.py:188} INFO - [2024-07-09T13:27:12.415+0000] {dagbag.py:540} INFO - Filling up the DagBag from /home/airflow/.local/lib/python3.11/site-packages/airflow/example_dags/example_short_circuit_decorator.py
[2024-07-09T13:27:12.427+0000] {processor.py:840} INFO - DAG(s) 'example_short_circuit_decorator' retrieved from /home/airflow/.local/lib/python3.11/site-packages/airflow/example_dags/example_short_circuit_decorator.py
[2024-07-09T13:27:12.451+0000] {logging_mixin.py:188} INFO - [2024-07-09T13:27:12.450+0000] {dag.py:3047} INFO - Sync 1 DAGs
[2024-07-09T13:27:12.468+0000] {logging_mixin.py:188} INFO - [2024-07-09T13:27:12.468+0000] {dag.py:3834} INFO - Setting next_dagrun for example_short_circuit_decorator to 2024-07-08 00:00:00+00:00, run_after=2024-07-09 00:00:00+00:00
[2024-07-09T13:27:12.483+0000] {processor.py:183} INFO - Processing /home/airflow/.local/lib/python3.11/site-packages/airflow/example_dags/example_short_circuit_decorator.py took 0.072 seconds
[2024-07-09T13:27:43.318+0000] {processor.py:161} INFO - Started process (PID=1200) to work on /home/airflow/.local/lib/python3.11/site-packages/airflow/example_dags/example_short_circuit_decorator.py
[2024-07-09T13:27:43.319+0000] {processor.py:830} INFO - Processing file /home/airflow/.local/lib/python3.11/site-packages/airflow/example_dags/example_short_circuit_decorator.py for tasks to queue
[2024-07-09T13:27:43.320+0000] {logging_mixin.py:188} INFO - [2024-07-09T13:27:43.320+0000] {dagbag.py:540} INFO - Filling up the DagBag from /home/airflow/.local/lib/python3.11/site-packages/airflow/example_dags/example_short_circuit_decorator.py
[2024-07-09T13:27:43.328+0000] {processor.py:840} INFO - DAG(s) 'example_short_circuit_decorator' retrieved from /home/airflow/.local/lib/python3.11/site-packages/airflow/example_dags/example_short_circuit_decorator.py
[2024-07-09T13:27:43.351+0000] {logging_mixin.py:188} INFO - [2024-07-09T13:27:43.351+0000] {dag.py:3047} INFO - Sync 1 DAGs
[2024-07-09T13:27:43.369+0000] {logging_mixin.py:188} INFO - [2024-07-09T13:27:43.369+0000] {dag.py:3834} INFO - Setting next_dagrun for example_short_circuit_decorator to 2024-07-08 00:00:00+00:00, run_after=2024-07-09 00:00:00+00:00
[2024-07-09T13:27:43.385+0000] {processor.py:183} INFO - Processing /home/airflow/.local/lib/python3.11/site-packages/airflow/example_dags/example_short_circuit_decorator.py took 0.070 seconds
[2024-07-09T13:28:14.080+0000] {processor.py:161} INFO - Started process (PID=1470) to work on /home/airflow/.local/lib/python3.11/site-packages/airflow/example_dags/example_short_circuit_decorator.py
[2024-07-09T13:28:14.081+0000] {processor.py:830} INFO - Processing file /home/airflow/.local/lib/python3.11/site-packages/airflow/example_dags/example_short_circuit_decorator.py for tasks to queue
[2024-07-09T13:28:14.082+0000] {logging_mixin.py:188} INFO - [2024-07-09T13:28:14.081+0000] {dagbag.py:540} INFO - Filling up the DagBag from /home/airflow/.local/lib/python3.11/site-packages/airflow/example_dags/example_short_circuit_decorator.py
[2024-07-09T13:28:14.090+0000] {processor.py:840} INFO - DAG(s) 'example_short_circuit_decorator' retrieved from /home/airflow/.local/lib/python3.11/site-packages/airflow/example_dags/example_short_circuit_decorator.py
[2024-07-09T13:28:14.112+0000] {logging_mixin.py:188} INFO - [2024-07-09T13:28:14.112+0000] {dag.py:3047} INFO - Sync 1 DAGs
[2024-07-09T13:28:14.130+0000] {logging_mixin.py:188} INFO - [2024-07-09T13:28:14.129+0000] {dag.py:3834} INFO - Setting next_dagrun for example_short_circuit_decorator to 2024-07-08 00:00:00+00:00, run_after=2024-07-09 00:00:00+00:00
[2024-07-09T13:28:14.149+0000] {processor.py:183} INFO - Processing /home/airflow/.local/lib/python3.11/site-packages/airflow/example_dags/example_short_circuit_decorator.py took 0.072 seconds
[2024-07-09T13:28:44.573+0000] {processor.py:161} INFO - Started process (PID=1740) to work on /home/airflow/.local/lib/python3.11/site-packages/airflow/example_dags/example_short_circuit_decorator.py
[2024-07-09T13:28:44.574+0000] {processor.py:830} INFO - Processing file /home/airflow/.local/lib/python3.11/site-packages/airflow/example_dags/example_short_circuit_decorator.py for tasks to queue
[2024-07-09T13:28:44.575+0000] {logging_mixin.py:188} INFO - [2024-07-09T13:28:44.574+0000] {dagbag.py:540} INFO - Filling up the DagBag from /home/airflow/.local/lib/python3.11/site-packages/airflow/example_dags/example_short_circuit_decorator.py
[2024-07-09T13:28:44.583+0000] {processor.py:840} INFO - DAG(s) 'example_short_circuit_decorator' retrieved from /home/airflow/.local/lib/python3.11/site-packages/airflow/example_dags/example_short_circuit_decorator.py
[2024-07-09T13:28:44.605+0000] {logging_mixin.py:188} INFO - [2024-07-09T13:28:44.605+0000] {dag.py:3047} INFO - Sync 1 DAGs
[2024-07-09T13:28:44.622+0000] {logging_mixin.py:188} INFO - [2024-07-09T13:28:44.622+0000] {dag.py:3834} INFO - Setting next_dagrun for example_short_circuit_decorator to 2024-07-08 00:00:00+00:00, run_after=2024-07-09 00:00:00+00:00
[2024-07-09T13:28:44.637+0000] {processor.py:183} INFO - Processing /home/airflow/.local/lib/python3.11/site-packages/airflow/example_dags/example_short_circuit_decorator.py took 0.067 seconds
[2024-07-09T13:29:14.919+0000] {processor.py:161} INFO - Started process (PID=2010) to work on /home/airflow/.local/lib/python3.11/site-packages/airflow/example_dags/example_short_circuit_decorator.py
[2024-07-09T13:29:14.920+0000] {processor.py:830} INFO - Processing file /home/airflow/.local/lib/python3.11/site-packages/airflow/example_dags/example_short_circuit_decorator.py for tasks to queue
[2024-07-09T13:29:14.921+0000] {logging_mixin.py:188} INFO - [2024-07-09T13:29:14.921+0000] {dagbag.py:540} INFO - Filling up the DagBag from /home/airflow/.local/lib/python3.11/site-packages/airflow/example_dags/example_short_circuit_decorator.py
[2024-07-09T13:29:14.930+0000] {processor.py:840} INFO - DAG(s) 'example_short_circuit_decorator' retrieved from /home/airflow/.local/lib/python3.11/site-packages/airflow/example_dags/example_short_circuit_decorator.py
[2024-07-09T13:29:14.952+0000] {logging_mixin.py:188} INFO - [2024-07-09T13:29:14.951+0000] {dag.py:3047} INFO - Sync 1 DAGs
[2024-07-09T13:29:14.970+0000] {logging_mixin.py:188} INFO - [2024-07-09T13:29:14.969+0000] {dag.py:3834} INFO - Setting next_dagrun for example_short_circuit_decorator to 2024-07-08 00:00:00+00:00, run_after=2024-07-09 00:00:00+00:00
[2024-07-09T13:29:14.986+0000] {processor.py:183} INFO - Processing /home/airflow/.local/lib/python3.11/site-packages/airflow/example_dags/example_short_circuit_decorator.py took 0.069 seconds
[2024-07-09T13:29:45.318+0000] {processor.py:161} INFO - Started process (PID=2280) to work on /home/airflow/.local/lib/python3.11/site-packages/airflow/example_dags/example_short_circuit_decorator.py
[2024-07-09T13:29:45.319+0000] {processor.py:830} INFO - Processing file /home/airflow/.local/lib/python3.11/site-packages/airflow/example_dags/example_short_circuit_decorator.py for tasks to queue
[2024-07-09T13:29:45.320+0000] {logging_mixin.py:188} INFO - [2024-07-09T13:29:45.320+0000] {dagbag.py:540} INFO - Filling up the DagBag from /home/airflow/.local/lib/python3.11/site-packages/airflow/example_dags/example_short_circuit_decorator.py
[2024-07-09T13:29:45.328+0000] {processor.py:840} INFO - DAG(s) 'example_short_circuit_decorator' retrieved from /home/airflow/.local/lib/python3.11/site-packages/airflow/example_dags/example_short_circuit_decorator.py
[2024-07-09T13:29:45.350+0000] {logging_mixin.py:188} INFO - [2024-07-09T13:29:45.350+0000] {dag.py:3047} INFO - Sync 1 DAGs
[2024-07-09T13:29:45.368+0000] {logging_mixin.py:188} INFO - [2024-07-09T13:29:45.367+0000] {dag.py:3834} INFO - Setting next_dagrun for example_short_circuit_decorator to 2024-07-08 00:00:00+00:00, run_after=2024-07-09 00:00:00+00:00
[2024-07-09T13:29:45.384+0000] {processor.py:183} INFO - Processing /home/airflow/.local/lib/python3.11/site-packages/airflow/example_dags/example_short_circuit_decorator.py took 0.068 seconds
[2024-07-09T13:31:40.013+0000] {processor.py:161} INFO - Started process (PID=390) to work on /home/airflow/.local/lib/python3.11/site-packages/airflow/example_dags/example_short_circuit_decorator.py
[2024-07-09T13:31:40.014+0000] {processor.py:830} INFO - Processing file /home/airflow/.local/lib/python3.11/site-packages/airflow/example_dags/example_short_circuit_decorator.py for tasks to queue
[2024-07-09T13:31:40.014+0000] {logging_mixin.py:188} INFO - [2024-07-09T13:31:40.014+0000] {dagbag.py:540} INFO - Filling up the DagBag from /home/airflow/.local/lib/python3.11/site-packages/airflow/example_dags/example_short_circuit_decorator.py
[2024-07-09T13:31:40.023+0000] {processor.py:840} INFO - DAG(s) 'example_short_circuit_decorator' retrieved from /home/airflow/.local/lib/python3.11/site-packages/airflow/example_dags/example_short_circuit_decorator.py
[2024-07-09T13:31:40.129+0000] {logging_mixin.py:188} INFO - [2024-07-09T13:31:40.128+0000] {override.py:1769} INFO - Created Permission View: can edit on DAG:example_short_circuit_decorator
[2024-07-09T13:31:40.139+0000] {logging_mixin.py:188} INFO - [2024-07-09T13:31:40.139+0000] {override.py:1769} INFO - Created Permission View: can delete on DAG:example_short_circuit_decorator
[2024-07-09T13:31:40.146+0000] {logging_mixin.py:188} INFO - [2024-07-09T13:31:40.146+0000] {override.py:1769} INFO - Created Permission View: can read on DAG:example_short_circuit_decorator
[2024-07-09T13:31:40.146+0000] {logging_mixin.py:188} INFO - [2024-07-09T13:31:40.146+0000] {dag.py:3047} INFO - Sync 1 DAGs
[2024-07-09T13:31:40.159+0000] {logging_mixin.py:188} INFO - [2024-07-09T13:31:40.159+0000] {dag.py:3069} INFO - Creating ORM DAG for example_short_circuit_decorator
[2024-07-09T13:31:40.176+0000] {logging_mixin.py:188} INFO - [2024-07-09T13:31:40.176+0000] {dag.py:3834} INFO - Setting next_dagrun for example_short_circuit_decorator to 2024-07-08 00:00:00+00:00, run_after=2024-07-09 00:00:00+00:00
[2024-07-09T13:31:40.200+0000] {processor.py:183} INFO - Processing /home/airflow/.local/lib/python3.11/site-packages/airflow/example_dags/example_short_circuit_decorator.py took 0.189 seconds
[2024-07-09T13:32:10.649+0000] {processor.py:161} INFO - Started process (PID=659) to work on /home/airflow/.local/lib/python3.11/site-packages/airflow/example_dags/example_short_circuit_decorator.py
[2024-07-09T13:32:10.650+0000] {processor.py:830} INFO - Processing file /home/airflow/.local/lib/python3.11/site-packages/airflow/example_dags/example_short_circuit_decorator.py for tasks to queue
[2024-07-09T13:32:10.651+0000] {logging_mixin.py:188} INFO - [2024-07-09T13:32:10.651+0000] {dagbag.py:540} INFO - Filling up the DagBag from /home/airflow/.local/lib/python3.11/site-packages/airflow/example_dags/example_short_circuit_decorator.py
[2024-07-09T13:32:10.660+0000] {processor.py:840} INFO - DAG(s) 'example_short_circuit_decorator' retrieved from /home/airflow/.local/lib/python3.11/site-packages/airflow/example_dags/example_short_circuit_decorator.py
[2024-07-09T13:32:10.687+0000] {logging_mixin.py:188} INFO - [2024-07-09T13:32:10.687+0000] {dag.py:3047} INFO - Sync 1 DAGs
[2024-07-09T13:32:10.707+0000] {logging_mixin.py:188} INFO - [2024-07-09T13:32:10.707+0000] {dag.py:3834} INFO - Setting next_dagrun for example_short_circuit_decorator to 2024-07-08 00:00:00+00:00, run_after=2024-07-09 00:00:00+00:00
[2024-07-09T13:32:10.727+0000] {processor.py:183} INFO - Processing /home/airflow/.local/lib/python3.11/site-packages/airflow/example_dags/example_short_circuit_decorator.py took 0.082 seconds
[2024-07-09T13:32:41.005+0000] {processor.py:161} INFO - Started process (PID=934) to work on /home/airflow/.local/lib/python3.11/site-packages/airflow/example_dags/example_short_circuit_decorator.py
[2024-07-09T13:32:41.006+0000] {processor.py:830} INFO - Processing file /home/airflow/.local/lib/python3.11/site-packages/airflow/example_dags/example_short_circuit_decorator.py for tasks to queue
[2024-07-09T13:32:41.007+0000] {logging_mixin.py:188} INFO - [2024-07-09T13:32:41.006+0000] {dagbag.py:540} INFO - Filling up the DagBag from /home/airflow/.local/lib/python3.11/site-packages/airflow/example_dags/example_short_circuit_decorator.py
[2024-07-09T13:32:41.015+0000] {processor.py:840} INFO - DAG(s) 'example_short_circuit_decorator' retrieved from /home/airflow/.local/lib/python3.11/site-packages/airflow/example_dags/example_short_circuit_decorator.py
[2024-07-09T13:32:41.038+0000] {logging_mixin.py:188} INFO - [2024-07-09T13:32:41.038+0000] {dag.py:3047} INFO - Sync 1 DAGs
[2024-07-09T13:32:41.055+0000] {logging_mixin.py:188} INFO - [2024-07-09T13:32:41.055+0000] {dag.py:3834} INFO - Setting next_dagrun for example_short_circuit_decorator to 2024-07-08 00:00:00+00:00, run_after=2024-07-09 00:00:00+00:00
[2024-07-09T13:32:41.072+0000] {processor.py:183} INFO - Processing /home/airflow/.local/lib/python3.11/site-packages/airflow/example_dags/example_short_circuit_decorator.py took 0.069 seconds
[2024-07-09T13:33:11.881+0000] {processor.py:161} INFO - Started process (PID=1201) to work on /home/airflow/.local/lib/python3.11/site-packages/airflow/example_dags/example_short_circuit_decorator.py
[2024-07-09T13:33:11.882+0000] {processor.py:830} INFO - Processing file /home/airflow/.local/lib/python3.11/site-packages/airflow/example_dags/example_short_circuit_decorator.py for tasks to queue
[2024-07-09T13:33:11.883+0000] {logging_mixin.py:188} INFO - [2024-07-09T13:33:11.883+0000] {dagbag.py:540} INFO - Filling up the DagBag from /home/airflow/.local/lib/python3.11/site-packages/airflow/example_dags/example_short_circuit_decorator.py
[2024-07-09T13:33:11.891+0000] {processor.py:840} INFO - DAG(s) 'example_short_circuit_decorator' retrieved from /home/airflow/.local/lib/python3.11/site-packages/airflow/example_dags/example_short_circuit_decorator.py
[2024-07-09T13:33:11.915+0000] {logging_mixin.py:188} INFO - [2024-07-09T13:33:11.915+0000] {dag.py:3047} INFO - Sync 1 DAGs
[2024-07-09T13:33:11.934+0000] {logging_mixin.py:188} INFO - [2024-07-09T13:33:11.934+0000] {dag.py:3834} INFO - Setting next_dagrun for example_short_circuit_decorator to 2024-07-08 00:00:00+00:00, run_after=2024-07-09 00:00:00+00:00
[2024-07-09T13:33:11.951+0000] {processor.py:183} INFO - Processing /home/airflow/.local/lib/python3.11/site-packages/airflow/example_dags/example_short_circuit_decorator.py took 0.072 seconds
[2024-07-09T13:33:42.482+0000] {processor.py:161} INFO - Started process (PID=1469) to work on /home/airflow/.local/lib/python3.11/site-packages/airflow/example_dags/example_short_circuit_decorator.py
[2024-07-09T13:33:42.483+0000] {processor.py:830} INFO - Processing file /home/airflow/.local/lib/python3.11/site-packages/airflow/example_dags/example_short_circuit_decorator.py for tasks to queue
[2024-07-09T13:33:42.484+0000] {logging_mixin.py:188} INFO - [2024-07-09T13:33:42.484+0000] {dagbag.py:540} INFO - Filling up the DagBag from /home/airflow/.local/lib/python3.11/site-packages/airflow/example_dags/example_short_circuit_decorator.py
[2024-07-09T13:33:42.492+0000] {processor.py:840} INFO - DAG(s) 'example_short_circuit_decorator' retrieved from /home/airflow/.local/lib/python3.11/site-packages/airflow/example_dags/example_short_circuit_decorator.py
[2024-07-09T13:33:42.515+0000] {logging_mixin.py:188} INFO - [2024-07-09T13:33:42.515+0000] {dag.py:3047} INFO - Sync 1 DAGs
[2024-07-09T13:33:42.533+0000] {logging_mixin.py:188} INFO - [2024-07-09T13:33:42.533+0000] {dag.py:3834} INFO - Setting next_dagrun for example_short_circuit_decorator to 2024-07-08 00:00:00+00:00, run_after=2024-07-09 00:00:00+00:00
[2024-07-09T13:33:42.551+0000] {processor.py:183} INFO - Processing /home/airflow/.local/lib/python3.11/site-packages/airflow/example_dags/example_short_circuit_decorator.py took 0.072 seconds
[2024-07-09T13:34:12.904+0000] {processor.py:161} INFO - Started process (PID=1739) to work on /home/airflow/.local/lib/python3.11/site-packages/airflow/example_dags/example_short_circuit_decorator.py
[2024-07-09T13:34:12.905+0000] {processor.py:830} INFO - Processing file /home/airflow/.local/lib/python3.11/site-packages/airflow/example_dags/example_short_circuit_decorator.py for tasks to queue
[2024-07-09T13:34:12.906+0000] {logging_mixin.py:188} INFO - [2024-07-09T13:34:12.905+0000] {dagbag.py:540} INFO - Filling up the DagBag from /home/airflow/.local/lib/python3.11/site-packages/airflow/example_dags/example_short_circuit_decorator.py
[2024-07-09T13:34:12.915+0000] {processor.py:840} INFO - DAG(s) 'example_short_circuit_decorator' retrieved from /home/airflow/.local/lib/python3.11/site-packages/airflow/example_dags/example_short_circuit_decorator.py
[2024-07-09T13:34:12.938+0000] {logging_mixin.py:188} INFO - [2024-07-09T13:34:12.937+0000] {dag.py:3047} INFO - Sync 1 DAGs
[2024-07-09T13:34:12.956+0000] {logging_mixin.py:188} INFO - [2024-07-09T13:34:12.956+0000] {dag.py:3834} INFO - Setting next_dagrun for example_short_circuit_decorator to 2024-07-08 00:00:00+00:00, run_after=2024-07-09 00:00:00+00:00
[2024-07-09T13:34:12.973+0000] {processor.py:183} INFO - Processing /home/airflow/.local/lib/python3.11/site-packages/airflow/example_dags/example_short_circuit_decorator.py took 0.072 seconds
[2024-07-09T13:34:43.090+0000] {processor.py:161} INFO - Started process (PID=2009) to work on /home/airflow/.local/lib/python3.11/site-packages/airflow/example_dags/example_short_circuit_decorator.py
[2024-07-09T13:34:43.091+0000] {processor.py:830} INFO - Processing file /home/airflow/.local/lib/python3.11/site-packages/airflow/example_dags/example_short_circuit_decorator.py for tasks to queue
[2024-07-09T13:34:43.092+0000] {logging_mixin.py:188} INFO - [2024-07-09T13:34:43.091+0000] {dagbag.py:540} INFO - Filling up the DagBag from /home/airflow/.local/lib/python3.11/site-packages/airflow/example_dags/example_short_circuit_decorator.py
[2024-07-09T13:34:43.100+0000] {processor.py:840} INFO - DAG(s) 'example_short_circuit_decorator' retrieved from /home/airflow/.local/lib/python3.11/site-packages/airflow/example_dags/example_short_circuit_decorator.py
[2024-07-09T13:34:43.124+0000] {logging_mixin.py:188} INFO - [2024-07-09T13:34:43.124+0000] {dag.py:3047} INFO - Sync 1 DAGs
[2024-07-09T13:34:43.142+0000] {logging_mixin.py:188} INFO - [2024-07-09T13:34:43.142+0000] {dag.py:3834} INFO - Setting next_dagrun for example_short_circuit_decorator to 2024-07-08 00:00:00+00:00, run_after=2024-07-09 00:00:00+00:00
[2024-07-09T13:34:43.158+0000] {processor.py:183} INFO - Processing /home/airflow/.local/lib/python3.11/site-packages/airflow/example_dags/example_short_circuit_decorator.py took 0.070 seconds
[2024-07-09T13:35:13.413+0000] {processor.py:161} INFO - Started process (PID=2279) to work on /home/airflow/.local/lib/python3.11/site-packages/airflow/example_dags/example_short_circuit_decorator.py
[2024-07-09T13:35:13.414+0000] {processor.py:830} INFO - Processing file /home/airflow/.local/lib/python3.11/site-packages/airflow/example_dags/example_short_circuit_decorator.py for tasks to queue
[2024-07-09T13:35:13.415+0000] {logging_mixin.py:188} INFO - [2024-07-09T13:35:13.415+0000] {dagbag.py:540} INFO - Filling up the DagBag from /home/airflow/.local/lib/python3.11/site-packages/airflow/example_dags/example_short_circuit_decorator.py
[2024-07-09T13:35:13.424+0000] {processor.py:840} INFO - DAG(s) 'example_short_circuit_decorator' retrieved from /home/airflow/.local/lib/python3.11/site-packages/airflow/example_dags/example_short_circuit_decorator.py
[2024-07-09T13:35:13.446+0000] {logging_mixin.py:188} INFO - [2024-07-09T13:35:13.446+0000] {dag.py:3047} INFO - Sync 1 DAGs
[2024-07-09T13:35:13.464+0000] {logging_mixin.py:188} INFO - [2024-07-09T13:35:13.464+0000] {dag.py:3834} INFO - Setting next_dagrun for example_short_circuit_decorator to 2024-07-08 00:00:00+00:00, run_after=2024-07-09 00:00:00+00:00
[2024-07-09T13:35:13.480+0000] {processor.py:183} INFO - Processing /home/airflow/.local/lib/python3.11/site-packages/airflow/example_dags/example_short_circuit_decorator.py took 0.069 seconds
[2024-07-09T13:35:43.780+0000] {processor.py:161} INFO - Started process (PID=2549) to work on /home/airflow/.local/lib/python3.11/site-packages/airflow/example_dags/example_short_circuit_decorator.py
[2024-07-09T13:35:43.781+0000] {processor.py:830} INFO - Processing file /home/airflow/.local/lib/python3.11/site-packages/airflow/example_dags/example_short_circuit_decorator.py for tasks to queue
[2024-07-09T13:35:43.782+0000] {logging_mixin.py:188} INFO - [2024-07-09T13:35:43.781+0000] {dagbag.py:540} INFO - Filling up the DagBag from /home/airflow/.local/lib/python3.11/site-packages/airflow/example_dags/example_short_circuit_decorator.py
[2024-07-09T13:35:43.790+0000] {processor.py:840} INFO - DAG(s) 'example_short_circuit_decorator' retrieved from /home/airflow/.local/lib/python3.11/site-packages/airflow/example_dags/example_short_circuit_decorator.py
[2024-07-09T13:35:43.812+0000] {logging_mixin.py:188} INFO - [2024-07-09T13:35:43.812+0000] {dag.py:3047} INFO - Sync 1 DAGs
[2024-07-09T13:35:43.829+0000] {logging_mixin.py:188} INFO - [2024-07-09T13:35:43.829+0000] {dag.py:3834} INFO - Setting next_dagrun for example_short_circuit_decorator to 2024-07-08 00:00:00+00:00, run_after=2024-07-09 00:00:00+00:00
[2024-07-09T13:35:43.845+0000] {processor.py:183} INFO - Processing /home/airflow/.local/lib/python3.11/site-packages/airflow/example_dags/example_short_circuit_decorator.py took 0.067 seconds
[2024-07-09T13:36:14.265+0000] {processor.py:161} INFO - Started process (PID=2819) to work on /home/airflow/.local/lib/python3.11/site-packages/airflow/example_dags/example_short_circuit_decorator.py
[2024-07-09T13:36:14.267+0000] {processor.py:830} INFO - Processing file /home/airflow/.local/lib/python3.11/site-packages/airflow/example_dags/example_short_circuit_decorator.py for tasks to queue
[2024-07-09T13:36:14.267+0000] {logging_mixin.py:188} INFO - [2024-07-09T13:36:14.267+0000] {dagbag.py:540} INFO - Filling up the DagBag from /home/airflow/.local/lib/python3.11/site-packages/airflow/example_dags/example_short_circuit_decorator.py
[2024-07-09T13:36:14.275+0000] {processor.py:840} INFO - DAG(s) 'example_short_circuit_decorator' retrieved from /home/airflow/.local/lib/python3.11/site-packages/airflow/example_dags/example_short_circuit_decorator.py
[2024-07-09T13:36:14.298+0000] {logging_mixin.py:188} INFO - [2024-07-09T13:36:14.298+0000] {dag.py:3047} INFO - Sync 1 DAGs
[2024-07-09T13:36:14.316+0000] {logging_mixin.py:188} INFO - [2024-07-09T13:36:14.316+0000] {dag.py:3834} INFO - Setting next_dagrun for example_short_circuit_decorator to 2024-07-08 00:00:00+00:00, run_after=2024-07-09 00:00:00+00:00
[2024-07-09T13:36:14.332+0000] {processor.py:183} INFO - Processing /home/airflow/.local/lib/python3.11/site-packages/airflow/example_dags/example_short_circuit_decorator.py took 0.069 seconds
[2024-07-09T13:36:44.541+0000] {processor.py:161} INFO - Started process (PID=3089) to work on /home/airflow/.local/lib/python3.11/site-packages/airflow/example_dags/example_short_circuit_decorator.py
[2024-07-09T13:36:44.542+0000] {processor.py:830} INFO - Processing file /home/airflow/.local/lib/python3.11/site-packages/airflow/example_dags/example_short_circuit_decorator.py for tasks to queue
[2024-07-09T13:36:44.542+0000] {logging_mixin.py:188} INFO - [2024-07-09T13:36:44.542+0000] {dagbag.py:540} INFO - Filling up the DagBag from /home/airflow/.local/lib/python3.11/site-packages/airflow/example_dags/example_short_circuit_decorator.py
[2024-07-09T13:36:44.551+0000] {processor.py:840} INFO - DAG(s) 'example_short_circuit_decorator' retrieved from /home/airflow/.local/lib/python3.11/site-packages/airflow/example_dags/example_short_circuit_decorator.py
[2024-07-09T13:36:44.573+0000] {logging_mixin.py:188} INFO - [2024-07-09T13:36:44.573+0000] {dag.py:3047} INFO - Sync 1 DAGs
[2024-07-09T13:36:44.590+0000] {logging_mixin.py:188} INFO - [2024-07-09T13:36:44.590+0000] {dag.py:3834} INFO - Setting next_dagrun for example_short_circuit_decorator to 2024-07-08 00:00:00+00:00, run_after=2024-07-09 00:00:00+00:00
[2024-07-09T13:36:44.606+0000] {processor.py:183} INFO - Processing /home/airflow/.local/lib/python3.11/site-packages/airflow/example_dags/example_short_circuit_decorator.py took 0.068 seconds
[2024-07-09T13:37:15.225+0000] {processor.py:161} INFO - Started process (PID=3359) to work on /home/airflow/.local/lib/python3.11/site-packages/airflow/example_dags/example_short_circuit_decorator.py
[2024-07-09T13:37:15.226+0000] {processor.py:830} INFO - Processing file /home/airflow/.local/lib/python3.11/site-packages/airflow/example_dags/example_short_circuit_decorator.py for tasks to queue
[2024-07-09T13:37:15.227+0000] {logging_mixin.py:188} INFO - [2024-07-09T13:37:15.227+0000] {dagbag.py:540} INFO - Filling up the DagBag from /home/airflow/.local/lib/python3.11/site-packages/airflow/example_dags/example_short_circuit_decorator.py
[2024-07-09T13:37:15.237+0000] {processor.py:840} INFO - DAG(s) 'example_short_circuit_decorator' retrieved from /home/airflow/.local/lib/python3.11/site-packages/airflow/example_dags/example_short_circuit_decorator.py
[2024-07-09T13:37:15.261+0000] {logging_mixin.py:188} INFO - [2024-07-09T13:37:15.261+0000] {dag.py:3047} INFO - Sync 1 DAGs
[2024-07-09T13:37:15.280+0000] {logging_mixin.py:188} INFO - [2024-07-09T13:37:15.280+0000] {dag.py:3834} INFO - Setting next_dagrun for example_short_circuit_decorator to 2024-07-08 00:00:00+00:00, run_after=2024-07-09 00:00:00+00:00
[2024-07-09T13:37:15.297+0000] {processor.py:183} INFO - Processing /home/airflow/.local/lib/python3.11/site-packages/airflow/example_dags/example_short_circuit_decorator.py took 0.075 seconds
[2024-07-09T13:46:13.152+0000] {processor.py:161} INFO - Started process (PID=389) to work on /home/airflow/.local/lib/python3.11/site-packages/airflow/example_dags/example_short_circuit_decorator.py
[2024-07-09T13:46:13.153+0000] {processor.py:830} INFO - Processing file /home/airflow/.local/lib/python3.11/site-packages/airflow/example_dags/example_short_circuit_decorator.py for tasks to queue
[2024-07-09T13:46:13.154+0000] {logging_mixin.py:188} INFO - [2024-07-09T13:46:13.153+0000] {dagbag.py:540} INFO - Filling up the DagBag from /home/airflow/.local/lib/python3.11/site-packages/airflow/example_dags/example_short_circuit_decorator.py
[2024-07-09T13:46:13.162+0000] {processor.py:840} INFO - DAG(s) 'example_short_circuit_decorator' retrieved from /home/airflow/.local/lib/python3.11/site-packages/airflow/example_dags/example_short_circuit_decorator.py
[2024-07-09T13:46:13.249+0000] {logging_mixin.py:188} INFO - [2024-07-09T13:46:13.249+0000] {override.py:1769} INFO - Created Permission View: can delete on DAG:example_short_circuit_decorator
[2024-07-09T13:46:13.258+0000] {logging_mixin.py:188} INFO - [2024-07-09T13:46:13.257+0000] {override.py:1769} INFO - Created Permission View: can read on DAG:example_short_circuit_decorator
[2024-07-09T13:46:13.264+0000] {logging_mixin.py:188} INFO - [2024-07-09T13:46:13.264+0000] {override.py:1769} INFO - Created Permission View: can edit on DAG:example_short_circuit_decorator
[2024-07-09T13:46:13.265+0000] {logging_mixin.py:188} INFO - [2024-07-09T13:46:13.265+0000] {dag.py:3047} INFO - Sync 1 DAGs
[2024-07-09T13:46:13.277+0000] {logging_mixin.py:188} INFO - [2024-07-09T13:46:13.277+0000] {dag.py:3069} INFO - Creating ORM DAG for example_short_circuit_decorator
[2024-07-09T13:46:13.286+0000] {logging_mixin.py:188} INFO - [2024-07-09T13:46:13.286+0000] {dag.py:3834} INFO - Setting next_dagrun for example_short_circuit_decorator to 2024-07-08 00:00:00+00:00, run_after=2024-07-09 00:00:00+00:00
[2024-07-09T13:46:13.299+0000] {processor.py:183} INFO - Processing /home/airflow/.local/lib/python3.11/site-packages/airflow/example_dags/example_short_circuit_decorator.py took 0.150 seconds
[2024-07-09T13:46:43.333+0000] {processor.py:161} INFO - Started process (PID=671) to work on /home/airflow/.local/lib/python3.11/site-packages/airflow/example_dags/example_short_circuit_decorator.py
[2024-07-09T13:46:43.334+0000] {processor.py:830} INFO - Processing file /home/airflow/.local/lib/python3.11/site-packages/airflow/example_dags/example_short_circuit_decorator.py for tasks to queue
[2024-07-09T13:46:43.335+0000] {logging_mixin.py:188} INFO - [2024-07-09T13:46:43.334+0000] {dagbag.py:540} INFO - Filling up the DagBag from /home/airflow/.local/lib/python3.11/site-packages/airflow/example_dags/example_short_circuit_decorator.py
[2024-07-09T13:46:43.342+0000] {processor.py:840} INFO - DAG(s) 'example_short_circuit_decorator' retrieved from /home/airflow/.local/lib/python3.11/site-packages/airflow/example_dags/example_short_circuit_decorator.py
[2024-07-09T13:46:43.364+0000] {logging_mixin.py:188} INFO - [2024-07-09T13:46:43.364+0000] {dag.py:3047} INFO - Sync 1 DAGs
[2024-07-09T13:46:43.381+0000] {logging_mixin.py:188} INFO - [2024-07-09T13:46:43.380+0000] {dag.py:3834} INFO - Setting next_dagrun for example_short_circuit_decorator to 2024-07-08 00:00:00+00:00, run_after=2024-07-09 00:00:00+00:00
[2024-07-09T13:46:43.396+0000] {processor.py:183} INFO - Processing /home/airflow/.local/lib/python3.11/site-packages/airflow/example_dags/example_short_circuit_decorator.py took 0.065 seconds
[2024-07-09T13:47:14.096+0000] {processor.py:161} INFO - Started process (PID=929) to work on /home/airflow/.local/lib/python3.11/site-packages/airflow/example_dags/example_short_circuit_decorator.py
[2024-07-09T13:47:14.097+0000] {processor.py:830} INFO - Processing file /home/airflow/.local/lib/python3.11/site-packages/airflow/example_dags/example_short_circuit_decorator.py for tasks to queue
[2024-07-09T13:47:14.098+0000] {logging_mixin.py:188} INFO - [2024-07-09T13:47:14.097+0000] {dagbag.py:540} INFO - Filling up the DagBag from /home/airflow/.local/lib/python3.11/site-packages/airflow/example_dags/example_short_circuit_decorator.py
[2024-07-09T13:47:14.106+0000] {processor.py:840} INFO - DAG(s) 'example_short_circuit_decorator' retrieved from /home/airflow/.local/lib/python3.11/site-packages/airflow/example_dags/example_short_circuit_decorator.py
[2024-07-09T13:47:14.127+0000] {logging_mixin.py:188} INFO - [2024-07-09T13:47:14.127+0000] {dag.py:3047} INFO - Sync 1 DAGs
[2024-07-09T13:47:14.144+0000] {logging_mixin.py:188} INFO - [2024-07-09T13:47:14.144+0000] {dag.py:3834} INFO - Setting next_dagrun for example_short_circuit_decorator to 2024-07-08 00:00:00+00:00, run_after=2024-07-09 00:00:00+00:00
[2024-07-09T13:47:14.161+0000] {processor.py:183} INFO - Processing /home/airflow/.local/lib/python3.11/site-packages/airflow/example_dags/example_short_circuit_decorator.py took 0.067 seconds
[2024-07-09T13:47:45.868+0000] {processor.py:161} INFO - Started process (PID=1201) to work on /home/airflow/.local/lib/python3.11/site-packages/airflow/example_dags/example_short_circuit_decorator.py
[2024-07-09T13:47:45.869+0000] {processor.py:830} INFO - Processing file /home/airflow/.local/lib/python3.11/site-packages/airflow/example_dags/example_short_circuit_decorator.py for tasks to queue
[2024-07-09T13:47:45.870+0000] {logging_mixin.py:188} INFO - [2024-07-09T13:47:45.870+0000] {dagbag.py:540} INFO - Filling up the DagBag from /home/airflow/.local/lib/python3.11/site-packages/airflow/example_dags/example_short_circuit_decorator.py
[2024-07-09T13:47:45.977+0000] {processor.py:840} INFO - DAG(s) 'example_short_circuit_decorator' retrieved from /home/airflow/.local/lib/python3.11/site-packages/airflow/example_dags/example_short_circuit_decorator.py
[2024-07-09T13:47:45.996+0000] {logging_mixin.py:188} INFO - [2024-07-09T13:47:45.995+0000] {dag.py:3047} INFO - Sync 1 DAGs
[2024-07-09T13:47:46.015+0000] {logging_mixin.py:188} INFO - [2024-07-09T13:47:46.015+0000] {dag.py:3834} INFO - Setting next_dagrun for example_short_circuit_decorator to 2024-07-08 00:00:00+00:00, run_after=2024-07-09 00:00:00+00:00
[2024-07-09T13:47:46.032+0000] {processor.py:183} INFO - Processing /home/airflow/.local/lib/python3.11/site-packages/airflow/example_dags/example_short_circuit_decorator.py took 0.166 seconds
[2024-07-09T13:48:16.747+0000] {processor.py:161} INFO - Started process (PID=1471) to work on /home/airflow/.local/lib/python3.11/site-packages/airflow/example_dags/example_short_circuit_decorator.py
[2024-07-09T13:48:16.748+0000] {processor.py:830} INFO - Processing file /home/airflow/.local/lib/python3.11/site-packages/airflow/example_dags/example_short_circuit_decorator.py for tasks to queue
[2024-07-09T13:48:16.749+0000] {logging_mixin.py:188} INFO - [2024-07-09T13:48:16.749+0000] {dagbag.py:540} INFO - Filling up the DagBag from /home/airflow/.local/lib/python3.11/site-packages/airflow/example_dags/example_short_circuit_decorator.py
[2024-07-09T13:48:16.757+0000] {processor.py:840} INFO - DAG(s) 'example_short_circuit_decorator' retrieved from /home/airflow/.local/lib/python3.11/site-packages/airflow/example_dags/example_short_circuit_decorator.py
[2024-07-09T13:48:16.780+0000] {logging_mixin.py:188} INFO - [2024-07-09T13:48:16.780+0000] {dag.py:3047} INFO - Sync 1 DAGs
[2024-07-09T13:48:16.797+0000] {logging_mixin.py:188} INFO - [2024-07-09T13:48:16.797+0000] {dag.py:3834} INFO - Setting next_dagrun for example_short_circuit_decorator to 2024-07-08 00:00:00+00:00, run_after=2024-07-09 00:00:00+00:00
[2024-07-09T13:48:16.812+0000] {processor.py:183} INFO - Processing /home/airflow/.local/lib/python3.11/site-packages/airflow/example_dags/example_short_circuit_decorator.py took 0.067 seconds
[2024-07-09T13:48:47.084+0000] {processor.py:161} INFO - Started process (PID=1739) to work on /home/airflow/.local/lib/python3.11/site-packages/airflow/example_dags/example_short_circuit_decorator.py
[2024-07-09T13:48:47.085+0000] {processor.py:830} INFO - Processing file /home/airflow/.local/lib/python3.11/site-packages/airflow/example_dags/example_short_circuit_decorator.py for tasks to queue
[2024-07-09T13:48:47.086+0000] {logging_mixin.py:188} INFO - [2024-07-09T13:48:47.085+0000] {dagbag.py:540} INFO - Filling up the DagBag from /home/airflow/.local/lib/python3.11/site-packages/airflow/example_dags/example_short_circuit_decorator.py
[2024-07-09T13:48:47.094+0000] {processor.py:840} INFO - DAG(s) 'example_short_circuit_decorator' retrieved from /home/airflow/.local/lib/python3.11/site-packages/airflow/example_dags/example_short_circuit_decorator.py
[2024-07-09T13:48:47.115+0000] {logging_mixin.py:188} INFO - [2024-07-09T13:48:47.115+0000] {dag.py:3047} INFO - Sync 1 DAGs
[2024-07-09T13:48:47.132+0000] {logging_mixin.py:188} INFO - [2024-07-09T13:48:47.132+0000] {dag.py:3834} INFO - Setting next_dagrun for example_short_circuit_decorator to 2024-07-08 00:00:00+00:00, run_after=2024-07-09 00:00:00+00:00
[2024-07-09T13:48:47.148+0000] {processor.py:183} INFO - Processing /home/airflow/.local/lib/python3.11/site-packages/airflow/example_dags/example_short_circuit_decorator.py took 0.067 seconds
[2024-07-09T13:49:17.614+0000] {processor.py:161} INFO - Started process (PID=2009) to work on /home/airflow/.local/lib/python3.11/site-packages/airflow/example_dags/example_short_circuit_decorator.py
[2024-07-09T13:49:17.615+0000] {processor.py:830} INFO - Processing file /home/airflow/.local/lib/python3.11/site-packages/airflow/example_dags/example_short_circuit_decorator.py for tasks to queue
[2024-07-09T13:49:17.616+0000] {logging_mixin.py:188} INFO - [2024-07-09T13:49:17.616+0000] {dagbag.py:540} INFO - Filling up the DagBag from /home/airflow/.local/lib/python3.11/site-packages/airflow/example_dags/example_short_circuit_decorator.py
[2024-07-09T13:49:17.626+0000] {processor.py:840} INFO - DAG(s) 'example_short_circuit_decorator' retrieved from /home/airflow/.local/lib/python3.11/site-packages/airflow/example_dags/example_short_circuit_decorator.py
[2024-07-09T13:49:17.649+0000] {logging_mixin.py:188} INFO - [2024-07-09T13:49:17.648+0000] {dag.py:3047} INFO - Sync 1 DAGs
[2024-07-09T13:49:17.666+0000] {logging_mixin.py:188} INFO - [2024-07-09T13:49:17.666+0000] {dag.py:3834} INFO - Setting next_dagrun for example_short_circuit_decorator to 2024-07-08 00:00:00+00:00, run_after=2024-07-09 00:00:00+00:00
[2024-07-09T13:49:17.683+0000] {processor.py:183} INFO - Processing /home/airflow/.local/lib/python3.11/site-packages/airflow/example_dags/example_short_circuit_decorator.py took 0.072 seconds
[2024-07-09T13:49:47.736+0000] {processor.py:161} INFO - Started process (PID=2279) to work on /home/airflow/.local/lib/python3.11/site-packages/airflow/example_dags/example_short_circuit_decorator.py
[2024-07-09T13:49:47.737+0000] {processor.py:830} INFO - Processing file /home/airflow/.local/lib/python3.11/site-packages/airflow/example_dags/example_short_circuit_decorator.py for tasks to queue
[2024-07-09T13:49:47.738+0000] {logging_mixin.py:188} INFO - [2024-07-09T13:49:47.737+0000] {dagbag.py:540} INFO - Filling up the DagBag from /home/airflow/.local/lib/python3.11/site-packages/airflow/example_dags/example_short_circuit_decorator.py
[2024-07-09T13:49:47.746+0000] {processor.py:840} INFO - DAG(s) 'example_short_circuit_decorator' retrieved from /home/airflow/.local/lib/python3.11/site-packages/airflow/example_dags/example_short_circuit_decorator.py
[2024-07-09T13:49:47.771+0000] {logging_mixin.py:188} INFO - [2024-07-09T13:49:47.771+0000] {dag.py:3047} INFO - Sync 1 DAGs
[2024-07-09T13:49:47.795+0000] {logging_mixin.py:188} INFO - [2024-07-09T13:49:47.795+0000] {dag.py:3834} INFO - Setting next_dagrun for example_short_circuit_decorator to 2024-07-08 00:00:00+00:00, run_after=2024-07-09 00:00:00+00:00
[2024-07-09T13:49:47.812+0000] {processor.py:183} INFO - Processing /home/airflow/.local/lib/python3.11/site-packages/airflow/example_dags/example_short_circuit_decorator.py took 0.080 seconds
[2024-07-09T13:50:18.113+0000] {processor.py:161} INFO - Started process (PID=2549) to work on /home/airflow/.local/lib/python3.11/site-packages/airflow/example_dags/example_short_circuit_decorator.py
[2024-07-09T13:50:18.114+0000] {processor.py:830} INFO - Processing file /home/airflow/.local/lib/python3.11/site-packages/airflow/example_dags/example_short_circuit_decorator.py for tasks to queue
[2024-07-09T13:50:18.115+0000] {logging_mixin.py:188} INFO - [2024-07-09T13:50:18.115+0000] {dagbag.py:540} INFO - Filling up the DagBag from /home/airflow/.local/lib/python3.11/site-packages/airflow/example_dags/example_short_circuit_decorator.py
[2024-07-09T13:50:18.123+0000] {processor.py:840} INFO - DAG(s) 'example_short_circuit_decorator' retrieved from /home/airflow/.local/lib/python3.11/site-packages/airflow/example_dags/example_short_circuit_decorator.py
[2024-07-09T13:50:18.146+0000] {logging_mixin.py:188} INFO - [2024-07-09T13:50:18.146+0000] {dag.py:3047} INFO - Sync 1 DAGs
[2024-07-09T13:50:18.166+0000] {logging_mixin.py:188} INFO - [2024-07-09T13:50:18.165+0000] {dag.py:3834} INFO - Setting next_dagrun for example_short_circuit_decorator to 2024-07-08 00:00:00+00:00, run_after=2024-07-09 00:00:00+00:00
[2024-07-09T13:50:18.180+0000] {processor.py:183} INFO - Processing /home/airflow/.local/lib/python3.11/site-packages/airflow/example_dags/example_short_circuit_decorator.py took 0.069 seconds
[2024-07-09T13:50:48.570+0000] {processor.py:161} INFO - Started process (PID=2819) to work on /home/airflow/.local/lib/python3.11/site-packages/airflow/example_dags/example_short_circuit_decorator.py
[2024-07-09T13:50:48.571+0000] {processor.py:830} INFO - Processing file /home/airflow/.local/lib/python3.11/site-packages/airflow/example_dags/example_short_circuit_decorator.py for tasks to queue
[2024-07-09T13:50:48.571+0000] {logging_mixin.py:188} INFO - [2024-07-09T13:50:48.571+0000] {dagbag.py:540} INFO - Filling up the DagBag from /home/airflow/.local/lib/python3.11/site-packages/airflow/example_dags/example_short_circuit_decorator.py
[2024-07-09T13:50:48.580+0000] {processor.py:840} INFO - DAG(s) 'example_short_circuit_decorator' retrieved from /home/airflow/.local/lib/python3.11/site-packages/airflow/example_dags/example_short_circuit_decorator.py
[2024-07-09T13:50:48.604+0000] {logging_mixin.py:188} INFO - [2024-07-09T13:50:48.604+0000] {dag.py:3047} INFO - Sync 1 DAGs
[2024-07-09T13:50:48.622+0000] {logging_mixin.py:188} INFO - [2024-07-09T13:50:48.622+0000] {dag.py:3834} INFO - Setting next_dagrun for example_short_circuit_decorator to 2024-07-08 00:00:00+00:00, run_after=2024-07-09 00:00:00+00:00
[2024-07-09T13:50:48.637+0000] {processor.py:183} INFO - Processing /home/airflow/.local/lib/python3.11/site-packages/airflow/example_dags/example_short_circuit_decorator.py took 0.070 seconds
[2024-07-09T13:51:18.918+0000] {processor.py:161} INFO - Started process (PID=3089) to work on /home/airflow/.local/lib/python3.11/site-packages/airflow/example_dags/example_short_circuit_decorator.py
[2024-07-09T13:51:18.919+0000] {processor.py:830} INFO - Processing file /home/airflow/.local/lib/python3.11/site-packages/airflow/example_dags/example_short_circuit_decorator.py for tasks to queue
[2024-07-09T13:51:18.920+0000] {logging_mixin.py:188} INFO - [2024-07-09T13:51:18.919+0000] {dagbag.py:540} INFO - Filling up the DagBag from /home/airflow/.local/lib/python3.11/site-packages/airflow/example_dags/example_short_circuit_decorator.py
[2024-07-09T13:51:18.928+0000] {processor.py:840} INFO - DAG(s) 'example_short_circuit_decorator' retrieved from /home/airflow/.local/lib/python3.11/site-packages/airflow/example_dags/example_short_circuit_decorator.py
[2024-07-09T13:51:18.950+0000] {logging_mixin.py:188} INFO - [2024-07-09T13:51:18.949+0000] {dag.py:3047} INFO - Sync 1 DAGs
[2024-07-09T13:51:18.967+0000] {logging_mixin.py:188} INFO - [2024-07-09T13:51:18.967+0000] {dag.py:3834} INFO - Setting next_dagrun for example_short_circuit_decorator to 2024-07-08 00:00:00+00:00, run_after=2024-07-09 00:00:00+00:00
[2024-07-09T13:51:18.983+0000] {processor.py:183} INFO - Processing /home/airflow/.local/lib/python3.11/site-packages/airflow/example_dags/example_short_circuit_decorator.py took 0.068 seconds
