[2024-07-09T13:18:47.213+0000] {processor.py:161} INFO - Started process (PID=196) to work on /home/airflow/.local/lib/python3.11/site-packages/airflow/example_dags/example_sensor_decorator.py
[2024-07-09T13:18:47.213+0000] {processor.py:830} INFO - Processing file /home/airflow/.local/lib/python3.11/site-packages/airflow/example_dags/example_sensor_decorator.py for tasks to queue
[2024-07-09T13:18:47.214+0000] {logging_mixin.py:188} INFO - [2024-07-09T13:18:47.214+0000] {dagbag.py:540} INFO - Filling up the DagBag from /home/airflow/.local/lib/python3.11/site-packages/airflow/example_dags/example_sensor_decorator.py
[2024-07-09T13:18:47.221+0000] {processor.py:840} INFO - DAG(s) 'example_sensor_decorator' retrieved from /home/airflow/.local/lib/python3.11/site-packages/airflow/example_dags/example_sensor_decorator.py
[2024-07-09T13:18:47.327+0000] {logging_mixin.py:188} INFO - [2024-07-09T13:18:47.326+0000] {override.py:1769} INFO - Created Permission View: can delete on DAG:example_sensor_decorator
[2024-07-09T13:18:47.337+0000] {logging_mixin.py:188} INFO - [2024-07-09T13:18:47.336+0000] {override.py:1769} INFO - Created Permission View: can read on DAG:example_sensor_decorator
[2024-07-09T13:18:47.343+0000] {logging_mixin.py:188} INFO - [2024-07-09T13:18:47.343+0000] {override.py:1769} INFO - Created Permission View: can edit on DAG:example_sensor_decorator
[2024-07-09T13:18:47.343+0000] {logging_mixin.py:188} INFO - [2024-07-09T13:18:47.343+0000] {dag.py:3047} INFO - Sync 1 DAGs
[2024-07-09T13:18:47.354+0000] {logging_mixin.py:188} INFO - [2024-07-09T13:18:47.353+0000] {dag.py:3069} INFO - Creating ORM DAG for example_sensor_decorator
[2024-07-09T13:18:47.354+0000] {logging_mixin.py:188} INFO - [2024-07-09T13:18:47.354+0000] {dag.py:3834} INFO - Setting next_dagrun for example_sensor_decorator to None, run_after=None
[2024-07-09T13:18:47.367+0000] {processor.py:183} INFO - Processing /home/airflow/.local/lib/python3.11/site-packages/airflow/example_dags/example_sensor_decorator.py took 0.156 seconds
[2024-07-09T13:19:18.017+0000] {processor.py:161} INFO - Started process (PID=451) to work on /home/airflow/.local/lib/python3.11/site-packages/airflow/example_dags/example_sensor_decorator.py
[2024-07-09T13:19:18.018+0000] {processor.py:830} INFO - Processing file /home/airflow/.local/lib/python3.11/site-packages/airflow/example_dags/example_sensor_decorator.py for tasks to queue
[2024-07-09T13:19:18.019+0000] {logging_mixin.py:188} INFO - [2024-07-09T13:19:18.019+0000] {dagbag.py:540} INFO - Filling up the DagBag from /home/airflow/.local/lib/python3.11/site-packages/airflow/example_dags/example_sensor_decorator.py
[2024-07-09T13:19:18.024+0000] {processor.py:840} INFO - DAG(s) 'example_sensor_decorator' retrieved from /home/airflow/.local/lib/python3.11/site-packages/airflow/example_dags/example_sensor_decorator.py
[2024-07-09T13:19:18.045+0000] {logging_mixin.py:188} INFO - [2024-07-09T13:19:18.045+0000] {dag.py:3047} INFO - Sync 1 DAGs
[2024-07-09T13:19:18.055+0000] {logging_mixin.py:188} INFO - [2024-07-09T13:19:18.055+0000] {dag.py:3834} INFO - Setting next_dagrun for example_sensor_decorator to None, run_after=None
[2024-07-09T13:19:18.071+0000] {processor.py:183} INFO - Processing /home/airflow/.local/lib/python3.11/site-packages/airflow/example_dags/example_sensor_decorator.py took 0.057 seconds
[2024-07-09T13:19:48.913+0000] {processor.py:161} INFO - Started process (PID=721) to work on /home/airflow/.local/lib/python3.11/site-packages/airflow/example_dags/example_sensor_decorator.py
[2024-07-09T13:19:48.914+0000] {processor.py:830} INFO - Processing file /home/airflow/.local/lib/python3.11/site-packages/airflow/example_dags/example_sensor_decorator.py for tasks to queue
[2024-07-09T13:19:48.915+0000] {logging_mixin.py:188} INFO - [2024-07-09T13:19:48.915+0000] {dagbag.py:540} INFO - Filling up the DagBag from /home/airflow/.local/lib/python3.11/site-packages/airflow/example_dags/example_sensor_decorator.py
[2024-07-09T13:19:48.919+0000] {processor.py:840} INFO - DAG(s) 'example_sensor_decorator' retrieved from /home/airflow/.local/lib/python3.11/site-packages/airflow/example_dags/example_sensor_decorator.py
[2024-07-09T13:19:48.939+0000] {logging_mixin.py:188} INFO - [2024-07-09T13:19:48.939+0000] {dag.py:3047} INFO - Sync 1 DAGs
[2024-07-09T13:19:48.949+0000] {logging_mixin.py:188} INFO - [2024-07-09T13:19:48.949+0000] {dag.py:3834} INFO - Setting next_dagrun for example_sensor_decorator to None, run_after=None
[2024-07-09T13:19:48.964+0000] {processor.py:183} INFO - Processing /home/airflow/.local/lib/python3.11/site-packages/airflow/example_dags/example_sensor_decorator.py took 0.053 seconds
[2024-07-09T13:20:20.008+0000] {processor.py:161} INFO - Started process (PID=1004) to work on /home/airflow/.local/lib/python3.11/site-packages/airflow/example_dags/example_sensor_decorator.py
[2024-07-09T13:20:20.009+0000] {processor.py:830} INFO - Processing file /home/airflow/.local/lib/python3.11/site-packages/airflow/example_dags/example_sensor_decorator.py for tasks to queue
[2024-07-09T13:20:20.009+0000] {logging_mixin.py:188} INFO - [2024-07-09T13:20:20.009+0000] {dagbag.py:540} INFO - Filling up the DagBag from /home/airflow/.local/lib/python3.11/site-packages/airflow/example_dags/example_sensor_decorator.py
[2024-07-09T13:20:20.014+0000] {processor.py:840} INFO - DAG(s) 'example_sensor_decorator' retrieved from /home/airflow/.local/lib/python3.11/site-packages/airflow/example_dags/example_sensor_decorator.py
[2024-07-09T13:20:20.034+0000] {logging_mixin.py:188} INFO - [2024-07-09T13:20:20.033+0000] {dag.py:3047} INFO - Sync 1 DAGs
[2024-07-09T13:20:20.043+0000] {logging_mixin.py:188} INFO - [2024-07-09T13:20:20.043+0000] {dag.py:3834} INFO - Setting next_dagrun for example_sensor_decorator to None, run_after=None
[2024-07-09T13:20:20.060+0000] {processor.py:183} INFO - Processing /home/airflow/.local/lib/python3.11/site-packages/airflow/example_dags/example_sensor_decorator.py took 0.055 seconds
[2024-07-09T13:20:51.044+0000] {processor.py:161} INFO - Started process (PID=1261) to work on /home/airflow/.local/lib/python3.11/site-packages/airflow/example_dags/example_sensor_decorator.py
[2024-07-09T13:20:51.045+0000] {processor.py:830} INFO - Processing file /home/airflow/.local/lib/python3.11/site-packages/airflow/example_dags/example_sensor_decorator.py for tasks to queue
[2024-07-09T13:20:51.046+0000] {logging_mixin.py:188} INFO - [2024-07-09T13:20:51.046+0000] {dagbag.py:540} INFO - Filling up the DagBag from /home/airflow/.local/lib/python3.11/site-packages/airflow/example_dags/example_sensor_decorator.py
[2024-07-09T13:20:51.055+0000] {processor.py:840} INFO - DAG(s) 'example_sensor_decorator' retrieved from /home/airflow/.local/lib/python3.11/site-packages/airflow/example_dags/example_sensor_decorator.py
[2024-07-09T13:20:51.083+0000] {logging_mixin.py:188} INFO - [2024-07-09T13:20:51.082+0000] {dag.py:3047} INFO - Sync 1 DAGs
[2024-07-09T13:20:51.103+0000] {logging_mixin.py:188} INFO - [2024-07-09T13:20:51.103+0000] {dag.py:3834} INFO - Setting next_dagrun for example_sensor_decorator to None, run_after=None
[2024-07-09T13:20:51.133+0000] {processor.py:183} INFO - Processing /home/airflow/.local/lib/python3.11/site-packages/airflow/example_dags/example_sensor_decorator.py took 0.093 seconds
[2024-07-09T13:21:22.093+0000] {processor.py:161} INFO - Started process (PID=1531) to work on /home/airflow/.local/lib/python3.11/site-packages/airflow/example_dags/example_sensor_decorator.py
[2024-07-09T13:21:22.094+0000] {processor.py:830} INFO - Processing file /home/airflow/.local/lib/python3.11/site-packages/airflow/example_dags/example_sensor_decorator.py for tasks to queue
[2024-07-09T13:21:22.094+0000] {logging_mixin.py:188} INFO - [2024-07-09T13:21:22.094+0000] {dagbag.py:540} INFO - Filling up the DagBag from /home/airflow/.local/lib/python3.11/site-packages/airflow/example_dags/example_sensor_decorator.py
[2024-07-09T13:21:22.099+0000] {processor.py:840} INFO - DAG(s) 'example_sensor_decorator' retrieved from /home/airflow/.local/lib/python3.11/site-packages/airflow/example_dags/example_sensor_decorator.py
[2024-07-09T13:21:22.120+0000] {logging_mixin.py:188} INFO - [2024-07-09T13:21:22.120+0000] {dag.py:3047} INFO - Sync 1 DAGs
[2024-07-09T13:21:22.130+0000] {logging_mixin.py:188} INFO - [2024-07-09T13:21:22.130+0000] {dag.py:3834} INFO - Setting next_dagrun for example_sensor_decorator to None, run_after=None
[2024-07-09T13:21:22.146+0000] {processor.py:183} INFO - Processing /home/airflow/.local/lib/python3.11/site-packages/airflow/example_dags/example_sensor_decorator.py took 0.056 seconds
[2024-07-09T13:21:52.732+0000] {processor.py:161} INFO - Started process (PID=1801) to work on /home/airflow/.local/lib/python3.11/site-packages/airflow/example_dags/example_sensor_decorator.py
[2024-07-09T13:21:52.733+0000] {processor.py:830} INFO - Processing file /home/airflow/.local/lib/python3.11/site-packages/airflow/example_dags/example_sensor_decorator.py for tasks to queue
[2024-07-09T13:21:52.734+0000] {logging_mixin.py:188} INFO - [2024-07-09T13:21:52.734+0000] {dagbag.py:540} INFO - Filling up the DagBag from /home/airflow/.local/lib/python3.11/site-packages/airflow/example_dags/example_sensor_decorator.py
[2024-07-09T13:21:52.740+0000] {processor.py:840} INFO - DAG(s) 'example_sensor_decorator' retrieved from /home/airflow/.local/lib/python3.11/site-packages/airflow/example_dags/example_sensor_decorator.py
[2024-07-09T13:21:52.761+0000] {logging_mixin.py:188} INFO - [2024-07-09T13:21:52.761+0000] {dag.py:3047} INFO - Sync 1 DAGs
[2024-07-09T13:21:52.772+0000] {logging_mixin.py:188} INFO - [2024-07-09T13:21:52.771+0000] {dag.py:3834} INFO - Setting next_dagrun for example_sensor_decorator to None, run_after=None
[2024-07-09T13:21:52.788+0000] {processor.py:183} INFO - Processing /home/airflow/.local/lib/python3.11/site-packages/airflow/example_dags/example_sensor_decorator.py took 0.060 seconds
[2024-07-09T13:22:23.542+0000] {processor.py:161} INFO - Started process (PID=2071) to work on /home/airflow/.local/lib/python3.11/site-packages/airflow/example_dags/example_sensor_decorator.py
[2024-07-09T13:22:23.543+0000] {processor.py:830} INFO - Processing file /home/airflow/.local/lib/python3.11/site-packages/airflow/example_dags/example_sensor_decorator.py for tasks to queue
[2024-07-09T13:22:23.544+0000] {logging_mixin.py:188} INFO - [2024-07-09T13:22:23.544+0000] {dagbag.py:540} INFO - Filling up the DagBag from /home/airflow/.local/lib/python3.11/site-packages/airflow/example_dags/example_sensor_decorator.py
[2024-07-09T13:22:23.551+0000] {processor.py:840} INFO - DAG(s) 'example_sensor_decorator' retrieved from /home/airflow/.local/lib/python3.11/site-packages/airflow/example_dags/example_sensor_decorator.py
[2024-07-09T13:22:23.572+0000] {logging_mixin.py:188} INFO - [2024-07-09T13:22:23.572+0000] {dag.py:3047} INFO - Sync 1 DAGs
[2024-07-09T13:22:23.583+0000] {logging_mixin.py:188} INFO - [2024-07-09T13:22:23.583+0000] {dag.py:3834} INFO - Setting next_dagrun for example_sensor_decorator to None, run_after=None
[2024-07-09T13:22:23.598+0000] {processor.py:183} INFO - Processing /home/airflow/.local/lib/python3.11/site-packages/airflow/example_dags/example_sensor_decorator.py took 0.060 seconds
[2024-07-09T13:22:54.282+0000] {processor.py:161} INFO - Started process (PID=2341) to work on /home/airflow/.local/lib/python3.11/site-packages/airflow/example_dags/example_sensor_decorator.py
[2024-07-09T13:22:54.283+0000] {processor.py:830} INFO - Processing file /home/airflow/.local/lib/python3.11/site-packages/airflow/example_dags/example_sensor_decorator.py for tasks to queue
[2024-07-09T13:22:54.283+0000] {logging_mixin.py:188} INFO - [2024-07-09T13:22:54.283+0000] {dagbag.py:540} INFO - Filling up the DagBag from /home/airflow/.local/lib/python3.11/site-packages/airflow/example_dags/example_sensor_decorator.py
[2024-07-09T13:22:54.288+0000] {processor.py:840} INFO - DAG(s) 'example_sensor_decorator' retrieved from /home/airflow/.local/lib/python3.11/site-packages/airflow/example_dags/example_sensor_decorator.py
[2024-07-09T13:22:54.308+0000] {logging_mixin.py:188} INFO - [2024-07-09T13:22:54.308+0000] {dag.py:3047} INFO - Sync 1 DAGs
[2024-07-09T13:22:54.318+0000] {logging_mixin.py:188} INFO - [2024-07-09T13:22:54.318+0000] {dag.py:3834} INFO - Setting next_dagrun for example_sensor_decorator to None, run_after=None
[2024-07-09T13:22:54.335+0000] {processor.py:183} INFO - Processing /home/airflow/.local/lib/python3.11/site-packages/airflow/example_dags/example_sensor_decorator.py took 0.056 seconds
[2024-07-09T13:23:25.051+0000] {processor.py:161} INFO - Started process (PID=2611) to work on /home/airflow/.local/lib/python3.11/site-packages/airflow/example_dags/example_sensor_decorator.py
[2024-07-09T13:23:25.052+0000] {processor.py:830} INFO - Processing file /home/airflow/.local/lib/python3.11/site-packages/airflow/example_dags/example_sensor_decorator.py for tasks to queue
[2024-07-09T13:23:25.053+0000] {logging_mixin.py:188} INFO - [2024-07-09T13:23:25.052+0000] {dagbag.py:540} INFO - Filling up the DagBag from /home/airflow/.local/lib/python3.11/site-packages/airflow/example_dags/example_sensor_decorator.py
[2024-07-09T13:23:25.059+0000] {processor.py:840} INFO - DAG(s) 'example_sensor_decorator' retrieved from /home/airflow/.local/lib/python3.11/site-packages/airflow/example_dags/example_sensor_decorator.py
[2024-07-09T13:23:25.081+0000] {logging_mixin.py:188} INFO - [2024-07-09T13:23:25.081+0000] {dag.py:3047} INFO - Sync 1 DAGs
[2024-07-09T13:23:25.093+0000] {logging_mixin.py:188} INFO - [2024-07-09T13:23:25.093+0000] {dag.py:3834} INFO - Setting next_dagrun for example_sensor_decorator to None, run_after=None
[2024-07-09T13:23:25.110+0000] {processor.py:183} INFO - Processing /home/airflow/.local/lib/python3.11/site-packages/airflow/example_dags/example_sensor_decorator.py took 0.061 seconds
[2024-07-09T13:23:55.824+0000] {processor.py:161} INFO - Started process (PID=2881) to work on /home/airflow/.local/lib/python3.11/site-packages/airflow/example_dags/example_sensor_decorator.py
[2024-07-09T13:23:55.824+0000] {processor.py:830} INFO - Processing file /home/airflow/.local/lib/python3.11/site-packages/airflow/example_dags/example_sensor_decorator.py for tasks to queue
[2024-07-09T13:23:55.825+0000] {logging_mixin.py:188} INFO - [2024-07-09T13:23:55.825+0000] {dagbag.py:540} INFO - Filling up the DagBag from /home/airflow/.local/lib/python3.11/site-packages/airflow/example_dags/example_sensor_decorator.py
[2024-07-09T13:23:55.830+0000] {processor.py:840} INFO - DAG(s) 'example_sensor_decorator' retrieved from /home/airflow/.local/lib/python3.11/site-packages/airflow/example_dags/example_sensor_decorator.py
[2024-07-09T13:23:55.853+0000] {logging_mixin.py:188} INFO - [2024-07-09T13:23:55.853+0000] {dag.py:3047} INFO - Sync 1 DAGs
[2024-07-09T13:23:55.863+0000] {logging_mixin.py:188} INFO - [2024-07-09T13:23:55.863+0000] {dag.py:3834} INFO - Setting next_dagrun for example_sensor_decorator to None, run_after=None
[2024-07-09T13:23:55.879+0000] {processor.py:183} INFO - Processing /home/airflow/.local/lib/python3.11/site-packages/airflow/example_dags/example_sensor_decorator.py took 0.058 seconds
[2024-07-09T13:24:26.495+0000] {processor.py:161} INFO - Started process (PID=3151) to work on /home/airflow/.local/lib/python3.11/site-packages/airflow/example_dags/example_sensor_decorator.py
[2024-07-09T13:24:26.496+0000] {processor.py:830} INFO - Processing file /home/airflow/.local/lib/python3.11/site-packages/airflow/example_dags/example_sensor_decorator.py for tasks to queue
[2024-07-09T13:24:26.497+0000] {logging_mixin.py:188} INFO - [2024-07-09T13:24:26.497+0000] {dagbag.py:540} INFO - Filling up the DagBag from /home/airflow/.local/lib/python3.11/site-packages/airflow/example_dags/example_sensor_decorator.py
[2024-07-09T13:24:26.501+0000] {processor.py:840} INFO - DAG(s) 'example_sensor_decorator' retrieved from /home/airflow/.local/lib/python3.11/site-packages/airflow/example_dags/example_sensor_decorator.py
[2024-07-09T13:24:26.521+0000] {logging_mixin.py:188} INFO - [2024-07-09T13:24:26.521+0000] {dag.py:3047} INFO - Sync 1 DAGs
[2024-07-09T13:24:26.530+0000] {logging_mixin.py:188} INFO - [2024-07-09T13:24:26.530+0000] {dag.py:3834} INFO - Setting next_dagrun for example_sensor_decorator to None, run_after=None
[2024-07-09T13:24:26.547+0000] {processor.py:183} INFO - Processing /home/airflow/.local/lib/python3.11/site-packages/airflow/example_dags/example_sensor_decorator.py took 0.054 seconds
[2024-07-09T13:24:57.216+0000] {processor.py:161} INFO - Started process (PID=3421) to work on /home/airflow/.local/lib/python3.11/site-packages/airflow/example_dags/example_sensor_decorator.py
[2024-07-09T13:24:57.216+0000] {processor.py:830} INFO - Processing file /home/airflow/.local/lib/python3.11/site-packages/airflow/example_dags/example_sensor_decorator.py for tasks to queue
[2024-07-09T13:24:57.217+0000] {logging_mixin.py:188} INFO - [2024-07-09T13:24:57.217+0000] {dagbag.py:540} INFO - Filling up the DagBag from /home/airflow/.local/lib/python3.11/site-packages/airflow/example_dags/example_sensor_decorator.py
[2024-07-09T13:24:57.221+0000] {processor.py:840} INFO - DAG(s) 'example_sensor_decorator' retrieved from /home/airflow/.local/lib/python3.11/site-packages/airflow/example_dags/example_sensor_decorator.py
[2024-07-09T13:24:57.241+0000] {logging_mixin.py:188} INFO - [2024-07-09T13:24:57.241+0000] {dag.py:3047} INFO - Sync 1 DAGs
[2024-07-09T13:24:57.253+0000] {logging_mixin.py:188} INFO - [2024-07-09T13:24:57.253+0000] {dag.py:3834} INFO - Setting next_dagrun for example_sensor_decorator to None, run_after=None
[2024-07-09T13:24:57.269+0000] {processor.py:183} INFO - Processing /home/airflow/.local/lib/python3.11/site-packages/airflow/example_dags/example_sensor_decorator.py took 0.056 seconds
[2024-07-09T13:26:08.077+0000] {processor.py:161} INFO - Started process (PID=195) to work on /home/airflow/.local/lib/python3.11/site-packages/airflow/example_dags/example_sensor_decorator.py
[2024-07-09T13:26:08.078+0000] {processor.py:830} INFO - Processing file /home/airflow/.local/lib/python3.11/site-packages/airflow/example_dags/example_sensor_decorator.py for tasks to queue
[2024-07-09T13:26:08.079+0000] {logging_mixin.py:188} INFO - [2024-07-09T13:26:08.079+0000] {dagbag.py:540} INFO - Filling up the DagBag from /home/airflow/.local/lib/python3.11/site-packages/airflow/example_dags/example_sensor_decorator.py
[2024-07-09T13:26:08.087+0000] {processor.py:840} INFO - DAG(s) 'example_sensor_decorator' retrieved from /home/airflow/.local/lib/python3.11/site-packages/airflow/example_dags/example_sensor_decorator.py
[2024-07-09T13:26:08.179+0000] {logging_mixin.py:188} INFO - [2024-07-09T13:26:08.179+0000] {override.py:1769} INFO - Created Permission View: can delete on DAG:example_sensor_decorator
[2024-07-09T13:26:08.189+0000] {logging_mixin.py:188} INFO - [2024-07-09T13:26:08.188+0000] {override.py:1769} INFO - Created Permission View: can read on DAG:example_sensor_decorator
[2024-07-09T13:26:08.195+0000] {logging_mixin.py:188} INFO - [2024-07-09T13:26:08.195+0000] {override.py:1769} INFO - Created Permission View: can edit on DAG:example_sensor_decorator
[2024-07-09T13:26:08.196+0000] {logging_mixin.py:188} INFO - [2024-07-09T13:26:08.195+0000] {dag.py:3047} INFO - Sync 1 DAGs
[2024-07-09T13:26:08.205+0000] {logging_mixin.py:188} INFO - [2024-07-09T13:26:08.205+0000] {dag.py:3069} INFO - Creating ORM DAG for example_sensor_decorator
[2024-07-09T13:26:08.206+0000] {logging_mixin.py:188} INFO - [2024-07-09T13:26:08.206+0000] {dag.py:3834} INFO - Setting next_dagrun for example_sensor_decorator to None, run_after=None
[2024-07-09T13:26:08.221+0000] {processor.py:183} INFO - Processing /home/airflow/.local/lib/python3.11/site-packages/airflow/example_dags/example_sensor_decorator.py took 0.146 seconds
[2024-07-09T13:26:38.997+0000] {processor.py:161} INFO - Started process (PID=453) to work on /home/airflow/.local/lib/python3.11/site-packages/airflow/example_dags/example_sensor_decorator.py
[2024-07-09T13:26:38.998+0000] {processor.py:830} INFO - Processing file /home/airflow/.local/lib/python3.11/site-packages/airflow/example_dags/example_sensor_decorator.py for tasks to queue
[2024-07-09T13:26:38.999+0000] {logging_mixin.py:188} INFO - [2024-07-09T13:26:38.998+0000] {dagbag.py:540} INFO - Filling up the DagBag from /home/airflow/.local/lib/python3.11/site-packages/airflow/example_dags/example_sensor_decorator.py
[2024-07-09T13:26:39.004+0000] {processor.py:840} INFO - DAG(s) 'example_sensor_decorator' retrieved from /home/airflow/.local/lib/python3.11/site-packages/airflow/example_dags/example_sensor_decorator.py
[2024-07-09T13:26:39.030+0000] {logging_mixin.py:188} INFO - [2024-07-09T13:26:39.029+0000] {dag.py:3047} INFO - Sync 1 DAGs
[2024-07-09T13:26:39.046+0000] {logging_mixin.py:188} INFO - [2024-07-09T13:26:39.046+0000] {dag.py:3834} INFO - Setting next_dagrun for example_sensor_decorator to None, run_after=None
[2024-07-09T13:26:39.077+0000] {processor.py:183} INFO - Processing /home/airflow/.local/lib/python3.11/site-packages/airflow/example_dags/example_sensor_decorator.py took 0.083 seconds
[2024-07-09T13:27:09.617+0000] {processor.py:161} INFO - Started process (PID=723) to work on /home/airflow/.local/lib/python3.11/site-packages/airflow/example_dags/example_sensor_decorator.py
[2024-07-09T13:27:09.618+0000] {processor.py:830} INFO - Processing file /home/airflow/.local/lib/python3.11/site-packages/airflow/example_dags/example_sensor_decorator.py for tasks to queue
[2024-07-09T13:27:09.619+0000] {logging_mixin.py:188} INFO - [2024-07-09T13:27:09.619+0000] {dagbag.py:540} INFO - Filling up the DagBag from /home/airflow/.local/lib/python3.11/site-packages/airflow/example_dags/example_sensor_decorator.py
[2024-07-09T13:27:09.624+0000] {processor.py:840} INFO - DAG(s) 'example_sensor_decorator' retrieved from /home/airflow/.local/lib/python3.11/site-packages/airflow/example_dags/example_sensor_decorator.py
[2024-07-09T13:27:09.648+0000] {logging_mixin.py:188} INFO - [2024-07-09T13:27:09.648+0000] {dag.py:3047} INFO - Sync 1 DAGs
[2024-07-09T13:27:09.660+0000] {logging_mixin.py:188} INFO - [2024-07-09T13:27:09.660+0000] {dag.py:3834} INFO - Setting next_dagrun for example_sensor_decorator to None, run_after=None
[2024-07-09T13:27:09.677+0000] {processor.py:183} INFO - Processing /home/airflow/.local/lib/python3.11/site-packages/airflow/example_dags/example_sensor_decorator.py took 0.062 seconds
[2024-07-09T13:27:40.007+0000] {processor.py:161} INFO - Started process (PID=987) to work on /home/airflow/.local/lib/python3.11/site-packages/airflow/example_dags/example_sensor_decorator.py
[2024-07-09T13:27:40.008+0000] {processor.py:830} INFO - Processing file /home/airflow/.local/lib/python3.11/site-packages/airflow/example_dags/example_sensor_decorator.py for tasks to queue
[2024-07-09T13:27:40.009+0000] {logging_mixin.py:188} INFO - [2024-07-09T13:27:40.008+0000] {dagbag.py:540} INFO - Filling up the DagBag from /home/airflow/.local/lib/python3.11/site-packages/airflow/example_dags/example_sensor_decorator.py
[2024-07-09T13:27:40.013+0000] {processor.py:840} INFO - DAG(s) 'example_sensor_decorator' retrieved from /home/airflow/.local/lib/python3.11/site-packages/airflow/example_dags/example_sensor_decorator.py
[2024-07-09T13:27:40.034+0000] {logging_mixin.py:188} INFO - [2024-07-09T13:27:40.034+0000] {dag.py:3047} INFO - Sync 1 DAGs
[2024-07-09T13:27:40.045+0000] {logging_mixin.py:188} INFO - [2024-07-09T13:27:40.044+0000] {dag.py:3834} INFO - Setting next_dagrun for example_sensor_decorator to None, run_after=None
[2024-07-09T13:27:40.061+0000] {processor.py:183} INFO - Processing /home/airflow/.local/lib/python3.11/site-packages/airflow/example_dags/example_sensor_decorator.py took 0.057 seconds
[2024-07-09T13:28:10.113+0000] {processor.py:161} INFO - Started process (PID=1257) to work on /home/airflow/.local/lib/python3.11/site-packages/airflow/example_dags/example_sensor_decorator.py
[2024-07-09T13:28:10.114+0000] {processor.py:830} INFO - Processing file /home/airflow/.local/lib/python3.11/site-packages/airflow/example_dags/example_sensor_decorator.py for tasks to queue
[2024-07-09T13:28:10.115+0000] {logging_mixin.py:188} INFO - [2024-07-09T13:28:10.114+0000] {dagbag.py:540} INFO - Filling up the DagBag from /home/airflow/.local/lib/python3.11/site-packages/airflow/example_dags/example_sensor_decorator.py
[2024-07-09T13:28:10.119+0000] {processor.py:840} INFO - DAG(s) 'example_sensor_decorator' retrieved from /home/airflow/.local/lib/python3.11/site-packages/airflow/example_dags/example_sensor_decorator.py
[2024-07-09T13:28:10.140+0000] {logging_mixin.py:188} INFO - [2024-07-09T13:28:10.139+0000] {dag.py:3047} INFO - Sync 1 DAGs
[2024-07-09T13:28:10.149+0000] {logging_mixin.py:188} INFO - [2024-07-09T13:28:10.149+0000] {dag.py:3834} INFO - Setting next_dagrun for example_sensor_decorator to None, run_after=None
[2024-07-09T13:28:10.165+0000] {processor.py:183} INFO - Processing /home/airflow/.local/lib/python3.11/site-packages/airflow/example_dags/example_sensor_decorator.py took 0.055 seconds
[2024-07-09T13:28:40.571+0000] {processor.py:161} INFO - Started process (PID=1527) to work on /home/airflow/.local/lib/python3.11/site-packages/airflow/example_dags/example_sensor_decorator.py
[2024-07-09T13:28:40.572+0000] {processor.py:830} INFO - Processing file /home/airflow/.local/lib/python3.11/site-packages/airflow/example_dags/example_sensor_decorator.py for tasks to queue
[2024-07-09T13:28:40.572+0000] {logging_mixin.py:188} INFO - [2024-07-09T13:28:40.572+0000] {dagbag.py:540} INFO - Filling up the DagBag from /home/airflow/.local/lib/python3.11/site-packages/airflow/example_dags/example_sensor_decorator.py
[2024-07-09T13:28:40.577+0000] {processor.py:840} INFO - DAG(s) 'example_sensor_decorator' retrieved from /home/airflow/.local/lib/python3.11/site-packages/airflow/example_dags/example_sensor_decorator.py
[2024-07-09T13:28:40.597+0000] {logging_mixin.py:188} INFO - [2024-07-09T13:28:40.597+0000] {dag.py:3047} INFO - Sync 1 DAGs
[2024-07-09T13:28:40.606+0000] {logging_mixin.py:188} INFO - [2024-07-09T13:28:40.606+0000] {dag.py:3834} INFO - Setting next_dagrun for example_sensor_decorator to None, run_after=None
[2024-07-09T13:28:40.623+0000] {processor.py:183} INFO - Processing /home/airflow/.local/lib/python3.11/site-packages/airflow/example_dags/example_sensor_decorator.py took 0.055 seconds
[2024-07-09T13:29:11.029+0000] {processor.py:161} INFO - Started process (PID=1797) to work on /home/airflow/.local/lib/python3.11/site-packages/airflow/example_dags/example_sensor_decorator.py
[2024-07-09T13:29:11.030+0000] {processor.py:830} INFO - Processing file /home/airflow/.local/lib/python3.11/site-packages/airflow/example_dags/example_sensor_decorator.py for tasks to queue
[2024-07-09T13:29:11.031+0000] {logging_mixin.py:188} INFO - [2024-07-09T13:29:11.031+0000] {dagbag.py:540} INFO - Filling up the DagBag from /home/airflow/.local/lib/python3.11/site-packages/airflow/example_dags/example_sensor_decorator.py
[2024-07-09T13:29:11.036+0000] {processor.py:840} INFO - DAG(s) 'example_sensor_decorator' retrieved from /home/airflow/.local/lib/python3.11/site-packages/airflow/example_dags/example_sensor_decorator.py
[2024-07-09T13:29:11.055+0000] {logging_mixin.py:188} INFO - [2024-07-09T13:29:11.055+0000] {dag.py:3047} INFO - Sync 1 DAGs
[2024-07-09T13:29:11.067+0000] {logging_mixin.py:188} INFO - [2024-07-09T13:29:11.067+0000] {dag.py:3834} INFO - Setting next_dagrun for example_sensor_decorator to None, run_after=None
[2024-07-09T13:29:11.085+0000] {processor.py:183} INFO - Processing /home/airflow/.local/lib/python3.11/site-packages/airflow/example_dags/example_sensor_decorator.py took 0.058 seconds
[2024-07-09T13:29:41.403+0000] {processor.py:161} INFO - Started process (PID=2067) to work on /home/airflow/.local/lib/python3.11/site-packages/airflow/example_dags/example_sensor_decorator.py
[2024-07-09T13:29:41.404+0000] {processor.py:830} INFO - Processing file /home/airflow/.local/lib/python3.11/site-packages/airflow/example_dags/example_sensor_decorator.py for tasks to queue
[2024-07-09T13:29:41.405+0000] {logging_mixin.py:188} INFO - [2024-07-09T13:29:41.405+0000] {dagbag.py:540} INFO - Filling up the DagBag from /home/airflow/.local/lib/python3.11/site-packages/airflow/example_dags/example_sensor_decorator.py
[2024-07-09T13:29:41.409+0000] {processor.py:840} INFO - DAG(s) 'example_sensor_decorator' retrieved from /home/airflow/.local/lib/python3.11/site-packages/airflow/example_dags/example_sensor_decorator.py
[2024-07-09T13:29:41.429+0000] {logging_mixin.py:188} INFO - [2024-07-09T13:29:41.429+0000] {dag.py:3047} INFO - Sync 1 DAGs
[2024-07-09T13:29:41.438+0000] {logging_mixin.py:188} INFO - [2024-07-09T13:29:41.438+0000] {dag.py:3834} INFO - Setting next_dagrun for example_sensor_decorator to None, run_after=None
[2024-07-09T13:29:41.454+0000] {processor.py:183} INFO - Processing /home/airflow/.local/lib/python3.11/site-packages/airflow/example_dags/example_sensor_decorator.py took 0.053 seconds
[2024-07-09T13:31:36.249+0000] {processor.py:161} INFO - Started process (PID=194) to work on /home/airflow/.local/lib/python3.11/site-packages/airflow/example_dags/example_sensor_decorator.py
[2024-07-09T13:31:36.250+0000] {processor.py:830} INFO - Processing file /home/airflow/.local/lib/python3.11/site-packages/airflow/example_dags/example_sensor_decorator.py for tasks to queue
[2024-07-09T13:31:36.251+0000] {logging_mixin.py:188} INFO - [2024-07-09T13:31:36.251+0000] {dagbag.py:540} INFO - Filling up the DagBag from /home/airflow/.local/lib/python3.11/site-packages/airflow/example_dags/example_sensor_decorator.py
[2024-07-09T13:31:36.259+0000] {processor.py:840} INFO - DAG(s) 'example_sensor_decorator' retrieved from /home/airflow/.local/lib/python3.11/site-packages/airflow/example_dags/example_sensor_decorator.py
[2024-07-09T13:31:36.358+0000] {logging_mixin.py:188} INFO - [2024-07-09T13:31:36.358+0000] {override.py:1769} INFO - Created Permission View: can edit on DAG:example_sensor_decorator
[2024-07-09T13:31:36.368+0000] {logging_mixin.py:188} INFO - [2024-07-09T13:31:36.368+0000] {override.py:1769} INFO - Created Permission View: can delete on DAG:example_sensor_decorator
[2024-07-09T13:31:36.375+0000] {logging_mixin.py:188} INFO - [2024-07-09T13:31:36.374+0000] {override.py:1769} INFO - Created Permission View: can read on DAG:example_sensor_decorator
[2024-07-09T13:31:36.375+0000] {logging_mixin.py:188} INFO - [2024-07-09T13:31:36.375+0000] {dag.py:3047} INFO - Sync 1 DAGs
[2024-07-09T13:31:36.385+0000] {logging_mixin.py:188} INFO - [2024-07-09T13:31:36.385+0000] {dag.py:3069} INFO - Creating ORM DAG for example_sensor_decorator
[2024-07-09T13:31:36.386+0000] {logging_mixin.py:188} INFO - [2024-07-09T13:31:36.386+0000] {dag.py:3834} INFO - Setting next_dagrun for example_sensor_decorator to None, run_after=None
[2024-07-09T13:31:36.402+0000] {processor.py:183} INFO - Processing /home/airflow/.local/lib/python3.11/site-packages/airflow/example_dags/example_sensor_decorator.py took 0.156 seconds
[2024-07-09T13:32:06.747+0000] {processor.py:161} INFO - Started process (PID=452) to work on /home/airflow/.local/lib/python3.11/site-packages/airflow/example_dags/example_sensor_decorator.py
[2024-07-09T13:32:06.749+0000] {processor.py:830} INFO - Processing file /home/airflow/.local/lib/python3.11/site-packages/airflow/example_dags/example_sensor_decorator.py for tasks to queue
[2024-07-09T13:32:06.749+0000] {logging_mixin.py:188} INFO - [2024-07-09T13:32:06.749+0000] {dagbag.py:540} INFO - Filling up the DagBag from /home/airflow/.local/lib/python3.11/site-packages/airflow/example_dags/example_sensor_decorator.py
[2024-07-09T13:32:06.755+0000] {processor.py:840} INFO - DAG(s) 'example_sensor_decorator' retrieved from /home/airflow/.local/lib/python3.11/site-packages/airflow/example_dags/example_sensor_decorator.py
[2024-07-09T13:32:06.780+0000] {logging_mixin.py:188} INFO - [2024-07-09T13:32:06.780+0000] {dag.py:3047} INFO - Sync 1 DAGs
[2024-07-09T13:32:06.792+0000] {logging_mixin.py:188} INFO - [2024-07-09T13:32:06.792+0000] {dag.py:3834} INFO - Setting next_dagrun for example_sensor_decorator to None, run_after=None
[2024-07-09T13:32:06.816+0000] {processor.py:183} INFO - Processing /home/airflow/.local/lib/python3.11/site-packages/airflow/example_dags/example_sensor_decorator.py took 0.071 seconds
[2024-07-09T13:32:36.868+0000] {processor.py:161} INFO - Started process (PID=718) to work on /home/airflow/.local/lib/python3.11/site-packages/airflow/example_dags/example_sensor_decorator.py
[2024-07-09T13:32:36.869+0000] {processor.py:830} INFO - Processing file /home/airflow/.local/lib/python3.11/site-packages/airflow/example_dags/example_sensor_decorator.py for tasks to queue
[2024-07-09T13:32:36.870+0000] {logging_mixin.py:188} INFO - [2024-07-09T13:32:36.870+0000] {dagbag.py:540} INFO - Filling up the DagBag from /home/airflow/.local/lib/python3.11/site-packages/airflow/example_dags/example_sensor_decorator.py
[2024-07-09T13:32:36.875+0000] {processor.py:840} INFO - DAG(s) 'example_sensor_decorator' retrieved from /home/airflow/.local/lib/python3.11/site-packages/airflow/example_dags/example_sensor_decorator.py
[2024-07-09T13:32:36.896+0000] {logging_mixin.py:188} INFO - [2024-07-09T13:32:36.895+0000] {dag.py:3047} INFO - Sync 1 DAGs
[2024-07-09T13:32:36.906+0000] {logging_mixin.py:188} INFO - [2024-07-09T13:32:36.906+0000] {dag.py:3834} INFO - Setting next_dagrun for example_sensor_decorator to None, run_after=None
[2024-07-09T13:32:36.923+0000] {processor.py:183} INFO - Processing /home/airflow/.local/lib/python3.11/site-packages/airflow/example_dags/example_sensor_decorator.py took 0.057 seconds
[2024-07-09T13:33:07.178+0000] {processor.py:161} INFO - Started process (PID=986) to work on /home/airflow/.local/lib/python3.11/site-packages/airflow/example_dags/example_sensor_decorator.py
[2024-07-09T13:33:07.179+0000] {processor.py:830} INFO - Processing file /home/airflow/.local/lib/python3.11/site-packages/airflow/example_dags/example_sensor_decorator.py for tasks to queue
[2024-07-09T13:33:07.180+0000] {logging_mixin.py:188} INFO - [2024-07-09T13:33:07.180+0000] {dagbag.py:540} INFO - Filling up the DagBag from /home/airflow/.local/lib/python3.11/site-packages/airflow/example_dags/example_sensor_decorator.py
[2024-07-09T13:33:07.185+0000] {processor.py:840} INFO - DAG(s) 'example_sensor_decorator' retrieved from /home/airflow/.local/lib/python3.11/site-packages/airflow/example_dags/example_sensor_decorator.py
[2024-07-09T13:33:07.205+0000] {logging_mixin.py:188} INFO - [2024-07-09T13:33:07.205+0000] {dag.py:3047} INFO - Sync 1 DAGs
[2024-07-09T13:33:07.215+0000] {logging_mixin.py:188} INFO - [2024-07-09T13:33:07.214+0000] {dag.py:3834} INFO - Setting next_dagrun for example_sensor_decorator to None, run_after=None
[2024-07-09T13:33:07.232+0000] {processor.py:183} INFO - Processing /home/airflow/.local/lib/python3.11/site-packages/airflow/example_dags/example_sensor_decorator.py took 0.056 seconds
[2024-07-09T13:33:37.425+0000] {processor.py:161} INFO - Started process (PID=1256) to work on /home/airflow/.local/lib/python3.11/site-packages/airflow/example_dags/example_sensor_decorator.py
[2024-07-09T13:33:37.426+0000] {processor.py:830} INFO - Processing file /home/airflow/.local/lib/python3.11/site-packages/airflow/example_dags/example_sensor_decorator.py for tasks to queue
[2024-07-09T13:33:37.426+0000] {logging_mixin.py:188} INFO - [2024-07-09T13:33:37.426+0000] {dagbag.py:540} INFO - Filling up the DagBag from /home/airflow/.local/lib/python3.11/site-packages/airflow/example_dags/example_sensor_decorator.py
[2024-07-09T13:33:37.432+0000] {processor.py:840} INFO - DAG(s) 'example_sensor_decorator' retrieved from /home/airflow/.local/lib/python3.11/site-packages/airflow/example_dags/example_sensor_decorator.py
[2024-07-09T13:33:37.455+0000] {logging_mixin.py:188} INFO - [2024-07-09T13:33:37.455+0000] {dag.py:3047} INFO - Sync 1 DAGs
[2024-07-09T13:33:37.466+0000] {logging_mixin.py:188} INFO - [2024-07-09T13:33:37.465+0000] {dag.py:3834} INFO - Setting next_dagrun for example_sensor_decorator to None, run_after=None
[2024-07-09T13:33:37.483+0000] {processor.py:183} INFO - Processing /home/airflow/.local/lib/python3.11/site-packages/airflow/example_dags/example_sensor_decorator.py took 0.061 seconds
[2024-07-09T13:34:07.970+0000] {processor.py:161} INFO - Started process (PID=1526) to work on /home/airflow/.local/lib/python3.11/site-packages/airflow/example_dags/example_sensor_decorator.py
[2024-07-09T13:34:07.971+0000] {processor.py:830} INFO - Processing file /home/airflow/.local/lib/python3.11/site-packages/airflow/example_dags/example_sensor_decorator.py for tasks to queue
[2024-07-09T13:34:07.972+0000] {logging_mixin.py:188} INFO - [2024-07-09T13:34:07.972+0000] {dagbag.py:540} INFO - Filling up the DagBag from /home/airflow/.local/lib/python3.11/site-packages/airflow/example_dags/example_sensor_decorator.py
[2024-07-09T13:34:07.977+0000] {processor.py:840} INFO - DAG(s) 'example_sensor_decorator' retrieved from /home/airflow/.local/lib/python3.11/site-packages/airflow/example_dags/example_sensor_decorator.py
[2024-07-09T13:34:07.997+0000] {logging_mixin.py:188} INFO - [2024-07-09T13:34:07.997+0000] {dag.py:3047} INFO - Sync 1 DAGs
[2024-07-09T13:34:08.008+0000] {logging_mixin.py:188} INFO - [2024-07-09T13:34:08.008+0000] {dag.py:3834} INFO - Setting next_dagrun for example_sensor_decorator to None, run_after=None
[2024-07-09T13:34:08.025+0000] {processor.py:183} INFO - Processing /home/airflow/.local/lib/python3.11/site-packages/airflow/example_dags/example_sensor_decorator.py took 0.057 seconds
[2024-07-09T13:34:38.321+0000] {processor.py:161} INFO - Started process (PID=1798) to work on /home/airflow/.local/lib/python3.11/site-packages/airflow/example_dags/example_sensor_decorator.py
[2024-07-09T13:34:38.322+0000] {processor.py:830} INFO - Processing file /home/airflow/.local/lib/python3.11/site-packages/airflow/example_dags/example_sensor_decorator.py for tasks to queue
[2024-07-09T13:34:38.322+0000] {logging_mixin.py:188} INFO - [2024-07-09T13:34:38.322+0000] {dagbag.py:540} INFO - Filling up the DagBag from /home/airflow/.local/lib/python3.11/site-packages/airflow/example_dags/example_sensor_decorator.py
[2024-07-09T13:34:38.327+0000] {processor.py:840} INFO - DAG(s) 'example_sensor_decorator' retrieved from /home/airflow/.local/lib/python3.11/site-packages/airflow/example_dags/example_sensor_decorator.py
[2024-07-09T13:34:38.347+0000] {logging_mixin.py:188} INFO - [2024-07-09T13:34:38.347+0000] {dag.py:3047} INFO - Sync 1 DAGs
[2024-07-09T13:34:38.357+0000] {logging_mixin.py:188} INFO - [2024-07-09T13:34:38.356+0000] {dag.py:3834} INFO - Setting next_dagrun for example_sensor_decorator to None, run_after=None
[2024-07-09T13:34:38.371+0000] {processor.py:183} INFO - Processing /home/airflow/.local/lib/python3.11/site-packages/airflow/example_dags/example_sensor_decorator.py took 0.053 seconds
[2024-07-09T13:35:08.574+0000] {processor.py:161} INFO - Started process (PID=2066) to work on /home/airflow/.local/lib/python3.11/site-packages/airflow/example_dags/example_sensor_decorator.py
[2024-07-09T13:35:08.575+0000] {processor.py:830} INFO - Processing file /home/airflow/.local/lib/python3.11/site-packages/airflow/example_dags/example_sensor_decorator.py for tasks to queue
[2024-07-09T13:35:08.575+0000] {logging_mixin.py:188} INFO - [2024-07-09T13:35:08.575+0000] {dagbag.py:540} INFO - Filling up the DagBag from /home/airflow/.local/lib/python3.11/site-packages/airflow/example_dags/example_sensor_decorator.py
[2024-07-09T13:35:08.580+0000] {processor.py:840} INFO - DAG(s) 'example_sensor_decorator' retrieved from /home/airflow/.local/lib/python3.11/site-packages/airflow/example_dags/example_sensor_decorator.py
[2024-07-09T13:35:08.600+0000] {logging_mixin.py:188} INFO - [2024-07-09T13:35:08.600+0000] {dag.py:3047} INFO - Sync 1 DAGs
[2024-07-09T13:35:08.610+0000] {logging_mixin.py:188} INFO - [2024-07-09T13:35:08.610+0000] {dag.py:3834} INFO - Setting next_dagrun for example_sensor_decorator to None, run_after=None
[2024-07-09T13:35:08.626+0000] {processor.py:183} INFO - Processing /home/airflow/.local/lib/python3.11/site-packages/airflow/example_dags/example_sensor_decorator.py took 0.055 seconds
[2024-07-09T13:35:38.900+0000] {processor.py:161} INFO - Started process (PID=2336) to work on /home/airflow/.local/lib/python3.11/site-packages/airflow/example_dags/example_sensor_decorator.py
[2024-07-09T13:35:38.901+0000] {processor.py:830} INFO - Processing file /home/airflow/.local/lib/python3.11/site-packages/airflow/example_dags/example_sensor_decorator.py for tasks to queue
[2024-07-09T13:35:38.901+0000] {logging_mixin.py:188} INFO - [2024-07-09T13:35:38.901+0000] {dagbag.py:540} INFO - Filling up the DagBag from /home/airflow/.local/lib/python3.11/site-packages/airflow/example_dags/example_sensor_decorator.py
[2024-07-09T13:35:38.906+0000] {processor.py:840} INFO - DAG(s) 'example_sensor_decorator' retrieved from /home/airflow/.local/lib/python3.11/site-packages/airflow/example_dags/example_sensor_decorator.py
[2024-07-09T13:35:38.925+0000] {logging_mixin.py:188} INFO - [2024-07-09T13:35:38.925+0000] {dag.py:3047} INFO - Sync 1 DAGs
[2024-07-09T13:35:38.935+0000] {logging_mixin.py:188} INFO - [2024-07-09T13:35:38.935+0000] {dag.py:3834} INFO - Setting next_dagrun for example_sensor_decorator to None, run_after=None
[2024-07-09T13:35:38.951+0000] {processor.py:183} INFO - Processing /home/airflow/.local/lib/python3.11/site-packages/airflow/example_dags/example_sensor_decorator.py took 0.054 seconds
[2024-07-09T13:36:09.277+0000] {processor.py:161} INFO - Started process (PID=2606) to work on /home/airflow/.local/lib/python3.11/site-packages/airflow/example_dags/example_sensor_decorator.py
[2024-07-09T13:36:09.279+0000] {processor.py:830} INFO - Processing file /home/airflow/.local/lib/python3.11/site-packages/airflow/example_dags/example_sensor_decorator.py for tasks to queue
[2024-07-09T13:36:09.279+0000] {logging_mixin.py:188} INFO - [2024-07-09T13:36:09.279+0000] {dagbag.py:540} INFO - Filling up the DagBag from /home/airflow/.local/lib/python3.11/site-packages/airflow/example_dags/example_sensor_decorator.py
[2024-07-09T13:36:09.284+0000] {processor.py:840} INFO - DAG(s) 'example_sensor_decorator' retrieved from /home/airflow/.local/lib/python3.11/site-packages/airflow/example_dags/example_sensor_decorator.py
[2024-07-09T13:36:09.304+0000] {logging_mixin.py:188} INFO - [2024-07-09T13:36:09.304+0000] {dag.py:3047} INFO - Sync 1 DAGs
[2024-07-09T13:36:09.316+0000] {logging_mixin.py:188} INFO - [2024-07-09T13:36:09.316+0000] {dag.py:3834} INFO - Setting next_dagrun for example_sensor_decorator to None, run_after=None
[2024-07-09T13:36:09.336+0000] {processor.py:183} INFO - Processing /home/airflow/.local/lib/python3.11/site-packages/airflow/example_dags/example_sensor_decorator.py took 0.062 seconds
[2024-07-09T13:36:39.691+0000] {processor.py:161} INFO - Started process (PID=2878) to work on /home/airflow/.local/lib/python3.11/site-packages/airflow/example_dags/example_sensor_decorator.py
[2024-07-09T13:36:39.692+0000] {processor.py:830} INFO - Processing file /home/airflow/.local/lib/python3.11/site-packages/airflow/example_dags/example_sensor_decorator.py for tasks to queue
[2024-07-09T13:36:39.692+0000] {logging_mixin.py:188} INFO - [2024-07-09T13:36:39.692+0000] {dagbag.py:540} INFO - Filling up the DagBag from /home/airflow/.local/lib/python3.11/site-packages/airflow/example_dags/example_sensor_decorator.py
[2024-07-09T13:36:39.697+0000] {processor.py:840} INFO - DAG(s) 'example_sensor_decorator' retrieved from /home/airflow/.local/lib/python3.11/site-packages/airflow/example_dags/example_sensor_decorator.py
[2024-07-09T13:36:39.717+0000] {logging_mixin.py:188} INFO - [2024-07-09T13:36:39.717+0000] {dag.py:3047} INFO - Sync 1 DAGs
[2024-07-09T13:36:39.727+0000] {logging_mixin.py:188} INFO - [2024-07-09T13:36:39.727+0000] {dag.py:3834} INFO - Setting next_dagrun for example_sensor_decorator to None, run_after=None
[2024-07-09T13:36:39.744+0000] {processor.py:183} INFO - Processing /home/airflow/.local/lib/python3.11/site-packages/airflow/example_dags/example_sensor_decorator.py took 0.055 seconds
[2024-07-09T13:37:10.073+0000] {processor.py:161} INFO - Started process (PID=3146) to work on /home/airflow/.local/lib/python3.11/site-packages/airflow/example_dags/example_sensor_decorator.py
[2024-07-09T13:37:10.074+0000] {processor.py:830} INFO - Processing file /home/airflow/.local/lib/python3.11/site-packages/airflow/example_dags/example_sensor_decorator.py for tasks to queue
[2024-07-09T13:37:10.075+0000] {logging_mixin.py:188} INFO - [2024-07-09T13:37:10.075+0000] {dagbag.py:540} INFO - Filling up the DagBag from /home/airflow/.local/lib/python3.11/site-packages/airflow/example_dags/example_sensor_decorator.py
[2024-07-09T13:37:10.081+0000] {processor.py:840} INFO - DAG(s) 'example_sensor_decorator' retrieved from /home/airflow/.local/lib/python3.11/site-packages/airflow/example_dags/example_sensor_decorator.py
[2024-07-09T13:37:10.112+0000] {logging_mixin.py:188} INFO - [2024-07-09T13:37:10.112+0000] {dag.py:3047} INFO - Sync 1 DAGs
[2024-07-09T13:37:10.128+0000] {logging_mixin.py:188} INFO - [2024-07-09T13:37:10.127+0000] {dag.py:3834} INFO - Setting next_dagrun for example_sensor_decorator to None, run_after=None
[2024-07-09T13:37:10.150+0000] {processor.py:183} INFO - Processing /home/airflow/.local/lib/python3.11/site-packages/airflow/example_dags/example_sensor_decorator.py took 0.080 seconds
[2024-07-09T13:46:09.265+0000] {processor.py:161} INFO - Started process (PID=194) to work on /home/airflow/.local/lib/python3.11/site-packages/airflow/example_dags/example_sensor_decorator.py
[2024-07-09T13:46:09.266+0000] {processor.py:830} INFO - Processing file /home/airflow/.local/lib/python3.11/site-packages/airflow/example_dags/example_sensor_decorator.py for tasks to queue
[2024-07-09T13:46:09.267+0000] {logging_mixin.py:188} INFO - [2024-07-09T13:46:09.266+0000] {dagbag.py:540} INFO - Filling up the DagBag from /home/airflow/.local/lib/python3.11/site-packages/airflow/example_dags/example_sensor_decorator.py
[2024-07-09T13:46:09.273+0000] {processor.py:840} INFO - DAG(s) 'example_sensor_decorator' retrieved from /home/airflow/.local/lib/python3.11/site-packages/airflow/example_dags/example_sensor_decorator.py
[2024-07-09T13:46:09.369+0000] {logging_mixin.py:188} INFO - [2024-07-09T13:46:09.368+0000] {override.py:1769} INFO - Created Permission View: can delete on DAG:example_sensor_decorator
[2024-07-09T13:46:09.377+0000] {logging_mixin.py:188} INFO - [2024-07-09T13:46:09.377+0000] {override.py:1769} INFO - Created Permission View: can read on DAG:example_sensor_decorator
[2024-07-09T13:46:09.383+0000] {logging_mixin.py:188} INFO - [2024-07-09T13:46:09.383+0000] {override.py:1769} INFO - Created Permission View: can edit on DAG:example_sensor_decorator
[2024-07-09T13:46:09.384+0000] {logging_mixin.py:188} INFO - [2024-07-09T13:46:09.383+0000] {dag.py:3047} INFO - Sync 1 DAGs
[2024-07-09T13:46:09.395+0000] {logging_mixin.py:188} INFO - [2024-07-09T13:46:09.395+0000] {dag.py:3069} INFO - Creating ORM DAG for example_sensor_decorator
[2024-07-09T13:46:09.396+0000] {logging_mixin.py:188} INFO - [2024-07-09T13:46:09.396+0000] {dag.py:3834} INFO - Setting next_dagrun for example_sensor_decorator to None, run_after=None
[2024-07-09T13:46:09.409+0000] {processor.py:183} INFO - Processing /home/airflow/.local/lib/python3.11/site-packages/airflow/example_dags/example_sensor_decorator.py took 0.147 seconds
[2024-07-09T13:46:40.277+0000] {processor.py:161} INFO - Started process (PID=451) to work on /home/airflow/.local/lib/python3.11/site-packages/airflow/example_dags/example_sensor_decorator.py
[2024-07-09T13:46:40.278+0000] {processor.py:830} INFO - Processing file /home/airflow/.local/lib/python3.11/site-packages/airflow/example_dags/example_sensor_decorator.py for tasks to queue
[2024-07-09T13:46:40.279+0000] {logging_mixin.py:188} INFO - [2024-07-09T13:46:40.278+0000] {dagbag.py:540} INFO - Filling up the DagBag from /home/airflow/.local/lib/python3.11/site-packages/airflow/example_dags/example_sensor_decorator.py
[2024-07-09T13:46:40.285+0000] {processor.py:840} INFO - DAG(s) 'example_sensor_decorator' retrieved from /home/airflow/.local/lib/python3.11/site-packages/airflow/example_dags/example_sensor_decorator.py
[2024-07-09T13:46:40.307+0000] {logging_mixin.py:188} INFO - [2024-07-09T13:46:40.307+0000] {dag.py:3047} INFO - Sync 1 DAGs
[2024-07-09T13:46:40.317+0000] {logging_mixin.py:188} INFO - [2024-07-09T13:46:40.317+0000] {dag.py:3834} INFO - Setting next_dagrun for example_sensor_decorator to None, run_after=None
[2024-07-09T13:46:40.332+0000] {processor.py:183} INFO - Processing /home/airflow/.local/lib/python3.11/site-packages/airflow/example_dags/example_sensor_decorator.py took 0.059 seconds
[2024-07-09T13:47:10.696+0000] {processor.py:161} INFO - Started process (PID=716) to work on /home/airflow/.local/lib/python3.11/site-packages/airflow/example_dags/example_sensor_decorator.py
[2024-07-09T13:47:10.697+0000] {processor.py:830} INFO - Processing file /home/airflow/.local/lib/python3.11/site-packages/airflow/example_dags/example_sensor_decorator.py for tasks to queue
[2024-07-09T13:47:10.698+0000] {logging_mixin.py:188} INFO - [2024-07-09T13:47:10.697+0000] {dagbag.py:540} INFO - Filling up the DagBag from /home/airflow/.local/lib/python3.11/site-packages/airflow/example_dags/example_sensor_decorator.py
[2024-07-09T13:47:10.702+0000] {processor.py:840} INFO - DAG(s) 'example_sensor_decorator' retrieved from /home/airflow/.local/lib/python3.11/site-packages/airflow/example_dags/example_sensor_decorator.py
[2024-07-09T13:47:10.724+0000] {logging_mixin.py:188} INFO - [2024-07-09T13:47:10.723+0000] {dag.py:3047} INFO - Sync 1 DAGs
[2024-07-09T13:47:10.735+0000] {logging_mixin.py:188} INFO - [2024-07-09T13:47:10.735+0000] {dag.py:3834} INFO - Setting next_dagrun for example_sensor_decorator to None, run_after=None
[2024-07-09T13:47:10.753+0000] {processor.py:183} INFO - Processing /home/airflow/.local/lib/python3.11/site-packages/airflow/example_dags/example_sensor_decorator.py took 0.059 seconds
[2024-07-09T13:47:41.156+0000] {processor.py:161} INFO - Started process (PID=986) to work on /home/airflow/.local/lib/python3.11/site-packages/airflow/example_dags/example_sensor_decorator.py
[2024-07-09T13:47:41.157+0000] {processor.py:830} INFO - Processing file /home/airflow/.local/lib/python3.11/site-packages/airflow/example_dags/example_sensor_decorator.py for tasks to queue
[2024-07-09T13:47:41.158+0000] {logging_mixin.py:188} INFO - [2024-07-09T13:47:41.158+0000] {dagbag.py:540} INFO - Filling up the DagBag from /home/airflow/.local/lib/python3.11/site-packages/airflow/example_dags/example_sensor_decorator.py
[2024-07-09T13:47:41.163+0000] {processor.py:840} INFO - DAG(s) 'example_sensor_decorator' retrieved from /home/airflow/.local/lib/python3.11/site-packages/airflow/example_dags/example_sensor_decorator.py
[2024-07-09T13:47:41.183+0000] {logging_mixin.py:188} INFO - [2024-07-09T13:47:41.183+0000] {dag.py:3047} INFO - Sync 1 DAGs
[2024-07-09T13:47:41.193+0000] {logging_mixin.py:188} INFO - [2024-07-09T13:47:41.192+0000] {dag.py:3834} INFO - Setting next_dagrun for example_sensor_decorator to None, run_after=None
[2024-07-09T13:47:41.211+0000] {processor.py:183} INFO - Processing /home/airflow/.local/lib/python3.11/site-packages/airflow/example_dags/example_sensor_decorator.py took 0.057 seconds
[2024-07-09T13:48:11.488+0000] {processor.py:161} INFO - Started process (PID=1256) to work on /home/airflow/.local/lib/python3.11/site-packages/airflow/example_dags/example_sensor_decorator.py
[2024-07-09T13:48:11.489+0000] {processor.py:830} INFO - Processing file /home/airflow/.local/lib/python3.11/site-packages/airflow/example_dags/example_sensor_decorator.py for tasks to queue
[2024-07-09T13:48:11.490+0000] {logging_mixin.py:188} INFO - [2024-07-09T13:48:11.489+0000] {dagbag.py:540} INFO - Filling up the DagBag from /home/airflow/.local/lib/python3.11/site-packages/airflow/example_dags/example_sensor_decorator.py
[2024-07-09T13:48:11.494+0000] {processor.py:840} INFO - DAG(s) 'example_sensor_decorator' retrieved from /home/airflow/.local/lib/python3.11/site-packages/airflow/example_dags/example_sensor_decorator.py
[2024-07-09T13:48:11.514+0000] {logging_mixin.py:188} INFO - [2024-07-09T13:48:11.514+0000] {dag.py:3047} INFO - Sync 1 DAGs
[2024-07-09T13:48:11.523+0000] {logging_mixin.py:188} INFO - [2024-07-09T13:48:11.523+0000] {dag.py:3834} INFO - Setting next_dagrun for example_sensor_decorator to None, run_after=None
[2024-07-09T13:48:11.542+0000] {processor.py:183} INFO - Processing /home/airflow/.local/lib/python3.11/site-packages/airflow/example_dags/example_sensor_decorator.py took 0.057 seconds
[2024-07-09T13:48:42.174+0000] {processor.py:161} INFO - Started process (PID=1526) to work on /home/airflow/.local/lib/python3.11/site-packages/airflow/example_dags/example_sensor_decorator.py
[2024-07-09T13:48:42.175+0000] {processor.py:830} INFO - Processing file /home/airflow/.local/lib/python3.11/site-packages/airflow/example_dags/example_sensor_decorator.py for tasks to queue
[2024-07-09T13:48:42.176+0000] {logging_mixin.py:188} INFO - [2024-07-09T13:48:42.175+0000] {dagbag.py:540} INFO - Filling up the DagBag from /home/airflow/.local/lib/python3.11/site-packages/airflow/example_dags/example_sensor_decorator.py
[2024-07-09T13:48:42.181+0000] {processor.py:840} INFO - DAG(s) 'example_sensor_decorator' retrieved from /home/airflow/.local/lib/python3.11/site-packages/airflow/example_dags/example_sensor_decorator.py
[2024-07-09T13:48:42.201+0000] {logging_mixin.py:188} INFO - [2024-07-09T13:48:42.201+0000] {dag.py:3047} INFO - Sync 1 DAGs
[2024-07-09T13:48:42.210+0000] {logging_mixin.py:188} INFO - [2024-07-09T13:48:42.210+0000] {dag.py:3834} INFO - Setting next_dagrun for example_sensor_decorator to None, run_after=None
[2024-07-09T13:48:42.226+0000] {processor.py:183} INFO - Processing /home/airflow/.local/lib/python3.11/site-packages/airflow/example_dags/example_sensor_decorator.py took 0.055 seconds
[2024-07-09T13:49:12.533+0000] {processor.py:161} INFO - Started process (PID=1796) to work on /home/airflow/.local/lib/python3.11/site-packages/airflow/example_dags/example_sensor_decorator.py
[2024-07-09T13:49:12.534+0000] {processor.py:830} INFO - Processing file /home/airflow/.local/lib/python3.11/site-packages/airflow/example_dags/example_sensor_decorator.py for tasks to queue
[2024-07-09T13:49:12.535+0000] {logging_mixin.py:188} INFO - [2024-07-09T13:49:12.535+0000] {dagbag.py:540} INFO - Filling up the DagBag from /home/airflow/.local/lib/python3.11/site-packages/airflow/example_dags/example_sensor_decorator.py
[2024-07-09T13:49:12.540+0000] {processor.py:840} INFO - DAG(s) 'example_sensor_decorator' retrieved from /home/airflow/.local/lib/python3.11/site-packages/airflow/example_dags/example_sensor_decorator.py
[2024-07-09T13:49:12.569+0000] {logging_mixin.py:188} INFO - [2024-07-09T13:49:12.568+0000] {dag.py:3047} INFO - Sync 1 DAGs
[2024-07-09T13:49:12.579+0000] {logging_mixin.py:188} INFO - [2024-07-09T13:49:12.579+0000] {dag.py:3834} INFO - Setting next_dagrun for example_sensor_decorator to None, run_after=None
[2024-07-09T13:49:12.598+0000] {processor.py:183} INFO - Processing /home/airflow/.local/lib/python3.11/site-packages/airflow/example_dags/example_sensor_decorator.py took 0.067 seconds
[2024-07-09T13:49:43.033+0000] {processor.py:161} INFO - Started process (PID=2066) to work on /home/airflow/.local/lib/python3.11/site-packages/airflow/example_dags/example_sensor_decorator.py
[2024-07-09T13:49:43.034+0000] {processor.py:830} INFO - Processing file /home/airflow/.local/lib/python3.11/site-packages/airflow/example_dags/example_sensor_decorator.py for tasks to queue
[2024-07-09T13:49:43.035+0000] {logging_mixin.py:188} INFO - [2024-07-09T13:49:43.035+0000] {dagbag.py:540} INFO - Filling up the DagBag from /home/airflow/.local/lib/python3.11/site-packages/airflow/example_dags/example_sensor_decorator.py
[2024-07-09T13:49:43.041+0000] {processor.py:840} INFO - DAG(s) 'example_sensor_decorator' retrieved from /home/airflow/.local/lib/python3.11/site-packages/airflow/example_dags/example_sensor_decorator.py
[2024-07-09T13:49:43.065+0000] {logging_mixin.py:188} INFO - [2024-07-09T13:49:43.065+0000] {dag.py:3047} INFO - Sync 1 DAGs
[2024-07-09T13:49:43.075+0000] {logging_mixin.py:188} INFO - [2024-07-09T13:49:43.075+0000] {dag.py:3834} INFO - Setting next_dagrun for example_sensor_decorator to None, run_after=None
[2024-07-09T13:49:43.093+0000] {processor.py:183} INFO - Processing /home/airflow/.local/lib/python3.11/site-packages/airflow/example_dags/example_sensor_decorator.py took 0.063 seconds
[2024-07-09T13:50:13.240+0000] {processor.py:161} INFO - Started process (PID=2336) to work on /home/airflow/.local/lib/python3.11/site-packages/airflow/example_dags/example_sensor_decorator.py
[2024-07-09T13:50:13.241+0000] {processor.py:830} INFO - Processing file /home/airflow/.local/lib/python3.11/site-packages/airflow/example_dags/example_sensor_decorator.py for tasks to queue
[2024-07-09T13:50:13.242+0000] {logging_mixin.py:188} INFO - [2024-07-09T13:50:13.241+0000] {dagbag.py:540} INFO - Filling up the DagBag from /home/airflow/.local/lib/python3.11/site-packages/airflow/example_dags/example_sensor_decorator.py
[2024-07-09T13:50:13.246+0000] {processor.py:840} INFO - DAG(s) 'example_sensor_decorator' retrieved from /home/airflow/.local/lib/python3.11/site-packages/airflow/example_dags/example_sensor_decorator.py
[2024-07-09T13:50:13.266+0000] {logging_mixin.py:188} INFO - [2024-07-09T13:50:13.266+0000] {dag.py:3047} INFO - Sync 1 DAGs
[2024-07-09T13:50:13.275+0000] {logging_mixin.py:188} INFO - [2024-07-09T13:50:13.275+0000] {dag.py:3834} INFO - Setting next_dagrun for example_sensor_decorator to None, run_after=None
[2024-07-09T13:50:13.292+0000] {processor.py:183} INFO - Processing /home/airflow/.local/lib/python3.11/site-packages/airflow/example_dags/example_sensor_decorator.py took 0.055 seconds
[2024-07-09T13:50:43.496+0000] {processor.py:161} INFO - Started process (PID=2606) to work on /home/airflow/.local/lib/python3.11/site-packages/airflow/example_dags/example_sensor_decorator.py
[2024-07-09T13:50:43.497+0000] {processor.py:830} INFO - Processing file /home/airflow/.local/lib/python3.11/site-packages/airflow/example_dags/example_sensor_decorator.py for tasks to queue
[2024-07-09T13:50:43.498+0000] {logging_mixin.py:188} INFO - [2024-07-09T13:50:43.497+0000] {dagbag.py:540} INFO - Filling up the DagBag from /home/airflow/.local/lib/python3.11/site-packages/airflow/example_dags/example_sensor_decorator.py
[2024-07-09T13:50:43.503+0000] {processor.py:840} INFO - DAG(s) 'example_sensor_decorator' retrieved from /home/airflow/.local/lib/python3.11/site-packages/airflow/example_dags/example_sensor_decorator.py
[2024-07-09T13:50:43.522+0000] {logging_mixin.py:188} INFO - [2024-07-09T13:50:43.522+0000] {dag.py:3047} INFO - Sync 1 DAGs
[2024-07-09T13:50:43.532+0000] {logging_mixin.py:188} INFO - [2024-07-09T13:50:43.532+0000] {dag.py:3834} INFO - Setting next_dagrun for example_sensor_decorator to None, run_after=None
[2024-07-09T13:50:43.548+0000] {processor.py:183} INFO - Processing /home/airflow/.local/lib/python3.11/site-packages/airflow/example_dags/example_sensor_decorator.py took 0.054 seconds
[2024-07-09T13:51:13.982+0000] {processor.py:161} INFO - Started process (PID=2876) to work on /home/airflow/.local/lib/python3.11/site-packages/airflow/example_dags/example_sensor_decorator.py
[2024-07-09T13:51:13.983+0000] {processor.py:830} INFO - Processing file /home/airflow/.local/lib/python3.11/site-packages/airflow/example_dags/example_sensor_decorator.py for tasks to queue
[2024-07-09T13:51:13.984+0000] {logging_mixin.py:188} INFO - [2024-07-09T13:51:13.983+0000] {dagbag.py:540} INFO - Filling up the DagBag from /home/airflow/.local/lib/python3.11/site-packages/airflow/example_dags/example_sensor_decorator.py
[2024-07-09T13:51:13.989+0000] {processor.py:840} INFO - DAG(s) 'example_sensor_decorator' retrieved from /home/airflow/.local/lib/python3.11/site-packages/airflow/example_dags/example_sensor_decorator.py
[2024-07-09T13:51:14.011+0000] {logging_mixin.py:188} INFO - [2024-07-09T13:51:14.010+0000] {dag.py:3047} INFO - Sync 1 DAGs
[2024-07-09T13:51:14.021+0000] {logging_mixin.py:188} INFO - [2024-07-09T13:51:14.021+0000] {dag.py:3834} INFO - Setting next_dagrun for example_sensor_decorator to None, run_after=None
[2024-07-09T13:51:14.038+0000] {processor.py:183} INFO - Processing /home/airflow/.local/lib/python3.11/site-packages/airflow/example_dags/example_sensor_decorator.py took 0.059 seconds
