[2024-07-09T13:18:47.978+0000] {processor.py:161} INFO - Started process (PID=229) to work on /home/airflow/.local/lib/python3.11/site-packages/airflow/example_dags/example_dynamic_task_mapping.py
[2024-07-09T13:18:47.979+0000] {processor.py:830} INFO - Processing file /home/airflow/.local/lib/python3.11/site-packages/airflow/example_dags/example_dynamic_task_mapping.py for tasks to queue
[2024-07-09T13:18:47.980+0000] {logging_mixin.py:188} INFO - [2024-07-09T13:18:47.979+0000] {dagbag.py:540} INFO - Filling up the DagBag from /home/airflow/.local/lib/python3.11/site-packages/airflow/example_dags/example_dynamic_task_mapping.py
[2024-07-09T13:18:47.988+0000] {processor.py:840} INFO - DAG(s) 'example_dynamic_task_mapping' retrieved from /home/airflow/.local/lib/python3.11/site-packages/airflow/example_dags/example_dynamic_task_mapping.py
[2024-07-09T13:18:48.084+0000] {logging_mixin.py:188} INFO - [2024-07-09T13:18:48.084+0000] {override.py:1769} INFO - Created Permission View: can delete on DAG:example_dynamic_task_mapping
[2024-07-09T13:18:48.094+0000] {logging_mixin.py:188} INFO - [2024-07-09T13:18:48.094+0000] {override.py:1769} INFO - Created Permission View: can read on DAG:example_dynamic_task_mapping
[2024-07-09T13:18:48.100+0000] {logging_mixin.py:188} INFO - [2024-07-09T13:18:48.100+0000] {override.py:1769} INFO - Created Permission View: can edit on DAG:example_dynamic_task_mapping
[2024-07-09T13:18:48.101+0000] {logging_mixin.py:188} INFO - [2024-07-09T13:18:48.101+0000] {dag.py:3047} INFO - Sync 1 DAGs
[2024-07-09T13:18:48.110+0000] {logging_mixin.py:188} INFO - [2024-07-09T13:18:48.110+0000] {dag.py:3069} INFO - Creating ORM DAG for example_dynamic_task_mapping
[2024-07-09T13:18:48.118+0000] {logging_mixin.py:188} INFO - [2024-07-09T13:18:48.118+0000] {dag.py:3834} INFO - Setting next_dagrun for example_dynamic_task_mapping to 2022-03-04 00:00:00+00:00, run_after=2022-03-05 00:00:00+00:00
[2024-07-09T13:18:48.132+0000] {processor.py:183} INFO - Processing /home/airflow/.local/lib/python3.11/site-packages/airflow/example_dags/example_dynamic_task_mapping.py took 0.156 seconds
[2024-07-09T13:19:18.468+0000] {processor.py:161} INFO - Started process (PID=499) to work on /home/airflow/.local/lib/python3.11/site-packages/airflow/example_dags/example_dynamic_task_mapping.py
[2024-07-09T13:19:18.469+0000] {processor.py:830} INFO - Processing file /home/airflow/.local/lib/python3.11/site-packages/airflow/example_dags/example_dynamic_task_mapping.py for tasks to queue
[2024-07-09T13:19:18.469+0000] {logging_mixin.py:188} INFO - [2024-07-09T13:19:18.469+0000] {dagbag.py:540} INFO - Filling up the DagBag from /home/airflow/.local/lib/python3.11/site-packages/airflow/example_dags/example_dynamic_task_mapping.py
[2024-07-09T13:19:18.475+0000] {processor.py:840} INFO - DAG(s) 'example_dynamic_task_mapping' retrieved from /home/airflow/.local/lib/python3.11/site-packages/airflow/example_dags/example_dynamic_task_mapping.py
[2024-07-09T13:19:18.494+0000] {logging_mixin.py:188} INFO - [2024-07-09T13:19:18.494+0000] {dag.py:3047} INFO - Sync 1 DAGs
[2024-07-09T13:19:18.510+0000] {logging_mixin.py:188} INFO - [2024-07-09T13:19:18.510+0000] {dag.py:3834} INFO - Setting next_dagrun for example_dynamic_task_mapping to 2022-03-04 00:00:00+00:00, run_after=2022-03-05 00:00:00+00:00
[2024-07-09T13:19:18.523+0000] {processor.py:183} INFO - Processing /home/airflow/.local/lib/python3.11/site-packages/airflow/example_dags/example_dynamic_task_mapping.py took 0.058 seconds
[2024-07-09T13:19:49.361+0000] {processor.py:161} INFO - Started process (PID=769) to work on /home/airflow/.local/lib/python3.11/site-packages/airflow/example_dags/example_dynamic_task_mapping.py
[2024-07-09T13:19:49.362+0000] {processor.py:830} INFO - Processing file /home/airflow/.local/lib/python3.11/site-packages/airflow/example_dags/example_dynamic_task_mapping.py for tasks to queue
[2024-07-09T13:19:49.362+0000] {logging_mixin.py:188} INFO - [2024-07-09T13:19:49.362+0000] {dagbag.py:540} INFO - Filling up the DagBag from /home/airflow/.local/lib/python3.11/site-packages/airflow/example_dags/example_dynamic_task_mapping.py
[2024-07-09T13:19:49.368+0000] {processor.py:840} INFO - DAG(s) 'example_dynamic_task_mapping' retrieved from /home/airflow/.local/lib/python3.11/site-packages/airflow/example_dags/example_dynamic_task_mapping.py
[2024-07-09T13:19:49.387+0000] {logging_mixin.py:188} INFO - [2024-07-09T13:19:49.387+0000] {dag.py:3047} INFO - Sync 1 DAGs
[2024-07-09T13:19:49.404+0000] {logging_mixin.py:188} INFO - [2024-07-09T13:19:49.404+0000] {dag.py:3834} INFO - Setting next_dagrun for example_dynamic_task_mapping to 2022-03-04 00:00:00+00:00, run_after=2022-03-05 00:00:00+00:00
[2024-07-09T13:19:49.419+0000] {processor.py:183} INFO - Processing /home/airflow/.local/lib/python3.11/site-packages/airflow/example_dags/example_dynamic_task_mapping.py took 0.061 seconds
[2024-07-09T13:20:20.609+0000] {processor.py:161} INFO - Started process (PID=1039) to work on /home/airflow/.local/lib/python3.11/site-packages/airflow/example_dags/example_dynamic_task_mapping.py
[2024-07-09T13:20:20.610+0000] {processor.py:830} INFO - Processing file /home/airflow/.local/lib/python3.11/site-packages/airflow/example_dags/example_dynamic_task_mapping.py for tasks to queue
[2024-07-09T13:20:20.611+0000] {logging_mixin.py:188} INFO - [2024-07-09T13:20:20.611+0000] {dagbag.py:540} INFO - Filling up the DagBag from /home/airflow/.local/lib/python3.11/site-packages/airflow/example_dags/example_dynamic_task_mapping.py
[2024-07-09T13:20:20.621+0000] {processor.py:840} INFO - DAG(s) 'example_dynamic_task_mapping' retrieved from /home/airflow/.local/lib/python3.11/site-packages/airflow/example_dags/example_dynamic_task_mapping.py
[2024-07-09T13:20:20.670+0000] {logging_mixin.py:188} INFO - [2024-07-09T13:20:20.670+0000] {dag.py:3047} INFO - Sync 1 DAGs
[2024-07-09T13:20:20.827+0000] {logging_mixin.py:188} INFO - [2024-07-09T13:20:20.826+0000] {dag.py:3834} INFO - Setting next_dagrun for example_dynamic_task_mapping to 2022-03-04 00:00:00+00:00, run_after=2022-03-05 00:00:00+00:00
[2024-07-09T13:20:20.843+0000] {processor.py:183} INFO - Processing /home/airflow/.local/lib/python3.11/site-packages/airflow/example_dags/example_dynamic_task_mapping.py took 0.238 seconds
[2024-07-09T13:20:51.638+0000] {processor.py:161} INFO - Started process (PID=1309) to work on /home/airflow/.local/lib/python3.11/site-packages/airflow/example_dags/example_dynamic_task_mapping.py
[2024-07-09T13:20:51.640+0000] {processor.py:830} INFO - Processing file /home/airflow/.local/lib/python3.11/site-packages/airflow/example_dags/example_dynamic_task_mapping.py for tasks to queue
[2024-07-09T13:20:51.640+0000] {logging_mixin.py:188} INFO - [2024-07-09T13:20:51.640+0000] {dagbag.py:540} INFO - Filling up the DagBag from /home/airflow/.local/lib/python3.11/site-packages/airflow/example_dags/example_dynamic_task_mapping.py
[2024-07-09T13:20:51.646+0000] {processor.py:840} INFO - DAG(s) 'example_dynamic_task_mapping' retrieved from /home/airflow/.local/lib/python3.11/site-packages/airflow/example_dags/example_dynamic_task_mapping.py
[2024-07-09T13:20:51.667+0000] {logging_mixin.py:188} INFO - [2024-07-09T13:20:51.667+0000] {dag.py:3047} INFO - Sync 1 DAGs
[2024-07-09T13:20:51.686+0000] {logging_mixin.py:188} INFO - [2024-07-09T13:20:51.686+0000] {dag.py:3834} INFO - Setting next_dagrun for example_dynamic_task_mapping to 2022-03-04 00:00:00+00:00, run_after=2022-03-05 00:00:00+00:00
[2024-07-09T13:20:51.704+0000] {processor.py:183} INFO - Processing /home/airflow/.local/lib/python3.11/site-packages/airflow/example_dags/example_dynamic_task_mapping.py took 0.068 seconds
[2024-07-09T13:21:22.596+0000] {processor.py:161} INFO - Started process (PID=1579) to work on /home/airflow/.local/lib/python3.11/site-packages/airflow/example_dags/example_dynamic_task_mapping.py
[2024-07-09T13:21:22.597+0000] {processor.py:830} INFO - Processing file /home/airflow/.local/lib/python3.11/site-packages/airflow/example_dags/example_dynamic_task_mapping.py for tasks to queue
[2024-07-09T13:21:22.598+0000] {logging_mixin.py:188} INFO - [2024-07-09T13:21:22.597+0000] {dagbag.py:540} INFO - Filling up the DagBag from /home/airflow/.local/lib/python3.11/site-packages/airflow/example_dags/example_dynamic_task_mapping.py
[2024-07-09T13:21:22.604+0000] {processor.py:840} INFO - DAG(s) 'example_dynamic_task_mapping' retrieved from /home/airflow/.local/lib/python3.11/site-packages/airflow/example_dags/example_dynamic_task_mapping.py
[2024-07-09T13:21:22.624+0000] {logging_mixin.py:188} INFO - [2024-07-09T13:21:22.623+0000] {dag.py:3047} INFO - Sync 1 DAGs
[2024-07-09T13:21:22.640+0000] {logging_mixin.py:188} INFO - [2024-07-09T13:21:22.640+0000] {dag.py:3834} INFO - Setting next_dagrun for example_dynamic_task_mapping to 2022-03-04 00:00:00+00:00, run_after=2022-03-05 00:00:00+00:00
[2024-07-09T13:21:22.656+0000] {processor.py:183} INFO - Processing /home/airflow/.local/lib/python3.11/site-packages/airflow/example_dags/example_dynamic_task_mapping.py took 0.063 seconds
[2024-07-09T13:21:53.339+0000] {processor.py:161} INFO - Started process (PID=1849) to work on /home/airflow/.local/lib/python3.11/site-packages/airflow/example_dags/example_dynamic_task_mapping.py
[2024-07-09T13:21:53.340+0000] {processor.py:830} INFO - Processing file /home/airflow/.local/lib/python3.11/site-packages/airflow/example_dags/example_dynamic_task_mapping.py for tasks to queue
[2024-07-09T13:21:53.341+0000] {logging_mixin.py:188} INFO - [2024-07-09T13:21:53.340+0000] {dagbag.py:540} INFO - Filling up the DagBag from /home/airflow/.local/lib/python3.11/site-packages/airflow/example_dags/example_dynamic_task_mapping.py
[2024-07-09T13:21:53.346+0000] {processor.py:840} INFO - DAG(s) 'example_dynamic_task_mapping' retrieved from /home/airflow/.local/lib/python3.11/site-packages/airflow/example_dags/example_dynamic_task_mapping.py
[2024-07-09T13:21:53.366+0000] {logging_mixin.py:188} INFO - [2024-07-09T13:21:53.366+0000] {dag.py:3047} INFO - Sync 1 DAGs
[2024-07-09T13:21:53.382+0000] {logging_mixin.py:188} INFO - [2024-07-09T13:21:53.382+0000] {dag.py:3834} INFO - Setting next_dagrun for example_dynamic_task_mapping to 2022-03-04 00:00:00+00:00, run_after=2022-03-05 00:00:00+00:00
[2024-07-09T13:21:53.397+0000] {processor.py:183} INFO - Processing /home/airflow/.local/lib/python3.11/site-packages/airflow/example_dags/example_dynamic_task_mapping.py took 0.060 seconds
[2024-07-09T13:22:24.046+0000] {processor.py:161} INFO - Started process (PID=2119) to work on /home/airflow/.local/lib/python3.11/site-packages/airflow/example_dags/example_dynamic_task_mapping.py
[2024-07-09T13:22:24.047+0000] {processor.py:830} INFO - Processing file /home/airflow/.local/lib/python3.11/site-packages/airflow/example_dags/example_dynamic_task_mapping.py for tasks to queue
[2024-07-09T13:22:24.047+0000] {logging_mixin.py:188} INFO - [2024-07-09T13:22:24.047+0000] {dagbag.py:540} INFO - Filling up the DagBag from /home/airflow/.local/lib/python3.11/site-packages/airflow/example_dags/example_dynamic_task_mapping.py
[2024-07-09T13:22:24.053+0000] {processor.py:840} INFO - DAG(s) 'example_dynamic_task_mapping' retrieved from /home/airflow/.local/lib/python3.11/site-packages/airflow/example_dags/example_dynamic_task_mapping.py
[2024-07-09T13:22:24.074+0000] {logging_mixin.py:188} INFO - [2024-07-09T13:22:24.074+0000] {dag.py:3047} INFO - Sync 1 DAGs
[2024-07-09T13:22:24.091+0000] {logging_mixin.py:188} INFO - [2024-07-09T13:22:24.091+0000] {dag.py:3834} INFO - Setting next_dagrun for example_dynamic_task_mapping to 2022-03-04 00:00:00+00:00, run_after=2022-03-05 00:00:00+00:00
[2024-07-09T13:22:24.106+0000] {processor.py:183} INFO - Processing /home/airflow/.local/lib/python3.11/site-packages/airflow/example_dags/example_dynamic_task_mapping.py took 0.063 seconds
[2024-07-09T13:22:54.768+0000] {processor.py:161} INFO - Started process (PID=2389) to work on /home/airflow/.local/lib/python3.11/site-packages/airflow/example_dags/example_dynamic_task_mapping.py
[2024-07-09T13:22:54.770+0000] {processor.py:830} INFO - Processing file /home/airflow/.local/lib/python3.11/site-packages/airflow/example_dags/example_dynamic_task_mapping.py for tasks to queue
[2024-07-09T13:22:54.770+0000] {logging_mixin.py:188} INFO - [2024-07-09T13:22:54.770+0000] {dagbag.py:540} INFO - Filling up the DagBag from /home/airflow/.local/lib/python3.11/site-packages/airflow/example_dags/example_dynamic_task_mapping.py
[2024-07-09T13:22:54.776+0000] {processor.py:840} INFO - DAG(s) 'example_dynamic_task_mapping' retrieved from /home/airflow/.local/lib/python3.11/site-packages/airflow/example_dags/example_dynamic_task_mapping.py
[2024-07-09T13:22:54.795+0000] {logging_mixin.py:188} INFO - [2024-07-09T13:22:54.795+0000] {dag.py:3047} INFO - Sync 1 DAGs
[2024-07-09T13:22:54.813+0000] {logging_mixin.py:188} INFO - [2024-07-09T13:22:54.812+0000] {dag.py:3834} INFO - Setting next_dagrun for example_dynamic_task_mapping to 2022-03-04 00:00:00+00:00, run_after=2022-03-05 00:00:00+00:00
[2024-07-09T13:22:54.828+0000] {processor.py:183} INFO - Processing /home/airflow/.local/lib/python3.11/site-packages/airflow/example_dags/example_dynamic_task_mapping.py took 0.062 seconds
[2024-07-09T13:23:25.554+0000] {processor.py:161} INFO - Started process (PID=2659) to work on /home/airflow/.local/lib/python3.11/site-packages/airflow/example_dags/example_dynamic_task_mapping.py
[2024-07-09T13:23:25.555+0000] {processor.py:830} INFO - Processing file /home/airflow/.local/lib/python3.11/site-packages/airflow/example_dags/example_dynamic_task_mapping.py for tasks to queue
[2024-07-09T13:23:25.555+0000] {logging_mixin.py:188} INFO - [2024-07-09T13:23:25.555+0000] {dagbag.py:540} INFO - Filling up the DagBag from /home/airflow/.local/lib/python3.11/site-packages/airflow/example_dags/example_dynamic_task_mapping.py
[2024-07-09T13:23:25.561+0000] {processor.py:840} INFO - DAG(s) 'example_dynamic_task_mapping' retrieved from /home/airflow/.local/lib/python3.11/site-packages/airflow/example_dags/example_dynamic_task_mapping.py
[2024-07-09T13:23:25.582+0000] {logging_mixin.py:188} INFO - [2024-07-09T13:23:25.582+0000] {dag.py:3047} INFO - Sync 1 DAGs
[2024-07-09T13:23:25.602+0000] {logging_mixin.py:188} INFO - [2024-07-09T13:23:25.602+0000] {dag.py:3834} INFO - Setting next_dagrun for example_dynamic_task_mapping to 2022-03-04 00:00:00+00:00, run_after=2022-03-05 00:00:00+00:00
[2024-07-09T13:23:25.618+0000] {processor.py:183} INFO - Processing /home/airflow/.local/lib/python3.11/site-packages/airflow/example_dags/example_dynamic_task_mapping.py took 0.067 seconds
[2024-07-09T13:23:56.296+0000] {processor.py:161} INFO - Started process (PID=2929) to work on /home/airflow/.local/lib/python3.11/site-packages/airflow/example_dags/example_dynamic_task_mapping.py
[2024-07-09T13:23:56.297+0000] {processor.py:830} INFO - Processing file /home/airflow/.local/lib/python3.11/site-packages/airflow/example_dags/example_dynamic_task_mapping.py for tasks to queue
[2024-07-09T13:23:56.298+0000] {logging_mixin.py:188} INFO - [2024-07-09T13:23:56.297+0000] {dagbag.py:540} INFO - Filling up the DagBag from /home/airflow/.local/lib/python3.11/site-packages/airflow/example_dags/example_dynamic_task_mapping.py
[2024-07-09T13:23:56.303+0000] {processor.py:840} INFO - DAG(s) 'example_dynamic_task_mapping' retrieved from /home/airflow/.local/lib/python3.11/site-packages/airflow/example_dags/example_dynamic_task_mapping.py
[2024-07-09T13:23:56.323+0000] {logging_mixin.py:188} INFO - [2024-07-09T13:23:56.322+0000] {dag.py:3047} INFO - Sync 1 DAGs
[2024-07-09T13:23:56.340+0000] {logging_mixin.py:188} INFO - [2024-07-09T13:23:56.340+0000] {dag.py:3834} INFO - Setting next_dagrun for example_dynamic_task_mapping to 2022-03-04 00:00:00+00:00, run_after=2022-03-05 00:00:00+00:00
[2024-07-09T13:23:56.356+0000] {processor.py:183} INFO - Processing /home/airflow/.local/lib/python3.11/site-packages/airflow/example_dags/example_dynamic_task_mapping.py took 0.063 seconds
[2024-07-09T13:24:26.989+0000] {processor.py:161} INFO - Started process (PID=3199) to work on /home/airflow/.local/lib/python3.11/site-packages/airflow/example_dags/example_dynamic_task_mapping.py
[2024-07-09T13:24:26.990+0000] {processor.py:830} INFO - Processing file /home/airflow/.local/lib/python3.11/site-packages/airflow/example_dags/example_dynamic_task_mapping.py for tasks to queue
[2024-07-09T13:24:26.990+0000] {logging_mixin.py:188} INFO - [2024-07-09T13:24:26.990+0000] {dagbag.py:540} INFO - Filling up the DagBag from /home/airflow/.local/lib/python3.11/site-packages/airflow/example_dags/example_dynamic_task_mapping.py
[2024-07-09T13:24:26.996+0000] {processor.py:840} INFO - DAG(s) 'example_dynamic_task_mapping' retrieved from /home/airflow/.local/lib/python3.11/site-packages/airflow/example_dags/example_dynamic_task_mapping.py
[2024-07-09T13:24:27.016+0000] {logging_mixin.py:188} INFO - [2024-07-09T13:24:27.015+0000] {dag.py:3047} INFO - Sync 1 DAGs
[2024-07-09T13:24:27.033+0000] {logging_mixin.py:188} INFO - [2024-07-09T13:24:27.032+0000] {dag.py:3834} INFO - Setting next_dagrun for example_dynamic_task_mapping to 2022-03-04 00:00:00+00:00, run_after=2022-03-05 00:00:00+00:00
[2024-07-09T13:24:27.048+0000] {processor.py:183} INFO - Processing /home/airflow/.local/lib/python3.11/site-packages/airflow/example_dags/example_dynamic_task_mapping.py took 0.062 seconds
[2024-07-09T13:24:57.689+0000] {processor.py:161} INFO - Started process (PID=3469) to work on /home/airflow/.local/lib/python3.11/site-packages/airflow/example_dags/example_dynamic_task_mapping.py
[2024-07-09T13:24:57.690+0000] {processor.py:830} INFO - Processing file /home/airflow/.local/lib/python3.11/site-packages/airflow/example_dags/example_dynamic_task_mapping.py for tasks to queue
[2024-07-09T13:24:57.691+0000] {logging_mixin.py:188} INFO - [2024-07-09T13:24:57.691+0000] {dagbag.py:540} INFO - Filling up the DagBag from /home/airflow/.local/lib/python3.11/site-packages/airflow/example_dags/example_dynamic_task_mapping.py
[2024-07-09T13:24:57.697+0000] {processor.py:840} INFO - DAG(s) 'example_dynamic_task_mapping' retrieved from /home/airflow/.local/lib/python3.11/site-packages/airflow/example_dags/example_dynamic_task_mapping.py
[2024-07-09T13:24:57.716+0000] {logging_mixin.py:188} INFO - [2024-07-09T13:24:57.716+0000] {dag.py:3047} INFO - Sync 1 DAGs
[2024-07-09T13:24:57.733+0000] {logging_mixin.py:188} INFO - [2024-07-09T13:24:57.733+0000] {dag.py:3834} INFO - Setting next_dagrun for example_dynamic_task_mapping to 2022-03-04 00:00:00+00:00, run_after=2022-03-05 00:00:00+00:00
[2024-07-09T13:24:57.747+0000] {processor.py:183} INFO - Processing /home/airflow/.local/lib/python3.11/site-packages/airflow/example_dags/example_dynamic_task_mapping.py took 0.060 seconds
[2024-07-09T13:26:08.887+0000] {processor.py:161} INFO - Started process (PID=230) to work on /home/airflow/.local/lib/python3.11/site-packages/airflow/example_dags/example_dynamic_task_mapping.py
[2024-07-09T13:26:08.888+0000] {processor.py:830} INFO - Processing file /home/airflow/.local/lib/python3.11/site-packages/airflow/example_dags/example_dynamic_task_mapping.py for tasks to queue
[2024-07-09T13:26:08.889+0000] {logging_mixin.py:188} INFO - [2024-07-09T13:26:08.889+0000] {dagbag.py:540} INFO - Filling up the DagBag from /home/airflow/.local/lib/python3.11/site-packages/airflow/example_dags/example_dynamic_task_mapping.py
[2024-07-09T13:26:08.897+0000] {processor.py:840} INFO - DAG(s) 'example_dynamic_task_mapping' retrieved from /home/airflow/.local/lib/python3.11/site-packages/airflow/example_dags/example_dynamic_task_mapping.py
[2024-07-09T13:26:08.988+0000] {logging_mixin.py:188} INFO - [2024-07-09T13:26:08.987+0000] {override.py:1769} INFO - Created Permission View: can delete on DAG:example_dynamic_task_mapping
[2024-07-09T13:26:08.998+0000] {logging_mixin.py:188} INFO - [2024-07-09T13:26:08.997+0000] {override.py:1769} INFO - Created Permission View: can read on DAG:example_dynamic_task_mapping
[2024-07-09T13:26:09.005+0000] {logging_mixin.py:188} INFO - [2024-07-09T13:26:09.005+0000] {override.py:1769} INFO - Created Permission View: can edit on DAG:example_dynamic_task_mapping
[2024-07-09T13:26:09.005+0000] {logging_mixin.py:188} INFO - [2024-07-09T13:26:09.005+0000] {dag.py:3047} INFO - Sync 1 DAGs
[2024-07-09T13:26:09.014+0000] {logging_mixin.py:188} INFO - [2024-07-09T13:26:09.014+0000] {dag.py:3069} INFO - Creating ORM DAG for example_dynamic_task_mapping
[2024-07-09T13:26:09.023+0000] {logging_mixin.py:188} INFO - [2024-07-09T13:26:09.023+0000] {dag.py:3834} INFO - Setting next_dagrun for example_dynamic_task_mapping to 2022-03-04 00:00:00+00:00, run_after=2022-03-05 00:00:00+00:00
[2024-07-09T13:26:09.036+0000] {processor.py:183} INFO - Processing /home/airflow/.local/lib/python3.11/site-packages/airflow/example_dags/example_dynamic_task_mapping.py took 0.152 seconds
[2024-07-09T13:26:39.396+0000] {processor.py:161} INFO - Started process (PID=500) to work on /home/airflow/.local/lib/python3.11/site-packages/airflow/example_dags/example_dynamic_task_mapping.py
[2024-07-09T13:26:39.397+0000] {processor.py:830} INFO - Processing file /home/airflow/.local/lib/python3.11/site-packages/airflow/example_dags/example_dynamic_task_mapping.py for tasks to queue
[2024-07-09T13:26:39.397+0000] {logging_mixin.py:188} INFO - [2024-07-09T13:26:39.397+0000] {dagbag.py:540} INFO - Filling up the DagBag from /home/airflow/.local/lib/python3.11/site-packages/airflow/example_dags/example_dynamic_task_mapping.py
[2024-07-09T13:26:39.405+0000] {processor.py:840} INFO - DAG(s) 'example_dynamic_task_mapping' retrieved from /home/airflow/.local/lib/python3.11/site-packages/airflow/example_dags/example_dynamic_task_mapping.py
[2024-07-09T13:26:39.431+0000] {logging_mixin.py:188} INFO - [2024-07-09T13:26:39.430+0000] {dag.py:3047} INFO - Sync 1 DAGs
[2024-07-09T13:26:39.455+0000] {logging_mixin.py:188} INFO - [2024-07-09T13:26:39.455+0000] {dag.py:3834} INFO - Setting next_dagrun for example_dynamic_task_mapping to 2022-03-04 00:00:00+00:00, run_after=2022-03-05 00:00:00+00:00
[2024-07-09T13:26:39.474+0000] {processor.py:183} INFO - Processing /home/airflow/.local/lib/python3.11/site-packages/airflow/example_dags/example_dynamic_task_mapping.py took 0.080 seconds
[2024-07-09T13:27:09.975+0000] {processor.py:161} INFO - Started process (PID=770) to work on /home/airflow/.local/lib/python3.11/site-packages/airflow/example_dags/example_dynamic_task_mapping.py
[2024-07-09T13:27:09.976+0000] {processor.py:830} INFO - Processing file /home/airflow/.local/lib/python3.11/site-packages/airflow/example_dags/example_dynamic_task_mapping.py for tasks to queue
[2024-07-09T13:27:09.977+0000] {logging_mixin.py:188} INFO - [2024-07-09T13:27:09.977+0000] {dagbag.py:540} INFO - Filling up the DagBag from /home/airflow/.local/lib/python3.11/site-packages/airflow/example_dags/example_dynamic_task_mapping.py
[2024-07-09T13:27:09.982+0000] {processor.py:840} INFO - DAG(s) 'example_dynamic_task_mapping' retrieved from /home/airflow/.local/lib/python3.11/site-packages/airflow/example_dags/example_dynamic_task_mapping.py
[2024-07-09T13:27:10.002+0000] {logging_mixin.py:188} INFO - [2024-07-09T13:27:10.001+0000] {dag.py:3047} INFO - Sync 1 DAGs
[2024-07-09T13:27:10.018+0000] {logging_mixin.py:188} INFO - [2024-07-09T13:27:10.018+0000] {dag.py:3834} INFO - Setting next_dagrun for example_dynamic_task_mapping to 2022-03-04 00:00:00+00:00, run_after=2022-03-05 00:00:00+00:00
[2024-07-09T13:27:10.033+0000] {processor.py:183} INFO - Processing /home/airflow/.local/lib/python3.11/site-packages/airflow/example_dags/example_dynamic_task_mapping.py took 0.060 seconds
[2024-07-09T13:27:40.783+0000] {processor.py:161} INFO - Started process (PID=1040) to work on /home/airflow/.local/lib/python3.11/site-packages/airflow/example_dags/example_dynamic_task_mapping.py
[2024-07-09T13:27:40.784+0000] {processor.py:830} INFO - Processing file /home/airflow/.local/lib/python3.11/site-packages/airflow/example_dags/example_dynamic_task_mapping.py for tasks to queue
[2024-07-09T13:27:40.785+0000] {logging_mixin.py:188} INFO - [2024-07-09T13:27:40.784+0000] {dagbag.py:540} INFO - Filling up the DagBag from /home/airflow/.local/lib/python3.11/site-packages/airflow/example_dags/example_dynamic_task_mapping.py
[2024-07-09T13:27:40.791+0000] {processor.py:840} INFO - DAG(s) 'example_dynamic_task_mapping' retrieved from /home/airflow/.local/lib/python3.11/site-packages/airflow/example_dags/example_dynamic_task_mapping.py
[2024-07-09T13:27:40.810+0000] {logging_mixin.py:188} INFO - [2024-07-09T13:27:40.810+0000] {dag.py:3047} INFO - Sync 1 DAGs
[2024-07-09T13:27:40.935+0000] {logging_mixin.py:188} INFO - [2024-07-09T13:27:40.934+0000] {dag.py:3834} INFO - Setting next_dagrun for example_dynamic_task_mapping to 2022-03-04 00:00:00+00:00, run_after=2022-03-05 00:00:00+00:00
[2024-07-09T13:27:40.952+0000] {processor.py:183} INFO - Processing /home/airflow/.local/lib/python3.11/site-packages/airflow/example_dags/example_dynamic_task_mapping.py took 0.172 seconds
[2024-07-09T13:28:11.668+0000] {processor.py:161} INFO - Started process (PID=1310) to work on /home/airflow/.local/lib/python3.11/site-packages/airflow/example_dags/example_dynamic_task_mapping.py
[2024-07-09T13:28:11.669+0000] {processor.py:830} INFO - Processing file /home/airflow/.local/lib/python3.11/site-packages/airflow/example_dags/example_dynamic_task_mapping.py for tasks to queue
[2024-07-09T13:28:11.670+0000] {logging_mixin.py:188} INFO - [2024-07-09T13:28:11.669+0000] {dagbag.py:540} INFO - Filling up the DagBag from /home/airflow/.local/lib/python3.11/site-packages/airflow/example_dags/example_dynamic_task_mapping.py
[2024-07-09T13:28:11.676+0000] {processor.py:840} INFO - DAG(s) 'example_dynamic_task_mapping' retrieved from /home/airflow/.local/lib/python3.11/site-packages/airflow/example_dags/example_dynamic_task_mapping.py
[2024-07-09T13:28:11.695+0000] {logging_mixin.py:188} INFO - [2024-07-09T13:28:11.695+0000] {dag.py:3047} INFO - Sync 1 DAGs
[2024-07-09T13:28:11.714+0000] {logging_mixin.py:188} INFO - [2024-07-09T13:28:11.713+0000] {dag.py:3834} INFO - Setting next_dagrun for example_dynamic_task_mapping to 2022-03-04 00:00:00+00:00, run_after=2022-03-05 00:00:00+00:00
[2024-07-09T13:28:11.729+0000] {processor.py:183} INFO - Processing /home/airflow/.local/lib/python3.11/site-packages/airflow/example_dags/example_dynamic_task_mapping.py took 0.064 seconds
[2024-07-09T13:28:42.007+0000] {processor.py:161} INFO - Started process (PID=1567) to work on /home/airflow/.local/lib/python3.11/site-packages/airflow/example_dags/example_dynamic_task_mapping.py
[2024-07-09T13:28:42.008+0000] {processor.py:830} INFO - Processing file /home/airflow/.local/lib/python3.11/site-packages/airflow/example_dags/example_dynamic_task_mapping.py for tasks to queue
[2024-07-09T13:28:42.010+0000] {logging_mixin.py:188} INFO - [2024-07-09T13:28:42.009+0000] {dagbag.py:540} INFO - Filling up the DagBag from /home/airflow/.local/lib/python3.11/site-packages/airflow/example_dags/example_dynamic_task_mapping.py
[2024-07-09T13:28:42.018+0000] {processor.py:840} INFO - DAG(s) 'example_dynamic_task_mapping' retrieved from /home/airflow/.local/lib/python3.11/site-packages/airflow/example_dags/example_dynamic_task_mapping.py
[2024-07-09T13:28:42.038+0000] {logging_mixin.py:188} INFO - [2024-07-09T13:28:42.038+0000] {dag.py:3047} INFO - Sync 1 DAGs
[2024-07-09T13:28:42.054+0000] {logging_mixin.py:188} INFO - [2024-07-09T13:28:42.054+0000] {dag.py:3834} INFO - Setting next_dagrun for example_dynamic_task_mapping to 2022-03-04 00:00:00+00:00, run_after=2022-03-05 00:00:00+00:00
[2024-07-09T13:28:42.069+0000] {processor.py:183} INFO - Processing /home/airflow/.local/lib/python3.11/site-packages/airflow/example_dags/example_dynamic_task_mapping.py took 0.066 seconds
[2024-07-09T13:29:12.335+0000] {processor.py:161} INFO - Started process (PID=1832) to work on /home/airflow/.local/lib/python3.11/site-packages/airflow/example_dags/example_dynamic_task_mapping.py
[2024-07-09T13:29:12.336+0000] {processor.py:830} INFO - Processing file /home/airflow/.local/lib/python3.11/site-packages/airflow/example_dags/example_dynamic_task_mapping.py for tasks to queue
[2024-07-09T13:29:12.337+0000] {logging_mixin.py:188} INFO - [2024-07-09T13:29:12.337+0000] {dagbag.py:540} INFO - Filling up the DagBag from /home/airflow/.local/lib/python3.11/site-packages/airflow/example_dags/example_dynamic_task_mapping.py
[2024-07-09T13:29:12.343+0000] {processor.py:840} INFO - DAG(s) 'example_dynamic_task_mapping' retrieved from /home/airflow/.local/lib/python3.11/site-packages/airflow/example_dags/example_dynamic_task_mapping.py
[2024-07-09T13:29:12.362+0000] {logging_mixin.py:188} INFO - [2024-07-09T13:29:12.362+0000] {dag.py:3047} INFO - Sync 1 DAGs
[2024-07-09T13:29:12.379+0000] {logging_mixin.py:188} INFO - [2024-07-09T13:29:12.379+0000] {dag.py:3834} INFO - Setting next_dagrun for example_dynamic_task_mapping to 2022-03-04 00:00:00+00:00, run_after=2022-03-05 00:00:00+00:00
[2024-07-09T13:29:12.394+0000] {processor.py:183} INFO - Processing /home/airflow/.local/lib/python3.11/site-packages/airflow/example_dags/example_dynamic_task_mapping.py took 0.061 seconds
[2024-07-09T13:29:42.708+0000] {processor.py:161} INFO - Started process (PID=2102) to work on /home/airflow/.local/lib/python3.11/site-packages/airflow/example_dags/example_dynamic_task_mapping.py
[2024-07-09T13:29:42.709+0000] {processor.py:830} INFO - Processing file /home/airflow/.local/lib/python3.11/site-packages/airflow/example_dags/example_dynamic_task_mapping.py for tasks to queue
[2024-07-09T13:29:42.709+0000] {logging_mixin.py:188} INFO - [2024-07-09T13:29:42.709+0000] {dagbag.py:540} INFO - Filling up the DagBag from /home/airflow/.local/lib/python3.11/site-packages/airflow/example_dags/example_dynamic_task_mapping.py
[2024-07-09T13:29:42.715+0000] {processor.py:840} INFO - DAG(s) 'example_dynamic_task_mapping' retrieved from /home/airflow/.local/lib/python3.11/site-packages/airflow/example_dags/example_dynamic_task_mapping.py
[2024-07-09T13:29:42.735+0000] {logging_mixin.py:188} INFO - [2024-07-09T13:29:42.735+0000] {dag.py:3047} INFO - Sync 1 DAGs
[2024-07-09T13:29:42.753+0000] {logging_mixin.py:188} INFO - [2024-07-09T13:29:42.753+0000] {dag.py:3834} INFO - Setting next_dagrun for example_dynamic_task_mapping to 2022-03-04 00:00:00+00:00, run_after=2022-03-05 00:00:00+00:00
[2024-07-09T13:29:42.767+0000] {processor.py:183} INFO - Processing /home/airflow/.local/lib/python3.11/site-packages/airflow/example_dags/example_dynamic_task_mapping.py took 0.062 seconds
[2024-07-09T13:31:37.139+0000] {processor.py:161} INFO - Started process (PID=229) to work on /home/airflow/.local/lib/python3.11/site-packages/airflow/example_dags/example_dynamic_task_mapping.py
[2024-07-09T13:31:37.154+0000] {processor.py:830} INFO - Processing file /home/airflow/.local/lib/python3.11/site-packages/airflow/example_dags/example_dynamic_task_mapping.py for tasks to queue
[2024-07-09T13:31:37.155+0000] {logging_mixin.py:188} INFO - [2024-07-09T13:31:37.155+0000] {dagbag.py:540} INFO - Filling up the DagBag from /home/airflow/.local/lib/python3.11/site-packages/airflow/example_dags/example_dynamic_task_mapping.py
[2024-07-09T13:31:37.169+0000] {processor.py:840} INFO - DAG(s) 'example_dynamic_task_mapping' retrieved from /home/airflow/.local/lib/python3.11/site-packages/airflow/example_dags/example_dynamic_task_mapping.py
[2024-07-09T13:31:37.300+0000] {logging_mixin.py:188} INFO - [2024-07-09T13:31:37.299+0000] {override.py:1769} INFO - Created Permission View: can edit on DAG:example_dynamic_task_mapping
[2024-07-09T13:31:37.317+0000] {logging_mixin.py:188} INFO - [2024-07-09T13:31:37.317+0000] {override.py:1769} INFO - Created Permission View: can delete on DAG:example_dynamic_task_mapping
[2024-07-09T13:31:37.324+0000] {logging_mixin.py:188} INFO - [2024-07-09T13:31:37.324+0000] {override.py:1769} INFO - Created Permission View: can read on DAG:example_dynamic_task_mapping
[2024-07-09T13:31:37.325+0000] {logging_mixin.py:188} INFO - [2024-07-09T13:31:37.324+0000] {dag.py:3047} INFO - Sync 1 DAGs
[2024-07-09T13:31:37.334+0000] {logging_mixin.py:188} INFO - [2024-07-09T13:31:37.334+0000] {dag.py:3069} INFO - Creating ORM DAG for example_dynamic_task_mapping
[2024-07-09T13:31:37.343+0000] {logging_mixin.py:188} INFO - [2024-07-09T13:31:37.342+0000] {dag.py:3834} INFO - Setting next_dagrun for example_dynamic_task_mapping to 2022-03-04 00:00:00+00:00, run_after=2022-03-05 00:00:00+00:00
[2024-07-09T13:31:37.357+0000] {processor.py:183} INFO - Processing /home/airflow/.local/lib/python3.11/site-packages/airflow/example_dags/example_dynamic_task_mapping.py took 0.225 seconds
[2024-07-09T13:32:08.120+0000] {processor.py:161} INFO - Started process (PID=499) to work on /home/airflow/.local/lib/python3.11/site-packages/airflow/example_dags/example_dynamic_task_mapping.py
[2024-07-09T13:32:08.121+0000] {processor.py:830} INFO - Processing file /home/airflow/.local/lib/python3.11/site-packages/airflow/example_dags/example_dynamic_task_mapping.py for tasks to queue
[2024-07-09T13:32:08.122+0000] {logging_mixin.py:188} INFO - [2024-07-09T13:32:08.122+0000] {dagbag.py:540} INFO - Filling up the DagBag from /home/airflow/.local/lib/python3.11/site-packages/airflow/example_dags/example_dynamic_task_mapping.py
[2024-07-09T13:32:08.128+0000] {processor.py:840} INFO - DAG(s) 'example_dynamic_task_mapping' retrieved from /home/airflow/.local/lib/python3.11/site-packages/airflow/example_dags/example_dynamic_task_mapping.py
[2024-07-09T13:32:08.146+0000] {logging_mixin.py:188} INFO - [2024-07-09T13:32:08.146+0000] {dag.py:3047} INFO - Sync 1 DAGs
[2024-07-09T13:32:08.163+0000] {logging_mixin.py:188} INFO - [2024-07-09T13:32:08.163+0000] {dag.py:3834} INFO - Setting next_dagrun for example_dynamic_task_mapping to 2022-03-04 00:00:00+00:00, run_after=2022-03-05 00:00:00+00:00
[2024-07-09T13:32:08.179+0000] {processor.py:183} INFO - Processing /home/airflow/.local/lib/python3.11/site-packages/airflow/example_dags/example_dynamic_task_mapping.py took 0.061 seconds
[2024-07-09T13:32:38.368+0000] {processor.py:161} INFO - Started process (PID=769) to work on /home/airflow/.local/lib/python3.11/site-packages/airflow/example_dags/example_dynamic_task_mapping.py
[2024-07-09T13:32:38.369+0000] {processor.py:830} INFO - Processing file /home/airflow/.local/lib/python3.11/site-packages/airflow/example_dags/example_dynamic_task_mapping.py for tasks to queue
[2024-07-09T13:32:38.370+0000] {logging_mixin.py:188} INFO - [2024-07-09T13:32:38.370+0000] {dagbag.py:540} INFO - Filling up the DagBag from /home/airflow/.local/lib/python3.11/site-packages/airflow/example_dags/example_dynamic_task_mapping.py
[2024-07-09T13:32:38.376+0000] {processor.py:840} INFO - DAG(s) 'example_dynamic_task_mapping' retrieved from /home/airflow/.local/lib/python3.11/site-packages/airflow/example_dags/example_dynamic_task_mapping.py
[2024-07-09T13:32:38.397+0000] {logging_mixin.py:188} INFO - [2024-07-09T13:32:38.397+0000] {dag.py:3047} INFO - Sync 1 DAGs
[2024-07-09T13:32:38.414+0000] {logging_mixin.py:188} INFO - [2024-07-09T13:32:38.414+0000] {dag.py:3834} INFO - Setting next_dagrun for example_dynamic_task_mapping to 2022-03-04 00:00:00+00:00, run_after=2022-03-05 00:00:00+00:00
[2024-07-09T13:32:38.429+0000] {processor.py:183} INFO - Processing /home/airflow/.local/lib/python3.11/site-packages/airflow/example_dags/example_dynamic_task_mapping.py took 0.064 seconds
[2024-07-09T13:33:08.919+0000] {processor.py:161} INFO - Started process (PID=1039) to work on /home/airflow/.local/lib/python3.11/site-packages/airflow/example_dags/example_dynamic_task_mapping.py
[2024-07-09T13:33:08.920+0000] {processor.py:830} INFO - Processing file /home/airflow/.local/lib/python3.11/site-packages/airflow/example_dags/example_dynamic_task_mapping.py for tasks to queue
[2024-07-09T13:33:08.921+0000] {logging_mixin.py:188} INFO - [2024-07-09T13:33:08.920+0000] {dagbag.py:540} INFO - Filling up the DagBag from /home/airflow/.local/lib/python3.11/site-packages/airflow/example_dags/example_dynamic_task_mapping.py
[2024-07-09T13:33:08.926+0000] {processor.py:840} INFO - DAG(s) 'example_dynamic_task_mapping' retrieved from /home/airflow/.local/lib/python3.11/site-packages/airflow/example_dags/example_dynamic_task_mapping.py
[2024-07-09T13:33:08.946+0000] {logging_mixin.py:188} INFO - [2024-07-09T13:33:08.946+0000] {dag.py:3047} INFO - Sync 1 DAGs
[2024-07-09T13:33:09.076+0000] {logging_mixin.py:188} INFO - [2024-07-09T13:33:09.076+0000] {dag.py:3834} INFO - Setting next_dagrun for example_dynamic_task_mapping to 2022-03-04 00:00:00+00:00, run_after=2022-03-05 00:00:00+00:00
[2024-07-09T13:33:09.093+0000] {processor.py:183} INFO - Processing /home/airflow/.local/lib/python3.11/site-packages/airflow/example_dags/example_dynamic_task_mapping.py took 0.177 seconds
[2024-07-09T13:33:39.120+0000] {processor.py:161} INFO - Started process (PID=1309) to work on /home/airflow/.local/lib/python3.11/site-packages/airflow/example_dags/example_dynamic_task_mapping.py
[2024-07-09T13:33:39.121+0000] {processor.py:830} INFO - Processing file /home/airflow/.local/lib/python3.11/site-packages/airflow/example_dags/example_dynamic_task_mapping.py for tasks to queue
[2024-07-09T13:33:39.122+0000] {logging_mixin.py:188} INFO - [2024-07-09T13:33:39.121+0000] {dagbag.py:540} INFO - Filling up the DagBag from /home/airflow/.local/lib/python3.11/site-packages/airflow/example_dags/example_dynamic_task_mapping.py
[2024-07-09T13:33:39.127+0000] {processor.py:840} INFO - DAG(s) 'example_dynamic_task_mapping' retrieved from /home/airflow/.local/lib/python3.11/site-packages/airflow/example_dags/example_dynamic_task_mapping.py
[2024-07-09T13:33:39.148+0000] {logging_mixin.py:188} INFO - [2024-07-09T13:33:39.148+0000] {dag.py:3047} INFO - Sync 1 DAGs
[2024-07-09T13:33:39.166+0000] {logging_mixin.py:188} INFO - [2024-07-09T13:33:39.166+0000] {dag.py:3834} INFO - Setting next_dagrun for example_dynamic_task_mapping to 2022-03-04 00:00:00+00:00, run_after=2022-03-05 00:00:00+00:00
[2024-07-09T13:33:39.182+0000] {processor.py:183} INFO - Processing /home/airflow/.local/lib/python3.11/site-packages/airflow/example_dags/example_dynamic_task_mapping.py took 0.065 seconds
[2024-07-09T13:34:09.408+0000] {processor.py:161} INFO - Started process (PID=1579) to work on /home/airflow/.local/lib/python3.11/site-packages/airflow/example_dags/example_dynamic_task_mapping.py
[2024-07-09T13:34:09.411+0000] {processor.py:830} INFO - Processing file /home/airflow/.local/lib/python3.11/site-packages/airflow/example_dags/example_dynamic_task_mapping.py for tasks to queue
[2024-07-09T13:34:09.412+0000] {logging_mixin.py:188} INFO - [2024-07-09T13:34:09.411+0000] {dagbag.py:540} INFO - Filling up the DagBag from /home/airflow/.local/lib/python3.11/site-packages/airflow/example_dags/example_dynamic_task_mapping.py
[2024-07-09T13:34:09.418+0000] {processor.py:840} INFO - DAG(s) 'example_dynamic_task_mapping' retrieved from /home/airflow/.local/lib/python3.11/site-packages/airflow/example_dags/example_dynamic_task_mapping.py
[2024-07-09T13:34:09.456+0000] {logging_mixin.py:188} INFO - [2024-07-09T13:34:09.455+0000] {dag.py:3047} INFO - Sync 1 DAGs
[2024-07-09T13:34:09.488+0000] {logging_mixin.py:188} INFO - [2024-07-09T13:34:09.488+0000] {dag.py:3834} INFO - Setting next_dagrun for example_dynamic_task_mapping to 2022-03-04 00:00:00+00:00, run_after=2022-03-05 00:00:00+00:00
[2024-07-09T13:34:09.504+0000] {processor.py:183} INFO - Processing /home/airflow/.local/lib/python3.11/site-packages/airflow/example_dags/example_dynamic_task_mapping.py took 0.100 seconds
[2024-07-09T13:34:39.654+0000] {processor.py:161} INFO - Started process (PID=1836) to work on /home/airflow/.local/lib/python3.11/site-packages/airflow/example_dags/example_dynamic_task_mapping.py
[2024-07-09T13:34:39.655+0000] {processor.py:830} INFO - Processing file /home/airflow/.local/lib/python3.11/site-packages/airflow/example_dags/example_dynamic_task_mapping.py for tasks to queue
[2024-07-09T13:34:39.656+0000] {logging_mixin.py:188} INFO - [2024-07-09T13:34:39.656+0000] {dagbag.py:540} INFO - Filling up the DagBag from /home/airflow/.local/lib/python3.11/site-packages/airflow/example_dags/example_dynamic_task_mapping.py
[2024-07-09T13:34:39.662+0000] {processor.py:840} INFO - DAG(s) 'example_dynamic_task_mapping' retrieved from /home/airflow/.local/lib/python3.11/site-packages/airflow/example_dags/example_dynamic_task_mapping.py
[2024-07-09T13:34:39.682+0000] {logging_mixin.py:188} INFO - [2024-07-09T13:34:39.681+0000] {dag.py:3047} INFO - Sync 1 DAGs
[2024-07-09T13:34:39.699+0000] {logging_mixin.py:188} INFO - [2024-07-09T13:34:39.699+0000] {dag.py:3834} INFO - Setting next_dagrun for example_dynamic_task_mapping to 2022-03-04 00:00:00+00:00, run_after=2022-03-05 00:00:00+00:00
[2024-07-09T13:34:39.714+0000] {processor.py:183} INFO - Processing /home/airflow/.local/lib/python3.11/site-packages/airflow/example_dags/example_dynamic_task_mapping.py took 0.063 seconds
[2024-07-09T13:35:09.836+0000] {processor.py:161} INFO - Started process (PID=2101) to work on /home/airflow/.local/lib/python3.11/site-packages/airflow/example_dags/example_dynamic_task_mapping.py
[2024-07-09T13:35:09.837+0000] {processor.py:830} INFO - Processing file /home/airflow/.local/lib/python3.11/site-packages/airflow/example_dags/example_dynamic_task_mapping.py for tasks to queue
[2024-07-09T13:35:09.838+0000] {logging_mixin.py:188} INFO - [2024-07-09T13:35:09.838+0000] {dagbag.py:540} INFO - Filling up the DagBag from /home/airflow/.local/lib/python3.11/site-packages/airflow/example_dags/example_dynamic_task_mapping.py
[2024-07-09T13:35:09.844+0000] {processor.py:840} INFO - DAG(s) 'example_dynamic_task_mapping' retrieved from /home/airflow/.local/lib/python3.11/site-packages/airflow/example_dags/example_dynamic_task_mapping.py
[2024-07-09T13:35:09.863+0000] {logging_mixin.py:188} INFO - [2024-07-09T13:35:09.863+0000] {dag.py:3047} INFO - Sync 1 DAGs
[2024-07-09T13:35:09.880+0000] {logging_mixin.py:188} INFO - [2024-07-09T13:35:09.880+0000] {dag.py:3834} INFO - Setting next_dagrun for example_dynamic_task_mapping to 2022-03-04 00:00:00+00:00, run_after=2022-03-05 00:00:00+00:00
[2024-07-09T13:35:09.897+0000] {processor.py:183} INFO - Processing /home/airflow/.local/lib/python3.11/site-packages/airflow/example_dags/example_dynamic_task_mapping.py took 0.063 seconds
[2024-07-09T13:35:40.229+0000] {processor.py:161} INFO - Started process (PID=2373) to work on /home/airflow/.local/lib/python3.11/site-packages/airflow/example_dags/example_dynamic_task_mapping.py
[2024-07-09T13:35:40.230+0000] {processor.py:830} INFO - Processing file /home/airflow/.local/lib/python3.11/site-packages/airflow/example_dags/example_dynamic_task_mapping.py for tasks to queue
[2024-07-09T13:35:40.230+0000] {logging_mixin.py:188} INFO - [2024-07-09T13:35:40.230+0000] {dagbag.py:540} INFO - Filling up the DagBag from /home/airflow/.local/lib/python3.11/site-packages/airflow/example_dags/example_dynamic_task_mapping.py
[2024-07-09T13:35:40.236+0000] {processor.py:840} INFO - DAG(s) 'example_dynamic_task_mapping' retrieved from /home/airflow/.local/lib/python3.11/site-packages/airflow/example_dags/example_dynamic_task_mapping.py
[2024-07-09T13:35:40.256+0000] {logging_mixin.py:188} INFO - [2024-07-09T13:35:40.256+0000] {dag.py:3047} INFO - Sync 1 DAGs
[2024-07-09T13:35:40.273+0000] {logging_mixin.py:188} INFO - [2024-07-09T13:35:40.273+0000] {dag.py:3834} INFO - Setting next_dagrun for example_dynamic_task_mapping to 2022-03-04 00:00:00+00:00, run_after=2022-03-05 00:00:00+00:00
[2024-07-09T13:35:40.287+0000] {processor.py:183} INFO - Processing /home/airflow/.local/lib/python3.11/site-packages/airflow/example_dags/example_dynamic_task_mapping.py took 0.061 seconds
[2024-07-09T13:36:10.640+0000] {processor.py:161} INFO - Started process (PID=2643) to work on /home/airflow/.local/lib/python3.11/site-packages/airflow/example_dags/example_dynamic_task_mapping.py
[2024-07-09T13:36:10.642+0000] {processor.py:830} INFO - Processing file /home/airflow/.local/lib/python3.11/site-packages/airflow/example_dags/example_dynamic_task_mapping.py for tasks to queue
[2024-07-09T13:36:10.642+0000] {logging_mixin.py:188} INFO - [2024-07-09T13:36:10.642+0000] {dagbag.py:540} INFO - Filling up the DagBag from /home/airflow/.local/lib/python3.11/site-packages/airflow/example_dags/example_dynamic_task_mapping.py
[2024-07-09T13:36:10.648+0000] {processor.py:840} INFO - DAG(s) 'example_dynamic_task_mapping' retrieved from /home/airflow/.local/lib/python3.11/site-packages/airflow/example_dags/example_dynamic_task_mapping.py
[2024-07-09T13:36:10.669+0000] {logging_mixin.py:188} INFO - [2024-07-09T13:36:10.669+0000] {dag.py:3047} INFO - Sync 1 DAGs
[2024-07-09T13:36:10.688+0000] {logging_mixin.py:188} INFO - [2024-07-09T13:36:10.688+0000] {dag.py:3834} INFO - Setting next_dagrun for example_dynamic_task_mapping to 2022-03-04 00:00:00+00:00, run_after=2022-03-05 00:00:00+00:00
[2024-07-09T13:36:10.704+0000] {processor.py:183} INFO - Processing /home/airflow/.local/lib/python3.11/site-packages/airflow/example_dags/example_dynamic_task_mapping.py took 0.067 seconds
[2024-07-09T13:36:40.939+0000] {processor.py:161} INFO - Started process (PID=2911) to work on /home/airflow/.local/lib/python3.11/site-packages/airflow/example_dags/example_dynamic_task_mapping.py
[2024-07-09T13:36:40.940+0000] {processor.py:830} INFO - Processing file /home/airflow/.local/lib/python3.11/site-packages/airflow/example_dags/example_dynamic_task_mapping.py for tasks to queue
[2024-07-09T13:36:40.940+0000] {logging_mixin.py:188} INFO - [2024-07-09T13:36:40.940+0000] {dagbag.py:540} INFO - Filling up the DagBag from /home/airflow/.local/lib/python3.11/site-packages/airflow/example_dags/example_dynamic_task_mapping.py
[2024-07-09T13:36:40.946+0000] {processor.py:840} INFO - DAG(s) 'example_dynamic_task_mapping' retrieved from /home/airflow/.local/lib/python3.11/site-packages/airflow/example_dags/example_dynamic_task_mapping.py
[2024-07-09T13:36:40.965+0000] {logging_mixin.py:188} INFO - [2024-07-09T13:36:40.965+0000] {dag.py:3047} INFO - Sync 1 DAGs
[2024-07-09T13:36:40.982+0000] {logging_mixin.py:188} INFO - [2024-07-09T13:36:40.982+0000] {dag.py:3834} INFO - Setting next_dagrun for example_dynamic_task_mapping to 2022-03-04 00:00:00+00:00, run_after=2022-03-05 00:00:00+00:00
[2024-07-09T13:36:40.998+0000] {processor.py:183} INFO - Processing /home/airflow/.local/lib/python3.11/site-packages/airflow/example_dags/example_dynamic_task_mapping.py took 0.061 seconds
[2024-07-09T13:37:11.469+0000] {processor.py:161} INFO - Started process (PID=3183) to work on /home/airflow/.local/lib/python3.11/site-packages/airflow/example_dags/example_dynamic_task_mapping.py
[2024-07-09T13:37:11.470+0000] {processor.py:830} INFO - Processing file /home/airflow/.local/lib/python3.11/site-packages/airflow/example_dags/example_dynamic_task_mapping.py for tasks to queue
[2024-07-09T13:37:11.471+0000] {logging_mixin.py:188} INFO - [2024-07-09T13:37:11.471+0000] {dagbag.py:540} INFO - Filling up the DagBag from /home/airflow/.local/lib/python3.11/site-packages/airflow/example_dags/example_dynamic_task_mapping.py
[2024-07-09T13:37:11.477+0000] {processor.py:840} INFO - DAG(s) 'example_dynamic_task_mapping' retrieved from /home/airflow/.local/lib/python3.11/site-packages/airflow/example_dags/example_dynamic_task_mapping.py
[2024-07-09T13:37:11.499+0000] {logging_mixin.py:188} INFO - [2024-07-09T13:37:11.498+0000] {dag.py:3047} INFO - Sync 1 DAGs
[2024-07-09T13:37:11.522+0000] {logging_mixin.py:188} INFO - [2024-07-09T13:37:11.522+0000] {dag.py:3834} INFO - Setting next_dagrun for example_dynamic_task_mapping to 2022-03-04 00:00:00+00:00, run_after=2022-03-05 00:00:00+00:00
[2024-07-09T13:37:11.541+0000] {processor.py:183} INFO - Processing /home/airflow/.local/lib/python3.11/site-packages/airflow/example_dags/example_dynamic_task_mapping.py took 0.076 seconds
[2024-07-09T13:46:09.990+0000] {processor.py:161} INFO - Started process (PID=229) to work on /home/airflow/.local/lib/python3.11/site-packages/airflow/example_dags/example_dynamic_task_mapping.py
[2024-07-09T13:46:09.991+0000] {processor.py:830} INFO - Processing file /home/airflow/.local/lib/python3.11/site-packages/airflow/example_dags/example_dynamic_task_mapping.py for tasks to queue
[2024-07-09T13:46:09.992+0000] {logging_mixin.py:188} INFO - [2024-07-09T13:46:09.992+0000] {dagbag.py:540} INFO - Filling up the DagBag from /home/airflow/.local/lib/python3.11/site-packages/airflow/example_dags/example_dynamic_task_mapping.py
[2024-07-09T13:46:09.999+0000] {processor.py:840} INFO - DAG(s) 'example_dynamic_task_mapping' retrieved from /home/airflow/.local/lib/python3.11/site-packages/airflow/example_dags/example_dynamic_task_mapping.py
[2024-07-09T13:46:10.094+0000] {logging_mixin.py:188} INFO - [2024-07-09T13:46:10.093+0000] {override.py:1769} INFO - Created Permission View: can delete on DAG:example_dynamic_task_mapping
[2024-07-09T13:46:10.104+0000] {logging_mixin.py:188} INFO - [2024-07-09T13:46:10.104+0000] {override.py:1769} INFO - Created Permission View: can read on DAG:example_dynamic_task_mapping
[2024-07-09T13:46:10.109+0000] {logging_mixin.py:188} INFO - [2024-07-09T13:46:10.109+0000] {override.py:1769} INFO - Created Permission View: can edit on DAG:example_dynamic_task_mapping
[2024-07-09T13:46:10.110+0000] {logging_mixin.py:188} INFO - [2024-07-09T13:46:10.110+0000] {dag.py:3047} INFO - Sync 1 DAGs
[2024-07-09T13:46:10.118+0000] {logging_mixin.py:188} INFO - [2024-07-09T13:46:10.118+0000] {dag.py:3069} INFO - Creating ORM DAG for example_dynamic_task_mapping
[2024-07-09T13:46:10.126+0000] {logging_mixin.py:188} INFO - [2024-07-09T13:46:10.126+0000] {dag.py:3834} INFO - Setting next_dagrun for example_dynamic_task_mapping to 2022-03-04 00:00:00+00:00, run_after=2022-03-05 00:00:00+00:00
[2024-07-09T13:46:10.138+0000] {processor.py:183} INFO - Processing /home/airflow/.local/lib/python3.11/site-packages/airflow/example_dags/example_dynamic_task_mapping.py took 0.150 seconds
[2024-07-09T13:46:40.793+0000] {processor.py:161} INFO - Started process (PID=499) to work on /home/airflow/.local/lib/python3.11/site-packages/airflow/example_dags/example_dynamic_task_mapping.py
[2024-07-09T13:46:40.794+0000] {processor.py:830} INFO - Processing file /home/airflow/.local/lib/python3.11/site-packages/airflow/example_dags/example_dynamic_task_mapping.py for tasks to queue
[2024-07-09T13:46:40.795+0000] {logging_mixin.py:188} INFO - [2024-07-09T13:46:40.794+0000] {dagbag.py:540} INFO - Filling up the DagBag from /home/airflow/.local/lib/python3.11/site-packages/airflow/example_dags/example_dynamic_task_mapping.py
[2024-07-09T13:46:40.800+0000] {processor.py:840} INFO - DAG(s) 'example_dynamic_task_mapping' retrieved from /home/airflow/.local/lib/python3.11/site-packages/airflow/example_dags/example_dynamic_task_mapping.py
[2024-07-09T13:46:40.820+0000] {logging_mixin.py:188} INFO - [2024-07-09T13:46:40.820+0000] {dag.py:3047} INFO - Sync 1 DAGs
[2024-07-09T13:46:40.837+0000] {logging_mixin.py:188} INFO - [2024-07-09T13:46:40.837+0000] {dag.py:3834} INFO - Setting next_dagrun for example_dynamic_task_mapping to 2022-03-04 00:00:00+00:00, run_after=2022-03-05 00:00:00+00:00
[2024-07-09T13:46:40.853+0000] {processor.py:183} INFO - Processing /home/airflow/.local/lib/python3.11/site-packages/airflow/example_dags/example_dynamic_task_mapping.py took 0.062 seconds
[2024-07-09T13:47:11.613+0000] {processor.py:161} INFO - Started process (PID=771) to work on /home/airflow/.local/lib/python3.11/site-packages/airflow/example_dags/example_dynamic_task_mapping.py
[2024-07-09T13:47:11.614+0000] {processor.py:830} INFO - Processing file /home/airflow/.local/lib/python3.11/site-packages/airflow/example_dags/example_dynamic_task_mapping.py for tasks to queue
[2024-07-09T13:47:11.614+0000] {logging_mixin.py:188} INFO - [2024-07-09T13:47:11.614+0000] {dagbag.py:540} INFO - Filling up the DagBag from /home/airflow/.local/lib/python3.11/site-packages/airflow/example_dags/example_dynamic_task_mapping.py
[2024-07-09T13:47:11.620+0000] {processor.py:840} INFO - DAG(s) 'example_dynamic_task_mapping' retrieved from /home/airflow/.local/lib/python3.11/site-packages/airflow/example_dags/example_dynamic_task_mapping.py
[2024-07-09T13:47:11.641+0000] {logging_mixin.py:188} INFO - [2024-07-09T13:47:11.641+0000] {dag.py:3047} INFO - Sync 1 DAGs
[2024-07-09T13:47:11.658+0000] {logging_mixin.py:188} INFO - [2024-07-09T13:47:11.658+0000] {dag.py:3834} INFO - Setting next_dagrun for example_dynamic_task_mapping to 2022-03-04 00:00:00+00:00, run_after=2022-03-05 00:00:00+00:00
[2024-07-09T13:47:11.673+0000] {processor.py:183} INFO - Processing /home/airflow/.local/lib/python3.11/site-packages/airflow/example_dags/example_dynamic_task_mapping.py took 0.062 seconds
[2024-07-09T13:47:42.281+0000] {processor.py:161} INFO - Started process (PID=1039) to work on /home/airflow/.local/lib/python3.11/site-packages/airflow/example_dags/example_dynamic_task_mapping.py
[2024-07-09T13:47:42.282+0000] {processor.py:830} INFO - Processing file /home/airflow/.local/lib/python3.11/site-packages/airflow/example_dags/example_dynamic_task_mapping.py for tasks to queue
[2024-07-09T13:47:42.283+0000] {logging_mixin.py:188} INFO - [2024-07-09T13:47:42.282+0000] {dagbag.py:540} INFO - Filling up the DagBag from /home/airflow/.local/lib/python3.11/site-packages/airflow/example_dags/example_dynamic_task_mapping.py
[2024-07-09T13:47:42.288+0000] {processor.py:840} INFO - DAG(s) 'example_dynamic_task_mapping' retrieved from /home/airflow/.local/lib/python3.11/site-packages/airflow/example_dags/example_dynamic_task_mapping.py
[2024-07-09T13:47:42.308+0000] {logging_mixin.py:188} INFO - [2024-07-09T13:47:42.308+0000] {dag.py:3047} INFO - Sync 1 DAGs
[2024-07-09T13:47:42.445+0000] {logging_mixin.py:188} INFO - [2024-07-09T13:47:42.445+0000] {dag.py:3834} INFO - Setting next_dagrun for example_dynamic_task_mapping to 2022-03-04 00:00:00+00:00, run_after=2022-03-05 00:00:00+00:00
[2024-07-09T13:47:42.463+0000] {processor.py:183} INFO - Processing /home/airflow/.local/lib/python3.11/site-packages/airflow/example_dags/example_dynamic_task_mapping.py took 0.185 seconds
[2024-07-09T13:48:13.011+0000] {processor.py:161} INFO - Started process (PID=1309) to work on /home/airflow/.local/lib/python3.11/site-packages/airflow/example_dags/example_dynamic_task_mapping.py
[2024-07-09T13:48:13.012+0000] {processor.py:830} INFO - Processing file /home/airflow/.local/lib/python3.11/site-packages/airflow/example_dags/example_dynamic_task_mapping.py for tasks to queue
[2024-07-09T13:48:13.012+0000] {logging_mixin.py:188} INFO - [2024-07-09T13:48:13.012+0000] {dagbag.py:540} INFO - Filling up the DagBag from /home/airflow/.local/lib/python3.11/site-packages/airflow/example_dags/example_dynamic_task_mapping.py
[2024-07-09T13:48:13.020+0000] {processor.py:840} INFO - DAG(s) 'example_dynamic_task_mapping' retrieved from /home/airflow/.local/lib/python3.11/site-packages/airflow/example_dags/example_dynamic_task_mapping.py
[2024-07-09T13:48:13.048+0000] {logging_mixin.py:188} INFO - [2024-07-09T13:48:13.048+0000] {dag.py:3047} INFO - Sync 1 DAGs
[2024-07-09T13:48:13.073+0000] {logging_mixin.py:188} INFO - [2024-07-09T13:48:13.073+0000] {dag.py:3834} INFO - Setting next_dagrun for example_dynamic_task_mapping to 2022-03-04 00:00:00+00:00, run_after=2022-03-05 00:00:00+00:00
[2024-07-09T13:48:13.094+0000] {processor.py:183} INFO - Processing /home/airflow/.local/lib/python3.11/site-packages/airflow/example_dags/example_dynamic_task_mapping.py took 0.087 seconds
[2024-07-09T13:48:43.588+0000] {processor.py:161} INFO - Started process (PID=1579) to work on /home/airflow/.local/lib/python3.11/site-packages/airflow/example_dags/example_dynamic_task_mapping.py
[2024-07-09T13:48:43.589+0000] {processor.py:830} INFO - Processing file /home/airflow/.local/lib/python3.11/site-packages/airflow/example_dags/example_dynamic_task_mapping.py for tasks to queue
[2024-07-09T13:48:43.590+0000] {logging_mixin.py:188} INFO - [2024-07-09T13:48:43.590+0000] {dagbag.py:540} INFO - Filling up the DagBag from /home/airflow/.local/lib/python3.11/site-packages/airflow/example_dags/example_dynamic_task_mapping.py
[2024-07-09T13:48:43.597+0000] {processor.py:840} INFO - DAG(s) 'example_dynamic_task_mapping' retrieved from /home/airflow/.local/lib/python3.11/site-packages/airflow/example_dags/example_dynamic_task_mapping.py
[2024-07-09T13:48:43.621+0000] {logging_mixin.py:188} INFO - [2024-07-09T13:48:43.621+0000] {dag.py:3047} INFO - Sync 1 DAGs
[2024-07-09T13:48:43.642+0000] {logging_mixin.py:188} INFO - [2024-07-09T13:48:43.642+0000] {dag.py:3834} INFO - Setting next_dagrun for example_dynamic_task_mapping to 2022-03-04 00:00:00+00:00, run_after=2022-03-05 00:00:00+00:00
[2024-07-09T13:48:43.658+0000] {processor.py:183} INFO - Processing /home/airflow/.local/lib/python3.11/site-packages/airflow/example_dags/example_dynamic_task_mapping.py took 0.072 seconds
[2024-07-09T13:49:13.873+0000] {processor.py:161} INFO - Started process (PID=1833) to work on /home/airflow/.local/lib/python3.11/site-packages/airflow/example_dags/example_dynamic_task_mapping.py
[2024-07-09T13:49:13.874+0000] {processor.py:830} INFO - Processing file /home/airflow/.local/lib/python3.11/site-packages/airflow/example_dags/example_dynamic_task_mapping.py for tasks to queue
[2024-07-09T13:49:13.874+0000] {logging_mixin.py:188} INFO - [2024-07-09T13:49:13.874+0000] {dagbag.py:540} INFO - Filling up the DagBag from /home/airflow/.local/lib/python3.11/site-packages/airflow/example_dags/example_dynamic_task_mapping.py
[2024-07-09T13:49:13.880+0000] {processor.py:840} INFO - DAG(s) 'example_dynamic_task_mapping' retrieved from /home/airflow/.local/lib/python3.11/site-packages/airflow/example_dags/example_dynamic_task_mapping.py
[2024-07-09T13:49:13.899+0000] {logging_mixin.py:188} INFO - [2024-07-09T13:49:13.899+0000] {dag.py:3047} INFO - Sync 1 DAGs
[2024-07-09T13:49:13.915+0000] {logging_mixin.py:188} INFO - [2024-07-09T13:49:13.915+0000] {dag.py:3834} INFO - Setting next_dagrun for example_dynamic_task_mapping to 2022-03-04 00:00:00+00:00, run_after=2022-03-05 00:00:00+00:00
[2024-07-09T13:49:13.929+0000] {processor.py:183} INFO - Processing /home/airflow/.local/lib/python3.11/site-packages/airflow/example_dags/example_dynamic_task_mapping.py took 0.059 seconds
[2024-07-09T13:49:44.393+0000] {processor.py:161} INFO - Started process (PID=2103) to work on /home/airflow/.local/lib/python3.11/site-packages/airflow/example_dags/example_dynamic_task_mapping.py
[2024-07-09T13:49:44.394+0000] {processor.py:830} INFO - Processing file /home/airflow/.local/lib/python3.11/site-packages/airflow/example_dags/example_dynamic_task_mapping.py for tasks to queue
[2024-07-09T13:49:44.394+0000] {logging_mixin.py:188} INFO - [2024-07-09T13:49:44.394+0000] {dagbag.py:540} INFO - Filling up the DagBag from /home/airflow/.local/lib/python3.11/site-packages/airflow/example_dags/example_dynamic_task_mapping.py
[2024-07-09T13:49:44.400+0000] {processor.py:840} INFO - DAG(s) 'example_dynamic_task_mapping' retrieved from /home/airflow/.local/lib/python3.11/site-packages/airflow/example_dags/example_dynamic_task_mapping.py
[2024-07-09T13:49:44.420+0000] {logging_mixin.py:188} INFO - [2024-07-09T13:49:44.420+0000] {dag.py:3047} INFO - Sync 1 DAGs
[2024-07-09T13:49:44.439+0000] {logging_mixin.py:188} INFO - [2024-07-09T13:49:44.439+0000] {dag.py:3834} INFO - Setting next_dagrun for example_dynamic_task_mapping to 2022-03-04 00:00:00+00:00, run_after=2022-03-05 00:00:00+00:00
[2024-07-09T13:49:44.455+0000] {processor.py:183} INFO - Processing /home/airflow/.local/lib/python3.11/site-packages/airflow/example_dags/example_dynamic_task_mapping.py took 0.065 seconds
[2024-07-09T13:50:14.568+0000] {processor.py:161} INFO - Started process (PID=2373) to work on /home/airflow/.local/lib/python3.11/site-packages/airflow/example_dags/example_dynamic_task_mapping.py
[2024-07-09T13:50:14.569+0000] {processor.py:830} INFO - Processing file /home/airflow/.local/lib/python3.11/site-packages/airflow/example_dags/example_dynamic_task_mapping.py for tasks to queue
[2024-07-09T13:50:14.569+0000] {logging_mixin.py:188} INFO - [2024-07-09T13:50:14.569+0000] {dagbag.py:540} INFO - Filling up the DagBag from /home/airflow/.local/lib/python3.11/site-packages/airflow/example_dags/example_dynamic_task_mapping.py
[2024-07-09T13:50:14.575+0000] {processor.py:840} INFO - DAG(s) 'example_dynamic_task_mapping' retrieved from /home/airflow/.local/lib/python3.11/site-packages/airflow/example_dags/example_dynamic_task_mapping.py
[2024-07-09T13:50:14.594+0000] {logging_mixin.py:188} INFO - [2024-07-09T13:50:14.594+0000] {dag.py:3047} INFO - Sync 1 DAGs
[2024-07-09T13:50:14.611+0000] {logging_mixin.py:188} INFO - [2024-07-09T13:50:14.611+0000] {dag.py:3834} INFO - Setting next_dagrun for example_dynamic_task_mapping to 2022-03-04 00:00:00+00:00, run_after=2022-03-05 00:00:00+00:00
[2024-07-09T13:50:14.625+0000] {processor.py:183} INFO - Processing /home/airflow/.local/lib/python3.11/site-packages/airflow/example_dags/example_dynamic_task_mapping.py took 0.060 seconds
[2024-07-09T13:50:44.832+0000] {processor.py:161} INFO - Started process (PID=2643) to work on /home/airflow/.local/lib/python3.11/site-packages/airflow/example_dags/example_dynamic_task_mapping.py
[2024-07-09T13:50:44.833+0000] {processor.py:830} INFO - Processing file /home/airflow/.local/lib/python3.11/site-packages/airflow/example_dags/example_dynamic_task_mapping.py for tasks to queue
[2024-07-09T13:50:44.833+0000] {logging_mixin.py:188} INFO - [2024-07-09T13:50:44.833+0000] {dagbag.py:540} INFO - Filling up the DagBag from /home/airflow/.local/lib/python3.11/site-packages/airflow/example_dags/example_dynamic_task_mapping.py
[2024-07-09T13:50:44.839+0000] {processor.py:840} INFO - DAG(s) 'example_dynamic_task_mapping' retrieved from /home/airflow/.local/lib/python3.11/site-packages/airflow/example_dags/example_dynamic_task_mapping.py
[2024-07-09T13:50:44.859+0000] {logging_mixin.py:188} INFO - [2024-07-09T13:50:44.858+0000] {dag.py:3047} INFO - Sync 1 DAGs
[2024-07-09T13:50:44.876+0000] {logging_mixin.py:188} INFO - [2024-07-09T13:50:44.876+0000] {dag.py:3834} INFO - Setting next_dagrun for example_dynamic_task_mapping to 2022-03-04 00:00:00+00:00, run_after=2022-03-05 00:00:00+00:00
[2024-07-09T13:50:44.891+0000] {processor.py:183} INFO - Processing /home/airflow/.local/lib/python3.11/site-packages/airflow/example_dags/example_dynamic_task_mapping.py took 0.062 seconds
[2024-07-09T13:51:15.316+0000] {processor.py:161} INFO - Started process (PID=2913) to work on /home/airflow/.local/lib/python3.11/site-packages/airflow/example_dags/example_dynamic_task_mapping.py
[2024-07-09T13:51:15.317+0000] {processor.py:830} INFO - Processing file /home/airflow/.local/lib/python3.11/site-packages/airflow/example_dags/example_dynamic_task_mapping.py for tasks to queue
[2024-07-09T13:51:15.318+0000] {logging_mixin.py:188} INFO - [2024-07-09T13:51:15.317+0000] {dagbag.py:540} INFO - Filling up the DagBag from /home/airflow/.local/lib/python3.11/site-packages/airflow/example_dags/example_dynamic_task_mapping.py
[2024-07-09T13:51:15.324+0000] {processor.py:840} INFO - DAG(s) 'example_dynamic_task_mapping' retrieved from /home/airflow/.local/lib/python3.11/site-packages/airflow/example_dags/example_dynamic_task_mapping.py
[2024-07-09T13:51:15.344+0000] {logging_mixin.py:188} INFO - [2024-07-09T13:51:15.343+0000] {dag.py:3047} INFO - Sync 1 DAGs
[2024-07-09T13:51:15.360+0000] {logging_mixin.py:188} INFO - [2024-07-09T13:51:15.360+0000] {dag.py:3834} INFO - Setting next_dagrun for example_dynamic_task_mapping to 2022-03-04 00:00:00+00:00, run_after=2022-03-05 00:00:00+00:00
[2024-07-09T13:51:15.376+0000] {processor.py:183} INFO - Processing /home/airflow/.local/lib/python3.11/site-packages/airflow/example_dags/example_dynamic_task_mapping.py took 0.062 seconds
