[2024-07-09T13:18:50.217+0000] {processor.py:161} INFO - Started process (PID=351) to work on /home/airflow/.local/lib/python3.11/site-packages/airflow/example_dags/example_task_group.py
[2024-07-09T13:18:50.218+0000] {processor.py:830} INFO - Processing file /home/airflow/.local/lib/python3.11/site-packages/airflow/example_dags/example_task_group.py for tasks to queue
[2024-07-09T13:18:50.218+0000] {logging_mixin.py:188} INFO - [2024-07-09T13:18:50.218+0000] {dagbag.py:540} INFO - Filling up the DagBag from /home/airflow/.local/lib/python3.11/site-packages/airflow/example_dags/example_task_group.py
[2024-07-09T13:18:50.225+0000] {processor.py:840} INFO - DAG(s) 'example_task_group' retrieved from /home/airflow/.local/lib/python3.11/site-packages/airflow/example_dags/example_task_group.py
[2024-07-09T13:18:50.312+0000] {logging_mixin.py:188} INFO - [2024-07-09T13:18:50.312+0000] {override.py:1769} INFO - Created Permission View: can delete on DAG:example_task_group
[2024-07-09T13:18:50.320+0000] {logging_mixin.py:188} INFO - [2024-07-09T13:18:50.320+0000] {override.py:1769} INFO - Created Permission View: can read on DAG:example_task_group
[2024-07-09T13:18:50.325+0000] {logging_mixin.py:188} INFO - [2024-07-09T13:18:50.325+0000] {override.py:1769} INFO - Created Permission View: can edit on DAG:example_task_group
[2024-07-09T13:18:50.326+0000] {logging_mixin.py:188} INFO - [2024-07-09T13:18:50.325+0000] {dag.py:3047} INFO - Sync 1 DAGs
[2024-07-09T13:18:50.334+0000] {logging_mixin.py:188} INFO - [2024-07-09T13:18:50.334+0000] {dag.py:3069} INFO - Creating ORM DAG for example_task_group
[2024-07-09T13:18:50.342+0000] {logging_mixin.py:188} INFO - [2024-07-09T13:18:50.342+0000] {dag.py:3834} INFO - Setting next_dagrun for example_task_group to 2024-07-08 00:00:00+00:00, run_after=2024-07-09 00:00:00+00:00
[2024-07-09T13:18:50.356+0000] {processor.py:183} INFO - Processing /home/airflow/.local/lib/python3.11/site-packages/airflow/example_dags/example_task_group.py took 0.141 seconds
[2024-07-09T13:19:20.502+0000] {processor.py:161} INFO - Started process (PID=619) to work on /home/airflow/.local/lib/python3.11/site-packages/airflow/example_dags/example_task_group.py
[2024-07-09T13:19:20.503+0000] {processor.py:830} INFO - Processing file /home/airflow/.local/lib/python3.11/site-packages/airflow/example_dags/example_task_group.py for tasks to queue
[2024-07-09T13:19:20.503+0000] {logging_mixin.py:188} INFO - [2024-07-09T13:19:20.503+0000] {dagbag.py:540} INFO - Filling up the DagBag from /home/airflow/.local/lib/python3.11/site-packages/airflow/example_dags/example_task_group.py
[2024-07-09T13:19:20.509+0000] {processor.py:840} INFO - DAG(s) 'example_task_group' retrieved from /home/airflow/.local/lib/python3.11/site-packages/airflow/example_dags/example_task_group.py
[2024-07-09T13:19:20.530+0000] {logging_mixin.py:188} INFO - [2024-07-09T13:19:20.529+0000] {dag.py:3047} INFO - Sync 1 DAGs
[2024-07-09T13:19:20.546+0000] {logging_mixin.py:188} INFO - [2024-07-09T13:19:20.546+0000] {dag.py:3834} INFO - Setting next_dagrun for example_task_group to 2024-07-08 00:00:00+00:00, run_after=2024-07-09 00:00:00+00:00
[2024-07-09T13:19:20.561+0000] {processor.py:183} INFO - Processing /home/airflow/.local/lib/python3.11/site-packages/airflow/example_dags/example_task_group.py took 0.061 seconds
[2024-07-09T13:19:51.399+0000] {processor.py:161} INFO - Started process (PID=889) to work on /home/airflow/.local/lib/python3.11/site-packages/airflow/example_dags/example_task_group.py
[2024-07-09T13:19:51.400+0000] {processor.py:830} INFO - Processing file /home/airflow/.local/lib/python3.11/site-packages/airflow/example_dags/example_task_group.py for tasks to queue
[2024-07-09T13:19:51.401+0000] {logging_mixin.py:188} INFO - [2024-07-09T13:19:51.401+0000] {dagbag.py:540} INFO - Filling up the DagBag from /home/airflow/.local/lib/python3.11/site-packages/airflow/example_dags/example_task_group.py
[2024-07-09T13:19:51.408+0000] {processor.py:840} INFO - DAG(s) 'example_task_group' retrieved from /home/airflow/.local/lib/python3.11/site-packages/airflow/example_dags/example_task_group.py
[2024-07-09T13:19:51.428+0000] {logging_mixin.py:188} INFO - [2024-07-09T13:19:51.428+0000] {dag.py:3047} INFO - Sync 1 DAGs
[2024-07-09T13:19:51.445+0000] {logging_mixin.py:188} INFO - [2024-07-09T13:19:51.445+0000] {dag.py:3834} INFO - Setting next_dagrun for example_task_group to 2024-07-08 00:00:00+00:00, run_after=2024-07-09 00:00:00+00:00
[2024-07-09T13:19:51.461+0000] {processor.py:183} INFO - Processing /home/airflow/.local/lib/python3.11/site-packages/airflow/example_dags/example_task_group.py took 0.064 seconds
[2024-07-09T13:20:23.267+0000] {processor.py:161} INFO - Started process (PID=1159) to work on /home/airflow/.local/lib/python3.11/site-packages/airflow/example_dags/example_task_group.py
[2024-07-09T13:20:23.269+0000] {processor.py:830} INFO - Processing file /home/airflow/.local/lib/python3.11/site-packages/airflow/example_dags/example_task_group.py for tasks to queue
[2024-07-09T13:20:23.269+0000] {logging_mixin.py:188} INFO - [2024-07-09T13:20:23.269+0000] {dagbag.py:540} INFO - Filling up the DagBag from /home/airflow/.local/lib/python3.11/site-packages/airflow/example_dags/example_task_group.py
[2024-07-09T13:20:23.397+0000] {processor.py:840} INFO - DAG(s) 'example_task_group' retrieved from /home/airflow/.local/lib/python3.11/site-packages/airflow/example_dags/example_task_group.py
[2024-07-09T13:20:23.416+0000] {logging_mixin.py:188} INFO - [2024-07-09T13:20:23.416+0000] {dag.py:3047} INFO - Sync 1 DAGs
[2024-07-09T13:20:23.432+0000] {logging_mixin.py:188} INFO - [2024-07-09T13:20:23.432+0000] {dag.py:3834} INFO - Setting next_dagrun for example_task_group to 2024-07-08 00:00:00+00:00, run_after=2024-07-09 00:00:00+00:00
[2024-07-09T13:20:23.448+0000] {processor.py:183} INFO - Processing /home/airflow/.local/lib/python3.11/site-packages/airflow/example_dags/example_task_group.py took 0.183 seconds
[2024-07-09T13:20:53.894+0000] {processor.py:161} INFO - Started process (PID=1430) to work on /home/airflow/.local/lib/python3.11/site-packages/airflow/example_dags/example_task_group.py
[2024-07-09T13:20:53.895+0000] {processor.py:830} INFO - Processing file /home/airflow/.local/lib/python3.11/site-packages/airflow/example_dags/example_task_group.py for tasks to queue
[2024-07-09T13:20:53.896+0000] {logging_mixin.py:188} INFO - [2024-07-09T13:20:53.896+0000] {dagbag.py:540} INFO - Filling up the DagBag from /home/airflow/.local/lib/python3.11/site-packages/airflow/example_dags/example_task_group.py
[2024-07-09T13:20:53.903+0000] {processor.py:840} INFO - DAG(s) 'example_task_group' retrieved from /home/airflow/.local/lib/python3.11/site-packages/airflow/example_dags/example_task_group.py
[2024-07-09T13:20:53.926+0000] {logging_mixin.py:188} INFO - [2024-07-09T13:20:53.925+0000] {dag.py:3047} INFO - Sync 1 DAGs
[2024-07-09T13:20:53.947+0000] {logging_mixin.py:188} INFO - [2024-07-09T13:20:53.946+0000] {dag.py:3834} INFO - Setting next_dagrun for example_task_group to 2024-07-08 00:00:00+00:00, run_after=2024-07-09 00:00:00+00:00
[2024-07-09T13:20:53.968+0000] {processor.py:183} INFO - Processing /home/airflow/.local/lib/python3.11/site-packages/airflow/example_dags/example_task_group.py took 0.077 seconds
[2024-07-09T13:21:24.734+0000] {processor.py:161} INFO - Started process (PID=1699) to work on /home/airflow/.local/lib/python3.11/site-packages/airflow/example_dags/example_task_group.py
[2024-07-09T13:21:24.735+0000] {processor.py:830} INFO - Processing file /home/airflow/.local/lib/python3.11/site-packages/airflow/example_dags/example_task_group.py for tasks to queue
[2024-07-09T13:21:24.736+0000] {logging_mixin.py:188} INFO - [2024-07-09T13:21:24.736+0000] {dagbag.py:540} INFO - Filling up the DagBag from /home/airflow/.local/lib/python3.11/site-packages/airflow/example_dags/example_task_group.py
[2024-07-09T13:21:24.743+0000] {processor.py:840} INFO - DAG(s) 'example_task_group' retrieved from /home/airflow/.local/lib/python3.11/site-packages/airflow/example_dags/example_task_group.py
[2024-07-09T13:21:24.765+0000] {logging_mixin.py:188} INFO - [2024-07-09T13:21:24.765+0000] {dag.py:3047} INFO - Sync 1 DAGs
[2024-07-09T13:21:24.784+0000] {logging_mixin.py:188} INFO - [2024-07-09T13:21:24.784+0000] {dag.py:3834} INFO - Setting next_dagrun for example_task_group to 2024-07-08 00:00:00+00:00, run_after=2024-07-09 00:00:00+00:00
[2024-07-09T13:21:24.802+0000] {processor.py:183} INFO - Processing /home/airflow/.local/lib/python3.11/site-packages/airflow/example_dags/example_task_group.py took 0.070 seconds
[2024-07-09T13:21:55.417+0000] {processor.py:161} INFO - Started process (PID=1969) to work on /home/airflow/.local/lib/python3.11/site-packages/airflow/example_dags/example_task_group.py
[2024-07-09T13:21:55.418+0000] {processor.py:830} INFO - Processing file /home/airflow/.local/lib/python3.11/site-packages/airflow/example_dags/example_task_group.py for tasks to queue
[2024-07-09T13:21:55.419+0000] {logging_mixin.py:188} INFO - [2024-07-09T13:21:55.419+0000] {dagbag.py:540} INFO - Filling up the DagBag from /home/airflow/.local/lib/python3.11/site-packages/airflow/example_dags/example_task_group.py
[2024-07-09T13:21:55.425+0000] {processor.py:840} INFO - DAG(s) 'example_task_group' retrieved from /home/airflow/.local/lib/python3.11/site-packages/airflow/example_dags/example_task_group.py
[2024-07-09T13:21:55.447+0000] {logging_mixin.py:188} INFO - [2024-07-09T13:21:55.446+0000] {dag.py:3047} INFO - Sync 1 DAGs
[2024-07-09T13:21:55.464+0000] {logging_mixin.py:188} INFO - [2024-07-09T13:21:55.464+0000] {dag.py:3834} INFO - Setting next_dagrun for example_task_group to 2024-07-08 00:00:00+00:00, run_after=2024-07-09 00:00:00+00:00
[2024-07-09T13:21:55.482+0000] {processor.py:183} INFO - Processing /home/airflow/.local/lib/python3.11/site-packages/airflow/example_dags/example_task_group.py took 0.068 seconds
[2024-07-09T13:22:26.139+0000] {processor.py:161} INFO - Started process (PID=2239) to work on /home/airflow/.local/lib/python3.11/site-packages/airflow/example_dags/example_task_group.py
[2024-07-09T13:22:26.139+0000] {processor.py:830} INFO - Processing file /home/airflow/.local/lib/python3.11/site-packages/airflow/example_dags/example_task_group.py for tasks to queue
[2024-07-09T13:22:26.140+0000] {logging_mixin.py:188} INFO - [2024-07-09T13:22:26.140+0000] {dagbag.py:540} INFO - Filling up the DagBag from /home/airflow/.local/lib/python3.11/site-packages/airflow/example_dags/example_task_group.py
[2024-07-09T13:22:26.146+0000] {processor.py:840} INFO - DAG(s) 'example_task_group' retrieved from /home/airflow/.local/lib/python3.11/site-packages/airflow/example_dags/example_task_group.py
[2024-07-09T13:22:26.168+0000] {logging_mixin.py:188} INFO - [2024-07-09T13:22:26.168+0000] {dag.py:3047} INFO - Sync 1 DAGs
[2024-07-09T13:22:26.186+0000] {logging_mixin.py:188} INFO - [2024-07-09T13:22:26.186+0000] {dag.py:3834} INFO - Setting next_dagrun for example_task_group to 2024-07-08 00:00:00+00:00, run_after=2024-07-09 00:00:00+00:00
[2024-07-09T13:22:26.200+0000] {processor.py:183} INFO - Processing /home/airflow/.local/lib/python3.11/site-packages/airflow/example_dags/example_task_group.py took 0.064 seconds
[2024-07-09T13:22:56.890+0000] {processor.py:161} INFO - Started process (PID=2509) to work on /home/airflow/.local/lib/python3.11/site-packages/airflow/example_dags/example_task_group.py
[2024-07-09T13:22:56.891+0000] {processor.py:830} INFO - Processing file /home/airflow/.local/lib/python3.11/site-packages/airflow/example_dags/example_task_group.py for tasks to queue
[2024-07-09T13:22:56.891+0000] {logging_mixin.py:188} INFO - [2024-07-09T13:22:56.891+0000] {dagbag.py:540} INFO - Filling up the DagBag from /home/airflow/.local/lib/python3.11/site-packages/airflow/example_dags/example_task_group.py
[2024-07-09T13:22:56.898+0000] {processor.py:840} INFO - DAG(s) 'example_task_group' retrieved from /home/airflow/.local/lib/python3.11/site-packages/airflow/example_dags/example_task_group.py
[2024-07-09T13:22:56.919+0000] {logging_mixin.py:188} INFO - [2024-07-09T13:22:56.919+0000] {dag.py:3047} INFO - Sync 1 DAGs
[2024-07-09T13:22:56.936+0000] {logging_mixin.py:188} INFO - [2024-07-09T13:22:56.936+0000] {dag.py:3834} INFO - Setting next_dagrun for example_task_group to 2024-07-08 00:00:00+00:00, run_after=2024-07-09 00:00:00+00:00
[2024-07-09T13:22:56.951+0000] {processor.py:183} INFO - Processing /home/airflow/.local/lib/python3.11/site-packages/airflow/example_dags/example_task_group.py took 0.064 seconds
[2024-07-09T13:23:27.660+0000] {processor.py:161} INFO - Started process (PID=2779) to work on /home/airflow/.local/lib/python3.11/site-packages/airflow/example_dags/example_task_group.py
[2024-07-09T13:23:27.662+0000] {processor.py:830} INFO - Processing file /home/airflow/.local/lib/python3.11/site-packages/airflow/example_dags/example_task_group.py for tasks to queue
[2024-07-09T13:23:27.663+0000] {logging_mixin.py:188} INFO - [2024-07-09T13:23:27.663+0000] {dagbag.py:540} INFO - Filling up the DagBag from /home/airflow/.local/lib/python3.11/site-packages/airflow/example_dags/example_task_group.py
[2024-07-09T13:23:27.670+0000] {processor.py:840} INFO - DAG(s) 'example_task_group' retrieved from /home/airflow/.local/lib/python3.11/site-packages/airflow/example_dags/example_task_group.py
[2024-07-09T13:23:27.694+0000] {logging_mixin.py:188} INFO - [2024-07-09T13:23:27.693+0000] {dag.py:3047} INFO - Sync 1 DAGs
[2024-07-09T13:23:27.715+0000] {logging_mixin.py:188} INFO - [2024-07-09T13:23:27.714+0000] {dag.py:3834} INFO - Setting next_dagrun for example_task_group to 2024-07-08 00:00:00+00:00, run_after=2024-07-09 00:00:00+00:00
[2024-07-09T13:23:27.733+0000] {processor.py:183} INFO - Processing /home/airflow/.local/lib/python3.11/site-packages/airflow/example_dags/example_task_group.py took 0.076 seconds
[2024-07-09T13:23:58.406+0000] {processor.py:161} INFO - Started process (PID=3049) to work on /home/airflow/.local/lib/python3.11/site-packages/airflow/example_dags/example_task_group.py
[2024-07-09T13:23:58.407+0000] {processor.py:830} INFO - Processing file /home/airflow/.local/lib/python3.11/site-packages/airflow/example_dags/example_task_group.py for tasks to queue
[2024-07-09T13:23:58.408+0000] {logging_mixin.py:188} INFO - [2024-07-09T13:23:58.407+0000] {dagbag.py:540} INFO - Filling up the DagBag from /home/airflow/.local/lib/python3.11/site-packages/airflow/example_dags/example_task_group.py
[2024-07-09T13:23:58.414+0000] {processor.py:840} INFO - DAG(s) 'example_task_group' retrieved from /home/airflow/.local/lib/python3.11/site-packages/airflow/example_dags/example_task_group.py
[2024-07-09T13:23:58.435+0000] {logging_mixin.py:188} INFO - [2024-07-09T13:23:58.435+0000] {dag.py:3047} INFO - Sync 1 DAGs
[2024-07-09T13:23:58.452+0000] {logging_mixin.py:188} INFO - [2024-07-09T13:23:58.452+0000] {dag.py:3834} INFO - Setting next_dagrun for example_task_group to 2024-07-08 00:00:00+00:00, run_after=2024-07-09 00:00:00+00:00
[2024-07-09T13:23:58.467+0000] {processor.py:183} INFO - Processing /home/airflow/.local/lib/python3.11/site-packages/airflow/example_dags/example_task_group.py took 0.064 seconds
[2024-07-09T13:24:29.055+0000] {processor.py:161} INFO - Started process (PID=3319) to work on /home/airflow/.local/lib/python3.11/site-packages/airflow/example_dags/example_task_group.py
[2024-07-09T13:24:29.056+0000] {processor.py:830} INFO - Processing file /home/airflow/.local/lib/python3.11/site-packages/airflow/example_dags/example_task_group.py for tasks to queue
[2024-07-09T13:24:29.057+0000] {logging_mixin.py:188} INFO - [2024-07-09T13:24:29.056+0000] {dagbag.py:540} INFO - Filling up the DagBag from /home/airflow/.local/lib/python3.11/site-packages/airflow/example_dags/example_task_group.py
[2024-07-09T13:24:29.063+0000] {processor.py:840} INFO - DAG(s) 'example_task_group' retrieved from /home/airflow/.local/lib/python3.11/site-packages/airflow/example_dags/example_task_group.py
[2024-07-09T13:24:29.084+0000] {logging_mixin.py:188} INFO - [2024-07-09T13:24:29.084+0000] {dag.py:3047} INFO - Sync 1 DAGs
[2024-07-09T13:24:29.101+0000] {logging_mixin.py:188} INFO - [2024-07-09T13:24:29.101+0000] {dag.py:3834} INFO - Setting next_dagrun for example_task_group to 2024-07-08 00:00:00+00:00, run_after=2024-07-09 00:00:00+00:00
[2024-07-09T13:24:29.116+0000] {processor.py:183} INFO - Processing /home/airflow/.local/lib/python3.11/site-packages/airflow/example_dags/example_task_group.py took 0.063 seconds
[2024-07-09T13:24:59.802+0000] {processor.py:161} INFO - Started process (PID=3589) to work on /home/airflow/.local/lib/python3.11/site-packages/airflow/example_dags/example_task_group.py
[2024-07-09T13:24:59.803+0000] {processor.py:830} INFO - Processing file /home/airflow/.local/lib/python3.11/site-packages/airflow/example_dags/example_task_group.py for tasks to queue
[2024-07-09T13:24:59.804+0000] {logging_mixin.py:188} INFO - [2024-07-09T13:24:59.803+0000] {dagbag.py:540} INFO - Filling up the DagBag from /home/airflow/.local/lib/python3.11/site-packages/airflow/example_dags/example_task_group.py
[2024-07-09T13:24:59.810+0000] {processor.py:840} INFO - DAG(s) 'example_task_group' retrieved from /home/airflow/.local/lib/python3.11/site-packages/airflow/example_dags/example_task_group.py
[2024-07-09T13:24:59.831+0000] {logging_mixin.py:188} INFO - [2024-07-09T13:24:59.831+0000] {dag.py:3047} INFO - Sync 1 DAGs
[2024-07-09T13:24:59.848+0000] {logging_mixin.py:188} INFO - [2024-07-09T13:24:59.848+0000] {dag.py:3834} INFO - Setting next_dagrun for example_task_group to 2024-07-08 00:00:00+00:00, run_after=2024-07-09 00:00:00+00:00
[2024-07-09T13:24:59.864+0000] {processor.py:183} INFO - Processing /home/airflow/.local/lib/python3.11/site-packages/airflow/example_dags/example_task_group.py took 0.064 seconds
[2024-07-09T13:26:11.105+0000] {processor.py:161} INFO - Started process (PID=352) to work on /home/airflow/.local/lib/python3.11/site-packages/airflow/example_dags/example_task_group.py
[2024-07-09T13:26:11.106+0000] {processor.py:830} INFO - Processing file /home/airflow/.local/lib/python3.11/site-packages/airflow/example_dags/example_task_group.py for tasks to queue
[2024-07-09T13:26:11.106+0000] {logging_mixin.py:188} INFO - [2024-07-09T13:26:11.106+0000] {dagbag.py:540} INFO - Filling up the DagBag from /home/airflow/.local/lib/python3.11/site-packages/airflow/example_dags/example_task_group.py
[2024-07-09T13:26:11.113+0000] {processor.py:840} INFO - DAG(s) 'example_task_group' retrieved from /home/airflow/.local/lib/python3.11/site-packages/airflow/example_dags/example_task_group.py
[2024-07-09T13:26:11.204+0000] {logging_mixin.py:188} INFO - [2024-07-09T13:26:11.203+0000] {override.py:1769} INFO - Created Permission View: can delete on DAG:example_task_group
[2024-07-09T13:26:11.214+0000] {logging_mixin.py:188} INFO - [2024-07-09T13:26:11.214+0000] {override.py:1769} INFO - Created Permission View: can read on DAG:example_task_group
[2024-07-09T13:26:11.220+0000] {logging_mixin.py:188} INFO - [2024-07-09T13:26:11.220+0000] {override.py:1769} INFO - Created Permission View: can edit on DAG:example_task_group
[2024-07-09T13:26:11.220+0000] {logging_mixin.py:188} INFO - [2024-07-09T13:26:11.220+0000] {dag.py:3047} INFO - Sync 1 DAGs
[2024-07-09T13:26:11.230+0000] {logging_mixin.py:188} INFO - [2024-07-09T13:26:11.230+0000] {dag.py:3069} INFO - Creating ORM DAG for example_task_group
[2024-07-09T13:26:11.238+0000] {logging_mixin.py:188} INFO - [2024-07-09T13:26:11.238+0000] {dag.py:3834} INFO - Setting next_dagrun for example_task_group to 2024-07-08 00:00:00+00:00, run_after=2024-07-09 00:00:00+00:00
[2024-07-09T13:26:11.252+0000] {processor.py:183} INFO - Processing /home/airflow/.local/lib/python3.11/site-packages/airflow/example_dags/example_task_group.py took 0.150 seconds
[2024-07-09T13:26:41.613+0000] {processor.py:161} INFO - Started process (PID=620) to work on /home/airflow/.local/lib/python3.11/site-packages/airflow/example_dags/example_task_group.py
[2024-07-09T13:26:41.616+0000] {processor.py:830} INFO - Processing file /home/airflow/.local/lib/python3.11/site-packages/airflow/example_dags/example_task_group.py for tasks to queue
[2024-07-09T13:26:41.616+0000] {logging_mixin.py:188} INFO - [2024-07-09T13:26:41.616+0000] {dagbag.py:540} INFO - Filling up the DagBag from /home/airflow/.local/lib/python3.11/site-packages/airflow/example_dags/example_task_group.py
[2024-07-09T13:26:41.622+0000] {processor.py:840} INFO - DAG(s) 'example_task_group' retrieved from /home/airflow/.local/lib/python3.11/site-packages/airflow/example_dags/example_task_group.py
[2024-07-09T13:26:41.642+0000] {logging_mixin.py:188} INFO - [2024-07-09T13:26:41.642+0000] {dag.py:3047} INFO - Sync 1 DAGs
[2024-07-09T13:26:41.659+0000] {logging_mixin.py:188} INFO - [2024-07-09T13:26:41.659+0000] {dag.py:3834} INFO - Setting next_dagrun for example_task_group to 2024-07-08 00:00:00+00:00, run_after=2024-07-09 00:00:00+00:00
[2024-07-09T13:26:41.674+0000] {processor.py:183} INFO - Processing /home/airflow/.local/lib/python3.11/site-packages/airflow/example_dags/example_task_group.py took 0.063 seconds
[2024-07-09T13:27:12.041+0000] {processor.py:161} INFO - Started process (PID=890) to work on /home/airflow/.local/lib/python3.11/site-packages/airflow/example_dags/example_task_group.py
[2024-07-09T13:27:12.043+0000] {processor.py:830} INFO - Processing file /home/airflow/.local/lib/python3.11/site-packages/airflow/example_dags/example_task_group.py for tasks to queue
[2024-07-09T13:27:12.044+0000] {logging_mixin.py:188} INFO - [2024-07-09T13:27:12.043+0000] {dagbag.py:540} INFO - Filling up the DagBag from /home/airflow/.local/lib/python3.11/site-packages/airflow/example_dags/example_task_group.py
[2024-07-09T13:27:12.050+0000] {processor.py:840} INFO - DAG(s) 'example_task_group' retrieved from /home/airflow/.local/lib/python3.11/site-packages/airflow/example_dags/example_task_group.py
[2024-07-09T13:27:12.071+0000] {logging_mixin.py:188} INFO - [2024-07-09T13:27:12.070+0000] {dag.py:3047} INFO - Sync 1 DAGs
[2024-07-09T13:27:12.094+0000] {logging_mixin.py:188} INFO - [2024-07-09T13:27:12.094+0000] {dag.py:3834} INFO - Setting next_dagrun for example_task_group to 2024-07-08 00:00:00+00:00, run_after=2024-07-09 00:00:00+00:00
[2024-07-09T13:27:12.113+0000] {processor.py:183} INFO - Processing /home/airflow/.local/lib/python3.11/site-packages/airflow/example_dags/example_task_group.py took 0.075 seconds
[2024-07-09T13:27:42.993+0000] {processor.py:161} INFO - Started process (PID=1160) to work on /home/airflow/.local/lib/python3.11/site-packages/airflow/example_dags/example_task_group.py
[2024-07-09T13:27:42.995+0000] {processor.py:830} INFO - Processing file /home/airflow/.local/lib/python3.11/site-packages/airflow/example_dags/example_task_group.py for tasks to queue
[2024-07-09T13:27:42.995+0000] {logging_mixin.py:188} INFO - [2024-07-09T13:27:42.995+0000] {dagbag.py:540} INFO - Filling up the DagBag from /home/airflow/.local/lib/python3.11/site-packages/airflow/example_dags/example_task_group.py
[2024-07-09T13:27:43.002+0000] {processor.py:840} INFO - DAG(s) 'example_task_group' retrieved from /home/airflow/.local/lib/python3.11/site-packages/airflow/example_dags/example_task_group.py
[2024-07-09T13:27:43.024+0000] {logging_mixin.py:188} INFO - [2024-07-09T13:27:43.024+0000] {dag.py:3047} INFO - Sync 1 DAGs
[2024-07-09T13:27:43.041+0000] {logging_mixin.py:188} INFO - [2024-07-09T13:27:43.041+0000] {dag.py:3834} INFO - Setting next_dagrun for example_task_group to 2024-07-08 00:00:00+00:00, run_after=2024-07-09 00:00:00+00:00
[2024-07-09T13:27:43.057+0000] {processor.py:183} INFO - Processing /home/airflow/.local/lib/python3.11/site-packages/airflow/example_dags/example_task_group.py took 0.066 seconds
[2024-07-09T13:28:13.755+0000] {processor.py:161} INFO - Started process (PID=1430) to work on /home/airflow/.local/lib/python3.11/site-packages/airflow/example_dags/example_task_group.py
[2024-07-09T13:28:13.756+0000] {processor.py:830} INFO - Processing file /home/airflow/.local/lib/python3.11/site-packages/airflow/example_dags/example_task_group.py for tasks to queue
[2024-07-09T13:28:13.756+0000] {logging_mixin.py:188} INFO - [2024-07-09T13:28:13.756+0000] {dagbag.py:540} INFO - Filling up the DagBag from /home/airflow/.local/lib/python3.11/site-packages/airflow/example_dags/example_task_group.py
[2024-07-09T13:28:13.763+0000] {processor.py:840} INFO - DAG(s) 'example_task_group' retrieved from /home/airflow/.local/lib/python3.11/site-packages/airflow/example_dags/example_task_group.py
[2024-07-09T13:28:13.785+0000] {logging_mixin.py:188} INFO - [2024-07-09T13:28:13.785+0000] {dag.py:3047} INFO - Sync 1 DAGs
[2024-07-09T13:28:13.802+0000] {logging_mixin.py:188} INFO - [2024-07-09T13:28:13.802+0000] {dag.py:3834} INFO - Setting next_dagrun for example_task_group to 2024-07-08 00:00:00+00:00, run_after=2024-07-09 00:00:00+00:00
[2024-07-09T13:28:13.819+0000] {processor.py:183} INFO - Processing /home/airflow/.local/lib/python3.11/site-packages/airflow/example_dags/example_task_group.py took 0.066 seconds
[2024-07-09T13:28:44.248+0000] {processor.py:161} INFO - Started process (PID=1700) to work on /home/airflow/.local/lib/python3.11/site-packages/airflow/example_dags/example_task_group.py
[2024-07-09T13:28:44.249+0000] {processor.py:830} INFO - Processing file /home/airflow/.local/lib/python3.11/site-packages/airflow/example_dags/example_task_group.py for tasks to queue
[2024-07-09T13:28:44.250+0000] {logging_mixin.py:188} INFO - [2024-07-09T13:28:44.250+0000] {dagbag.py:540} INFO - Filling up the DagBag from /home/airflow/.local/lib/python3.11/site-packages/airflow/example_dags/example_task_group.py
[2024-07-09T13:28:44.258+0000] {processor.py:840} INFO - DAG(s) 'example_task_group' retrieved from /home/airflow/.local/lib/python3.11/site-packages/airflow/example_dags/example_task_group.py
[2024-07-09T13:28:44.279+0000] {logging_mixin.py:188} INFO - [2024-07-09T13:28:44.279+0000] {dag.py:3047} INFO - Sync 1 DAGs
[2024-07-09T13:28:44.296+0000] {logging_mixin.py:188} INFO - [2024-07-09T13:28:44.296+0000] {dag.py:3834} INFO - Setting next_dagrun for example_task_group to 2024-07-08 00:00:00+00:00, run_after=2024-07-09 00:00:00+00:00
[2024-07-09T13:28:44.312+0000] {processor.py:183} INFO - Processing /home/airflow/.local/lib/python3.11/site-packages/airflow/example_dags/example_task_group.py took 0.066 seconds
[2024-07-09T13:29:14.592+0000] {processor.py:161} INFO - Started process (PID=1970) to work on /home/airflow/.local/lib/python3.11/site-packages/airflow/example_dags/example_task_group.py
[2024-07-09T13:29:14.593+0000] {processor.py:830} INFO - Processing file /home/airflow/.local/lib/python3.11/site-packages/airflow/example_dags/example_task_group.py for tasks to queue
[2024-07-09T13:29:14.594+0000] {logging_mixin.py:188} INFO - [2024-07-09T13:29:14.593+0000] {dagbag.py:540} INFO - Filling up the DagBag from /home/airflow/.local/lib/python3.11/site-packages/airflow/example_dags/example_task_group.py
[2024-07-09T13:29:14.600+0000] {processor.py:840} INFO - DAG(s) 'example_task_group' retrieved from /home/airflow/.local/lib/python3.11/site-packages/airflow/example_dags/example_task_group.py
[2024-07-09T13:29:14.621+0000] {logging_mixin.py:188} INFO - [2024-07-09T13:29:14.621+0000] {dag.py:3047} INFO - Sync 1 DAGs
[2024-07-09T13:29:14.638+0000] {logging_mixin.py:188} INFO - [2024-07-09T13:29:14.638+0000] {dag.py:3834} INFO - Setting next_dagrun for example_task_group to 2024-07-08 00:00:00+00:00, run_after=2024-07-09 00:00:00+00:00
[2024-07-09T13:29:14.653+0000] {processor.py:183} INFO - Processing /home/airflow/.local/lib/python3.11/site-packages/airflow/example_dags/example_task_group.py took 0.064 seconds
[2024-07-09T13:29:44.988+0000] {processor.py:161} INFO - Started process (PID=2240) to work on /home/airflow/.local/lib/python3.11/site-packages/airflow/example_dags/example_task_group.py
[2024-07-09T13:29:44.989+0000] {processor.py:830} INFO - Processing file /home/airflow/.local/lib/python3.11/site-packages/airflow/example_dags/example_task_group.py for tasks to queue
[2024-07-09T13:29:44.990+0000] {logging_mixin.py:188} INFO - [2024-07-09T13:29:44.990+0000] {dagbag.py:540} INFO - Filling up the DagBag from /home/airflow/.local/lib/python3.11/site-packages/airflow/example_dags/example_task_group.py
[2024-07-09T13:29:44.996+0000] {processor.py:840} INFO - DAG(s) 'example_task_group' retrieved from /home/airflow/.local/lib/python3.11/site-packages/airflow/example_dags/example_task_group.py
[2024-07-09T13:29:45.018+0000] {logging_mixin.py:188} INFO - [2024-07-09T13:29:45.018+0000] {dag.py:3047} INFO - Sync 1 DAGs
[2024-07-09T13:29:45.036+0000] {logging_mixin.py:188} INFO - [2024-07-09T13:29:45.036+0000] {dag.py:3834} INFO - Setting next_dagrun for example_task_group to 2024-07-08 00:00:00+00:00, run_after=2024-07-09 00:00:00+00:00
[2024-07-09T13:29:45.053+0000] {processor.py:183} INFO - Processing /home/airflow/.local/lib/python3.11/site-packages/airflow/example_dags/example_task_group.py took 0.067 seconds
[2024-07-09T13:31:39.352+0000] {processor.py:161} INFO - Started process (PID=351) to work on /home/airflow/.local/lib/python3.11/site-packages/airflow/example_dags/example_task_group.py
[2024-07-09T13:31:39.353+0000] {processor.py:830} INFO - Processing file /home/airflow/.local/lib/python3.11/site-packages/airflow/example_dags/example_task_group.py for tasks to queue
[2024-07-09T13:31:39.354+0000] {logging_mixin.py:188} INFO - [2024-07-09T13:31:39.353+0000] {dagbag.py:540} INFO - Filling up the DagBag from /home/airflow/.local/lib/python3.11/site-packages/airflow/example_dags/example_task_group.py
[2024-07-09T13:31:39.361+0000] {processor.py:840} INFO - DAG(s) 'example_task_group' retrieved from /home/airflow/.local/lib/python3.11/site-packages/airflow/example_dags/example_task_group.py
[2024-07-09T13:31:39.451+0000] {logging_mixin.py:188} INFO - [2024-07-09T13:31:39.450+0000] {override.py:1769} INFO - Created Permission View: can edit on DAG:example_task_group
[2024-07-09T13:31:39.461+0000] {logging_mixin.py:188} INFO - [2024-07-09T13:31:39.461+0000] {override.py:1769} INFO - Created Permission View: can delete on DAG:example_task_group
[2024-07-09T13:31:39.468+0000] {logging_mixin.py:188} INFO - [2024-07-09T13:31:39.467+0000] {override.py:1769} INFO - Created Permission View: can read on DAG:example_task_group
[2024-07-09T13:31:39.468+0000] {logging_mixin.py:188} INFO - [2024-07-09T13:31:39.468+0000] {dag.py:3047} INFO - Sync 1 DAGs
[2024-07-09T13:31:39.477+0000] {logging_mixin.py:188} INFO - [2024-07-09T13:31:39.477+0000] {dag.py:3069} INFO - Creating ORM DAG for example_task_group
[2024-07-09T13:31:39.485+0000] {logging_mixin.py:188} INFO - [2024-07-09T13:31:39.485+0000] {dag.py:3834} INFO - Setting next_dagrun for example_task_group to 2024-07-08 00:00:00+00:00, run_after=2024-07-09 00:00:00+00:00
[2024-07-09T13:31:39.498+0000] {processor.py:183} INFO - Processing /home/airflow/.local/lib/python3.11/site-packages/airflow/example_dags/example_task_group.py took 0.149 seconds
[2024-07-09T13:32:10.244+0000] {processor.py:161} INFO - Started process (PID=619) to work on /home/airflow/.local/lib/python3.11/site-packages/airflow/example_dags/example_task_group.py
[2024-07-09T13:32:10.246+0000] {processor.py:830} INFO - Processing file /home/airflow/.local/lib/python3.11/site-packages/airflow/example_dags/example_task_group.py for tasks to queue
[2024-07-09T13:32:10.247+0000] {logging_mixin.py:188} INFO - [2024-07-09T13:32:10.246+0000] {dagbag.py:540} INFO - Filling up the DagBag from /home/airflow/.local/lib/python3.11/site-packages/airflow/example_dags/example_task_group.py
[2024-07-09T13:32:10.253+0000] {processor.py:840} INFO - DAG(s) 'example_task_group' retrieved from /home/airflow/.local/lib/python3.11/site-packages/airflow/example_dags/example_task_group.py
[2024-07-09T13:32:10.276+0000] {logging_mixin.py:188} INFO - [2024-07-09T13:32:10.276+0000] {dag.py:3047} INFO - Sync 1 DAGs
[2024-07-09T13:32:10.298+0000] {logging_mixin.py:188} INFO - [2024-07-09T13:32:10.298+0000] {dag.py:3834} INFO - Setting next_dagrun for example_task_group to 2024-07-08 00:00:00+00:00, run_after=2024-07-09 00:00:00+00:00
[2024-07-09T13:32:10.317+0000] {processor.py:183} INFO - Processing /home/airflow/.local/lib/python3.11/site-packages/airflow/example_dags/example_task_group.py took 0.075 seconds
[2024-07-09T13:32:40.638+0000] {processor.py:161} INFO - Started process (PID=889) to work on /home/airflow/.local/lib/python3.11/site-packages/airflow/example_dags/example_task_group.py
[2024-07-09T13:32:40.639+0000] {processor.py:830} INFO - Processing file /home/airflow/.local/lib/python3.11/site-packages/airflow/example_dags/example_task_group.py for tasks to queue
[2024-07-09T13:32:40.640+0000] {logging_mixin.py:188} INFO - [2024-07-09T13:32:40.639+0000] {dagbag.py:540} INFO - Filling up the DagBag from /home/airflow/.local/lib/python3.11/site-packages/airflow/example_dags/example_task_group.py
[2024-07-09T13:32:40.647+0000] {processor.py:840} INFO - DAG(s) 'example_task_group' retrieved from /home/airflow/.local/lib/python3.11/site-packages/airflow/example_dags/example_task_group.py
[2024-07-09T13:32:40.670+0000] {logging_mixin.py:188} INFO - [2024-07-09T13:32:40.669+0000] {dag.py:3047} INFO - Sync 1 DAGs
[2024-07-09T13:32:40.689+0000] {logging_mixin.py:188} INFO - [2024-07-09T13:32:40.689+0000] {dag.py:3834} INFO - Setting next_dagrun for example_task_group to 2024-07-08 00:00:00+00:00, run_after=2024-07-09 00:00:00+00:00
[2024-07-09T13:32:40.707+0000] {processor.py:183} INFO - Processing /home/airflow/.local/lib/python3.11/site-packages/airflow/example_dags/example_task_group.py took 0.071 seconds
[2024-07-09T13:33:11.554+0000] {processor.py:161} INFO - Started process (PID=1161) to work on /home/airflow/.local/lib/python3.11/site-packages/airflow/example_dags/example_task_group.py
[2024-07-09T13:33:11.555+0000] {processor.py:830} INFO - Processing file /home/airflow/.local/lib/python3.11/site-packages/airflow/example_dags/example_task_group.py for tasks to queue
[2024-07-09T13:33:11.556+0000] {logging_mixin.py:188} INFO - [2024-07-09T13:33:11.556+0000] {dagbag.py:540} INFO - Filling up the DagBag from /home/airflow/.local/lib/python3.11/site-packages/airflow/example_dags/example_task_group.py
[2024-07-09T13:33:11.562+0000] {processor.py:840} INFO - DAG(s) 'example_task_group' retrieved from /home/airflow/.local/lib/python3.11/site-packages/airflow/example_dags/example_task_group.py
[2024-07-09T13:33:11.584+0000] {logging_mixin.py:188} INFO - [2024-07-09T13:33:11.584+0000] {dag.py:3047} INFO - Sync 1 DAGs
[2024-07-09T13:33:11.601+0000] {logging_mixin.py:188} INFO - [2024-07-09T13:33:11.601+0000] {dag.py:3834} INFO - Setting next_dagrun for example_task_group to 2024-07-08 00:00:00+00:00, run_after=2024-07-09 00:00:00+00:00
[2024-07-09T13:33:11.619+0000] {processor.py:183} INFO - Processing /home/airflow/.local/lib/python3.11/site-packages/airflow/example_dags/example_task_group.py took 0.067 seconds
[2024-07-09T13:33:42.146+0000] {processor.py:161} INFO - Started process (PID=1429) to work on /home/airflow/.local/lib/python3.11/site-packages/airflow/example_dags/example_task_group.py
[2024-07-09T13:33:42.147+0000] {processor.py:830} INFO - Processing file /home/airflow/.local/lib/python3.11/site-packages/airflow/example_dags/example_task_group.py for tasks to queue
[2024-07-09T13:33:42.148+0000] {logging_mixin.py:188} INFO - [2024-07-09T13:33:42.148+0000] {dagbag.py:540} INFO - Filling up the DagBag from /home/airflow/.local/lib/python3.11/site-packages/airflow/example_dags/example_task_group.py
[2024-07-09T13:33:42.155+0000] {processor.py:840} INFO - DAG(s) 'example_task_group' retrieved from /home/airflow/.local/lib/python3.11/site-packages/airflow/example_dags/example_task_group.py
[2024-07-09T13:33:42.177+0000] {logging_mixin.py:188} INFO - [2024-07-09T13:33:42.177+0000] {dag.py:3047} INFO - Sync 1 DAGs
[2024-07-09T13:33:42.194+0000] {logging_mixin.py:188} INFO - [2024-07-09T13:33:42.194+0000] {dag.py:3834} INFO - Setting next_dagrun for example_task_group to 2024-07-08 00:00:00+00:00, run_after=2024-07-09 00:00:00+00:00
[2024-07-09T13:33:42.210+0000] {processor.py:183} INFO - Processing /home/airflow/.local/lib/python3.11/site-packages/airflow/example_dags/example_task_group.py took 0.067 seconds
[2024-07-09T13:34:12.558+0000] {processor.py:161} INFO - Started process (PID=1699) to work on /home/airflow/.local/lib/python3.11/site-packages/airflow/example_dags/example_task_group.py
[2024-07-09T13:34:12.559+0000] {processor.py:830} INFO - Processing file /home/airflow/.local/lib/python3.11/site-packages/airflow/example_dags/example_task_group.py for tasks to queue
[2024-07-09T13:34:12.560+0000] {logging_mixin.py:188} INFO - [2024-07-09T13:34:12.559+0000] {dagbag.py:540} INFO - Filling up the DagBag from /home/airflow/.local/lib/python3.11/site-packages/airflow/example_dags/example_task_group.py
[2024-07-09T13:34:12.566+0000] {processor.py:840} INFO - DAG(s) 'example_task_group' retrieved from /home/airflow/.local/lib/python3.11/site-packages/airflow/example_dags/example_task_group.py
[2024-07-09T13:34:12.588+0000] {logging_mixin.py:188} INFO - [2024-07-09T13:34:12.587+0000] {dag.py:3047} INFO - Sync 1 DAGs
[2024-07-09T13:34:12.606+0000] {logging_mixin.py:188} INFO - [2024-07-09T13:34:12.606+0000] {dag.py:3834} INFO - Setting next_dagrun for example_task_group to 2024-07-08 00:00:00+00:00, run_after=2024-07-09 00:00:00+00:00
[2024-07-09T13:34:12.623+0000] {processor.py:183} INFO - Processing /home/airflow/.local/lib/python3.11/site-packages/airflow/example_dags/example_task_group.py took 0.068 seconds
[2024-07-09T13:34:42.759+0000] {processor.py:161} INFO - Started process (PID=1969) to work on /home/airflow/.local/lib/python3.11/site-packages/airflow/example_dags/example_task_group.py
[2024-07-09T13:34:42.760+0000] {processor.py:830} INFO - Processing file /home/airflow/.local/lib/python3.11/site-packages/airflow/example_dags/example_task_group.py for tasks to queue
[2024-07-09T13:34:42.760+0000] {logging_mixin.py:188} INFO - [2024-07-09T13:34:42.760+0000] {dagbag.py:540} INFO - Filling up the DagBag from /home/airflow/.local/lib/python3.11/site-packages/airflow/example_dags/example_task_group.py
[2024-07-09T13:34:42.767+0000] {processor.py:840} INFO - DAG(s) 'example_task_group' retrieved from /home/airflow/.local/lib/python3.11/site-packages/airflow/example_dags/example_task_group.py
[2024-07-09T13:34:42.788+0000] {logging_mixin.py:188} INFO - [2024-07-09T13:34:42.788+0000] {dag.py:3047} INFO - Sync 1 DAGs
[2024-07-09T13:34:42.806+0000] {logging_mixin.py:188} INFO - [2024-07-09T13:34:42.806+0000] {dag.py:3834} INFO - Setting next_dagrun for example_task_group to 2024-07-08 00:00:00+00:00, run_after=2024-07-09 00:00:00+00:00
[2024-07-09T13:34:42.824+0000] {processor.py:183} INFO - Processing /home/airflow/.local/lib/python3.11/site-packages/airflow/example_dags/example_task_group.py took 0.068 seconds
[2024-07-09T13:35:13.078+0000] {processor.py:161} INFO - Started process (PID=2239) to work on /home/airflow/.local/lib/python3.11/site-packages/airflow/example_dags/example_task_group.py
[2024-07-09T13:35:13.079+0000] {processor.py:830} INFO - Processing file /home/airflow/.local/lib/python3.11/site-packages/airflow/example_dags/example_task_group.py for tasks to queue
[2024-07-09T13:35:13.080+0000] {logging_mixin.py:188} INFO - [2024-07-09T13:35:13.079+0000] {dagbag.py:540} INFO - Filling up the DagBag from /home/airflow/.local/lib/python3.11/site-packages/airflow/example_dags/example_task_group.py
[2024-07-09T13:35:13.086+0000] {processor.py:840} INFO - DAG(s) 'example_task_group' retrieved from /home/airflow/.local/lib/python3.11/site-packages/airflow/example_dags/example_task_group.py
[2024-07-09T13:35:13.109+0000] {logging_mixin.py:188} INFO - [2024-07-09T13:35:13.109+0000] {dag.py:3047} INFO - Sync 1 DAGs
[2024-07-09T13:35:13.126+0000] {logging_mixin.py:188} INFO - [2024-07-09T13:35:13.126+0000] {dag.py:3834} INFO - Setting next_dagrun for example_task_group to 2024-07-08 00:00:00+00:00, run_after=2024-07-09 00:00:00+00:00
[2024-07-09T13:35:13.141+0000] {processor.py:183} INFO - Processing /home/airflow/.local/lib/python3.11/site-packages/airflow/example_dags/example_task_group.py took 0.065 seconds
[2024-07-09T13:35:43.458+0000] {processor.py:161} INFO - Started process (PID=2509) to work on /home/airflow/.local/lib/python3.11/site-packages/airflow/example_dags/example_task_group.py
[2024-07-09T13:35:43.459+0000] {processor.py:830} INFO - Processing file /home/airflow/.local/lib/python3.11/site-packages/airflow/example_dags/example_task_group.py for tasks to queue
[2024-07-09T13:35:43.459+0000] {logging_mixin.py:188} INFO - [2024-07-09T13:35:43.459+0000] {dagbag.py:540} INFO - Filling up the DagBag from /home/airflow/.local/lib/python3.11/site-packages/airflow/example_dags/example_task_group.py
[2024-07-09T13:35:43.466+0000] {processor.py:840} INFO - DAG(s) 'example_task_group' retrieved from /home/airflow/.local/lib/python3.11/site-packages/airflow/example_dags/example_task_group.py
[2024-07-09T13:35:43.486+0000] {logging_mixin.py:188} INFO - [2024-07-09T13:35:43.486+0000] {dag.py:3047} INFO - Sync 1 DAGs
[2024-07-09T13:35:43.504+0000] {logging_mixin.py:188} INFO - [2024-07-09T13:35:43.504+0000] {dag.py:3834} INFO - Setting next_dagrun for example_task_group to 2024-07-08 00:00:00+00:00, run_after=2024-07-09 00:00:00+00:00
[2024-07-09T13:35:43.518+0000] {processor.py:183} INFO - Processing /home/airflow/.local/lib/python3.11/site-packages/airflow/example_dags/example_task_group.py took 0.063 seconds
[2024-07-09T13:36:13.934+0000] {processor.py:161} INFO - Started process (PID=2779) to work on /home/airflow/.local/lib/python3.11/site-packages/airflow/example_dags/example_task_group.py
[2024-07-09T13:36:13.935+0000] {processor.py:830} INFO - Processing file /home/airflow/.local/lib/python3.11/site-packages/airflow/example_dags/example_task_group.py for tasks to queue
[2024-07-09T13:36:13.935+0000] {logging_mixin.py:188} INFO - [2024-07-09T13:36:13.935+0000] {dagbag.py:540} INFO - Filling up the DagBag from /home/airflow/.local/lib/python3.11/site-packages/airflow/example_dags/example_task_group.py
[2024-07-09T13:36:13.942+0000] {processor.py:840} INFO - DAG(s) 'example_task_group' retrieved from /home/airflow/.local/lib/python3.11/site-packages/airflow/example_dags/example_task_group.py
[2024-07-09T13:36:13.966+0000] {logging_mixin.py:188} INFO - [2024-07-09T13:36:13.965+0000] {dag.py:3047} INFO - Sync 1 DAGs
[2024-07-09T13:36:13.983+0000] {logging_mixin.py:188} INFO - [2024-07-09T13:36:13.983+0000] {dag.py:3834} INFO - Setting next_dagrun for example_task_group to 2024-07-08 00:00:00+00:00, run_after=2024-07-09 00:00:00+00:00
[2024-07-09T13:36:13.999+0000] {processor.py:183} INFO - Processing /home/airflow/.local/lib/python3.11/site-packages/airflow/example_dags/example_task_group.py took 0.068 seconds
[2024-07-09T13:36:44.221+0000] {processor.py:161} INFO - Started process (PID=3049) to work on /home/airflow/.local/lib/python3.11/site-packages/airflow/example_dags/example_task_group.py
[2024-07-09T13:36:44.222+0000] {processor.py:830} INFO - Processing file /home/airflow/.local/lib/python3.11/site-packages/airflow/example_dags/example_task_group.py for tasks to queue
[2024-07-09T13:36:44.223+0000] {logging_mixin.py:188} INFO - [2024-07-09T13:36:44.222+0000] {dagbag.py:540} INFO - Filling up the DagBag from /home/airflow/.local/lib/python3.11/site-packages/airflow/example_dags/example_task_group.py
[2024-07-09T13:36:44.229+0000] {processor.py:840} INFO - DAG(s) 'example_task_group' retrieved from /home/airflow/.local/lib/python3.11/site-packages/airflow/example_dags/example_task_group.py
[2024-07-09T13:36:44.250+0000] {logging_mixin.py:188} INFO - [2024-07-09T13:36:44.250+0000] {dag.py:3047} INFO - Sync 1 DAGs
[2024-07-09T13:36:44.267+0000] {logging_mixin.py:188} INFO - [2024-07-09T13:36:44.267+0000] {dag.py:3834} INFO - Setting next_dagrun for example_task_group to 2024-07-08 00:00:00+00:00, run_after=2024-07-09 00:00:00+00:00
[2024-07-09T13:36:44.282+0000] {processor.py:183} INFO - Processing /home/airflow/.local/lib/python3.11/site-packages/airflow/example_dags/example_task_group.py took 0.064 seconds
[2024-07-09T13:37:14.858+0000] {processor.py:161} INFO - Started process (PID=3319) to work on /home/airflow/.local/lib/python3.11/site-packages/airflow/example_dags/example_task_group.py
[2024-07-09T13:37:14.859+0000] {processor.py:830} INFO - Processing file /home/airflow/.local/lib/python3.11/site-packages/airflow/example_dags/example_task_group.py for tasks to queue
[2024-07-09T13:37:14.859+0000] {logging_mixin.py:188} INFO - [2024-07-09T13:37:14.859+0000] {dagbag.py:540} INFO - Filling up the DagBag from /home/airflow/.local/lib/python3.11/site-packages/airflow/example_dags/example_task_group.py
[2024-07-09T13:37:14.867+0000] {processor.py:840} INFO - DAG(s) 'example_task_group' retrieved from /home/airflow/.local/lib/python3.11/site-packages/airflow/example_dags/example_task_group.py
[2024-07-09T13:37:14.892+0000] {logging_mixin.py:188} INFO - [2024-07-09T13:37:14.892+0000] {dag.py:3047} INFO - Sync 1 DAGs
[2024-07-09T13:37:14.914+0000] {logging_mixin.py:188} INFO - [2024-07-09T13:37:14.914+0000] {dag.py:3834} INFO - Setting next_dagrun for example_task_group to 2024-07-08 00:00:00+00:00, run_after=2024-07-09 00:00:00+00:00
[2024-07-09T13:37:14.932+0000] {processor.py:183} INFO - Processing /home/airflow/.local/lib/python3.11/site-packages/airflow/example_dags/example_task_group.py took 0.077 seconds
[2024-07-09T13:46:12.489+0000] {processor.py:161} INFO - Started process (PID=351) to work on /home/airflow/.local/lib/python3.11/site-packages/airflow/example_dags/example_task_group.py
[2024-07-09T13:46:12.490+0000] {processor.py:830} INFO - Processing file /home/airflow/.local/lib/python3.11/site-packages/airflow/example_dags/example_task_group.py for tasks to queue
[2024-07-09T13:46:12.491+0000] {logging_mixin.py:188} INFO - [2024-07-09T13:46:12.490+0000] {dagbag.py:540} INFO - Filling up the DagBag from /home/airflow/.local/lib/python3.11/site-packages/airflow/example_dags/example_task_group.py
[2024-07-09T13:46:12.497+0000] {processor.py:840} INFO - DAG(s) 'example_task_group' retrieved from /home/airflow/.local/lib/python3.11/site-packages/airflow/example_dags/example_task_group.py
[2024-07-09T13:46:12.598+0000] {logging_mixin.py:188} INFO - [2024-07-09T13:46:12.598+0000] {override.py:1769} INFO - Created Permission View: can delete on DAG:example_task_group
[2024-07-09T13:46:12.606+0000] {logging_mixin.py:188} INFO - [2024-07-09T13:46:12.606+0000] {override.py:1769} INFO - Created Permission View: can read on DAG:example_task_group
[2024-07-09T13:46:12.612+0000] {logging_mixin.py:188} INFO - [2024-07-09T13:46:12.612+0000] {override.py:1769} INFO - Created Permission View: can edit on DAG:example_task_group
[2024-07-09T13:46:12.612+0000] {logging_mixin.py:188} INFO - [2024-07-09T13:46:12.612+0000] {dag.py:3047} INFO - Sync 1 DAGs
[2024-07-09T13:46:12.622+0000] {logging_mixin.py:188} INFO - [2024-07-09T13:46:12.622+0000] {dag.py:3069} INFO - Creating ORM DAG for example_task_group
[2024-07-09T13:46:12.629+0000] {logging_mixin.py:188} INFO - [2024-07-09T13:46:12.629+0000] {dag.py:3834} INFO - Setting next_dagrun for example_task_group to 2024-07-08 00:00:00+00:00, run_after=2024-07-09 00:00:00+00:00
[2024-07-09T13:46:12.642+0000] {processor.py:183} INFO - Processing /home/airflow/.local/lib/python3.11/site-packages/airflow/example_dags/example_task_group.py took 0.155 seconds
[2024-07-09T13:46:42.957+0000] {processor.py:161} INFO - Started process (PID=619) to work on /home/airflow/.local/lib/python3.11/site-packages/airflow/example_dags/example_task_group.py
[2024-07-09T13:46:42.958+0000] {processor.py:830} INFO - Processing file /home/airflow/.local/lib/python3.11/site-packages/airflow/example_dags/example_task_group.py for tasks to queue
[2024-07-09T13:46:42.959+0000] {logging_mixin.py:188} INFO - [2024-07-09T13:46:42.958+0000] {dagbag.py:540} INFO - Filling up the DagBag from /home/airflow/.local/lib/python3.11/site-packages/airflow/example_dags/example_task_group.py
[2024-07-09T13:46:42.965+0000] {processor.py:840} INFO - DAG(s) 'example_task_group' retrieved from /home/airflow/.local/lib/python3.11/site-packages/airflow/example_dags/example_task_group.py
[2024-07-09T13:46:42.985+0000] {logging_mixin.py:188} INFO - [2024-07-09T13:46:42.985+0000] {dag.py:3047} INFO - Sync 1 DAGs
[2024-07-09T13:46:43.001+0000] {logging_mixin.py:188} INFO - [2024-07-09T13:46:43.001+0000] {dag.py:3834} INFO - Setting next_dagrun for example_task_group to 2024-07-08 00:00:00+00:00, run_after=2024-07-09 00:00:00+00:00
[2024-07-09T13:46:43.016+0000] {processor.py:183} INFO - Processing /home/airflow/.local/lib/python3.11/site-packages/airflow/example_dags/example_task_group.py took 0.062 seconds
[2024-07-09T13:47:13.767+0000] {processor.py:161} INFO - Started process (PID=889) to work on /home/airflow/.local/lib/python3.11/site-packages/airflow/example_dags/example_task_group.py
[2024-07-09T13:47:13.768+0000] {processor.py:830} INFO - Processing file /home/airflow/.local/lib/python3.11/site-packages/airflow/example_dags/example_task_group.py for tasks to queue
[2024-07-09T13:47:13.769+0000] {logging_mixin.py:188} INFO - [2024-07-09T13:47:13.769+0000] {dagbag.py:540} INFO - Filling up the DagBag from /home/airflow/.local/lib/python3.11/site-packages/airflow/example_dags/example_task_group.py
[2024-07-09T13:47:13.775+0000] {processor.py:840} INFO - DAG(s) 'example_task_group' retrieved from /home/airflow/.local/lib/python3.11/site-packages/airflow/example_dags/example_task_group.py
[2024-07-09T13:47:13.796+0000] {logging_mixin.py:188} INFO - [2024-07-09T13:47:13.796+0000] {dag.py:3047} INFO - Sync 1 DAGs
[2024-07-09T13:47:13.815+0000] {logging_mixin.py:188} INFO - [2024-07-09T13:47:13.815+0000] {dag.py:3834} INFO - Setting next_dagrun for example_task_group to 2024-07-08 00:00:00+00:00, run_after=2024-07-09 00:00:00+00:00
[2024-07-09T13:47:13.830+0000] {processor.py:183} INFO - Processing /home/airflow/.local/lib/python3.11/site-packages/airflow/example_dags/example_task_group.py took 0.065 seconds
[2024-07-09T13:47:44.862+0000] {processor.py:161} INFO - Started process (PID=1161) to work on /home/airflow/.local/lib/python3.11/site-packages/airflow/example_dags/example_task_group.py
[2024-07-09T13:47:44.863+0000] {processor.py:830} INFO - Processing file /home/airflow/.local/lib/python3.11/site-packages/airflow/example_dags/example_task_group.py for tasks to queue
[2024-07-09T13:47:44.864+0000] {logging_mixin.py:188} INFO - [2024-07-09T13:47:44.864+0000] {dagbag.py:540} INFO - Filling up the DagBag from /home/airflow/.local/lib/python3.11/site-packages/airflow/example_dags/example_task_group.py
[2024-07-09T13:47:44.984+0000] {processor.py:840} INFO - DAG(s) 'example_task_group' retrieved from /home/airflow/.local/lib/python3.11/site-packages/airflow/example_dags/example_task_group.py
[2024-07-09T13:47:45.007+0000] {logging_mixin.py:188} INFO - [2024-07-09T13:47:45.006+0000] {dag.py:3047} INFO - Sync 1 DAGs
[2024-07-09T13:47:45.022+0000] {logging_mixin.py:188} INFO - [2024-07-09T13:47:45.022+0000] {dag.py:3834} INFO - Setting next_dagrun for example_task_group to 2024-07-08 00:00:00+00:00, run_after=2024-07-09 00:00:00+00:00
[2024-07-09T13:47:45.036+0000] {processor.py:183} INFO - Processing /home/airflow/.local/lib/python3.11/site-packages/airflow/example_dags/example_task_group.py took 0.177 seconds
[2024-07-09T13:48:15.404+0000] {processor.py:161} INFO - Started process (PID=1429) to work on /home/airflow/.local/lib/python3.11/site-packages/airflow/example_dags/example_task_group.py
[2024-07-09T13:48:15.405+0000] {processor.py:830} INFO - Processing file /home/airflow/.local/lib/python3.11/site-packages/airflow/example_dags/example_task_group.py for tasks to queue
[2024-07-09T13:48:15.406+0000] {logging_mixin.py:188} INFO - [2024-07-09T13:48:15.405+0000] {dagbag.py:540} INFO - Filling up the DagBag from /home/airflow/.local/lib/python3.11/site-packages/airflow/example_dags/example_task_group.py
[2024-07-09T13:48:15.413+0000] {processor.py:840} INFO - DAG(s) 'example_task_group' retrieved from /home/airflow/.local/lib/python3.11/site-packages/airflow/example_dags/example_task_group.py
[2024-07-09T13:48:15.437+0000] {logging_mixin.py:188} INFO - [2024-07-09T13:48:15.436+0000] {dag.py:3047} INFO - Sync 1 DAGs
[2024-07-09T13:48:15.457+0000] {logging_mixin.py:188} INFO - [2024-07-09T13:48:15.457+0000] {dag.py:3834} INFO - Setting next_dagrun for example_task_group to 2024-07-08 00:00:00+00:00, run_after=2024-07-09 00:00:00+00:00
[2024-07-09T13:48:15.478+0000] {processor.py:183} INFO - Processing /home/airflow/.local/lib/python3.11/site-packages/airflow/example_dags/example_task_group.py took 0.076 seconds
[2024-07-09T13:48:45.736+0000] {processor.py:161} INFO - Started process (PID=1699) to work on /home/airflow/.local/lib/python3.11/site-packages/airflow/example_dags/example_task_group.py
[2024-07-09T13:48:45.737+0000] {processor.py:830} INFO - Processing file /home/airflow/.local/lib/python3.11/site-packages/airflow/example_dags/example_task_group.py for tasks to queue
[2024-07-09T13:48:45.738+0000] {logging_mixin.py:188} INFO - [2024-07-09T13:48:45.738+0000] {dagbag.py:540} INFO - Filling up the DagBag from /home/airflow/.local/lib/python3.11/site-packages/airflow/example_dags/example_task_group.py
[2024-07-09T13:48:45.745+0000] {processor.py:840} INFO - DAG(s) 'example_task_group' retrieved from /home/airflow/.local/lib/python3.11/site-packages/airflow/example_dags/example_task_group.py
[2024-07-09T13:48:45.767+0000] {logging_mixin.py:188} INFO - [2024-07-09T13:48:45.767+0000] {dag.py:3047} INFO - Sync 1 DAGs
[2024-07-09T13:48:45.789+0000] {logging_mixin.py:188} INFO - [2024-07-09T13:48:45.789+0000] {dag.py:3834} INFO - Setting next_dagrun for example_task_group to 2024-07-08 00:00:00+00:00, run_after=2024-07-09 00:00:00+00:00
[2024-07-09T13:48:45.808+0000] {processor.py:183} INFO - Processing /home/airflow/.local/lib/python3.11/site-packages/airflow/example_dags/example_task_group.py took 0.074 seconds
[2024-07-09T13:49:16.266+0000] {processor.py:161} INFO - Started process (PID=1969) to work on /home/airflow/.local/lib/python3.11/site-packages/airflow/example_dags/example_task_group.py
[2024-07-09T13:49:16.267+0000] {processor.py:830} INFO - Processing file /home/airflow/.local/lib/python3.11/site-packages/airflow/example_dags/example_task_group.py for tasks to queue
[2024-07-09T13:49:16.268+0000] {logging_mixin.py:188} INFO - [2024-07-09T13:49:16.267+0000] {dagbag.py:540} INFO - Filling up the DagBag from /home/airflow/.local/lib/python3.11/site-packages/airflow/example_dags/example_task_group.py
[2024-07-09T13:49:16.275+0000] {processor.py:840} INFO - DAG(s) 'example_task_group' retrieved from /home/airflow/.local/lib/python3.11/site-packages/airflow/example_dags/example_task_group.py
[2024-07-09T13:49:16.298+0000] {logging_mixin.py:188} INFO - [2024-07-09T13:49:16.298+0000] {dag.py:3047} INFO - Sync 1 DAGs
[2024-07-09T13:49:16.317+0000] {logging_mixin.py:188} INFO - [2024-07-09T13:49:16.317+0000] {dag.py:3834} INFO - Setting next_dagrun for example_task_group to 2024-07-08 00:00:00+00:00, run_after=2024-07-09 00:00:00+00:00
[2024-07-09T13:49:16.333+0000] {processor.py:183} INFO - Processing /home/airflow/.local/lib/python3.11/site-packages/airflow/example_dags/example_task_group.py took 0.070 seconds
[2024-07-09T13:49:47.332+0000] {processor.py:161} INFO - Started process (PID=2241) to work on /home/airflow/.local/lib/python3.11/site-packages/airflow/example_dags/example_task_group.py
[2024-07-09T13:49:47.334+0000] {processor.py:830} INFO - Processing file /home/airflow/.local/lib/python3.11/site-packages/airflow/example_dags/example_task_group.py for tasks to queue
[2024-07-09T13:49:47.336+0000] {logging_mixin.py:188} INFO - [2024-07-09T13:49:47.335+0000] {dagbag.py:540} INFO - Filling up the DagBag from /home/airflow/.local/lib/python3.11/site-packages/airflow/example_dags/example_task_group.py
[2024-07-09T13:49:47.345+0000] {processor.py:840} INFO - DAG(s) 'example_task_group' retrieved from /home/airflow/.local/lib/python3.11/site-packages/airflow/example_dags/example_task_group.py
[2024-07-09T13:49:47.372+0000] {logging_mixin.py:188} INFO - [2024-07-09T13:49:47.372+0000] {dag.py:3047} INFO - Sync 1 DAGs
[2024-07-09T13:49:47.393+0000] {logging_mixin.py:188} INFO - [2024-07-09T13:49:47.392+0000] {dag.py:3834} INFO - Setting next_dagrun for example_task_group to 2024-07-08 00:00:00+00:00, run_after=2024-07-09 00:00:00+00:00
[2024-07-09T13:49:47.412+0000] {processor.py:183} INFO - Processing /home/airflow/.local/lib/python3.11/site-packages/airflow/example_dags/example_task_group.py took 0.084 seconds
[2024-07-09T13:50:17.787+0000] {processor.py:161} INFO - Started process (PID=2509) to work on /home/airflow/.local/lib/python3.11/site-packages/airflow/example_dags/example_task_group.py
[2024-07-09T13:50:17.788+0000] {processor.py:830} INFO - Processing file /home/airflow/.local/lib/python3.11/site-packages/airflow/example_dags/example_task_group.py for tasks to queue
[2024-07-09T13:50:17.789+0000] {logging_mixin.py:188} INFO - [2024-07-09T13:50:17.788+0000] {dagbag.py:540} INFO - Filling up the DagBag from /home/airflow/.local/lib/python3.11/site-packages/airflow/example_dags/example_task_group.py
[2024-07-09T13:50:17.795+0000] {processor.py:840} INFO - DAG(s) 'example_task_group' retrieved from /home/airflow/.local/lib/python3.11/site-packages/airflow/example_dags/example_task_group.py
[2024-07-09T13:50:17.817+0000] {logging_mixin.py:188} INFO - [2024-07-09T13:50:17.817+0000] {dag.py:3047} INFO - Sync 1 DAGs
[2024-07-09T13:50:17.834+0000] {logging_mixin.py:188} INFO - [2024-07-09T13:50:17.834+0000] {dag.py:3834} INFO - Setting next_dagrun for example_task_group to 2024-07-08 00:00:00+00:00, run_after=2024-07-09 00:00:00+00:00
[2024-07-09T13:50:17.849+0000] {processor.py:183} INFO - Processing /home/airflow/.local/lib/python3.11/site-packages/airflow/example_dags/example_task_group.py took 0.065 seconds
[2024-07-09T13:50:48.207+0000] {processor.py:161} INFO - Started process (PID=2779) to work on /home/airflow/.local/lib/python3.11/site-packages/airflow/example_dags/example_task_group.py
[2024-07-09T13:50:48.208+0000] {processor.py:830} INFO - Processing file /home/airflow/.local/lib/python3.11/site-packages/airflow/example_dags/example_task_group.py for tasks to queue
[2024-07-09T13:50:48.209+0000] {logging_mixin.py:188} INFO - [2024-07-09T13:50:48.208+0000] {dagbag.py:540} INFO - Filling up the DagBag from /home/airflow/.local/lib/python3.11/site-packages/airflow/example_dags/example_task_group.py
[2024-07-09T13:50:48.215+0000] {processor.py:840} INFO - DAG(s) 'example_task_group' retrieved from /home/airflow/.local/lib/python3.11/site-packages/airflow/example_dags/example_task_group.py
[2024-07-09T13:50:48.237+0000] {logging_mixin.py:188} INFO - [2024-07-09T13:50:48.236+0000] {dag.py:3047} INFO - Sync 1 DAGs
[2024-07-09T13:50:48.254+0000] {logging_mixin.py:188} INFO - [2024-07-09T13:50:48.254+0000] {dag.py:3834} INFO - Setting next_dagrun for example_task_group to 2024-07-08 00:00:00+00:00, run_after=2024-07-09 00:00:00+00:00
[2024-07-09T13:50:48.272+0000] {processor.py:183} INFO - Processing /home/airflow/.local/lib/python3.11/site-packages/airflow/example_dags/example_task_group.py took 0.067 seconds
[2024-07-09T13:51:18.590+0000] {processor.py:161} INFO - Started process (PID=3049) to work on /home/airflow/.local/lib/python3.11/site-packages/airflow/example_dags/example_task_group.py
[2024-07-09T13:51:18.591+0000] {processor.py:830} INFO - Processing file /home/airflow/.local/lib/python3.11/site-packages/airflow/example_dags/example_task_group.py for tasks to queue
[2024-07-09T13:51:18.591+0000] {logging_mixin.py:188} INFO - [2024-07-09T13:51:18.591+0000] {dagbag.py:540} INFO - Filling up the DagBag from /home/airflow/.local/lib/python3.11/site-packages/airflow/example_dags/example_task_group.py
[2024-07-09T13:51:18.597+0000] {processor.py:840} INFO - DAG(s) 'example_task_group' retrieved from /home/airflow/.local/lib/python3.11/site-packages/airflow/example_dags/example_task_group.py
[2024-07-09T13:51:18.619+0000] {logging_mixin.py:188} INFO - [2024-07-09T13:51:18.619+0000] {dag.py:3047} INFO - Sync 1 DAGs
[2024-07-09T13:51:18.637+0000] {logging_mixin.py:188} INFO - [2024-07-09T13:51:18.637+0000] {dag.py:3834} INFO - Setting next_dagrun for example_task_group to 2024-07-08 00:00:00+00:00, run_after=2024-07-09 00:00:00+00:00
[2024-07-09T13:51:18.653+0000] {processor.py:183} INFO - Processing /home/airflow/.local/lib/python3.11/site-packages/airflow/example_dags/example_task_group.py took 0.066 seconds
