[2024-07-09T13:18:48.717+0000] {processor.py:161} INFO - Started process (PID=266) to work on /home/airflow/.local/lib/python3.11/site-packages/airflow/example_dags/example_kubernetes_executor.py
[2024-07-09T13:18:48.718+0000] {processor.py:830} INFO - Processing file /home/airflow/.local/lib/python3.11/site-packages/airflow/example_dags/example_kubernetes_executor.py for tasks to queue
[2024-07-09T13:18:48.718+0000] {logging_mixin.py:188} INFO - [2024-07-09T13:18:48.718+0000] {dagbag.py:540} INFO - Filling up the DagBag from /home/airflow/.local/lib/python3.11/site-packages/airflow/example_dags/example_kubernetes_executor.py
[2024-07-09T13:18:48.732+0000] {processor.py:840} INFO - DAG(s) 'example_kubernetes_executor' retrieved from /home/airflow/.local/lib/python3.11/site-packages/airflow/example_dags/example_kubernetes_executor.py
[2024-07-09T13:18:48.901+0000] {logging_mixin.py:188} INFO - [2024-07-09T13:18:48.901+0000] {override.py:1769} INFO - Created Permission View: can delete on DAG:example_kubernetes_executor
[2024-07-09T13:18:48.912+0000] {logging_mixin.py:188} INFO - [2024-07-09T13:18:48.912+0000] {override.py:1769} INFO - Created Permission View: can read on DAG:example_kubernetes_executor
[2024-07-09T13:18:48.918+0000] {logging_mixin.py:188} INFO - [2024-07-09T13:18:48.918+0000] {override.py:1769} INFO - Created Permission View: can edit on DAG:example_kubernetes_executor
[2024-07-09T13:18:48.919+0000] {logging_mixin.py:188} INFO - [2024-07-09T13:18:48.919+0000] {dag.py:3047} INFO - Sync 1 DAGs
[2024-07-09T13:18:48.929+0000] {logging_mixin.py:188} INFO - [2024-07-09T13:18:48.929+0000] {dag.py:3069} INFO - Creating ORM DAG for example_kubernetes_executor
[2024-07-09T13:18:48.930+0000] {logging_mixin.py:188} INFO - [2024-07-09T13:18:48.930+0000] {dag.py:3834} INFO - Setting next_dagrun for example_kubernetes_executor to None, run_after=None
[2024-07-09T13:18:48.945+0000] {processor.py:183} INFO - Processing /home/airflow/.local/lib/python3.11/site-packages/airflow/example_dags/example_kubernetes_executor.py took 0.230 seconds
[2024-07-09T13:19:19.769+0000] {processor.py:161} INFO - Started process (PID=534) to work on /home/airflow/.local/lib/python3.11/site-packages/airflow/example_dags/example_kubernetes_executor.py
[2024-07-09T13:19:19.770+0000] {processor.py:830} INFO - Processing file /home/airflow/.local/lib/python3.11/site-packages/airflow/example_dags/example_kubernetes_executor.py for tasks to queue
[2024-07-09T13:19:19.771+0000] {logging_mixin.py:188} INFO - [2024-07-09T13:19:19.771+0000] {dagbag.py:540} INFO - Filling up the DagBag from /home/airflow/.local/lib/python3.11/site-packages/airflow/example_dags/example_kubernetes_executor.py
[2024-07-09T13:19:19.780+0000] {processor.py:840} INFO - DAG(s) 'example_kubernetes_executor' retrieved from /home/airflow/.local/lib/python3.11/site-packages/airflow/example_dags/example_kubernetes_executor.py
[2024-07-09T13:19:19.813+0000] {logging_mixin.py:188} INFO - [2024-07-09T13:19:19.813+0000] {dag.py:3047} INFO - Sync 1 DAGs
[2024-07-09T13:19:19.823+0000] {logging_mixin.py:188} INFO - [2024-07-09T13:19:19.823+0000] {dag.py:3834} INFO - Setting next_dagrun for example_kubernetes_executor to None, run_after=None
[2024-07-09T13:19:19.840+0000] {processor.py:183} INFO - Processing /home/airflow/.local/lib/python3.11/site-packages/airflow/example_dags/example_kubernetes_executor.py took 0.073 seconds
[2024-07-09T13:19:50.668+0000] {processor.py:161} INFO - Started process (PID=804) to work on /home/airflow/.local/lib/python3.11/site-packages/airflow/example_dags/example_kubernetes_executor.py
[2024-07-09T13:19:50.669+0000] {processor.py:830} INFO - Processing file /home/airflow/.local/lib/python3.11/site-packages/airflow/example_dags/example_kubernetes_executor.py for tasks to queue
[2024-07-09T13:19:50.670+0000] {logging_mixin.py:188} INFO - [2024-07-09T13:19:50.670+0000] {dagbag.py:540} INFO - Filling up the DagBag from /home/airflow/.local/lib/python3.11/site-packages/airflow/example_dags/example_kubernetes_executor.py
[2024-07-09T13:19:50.679+0000] {processor.py:840} INFO - DAG(s) 'example_kubernetes_executor' retrieved from /home/airflow/.local/lib/python3.11/site-packages/airflow/example_dags/example_kubernetes_executor.py
[2024-07-09T13:19:50.712+0000] {logging_mixin.py:188} INFO - [2024-07-09T13:19:50.711+0000] {dag.py:3047} INFO - Sync 1 DAGs
[2024-07-09T13:19:50.721+0000] {logging_mixin.py:188} INFO - [2024-07-09T13:19:50.721+0000] {dag.py:3834} INFO - Setting next_dagrun for example_kubernetes_executor to None, run_after=None
[2024-07-09T13:19:50.735+0000] {processor.py:183} INFO - Processing /home/airflow/.local/lib/python3.11/site-packages/airflow/example_dags/example_kubernetes_executor.py took 0.069 seconds
[2024-07-09T13:20:21.435+0000] {processor.py:161} INFO - Started process (PID=1076) to work on /home/airflow/.local/lib/python3.11/site-packages/airflow/example_dags/example_kubernetes_executor.py
[2024-07-09T13:20:21.436+0000] {processor.py:830} INFO - Processing file /home/airflow/.local/lib/python3.11/site-packages/airflow/example_dags/example_kubernetes_executor.py for tasks to queue
[2024-07-09T13:20:21.436+0000] {logging_mixin.py:188} INFO - [2024-07-09T13:20:21.436+0000] {dagbag.py:540} INFO - Filling up the DagBag from /home/airflow/.local/lib/python3.11/site-packages/airflow/example_dags/example_kubernetes_executor.py
[2024-07-09T13:20:21.447+0000] {processor.py:840} INFO - DAG(s) 'example_kubernetes_executor' retrieved from /home/airflow/.local/lib/python3.11/site-packages/airflow/example_dags/example_kubernetes_executor.py
[2024-07-09T13:20:21.632+0000] {logging_mixin.py:188} INFO - [2024-07-09T13:20:21.632+0000] {dag.py:3047} INFO - Sync 1 DAGs
[2024-07-09T13:20:21.650+0000] {logging_mixin.py:188} INFO - [2024-07-09T13:20:21.650+0000] {dag.py:3834} INFO - Setting next_dagrun for example_kubernetes_executor to None, run_after=None
[2024-07-09T13:20:21.672+0000] {processor.py:183} INFO - Processing /home/airflow/.local/lib/python3.11/site-packages/airflow/example_dags/example_kubernetes_executor.py took 0.242 seconds
[2024-07-09T13:20:52.037+0000] {processor.py:161} INFO - Started process (PID=1344) to work on /home/airflow/.local/lib/python3.11/site-packages/airflow/example_dags/example_kubernetes_executor.py
[2024-07-09T13:20:52.038+0000] {processor.py:830} INFO - Processing file /home/airflow/.local/lib/python3.11/site-packages/airflow/example_dags/example_kubernetes_executor.py for tasks to queue
[2024-07-09T13:20:52.039+0000] {logging_mixin.py:188} INFO - [2024-07-09T13:20:52.038+0000] {dagbag.py:540} INFO - Filling up the DagBag from /home/airflow/.local/lib/python3.11/site-packages/airflow/example_dags/example_kubernetes_executor.py
[2024-07-09T13:20:52.050+0000] {processor.py:840} INFO - DAG(s) 'example_kubernetes_executor' retrieved from /home/airflow/.local/lib/python3.11/site-packages/airflow/example_dags/example_kubernetes_executor.py
[2024-07-09T13:20:52.087+0000] {logging_mixin.py:188} INFO - [2024-07-09T13:20:52.087+0000] {dag.py:3047} INFO - Sync 1 DAGs
[2024-07-09T13:20:52.104+0000] {logging_mixin.py:188} INFO - [2024-07-09T13:20:52.104+0000] {dag.py:3834} INFO - Setting next_dagrun for example_kubernetes_executor to None, run_after=None
[2024-07-09T13:20:52.128+0000] {processor.py:183} INFO - Processing /home/airflow/.local/lib/python3.11/site-packages/airflow/example_dags/example_kubernetes_executor.py took 0.094 seconds
[2024-07-09T13:21:22.955+0000] {processor.py:161} INFO - Started process (PID=1614) to work on /home/airflow/.local/lib/python3.11/site-packages/airflow/example_dags/example_kubernetes_executor.py
[2024-07-09T13:21:22.956+0000] {processor.py:830} INFO - Processing file /home/airflow/.local/lib/python3.11/site-packages/airflow/example_dags/example_kubernetes_executor.py for tasks to queue
[2024-07-09T13:21:22.957+0000] {logging_mixin.py:188} INFO - [2024-07-09T13:21:22.957+0000] {dagbag.py:540} INFO - Filling up the DagBag from /home/airflow/.local/lib/python3.11/site-packages/airflow/example_dags/example_kubernetes_executor.py
[2024-07-09T13:21:22.967+0000] {processor.py:840} INFO - DAG(s) 'example_kubernetes_executor' retrieved from /home/airflow/.local/lib/python3.11/site-packages/airflow/example_dags/example_kubernetes_executor.py
[2024-07-09T13:21:22.999+0000] {logging_mixin.py:188} INFO - [2024-07-09T13:21:22.999+0000] {dag.py:3047} INFO - Sync 1 DAGs
[2024-07-09T13:21:23.008+0000] {logging_mixin.py:188} INFO - [2024-07-09T13:21:23.008+0000] {dag.py:3834} INFO - Setting next_dagrun for example_kubernetes_executor to None, run_after=None
[2024-07-09T13:21:23.026+0000] {processor.py:183} INFO - Processing /home/airflow/.local/lib/python3.11/site-packages/airflow/example_dags/example_kubernetes_executor.py took 0.074 seconds
[2024-07-09T13:21:53.683+0000] {processor.py:161} INFO - Started process (PID=1884) to work on /home/airflow/.local/lib/python3.11/site-packages/airflow/example_dags/example_kubernetes_executor.py
[2024-07-09T13:21:53.684+0000] {processor.py:830} INFO - Processing file /home/airflow/.local/lib/python3.11/site-packages/airflow/example_dags/example_kubernetes_executor.py for tasks to queue
[2024-07-09T13:21:53.685+0000] {logging_mixin.py:188} INFO - [2024-07-09T13:21:53.684+0000] {dagbag.py:540} INFO - Filling up the DagBag from /home/airflow/.local/lib/python3.11/site-packages/airflow/example_dags/example_kubernetes_executor.py
[2024-07-09T13:21:53.694+0000] {processor.py:840} INFO - DAG(s) 'example_kubernetes_executor' retrieved from /home/airflow/.local/lib/python3.11/site-packages/airflow/example_dags/example_kubernetes_executor.py
[2024-07-09T13:21:53.727+0000] {logging_mixin.py:188} INFO - [2024-07-09T13:21:53.727+0000] {dag.py:3047} INFO - Sync 1 DAGs
[2024-07-09T13:21:53.736+0000] {logging_mixin.py:188} INFO - [2024-07-09T13:21:53.736+0000] {dag.py:3834} INFO - Setting next_dagrun for example_kubernetes_executor to None, run_after=None
[2024-07-09T13:21:53.752+0000] {processor.py:183} INFO - Processing /home/airflow/.local/lib/python3.11/site-packages/airflow/example_dags/example_kubernetes_executor.py took 0.072 seconds
[2024-07-09T13:22:24.386+0000] {processor.py:161} INFO - Started process (PID=2154) to work on /home/airflow/.local/lib/python3.11/site-packages/airflow/example_dags/example_kubernetes_executor.py
[2024-07-09T13:22:24.387+0000] {processor.py:830} INFO - Processing file /home/airflow/.local/lib/python3.11/site-packages/airflow/example_dags/example_kubernetes_executor.py for tasks to queue
[2024-07-09T13:22:24.387+0000] {logging_mixin.py:188} INFO - [2024-07-09T13:22:24.387+0000] {dagbag.py:540} INFO - Filling up the DagBag from /home/airflow/.local/lib/python3.11/site-packages/airflow/example_dags/example_kubernetes_executor.py
[2024-07-09T13:22:24.397+0000] {processor.py:840} INFO - DAG(s) 'example_kubernetes_executor' retrieved from /home/airflow/.local/lib/python3.11/site-packages/airflow/example_dags/example_kubernetes_executor.py
[2024-07-09T13:22:24.432+0000] {logging_mixin.py:188} INFO - [2024-07-09T13:22:24.432+0000] {dag.py:3047} INFO - Sync 1 DAGs
[2024-07-09T13:22:24.441+0000] {logging_mixin.py:188} INFO - [2024-07-09T13:22:24.441+0000] {dag.py:3834} INFO - Setting next_dagrun for example_kubernetes_executor to None, run_after=None
[2024-07-09T13:22:24.458+0000] {processor.py:183} INFO - Processing /home/airflow/.local/lib/python3.11/site-packages/airflow/example_dags/example_kubernetes_executor.py took 0.075 seconds
[2024-07-09T13:22:55.157+0000] {processor.py:161} INFO - Started process (PID=2424) to work on /home/airflow/.local/lib/python3.11/site-packages/airflow/example_dags/example_kubernetes_executor.py
[2024-07-09T13:22:55.158+0000] {processor.py:830} INFO - Processing file /home/airflow/.local/lib/python3.11/site-packages/airflow/example_dags/example_kubernetes_executor.py for tasks to queue
[2024-07-09T13:22:55.158+0000] {logging_mixin.py:188} INFO - [2024-07-09T13:22:55.158+0000] {dagbag.py:540} INFO - Filling up the DagBag from /home/airflow/.local/lib/python3.11/site-packages/airflow/example_dags/example_kubernetes_executor.py
[2024-07-09T13:22:55.168+0000] {processor.py:840} INFO - DAG(s) 'example_kubernetes_executor' retrieved from /home/airflow/.local/lib/python3.11/site-packages/airflow/example_dags/example_kubernetes_executor.py
[2024-07-09T13:22:55.201+0000] {logging_mixin.py:188} INFO - [2024-07-09T13:22:55.201+0000] {dag.py:3047} INFO - Sync 1 DAGs
[2024-07-09T13:22:55.211+0000] {logging_mixin.py:188} INFO - [2024-07-09T13:22:55.211+0000] {dag.py:3834} INFO - Setting next_dagrun for example_kubernetes_executor to None, run_after=None
[2024-07-09T13:22:55.228+0000] {processor.py:183} INFO - Processing /home/airflow/.local/lib/python3.11/site-packages/airflow/example_dags/example_kubernetes_executor.py took 0.074 seconds
[2024-07-09T13:23:25.908+0000] {processor.py:161} INFO - Started process (PID=2694) to work on /home/airflow/.local/lib/python3.11/site-packages/airflow/example_dags/example_kubernetes_executor.py
[2024-07-09T13:23:25.909+0000] {processor.py:830} INFO - Processing file /home/airflow/.local/lib/python3.11/site-packages/airflow/example_dags/example_kubernetes_executor.py for tasks to queue
[2024-07-09T13:23:25.910+0000] {logging_mixin.py:188} INFO - [2024-07-09T13:23:25.910+0000] {dagbag.py:540} INFO - Filling up the DagBag from /home/airflow/.local/lib/python3.11/site-packages/airflow/example_dags/example_kubernetes_executor.py
[2024-07-09T13:23:25.921+0000] {processor.py:840} INFO - DAG(s) 'example_kubernetes_executor' retrieved from /home/airflow/.local/lib/python3.11/site-packages/airflow/example_dags/example_kubernetes_executor.py
[2024-07-09T13:23:25.959+0000] {logging_mixin.py:188} INFO - [2024-07-09T13:23:25.959+0000] {dag.py:3047} INFO - Sync 1 DAGs
[2024-07-09T13:23:25.969+0000] {logging_mixin.py:188} INFO - [2024-07-09T13:23:25.969+0000] {dag.py:3834} INFO - Setting next_dagrun for example_kubernetes_executor to None, run_after=None
[2024-07-09T13:23:25.986+0000] {processor.py:183} INFO - Processing /home/airflow/.local/lib/python3.11/site-packages/airflow/example_dags/example_kubernetes_executor.py took 0.080 seconds
[2024-07-09T13:23:56.679+0000] {processor.py:161} INFO - Started process (PID=2964) to work on /home/airflow/.local/lib/python3.11/site-packages/airflow/example_dags/example_kubernetes_executor.py
[2024-07-09T13:23:56.680+0000] {processor.py:830} INFO - Processing file /home/airflow/.local/lib/python3.11/site-packages/airflow/example_dags/example_kubernetes_executor.py for tasks to queue
[2024-07-09T13:23:56.681+0000] {logging_mixin.py:188} INFO - [2024-07-09T13:23:56.681+0000] {dagbag.py:540} INFO - Filling up the DagBag from /home/airflow/.local/lib/python3.11/site-packages/airflow/example_dags/example_kubernetes_executor.py
[2024-07-09T13:23:56.691+0000] {processor.py:840} INFO - DAG(s) 'example_kubernetes_executor' retrieved from /home/airflow/.local/lib/python3.11/site-packages/airflow/example_dags/example_kubernetes_executor.py
[2024-07-09T13:23:56.724+0000] {logging_mixin.py:188} INFO - [2024-07-09T13:23:56.724+0000] {dag.py:3047} INFO - Sync 1 DAGs
[2024-07-09T13:23:56.733+0000] {logging_mixin.py:188} INFO - [2024-07-09T13:23:56.733+0000] {dag.py:3834} INFO - Setting next_dagrun for example_kubernetes_executor to None, run_after=None
[2024-07-09T13:23:56.751+0000] {processor.py:183} INFO - Processing /home/airflow/.local/lib/python3.11/site-packages/airflow/example_dags/example_kubernetes_executor.py took 0.074 seconds
[2024-07-09T13:24:27.314+0000] {processor.py:161} INFO - Started process (PID=3234) to work on /home/airflow/.local/lib/python3.11/site-packages/airflow/example_dags/example_kubernetes_executor.py
[2024-07-09T13:24:27.315+0000] {processor.py:830} INFO - Processing file /home/airflow/.local/lib/python3.11/site-packages/airflow/example_dags/example_kubernetes_executor.py for tasks to queue
[2024-07-09T13:24:27.315+0000] {logging_mixin.py:188} INFO - [2024-07-09T13:24:27.315+0000] {dagbag.py:540} INFO - Filling up the DagBag from /home/airflow/.local/lib/python3.11/site-packages/airflow/example_dags/example_kubernetes_executor.py
[2024-07-09T13:24:27.325+0000] {processor.py:840} INFO - DAG(s) 'example_kubernetes_executor' retrieved from /home/airflow/.local/lib/python3.11/site-packages/airflow/example_dags/example_kubernetes_executor.py
[2024-07-09T13:24:27.357+0000] {logging_mixin.py:188} INFO - [2024-07-09T13:24:27.357+0000] {dag.py:3047} INFO - Sync 1 DAGs
[2024-07-09T13:24:27.366+0000] {logging_mixin.py:188} INFO - [2024-07-09T13:24:27.366+0000] {dag.py:3834} INFO - Setting next_dagrun for example_kubernetes_executor to None, run_after=None
[2024-07-09T13:24:27.384+0000] {processor.py:183} INFO - Processing /home/airflow/.local/lib/python3.11/site-packages/airflow/example_dags/example_kubernetes_executor.py took 0.073 seconds
[2024-07-09T13:24:58.072+0000] {processor.py:161} INFO - Started process (PID=3504) to work on /home/airflow/.local/lib/python3.11/site-packages/airflow/example_dags/example_kubernetes_executor.py
[2024-07-09T13:24:58.073+0000] {processor.py:830} INFO - Processing file /home/airflow/.local/lib/python3.11/site-packages/airflow/example_dags/example_kubernetes_executor.py for tasks to queue
[2024-07-09T13:24:58.074+0000] {logging_mixin.py:188} INFO - [2024-07-09T13:24:58.074+0000] {dagbag.py:540} INFO - Filling up the DagBag from /home/airflow/.local/lib/python3.11/site-packages/airflow/example_dags/example_kubernetes_executor.py
[2024-07-09T13:24:58.084+0000] {processor.py:840} INFO - DAG(s) 'example_kubernetes_executor' retrieved from /home/airflow/.local/lib/python3.11/site-packages/airflow/example_dags/example_kubernetes_executor.py
[2024-07-09T13:24:58.116+0000] {logging_mixin.py:188} INFO - [2024-07-09T13:24:58.115+0000] {dag.py:3047} INFO - Sync 1 DAGs
[2024-07-09T13:24:58.125+0000] {logging_mixin.py:188} INFO - [2024-07-09T13:24:58.125+0000] {dag.py:3834} INFO - Setting next_dagrun for example_kubernetes_executor to None, run_after=None
[2024-07-09T13:24:58.141+0000] {processor.py:183} INFO - Processing /home/airflow/.local/lib/python3.11/site-packages/airflow/example_dags/example_kubernetes_executor.py took 0.071 seconds
[2024-07-09T13:26:09.583+0000] {processor.py:161} INFO - Started process (PID=265) to work on /home/airflow/.local/lib/python3.11/site-packages/airflow/example_dags/example_kubernetes_executor.py
[2024-07-09T13:26:09.584+0000] {processor.py:830} INFO - Processing file /home/airflow/.local/lib/python3.11/site-packages/airflow/example_dags/example_kubernetes_executor.py for tasks to queue
[2024-07-09T13:26:09.585+0000] {logging_mixin.py:188} INFO - [2024-07-09T13:26:09.585+0000] {dagbag.py:540} INFO - Filling up the DagBag from /home/airflow/.local/lib/python3.11/site-packages/airflow/example_dags/example_kubernetes_executor.py
[2024-07-09T13:26:09.598+0000] {processor.py:840} INFO - DAG(s) 'example_kubernetes_executor' retrieved from /home/airflow/.local/lib/python3.11/site-packages/airflow/example_dags/example_kubernetes_executor.py
[2024-07-09T13:26:09.716+0000] {logging_mixin.py:188} INFO - [2024-07-09T13:26:09.716+0000] {override.py:1769} INFO - Created Permission View: can delete on DAG:example_kubernetes_executor
[2024-07-09T13:26:09.726+0000] {logging_mixin.py:188} INFO - [2024-07-09T13:26:09.725+0000] {override.py:1769} INFO - Created Permission View: can read on DAG:example_kubernetes_executor
[2024-07-09T13:26:09.731+0000] {logging_mixin.py:188} INFO - [2024-07-09T13:26:09.731+0000] {override.py:1769} INFO - Created Permission View: can edit on DAG:example_kubernetes_executor
[2024-07-09T13:26:09.732+0000] {logging_mixin.py:188} INFO - [2024-07-09T13:26:09.732+0000] {dag.py:3047} INFO - Sync 1 DAGs
[2024-07-09T13:26:09.740+0000] {logging_mixin.py:188} INFO - [2024-07-09T13:26:09.740+0000] {dag.py:3069} INFO - Creating ORM DAG for example_kubernetes_executor
[2024-07-09T13:26:09.741+0000] {logging_mixin.py:188} INFO - [2024-07-09T13:26:09.741+0000] {dag.py:3834} INFO - Setting next_dagrun for example_kubernetes_executor to None, run_after=None
[2024-07-09T13:26:09.755+0000] {processor.py:183} INFO - Processing /home/airflow/.local/lib/python3.11/site-packages/airflow/example_dags/example_kubernetes_executor.py took 0.175 seconds
[2024-07-09T13:26:39.908+0000] {processor.py:161} INFO - Started process (PID=535) to work on /home/airflow/.local/lib/python3.11/site-packages/airflow/example_dags/example_kubernetes_executor.py
[2024-07-09T13:26:39.909+0000] {processor.py:830} INFO - Processing file /home/airflow/.local/lib/python3.11/site-packages/airflow/example_dags/example_kubernetes_executor.py for tasks to queue
[2024-07-09T13:26:39.910+0000] {logging_mixin.py:188} INFO - [2024-07-09T13:26:39.910+0000] {dagbag.py:540} INFO - Filling up the DagBag from /home/airflow/.local/lib/python3.11/site-packages/airflow/example_dags/example_kubernetes_executor.py
[2024-07-09T13:26:39.919+0000] {processor.py:840} INFO - DAG(s) 'example_kubernetes_executor' retrieved from /home/airflow/.local/lib/python3.11/site-packages/airflow/example_dags/example_kubernetes_executor.py
[2024-07-09T13:26:39.951+0000] {logging_mixin.py:188} INFO - [2024-07-09T13:26:39.951+0000] {dag.py:3047} INFO - Sync 1 DAGs
[2024-07-09T13:26:39.960+0000] {logging_mixin.py:188} INFO - [2024-07-09T13:26:39.960+0000] {dag.py:3834} INFO - Setting next_dagrun for example_kubernetes_executor to None, run_after=None
[2024-07-09T13:26:39.977+0000] {processor.py:183} INFO - Processing /home/airflow/.local/lib/python3.11/site-packages/airflow/example_dags/example_kubernetes_executor.py took 0.071 seconds
[2024-07-09T13:27:10.301+0000] {processor.py:161} INFO - Started process (PID=805) to work on /home/airflow/.local/lib/python3.11/site-packages/airflow/example_dags/example_kubernetes_executor.py
[2024-07-09T13:27:10.302+0000] {processor.py:830} INFO - Processing file /home/airflow/.local/lib/python3.11/site-packages/airflow/example_dags/example_kubernetes_executor.py for tasks to queue
[2024-07-09T13:27:10.303+0000] {logging_mixin.py:188} INFO - [2024-07-09T13:27:10.303+0000] {dagbag.py:540} INFO - Filling up the DagBag from /home/airflow/.local/lib/python3.11/site-packages/airflow/example_dags/example_kubernetes_executor.py
[2024-07-09T13:27:10.313+0000] {processor.py:840} INFO - DAG(s) 'example_kubernetes_executor' retrieved from /home/airflow/.local/lib/python3.11/site-packages/airflow/example_dags/example_kubernetes_executor.py
[2024-07-09T13:27:10.348+0000] {logging_mixin.py:188} INFO - [2024-07-09T13:27:10.348+0000] {dag.py:3047} INFO - Sync 1 DAGs
[2024-07-09T13:27:10.359+0000] {logging_mixin.py:188} INFO - [2024-07-09T13:27:10.358+0000] {dag.py:3834} INFO - Setting next_dagrun for example_kubernetes_executor to None, run_after=None
[2024-07-09T13:27:10.374+0000] {processor.py:183} INFO - Processing /home/airflow/.local/lib/python3.11/site-packages/airflow/example_dags/example_kubernetes_executor.py took 0.076 seconds
[2024-07-09T13:27:41.431+0000] {processor.py:161} INFO - Started process (PID=1075) to work on /home/airflow/.local/lib/python3.11/site-packages/airflow/example_dags/example_kubernetes_executor.py
[2024-07-09T13:27:41.432+0000] {processor.py:830} INFO - Processing file /home/airflow/.local/lib/python3.11/site-packages/airflow/example_dags/example_kubernetes_executor.py for tasks to queue
[2024-07-09T13:27:41.433+0000] {logging_mixin.py:188} INFO - [2024-07-09T13:27:41.433+0000] {dagbag.py:540} INFO - Filling up the DagBag from /home/airflow/.local/lib/python3.11/site-packages/airflow/example_dags/example_kubernetes_executor.py
[2024-07-09T13:27:41.443+0000] {processor.py:840} INFO - DAG(s) 'example_kubernetes_executor' retrieved from /home/airflow/.local/lib/python3.11/site-packages/airflow/example_dags/example_kubernetes_executor.py
[2024-07-09T13:27:41.584+0000] {logging_mixin.py:188} INFO - [2024-07-09T13:27:41.584+0000] {dag.py:3047} INFO - Sync 1 DAGs
[2024-07-09T13:27:41.594+0000] {logging_mixin.py:188} INFO - [2024-07-09T13:27:41.594+0000] {dag.py:3834} INFO - Setting next_dagrun for example_kubernetes_executor to None, run_after=None
[2024-07-09T13:27:41.612+0000] {processor.py:183} INFO - Processing /home/airflow/.local/lib/python3.11/site-packages/airflow/example_dags/example_kubernetes_executor.py took 0.183 seconds
[2024-07-09T13:28:12.009+0000] {processor.py:161} INFO - Started process (PID=1345) to work on /home/airflow/.local/lib/python3.11/site-packages/airflow/example_dags/example_kubernetes_executor.py
[2024-07-09T13:28:12.010+0000] {processor.py:830} INFO - Processing file /home/airflow/.local/lib/python3.11/site-packages/airflow/example_dags/example_kubernetes_executor.py for tasks to queue
[2024-07-09T13:28:12.011+0000] {logging_mixin.py:188} INFO - [2024-07-09T13:28:12.011+0000] {dagbag.py:540} INFO - Filling up the DagBag from /home/airflow/.local/lib/python3.11/site-packages/airflow/example_dags/example_kubernetes_executor.py
[2024-07-09T13:28:12.021+0000] {processor.py:840} INFO - DAG(s) 'example_kubernetes_executor' retrieved from /home/airflow/.local/lib/python3.11/site-packages/airflow/example_dags/example_kubernetes_executor.py
[2024-07-09T13:28:12.055+0000] {logging_mixin.py:188} INFO - [2024-07-09T13:28:12.055+0000] {dag.py:3047} INFO - Sync 1 DAGs
[2024-07-09T13:28:12.065+0000] {logging_mixin.py:188} INFO - [2024-07-09T13:28:12.065+0000] {dag.py:3834} INFO - Setting next_dagrun for example_kubernetes_executor to None, run_after=None
[2024-07-09T13:28:12.082+0000] {processor.py:183} INFO - Processing /home/airflow/.local/lib/python3.11/site-packages/airflow/example_dags/example_kubernetes_executor.py took 0.075 seconds
[2024-07-09T13:28:42.542+0000] {processor.py:161} INFO - Started process (PID=1615) to work on /home/airflow/.local/lib/python3.11/site-packages/airflow/example_dags/example_kubernetes_executor.py
[2024-07-09T13:28:42.544+0000] {processor.py:830} INFO - Processing file /home/airflow/.local/lib/python3.11/site-packages/airflow/example_dags/example_kubernetes_executor.py for tasks to queue
[2024-07-09T13:28:42.545+0000] {logging_mixin.py:188} INFO - [2024-07-09T13:28:42.544+0000] {dagbag.py:540} INFO - Filling up the DagBag from /home/airflow/.local/lib/python3.11/site-packages/airflow/example_dags/example_kubernetes_executor.py
[2024-07-09T13:28:42.555+0000] {processor.py:840} INFO - DAG(s) 'example_kubernetes_executor' retrieved from /home/airflow/.local/lib/python3.11/site-packages/airflow/example_dags/example_kubernetes_executor.py
[2024-07-09T13:28:42.595+0000] {logging_mixin.py:188} INFO - [2024-07-09T13:28:42.594+0000] {dag.py:3047} INFO - Sync 1 DAGs
[2024-07-09T13:28:42.608+0000] {logging_mixin.py:188} INFO - [2024-07-09T13:28:42.608+0000] {dag.py:3834} INFO - Setting next_dagrun for example_kubernetes_executor to None, run_after=None
[2024-07-09T13:28:42.625+0000] {processor.py:183} INFO - Processing /home/airflow/.local/lib/python3.11/site-packages/airflow/example_dags/example_kubernetes_executor.py took 0.087 seconds
[2024-07-09T13:29:12.901+0000] {processor.py:161} INFO - Started process (PID=1885) to work on /home/airflow/.local/lib/python3.11/site-packages/airflow/example_dags/example_kubernetes_executor.py
[2024-07-09T13:29:12.902+0000] {processor.py:830} INFO - Processing file /home/airflow/.local/lib/python3.11/site-packages/airflow/example_dags/example_kubernetes_executor.py for tasks to queue
[2024-07-09T13:29:12.903+0000] {logging_mixin.py:188} INFO - [2024-07-09T13:29:12.903+0000] {dagbag.py:540} INFO - Filling up the DagBag from /home/airflow/.local/lib/python3.11/site-packages/airflow/example_dags/example_kubernetes_executor.py
[2024-07-09T13:29:12.913+0000] {processor.py:840} INFO - DAG(s) 'example_kubernetes_executor' retrieved from /home/airflow/.local/lib/python3.11/site-packages/airflow/example_dags/example_kubernetes_executor.py
[2024-07-09T13:29:12.948+0000] {logging_mixin.py:188} INFO - [2024-07-09T13:29:12.948+0000] {dag.py:3047} INFO - Sync 1 DAGs
[2024-07-09T13:29:12.959+0000] {logging_mixin.py:188} INFO - [2024-07-09T13:29:12.959+0000] {dag.py:3834} INFO - Setting next_dagrun for example_kubernetes_executor to None, run_after=None
[2024-07-09T13:29:12.976+0000] {processor.py:183} INFO - Processing /home/airflow/.local/lib/python3.11/site-packages/airflow/example_dags/example_kubernetes_executor.py took 0.077 seconds
[2024-07-09T13:29:43.239+0000] {processor.py:161} INFO - Started process (PID=2155) to work on /home/airflow/.local/lib/python3.11/site-packages/airflow/example_dags/example_kubernetes_executor.py
[2024-07-09T13:29:43.240+0000] {processor.py:830} INFO - Processing file /home/airflow/.local/lib/python3.11/site-packages/airflow/example_dags/example_kubernetes_executor.py for tasks to queue
[2024-07-09T13:29:43.241+0000] {logging_mixin.py:188} INFO - [2024-07-09T13:29:43.240+0000] {dagbag.py:540} INFO - Filling up the DagBag from /home/airflow/.local/lib/python3.11/site-packages/airflow/example_dags/example_kubernetes_executor.py
[2024-07-09T13:29:43.253+0000] {processor.py:840} INFO - DAG(s) 'example_kubernetes_executor' retrieved from /home/airflow/.local/lib/python3.11/site-packages/airflow/example_dags/example_kubernetes_executor.py
[2024-07-09T13:29:43.286+0000] {logging_mixin.py:188} INFO - [2024-07-09T13:29:43.286+0000] {dag.py:3047} INFO - Sync 1 DAGs
[2024-07-09T13:29:43.295+0000] {logging_mixin.py:188} INFO - [2024-07-09T13:29:43.295+0000] {dag.py:3834} INFO - Setting next_dagrun for example_kubernetes_executor to None, run_after=None
[2024-07-09T13:29:43.310+0000] {processor.py:183} INFO - Processing /home/airflow/.local/lib/python3.11/site-packages/airflow/example_dags/example_kubernetes_executor.py took 0.075 seconds
[2024-07-09T13:31:37.945+0000] {processor.py:161} INFO - Started process (PID=266) to work on /home/airflow/.local/lib/python3.11/site-packages/airflow/example_dags/example_kubernetes_executor.py
[2024-07-09T13:31:37.946+0000] {processor.py:830} INFO - Processing file /home/airflow/.local/lib/python3.11/site-packages/airflow/example_dags/example_kubernetes_executor.py for tasks to queue
[2024-07-09T13:31:37.947+0000] {logging_mixin.py:188} INFO - [2024-07-09T13:31:37.947+0000] {dagbag.py:540} INFO - Filling up the DagBag from /home/airflow/.local/lib/python3.11/site-packages/airflow/example_dags/example_kubernetes_executor.py
[2024-07-09T13:31:37.959+0000] {processor.py:840} INFO - DAG(s) 'example_kubernetes_executor' retrieved from /home/airflow/.local/lib/python3.11/site-packages/airflow/example_dags/example_kubernetes_executor.py
[2024-07-09T13:31:38.059+0000] {logging_mixin.py:188} INFO - [2024-07-09T13:31:38.058+0000] {override.py:1769} INFO - Created Permission View: can edit on DAG:example_kubernetes_executor
[2024-07-09T13:31:38.068+0000] {logging_mixin.py:188} INFO - [2024-07-09T13:31:38.068+0000] {override.py:1769} INFO - Created Permission View: can delete on DAG:example_kubernetes_executor
[2024-07-09T13:31:38.075+0000] {logging_mixin.py:188} INFO - [2024-07-09T13:31:38.074+0000] {override.py:1769} INFO - Created Permission View: can read on DAG:example_kubernetes_executor
[2024-07-09T13:31:38.075+0000] {logging_mixin.py:188} INFO - [2024-07-09T13:31:38.075+0000] {dag.py:3047} INFO - Sync 1 DAGs
[2024-07-09T13:31:38.084+0000] {logging_mixin.py:188} INFO - [2024-07-09T13:31:38.084+0000] {dag.py:3069} INFO - Creating ORM DAG for example_kubernetes_executor
[2024-07-09T13:31:38.085+0000] {logging_mixin.py:188} INFO - [2024-07-09T13:31:38.084+0000] {dag.py:3834} INFO - Setting next_dagrun for example_kubernetes_executor to None, run_after=None
[2024-07-09T13:31:38.106+0000] {processor.py:183} INFO - Processing /home/airflow/.local/lib/python3.11/site-packages/airflow/example_dags/example_kubernetes_executor.py took 0.163 seconds
[2024-07-09T13:32:08.430+0000] {processor.py:161} INFO - Started process (PID=534) to work on /home/airflow/.local/lib/python3.11/site-packages/airflow/example_dags/example_kubernetes_executor.py
[2024-07-09T13:32:08.431+0000] {processor.py:830} INFO - Processing file /home/airflow/.local/lib/python3.11/site-packages/airflow/example_dags/example_kubernetes_executor.py for tasks to queue
[2024-07-09T13:32:08.432+0000] {logging_mixin.py:188} INFO - [2024-07-09T13:32:08.431+0000] {dagbag.py:540} INFO - Filling up the DagBag from /home/airflow/.local/lib/python3.11/site-packages/airflow/example_dags/example_kubernetes_executor.py
[2024-07-09T13:32:08.441+0000] {processor.py:840} INFO - DAG(s) 'example_kubernetes_executor' retrieved from /home/airflow/.local/lib/python3.11/site-packages/airflow/example_dags/example_kubernetes_executor.py
[2024-07-09T13:32:08.474+0000] {logging_mixin.py:188} INFO - [2024-07-09T13:32:08.474+0000] {dag.py:3047} INFO - Sync 1 DAGs
[2024-07-09T13:32:08.486+0000] {logging_mixin.py:188} INFO - [2024-07-09T13:32:08.485+0000] {dag.py:3834} INFO - Setting next_dagrun for example_kubernetes_executor to None, run_after=None
[2024-07-09T13:32:08.502+0000] {processor.py:183} INFO - Processing /home/airflow/.local/lib/python3.11/site-packages/airflow/example_dags/example_kubernetes_executor.py took 0.075 seconds
[2024-07-09T13:32:38.572+0000] {processor.py:161} INFO - Started process (PID=799) to work on /home/airflow/.local/lib/python3.11/site-packages/airflow/example_dags/example_kubernetes_executor.py
[2024-07-09T13:32:38.573+0000] {processor.py:830} INFO - Processing file /home/airflow/.local/lib/python3.11/site-packages/airflow/example_dags/example_kubernetes_executor.py for tasks to queue
[2024-07-09T13:32:38.574+0000] {logging_mixin.py:188} INFO - [2024-07-09T13:32:38.574+0000] {dagbag.py:540} INFO - Filling up the DagBag from /home/airflow/.local/lib/python3.11/site-packages/airflow/example_dags/example_kubernetes_executor.py
[2024-07-09T13:32:38.584+0000] {processor.py:840} INFO - DAG(s) 'example_kubernetes_executor' retrieved from /home/airflow/.local/lib/python3.11/site-packages/airflow/example_dags/example_kubernetes_executor.py
[2024-07-09T13:32:38.617+0000] {logging_mixin.py:188} INFO - [2024-07-09T13:32:38.617+0000] {dag.py:3047} INFO - Sync 1 DAGs
[2024-07-09T13:32:38.627+0000] {logging_mixin.py:188} INFO - [2024-07-09T13:32:38.626+0000] {dag.py:3834} INFO - Setting next_dagrun for example_kubernetes_executor to None, run_after=None
[2024-07-09T13:32:38.644+0000] {processor.py:183} INFO - Processing /home/airflow/.local/lib/python3.11/site-packages/airflow/example_dags/example_kubernetes_executor.py took 0.075 seconds
[2024-07-09T13:33:09.353+0000] {processor.py:161} INFO - Started process (PID=1069) to work on /home/airflow/.local/lib/python3.11/site-packages/airflow/example_dags/example_kubernetes_executor.py
[2024-07-09T13:33:09.354+0000] {processor.py:830} INFO - Processing file /home/airflow/.local/lib/python3.11/site-packages/airflow/example_dags/example_kubernetes_executor.py for tasks to queue
[2024-07-09T13:33:09.354+0000] {logging_mixin.py:188} INFO - [2024-07-09T13:33:09.354+0000] {dagbag.py:540} INFO - Filling up the DagBag from /home/airflow/.local/lib/python3.11/site-packages/airflow/example_dags/example_kubernetes_executor.py
[2024-07-09T13:33:09.364+0000] {processor.py:840} INFO - DAG(s) 'example_kubernetes_executor' retrieved from /home/airflow/.local/lib/python3.11/site-packages/airflow/example_dags/example_kubernetes_executor.py
[2024-07-09T13:33:09.509+0000] {logging_mixin.py:188} INFO - [2024-07-09T13:33:09.509+0000] {dag.py:3047} INFO - Sync 1 DAGs
[2024-07-09T13:33:09.518+0000] {logging_mixin.py:188} INFO - [2024-07-09T13:33:09.517+0000] {dag.py:3834} INFO - Setting next_dagrun for example_kubernetes_executor to None, run_after=None
[2024-07-09T13:33:09.533+0000] {processor.py:183} INFO - Processing /home/airflow/.local/lib/python3.11/site-packages/airflow/example_dags/example_kubernetes_executor.py took 0.184 seconds
[2024-07-09T13:33:40.444+0000] {processor.py:161} INFO - Started process (PID=1344) to work on /home/airflow/.local/lib/python3.11/site-packages/airflow/example_dags/example_kubernetes_executor.py
[2024-07-09T13:33:40.445+0000] {processor.py:830} INFO - Processing file /home/airflow/.local/lib/python3.11/site-packages/airflow/example_dags/example_kubernetes_executor.py for tasks to queue
[2024-07-09T13:33:40.446+0000] {logging_mixin.py:188} INFO - [2024-07-09T13:33:40.446+0000] {dagbag.py:540} INFO - Filling up the DagBag from /home/airflow/.local/lib/python3.11/site-packages/airflow/example_dags/example_kubernetes_executor.py
[2024-07-09T13:33:40.456+0000] {processor.py:840} INFO - DAG(s) 'example_kubernetes_executor' retrieved from /home/airflow/.local/lib/python3.11/site-packages/airflow/example_dags/example_kubernetes_executor.py
[2024-07-09T13:33:40.489+0000] {logging_mixin.py:188} INFO - [2024-07-09T13:33:40.489+0000] {dag.py:3047} INFO - Sync 1 DAGs
[2024-07-09T13:33:40.501+0000] {logging_mixin.py:188} INFO - [2024-07-09T13:33:40.501+0000] {dag.py:3834} INFO - Setting next_dagrun for example_kubernetes_executor to None, run_after=None
[2024-07-09T13:33:40.518+0000] {processor.py:183} INFO - Processing /home/airflow/.local/lib/python3.11/site-packages/airflow/example_dags/example_kubernetes_executor.py took 0.076 seconds
[2024-07-09T13:34:10.772+0000] {processor.py:161} INFO - Started process (PID=1614) to work on /home/airflow/.local/lib/python3.11/site-packages/airflow/example_dags/example_kubernetes_executor.py
[2024-07-09T13:34:10.773+0000] {processor.py:830} INFO - Processing file /home/airflow/.local/lib/python3.11/site-packages/airflow/example_dags/example_kubernetes_executor.py for tasks to queue
[2024-07-09T13:34:10.774+0000] {logging_mixin.py:188} INFO - [2024-07-09T13:34:10.774+0000] {dagbag.py:540} INFO - Filling up the DagBag from /home/airflow/.local/lib/python3.11/site-packages/airflow/example_dags/example_kubernetes_executor.py
[2024-07-09T13:34:10.787+0000] {processor.py:840} INFO - DAG(s) 'example_kubernetes_executor' retrieved from /home/airflow/.local/lib/python3.11/site-packages/airflow/example_dags/example_kubernetes_executor.py
[2024-07-09T13:34:10.820+0000] {logging_mixin.py:188} INFO - [2024-07-09T13:34:10.820+0000] {dag.py:3047} INFO - Sync 1 DAGs
[2024-07-09T13:34:10.830+0000] {logging_mixin.py:188} INFO - [2024-07-09T13:34:10.830+0000] {dag.py:3834} INFO - Setting next_dagrun for example_kubernetes_executor to None, run_after=None
[2024-07-09T13:34:10.849+0000] {processor.py:183} INFO - Processing /home/airflow/.local/lib/python3.11/site-packages/airflow/example_dags/example_kubernetes_executor.py took 0.079 seconds
[2024-07-09T13:34:41.033+0000] {processor.py:161} INFO - Started process (PID=1884) to work on /home/airflow/.local/lib/python3.11/site-packages/airflow/example_dags/example_kubernetes_executor.py
[2024-07-09T13:34:41.034+0000] {processor.py:830} INFO - Processing file /home/airflow/.local/lib/python3.11/site-packages/airflow/example_dags/example_kubernetes_executor.py for tasks to queue
[2024-07-09T13:34:41.035+0000] {logging_mixin.py:188} INFO - [2024-07-09T13:34:41.034+0000] {dagbag.py:540} INFO - Filling up the DagBag from /home/airflow/.local/lib/python3.11/site-packages/airflow/example_dags/example_kubernetes_executor.py
[2024-07-09T13:34:41.045+0000] {processor.py:840} INFO - DAG(s) 'example_kubernetes_executor' retrieved from /home/airflow/.local/lib/python3.11/site-packages/airflow/example_dags/example_kubernetes_executor.py
[2024-07-09T13:34:41.077+0000] {logging_mixin.py:188} INFO - [2024-07-09T13:34:41.077+0000] {dag.py:3047} INFO - Sync 1 DAGs
[2024-07-09T13:34:41.086+0000] {logging_mixin.py:188} INFO - [2024-07-09T13:34:41.086+0000] {dag.py:3834} INFO - Setting next_dagrun for example_kubernetes_executor to None, run_after=None
[2024-07-09T13:34:41.101+0000] {processor.py:183} INFO - Processing /home/airflow/.local/lib/python3.11/site-packages/airflow/example_dags/example_kubernetes_executor.py took 0.071 seconds
[2024-07-09T13:35:11.390+0000] {processor.py:161} INFO - Started process (PID=2154) to work on /home/airflow/.local/lib/python3.11/site-packages/airflow/example_dags/example_kubernetes_executor.py
[2024-07-09T13:35:11.391+0000] {processor.py:830} INFO - Processing file /home/airflow/.local/lib/python3.11/site-packages/airflow/example_dags/example_kubernetes_executor.py for tasks to queue
[2024-07-09T13:35:11.392+0000] {logging_mixin.py:188} INFO - [2024-07-09T13:35:11.392+0000] {dagbag.py:540} INFO - Filling up the DagBag from /home/airflow/.local/lib/python3.11/site-packages/airflow/example_dags/example_kubernetes_executor.py
[2024-07-09T13:35:11.402+0000] {processor.py:840} INFO - DAG(s) 'example_kubernetes_executor' retrieved from /home/airflow/.local/lib/python3.11/site-packages/airflow/example_dags/example_kubernetes_executor.py
[2024-07-09T13:35:11.434+0000] {logging_mixin.py:188} INFO - [2024-07-09T13:35:11.434+0000] {dag.py:3047} INFO - Sync 1 DAGs
[2024-07-09T13:35:11.444+0000] {logging_mixin.py:188} INFO - [2024-07-09T13:35:11.444+0000] {dag.py:3834} INFO - Setting next_dagrun for example_kubernetes_executor to None, run_after=None
[2024-07-09T13:35:11.459+0000] {processor.py:183} INFO - Processing /home/airflow/.local/lib/python3.11/site-packages/airflow/example_dags/example_kubernetes_executor.py took 0.072 seconds
[2024-07-09T13:35:41.729+0000] {processor.py:161} INFO - Started process (PID=2424) to work on /home/airflow/.local/lib/python3.11/site-packages/airflow/example_dags/example_kubernetes_executor.py
[2024-07-09T13:35:41.730+0000] {processor.py:830} INFO - Processing file /home/airflow/.local/lib/python3.11/site-packages/airflow/example_dags/example_kubernetes_executor.py for tasks to queue
[2024-07-09T13:35:41.731+0000] {logging_mixin.py:188} INFO - [2024-07-09T13:35:41.730+0000] {dagbag.py:540} INFO - Filling up the DagBag from /home/airflow/.local/lib/python3.11/site-packages/airflow/example_dags/example_kubernetes_executor.py
[2024-07-09T13:35:41.743+0000] {processor.py:840} INFO - DAG(s) 'example_kubernetes_executor' retrieved from /home/airflow/.local/lib/python3.11/site-packages/airflow/example_dags/example_kubernetes_executor.py
[2024-07-09T13:35:41.779+0000] {logging_mixin.py:188} INFO - [2024-07-09T13:35:41.778+0000] {dag.py:3047} INFO - Sync 1 DAGs
[2024-07-09T13:35:41.788+0000] {logging_mixin.py:188} INFO - [2024-07-09T13:35:41.788+0000] {dag.py:3834} INFO - Setting next_dagrun for example_kubernetes_executor to None, run_after=None
[2024-07-09T13:35:41.804+0000] {processor.py:183} INFO - Processing /home/airflow/.local/lib/python3.11/site-packages/airflow/example_dags/example_kubernetes_executor.py took 0.078 seconds
[2024-07-09T13:36:12.029+0000] {processor.py:161} INFO - Started process (PID=2681) to work on /home/airflow/.local/lib/python3.11/site-packages/airflow/example_dags/example_kubernetes_executor.py
[2024-07-09T13:36:12.030+0000] {processor.py:830} INFO - Processing file /home/airflow/.local/lib/python3.11/site-packages/airflow/example_dags/example_kubernetes_executor.py for tasks to queue
[2024-07-09T13:36:12.031+0000] {logging_mixin.py:188} INFO - [2024-07-09T13:36:12.030+0000] {dagbag.py:540} INFO - Filling up the DagBag from /home/airflow/.local/lib/python3.11/site-packages/airflow/example_dags/example_kubernetes_executor.py
[2024-07-09T13:36:12.041+0000] {processor.py:840} INFO - DAG(s) 'example_kubernetes_executor' retrieved from /home/airflow/.local/lib/python3.11/site-packages/airflow/example_dags/example_kubernetes_executor.py
[2024-07-09T13:36:12.074+0000] {logging_mixin.py:188} INFO - [2024-07-09T13:36:12.074+0000] {dag.py:3047} INFO - Sync 1 DAGs
[2024-07-09T13:36:12.084+0000] {logging_mixin.py:188} INFO - [2024-07-09T13:36:12.084+0000] {dag.py:3834} INFO - Setting next_dagrun for example_kubernetes_executor to None, run_after=None
[2024-07-09T13:36:12.099+0000] {processor.py:183} INFO - Processing /home/airflow/.local/lib/python3.11/site-packages/airflow/example_dags/example_kubernetes_executor.py took 0.073 seconds
[2024-07-09T13:36:42.275+0000] {processor.py:161} INFO - Started process (PID=2946) to work on /home/airflow/.local/lib/python3.11/site-packages/airflow/example_dags/example_kubernetes_executor.py
[2024-07-09T13:36:42.276+0000] {processor.py:830} INFO - Processing file /home/airflow/.local/lib/python3.11/site-packages/airflow/example_dags/example_kubernetes_executor.py for tasks to queue
[2024-07-09T13:36:42.276+0000] {logging_mixin.py:188} INFO - [2024-07-09T13:36:42.276+0000] {dagbag.py:540} INFO - Filling up the DagBag from /home/airflow/.local/lib/python3.11/site-packages/airflow/example_dags/example_kubernetes_executor.py
[2024-07-09T13:36:42.286+0000] {processor.py:840} INFO - DAG(s) 'example_kubernetes_executor' retrieved from /home/airflow/.local/lib/python3.11/site-packages/airflow/example_dags/example_kubernetes_executor.py
[2024-07-09T13:36:42.318+0000] {logging_mixin.py:188} INFO - [2024-07-09T13:36:42.318+0000] {dag.py:3047} INFO - Sync 1 DAGs
[2024-07-09T13:36:42.327+0000] {logging_mixin.py:188} INFO - [2024-07-09T13:36:42.327+0000] {dag.py:3834} INFO - Setting next_dagrun for example_kubernetes_executor to None, run_after=None
[2024-07-09T13:36:42.342+0000] {processor.py:183} INFO - Processing /home/airflow/.local/lib/python3.11/site-packages/airflow/example_dags/example_kubernetes_executor.py took 0.070 seconds
[2024-07-09T13:37:12.808+0000] {processor.py:161} INFO - Started process (PID=3216) to work on /home/airflow/.local/lib/python3.11/site-packages/airflow/example_dags/example_kubernetes_executor.py
[2024-07-09T13:37:12.809+0000] {processor.py:830} INFO - Processing file /home/airflow/.local/lib/python3.11/site-packages/airflow/example_dags/example_kubernetes_executor.py for tasks to queue
[2024-07-09T13:37:12.810+0000] {logging_mixin.py:188} INFO - [2024-07-09T13:37:12.810+0000] {dagbag.py:540} INFO - Filling up the DagBag from /home/airflow/.local/lib/python3.11/site-packages/airflow/example_dags/example_kubernetes_executor.py
[2024-07-09T13:37:12.820+0000] {processor.py:840} INFO - DAG(s) 'example_kubernetes_executor' retrieved from /home/airflow/.local/lib/python3.11/site-packages/airflow/example_dags/example_kubernetes_executor.py
[2024-07-09T13:37:12.854+0000] {logging_mixin.py:188} INFO - [2024-07-09T13:37:12.854+0000] {dag.py:3047} INFO - Sync 1 DAGs
[2024-07-09T13:37:12.865+0000] {logging_mixin.py:188} INFO - [2024-07-09T13:37:12.864+0000] {dag.py:3834} INFO - Setting next_dagrun for example_kubernetes_executor to None, run_after=None
[2024-07-09T13:37:12.882+0000] {processor.py:183} INFO - Processing /home/airflow/.local/lib/python3.11/site-packages/airflow/example_dags/example_kubernetes_executor.py took 0.076 seconds
[2024-07-09T13:46:10.833+0000] {processor.py:161} INFO - Started process (PID=264) to work on /home/airflow/.local/lib/python3.11/site-packages/airflow/example_dags/example_kubernetes_executor.py
[2024-07-09T13:46:10.834+0000] {processor.py:830} INFO - Processing file /home/airflow/.local/lib/python3.11/site-packages/airflow/example_dags/example_kubernetes_executor.py for tasks to queue
[2024-07-09T13:46:10.835+0000] {logging_mixin.py:188} INFO - [2024-07-09T13:46:10.835+0000] {dagbag.py:540} INFO - Filling up the DagBag from /home/airflow/.local/lib/python3.11/site-packages/airflow/example_dags/example_kubernetes_executor.py
[2024-07-09T13:46:10.848+0000] {processor.py:840} INFO - DAG(s) 'example_kubernetes_executor' retrieved from /home/airflow/.local/lib/python3.11/site-packages/airflow/example_dags/example_kubernetes_executor.py
[2024-07-09T13:46:10.959+0000] {logging_mixin.py:188} INFO - [2024-07-09T13:46:10.959+0000] {override.py:1769} INFO - Created Permission View: can delete on DAG:example_kubernetes_executor
[2024-07-09T13:46:10.972+0000] {logging_mixin.py:188} INFO - [2024-07-09T13:46:10.971+0000] {override.py:1769} INFO - Created Permission View: can read on DAG:example_kubernetes_executor
[2024-07-09T13:46:10.980+0000] {logging_mixin.py:188} INFO - [2024-07-09T13:46:10.979+0000] {override.py:1769} INFO - Created Permission View: can edit on DAG:example_kubernetes_executor
[2024-07-09T13:46:10.980+0000] {logging_mixin.py:188} INFO - [2024-07-09T13:46:10.980+0000] {dag.py:3047} INFO - Sync 1 DAGs
[2024-07-09T13:46:10.989+0000] {logging_mixin.py:188} INFO - [2024-07-09T13:46:10.989+0000] {dag.py:3069} INFO - Creating ORM DAG for example_kubernetes_executor
[2024-07-09T13:46:10.989+0000] {logging_mixin.py:188} INFO - [2024-07-09T13:46:10.989+0000] {dag.py:3834} INFO - Setting next_dagrun for example_kubernetes_executor to None, run_after=None
[2024-07-09T13:46:11.003+0000] {processor.py:183} INFO - Processing /home/airflow/.local/lib/python3.11/site-packages/airflow/example_dags/example_kubernetes_executor.py took 0.173 seconds
[2024-07-09T13:46:41.201+0000] {processor.py:161} INFO - Started process (PID=534) to work on /home/airflow/.local/lib/python3.11/site-packages/airflow/example_dags/example_kubernetes_executor.py
[2024-07-09T13:46:41.202+0000] {processor.py:830} INFO - Processing file /home/airflow/.local/lib/python3.11/site-packages/airflow/example_dags/example_kubernetes_executor.py for tasks to queue
[2024-07-09T13:46:41.203+0000] {logging_mixin.py:188} INFO - [2024-07-09T13:46:41.202+0000] {dagbag.py:540} INFO - Filling up the DagBag from /home/airflow/.local/lib/python3.11/site-packages/airflow/example_dags/example_kubernetes_executor.py
[2024-07-09T13:46:41.212+0000] {processor.py:840} INFO - DAG(s) 'example_kubernetes_executor' retrieved from /home/airflow/.local/lib/python3.11/site-packages/airflow/example_dags/example_kubernetes_executor.py
[2024-07-09T13:46:41.244+0000] {logging_mixin.py:188} INFO - [2024-07-09T13:46:41.244+0000] {dag.py:3047} INFO - Sync 1 DAGs
[2024-07-09T13:46:41.254+0000] {logging_mixin.py:188} INFO - [2024-07-09T13:46:41.254+0000] {dag.py:3834} INFO - Setting next_dagrun for example_kubernetes_executor to None, run_after=None
[2024-07-09T13:46:41.269+0000] {processor.py:183} INFO - Processing /home/airflow/.local/lib/python3.11/site-packages/airflow/example_dags/example_kubernetes_executor.py took 0.070 seconds
[2024-07-09T13:47:11.996+0000] {processor.py:161} INFO - Started process (PID=804) to work on /home/airflow/.local/lib/python3.11/site-packages/airflow/example_dags/example_kubernetes_executor.py
[2024-07-09T13:47:11.997+0000] {processor.py:830} INFO - Processing file /home/airflow/.local/lib/python3.11/site-packages/airflow/example_dags/example_kubernetes_executor.py for tasks to queue
[2024-07-09T13:47:11.998+0000] {logging_mixin.py:188} INFO - [2024-07-09T13:47:11.998+0000] {dagbag.py:540} INFO - Filling up the DagBag from /home/airflow/.local/lib/python3.11/site-packages/airflow/example_dags/example_kubernetes_executor.py
[2024-07-09T13:47:12.008+0000] {processor.py:840} INFO - DAG(s) 'example_kubernetes_executor' retrieved from /home/airflow/.local/lib/python3.11/site-packages/airflow/example_dags/example_kubernetes_executor.py
[2024-07-09T13:47:12.041+0000] {logging_mixin.py:188} INFO - [2024-07-09T13:47:12.041+0000] {dag.py:3047} INFO - Sync 1 DAGs
[2024-07-09T13:47:12.053+0000] {logging_mixin.py:188} INFO - [2024-07-09T13:47:12.052+0000] {dag.py:3834} INFO - Setting next_dagrun for example_kubernetes_executor to None, run_after=None
[2024-07-09T13:47:12.069+0000] {processor.py:183} INFO - Processing /home/airflow/.local/lib/python3.11/site-packages/airflow/example_dags/example_kubernetes_executor.py took 0.075 seconds
[2024-07-09T13:47:43.031+0000] {processor.py:161} INFO - Started process (PID=1074) to work on /home/airflow/.local/lib/python3.11/site-packages/airflow/example_dags/example_kubernetes_executor.py
[2024-07-09T13:47:43.032+0000] {processor.py:830} INFO - Processing file /home/airflow/.local/lib/python3.11/site-packages/airflow/example_dags/example_kubernetes_executor.py for tasks to queue
[2024-07-09T13:47:43.032+0000] {logging_mixin.py:188} INFO - [2024-07-09T13:47:43.032+0000] {dagbag.py:540} INFO - Filling up the DagBag from /home/airflow/.local/lib/python3.11/site-packages/airflow/example_dags/example_kubernetes_executor.py
[2024-07-09T13:47:43.043+0000] {processor.py:840} INFO - DAG(s) 'example_kubernetes_executor' retrieved from /home/airflow/.local/lib/python3.11/site-packages/airflow/example_dags/example_kubernetes_executor.py
[2024-07-09T13:47:43.173+0000] {logging_mixin.py:188} INFO - [2024-07-09T13:47:43.172+0000] {dag.py:3047} INFO - Sync 1 DAGs
[2024-07-09T13:47:43.181+0000] {logging_mixin.py:188} INFO - [2024-07-09T13:47:43.181+0000] {dag.py:3834} INFO - Setting next_dagrun for example_kubernetes_executor to None, run_after=None
[2024-07-09T13:47:43.194+0000] {processor.py:183} INFO - Processing /home/airflow/.local/lib/python3.11/site-packages/airflow/example_dags/example_kubernetes_executor.py took 0.166 seconds
[2024-07-09T13:48:13.468+0000] {processor.py:161} INFO - Started process (PID=1344) to work on /home/airflow/.local/lib/python3.11/site-packages/airflow/example_dags/example_kubernetes_executor.py
[2024-07-09T13:48:13.469+0000] {processor.py:830} INFO - Processing file /home/airflow/.local/lib/python3.11/site-packages/airflow/example_dags/example_kubernetes_executor.py for tasks to queue
[2024-07-09T13:48:13.470+0000] {logging_mixin.py:188} INFO - [2024-07-09T13:48:13.470+0000] {dagbag.py:540} INFO - Filling up the DagBag from /home/airflow/.local/lib/python3.11/site-packages/airflow/example_dags/example_kubernetes_executor.py
[2024-07-09T13:48:13.482+0000] {processor.py:840} INFO - DAG(s) 'example_kubernetes_executor' retrieved from /home/airflow/.local/lib/python3.11/site-packages/airflow/example_dags/example_kubernetes_executor.py
[2024-07-09T13:48:13.517+0000] {logging_mixin.py:188} INFO - [2024-07-09T13:48:13.517+0000] {dag.py:3047} INFO - Sync 1 DAGs
[2024-07-09T13:48:13.530+0000] {logging_mixin.py:188} INFO - [2024-07-09T13:48:13.529+0000] {dag.py:3834} INFO - Setting next_dagrun for example_kubernetes_executor to None, run_after=None
[2024-07-09T13:48:13.549+0000] {processor.py:183} INFO - Processing /home/airflow/.local/lib/python3.11/site-packages/airflow/example_dags/example_kubernetes_executor.py took 0.083 seconds
[2024-07-09T13:48:43.992+0000] {processor.py:161} INFO - Started process (PID=1614) to work on /home/airflow/.local/lib/python3.11/site-packages/airflow/example_dags/example_kubernetes_executor.py
[2024-07-09T13:48:43.993+0000] {processor.py:830} INFO - Processing file /home/airflow/.local/lib/python3.11/site-packages/airflow/example_dags/example_kubernetes_executor.py for tasks to queue
[2024-07-09T13:48:43.994+0000] {logging_mixin.py:188} INFO - [2024-07-09T13:48:43.994+0000] {dagbag.py:540} INFO - Filling up the DagBag from /home/airflow/.local/lib/python3.11/site-packages/airflow/example_dags/example_kubernetes_executor.py
[2024-07-09T13:48:44.003+0000] {processor.py:840} INFO - DAG(s) 'example_kubernetes_executor' retrieved from /home/airflow/.local/lib/python3.11/site-packages/airflow/example_dags/example_kubernetes_executor.py
[2024-07-09T13:48:44.035+0000] {logging_mixin.py:188} INFO - [2024-07-09T13:48:44.035+0000] {dag.py:3047} INFO - Sync 1 DAGs
[2024-07-09T13:48:44.045+0000] {logging_mixin.py:188} INFO - [2024-07-09T13:48:44.045+0000] {dag.py:3834} INFO - Setting next_dagrun for example_kubernetes_executor to None, run_after=None
[2024-07-09T13:48:44.060+0000] {processor.py:183} INFO - Processing /home/airflow/.local/lib/python3.11/site-packages/airflow/example_dags/example_kubernetes_executor.py took 0.071 seconds
[2024-07-09T13:49:14.492+0000] {processor.py:161} INFO - Started process (PID=1884) to work on /home/airflow/.local/lib/python3.11/site-packages/airflow/example_dags/example_kubernetes_executor.py
[2024-07-09T13:49:14.493+0000] {processor.py:830} INFO - Processing file /home/airflow/.local/lib/python3.11/site-packages/airflow/example_dags/example_kubernetes_executor.py for tasks to queue
[2024-07-09T13:49:14.494+0000] {logging_mixin.py:188} INFO - [2024-07-09T13:49:14.493+0000] {dagbag.py:540} INFO - Filling up the DagBag from /home/airflow/.local/lib/python3.11/site-packages/airflow/example_dags/example_kubernetes_executor.py
[2024-07-09T13:49:14.503+0000] {processor.py:840} INFO - DAG(s) 'example_kubernetes_executor' retrieved from /home/airflow/.local/lib/python3.11/site-packages/airflow/example_dags/example_kubernetes_executor.py
[2024-07-09T13:49:14.536+0000] {logging_mixin.py:188} INFO - [2024-07-09T13:49:14.536+0000] {dag.py:3047} INFO - Sync 1 DAGs
[2024-07-09T13:49:14.546+0000] {logging_mixin.py:188} INFO - [2024-07-09T13:49:14.546+0000] {dag.py:3834} INFO - Setting next_dagrun for example_kubernetes_executor to None, run_after=None
[2024-07-09T13:49:14.564+0000] {processor.py:183} INFO - Processing /home/airflow/.local/lib/python3.11/site-packages/airflow/example_dags/example_kubernetes_executor.py took 0.074 seconds
[2024-07-09T13:49:45.397+0000] {processor.py:161} INFO - Started process (PID=2154) to work on /home/airflow/.local/lib/python3.11/site-packages/airflow/example_dags/example_kubernetes_executor.py
[2024-07-09T13:49:45.398+0000] {processor.py:830} INFO - Processing file /home/airflow/.local/lib/python3.11/site-packages/airflow/example_dags/example_kubernetes_executor.py for tasks to queue
[2024-07-09T13:49:45.399+0000] {logging_mixin.py:188} INFO - [2024-07-09T13:49:45.399+0000] {dagbag.py:540} INFO - Filling up the DagBag from /home/airflow/.local/lib/python3.11/site-packages/airflow/example_dags/example_kubernetes_executor.py
[2024-07-09T13:49:45.413+0000] {processor.py:840} INFO - DAG(s) 'example_kubernetes_executor' retrieved from /home/airflow/.local/lib/python3.11/site-packages/airflow/example_dags/example_kubernetes_executor.py
[2024-07-09T13:49:45.451+0000] {logging_mixin.py:188} INFO - [2024-07-09T13:49:45.451+0000] {dag.py:3047} INFO - Sync 1 DAGs
[2024-07-09T13:49:45.469+0000] {logging_mixin.py:188} INFO - [2024-07-09T13:49:45.468+0000] {dag.py:3834} INFO - Setting next_dagrun for example_kubernetes_executor to None, run_after=None
[2024-07-09T13:49:45.485+0000] {processor.py:183} INFO - Processing /home/airflow/.local/lib/python3.11/site-packages/airflow/example_dags/example_kubernetes_executor.py took 0.091 seconds
[2024-07-09T13:50:16.039+0000] {processor.py:161} INFO - Started process (PID=2424) to work on /home/airflow/.local/lib/python3.11/site-packages/airflow/example_dags/example_kubernetes_executor.py
[2024-07-09T13:50:16.040+0000] {processor.py:830} INFO - Processing file /home/airflow/.local/lib/python3.11/site-packages/airflow/example_dags/example_kubernetes_executor.py for tasks to queue
[2024-07-09T13:50:16.040+0000] {logging_mixin.py:188} INFO - [2024-07-09T13:50:16.040+0000] {dagbag.py:540} INFO - Filling up the DagBag from /home/airflow/.local/lib/python3.11/site-packages/airflow/example_dags/example_kubernetes_executor.py
[2024-07-09T13:50:16.050+0000] {processor.py:840} INFO - DAG(s) 'example_kubernetes_executor' retrieved from /home/airflow/.local/lib/python3.11/site-packages/airflow/example_dags/example_kubernetes_executor.py
[2024-07-09T13:50:16.082+0000] {logging_mixin.py:188} INFO - [2024-07-09T13:50:16.082+0000] {dag.py:3047} INFO - Sync 1 DAGs
[2024-07-09T13:50:16.093+0000] {logging_mixin.py:188} INFO - [2024-07-09T13:50:16.093+0000] {dag.py:3834} INFO - Setting next_dagrun for example_kubernetes_executor to None, run_after=None
[2024-07-09T13:50:16.109+0000] {processor.py:183} INFO - Processing /home/airflow/.local/lib/python3.11/site-packages/airflow/example_dags/example_kubernetes_executor.py took 0.073 seconds
[2024-07-09T13:50:46.209+0000] {processor.py:161} INFO - Started process (PID=2681) to work on /home/airflow/.local/lib/python3.11/site-packages/airflow/example_dags/example_kubernetes_executor.py
[2024-07-09T13:50:46.210+0000] {processor.py:830} INFO - Processing file /home/airflow/.local/lib/python3.11/site-packages/airflow/example_dags/example_kubernetes_executor.py for tasks to queue
[2024-07-09T13:50:46.211+0000] {logging_mixin.py:188} INFO - [2024-07-09T13:50:46.210+0000] {dagbag.py:540} INFO - Filling up the DagBag from /home/airflow/.local/lib/python3.11/site-packages/airflow/example_dags/example_kubernetes_executor.py
[2024-07-09T13:50:46.220+0000] {processor.py:840} INFO - DAG(s) 'example_kubernetes_executor' retrieved from /home/airflow/.local/lib/python3.11/site-packages/airflow/example_dags/example_kubernetes_executor.py
[2024-07-09T13:50:46.254+0000] {logging_mixin.py:188} INFO - [2024-07-09T13:50:46.254+0000] {dag.py:3047} INFO - Sync 1 DAGs
[2024-07-09T13:50:46.264+0000] {logging_mixin.py:188} INFO - [2024-07-09T13:50:46.263+0000] {dag.py:3834} INFO - Setting next_dagrun for example_kubernetes_executor to None, run_after=None
[2024-07-09T13:50:46.281+0000] {processor.py:183} INFO - Processing /home/airflow/.local/lib/python3.11/site-packages/airflow/example_dags/example_kubernetes_executor.py took 0.074 seconds
[2024-07-09T13:51:16.576+0000] {processor.py:161} INFO - Started process (PID=2946) to work on /home/airflow/.local/lib/python3.11/site-packages/airflow/example_dags/example_kubernetes_executor.py
[2024-07-09T13:51:16.578+0000] {processor.py:830} INFO - Processing file /home/airflow/.local/lib/python3.11/site-packages/airflow/example_dags/example_kubernetes_executor.py for tasks to queue
[2024-07-09T13:51:16.578+0000] {logging_mixin.py:188} INFO - [2024-07-09T13:51:16.578+0000] {dagbag.py:540} INFO - Filling up the DagBag from /home/airflow/.local/lib/python3.11/site-packages/airflow/example_dags/example_kubernetes_executor.py
[2024-07-09T13:51:16.588+0000] {processor.py:840} INFO - DAG(s) 'example_kubernetes_executor' retrieved from /home/airflow/.local/lib/python3.11/site-packages/airflow/example_dags/example_kubernetes_executor.py
[2024-07-09T13:51:16.622+0000] {logging_mixin.py:188} INFO - [2024-07-09T13:51:16.622+0000] {dag.py:3047} INFO - Sync 1 DAGs
[2024-07-09T13:51:16.633+0000] {logging_mixin.py:188} INFO - [2024-07-09T13:51:16.633+0000] {dag.py:3834} INFO - Setting next_dagrun for example_kubernetes_executor to None, run_after=None
[2024-07-09T13:51:16.651+0000] {processor.py:183} INFO - Processing /home/airflow/.local/lib/python3.11/site-packages/airflow/example_dags/example_kubernetes_executor.py took 0.078 seconds
