[2024-07-09T13:18:47.805+0000] {processor.py:161} INFO - Started process (PID=224) to work on /home/airflow/.local/lib/python3.11/site-packages/airflow/example_dags/example_params_trigger_ui.py
[2024-07-09T13:18:47.805+0000] {processor.py:830} INFO - Processing file /home/airflow/.local/lib/python3.11/site-packages/airflow/example_dags/example_params_trigger_ui.py for tasks to queue
[2024-07-09T13:18:47.806+0000] {logging_mixin.py:188} INFO - [2024-07-09T13:18:47.806+0000] {dagbag.py:540} INFO - Filling up the DagBag from /home/airflow/.local/lib/python3.11/site-packages/airflow/example_dags/example_params_trigger_ui.py
[2024-07-09T13:18:47.826+0000] {processor.py:840} INFO - DAG(s) 'example_params_trigger_ui' retrieved from /home/airflow/.local/lib/python3.11/site-packages/airflow/example_dags/example_params_trigger_ui.py
[2024-07-09T13:18:47.945+0000] {logging_mixin.py:188} INFO - [2024-07-09T13:18:47.944+0000] {override.py:1769} INFO - Created Permission View: can delete on DAG:example_params_trigger_ui
[2024-07-09T13:18:47.954+0000] {logging_mixin.py:188} INFO - [2024-07-09T13:18:47.954+0000] {override.py:1769} INFO - Created Permission View: can read on DAG:example_params_trigger_ui
[2024-07-09T13:18:47.960+0000] {logging_mixin.py:188} INFO - [2024-07-09T13:18:47.960+0000] {override.py:1769} INFO - Created Permission View: can edit on DAG:example_params_trigger_ui
[2024-07-09T13:18:47.960+0000] {logging_mixin.py:188} INFO - [2024-07-09T13:18:47.960+0000] {dag.py:3047} INFO - Sync 1 DAGs
[2024-07-09T13:18:47.969+0000] {logging_mixin.py:188} INFO - [2024-07-09T13:18:47.969+0000] {dag.py:3069} INFO - Creating ORM DAG for example_params_trigger_ui
[2024-07-09T13:18:47.970+0000] {logging_mixin.py:188} INFO - [2024-07-09T13:18:47.970+0000] {dag.py:3834} INFO - Setting next_dagrun for example_params_trigger_ui to None, run_after=None
[2024-07-09T13:18:47.986+0000] {processor.py:183} INFO - Processing /home/airflow/.local/lib/python3.11/site-packages/airflow/example_dags/example_params_trigger_ui.py took 0.184 seconds
[2024-07-09T13:19:18.403+0000] {processor.py:161} INFO - Started process (PID=494) to work on /home/airflow/.local/lib/python3.11/site-packages/airflow/example_dags/example_params_trigger_ui.py
[2024-07-09T13:19:18.404+0000] {processor.py:830} INFO - Processing file /home/airflow/.local/lib/python3.11/site-packages/airflow/example_dags/example_params_trigger_ui.py for tasks to queue
[2024-07-09T13:19:18.405+0000] {logging_mixin.py:188} INFO - [2024-07-09T13:19:18.405+0000] {dagbag.py:540} INFO - Filling up the DagBag from /home/airflow/.local/lib/python3.11/site-packages/airflow/example_dags/example_params_trigger_ui.py
[2024-07-09T13:19:18.416+0000] {processor.py:840} INFO - DAG(s) 'example_params_trigger_ui' retrieved from /home/airflow/.local/lib/python3.11/site-packages/airflow/example_dags/example_params_trigger_ui.py
[2024-07-09T13:19:18.454+0000] {logging_mixin.py:188} INFO - [2024-07-09T13:19:18.454+0000] {dag.py:3047} INFO - Sync 1 DAGs
[2024-07-09T13:19:18.464+0000] {logging_mixin.py:188} INFO - [2024-07-09T13:19:18.463+0000] {dag.py:3834} INFO - Setting next_dagrun for example_params_trigger_ui to None, run_after=None
[2024-07-09T13:19:18.480+0000] {processor.py:183} INFO - Processing /home/airflow/.local/lib/python3.11/site-packages/airflow/example_dags/example_params_trigger_ui.py took 0.079 seconds
[2024-07-09T13:19:49.300+0000] {processor.py:161} INFO - Started process (PID=764) to work on /home/airflow/.local/lib/python3.11/site-packages/airflow/example_dags/example_params_trigger_ui.py
[2024-07-09T13:19:49.301+0000] {processor.py:830} INFO - Processing file /home/airflow/.local/lib/python3.11/site-packages/airflow/example_dags/example_params_trigger_ui.py for tasks to queue
[2024-07-09T13:19:49.301+0000] {logging_mixin.py:188} INFO - [2024-07-09T13:19:49.301+0000] {dagbag.py:540} INFO - Filling up the DagBag from /home/airflow/.local/lib/python3.11/site-packages/airflow/example_dags/example_params_trigger_ui.py
[2024-07-09T13:19:49.312+0000] {processor.py:840} INFO - DAG(s) 'example_params_trigger_ui' retrieved from /home/airflow/.local/lib/python3.11/site-packages/airflow/example_dags/example_params_trigger_ui.py
[2024-07-09T13:19:49.350+0000] {logging_mixin.py:188} INFO - [2024-07-09T13:19:49.350+0000] {dag.py:3047} INFO - Sync 1 DAGs
[2024-07-09T13:19:49.360+0000] {logging_mixin.py:188} INFO - [2024-07-09T13:19:49.360+0000] {dag.py:3834} INFO - Setting next_dagrun for example_params_trigger_ui to None, run_after=None
[2024-07-09T13:19:49.375+0000] {processor.py:183} INFO - Processing /home/airflow/.local/lib/python3.11/site-packages/airflow/example_dags/example_params_trigger_ui.py took 0.078 seconds
[2024-07-09T13:20:20.498+0000] {processor.py:161} INFO - Started process (PID=1034) to work on /home/airflow/.local/lib/python3.11/site-packages/airflow/example_dags/example_params_trigger_ui.py
[2024-07-09T13:20:20.499+0000] {processor.py:830} INFO - Processing file /home/airflow/.local/lib/python3.11/site-packages/airflow/example_dags/example_params_trigger_ui.py for tasks to queue
[2024-07-09T13:20:20.499+0000] {logging_mixin.py:188} INFO - [2024-07-09T13:20:20.499+0000] {dagbag.py:540} INFO - Filling up the DagBag from /home/airflow/.local/lib/python3.11/site-packages/airflow/example_dags/example_params_trigger_ui.py
[2024-07-09T13:20:20.512+0000] {processor.py:840} INFO - DAG(s) 'example_params_trigger_ui' retrieved from /home/airflow/.local/lib/python3.11/site-packages/airflow/example_dags/example_params_trigger_ui.py
[2024-07-09T13:20:20.552+0000] {logging_mixin.py:188} INFO - [2024-07-09T13:20:20.551+0000] {dag.py:3047} INFO - Sync 1 DAGs
[2024-07-09T13:20:20.748+0000] {logging_mixin.py:188} INFO - [2024-07-09T13:20:20.748+0000] {dag.py:3834} INFO - Setting next_dagrun for example_params_trigger_ui to None, run_after=None
[2024-07-09T13:20:20.768+0000] {processor.py:183} INFO - Processing /home/airflow/.local/lib/python3.11/site-packages/airflow/example_dags/example_params_trigger_ui.py took 0.273 seconds
[2024-07-09T13:20:51.572+0000] {processor.py:161} INFO - Started process (PID=1304) to work on /home/airflow/.local/lib/python3.11/site-packages/airflow/example_dags/example_params_trigger_ui.py
[2024-07-09T13:20:51.573+0000] {processor.py:830} INFO - Processing file /home/airflow/.local/lib/python3.11/site-packages/airflow/example_dags/example_params_trigger_ui.py for tasks to queue
[2024-07-09T13:20:51.574+0000] {logging_mixin.py:188} INFO - [2024-07-09T13:20:51.574+0000] {dagbag.py:540} INFO - Filling up the DagBag from /home/airflow/.local/lib/python3.11/site-packages/airflow/example_dags/example_params_trigger_ui.py
[2024-07-09T13:20:51.587+0000] {processor.py:840} INFO - DAG(s) 'example_params_trigger_ui' retrieved from /home/airflow/.local/lib/python3.11/site-packages/airflow/example_dags/example_params_trigger_ui.py
[2024-07-09T13:20:51.628+0000] {logging_mixin.py:188} INFO - [2024-07-09T13:20:51.628+0000] {dag.py:3047} INFO - Sync 1 DAGs
[2024-07-09T13:20:51.638+0000] {logging_mixin.py:188} INFO - [2024-07-09T13:20:51.638+0000] {dag.py:3834} INFO - Setting next_dagrun for example_params_trigger_ui to None, run_after=None
[2024-07-09T13:20:51.654+0000] {processor.py:183} INFO - Processing /home/airflow/.local/lib/python3.11/site-packages/airflow/example_dags/example_params_trigger_ui.py took 0.085 seconds
[2024-07-09T13:21:22.583+0000] {processor.py:161} INFO - Started process (PID=1574) to work on /home/airflow/.local/lib/python3.11/site-packages/airflow/example_dags/example_params_trigger_ui.py
[2024-07-09T13:21:22.584+0000] {processor.py:830} INFO - Processing file /home/airflow/.local/lib/python3.11/site-packages/airflow/example_dags/example_params_trigger_ui.py for tasks to queue
[2024-07-09T13:21:22.585+0000] {logging_mixin.py:188} INFO - [2024-07-09T13:21:22.584+0000] {dagbag.py:540} INFO - Filling up the DagBag from /home/airflow/.local/lib/python3.11/site-packages/airflow/example_dags/example_params_trigger_ui.py
[2024-07-09T13:21:22.596+0000] {processor.py:840} INFO - DAG(s) 'example_params_trigger_ui' retrieved from /home/airflow/.local/lib/python3.11/site-packages/airflow/example_dags/example_params_trigger_ui.py
[2024-07-09T13:21:22.635+0000] {logging_mixin.py:188} INFO - [2024-07-09T13:21:22.634+0000] {dag.py:3047} INFO - Sync 1 DAGs
[2024-07-09T13:21:22.644+0000] {logging_mixin.py:188} INFO - [2024-07-09T13:21:22.644+0000] {dag.py:3834} INFO - Setting next_dagrun for example_params_trigger_ui to None, run_after=None
[2024-07-09T13:21:22.660+0000] {processor.py:183} INFO - Processing /home/airflow/.local/lib/python3.11/site-packages/airflow/example_dags/example_params_trigger_ui.py took 0.080 seconds
[2024-07-09T13:21:53.335+0000] {processor.py:161} INFO - Started process (PID=1846) to work on /home/airflow/.local/lib/python3.11/site-packages/airflow/example_dags/example_params_trigger_ui.py
[2024-07-09T13:21:53.336+0000] {processor.py:830} INFO - Processing file /home/airflow/.local/lib/python3.11/site-packages/airflow/example_dags/example_params_trigger_ui.py for tasks to queue
[2024-07-09T13:21:53.336+0000] {logging_mixin.py:188} INFO - [2024-07-09T13:21:53.336+0000] {dagbag.py:540} INFO - Filling up the DagBag from /home/airflow/.local/lib/python3.11/site-packages/airflow/example_dags/example_params_trigger_ui.py
[2024-07-09T13:21:53.347+0000] {processor.py:840} INFO - DAG(s) 'example_params_trigger_ui' retrieved from /home/airflow/.local/lib/python3.11/site-packages/airflow/example_dags/example_params_trigger_ui.py
[2024-07-09T13:21:53.387+0000] {logging_mixin.py:188} INFO - [2024-07-09T13:21:53.386+0000] {dag.py:3047} INFO - Sync 1 DAGs
[2024-07-09T13:21:53.396+0000] {logging_mixin.py:188} INFO - [2024-07-09T13:21:53.396+0000] {dag.py:3834} INFO - Setting next_dagrun for example_params_trigger_ui to None, run_after=None
[2024-07-09T13:21:53.413+0000] {processor.py:183} INFO - Processing /home/airflow/.local/lib/python3.11/site-packages/airflow/example_dags/example_params_trigger_ui.py took 0.081 seconds
[2024-07-09T13:22:24.007+0000] {processor.py:161} INFO - Started process (PID=2114) to work on /home/airflow/.local/lib/python3.11/site-packages/airflow/example_dags/example_params_trigger_ui.py
[2024-07-09T13:22:24.008+0000] {processor.py:830} INFO - Processing file /home/airflow/.local/lib/python3.11/site-packages/airflow/example_dags/example_params_trigger_ui.py for tasks to queue
[2024-07-09T13:22:24.009+0000] {logging_mixin.py:188} INFO - [2024-07-09T13:22:24.008+0000] {dagbag.py:540} INFO - Filling up the DagBag from /home/airflow/.local/lib/python3.11/site-packages/airflow/example_dags/example_params_trigger_ui.py
[2024-07-09T13:22:24.020+0000] {processor.py:840} INFO - DAG(s) 'example_params_trigger_ui' retrieved from /home/airflow/.local/lib/python3.11/site-packages/airflow/example_dags/example_params_trigger_ui.py
[2024-07-09T13:22:24.061+0000] {logging_mixin.py:188} INFO - [2024-07-09T13:22:24.060+0000] {dag.py:3047} INFO - Sync 1 DAGs
[2024-07-09T13:22:24.071+0000] {logging_mixin.py:188} INFO - [2024-07-09T13:22:24.071+0000] {dag.py:3834} INFO - Setting next_dagrun for example_params_trigger_ui to None, run_after=None
[2024-07-09T13:22:24.087+0000] {processor.py:183} INFO - Processing /home/airflow/.local/lib/python3.11/site-packages/airflow/example_dags/example_params_trigger_ui.py took 0.083 seconds
[2024-07-09T13:22:54.742+0000] {processor.py:161} INFO - Started process (PID=2384) to work on /home/airflow/.local/lib/python3.11/site-packages/airflow/example_dags/example_params_trigger_ui.py
[2024-07-09T13:22:54.742+0000] {processor.py:830} INFO - Processing file /home/airflow/.local/lib/python3.11/site-packages/airflow/example_dags/example_params_trigger_ui.py for tasks to queue
[2024-07-09T13:22:54.743+0000] {logging_mixin.py:188} INFO - [2024-07-09T13:22:54.743+0000] {dagbag.py:540} INFO - Filling up the DagBag from /home/airflow/.local/lib/python3.11/site-packages/airflow/example_dags/example_params_trigger_ui.py
[2024-07-09T13:22:54.755+0000] {processor.py:840} INFO - DAG(s) 'example_params_trigger_ui' retrieved from /home/airflow/.local/lib/python3.11/site-packages/airflow/example_dags/example_params_trigger_ui.py
[2024-07-09T13:22:54.794+0000] {logging_mixin.py:188} INFO - [2024-07-09T13:22:54.794+0000] {dag.py:3047} INFO - Sync 1 DAGs
[2024-07-09T13:22:54.804+0000] {logging_mixin.py:188} INFO - [2024-07-09T13:22:54.804+0000] {dag.py:3834} INFO - Setting next_dagrun for example_params_trigger_ui to None, run_after=None
[2024-07-09T13:22:54.821+0000] {processor.py:183} INFO - Processing /home/airflow/.local/lib/python3.11/site-packages/airflow/example_dags/example_params_trigger_ui.py took 0.082 seconds
[2024-07-09T13:23:25.520+0000] {processor.py:161} INFO - Started process (PID=2654) to work on /home/airflow/.local/lib/python3.11/site-packages/airflow/example_dags/example_params_trigger_ui.py
[2024-07-09T13:23:25.521+0000] {processor.py:830} INFO - Processing file /home/airflow/.local/lib/python3.11/site-packages/airflow/example_dags/example_params_trigger_ui.py for tasks to queue
[2024-07-09T13:23:25.522+0000] {logging_mixin.py:188} INFO - [2024-07-09T13:23:25.522+0000] {dagbag.py:540} INFO - Filling up the DagBag from /home/airflow/.local/lib/python3.11/site-packages/airflow/example_dags/example_params_trigger_ui.py
[2024-07-09T13:23:25.534+0000] {processor.py:840} INFO - DAG(s) 'example_params_trigger_ui' retrieved from /home/airflow/.local/lib/python3.11/site-packages/airflow/example_dags/example_params_trigger_ui.py
[2024-07-09T13:23:25.573+0000] {logging_mixin.py:188} INFO - [2024-07-09T13:23:25.573+0000] {dag.py:3047} INFO - Sync 1 DAGs
[2024-07-09T13:23:25.583+0000] {logging_mixin.py:188} INFO - [2024-07-09T13:23:25.583+0000] {dag.py:3834} INFO - Setting next_dagrun for example_params_trigger_ui to None, run_after=None
[2024-07-09T13:23:25.599+0000] {processor.py:183} INFO - Processing /home/airflow/.local/lib/python3.11/site-packages/airflow/example_dags/example_params_trigger_ui.py took 0.081 seconds
[2024-07-09T13:23:56.280+0000] {processor.py:161} INFO - Started process (PID=2924) to work on /home/airflow/.local/lib/python3.11/site-packages/airflow/example_dags/example_params_trigger_ui.py
[2024-07-09T13:23:56.281+0000] {processor.py:830} INFO - Processing file /home/airflow/.local/lib/python3.11/site-packages/airflow/example_dags/example_params_trigger_ui.py for tasks to queue
[2024-07-09T13:23:56.281+0000] {logging_mixin.py:188} INFO - [2024-07-09T13:23:56.281+0000] {dagbag.py:540} INFO - Filling up the DagBag from /home/airflow/.local/lib/python3.11/site-packages/airflow/example_dags/example_params_trigger_ui.py
[2024-07-09T13:23:56.293+0000] {processor.py:840} INFO - DAG(s) 'example_params_trigger_ui' retrieved from /home/airflow/.local/lib/python3.11/site-packages/airflow/example_dags/example_params_trigger_ui.py
[2024-07-09T13:23:56.332+0000] {logging_mixin.py:188} INFO - [2024-07-09T13:23:56.332+0000] {dag.py:3047} INFO - Sync 1 DAGs
[2024-07-09T13:23:56.341+0000] {logging_mixin.py:188} INFO - [2024-07-09T13:23:56.341+0000] {dag.py:3834} INFO - Setting next_dagrun for example_params_trigger_ui to None, run_after=None
[2024-07-09T13:23:56.358+0000] {processor.py:183} INFO - Processing /home/airflow/.local/lib/python3.11/site-packages/airflow/example_dags/example_params_trigger_ui.py took 0.081 seconds
[2024-07-09T13:24:26.949+0000] {processor.py:161} INFO - Started process (PID=3194) to work on /home/airflow/.local/lib/python3.11/site-packages/airflow/example_dags/example_params_trigger_ui.py
[2024-07-09T13:24:26.950+0000] {processor.py:830} INFO - Processing file /home/airflow/.local/lib/python3.11/site-packages/airflow/example_dags/example_params_trigger_ui.py for tasks to queue
[2024-07-09T13:24:26.950+0000] {logging_mixin.py:188} INFO - [2024-07-09T13:24:26.950+0000] {dagbag.py:540} INFO - Filling up the DagBag from /home/airflow/.local/lib/python3.11/site-packages/airflow/example_dags/example_params_trigger_ui.py
[2024-07-09T13:24:26.962+0000] {processor.py:840} INFO - DAG(s) 'example_params_trigger_ui' retrieved from /home/airflow/.local/lib/python3.11/site-packages/airflow/example_dags/example_params_trigger_ui.py
[2024-07-09T13:24:27.000+0000] {logging_mixin.py:188} INFO - [2024-07-09T13:24:27.000+0000] {dag.py:3047} INFO - Sync 1 DAGs
[2024-07-09T13:24:27.010+0000] {logging_mixin.py:188} INFO - [2024-07-09T13:24:27.010+0000] {dag.py:3834} INFO - Setting next_dagrun for example_params_trigger_ui to None, run_after=None
[2024-07-09T13:24:27.025+0000] {processor.py:183} INFO - Processing /home/airflow/.local/lib/python3.11/site-packages/airflow/example_dags/example_params_trigger_ui.py took 0.079 seconds
[2024-07-09T13:24:57.669+0000] {processor.py:161} INFO - Started process (PID=3464) to work on /home/airflow/.local/lib/python3.11/site-packages/airflow/example_dags/example_params_trigger_ui.py
[2024-07-09T13:24:57.670+0000] {processor.py:830} INFO - Processing file /home/airflow/.local/lib/python3.11/site-packages/airflow/example_dags/example_params_trigger_ui.py for tasks to queue
[2024-07-09T13:24:57.671+0000] {logging_mixin.py:188} INFO - [2024-07-09T13:24:57.670+0000] {dagbag.py:540} INFO - Filling up the DagBag from /home/airflow/.local/lib/python3.11/site-packages/airflow/example_dags/example_params_trigger_ui.py
[2024-07-09T13:24:57.682+0000] {processor.py:840} INFO - DAG(s) 'example_params_trigger_ui' retrieved from /home/airflow/.local/lib/python3.11/site-packages/airflow/example_dags/example_params_trigger_ui.py
[2024-07-09T13:24:57.721+0000] {logging_mixin.py:188} INFO - [2024-07-09T13:24:57.720+0000] {dag.py:3047} INFO - Sync 1 DAGs
[2024-07-09T13:24:57.730+0000] {logging_mixin.py:188} INFO - [2024-07-09T13:24:57.730+0000] {dag.py:3834} INFO - Setting next_dagrun for example_params_trigger_ui to None, run_after=None
[2024-07-09T13:24:57.746+0000] {processor.py:183} INFO - Processing /home/airflow/.local/lib/python3.11/site-packages/airflow/example_dags/example_params_trigger_ui.py took 0.080 seconds
[2024-07-09T13:26:08.730+0000] {processor.py:161} INFO - Started process (PID=225) to work on /home/airflow/.local/lib/python3.11/site-packages/airflow/example_dags/example_params_trigger_ui.py
[2024-07-09T13:26:08.731+0000] {processor.py:830} INFO - Processing file /home/airflow/.local/lib/python3.11/site-packages/airflow/example_dags/example_params_trigger_ui.py for tasks to queue
[2024-07-09T13:26:08.732+0000] {logging_mixin.py:188} INFO - [2024-07-09T13:26:08.731+0000] {dagbag.py:540} INFO - Filling up the DagBag from /home/airflow/.local/lib/python3.11/site-packages/airflow/example_dags/example_params_trigger_ui.py
[2024-07-09T13:26:08.756+0000] {processor.py:840} INFO - DAG(s) 'example_params_trigger_ui' retrieved from /home/airflow/.local/lib/python3.11/site-packages/airflow/example_dags/example_params_trigger_ui.py
[2024-07-09T13:26:08.864+0000] {logging_mixin.py:188} INFO - [2024-07-09T13:26:08.864+0000] {override.py:1769} INFO - Created Permission View: can delete on DAG:example_params_trigger_ui
[2024-07-09T13:26:08.874+0000] {logging_mixin.py:188} INFO - [2024-07-09T13:26:08.874+0000] {override.py:1769} INFO - Created Permission View: can read on DAG:example_params_trigger_ui
[2024-07-09T13:26:08.880+0000] {logging_mixin.py:188} INFO - [2024-07-09T13:26:08.879+0000] {override.py:1769} INFO - Created Permission View: can edit on DAG:example_params_trigger_ui
[2024-07-09T13:26:08.880+0000] {logging_mixin.py:188} INFO - [2024-07-09T13:26:08.880+0000] {dag.py:3047} INFO - Sync 1 DAGs
[2024-07-09T13:26:08.889+0000] {logging_mixin.py:188} INFO - [2024-07-09T13:26:08.889+0000] {dag.py:3069} INFO - Creating ORM DAG for example_params_trigger_ui
[2024-07-09T13:26:08.890+0000] {logging_mixin.py:188} INFO - [2024-07-09T13:26:08.890+0000] {dag.py:3834} INFO - Setting next_dagrun for example_params_trigger_ui to None, run_after=None
[2024-07-09T13:26:08.906+0000] {processor.py:183} INFO - Processing /home/airflow/.local/lib/python3.11/site-packages/airflow/example_dags/example_params_trigger_ui.py took 0.178 seconds
[2024-07-09T13:26:39.358+0000] {processor.py:161} INFO - Started process (PID=495) to work on /home/airflow/.local/lib/python3.11/site-packages/airflow/example_dags/example_params_trigger_ui.py
[2024-07-09T13:26:39.359+0000] {processor.py:830} INFO - Processing file /home/airflow/.local/lib/python3.11/site-packages/airflow/example_dags/example_params_trigger_ui.py for tasks to queue
[2024-07-09T13:26:39.360+0000] {logging_mixin.py:188} INFO - [2024-07-09T13:26:39.360+0000] {dagbag.py:540} INFO - Filling up the DagBag from /home/airflow/.local/lib/python3.11/site-packages/airflow/example_dags/example_params_trigger_ui.py
[2024-07-09T13:26:39.372+0000] {processor.py:840} INFO - DAG(s) 'example_params_trigger_ui' retrieved from /home/airflow/.local/lib/python3.11/site-packages/airflow/example_dags/example_params_trigger_ui.py
[2024-07-09T13:26:39.412+0000] {logging_mixin.py:188} INFO - [2024-07-09T13:26:39.412+0000] {dag.py:3047} INFO - Sync 1 DAGs
[2024-07-09T13:26:39.426+0000] {logging_mixin.py:188} INFO - [2024-07-09T13:26:39.425+0000] {dag.py:3834} INFO - Setting next_dagrun for example_params_trigger_ui to None, run_after=None
[2024-07-09T13:26:39.448+0000] {processor.py:183} INFO - Processing /home/airflow/.local/lib/python3.11/site-packages/airflow/example_dags/example_params_trigger_ui.py took 0.093 seconds
[2024-07-09T13:27:09.936+0000] {processor.py:161} INFO - Started process (PID=765) to work on /home/airflow/.local/lib/python3.11/site-packages/airflow/example_dags/example_params_trigger_ui.py
[2024-07-09T13:27:09.937+0000] {processor.py:830} INFO - Processing file /home/airflow/.local/lib/python3.11/site-packages/airflow/example_dags/example_params_trigger_ui.py for tasks to queue
[2024-07-09T13:27:09.937+0000] {logging_mixin.py:188} INFO - [2024-07-09T13:27:09.937+0000] {dagbag.py:540} INFO - Filling up the DagBag from /home/airflow/.local/lib/python3.11/site-packages/airflow/example_dags/example_params_trigger_ui.py
[2024-07-09T13:27:09.949+0000] {processor.py:840} INFO - DAG(s) 'example_params_trigger_ui' retrieved from /home/airflow/.local/lib/python3.11/site-packages/airflow/example_dags/example_params_trigger_ui.py
[2024-07-09T13:27:09.987+0000] {logging_mixin.py:188} INFO - [2024-07-09T13:27:09.987+0000] {dag.py:3047} INFO - Sync 1 DAGs
[2024-07-09T13:27:09.997+0000] {logging_mixin.py:188} INFO - [2024-07-09T13:27:09.997+0000] {dag.py:3834} INFO - Setting next_dagrun for example_params_trigger_ui to None, run_after=None
[2024-07-09T13:27:10.013+0000] {processor.py:183} INFO - Processing /home/airflow/.local/lib/python3.11/site-packages/airflow/example_dags/example_params_trigger_ui.py took 0.080 seconds
[2024-07-09T13:27:40.609+0000] {processor.py:161} INFO - Started process (PID=1035) to work on /home/airflow/.local/lib/python3.11/site-packages/airflow/example_dags/example_params_trigger_ui.py
[2024-07-09T13:27:40.610+0000] {processor.py:830} INFO - Processing file /home/airflow/.local/lib/python3.11/site-packages/airflow/example_dags/example_params_trigger_ui.py for tasks to queue
[2024-07-09T13:27:40.611+0000] {logging_mixin.py:188} INFO - [2024-07-09T13:27:40.610+0000] {dagbag.py:540} INFO - Filling up the DagBag from /home/airflow/.local/lib/python3.11/site-packages/airflow/example_dags/example_params_trigger_ui.py
[2024-07-09T13:27:40.622+0000] {processor.py:840} INFO - DAG(s) 'example_params_trigger_ui' retrieved from /home/airflow/.local/lib/python3.11/site-packages/airflow/example_dags/example_params_trigger_ui.py
[2024-07-09T13:27:40.660+0000] {logging_mixin.py:188} INFO - [2024-07-09T13:27:40.660+0000] {dag.py:3047} INFO - Sync 1 DAGs
[2024-07-09T13:27:40.772+0000] {logging_mixin.py:188} INFO - [2024-07-09T13:27:40.772+0000] {dag.py:3834} INFO - Setting next_dagrun for example_params_trigger_ui to None, run_after=None
[2024-07-09T13:27:40.788+0000] {processor.py:183} INFO - Processing /home/airflow/.local/lib/python3.11/site-packages/airflow/example_dags/example_params_trigger_ui.py took 0.182 seconds
[2024-07-09T13:28:11.571+0000] {processor.py:161} INFO - Started process (PID=1305) to work on /home/airflow/.local/lib/python3.11/site-packages/airflow/example_dags/example_params_trigger_ui.py
[2024-07-09T13:28:11.572+0000] {processor.py:830} INFO - Processing file /home/airflow/.local/lib/python3.11/site-packages/airflow/example_dags/example_params_trigger_ui.py for tasks to queue
[2024-07-09T13:28:11.573+0000] {logging_mixin.py:188} INFO - [2024-07-09T13:28:11.573+0000] {dagbag.py:540} INFO - Filling up the DagBag from /home/airflow/.local/lib/python3.11/site-packages/airflow/example_dags/example_params_trigger_ui.py
[2024-07-09T13:28:11.585+0000] {processor.py:840} INFO - DAG(s) 'example_params_trigger_ui' retrieved from /home/airflow/.local/lib/python3.11/site-packages/airflow/example_dags/example_params_trigger_ui.py
[2024-07-09T13:28:11.622+0000] {logging_mixin.py:188} INFO - [2024-07-09T13:28:11.622+0000] {dag.py:3047} INFO - Sync 1 DAGs
[2024-07-09T13:28:11.632+0000] {logging_mixin.py:188} INFO - [2024-07-09T13:28:11.632+0000] {dag.py:3834} INFO - Setting next_dagrun for example_params_trigger_ui to None, run_after=None
[2024-07-09T13:28:11.649+0000] {processor.py:183} INFO - Processing /home/airflow/.local/lib/python3.11/site-packages/airflow/example_dags/example_params_trigger_ui.py took 0.080 seconds
[2024-07-09T13:28:41.891+0000] {processor.py:161} INFO - Started process (PID=1562) to work on /home/airflow/.local/lib/python3.11/site-packages/airflow/example_dags/example_params_trigger_ui.py
[2024-07-09T13:28:41.892+0000] {processor.py:830} INFO - Processing file /home/airflow/.local/lib/python3.11/site-packages/airflow/example_dags/example_params_trigger_ui.py for tasks to queue
[2024-07-09T13:28:41.892+0000] {logging_mixin.py:188} INFO - [2024-07-09T13:28:41.892+0000] {dagbag.py:540} INFO - Filling up the DagBag from /home/airflow/.local/lib/python3.11/site-packages/airflow/example_dags/example_params_trigger_ui.py
[2024-07-09T13:28:41.904+0000] {processor.py:840} INFO - DAG(s) 'example_params_trigger_ui' retrieved from /home/airflow/.local/lib/python3.11/site-packages/airflow/example_dags/example_params_trigger_ui.py
[2024-07-09T13:28:41.942+0000] {logging_mixin.py:188} INFO - [2024-07-09T13:28:41.942+0000] {dag.py:3047} INFO - Sync 1 DAGs
[2024-07-09T13:28:41.953+0000] {logging_mixin.py:188} INFO - [2024-07-09T13:28:41.953+0000] {dag.py:3834} INFO - Setting next_dagrun for example_params_trigger_ui to None, run_after=None
[2024-07-09T13:28:41.981+0000] {processor.py:183} INFO - Processing /home/airflow/.local/lib/python3.11/site-packages/airflow/example_dags/example_params_trigger_ui.py took 0.093 seconds
[2024-07-09T13:29:12.264+0000] {processor.py:161} INFO - Started process (PID=1827) to work on /home/airflow/.local/lib/python3.11/site-packages/airflow/example_dags/example_params_trigger_ui.py
[2024-07-09T13:29:12.265+0000] {processor.py:830} INFO - Processing file /home/airflow/.local/lib/python3.11/site-packages/airflow/example_dags/example_params_trigger_ui.py for tasks to queue
[2024-07-09T13:29:12.266+0000] {logging_mixin.py:188} INFO - [2024-07-09T13:29:12.266+0000] {dagbag.py:540} INFO - Filling up the DagBag from /home/airflow/.local/lib/python3.11/site-packages/airflow/example_dags/example_params_trigger_ui.py
[2024-07-09T13:29:12.277+0000] {processor.py:840} INFO - DAG(s) 'example_params_trigger_ui' retrieved from /home/airflow/.local/lib/python3.11/site-packages/airflow/example_dags/example_params_trigger_ui.py
[2024-07-09T13:29:12.315+0000] {logging_mixin.py:188} INFO - [2024-07-09T13:29:12.315+0000] {dag.py:3047} INFO - Sync 1 DAGs
[2024-07-09T13:29:12.325+0000] {logging_mixin.py:188} INFO - [2024-07-09T13:29:12.325+0000] {dag.py:3834} INFO - Setting next_dagrun for example_params_trigger_ui to None, run_after=None
[2024-07-09T13:29:12.340+0000] {processor.py:183} INFO - Processing /home/airflow/.local/lib/python3.11/site-packages/airflow/example_dags/example_params_trigger_ui.py took 0.079 seconds
[2024-07-09T13:29:42.638+0000] {processor.py:161} INFO - Started process (PID=2097) to work on /home/airflow/.local/lib/python3.11/site-packages/airflow/example_dags/example_params_trigger_ui.py
[2024-07-09T13:29:42.639+0000] {processor.py:830} INFO - Processing file /home/airflow/.local/lib/python3.11/site-packages/airflow/example_dags/example_params_trigger_ui.py for tasks to queue
[2024-07-09T13:29:42.640+0000] {logging_mixin.py:188} INFO - [2024-07-09T13:29:42.639+0000] {dagbag.py:540} INFO - Filling up the DagBag from /home/airflow/.local/lib/python3.11/site-packages/airflow/example_dags/example_params_trigger_ui.py
[2024-07-09T13:29:42.651+0000] {processor.py:840} INFO - DAG(s) 'example_params_trigger_ui' retrieved from /home/airflow/.local/lib/python3.11/site-packages/airflow/example_dags/example_params_trigger_ui.py
[2024-07-09T13:29:42.689+0000] {logging_mixin.py:188} INFO - [2024-07-09T13:29:42.688+0000] {dag.py:3047} INFO - Sync 1 DAGs
[2024-07-09T13:29:42.698+0000] {logging_mixin.py:188} INFO - [2024-07-09T13:29:42.698+0000] {dag.py:3834} INFO - Setting next_dagrun for example_params_trigger_ui to None, run_after=None
[2024-07-09T13:29:42.715+0000] {processor.py:183} INFO - Processing /home/airflow/.local/lib/python3.11/site-packages/airflow/example_dags/example_params_trigger_ui.py took 0.079 seconds
[2024-07-09T13:31:36.967+0000] {processor.py:161} INFO - Started process (PID=224) to work on /home/airflow/.local/lib/python3.11/site-packages/airflow/example_dags/example_params_trigger_ui.py
[2024-07-09T13:31:36.968+0000] {processor.py:830} INFO - Processing file /home/airflow/.local/lib/python3.11/site-packages/airflow/example_dags/example_params_trigger_ui.py for tasks to queue
[2024-07-09T13:31:36.968+0000] {logging_mixin.py:188} INFO - [2024-07-09T13:31:36.968+0000] {dagbag.py:540} INFO - Filling up the DagBag from /home/airflow/.local/lib/python3.11/site-packages/airflow/example_dags/example_params_trigger_ui.py
[2024-07-09T13:31:36.987+0000] {processor.py:840} INFO - DAG(s) 'example_params_trigger_ui' retrieved from /home/airflow/.local/lib/python3.11/site-packages/airflow/example_dags/example_params_trigger_ui.py
[2024-07-09T13:31:37.101+0000] {logging_mixin.py:188} INFO - [2024-07-09T13:31:37.101+0000] {override.py:1769} INFO - Created Permission View: can edit on DAG:example_params_trigger_ui
[2024-07-09T13:31:37.110+0000] {logging_mixin.py:188} INFO - [2024-07-09T13:31:37.110+0000] {override.py:1769} INFO - Created Permission View: can delete on DAG:example_params_trigger_ui
[2024-07-09T13:31:37.119+0000] {logging_mixin.py:188} INFO - [2024-07-09T13:31:37.118+0000] {override.py:1769} INFO - Created Permission View: can read on DAG:example_params_trigger_ui
[2024-07-09T13:31:37.119+0000] {logging_mixin.py:188} INFO - [2024-07-09T13:31:37.119+0000] {dag.py:3047} INFO - Sync 1 DAGs
[2024-07-09T13:31:37.131+0000] {logging_mixin.py:188} INFO - [2024-07-09T13:31:37.130+0000] {dag.py:3069} INFO - Creating ORM DAG for example_params_trigger_ui
[2024-07-09T13:31:37.132+0000] {logging_mixin.py:188} INFO - [2024-07-09T13:31:37.132+0000] {dag.py:3834} INFO - Setting next_dagrun for example_params_trigger_ui to None, run_after=None
[2024-07-09T13:31:37.180+0000] {processor.py:183} INFO - Processing /home/airflow/.local/lib/python3.11/site-packages/airflow/example_dags/example_params_trigger_ui.py took 0.215 seconds
[2024-07-09T13:32:08.050+0000] {processor.py:161} INFO - Started process (PID=494) to work on /home/airflow/.local/lib/python3.11/site-packages/airflow/example_dags/example_params_trigger_ui.py
[2024-07-09T13:32:08.051+0000] {processor.py:830} INFO - Processing file /home/airflow/.local/lib/python3.11/site-packages/airflow/example_dags/example_params_trigger_ui.py for tasks to queue
[2024-07-09T13:32:08.052+0000] {logging_mixin.py:188} INFO - [2024-07-09T13:32:08.051+0000] {dagbag.py:540} INFO - Filling up the DagBag from /home/airflow/.local/lib/python3.11/site-packages/airflow/example_dags/example_params_trigger_ui.py
[2024-07-09T13:32:08.063+0000] {processor.py:840} INFO - DAG(s) 'example_params_trigger_ui' retrieved from /home/airflow/.local/lib/python3.11/site-packages/airflow/example_dags/example_params_trigger_ui.py
[2024-07-09T13:32:08.102+0000] {logging_mixin.py:188} INFO - [2024-07-09T13:32:08.101+0000] {dag.py:3047} INFO - Sync 1 DAGs
[2024-07-09T13:32:08.112+0000] {logging_mixin.py:188} INFO - [2024-07-09T13:32:08.112+0000] {dag.py:3834} INFO - Setting next_dagrun for example_params_trigger_ui to None, run_after=None
[2024-07-09T13:32:08.128+0000] {processor.py:183} INFO - Processing /home/airflow/.local/lib/python3.11/site-packages/airflow/example_dags/example_params_trigger_ui.py took 0.080 seconds
[2024-07-09T13:32:38.295+0000] {processor.py:161} INFO - Started process (PID=764) to work on /home/airflow/.local/lib/python3.11/site-packages/airflow/example_dags/example_params_trigger_ui.py
[2024-07-09T13:32:38.296+0000] {processor.py:830} INFO - Processing file /home/airflow/.local/lib/python3.11/site-packages/airflow/example_dags/example_params_trigger_ui.py for tasks to queue
[2024-07-09T13:32:38.297+0000] {logging_mixin.py:188} INFO - [2024-07-09T13:32:38.296+0000] {dagbag.py:540} INFO - Filling up the DagBag from /home/airflow/.local/lib/python3.11/site-packages/airflow/example_dags/example_params_trigger_ui.py
[2024-07-09T13:32:38.309+0000] {processor.py:840} INFO - DAG(s) 'example_params_trigger_ui' retrieved from /home/airflow/.local/lib/python3.11/site-packages/airflow/example_dags/example_params_trigger_ui.py
[2024-07-09T13:32:38.348+0000] {logging_mixin.py:188} INFO - [2024-07-09T13:32:38.348+0000] {dag.py:3047} INFO - Sync 1 DAGs
[2024-07-09T13:32:38.358+0000] {logging_mixin.py:188} INFO - [2024-07-09T13:32:38.358+0000] {dag.py:3834} INFO - Setting next_dagrun for example_params_trigger_ui to None, run_after=None
[2024-07-09T13:32:38.375+0000] {processor.py:183} INFO - Processing /home/airflow/.local/lib/python3.11/site-packages/airflow/example_dags/example_params_trigger_ui.py took 0.083 seconds
[2024-07-09T13:33:08.730+0000] {processor.py:161} INFO - Started process (PID=1034) to work on /home/airflow/.local/lib/python3.11/site-packages/airflow/example_dags/example_params_trigger_ui.py
[2024-07-09T13:33:08.731+0000] {processor.py:830} INFO - Processing file /home/airflow/.local/lib/python3.11/site-packages/airflow/example_dags/example_params_trigger_ui.py for tasks to queue
[2024-07-09T13:33:08.731+0000] {logging_mixin.py:188} INFO - [2024-07-09T13:33:08.731+0000] {dagbag.py:540} INFO - Filling up the DagBag from /home/airflow/.local/lib/python3.11/site-packages/airflow/example_dags/example_params_trigger_ui.py
[2024-07-09T13:33:08.743+0000] {processor.py:840} INFO - DAG(s) 'example_params_trigger_ui' retrieved from /home/airflow/.local/lib/python3.11/site-packages/airflow/example_dags/example_params_trigger_ui.py
[2024-07-09T13:33:08.783+0000] {logging_mixin.py:188} INFO - [2024-07-09T13:33:08.783+0000] {dag.py:3047} INFO - Sync 1 DAGs
[2024-07-09T13:33:08.901+0000] {logging_mixin.py:188} INFO - [2024-07-09T13:33:08.900+0000] {dag.py:3834} INFO - Setting next_dagrun for example_params_trigger_ui to None, run_after=None
[2024-07-09T13:33:08.917+0000] {processor.py:183} INFO - Processing /home/airflow/.local/lib/python3.11/site-packages/airflow/example_dags/example_params_trigger_ui.py took 0.189 seconds
[2024-07-09T13:33:39.046+0000] {processor.py:161} INFO - Started process (PID=1304) to work on /home/airflow/.local/lib/python3.11/site-packages/airflow/example_dags/example_params_trigger_ui.py
[2024-07-09T13:33:39.047+0000] {processor.py:830} INFO - Processing file /home/airflow/.local/lib/python3.11/site-packages/airflow/example_dags/example_params_trigger_ui.py for tasks to queue
[2024-07-09T13:33:39.047+0000] {logging_mixin.py:188} INFO - [2024-07-09T13:33:39.047+0000] {dagbag.py:540} INFO - Filling up the DagBag from /home/airflow/.local/lib/python3.11/site-packages/airflow/example_dags/example_params_trigger_ui.py
[2024-07-09T13:33:39.059+0000] {processor.py:840} INFO - DAG(s) 'example_params_trigger_ui' retrieved from /home/airflow/.local/lib/python3.11/site-packages/airflow/example_dags/example_params_trigger_ui.py
[2024-07-09T13:33:39.100+0000] {logging_mixin.py:188} INFO - [2024-07-09T13:33:39.099+0000] {dag.py:3047} INFO - Sync 1 DAGs
[2024-07-09T13:33:39.110+0000] {logging_mixin.py:188} INFO - [2024-07-09T13:33:39.109+0000] {dag.py:3834} INFO - Setting next_dagrun for example_params_trigger_ui to None, run_after=None
[2024-07-09T13:33:39.128+0000] {processor.py:183} INFO - Processing /home/airflow/.local/lib/python3.11/site-packages/airflow/example_dags/example_params_trigger_ui.py took 0.085 seconds
[2024-07-09T13:34:09.304+0000] {processor.py:161} INFO - Started process (PID=1562) to work on /home/airflow/.local/lib/python3.11/site-packages/airflow/example_dags/example_params_trigger_ui.py
[2024-07-09T13:34:09.305+0000] {processor.py:830} INFO - Processing file /home/airflow/.local/lib/python3.11/site-packages/airflow/example_dags/example_params_trigger_ui.py for tasks to queue
[2024-07-09T13:34:09.306+0000] {logging_mixin.py:188} INFO - [2024-07-09T13:34:09.306+0000] {dagbag.py:540} INFO - Filling up the DagBag from /home/airflow/.local/lib/python3.11/site-packages/airflow/example_dags/example_params_trigger_ui.py
[2024-07-09T13:34:09.318+0000] {processor.py:840} INFO - DAG(s) 'example_params_trigger_ui' retrieved from /home/airflow/.local/lib/python3.11/site-packages/airflow/example_dags/example_params_trigger_ui.py
[2024-07-09T13:34:09.358+0000] {logging_mixin.py:188} INFO - [2024-07-09T13:34:09.357+0000] {dag.py:3047} INFO - Sync 1 DAGs
[2024-07-09T13:34:09.369+0000] {logging_mixin.py:188} INFO - [2024-07-09T13:34:09.368+0000] {dag.py:3834} INFO - Setting next_dagrun for example_params_trigger_ui to None, run_after=None
[2024-07-09T13:34:09.386+0000] {processor.py:183} INFO - Processing /home/airflow/.local/lib/python3.11/site-packages/airflow/example_dags/example_params_trigger_ui.py took 0.084 seconds
[2024-07-09T13:34:39.555+0000] {processor.py:161} INFO - Started process (PID=1828) to work on /home/airflow/.local/lib/python3.11/site-packages/airflow/example_dags/example_params_trigger_ui.py
[2024-07-09T13:34:39.556+0000] {processor.py:830} INFO - Processing file /home/airflow/.local/lib/python3.11/site-packages/airflow/example_dags/example_params_trigger_ui.py for tasks to queue
[2024-07-09T13:34:39.557+0000] {logging_mixin.py:188} INFO - [2024-07-09T13:34:39.556+0000] {dagbag.py:540} INFO - Filling up the DagBag from /home/airflow/.local/lib/python3.11/site-packages/airflow/example_dags/example_params_trigger_ui.py
[2024-07-09T13:34:39.568+0000] {processor.py:840} INFO - DAG(s) 'example_params_trigger_ui' retrieved from /home/airflow/.local/lib/python3.11/site-packages/airflow/example_dags/example_params_trigger_ui.py
[2024-07-09T13:34:39.606+0000] {logging_mixin.py:188} INFO - [2024-07-09T13:34:39.606+0000] {dag.py:3047} INFO - Sync 1 DAGs
[2024-07-09T13:34:39.616+0000] {logging_mixin.py:188} INFO - [2024-07-09T13:34:39.615+0000] {dag.py:3834} INFO - Setting next_dagrun for example_params_trigger_ui to None, run_after=None
[2024-07-09T13:34:39.632+0000] {processor.py:183} INFO - Processing /home/airflow/.local/lib/python3.11/site-packages/airflow/example_dags/example_params_trigger_ui.py took 0.080 seconds
[2024-07-09T13:35:09.827+0000] {processor.py:161} INFO - Started process (PID=2098) to work on /home/airflow/.local/lib/python3.11/site-packages/airflow/example_dags/example_params_trigger_ui.py
[2024-07-09T13:35:09.828+0000] {processor.py:830} INFO - Processing file /home/airflow/.local/lib/python3.11/site-packages/airflow/example_dags/example_params_trigger_ui.py for tasks to queue
[2024-07-09T13:35:09.828+0000] {logging_mixin.py:188} INFO - [2024-07-09T13:35:09.828+0000] {dagbag.py:540} INFO - Filling up the DagBag from /home/airflow/.local/lib/python3.11/site-packages/airflow/example_dags/example_params_trigger_ui.py
[2024-07-09T13:35:09.840+0000] {processor.py:840} INFO - DAG(s) 'example_params_trigger_ui' retrieved from /home/airflow/.local/lib/python3.11/site-packages/airflow/example_dags/example_params_trigger_ui.py
[2024-07-09T13:35:09.879+0000] {logging_mixin.py:188} INFO - [2024-07-09T13:35:09.879+0000] {dag.py:3047} INFO - Sync 1 DAGs
[2024-07-09T13:35:09.890+0000] {logging_mixin.py:188} INFO - [2024-07-09T13:35:09.889+0000] {dag.py:3834} INFO - Setting next_dagrun for example_params_trigger_ui to None, run_after=None
[2024-07-09T13:35:09.905+0000] {processor.py:183} INFO - Processing /home/airflow/.local/lib/python3.11/site-packages/airflow/example_dags/example_params_trigger_ui.py took 0.080 seconds
[2024-07-09T13:35:40.135+0000] {processor.py:161} INFO - Started process (PID=2368) to work on /home/airflow/.local/lib/python3.11/site-packages/airflow/example_dags/example_params_trigger_ui.py
[2024-07-09T13:35:40.137+0000] {processor.py:830} INFO - Processing file /home/airflow/.local/lib/python3.11/site-packages/airflow/example_dags/example_params_trigger_ui.py for tasks to queue
[2024-07-09T13:35:40.137+0000] {logging_mixin.py:188} INFO - [2024-07-09T13:35:40.137+0000] {dagbag.py:540} INFO - Filling up the DagBag from /home/airflow/.local/lib/python3.11/site-packages/airflow/example_dags/example_params_trigger_ui.py
[2024-07-09T13:35:40.149+0000] {processor.py:840} INFO - DAG(s) 'example_params_trigger_ui' retrieved from /home/airflow/.local/lib/python3.11/site-packages/airflow/example_dags/example_params_trigger_ui.py
[2024-07-09T13:35:40.186+0000] {logging_mixin.py:188} INFO - [2024-07-09T13:35:40.186+0000] {dag.py:3047} INFO - Sync 1 DAGs
[2024-07-09T13:35:40.196+0000] {logging_mixin.py:188} INFO - [2024-07-09T13:35:40.195+0000] {dag.py:3834} INFO - Setting next_dagrun for example_params_trigger_ui to None, run_after=None
[2024-07-09T13:35:40.211+0000] {processor.py:183} INFO - Processing /home/airflow/.local/lib/python3.11/site-packages/airflow/example_dags/example_params_trigger_ui.py took 0.078 seconds
[2024-07-09T13:36:10.539+0000] {processor.py:161} INFO - Started process (PID=2638) to work on /home/airflow/.local/lib/python3.11/site-packages/airflow/example_dags/example_params_trigger_ui.py
[2024-07-09T13:36:10.540+0000] {processor.py:830} INFO - Processing file /home/airflow/.local/lib/python3.11/site-packages/airflow/example_dags/example_params_trigger_ui.py for tasks to queue
[2024-07-09T13:36:10.541+0000] {logging_mixin.py:188} INFO - [2024-07-09T13:36:10.541+0000] {dagbag.py:540} INFO - Filling up the DagBag from /home/airflow/.local/lib/python3.11/site-packages/airflow/example_dags/example_params_trigger_ui.py
[2024-07-09T13:36:10.553+0000] {processor.py:840} INFO - DAG(s) 'example_params_trigger_ui' retrieved from /home/airflow/.local/lib/python3.11/site-packages/airflow/example_dags/example_params_trigger_ui.py
[2024-07-09T13:36:10.594+0000] {logging_mixin.py:188} INFO - [2024-07-09T13:36:10.593+0000] {dag.py:3047} INFO - Sync 1 DAGs
[2024-07-09T13:36:10.603+0000] {logging_mixin.py:188} INFO - [2024-07-09T13:36:10.603+0000] {dag.py:3834} INFO - Setting next_dagrun for example_params_trigger_ui to None, run_after=None
[2024-07-09T13:36:10.621+0000] {processor.py:183} INFO - Processing /home/airflow/.local/lib/python3.11/site-packages/airflow/example_dags/example_params_trigger_ui.py took 0.085 seconds
[2024-07-09T13:36:40.935+0000] {processor.py:161} INFO - Started process (PID=2908) to work on /home/airflow/.local/lib/python3.11/site-packages/airflow/example_dags/example_params_trigger_ui.py
[2024-07-09T13:36:40.936+0000] {processor.py:830} INFO - Processing file /home/airflow/.local/lib/python3.11/site-packages/airflow/example_dags/example_params_trigger_ui.py for tasks to queue
[2024-07-09T13:36:40.937+0000] {logging_mixin.py:188} INFO - [2024-07-09T13:36:40.936+0000] {dagbag.py:540} INFO - Filling up the DagBag from /home/airflow/.local/lib/python3.11/site-packages/airflow/example_dags/example_params_trigger_ui.py
[2024-07-09T13:36:40.948+0000] {processor.py:840} INFO - DAG(s) 'example_params_trigger_ui' retrieved from /home/airflow/.local/lib/python3.11/site-packages/airflow/example_dags/example_params_trigger_ui.py
[2024-07-09T13:36:40.986+0000] {logging_mixin.py:188} INFO - [2024-07-09T13:36:40.986+0000] {dag.py:3047} INFO - Sync 1 DAGs
[2024-07-09T13:36:40.996+0000] {logging_mixin.py:188} INFO - [2024-07-09T13:36:40.995+0000] {dag.py:3834} INFO - Setting next_dagrun for example_params_trigger_ui to None, run_after=None
[2024-07-09T13:36:41.013+0000] {processor.py:183} INFO - Processing /home/airflow/.local/lib/python3.11/site-packages/airflow/example_dags/example_params_trigger_ui.py took 0.080 seconds
[2024-07-09T13:37:11.357+0000] {processor.py:161} INFO - Started process (PID=3178) to work on /home/airflow/.local/lib/python3.11/site-packages/airflow/example_dags/example_params_trigger_ui.py
[2024-07-09T13:37:11.358+0000] {processor.py:830} INFO - Processing file /home/airflow/.local/lib/python3.11/site-packages/airflow/example_dags/example_params_trigger_ui.py for tasks to queue
[2024-07-09T13:37:11.358+0000] {logging_mixin.py:188} INFO - [2024-07-09T13:37:11.358+0000] {dagbag.py:540} INFO - Filling up the DagBag from /home/airflow/.local/lib/python3.11/site-packages/airflow/example_dags/example_params_trigger_ui.py
[2024-07-09T13:37:11.372+0000] {processor.py:840} INFO - DAG(s) 'example_params_trigger_ui' retrieved from /home/airflow/.local/lib/python3.11/site-packages/airflow/example_dags/example_params_trigger_ui.py
[2024-07-09T13:37:11.414+0000] {logging_mixin.py:188} INFO - [2024-07-09T13:37:11.414+0000] {dag.py:3047} INFO - Sync 1 DAGs
[2024-07-09T13:37:11.427+0000] {logging_mixin.py:188} INFO - [2024-07-09T13:37:11.427+0000] {dag.py:3834} INFO - Setting next_dagrun for example_params_trigger_ui to None, run_after=None
[2024-07-09T13:37:11.446+0000] {processor.py:183} INFO - Processing /home/airflow/.local/lib/python3.11/site-packages/airflow/example_dags/example_params_trigger_ui.py took 0.092 seconds
[2024-07-09T13:46:09.859+0000] {processor.py:161} INFO - Started process (PID=224) to work on /home/airflow/.local/lib/python3.11/site-packages/airflow/example_dags/example_params_trigger_ui.py
[2024-07-09T13:46:09.860+0000] {processor.py:830} INFO - Processing file /home/airflow/.local/lib/python3.11/site-packages/airflow/example_dags/example_params_trigger_ui.py for tasks to queue
[2024-07-09T13:46:09.860+0000] {logging_mixin.py:188} INFO - [2024-07-09T13:46:09.860+0000] {dagbag.py:540} INFO - Filling up the DagBag from /home/airflow/.local/lib/python3.11/site-packages/airflow/example_dags/example_params_trigger_ui.py
[2024-07-09T13:46:09.879+0000] {processor.py:840} INFO - DAG(s) 'example_params_trigger_ui' retrieved from /home/airflow/.local/lib/python3.11/site-packages/airflow/example_dags/example_params_trigger_ui.py
[2024-07-09T13:46:09.986+0000] {logging_mixin.py:188} INFO - [2024-07-09T13:46:09.986+0000] {override.py:1769} INFO - Created Permission View: can delete on DAG:example_params_trigger_ui
[2024-07-09T13:46:09.995+0000] {logging_mixin.py:188} INFO - [2024-07-09T13:46:09.995+0000] {override.py:1769} INFO - Created Permission View: can read on DAG:example_params_trigger_ui
[2024-07-09T13:46:10.002+0000] {logging_mixin.py:188} INFO - [2024-07-09T13:46:10.001+0000] {override.py:1769} INFO - Created Permission View: can edit on DAG:example_params_trigger_ui
[2024-07-09T13:46:10.002+0000] {logging_mixin.py:188} INFO - [2024-07-09T13:46:10.002+0000] {dag.py:3047} INFO - Sync 1 DAGs
[2024-07-09T13:46:10.010+0000] {logging_mixin.py:188} INFO - [2024-07-09T13:46:10.010+0000] {dag.py:3069} INFO - Creating ORM DAG for example_params_trigger_ui
[2024-07-09T13:46:10.011+0000] {logging_mixin.py:188} INFO - [2024-07-09T13:46:10.011+0000] {dag.py:3834} INFO - Setting next_dagrun for example_params_trigger_ui to None, run_after=None
[2024-07-09T13:46:10.025+0000] {processor.py:183} INFO - Processing /home/airflow/.local/lib/python3.11/site-packages/airflow/example_dags/example_params_trigger_ui.py took 0.169 seconds
[2024-07-09T13:46:40.771+0000] {processor.py:161} INFO - Started process (PID=494) to work on /home/airflow/.local/lib/python3.11/site-packages/airflow/example_dags/example_params_trigger_ui.py
[2024-07-09T13:46:40.772+0000] {processor.py:830} INFO - Processing file /home/airflow/.local/lib/python3.11/site-packages/airflow/example_dags/example_params_trigger_ui.py for tasks to queue
[2024-07-09T13:46:40.772+0000] {logging_mixin.py:188} INFO - [2024-07-09T13:46:40.772+0000] {dagbag.py:540} INFO - Filling up the DagBag from /home/airflow/.local/lib/python3.11/site-packages/airflow/example_dags/example_params_trigger_ui.py
[2024-07-09T13:46:40.784+0000] {processor.py:840} INFO - DAG(s) 'example_params_trigger_ui' retrieved from /home/airflow/.local/lib/python3.11/site-packages/airflow/example_dags/example_params_trigger_ui.py
[2024-07-09T13:46:40.822+0000] {logging_mixin.py:188} INFO - [2024-07-09T13:46:40.822+0000] {dag.py:3047} INFO - Sync 1 DAGs
[2024-07-09T13:46:40.833+0000] {logging_mixin.py:188} INFO - [2024-07-09T13:46:40.833+0000] {dag.py:3834} INFO - Setting next_dagrun for example_params_trigger_ui to None, run_after=None
[2024-07-09T13:46:40.849+0000] {processor.py:183} INFO - Processing /home/airflow/.local/lib/python3.11/site-packages/airflow/example_dags/example_params_trigger_ui.py took 0.081 seconds
[2024-07-09T13:47:11.520+0000] {processor.py:161} INFO - Started process (PID=766) to work on /home/airflow/.local/lib/python3.11/site-packages/airflow/example_dags/example_params_trigger_ui.py
[2024-07-09T13:47:11.521+0000] {processor.py:830} INFO - Processing file /home/airflow/.local/lib/python3.11/site-packages/airflow/example_dags/example_params_trigger_ui.py for tasks to queue
[2024-07-09T13:47:11.522+0000] {logging_mixin.py:188} INFO - [2024-07-09T13:47:11.522+0000] {dagbag.py:540} INFO - Filling up the DagBag from /home/airflow/.local/lib/python3.11/site-packages/airflow/example_dags/example_params_trigger_ui.py
[2024-07-09T13:47:11.533+0000] {processor.py:840} INFO - DAG(s) 'example_params_trigger_ui' retrieved from /home/airflow/.local/lib/python3.11/site-packages/airflow/example_dags/example_params_trigger_ui.py
[2024-07-09T13:47:11.571+0000] {logging_mixin.py:188} INFO - [2024-07-09T13:47:11.571+0000] {dag.py:3047} INFO - Sync 1 DAGs
[2024-07-09T13:47:11.580+0000] {logging_mixin.py:188} INFO - [2024-07-09T13:47:11.580+0000] {dag.py:3834} INFO - Setting next_dagrun for example_params_trigger_ui to None, run_after=None
[2024-07-09T13:47:11.596+0000] {processor.py:183} INFO - Processing /home/airflow/.local/lib/python3.11/site-packages/airflow/example_dags/example_params_trigger_ui.py took 0.078 seconds
[2024-07-09T13:47:42.271+0000] {processor.py:161} INFO - Started process (PID=1036) to work on /home/airflow/.local/lib/python3.11/site-packages/airflow/example_dags/example_params_trigger_ui.py
[2024-07-09T13:47:42.272+0000] {processor.py:830} INFO - Processing file /home/airflow/.local/lib/python3.11/site-packages/airflow/example_dags/example_params_trigger_ui.py for tasks to queue
[2024-07-09T13:47:42.273+0000] {logging_mixin.py:188} INFO - [2024-07-09T13:47:42.273+0000] {dagbag.py:540} INFO - Filling up the DagBag from /home/airflow/.local/lib/python3.11/site-packages/airflow/example_dags/example_params_trigger_ui.py
[2024-07-09T13:47:42.285+0000] {processor.py:840} INFO - DAG(s) 'example_params_trigger_ui' retrieved from /home/airflow/.local/lib/python3.11/site-packages/airflow/example_dags/example_params_trigger_ui.py
[2024-07-09T13:47:42.325+0000] {logging_mixin.py:188} INFO - [2024-07-09T13:47:42.324+0000] {dag.py:3047} INFO - Sync 1 DAGs
[2024-07-09T13:47:42.457+0000] {logging_mixin.py:188} INFO - [2024-07-09T13:47:42.457+0000] {dag.py:3834} INFO - Setting next_dagrun for example_params_trigger_ui to None, run_after=None
[2024-07-09T13:47:42.474+0000] {processor.py:183} INFO - Processing /home/airflow/.local/lib/python3.11/site-packages/airflow/example_dags/example_params_trigger_ui.py took 0.205 seconds
[2024-07-09T13:48:12.899+0000] {processor.py:161} INFO - Started process (PID=1292) to work on /home/airflow/.local/lib/python3.11/site-packages/airflow/example_dags/example_params_trigger_ui.py
[2024-07-09T13:48:12.900+0000] {processor.py:830} INFO - Processing file /home/airflow/.local/lib/python3.11/site-packages/airflow/example_dags/example_params_trigger_ui.py for tasks to queue
[2024-07-09T13:48:12.901+0000] {logging_mixin.py:188} INFO - [2024-07-09T13:48:12.901+0000] {dagbag.py:540} INFO - Filling up the DagBag from /home/airflow/.local/lib/python3.11/site-packages/airflow/example_dags/example_params_trigger_ui.py
[2024-07-09T13:48:12.915+0000] {processor.py:840} INFO - DAG(s) 'example_params_trigger_ui' retrieved from /home/airflow/.local/lib/python3.11/site-packages/airflow/example_dags/example_params_trigger_ui.py
[2024-07-09T13:48:12.957+0000] {logging_mixin.py:188} INFO - [2024-07-09T13:48:12.956+0000] {dag.py:3047} INFO - Sync 1 DAGs
[2024-07-09T13:48:12.968+0000] {logging_mixin.py:188} INFO - [2024-07-09T13:48:12.968+0000] {dag.py:3834} INFO - Setting next_dagrun for example_params_trigger_ui to None, run_after=None
[2024-07-09T13:48:12.986+0000] {processor.py:183} INFO - Processing /home/airflow/.local/lib/python3.11/site-packages/airflow/example_dags/example_params_trigger_ui.py took 0.090 seconds
[2024-07-09T13:48:43.486+0000] {processor.py:161} INFO - Started process (PID=1562) to work on /home/airflow/.local/lib/python3.11/site-packages/airflow/example_dags/example_params_trigger_ui.py
[2024-07-09T13:48:43.487+0000] {processor.py:830} INFO - Processing file /home/airflow/.local/lib/python3.11/site-packages/airflow/example_dags/example_params_trigger_ui.py for tasks to queue
[2024-07-09T13:48:43.487+0000] {logging_mixin.py:188} INFO - [2024-07-09T13:48:43.487+0000] {dagbag.py:540} INFO - Filling up the DagBag from /home/airflow/.local/lib/python3.11/site-packages/airflow/example_dags/example_params_trigger_ui.py
[2024-07-09T13:48:43.501+0000] {processor.py:840} INFO - DAG(s) 'example_params_trigger_ui' retrieved from /home/airflow/.local/lib/python3.11/site-packages/airflow/example_dags/example_params_trigger_ui.py
[2024-07-09T13:48:43.540+0000] {logging_mixin.py:188} INFO - [2024-07-09T13:48:43.540+0000] {dag.py:3047} INFO - Sync 1 DAGs
[2024-07-09T13:48:43.550+0000] {logging_mixin.py:188} INFO - [2024-07-09T13:48:43.549+0000] {dag.py:3834} INFO - Setting next_dagrun for example_params_trigger_ui to None, run_after=None
[2024-07-09T13:48:43.567+0000] {processor.py:183} INFO - Processing /home/airflow/.local/lib/python3.11/site-packages/airflow/example_dags/example_params_trigger_ui.py took 0.084 seconds
[2024-07-09T13:49:13.776+0000] {processor.py:161} INFO - Started process (PID=1828) to work on /home/airflow/.local/lib/python3.11/site-packages/airflow/example_dags/example_params_trigger_ui.py
[2024-07-09T13:49:13.777+0000] {processor.py:830} INFO - Processing file /home/airflow/.local/lib/python3.11/site-packages/airflow/example_dags/example_params_trigger_ui.py for tasks to queue
[2024-07-09T13:49:13.778+0000] {logging_mixin.py:188} INFO - [2024-07-09T13:49:13.778+0000] {dagbag.py:540} INFO - Filling up the DagBag from /home/airflow/.local/lib/python3.11/site-packages/airflow/example_dags/example_params_trigger_ui.py
[2024-07-09T13:49:13.789+0000] {processor.py:840} INFO - DAG(s) 'example_params_trigger_ui' retrieved from /home/airflow/.local/lib/python3.11/site-packages/airflow/example_dags/example_params_trigger_ui.py
[2024-07-09T13:49:13.828+0000] {logging_mixin.py:188} INFO - [2024-07-09T13:49:13.828+0000] {dag.py:3047} INFO - Sync 1 DAGs
[2024-07-09T13:49:13.839+0000] {logging_mixin.py:188} INFO - [2024-07-09T13:49:13.838+0000] {dag.py:3834} INFO - Setting next_dagrun for example_params_trigger_ui to None, run_after=None
[2024-07-09T13:49:13.854+0000] {processor.py:183} INFO - Processing /home/airflow/.local/lib/python3.11/site-packages/airflow/example_dags/example_params_trigger_ui.py took 0.081 seconds
[2024-07-09T13:49:44.292+0000] {processor.py:161} INFO - Started process (PID=2098) to work on /home/airflow/.local/lib/python3.11/site-packages/airflow/example_dags/example_params_trigger_ui.py
[2024-07-09T13:49:44.293+0000] {processor.py:830} INFO - Processing file /home/airflow/.local/lib/python3.11/site-packages/airflow/example_dags/example_params_trigger_ui.py for tasks to queue
[2024-07-09T13:49:44.294+0000] {logging_mixin.py:188} INFO - [2024-07-09T13:49:44.294+0000] {dagbag.py:540} INFO - Filling up the DagBag from /home/airflow/.local/lib/python3.11/site-packages/airflow/example_dags/example_params_trigger_ui.py
[2024-07-09T13:49:44.306+0000] {processor.py:840} INFO - DAG(s) 'example_params_trigger_ui' retrieved from /home/airflow/.local/lib/python3.11/site-packages/airflow/example_dags/example_params_trigger_ui.py
[2024-07-09T13:49:44.345+0000] {logging_mixin.py:188} INFO - [2024-07-09T13:49:44.345+0000] {dag.py:3047} INFO - Sync 1 DAGs
[2024-07-09T13:49:44.355+0000] {logging_mixin.py:188} INFO - [2024-07-09T13:49:44.355+0000] {dag.py:3834} INFO - Setting next_dagrun for example_params_trigger_ui to None, run_after=None
[2024-07-09T13:49:44.372+0000] {processor.py:183} INFO - Processing /home/airflow/.local/lib/python3.11/site-packages/airflow/example_dags/example_params_trigger_ui.py took 0.082 seconds
[2024-07-09T13:50:14.473+0000] {processor.py:161} INFO - Started process (PID=2368) to work on /home/airflow/.local/lib/python3.11/site-packages/airflow/example_dags/example_params_trigger_ui.py
[2024-07-09T13:50:14.474+0000] {processor.py:830} INFO - Processing file /home/airflow/.local/lib/python3.11/site-packages/airflow/example_dags/example_params_trigger_ui.py for tasks to queue
[2024-07-09T13:50:14.475+0000] {logging_mixin.py:188} INFO - [2024-07-09T13:50:14.475+0000] {dagbag.py:540} INFO - Filling up the DagBag from /home/airflow/.local/lib/python3.11/site-packages/airflow/example_dags/example_params_trigger_ui.py
[2024-07-09T13:50:14.486+0000] {processor.py:840} INFO - DAG(s) 'example_params_trigger_ui' retrieved from /home/airflow/.local/lib/python3.11/site-packages/airflow/example_dags/example_params_trigger_ui.py
[2024-07-09T13:50:14.525+0000] {logging_mixin.py:188} INFO - [2024-07-09T13:50:14.524+0000] {dag.py:3047} INFO - Sync 1 DAGs
[2024-07-09T13:50:14.534+0000] {logging_mixin.py:188} INFO - [2024-07-09T13:50:14.534+0000] {dag.py:3834} INFO - Setting next_dagrun for example_params_trigger_ui to None, run_after=None
[2024-07-09T13:50:14.550+0000] {processor.py:183} INFO - Processing /home/airflow/.local/lib/python3.11/site-packages/airflow/example_dags/example_params_trigger_ui.py took 0.079 seconds
[2024-07-09T13:50:44.734+0000] {processor.py:161} INFO - Started process (PID=2638) to work on /home/airflow/.local/lib/python3.11/site-packages/airflow/example_dags/example_params_trigger_ui.py
[2024-07-09T13:50:44.735+0000] {processor.py:830} INFO - Processing file /home/airflow/.local/lib/python3.11/site-packages/airflow/example_dags/example_params_trigger_ui.py for tasks to queue
[2024-07-09T13:50:44.736+0000] {logging_mixin.py:188} INFO - [2024-07-09T13:50:44.735+0000] {dagbag.py:540} INFO - Filling up the DagBag from /home/airflow/.local/lib/python3.11/site-packages/airflow/example_dags/example_params_trigger_ui.py
[2024-07-09T13:50:44.747+0000] {processor.py:840} INFO - DAG(s) 'example_params_trigger_ui' retrieved from /home/airflow/.local/lib/python3.11/site-packages/airflow/example_dags/example_params_trigger_ui.py
[2024-07-09T13:50:44.788+0000] {logging_mixin.py:188} INFO - [2024-07-09T13:50:44.788+0000] {dag.py:3047} INFO - Sync 1 DAGs
[2024-07-09T13:50:44.797+0000] {logging_mixin.py:188} INFO - [2024-07-09T13:50:44.797+0000] {dag.py:3834} INFO - Setting next_dagrun for example_params_trigger_ui to None, run_after=None
[2024-07-09T13:50:44.812+0000] {processor.py:183} INFO - Processing /home/airflow/.local/lib/python3.11/site-packages/airflow/example_dags/example_params_trigger_ui.py took 0.081 seconds
[2024-07-09T13:51:15.222+0000] {processor.py:161} INFO - Started process (PID=2908) to work on /home/airflow/.local/lib/python3.11/site-packages/airflow/example_dags/example_params_trigger_ui.py
[2024-07-09T13:51:15.223+0000] {processor.py:830} INFO - Processing file /home/airflow/.local/lib/python3.11/site-packages/airflow/example_dags/example_params_trigger_ui.py for tasks to queue
[2024-07-09T13:51:15.224+0000] {logging_mixin.py:188} INFO - [2024-07-09T13:51:15.224+0000] {dagbag.py:540} INFO - Filling up the DagBag from /home/airflow/.local/lib/python3.11/site-packages/airflow/example_dags/example_params_trigger_ui.py
[2024-07-09T13:51:15.235+0000] {processor.py:840} INFO - DAG(s) 'example_params_trigger_ui' retrieved from /home/airflow/.local/lib/python3.11/site-packages/airflow/example_dags/example_params_trigger_ui.py
[2024-07-09T13:51:15.273+0000] {logging_mixin.py:188} INFO - [2024-07-09T13:51:15.273+0000] {dag.py:3047} INFO - Sync 1 DAGs
[2024-07-09T13:51:15.282+0000] {logging_mixin.py:188} INFO - [2024-07-09T13:51:15.282+0000] {dag.py:3834} INFO - Setting next_dagrun for example_params_trigger_ui to None, run_after=None
[2024-07-09T13:51:15.298+0000] {processor.py:183} INFO - Processing /home/airflow/.local/lib/python3.11/site-packages/airflow/example_dags/example_params_trigger_ui.py took 0.079 seconds
