[2024-07-09T13:18:49.201+0000] {processor.py:161} INFO - Started process (PID=289) to work on /home/airflow/.local/lib/python3.11/site-packages/airflow/example_dags/example_nested_branch_dag.py
[2024-07-09T13:18:49.202+0000] {processor.py:830} INFO - Processing file /home/airflow/.local/lib/python3.11/site-packages/airflow/example_dags/example_nested_branch_dag.py for tasks to queue
[2024-07-09T13:18:49.202+0000] {logging_mixin.py:188} INFO - [2024-07-09T13:18:49.202+0000] {dagbag.py:540} INFO - Filling up the DagBag from /home/airflow/.local/lib/python3.11/site-packages/airflow/example_dags/example_nested_branch_dag.py
[2024-07-09T13:18:49.211+0000] {processor.py:840} INFO - DAG(s) 'example_nested_branch_dag' retrieved from /home/airflow/.local/lib/python3.11/site-packages/airflow/example_dags/example_nested_branch_dag.py
[2024-07-09T13:18:49.305+0000] {logging_mixin.py:188} INFO - [2024-07-09T13:18:49.305+0000] {override.py:1769} INFO - Created Permission View: can delete on DAG:example_nested_branch_dag
[2024-07-09T13:18:49.315+0000] {logging_mixin.py:188} INFO - [2024-07-09T13:18:49.314+0000] {override.py:1769} INFO - Created Permission View: can read on DAG:example_nested_branch_dag
[2024-07-09T13:18:49.321+0000] {logging_mixin.py:188} INFO - [2024-07-09T13:18:49.321+0000] {override.py:1769} INFO - Created Permission View: can edit on DAG:example_nested_branch_dag
[2024-07-09T13:18:49.321+0000] {logging_mixin.py:188} INFO - [2024-07-09T13:18:49.321+0000] {dag.py:3047} INFO - Sync 1 DAGs
[2024-07-09T13:18:49.330+0000] {logging_mixin.py:188} INFO - [2024-07-09T13:18:49.330+0000] {dag.py:3069} INFO - Creating ORM DAG for example_nested_branch_dag
[2024-07-09T13:18:49.340+0000] {logging_mixin.py:188} INFO - [2024-07-09T13:18:49.340+0000] {dag.py:3834} INFO - Setting next_dagrun for example_nested_branch_dag to 2024-07-08 00:00:00+00:00, run_after=2024-07-09 00:00:00+00:00
[2024-07-09T13:18:49.356+0000] {processor.py:183} INFO - Processing /home/airflow/.local/lib/python3.11/site-packages/airflow/example_dags/example_nested_branch_dag.py took 0.157 seconds
[2024-07-09T13:19:20.042+0000] {processor.py:161} INFO - Started process (PID=559) to work on /home/airflow/.local/lib/python3.11/site-packages/airflow/example_dags/example_nested_branch_dag.py
[2024-07-09T13:19:20.043+0000] {processor.py:830} INFO - Processing file /home/airflow/.local/lib/python3.11/site-packages/airflow/example_dags/example_nested_branch_dag.py for tasks to queue
[2024-07-09T13:19:20.043+0000] {logging_mixin.py:188} INFO - [2024-07-09T13:19:20.043+0000] {dagbag.py:540} INFO - Filling up the DagBag from /home/airflow/.local/lib/python3.11/site-packages/airflow/example_dags/example_nested_branch_dag.py
[2024-07-09T13:19:20.051+0000] {processor.py:840} INFO - DAG(s) 'example_nested_branch_dag' retrieved from /home/airflow/.local/lib/python3.11/site-packages/airflow/example_dags/example_nested_branch_dag.py
[2024-07-09T13:19:20.072+0000] {logging_mixin.py:188} INFO - [2024-07-09T13:19:20.072+0000] {dag.py:3047} INFO - Sync 1 DAGs
[2024-07-09T13:19:20.090+0000] {logging_mixin.py:188} INFO - [2024-07-09T13:19:20.090+0000] {dag.py:3834} INFO - Setting next_dagrun for example_nested_branch_dag to 2024-07-08 00:00:00+00:00, run_after=2024-07-09 00:00:00+00:00
[2024-07-09T13:19:20.105+0000] {processor.py:183} INFO - Processing /home/airflow/.local/lib/python3.11/site-packages/airflow/example_dags/example_nested_branch_dag.py took 0.066 seconds
[2024-07-09T13:19:50.938+0000] {processor.py:161} INFO - Started process (PID=829) to work on /home/airflow/.local/lib/python3.11/site-packages/airflow/example_dags/example_nested_branch_dag.py
[2024-07-09T13:19:50.939+0000] {processor.py:830} INFO - Processing file /home/airflow/.local/lib/python3.11/site-packages/airflow/example_dags/example_nested_branch_dag.py for tasks to queue
[2024-07-09T13:19:50.940+0000] {logging_mixin.py:188} INFO - [2024-07-09T13:19:50.939+0000] {dagbag.py:540} INFO - Filling up the DagBag from /home/airflow/.local/lib/python3.11/site-packages/airflow/example_dags/example_nested_branch_dag.py
[2024-07-09T13:19:50.948+0000] {processor.py:840} INFO - DAG(s) 'example_nested_branch_dag' retrieved from /home/airflow/.local/lib/python3.11/site-packages/airflow/example_dags/example_nested_branch_dag.py
[2024-07-09T13:19:50.969+0000] {logging_mixin.py:188} INFO - [2024-07-09T13:19:50.969+0000] {dag.py:3047} INFO - Sync 1 DAGs
[2024-07-09T13:19:50.987+0000] {logging_mixin.py:188} INFO - [2024-07-09T13:19:50.987+0000] {dag.py:3834} INFO - Setting next_dagrun for example_nested_branch_dag to 2024-07-08 00:00:00+00:00, run_after=2024-07-09 00:00:00+00:00
[2024-07-09T13:19:51.003+0000] {processor.py:183} INFO - Processing /home/airflow/.local/lib/python3.11/site-packages/airflow/example_dags/example_nested_branch_dag.py took 0.067 seconds
[2024-07-09T13:20:22.123+0000] {processor.py:161} INFO - Started process (PID=1099) to work on /home/airflow/.local/lib/python3.11/site-packages/airflow/example_dags/example_nested_branch_dag.py
[2024-07-09T13:20:22.124+0000] {processor.py:830} INFO - Processing file /home/airflow/.local/lib/python3.11/site-packages/airflow/example_dags/example_nested_branch_dag.py for tasks to queue
[2024-07-09T13:20:22.125+0000] {logging_mixin.py:188} INFO - [2024-07-09T13:20:22.125+0000] {dagbag.py:540} INFO - Filling up the DagBag from /home/airflow/.local/lib/python3.11/site-packages/airflow/example_dags/example_nested_branch_dag.py
[2024-07-09T13:20:22.134+0000] {processor.py:840} INFO - DAG(s) 'example_nested_branch_dag' retrieved from /home/airflow/.local/lib/python3.11/site-packages/airflow/example_dags/example_nested_branch_dag.py
[2024-07-09T13:20:22.156+0000] {logging_mixin.py:188} INFO - [2024-07-09T13:20:22.156+0000] {dag.py:3047} INFO - Sync 1 DAGs
[2024-07-09T13:20:22.298+0000] {logging_mixin.py:188} INFO - [2024-07-09T13:20:22.298+0000] {dag.py:3834} INFO - Setting next_dagrun for example_nested_branch_dag to 2024-07-08 00:00:00+00:00, run_after=2024-07-09 00:00:00+00:00
[2024-07-09T13:20:22.317+0000] {processor.py:183} INFO - Processing /home/airflow/.local/lib/python3.11/site-packages/airflow/example_dags/example_nested_branch_dag.py took 0.199 seconds
[2024-07-09T13:20:52.344+0000] {processor.py:161} INFO - Started process (PID=1371) to work on /home/airflow/.local/lib/python3.11/site-packages/airflow/example_dags/example_nested_branch_dag.py
[2024-07-09T13:20:52.346+0000] {processor.py:830} INFO - Processing file /home/airflow/.local/lib/python3.11/site-packages/airflow/example_dags/example_nested_branch_dag.py for tasks to queue
[2024-07-09T13:20:52.347+0000] {logging_mixin.py:188} INFO - [2024-07-09T13:20:52.347+0000] {dagbag.py:540} INFO - Filling up the DagBag from /home/airflow/.local/lib/python3.11/site-packages/airflow/example_dags/example_nested_branch_dag.py
[2024-07-09T13:20:52.356+0000] {processor.py:840} INFO - DAG(s) 'example_nested_branch_dag' retrieved from /home/airflow/.local/lib/python3.11/site-packages/airflow/example_dags/example_nested_branch_dag.py
[2024-07-09T13:20:52.378+0000] {logging_mixin.py:188} INFO - [2024-07-09T13:20:52.378+0000] {dag.py:3047} INFO - Sync 1 DAGs
[2024-07-09T13:20:52.397+0000] {logging_mixin.py:188} INFO - [2024-07-09T13:20:52.397+0000] {dag.py:3834} INFO - Setting next_dagrun for example_nested_branch_dag to 2024-07-08 00:00:00+00:00, run_after=2024-07-09 00:00:00+00:00
[2024-07-09T13:20:52.416+0000] {processor.py:183} INFO - Processing /home/airflow/.local/lib/python3.11/site-packages/airflow/example_dags/example_nested_branch_dag.py took 0.075 seconds
[2024-07-09T13:21:23.219+0000] {processor.py:161} INFO - Started process (PID=1641) to work on /home/airflow/.local/lib/python3.11/site-packages/airflow/example_dags/example_nested_branch_dag.py
[2024-07-09T13:21:23.220+0000] {processor.py:830} INFO - Processing file /home/airflow/.local/lib/python3.11/site-packages/airflow/example_dags/example_nested_branch_dag.py for tasks to queue
[2024-07-09T13:21:23.221+0000] {logging_mixin.py:188} INFO - [2024-07-09T13:21:23.221+0000] {dagbag.py:540} INFO - Filling up the DagBag from /home/airflow/.local/lib/python3.11/site-packages/airflow/example_dags/example_nested_branch_dag.py
[2024-07-09T13:21:23.229+0000] {processor.py:840} INFO - DAG(s) 'example_nested_branch_dag' retrieved from /home/airflow/.local/lib/python3.11/site-packages/airflow/example_dags/example_nested_branch_dag.py
[2024-07-09T13:21:23.250+0000] {logging_mixin.py:188} INFO - [2024-07-09T13:21:23.250+0000] {dag.py:3047} INFO - Sync 1 DAGs
[2024-07-09T13:21:23.269+0000] {logging_mixin.py:188} INFO - [2024-07-09T13:21:23.269+0000] {dag.py:3834} INFO - Setting next_dagrun for example_nested_branch_dag to 2024-07-08 00:00:00+00:00, run_after=2024-07-09 00:00:00+00:00
[2024-07-09T13:21:23.284+0000] {processor.py:183} INFO - Processing /home/airflow/.local/lib/python3.11/site-packages/airflow/example_dags/example_nested_branch_dag.py took 0.067 seconds
[2024-07-09T13:21:53.925+0000] {processor.py:161} INFO - Started process (PID=1911) to work on /home/airflow/.local/lib/python3.11/site-packages/airflow/example_dags/example_nested_branch_dag.py
[2024-07-09T13:21:53.926+0000] {processor.py:830} INFO - Processing file /home/airflow/.local/lib/python3.11/site-packages/airflow/example_dags/example_nested_branch_dag.py for tasks to queue
[2024-07-09T13:21:53.927+0000] {logging_mixin.py:188} INFO - [2024-07-09T13:21:53.926+0000] {dagbag.py:540} INFO - Filling up the DagBag from /home/airflow/.local/lib/python3.11/site-packages/airflow/example_dags/example_nested_branch_dag.py
[2024-07-09T13:21:53.935+0000] {processor.py:840} INFO - DAG(s) 'example_nested_branch_dag' retrieved from /home/airflow/.local/lib/python3.11/site-packages/airflow/example_dags/example_nested_branch_dag.py
[2024-07-09T13:21:53.956+0000] {logging_mixin.py:188} INFO - [2024-07-09T13:21:53.956+0000] {dag.py:3047} INFO - Sync 1 DAGs
[2024-07-09T13:21:53.974+0000] {logging_mixin.py:188} INFO - [2024-07-09T13:21:53.974+0000] {dag.py:3834} INFO - Setting next_dagrun for example_nested_branch_dag to 2024-07-08 00:00:00+00:00, run_after=2024-07-09 00:00:00+00:00
[2024-07-09T13:21:53.990+0000] {processor.py:183} INFO - Processing /home/airflow/.local/lib/python3.11/site-packages/airflow/example_dags/example_nested_branch_dag.py took 0.067 seconds
[2024-07-09T13:22:24.633+0000] {processor.py:161} INFO - Started process (PID=2179) to work on /home/airflow/.local/lib/python3.11/site-packages/airflow/example_dags/example_nested_branch_dag.py
[2024-07-09T13:22:24.634+0000] {processor.py:830} INFO - Processing file /home/airflow/.local/lib/python3.11/site-packages/airflow/example_dags/example_nested_branch_dag.py for tasks to queue
[2024-07-09T13:22:24.635+0000] {logging_mixin.py:188} INFO - [2024-07-09T13:22:24.634+0000] {dagbag.py:540} INFO - Filling up the DagBag from /home/airflow/.local/lib/python3.11/site-packages/airflow/example_dags/example_nested_branch_dag.py
[2024-07-09T13:22:24.643+0000] {processor.py:840} INFO - DAG(s) 'example_nested_branch_dag' retrieved from /home/airflow/.local/lib/python3.11/site-packages/airflow/example_dags/example_nested_branch_dag.py
[2024-07-09T13:22:24.664+0000] {logging_mixin.py:188} INFO - [2024-07-09T13:22:24.664+0000] {dag.py:3047} INFO - Sync 1 DAGs
[2024-07-09T13:22:24.683+0000] {logging_mixin.py:188} INFO - [2024-07-09T13:22:24.683+0000] {dag.py:3834} INFO - Setting next_dagrun for example_nested_branch_dag to 2024-07-08 00:00:00+00:00, run_after=2024-07-09 00:00:00+00:00
[2024-07-09T13:22:24.700+0000] {processor.py:183} INFO - Processing /home/airflow/.local/lib/python3.11/site-packages/airflow/example_dags/example_nested_branch_dag.py took 0.070 seconds
[2024-07-09T13:22:55.393+0000] {processor.py:161} INFO - Started process (PID=2449) to work on /home/airflow/.local/lib/python3.11/site-packages/airflow/example_dags/example_nested_branch_dag.py
[2024-07-09T13:22:55.394+0000] {processor.py:830} INFO - Processing file /home/airflow/.local/lib/python3.11/site-packages/airflow/example_dags/example_nested_branch_dag.py for tasks to queue
[2024-07-09T13:22:55.394+0000] {logging_mixin.py:188} INFO - [2024-07-09T13:22:55.394+0000] {dagbag.py:540} INFO - Filling up the DagBag from /home/airflow/.local/lib/python3.11/site-packages/airflow/example_dags/example_nested_branch_dag.py
[2024-07-09T13:22:55.403+0000] {processor.py:840} INFO - DAG(s) 'example_nested_branch_dag' retrieved from /home/airflow/.local/lib/python3.11/site-packages/airflow/example_dags/example_nested_branch_dag.py
[2024-07-09T13:22:55.424+0000] {logging_mixin.py:188} INFO - [2024-07-09T13:22:55.424+0000] {dag.py:3047} INFO - Sync 1 DAGs
[2024-07-09T13:22:55.443+0000] {logging_mixin.py:188} INFO - [2024-07-09T13:22:55.443+0000] {dag.py:3834} INFO - Setting next_dagrun for example_nested_branch_dag to 2024-07-08 00:00:00+00:00, run_after=2024-07-09 00:00:00+00:00
[2024-07-09T13:22:55.459+0000] {processor.py:183} INFO - Processing /home/airflow/.local/lib/python3.11/site-packages/airflow/example_dags/example_nested_branch_dag.py took 0.069 seconds
[2024-07-09T13:23:26.151+0000] {processor.py:161} INFO - Started process (PID=2719) to work on /home/airflow/.local/lib/python3.11/site-packages/airflow/example_dags/example_nested_branch_dag.py
[2024-07-09T13:23:26.152+0000] {processor.py:830} INFO - Processing file /home/airflow/.local/lib/python3.11/site-packages/airflow/example_dags/example_nested_branch_dag.py for tasks to queue
[2024-07-09T13:23:26.153+0000] {logging_mixin.py:188} INFO - [2024-07-09T13:23:26.153+0000] {dagbag.py:540} INFO - Filling up the DagBag from /home/airflow/.local/lib/python3.11/site-packages/airflow/example_dags/example_nested_branch_dag.py
[2024-07-09T13:23:26.161+0000] {processor.py:840} INFO - DAG(s) 'example_nested_branch_dag' retrieved from /home/airflow/.local/lib/python3.11/site-packages/airflow/example_dags/example_nested_branch_dag.py
[2024-07-09T13:23:26.182+0000] {logging_mixin.py:188} INFO - [2024-07-09T13:23:26.182+0000] {dag.py:3047} INFO - Sync 1 DAGs
[2024-07-09T13:23:26.200+0000] {logging_mixin.py:188} INFO - [2024-07-09T13:23:26.200+0000] {dag.py:3834} INFO - Setting next_dagrun for example_nested_branch_dag to 2024-07-08 00:00:00+00:00, run_after=2024-07-09 00:00:00+00:00
[2024-07-09T13:23:26.216+0000] {processor.py:183} INFO - Processing /home/airflow/.local/lib/python3.11/site-packages/airflow/example_dags/example_nested_branch_dag.py took 0.067 seconds
[2024-07-09T13:23:56.909+0000] {processor.py:161} INFO - Started process (PID=2989) to work on /home/airflow/.local/lib/python3.11/site-packages/airflow/example_dags/example_nested_branch_dag.py
[2024-07-09T13:23:56.910+0000] {processor.py:830} INFO - Processing file /home/airflow/.local/lib/python3.11/site-packages/airflow/example_dags/example_nested_branch_dag.py for tasks to queue
[2024-07-09T13:23:56.911+0000] {logging_mixin.py:188} INFO - [2024-07-09T13:23:56.911+0000] {dagbag.py:540} INFO - Filling up the DagBag from /home/airflow/.local/lib/python3.11/site-packages/airflow/example_dags/example_nested_branch_dag.py
[2024-07-09T13:23:56.919+0000] {processor.py:840} INFO - DAG(s) 'example_nested_branch_dag' retrieved from /home/airflow/.local/lib/python3.11/site-packages/airflow/example_dags/example_nested_branch_dag.py
[2024-07-09T13:23:56.941+0000] {logging_mixin.py:188} INFO - [2024-07-09T13:23:56.941+0000] {dag.py:3047} INFO - Sync 1 DAGs
[2024-07-09T13:23:56.959+0000] {logging_mixin.py:188} INFO - [2024-07-09T13:23:56.959+0000] {dag.py:3834} INFO - Setting next_dagrun for example_nested_branch_dag to 2024-07-08 00:00:00+00:00, run_after=2024-07-09 00:00:00+00:00
[2024-07-09T13:23:56.976+0000] {processor.py:183} INFO - Processing /home/airflow/.local/lib/python3.11/site-packages/airflow/example_dags/example_nested_branch_dag.py took 0.069 seconds
[2024-07-09T13:24:27.552+0000] {processor.py:161} INFO - Started process (PID=3259) to work on /home/airflow/.local/lib/python3.11/site-packages/airflow/example_dags/example_nested_branch_dag.py
[2024-07-09T13:24:27.553+0000] {processor.py:830} INFO - Processing file /home/airflow/.local/lib/python3.11/site-packages/airflow/example_dags/example_nested_branch_dag.py for tasks to queue
[2024-07-09T13:24:27.553+0000] {logging_mixin.py:188} INFO - [2024-07-09T13:24:27.553+0000] {dagbag.py:540} INFO - Filling up the DagBag from /home/airflow/.local/lib/python3.11/site-packages/airflow/example_dags/example_nested_branch_dag.py
[2024-07-09T13:24:27.562+0000] {processor.py:840} INFO - DAG(s) 'example_nested_branch_dag' retrieved from /home/airflow/.local/lib/python3.11/site-packages/airflow/example_dags/example_nested_branch_dag.py
[2024-07-09T13:24:27.583+0000] {logging_mixin.py:188} INFO - [2024-07-09T13:24:27.582+0000] {dag.py:3047} INFO - Sync 1 DAGs
[2024-07-09T13:24:27.600+0000] {logging_mixin.py:188} INFO - [2024-07-09T13:24:27.600+0000] {dag.py:3834} INFO - Setting next_dagrun for example_nested_branch_dag to 2024-07-08 00:00:00+00:00, run_after=2024-07-09 00:00:00+00:00
[2024-07-09T13:24:27.615+0000] {processor.py:183} INFO - Processing /home/airflow/.local/lib/python3.11/site-packages/airflow/example_dags/example_nested_branch_dag.py took 0.065 seconds
[2024-07-09T13:24:58.306+0000] {processor.py:161} INFO - Started process (PID=3529) to work on /home/airflow/.local/lib/python3.11/site-packages/airflow/example_dags/example_nested_branch_dag.py
[2024-07-09T13:24:58.307+0000] {processor.py:830} INFO - Processing file /home/airflow/.local/lib/python3.11/site-packages/airflow/example_dags/example_nested_branch_dag.py for tasks to queue
[2024-07-09T13:24:58.308+0000] {logging_mixin.py:188} INFO - [2024-07-09T13:24:58.307+0000] {dagbag.py:540} INFO - Filling up the DagBag from /home/airflow/.local/lib/python3.11/site-packages/airflow/example_dags/example_nested_branch_dag.py
[2024-07-09T13:24:58.316+0000] {processor.py:840} INFO - DAG(s) 'example_nested_branch_dag' retrieved from /home/airflow/.local/lib/python3.11/site-packages/airflow/example_dags/example_nested_branch_dag.py
[2024-07-09T13:24:58.337+0000] {logging_mixin.py:188} INFO - [2024-07-09T13:24:58.337+0000] {dag.py:3047} INFO - Sync 1 DAGs
[2024-07-09T13:24:58.355+0000] {logging_mixin.py:188} INFO - [2024-07-09T13:24:58.355+0000] {dag.py:3834} INFO - Setting next_dagrun for example_nested_branch_dag to 2024-07-08 00:00:00+00:00, run_after=2024-07-09 00:00:00+00:00
[2024-07-09T13:24:58.371+0000] {processor.py:183} INFO - Processing /home/airflow/.local/lib/python3.11/site-packages/airflow/example_dags/example_nested_branch_dag.py took 0.068 seconds
[2024-07-09T13:26:10.169+0000] {processor.py:161} INFO - Started process (PID=290) to work on /home/airflow/.local/lib/python3.11/site-packages/airflow/example_dags/example_nested_branch_dag.py
[2024-07-09T13:26:10.170+0000] {processor.py:830} INFO - Processing file /home/airflow/.local/lib/python3.11/site-packages/airflow/example_dags/example_nested_branch_dag.py for tasks to queue
[2024-07-09T13:26:10.171+0000] {logging_mixin.py:188} INFO - [2024-07-09T13:26:10.170+0000] {dagbag.py:540} INFO - Filling up the DagBag from /home/airflow/.local/lib/python3.11/site-packages/airflow/example_dags/example_nested_branch_dag.py
[2024-07-09T13:26:10.180+0000] {processor.py:840} INFO - DAG(s) 'example_nested_branch_dag' retrieved from /home/airflow/.local/lib/python3.11/site-packages/airflow/example_dags/example_nested_branch_dag.py
[2024-07-09T13:26:10.271+0000] {logging_mixin.py:188} INFO - [2024-07-09T13:26:10.270+0000] {override.py:1769} INFO - Created Permission View: can delete on DAG:example_nested_branch_dag
[2024-07-09T13:26:10.279+0000] {logging_mixin.py:188} INFO - [2024-07-09T13:26:10.279+0000] {override.py:1769} INFO - Created Permission View: can read on DAG:example_nested_branch_dag
[2024-07-09T13:26:10.286+0000] {logging_mixin.py:188} INFO - [2024-07-09T13:26:10.286+0000] {override.py:1769} INFO - Created Permission View: can edit on DAG:example_nested_branch_dag
[2024-07-09T13:26:10.286+0000] {logging_mixin.py:188} INFO - [2024-07-09T13:26:10.286+0000] {dag.py:3047} INFO - Sync 1 DAGs
[2024-07-09T13:26:10.295+0000] {logging_mixin.py:188} INFO - [2024-07-09T13:26:10.295+0000] {dag.py:3069} INFO - Creating ORM DAG for example_nested_branch_dag
[2024-07-09T13:26:10.303+0000] {logging_mixin.py:188} INFO - [2024-07-09T13:26:10.303+0000] {dag.py:3834} INFO - Setting next_dagrun for example_nested_branch_dag to 2024-07-08 00:00:00+00:00, run_after=2024-07-09 00:00:00+00:00
[2024-07-09T13:26:10.317+0000] {processor.py:183} INFO - Processing /home/airflow/.local/lib/python3.11/site-packages/airflow/example_dags/example_nested_branch_dag.py took 0.150 seconds
[2024-07-09T13:26:41.131+0000] {processor.py:161} INFO - Started process (PID=560) to work on /home/airflow/.local/lib/python3.11/site-packages/airflow/example_dags/example_nested_branch_dag.py
[2024-07-09T13:26:41.132+0000] {processor.py:830} INFO - Processing file /home/airflow/.local/lib/python3.11/site-packages/airflow/example_dags/example_nested_branch_dag.py for tasks to queue
[2024-07-09T13:26:41.133+0000] {logging_mixin.py:188} INFO - [2024-07-09T13:26:41.132+0000] {dagbag.py:540} INFO - Filling up the DagBag from /home/airflow/.local/lib/python3.11/site-packages/airflow/example_dags/example_nested_branch_dag.py
[2024-07-09T13:26:41.141+0000] {processor.py:840} INFO - DAG(s) 'example_nested_branch_dag' retrieved from /home/airflow/.local/lib/python3.11/site-packages/airflow/example_dags/example_nested_branch_dag.py
[2024-07-09T13:26:41.162+0000] {logging_mixin.py:188} INFO - [2024-07-09T13:26:41.162+0000] {dag.py:3047} INFO - Sync 1 DAGs
[2024-07-09T13:26:41.181+0000] {logging_mixin.py:188} INFO - [2024-07-09T13:26:41.180+0000] {dag.py:3834} INFO - Setting next_dagrun for example_nested_branch_dag to 2024-07-08 00:00:00+00:00, run_after=2024-07-09 00:00:00+00:00
[2024-07-09T13:26:41.197+0000] {processor.py:183} INFO - Processing /home/airflow/.local/lib/python3.11/site-packages/airflow/example_dags/example_nested_branch_dag.py took 0.068 seconds
[2024-07-09T13:27:11.561+0000] {processor.py:161} INFO - Started process (PID=830) to work on /home/airflow/.local/lib/python3.11/site-packages/airflow/example_dags/example_nested_branch_dag.py
[2024-07-09T13:27:11.562+0000] {processor.py:830} INFO - Processing file /home/airflow/.local/lib/python3.11/site-packages/airflow/example_dags/example_nested_branch_dag.py for tasks to queue
[2024-07-09T13:27:11.563+0000] {logging_mixin.py:188} INFO - [2024-07-09T13:27:11.563+0000] {dagbag.py:540} INFO - Filling up the DagBag from /home/airflow/.local/lib/python3.11/site-packages/airflow/example_dags/example_nested_branch_dag.py
[2024-07-09T13:27:11.571+0000] {processor.py:840} INFO - DAG(s) 'example_nested_branch_dag' retrieved from /home/airflow/.local/lib/python3.11/site-packages/airflow/example_dags/example_nested_branch_dag.py
[2024-07-09T13:27:11.592+0000] {logging_mixin.py:188} INFO - [2024-07-09T13:27:11.592+0000] {dag.py:3047} INFO - Sync 1 DAGs
[2024-07-09T13:27:11.611+0000] {logging_mixin.py:188} INFO - [2024-07-09T13:27:11.611+0000] {dag.py:3834} INFO - Setting next_dagrun for example_nested_branch_dag to 2024-07-08 00:00:00+00:00, run_after=2024-07-09 00:00:00+00:00
[2024-07-09T13:27:11.627+0000] {processor.py:183} INFO - Processing /home/airflow/.local/lib/python3.11/site-packages/airflow/example_dags/example_nested_branch_dag.py took 0.069 seconds
[2024-07-09T13:27:41.883+0000] {processor.py:161} INFO - Started process (PID=1100) to work on /home/airflow/.local/lib/python3.11/site-packages/airflow/example_dags/example_nested_branch_dag.py
[2024-07-09T13:27:41.885+0000] {processor.py:830} INFO - Processing file /home/airflow/.local/lib/python3.11/site-packages/airflow/example_dags/example_nested_branch_dag.py for tasks to queue
[2024-07-09T13:27:41.885+0000] {logging_mixin.py:188} INFO - [2024-07-09T13:27:41.885+0000] {dagbag.py:540} INFO - Filling up the DagBag from /home/airflow/.local/lib/python3.11/site-packages/airflow/example_dags/example_nested_branch_dag.py
[2024-07-09T13:27:41.894+0000] {processor.py:840} INFO - DAG(s) 'example_nested_branch_dag' retrieved from /home/airflow/.local/lib/python3.11/site-packages/airflow/example_dags/example_nested_branch_dag.py
[2024-07-09T13:27:41.917+0000] {logging_mixin.py:188} INFO - [2024-07-09T13:27:41.917+0000] {dag.py:3047} INFO - Sync 1 DAGs
[2024-07-09T13:27:42.042+0000] {logging_mixin.py:188} INFO - [2024-07-09T13:27:42.041+0000] {dag.py:3834} INFO - Setting next_dagrun for example_nested_branch_dag to 2024-07-08 00:00:00+00:00, run_after=2024-07-09 00:00:00+00:00
[2024-07-09T13:27:42.059+0000] {processor.py:183} INFO - Processing /home/airflow/.local/lib/python3.11/site-packages/airflow/example_dags/example_nested_branch_dag.py took 0.178 seconds
[2024-07-09T13:28:12.292+0000] {processor.py:161} INFO - Started process (PID=1370) to work on /home/airflow/.local/lib/python3.11/site-packages/airflow/example_dags/example_nested_branch_dag.py
[2024-07-09T13:28:12.293+0000] {processor.py:830} INFO - Processing file /home/airflow/.local/lib/python3.11/site-packages/airflow/example_dags/example_nested_branch_dag.py for tasks to queue
[2024-07-09T13:28:12.294+0000] {logging_mixin.py:188} INFO - [2024-07-09T13:28:12.294+0000] {dagbag.py:540} INFO - Filling up the DagBag from /home/airflow/.local/lib/python3.11/site-packages/airflow/example_dags/example_nested_branch_dag.py
[2024-07-09T13:28:12.303+0000] {processor.py:840} INFO - DAG(s) 'example_nested_branch_dag' retrieved from /home/airflow/.local/lib/python3.11/site-packages/airflow/example_dags/example_nested_branch_dag.py
[2024-07-09T13:28:12.328+0000] {logging_mixin.py:188} INFO - [2024-07-09T13:28:12.328+0000] {dag.py:3047} INFO - Sync 1 DAGs
[2024-07-09T13:28:12.350+0000] {logging_mixin.py:188} INFO - [2024-07-09T13:28:12.350+0000] {dag.py:3834} INFO - Setting next_dagrun for example_nested_branch_dag to 2024-07-08 00:00:00+00:00, run_after=2024-07-09 00:00:00+00:00
[2024-07-09T13:28:12.367+0000] {processor.py:183} INFO - Processing /home/airflow/.local/lib/python3.11/site-packages/airflow/example_dags/example_nested_branch_dag.py took 0.077 seconds
[2024-07-09T13:28:42.792+0000] {processor.py:161} INFO - Started process (PID=1640) to work on /home/airflow/.local/lib/python3.11/site-packages/airflow/example_dags/example_nested_branch_dag.py
[2024-07-09T13:28:42.793+0000] {processor.py:830} INFO - Processing file /home/airflow/.local/lib/python3.11/site-packages/airflow/example_dags/example_nested_branch_dag.py for tasks to queue
[2024-07-09T13:28:42.794+0000] {logging_mixin.py:188} INFO - [2024-07-09T13:28:42.794+0000] {dagbag.py:540} INFO - Filling up the DagBag from /home/airflow/.local/lib/python3.11/site-packages/airflow/example_dags/example_nested_branch_dag.py
[2024-07-09T13:28:42.802+0000] {processor.py:840} INFO - DAG(s) 'example_nested_branch_dag' retrieved from /home/airflow/.local/lib/python3.11/site-packages/airflow/example_dags/example_nested_branch_dag.py
[2024-07-09T13:28:42.824+0000] {logging_mixin.py:188} INFO - [2024-07-09T13:28:42.823+0000] {dag.py:3047} INFO - Sync 1 DAGs
[2024-07-09T13:28:42.843+0000] {logging_mixin.py:188} INFO - [2024-07-09T13:28:42.843+0000] {dag.py:3834} INFO - Setting next_dagrun for example_nested_branch_dag to 2024-07-08 00:00:00+00:00, run_after=2024-07-09 00:00:00+00:00
[2024-07-09T13:28:42.859+0000] {processor.py:183} INFO - Processing /home/airflow/.local/lib/python3.11/site-packages/airflow/example_dags/example_nested_branch_dag.py took 0.070 seconds
[2024-07-09T13:29:13.130+0000] {processor.py:161} INFO - Started process (PID=1910) to work on /home/airflow/.local/lib/python3.11/site-packages/airflow/example_dags/example_nested_branch_dag.py
[2024-07-09T13:29:13.131+0000] {processor.py:830} INFO - Processing file /home/airflow/.local/lib/python3.11/site-packages/airflow/example_dags/example_nested_branch_dag.py for tasks to queue
[2024-07-09T13:29:13.132+0000] {logging_mixin.py:188} INFO - [2024-07-09T13:29:13.132+0000] {dagbag.py:540} INFO - Filling up the DagBag from /home/airflow/.local/lib/python3.11/site-packages/airflow/example_dags/example_nested_branch_dag.py
[2024-07-09T13:29:13.140+0000] {processor.py:840} INFO - DAG(s) 'example_nested_branch_dag' retrieved from /home/airflow/.local/lib/python3.11/site-packages/airflow/example_dags/example_nested_branch_dag.py
[2024-07-09T13:29:13.162+0000] {logging_mixin.py:188} INFO - [2024-07-09T13:29:13.162+0000] {dag.py:3047} INFO - Sync 1 DAGs
[2024-07-09T13:29:13.180+0000] {logging_mixin.py:188} INFO - [2024-07-09T13:29:13.180+0000] {dag.py:3834} INFO - Setting next_dagrun for example_nested_branch_dag to 2024-07-08 00:00:00+00:00, run_after=2024-07-09 00:00:00+00:00
[2024-07-09T13:29:13.197+0000] {processor.py:183} INFO - Processing /home/airflow/.local/lib/python3.11/site-packages/airflow/example_dags/example_nested_branch_dag.py took 0.069 seconds
[2024-07-09T13:29:43.508+0000] {processor.py:161} INFO - Started process (PID=2180) to work on /home/airflow/.local/lib/python3.11/site-packages/airflow/example_dags/example_nested_branch_dag.py
[2024-07-09T13:29:43.509+0000] {processor.py:830} INFO - Processing file /home/airflow/.local/lib/python3.11/site-packages/airflow/example_dags/example_nested_branch_dag.py for tasks to queue
[2024-07-09T13:29:43.510+0000] {logging_mixin.py:188} INFO - [2024-07-09T13:29:43.509+0000] {dagbag.py:540} INFO - Filling up the DagBag from /home/airflow/.local/lib/python3.11/site-packages/airflow/example_dags/example_nested_branch_dag.py
[2024-07-09T13:29:43.518+0000] {processor.py:840} INFO - DAG(s) 'example_nested_branch_dag' retrieved from /home/airflow/.local/lib/python3.11/site-packages/airflow/example_dags/example_nested_branch_dag.py
[2024-07-09T13:29:43.539+0000] {logging_mixin.py:188} INFO - [2024-07-09T13:29:43.539+0000] {dag.py:3047} INFO - Sync 1 DAGs
[2024-07-09T13:29:43.558+0000] {logging_mixin.py:188} INFO - [2024-07-09T13:29:43.557+0000] {dag.py:3834} INFO - Setting next_dagrun for example_nested_branch_dag to 2024-07-08 00:00:00+00:00, run_after=2024-07-09 00:00:00+00:00
[2024-07-09T13:29:43.573+0000] {processor.py:183} INFO - Processing /home/airflow/.local/lib/python3.11/site-packages/airflow/example_dags/example_nested_branch_dag.py took 0.068 seconds
[2024-07-09T13:31:38.344+0000] {processor.py:161} INFO - Started process (PID=289) to work on /home/airflow/.local/lib/python3.11/site-packages/airflow/example_dags/example_nested_branch_dag.py
[2024-07-09T13:31:38.345+0000] {processor.py:830} INFO - Processing file /home/airflow/.local/lib/python3.11/site-packages/airflow/example_dags/example_nested_branch_dag.py for tasks to queue
[2024-07-09T13:31:38.346+0000] {logging_mixin.py:188} INFO - [2024-07-09T13:31:38.346+0000] {dagbag.py:540} INFO - Filling up the DagBag from /home/airflow/.local/lib/python3.11/site-packages/airflow/example_dags/example_nested_branch_dag.py
[2024-07-09T13:31:38.354+0000] {processor.py:840} INFO - DAG(s) 'example_nested_branch_dag' retrieved from /home/airflow/.local/lib/python3.11/site-packages/airflow/example_dags/example_nested_branch_dag.py
[2024-07-09T13:31:38.463+0000] {logging_mixin.py:188} INFO - [2024-07-09T13:31:38.462+0000] {override.py:1769} INFO - Created Permission View: can edit on DAG:example_nested_branch_dag
[2024-07-09T13:31:38.479+0000] {logging_mixin.py:188} INFO - [2024-07-09T13:31:38.478+0000] {override.py:1769} INFO - Created Permission View: can delete on DAG:example_nested_branch_dag
[2024-07-09T13:31:38.485+0000] {logging_mixin.py:188} INFO - [2024-07-09T13:31:38.485+0000] {override.py:1769} INFO - Created Permission View: can read on DAG:example_nested_branch_dag
[2024-07-09T13:31:38.485+0000] {logging_mixin.py:188} INFO - [2024-07-09T13:31:38.485+0000] {dag.py:3047} INFO - Sync 1 DAGs
[2024-07-09T13:31:38.495+0000] {logging_mixin.py:188} INFO - [2024-07-09T13:31:38.494+0000] {dag.py:3069} INFO - Creating ORM DAG for example_nested_branch_dag
[2024-07-09T13:31:38.504+0000] {logging_mixin.py:188} INFO - [2024-07-09T13:31:38.504+0000] {dag.py:3834} INFO - Setting next_dagrun for example_nested_branch_dag to 2024-07-08 00:00:00+00:00, run_after=2024-07-09 00:00:00+00:00
[2024-07-09T13:31:38.518+0000] {processor.py:183} INFO - Processing /home/airflow/.local/lib/python3.11/site-packages/airflow/example_dags/example_nested_branch_dag.py took 0.176 seconds
[2024-07-09T13:32:08.707+0000] {processor.py:161} INFO - Started process (PID=559) to work on /home/airflow/.local/lib/python3.11/site-packages/airflow/example_dags/example_nested_branch_dag.py
[2024-07-09T13:32:08.708+0000] {processor.py:830} INFO - Processing file /home/airflow/.local/lib/python3.11/site-packages/airflow/example_dags/example_nested_branch_dag.py for tasks to queue
[2024-07-09T13:32:08.709+0000] {logging_mixin.py:188} INFO - [2024-07-09T13:32:08.708+0000] {dagbag.py:540} INFO - Filling up the DagBag from /home/airflow/.local/lib/python3.11/site-packages/airflow/example_dags/example_nested_branch_dag.py
[2024-07-09T13:32:08.717+0000] {processor.py:840} INFO - DAG(s) 'example_nested_branch_dag' retrieved from /home/airflow/.local/lib/python3.11/site-packages/airflow/example_dags/example_nested_branch_dag.py
[2024-07-09T13:32:08.738+0000] {logging_mixin.py:188} INFO - [2024-07-09T13:32:08.738+0000] {dag.py:3047} INFO - Sync 1 DAGs
[2024-07-09T13:32:08.756+0000] {logging_mixin.py:188} INFO - [2024-07-09T13:32:08.756+0000] {dag.py:3834} INFO - Setting next_dagrun for example_nested_branch_dag to 2024-07-08 00:00:00+00:00, run_after=2024-07-09 00:00:00+00:00
[2024-07-09T13:32:08.771+0000] {processor.py:183} INFO - Processing /home/airflow/.local/lib/python3.11/site-packages/airflow/example_dags/example_nested_branch_dag.py took 0.066 seconds
[2024-07-09T13:32:39.143+0000] {processor.py:161} INFO - Started process (PID=829) to work on /home/airflow/.local/lib/python3.11/site-packages/airflow/example_dags/example_nested_branch_dag.py
[2024-07-09T13:32:39.144+0000] {processor.py:830} INFO - Processing file /home/airflow/.local/lib/python3.11/site-packages/airflow/example_dags/example_nested_branch_dag.py for tasks to queue
[2024-07-09T13:32:39.145+0000] {logging_mixin.py:188} INFO - [2024-07-09T13:32:39.144+0000] {dagbag.py:540} INFO - Filling up the DagBag from /home/airflow/.local/lib/python3.11/site-packages/airflow/example_dags/example_nested_branch_dag.py
[2024-07-09T13:32:39.153+0000] {processor.py:840} INFO - DAG(s) 'example_nested_branch_dag' retrieved from /home/airflow/.local/lib/python3.11/site-packages/airflow/example_dags/example_nested_branch_dag.py
[2024-07-09T13:32:39.177+0000] {logging_mixin.py:188} INFO - [2024-07-09T13:32:39.177+0000] {dag.py:3047} INFO - Sync 1 DAGs
[2024-07-09T13:32:39.196+0000] {logging_mixin.py:188} INFO - [2024-07-09T13:32:39.196+0000] {dag.py:3834} INFO - Setting next_dagrun for example_nested_branch_dag to 2024-07-08 00:00:00+00:00, run_after=2024-07-09 00:00:00+00:00
[2024-07-09T13:32:39.213+0000] {processor.py:183} INFO - Processing /home/airflow/.local/lib/python3.11/site-packages/airflow/example_dags/example_nested_branch_dag.py took 0.072 seconds
[2024-07-09T13:33:10.231+0000] {processor.py:161} INFO - Started process (PID=1101) to work on /home/airflow/.local/lib/python3.11/site-packages/airflow/example_dags/example_nested_branch_dag.py
[2024-07-09T13:33:10.232+0000] {processor.py:830} INFO - Processing file /home/airflow/.local/lib/python3.11/site-packages/airflow/example_dags/example_nested_branch_dag.py for tasks to queue
[2024-07-09T13:33:10.233+0000] {logging_mixin.py:188} INFO - [2024-07-09T13:33:10.233+0000] {dagbag.py:540} INFO - Filling up the DagBag from /home/airflow/.local/lib/python3.11/site-packages/airflow/example_dags/example_nested_branch_dag.py
[2024-07-09T13:33:10.241+0000] {processor.py:840} INFO - DAG(s) 'example_nested_branch_dag' retrieved from /home/airflow/.local/lib/python3.11/site-packages/airflow/example_dags/example_nested_branch_dag.py
[2024-07-09T13:33:10.262+0000] {logging_mixin.py:188} INFO - [2024-07-09T13:33:10.262+0000] {dag.py:3047} INFO - Sync 1 DAGs
[2024-07-09T13:33:10.400+0000] {logging_mixin.py:188} INFO - [2024-07-09T13:33:10.400+0000] {dag.py:3834} INFO - Setting next_dagrun for example_nested_branch_dag to 2024-07-08 00:00:00+00:00, run_after=2024-07-09 00:00:00+00:00
[2024-07-09T13:33:10.417+0000] {processor.py:183} INFO - Processing /home/airflow/.local/lib/python3.11/site-packages/airflow/example_dags/example_nested_branch_dag.py took 0.188 seconds
[2024-07-09T13:33:40.683+0000] {processor.py:161} INFO - Started process (PID=1369) to work on /home/airflow/.local/lib/python3.11/site-packages/airflow/example_dags/example_nested_branch_dag.py
[2024-07-09T13:33:40.684+0000] {processor.py:830} INFO - Processing file /home/airflow/.local/lib/python3.11/site-packages/airflow/example_dags/example_nested_branch_dag.py for tasks to queue
[2024-07-09T13:33:40.685+0000] {logging_mixin.py:188} INFO - [2024-07-09T13:33:40.684+0000] {dagbag.py:540} INFO - Filling up the DagBag from /home/airflow/.local/lib/python3.11/site-packages/airflow/example_dags/example_nested_branch_dag.py
[2024-07-09T13:33:40.693+0000] {processor.py:840} INFO - DAG(s) 'example_nested_branch_dag' retrieved from /home/airflow/.local/lib/python3.11/site-packages/airflow/example_dags/example_nested_branch_dag.py
[2024-07-09T13:33:40.715+0000] {logging_mixin.py:188} INFO - [2024-07-09T13:33:40.715+0000] {dag.py:3047} INFO - Sync 1 DAGs
[2024-07-09T13:33:40.734+0000] {logging_mixin.py:188} INFO - [2024-07-09T13:33:40.734+0000] {dag.py:3834} INFO - Setting next_dagrun for example_nested_branch_dag to 2024-07-08 00:00:00+00:00, run_after=2024-07-09 00:00:00+00:00
[2024-07-09T13:33:40.750+0000] {processor.py:183} INFO - Processing /home/airflow/.local/lib/python3.11/site-packages/airflow/example_dags/example_nested_branch_dag.py took 0.069 seconds
[2024-07-09T13:34:11.033+0000] {processor.py:161} INFO - Started process (PID=1641) to work on /home/airflow/.local/lib/python3.11/site-packages/airflow/example_dags/example_nested_branch_dag.py
[2024-07-09T13:34:11.034+0000] {processor.py:830} INFO - Processing file /home/airflow/.local/lib/python3.11/site-packages/airflow/example_dags/example_nested_branch_dag.py for tasks to queue
[2024-07-09T13:34:11.035+0000] {logging_mixin.py:188} INFO - [2024-07-09T13:34:11.034+0000] {dagbag.py:540} INFO - Filling up the DagBag from /home/airflow/.local/lib/python3.11/site-packages/airflow/example_dags/example_nested_branch_dag.py
[2024-07-09T13:34:11.043+0000] {processor.py:840} INFO - DAG(s) 'example_nested_branch_dag' retrieved from /home/airflow/.local/lib/python3.11/site-packages/airflow/example_dags/example_nested_branch_dag.py
[2024-07-09T13:34:11.065+0000] {logging_mixin.py:188} INFO - [2024-07-09T13:34:11.065+0000] {dag.py:3047} INFO - Sync 1 DAGs
[2024-07-09T13:34:11.083+0000] {logging_mixin.py:188} INFO - [2024-07-09T13:34:11.083+0000] {dag.py:3834} INFO - Setting next_dagrun for example_nested_branch_dag to 2024-07-08 00:00:00+00:00, run_after=2024-07-09 00:00:00+00:00
[2024-07-09T13:34:11.099+0000] {processor.py:183} INFO - Processing /home/airflow/.local/lib/python3.11/site-packages/airflow/example_dags/example_nested_branch_dag.py took 0.068 seconds
[2024-07-09T13:34:41.294+0000] {processor.py:161} INFO - Started process (PID=1909) to work on /home/airflow/.local/lib/python3.11/site-packages/airflow/example_dags/example_nested_branch_dag.py
[2024-07-09T13:34:41.295+0000] {processor.py:830} INFO - Processing file /home/airflow/.local/lib/python3.11/site-packages/airflow/example_dags/example_nested_branch_dag.py for tasks to queue
[2024-07-09T13:34:41.296+0000] {logging_mixin.py:188} INFO - [2024-07-09T13:34:41.296+0000] {dagbag.py:540} INFO - Filling up the DagBag from /home/airflow/.local/lib/python3.11/site-packages/airflow/example_dags/example_nested_branch_dag.py
[2024-07-09T13:34:41.304+0000] {processor.py:840} INFO - DAG(s) 'example_nested_branch_dag' retrieved from /home/airflow/.local/lib/python3.11/site-packages/airflow/example_dags/example_nested_branch_dag.py
[2024-07-09T13:34:41.326+0000] {logging_mixin.py:188} INFO - [2024-07-09T13:34:41.325+0000] {dag.py:3047} INFO - Sync 1 DAGs
[2024-07-09T13:34:41.344+0000] {logging_mixin.py:188} INFO - [2024-07-09T13:34:41.344+0000] {dag.py:3834} INFO - Setting next_dagrun for example_nested_branch_dag to 2024-07-08 00:00:00+00:00, run_after=2024-07-09 00:00:00+00:00
[2024-07-09T13:34:41.360+0000] {processor.py:183} INFO - Processing /home/airflow/.local/lib/python3.11/site-packages/airflow/example_dags/example_nested_branch_dag.py took 0.068 seconds
[2024-07-09T13:35:11.628+0000] {processor.py:161} INFO - Started process (PID=2179) to work on /home/airflow/.local/lib/python3.11/site-packages/airflow/example_dags/example_nested_branch_dag.py
[2024-07-09T13:35:11.629+0000] {processor.py:830} INFO - Processing file /home/airflow/.local/lib/python3.11/site-packages/airflow/example_dags/example_nested_branch_dag.py for tasks to queue
[2024-07-09T13:35:11.629+0000] {logging_mixin.py:188} INFO - [2024-07-09T13:35:11.629+0000] {dagbag.py:540} INFO - Filling up the DagBag from /home/airflow/.local/lib/python3.11/site-packages/airflow/example_dags/example_nested_branch_dag.py
[2024-07-09T13:35:11.638+0000] {processor.py:840} INFO - DAG(s) 'example_nested_branch_dag' retrieved from /home/airflow/.local/lib/python3.11/site-packages/airflow/example_dags/example_nested_branch_dag.py
[2024-07-09T13:35:11.658+0000] {logging_mixin.py:188} INFO - [2024-07-09T13:35:11.658+0000] {dag.py:3047} INFO - Sync 1 DAGs
[2024-07-09T13:35:11.677+0000] {logging_mixin.py:188} INFO - [2024-07-09T13:35:11.676+0000] {dag.py:3834} INFO - Setting next_dagrun for example_nested_branch_dag to 2024-07-08 00:00:00+00:00, run_after=2024-07-09 00:00:00+00:00
[2024-07-09T13:35:11.692+0000] {processor.py:183} INFO - Processing /home/airflow/.local/lib/python3.11/site-packages/airflow/example_dags/example_nested_branch_dag.py took 0.067 seconds
[2024-07-09T13:35:41.997+0000] {processor.py:161} INFO - Started process (PID=2449) to work on /home/airflow/.local/lib/python3.11/site-packages/airflow/example_dags/example_nested_branch_dag.py
[2024-07-09T13:35:41.998+0000] {processor.py:830} INFO - Processing file /home/airflow/.local/lib/python3.11/site-packages/airflow/example_dags/example_nested_branch_dag.py for tasks to queue
[2024-07-09T13:35:41.999+0000] {logging_mixin.py:188} INFO - [2024-07-09T13:35:41.998+0000] {dagbag.py:540} INFO - Filling up the DagBag from /home/airflow/.local/lib/python3.11/site-packages/airflow/example_dags/example_nested_branch_dag.py
[2024-07-09T13:35:42.007+0000] {processor.py:840} INFO - DAG(s) 'example_nested_branch_dag' retrieved from /home/airflow/.local/lib/python3.11/site-packages/airflow/example_dags/example_nested_branch_dag.py
[2024-07-09T13:35:42.028+0000] {logging_mixin.py:188} INFO - [2024-07-09T13:35:42.028+0000] {dag.py:3047} INFO - Sync 1 DAGs
[2024-07-09T13:35:42.047+0000] {logging_mixin.py:188} INFO - [2024-07-09T13:35:42.047+0000] {dag.py:3834} INFO - Setting next_dagrun for example_nested_branch_dag to 2024-07-08 00:00:00+00:00, run_after=2024-07-09 00:00:00+00:00
[2024-07-09T13:35:42.062+0000] {processor.py:183} INFO - Processing /home/airflow/.local/lib/python3.11/site-packages/airflow/example_dags/example_nested_branch_dag.py took 0.067 seconds
[2024-07-09T13:36:12.432+0000] {processor.py:161} INFO - Started process (PID=2719) to work on /home/airflow/.local/lib/python3.11/site-packages/airflow/example_dags/example_nested_branch_dag.py
[2024-07-09T13:36:12.433+0000] {processor.py:830} INFO - Processing file /home/airflow/.local/lib/python3.11/site-packages/airflow/example_dags/example_nested_branch_dag.py for tasks to queue
[2024-07-09T13:36:12.434+0000] {logging_mixin.py:188} INFO - [2024-07-09T13:36:12.434+0000] {dagbag.py:540} INFO - Filling up the DagBag from /home/airflow/.local/lib/python3.11/site-packages/airflow/example_dags/example_nested_branch_dag.py
[2024-07-09T13:36:12.442+0000] {processor.py:840} INFO - DAG(s) 'example_nested_branch_dag' retrieved from /home/airflow/.local/lib/python3.11/site-packages/airflow/example_dags/example_nested_branch_dag.py
[2024-07-09T13:36:12.464+0000] {logging_mixin.py:188} INFO - [2024-07-09T13:36:12.464+0000] {dag.py:3047} INFO - Sync 1 DAGs
[2024-07-09T13:36:12.484+0000] {logging_mixin.py:188} INFO - [2024-07-09T13:36:12.483+0000] {dag.py:3834} INFO - Setting next_dagrun for example_nested_branch_dag to 2024-07-08 00:00:00+00:00, run_after=2024-07-09 00:00:00+00:00
[2024-07-09T13:36:12.500+0000] {processor.py:183} INFO - Processing /home/airflow/.local/lib/python3.11/site-packages/airflow/example_dags/example_nested_branch_dag.py took 0.070 seconds
[2024-07-09T13:36:42.608+0000] {processor.py:161} INFO - Started process (PID=2977) to work on /home/airflow/.local/lib/python3.11/site-packages/airflow/example_dags/example_nested_branch_dag.py
[2024-07-09T13:36:42.609+0000] {processor.py:830} INFO - Processing file /home/airflow/.local/lib/python3.11/site-packages/airflow/example_dags/example_nested_branch_dag.py for tasks to queue
[2024-07-09T13:36:42.610+0000] {logging_mixin.py:188} INFO - [2024-07-09T13:36:42.610+0000] {dagbag.py:540} INFO - Filling up the DagBag from /home/airflow/.local/lib/python3.11/site-packages/airflow/example_dags/example_nested_branch_dag.py
[2024-07-09T13:36:42.618+0000] {processor.py:840} INFO - DAG(s) 'example_nested_branch_dag' retrieved from /home/airflow/.local/lib/python3.11/site-packages/airflow/example_dags/example_nested_branch_dag.py
[2024-07-09T13:36:42.640+0000] {logging_mixin.py:188} INFO - [2024-07-09T13:36:42.640+0000] {dag.py:3047} INFO - Sync 1 DAGs
[2024-07-09T13:36:42.658+0000] {logging_mixin.py:188} INFO - [2024-07-09T13:36:42.657+0000] {dag.py:3834} INFO - Setting next_dagrun for example_nested_branch_dag to 2024-07-08 00:00:00+00:00, run_after=2024-07-09 00:00:00+00:00
[2024-07-09T13:36:42.673+0000] {processor.py:183} INFO - Processing /home/airflow/.local/lib/python3.11/site-packages/airflow/example_dags/example_nested_branch_dag.py took 0.067 seconds
[2024-07-09T13:37:13.147+0000] {processor.py:161} INFO - Started process (PID=3246) to work on /home/airflow/.local/lib/python3.11/site-packages/airflow/example_dags/example_nested_branch_dag.py
[2024-07-09T13:37:13.148+0000] {processor.py:830} INFO - Processing file /home/airflow/.local/lib/python3.11/site-packages/airflow/example_dags/example_nested_branch_dag.py for tasks to queue
[2024-07-09T13:37:13.148+0000] {logging_mixin.py:188} INFO - [2024-07-09T13:37:13.148+0000] {dagbag.py:540} INFO - Filling up the DagBag from /home/airflow/.local/lib/python3.11/site-packages/airflow/example_dags/example_nested_branch_dag.py
[2024-07-09T13:37:13.158+0000] {processor.py:840} INFO - DAG(s) 'example_nested_branch_dag' retrieved from /home/airflow/.local/lib/python3.11/site-packages/airflow/example_dags/example_nested_branch_dag.py
[2024-07-09T13:37:13.182+0000] {logging_mixin.py:188} INFO - [2024-07-09T13:37:13.181+0000] {dag.py:3047} INFO - Sync 1 DAGs
[2024-07-09T13:37:13.208+0000] {logging_mixin.py:188} INFO - [2024-07-09T13:37:13.208+0000] {dag.py:3834} INFO - Setting next_dagrun for example_nested_branch_dag to 2024-07-08 00:00:00+00:00, run_after=2024-07-09 00:00:00+00:00
[2024-07-09T13:37:13.226+0000] {processor.py:183} INFO - Processing /home/airflow/.local/lib/python3.11/site-packages/airflow/example_dags/example_nested_branch_dag.py took 0.082 seconds
[2024-07-09T13:46:11.462+0000] {processor.py:161} INFO - Started process (PID=289) to work on /home/airflow/.local/lib/python3.11/site-packages/airflow/example_dags/example_nested_branch_dag.py
[2024-07-09T13:46:11.463+0000] {processor.py:830} INFO - Processing file /home/airflow/.local/lib/python3.11/site-packages/airflow/example_dags/example_nested_branch_dag.py for tasks to queue
[2024-07-09T13:46:11.464+0000] {logging_mixin.py:188} INFO - [2024-07-09T13:46:11.464+0000] {dagbag.py:540} INFO - Filling up the DagBag from /home/airflow/.local/lib/python3.11/site-packages/airflow/example_dags/example_nested_branch_dag.py
[2024-07-09T13:46:11.476+0000] {processor.py:840} INFO - DAG(s) 'example_nested_branch_dag' retrieved from /home/airflow/.local/lib/python3.11/site-packages/airflow/example_dags/example_nested_branch_dag.py
[2024-07-09T13:46:11.583+0000] {logging_mixin.py:188} INFO - [2024-07-09T13:46:11.583+0000] {override.py:1769} INFO - Created Permission View: can delete on DAG:example_nested_branch_dag
[2024-07-09T13:46:11.596+0000] {logging_mixin.py:188} INFO - [2024-07-09T13:46:11.596+0000] {override.py:1769} INFO - Created Permission View: can read on DAG:example_nested_branch_dag
[2024-07-09T13:46:11.607+0000] {logging_mixin.py:188} INFO - [2024-07-09T13:46:11.604+0000] {override.py:1769} INFO - Created Permission View: can edit on DAG:example_nested_branch_dag
[2024-07-09T13:46:11.608+0000] {logging_mixin.py:188} INFO - [2024-07-09T13:46:11.607+0000] {dag.py:3047} INFO - Sync 1 DAGs
[2024-07-09T13:46:11.620+0000] {logging_mixin.py:188} INFO - [2024-07-09T13:46:11.620+0000] {dag.py:3069} INFO - Creating ORM DAG for example_nested_branch_dag
[2024-07-09T13:46:11.633+0000] {logging_mixin.py:188} INFO - [2024-07-09T13:46:11.633+0000] {dag.py:3834} INFO - Setting next_dagrun for example_nested_branch_dag to 2024-07-08 00:00:00+00:00, run_after=2024-07-09 00:00:00+00:00
[2024-07-09T13:46:11.652+0000] {processor.py:183} INFO - Processing /home/airflow/.local/lib/python3.11/site-packages/airflow/example_dags/example_nested_branch_dag.py took 0.193 seconds
[2024-07-09T13:46:42.469+0000] {processor.py:161} INFO - Started process (PID=561) to work on /home/airflow/.local/lib/python3.11/site-packages/airflow/example_dags/example_nested_branch_dag.py
[2024-07-09T13:46:42.470+0000] {processor.py:830} INFO - Processing file /home/airflow/.local/lib/python3.11/site-packages/airflow/example_dags/example_nested_branch_dag.py for tasks to queue
[2024-07-09T13:46:42.470+0000] {logging_mixin.py:188} INFO - [2024-07-09T13:46:42.470+0000] {dagbag.py:540} INFO - Filling up the DagBag from /home/airflow/.local/lib/python3.11/site-packages/airflow/example_dags/example_nested_branch_dag.py
[2024-07-09T13:46:42.478+0000] {processor.py:840} INFO - DAG(s) 'example_nested_branch_dag' retrieved from /home/airflow/.local/lib/python3.11/site-packages/airflow/example_dags/example_nested_branch_dag.py
[2024-07-09T13:46:42.499+0000] {logging_mixin.py:188} INFO - [2024-07-09T13:46:42.499+0000] {dag.py:3047} INFO - Sync 1 DAGs
[2024-07-09T13:46:42.517+0000] {logging_mixin.py:188} INFO - [2024-07-09T13:46:42.517+0000] {dag.py:3834} INFO - Setting next_dagrun for example_nested_branch_dag to 2024-07-08 00:00:00+00:00, run_after=2024-07-09 00:00:00+00:00
[2024-07-09T13:46:42.533+0000] {processor.py:183} INFO - Processing /home/airflow/.local/lib/python3.11/site-packages/airflow/example_dags/example_nested_branch_dag.py took 0.066 seconds
[2024-07-09T13:47:13.264+0000] {processor.py:161} INFO - Started process (PID=829) to work on /home/airflow/.local/lib/python3.11/site-packages/airflow/example_dags/example_nested_branch_dag.py
[2024-07-09T13:47:13.265+0000] {processor.py:830} INFO - Processing file /home/airflow/.local/lib/python3.11/site-packages/airflow/example_dags/example_nested_branch_dag.py for tasks to queue
[2024-07-09T13:47:13.265+0000] {logging_mixin.py:188} INFO - [2024-07-09T13:47:13.265+0000] {dagbag.py:540} INFO - Filling up the DagBag from /home/airflow/.local/lib/python3.11/site-packages/airflow/example_dags/example_nested_branch_dag.py
[2024-07-09T13:47:13.273+0000] {processor.py:840} INFO - DAG(s) 'example_nested_branch_dag' retrieved from /home/airflow/.local/lib/python3.11/site-packages/airflow/example_dags/example_nested_branch_dag.py
[2024-07-09T13:47:13.294+0000] {logging_mixin.py:188} INFO - [2024-07-09T13:47:13.294+0000] {dag.py:3047} INFO - Sync 1 DAGs
[2024-07-09T13:47:13.312+0000] {logging_mixin.py:188} INFO - [2024-07-09T13:47:13.312+0000] {dag.py:3834} INFO - Setting next_dagrun for example_nested_branch_dag to 2024-07-08 00:00:00+00:00, run_after=2024-07-09 00:00:00+00:00
[2024-07-09T13:47:13.328+0000] {processor.py:183} INFO - Processing /home/airflow/.local/lib/python3.11/site-packages/airflow/example_dags/example_nested_branch_dag.py took 0.067 seconds
[2024-07-09T13:47:43.623+0000] {processor.py:161} INFO - Started process (PID=1101) to work on /home/airflow/.local/lib/python3.11/site-packages/airflow/example_dags/example_nested_branch_dag.py
[2024-07-09T13:47:43.624+0000] {processor.py:830} INFO - Processing file /home/airflow/.local/lib/python3.11/site-packages/airflow/example_dags/example_nested_branch_dag.py for tasks to queue
[2024-07-09T13:47:43.625+0000] {logging_mixin.py:188} INFO - [2024-07-09T13:47:43.625+0000] {dagbag.py:540} INFO - Filling up the DagBag from /home/airflow/.local/lib/python3.11/site-packages/airflow/example_dags/example_nested_branch_dag.py
[2024-07-09T13:47:43.633+0000] {processor.py:840} INFO - DAG(s) 'example_nested_branch_dag' retrieved from /home/airflow/.local/lib/python3.11/site-packages/airflow/example_dags/example_nested_branch_dag.py
[2024-07-09T13:47:43.655+0000] {logging_mixin.py:188} INFO - [2024-07-09T13:47:43.655+0000] {dag.py:3047} INFO - Sync 1 DAGs
[2024-07-09T13:47:43.770+0000] {logging_mixin.py:188} INFO - [2024-07-09T13:47:43.770+0000] {dag.py:3834} INFO - Setting next_dagrun for example_nested_branch_dag to 2024-07-08 00:00:00+00:00, run_after=2024-07-09 00:00:00+00:00
[2024-07-09T13:47:43.786+0000] {processor.py:183} INFO - Processing /home/airflow/.local/lib/python3.11/site-packages/airflow/example_dags/example_nested_branch_dag.py took 0.165 seconds
[2024-07-09T13:48:13.832+0000] {processor.py:161} INFO - Started process (PID=1371) to work on /home/airflow/.local/lib/python3.11/site-packages/airflow/example_dags/example_nested_branch_dag.py
[2024-07-09T13:48:13.833+0000] {processor.py:830} INFO - Processing file /home/airflow/.local/lib/python3.11/site-packages/airflow/example_dags/example_nested_branch_dag.py for tasks to queue
[2024-07-09T13:48:13.833+0000] {logging_mixin.py:188} INFO - [2024-07-09T13:48:13.833+0000] {dagbag.py:540} INFO - Filling up the DagBag from /home/airflow/.local/lib/python3.11/site-packages/airflow/example_dags/example_nested_branch_dag.py
[2024-07-09T13:48:13.842+0000] {processor.py:840} INFO - DAG(s) 'example_nested_branch_dag' retrieved from /home/airflow/.local/lib/python3.11/site-packages/airflow/example_dags/example_nested_branch_dag.py
[2024-07-09T13:48:13.863+0000] {logging_mixin.py:188} INFO - [2024-07-09T13:48:13.863+0000] {dag.py:3047} INFO - Sync 1 DAGs
[2024-07-09T13:48:13.881+0000] {logging_mixin.py:188} INFO - [2024-07-09T13:48:13.881+0000] {dag.py:3834} INFO - Setting next_dagrun for example_nested_branch_dag to 2024-07-08 00:00:00+00:00, run_after=2024-07-09 00:00:00+00:00
[2024-07-09T13:48:13.897+0000] {processor.py:183} INFO - Processing /home/airflow/.local/lib/python3.11/site-packages/airflow/example_dags/example_nested_branch_dag.py took 0.068 seconds
[2024-07-09T13:48:44.224+0000] {processor.py:161} INFO - Started process (PID=1639) to work on /home/airflow/.local/lib/python3.11/site-packages/airflow/example_dags/example_nested_branch_dag.py
[2024-07-09T13:48:44.225+0000] {processor.py:830} INFO - Processing file /home/airflow/.local/lib/python3.11/site-packages/airflow/example_dags/example_nested_branch_dag.py for tasks to queue
[2024-07-09T13:48:44.226+0000] {logging_mixin.py:188} INFO - [2024-07-09T13:48:44.226+0000] {dagbag.py:540} INFO - Filling up the DagBag from /home/airflow/.local/lib/python3.11/site-packages/airflow/example_dags/example_nested_branch_dag.py
[2024-07-09T13:48:44.234+0000] {processor.py:840} INFO - DAG(s) 'example_nested_branch_dag' retrieved from /home/airflow/.local/lib/python3.11/site-packages/airflow/example_dags/example_nested_branch_dag.py
[2024-07-09T13:48:44.254+0000] {logging_mixin.py:188} INFO - [2024-07-09T13:48:44.254+0000] {dag.py:3047} INFO - Sync 1 DAGs
[2024-07-09T13:48:44.272+0000] {logging_mixin.py:188} INFO - [2024-07-09T13:48:44.271+0000] {dag.py:3834} INFO - Setting next_dagrun for example_nested_branch_dag to 2024-07-08 00:00:00+00:00, run_after=2024-07-09 00:00:00+00:00
[2024-07-09T13:48:44.287+0000] {processor.py:183} INFO - Processing /home/airflow/.local/lib/python3.11/site-packages/airflow/example_dags/example_nested_branch_dag.py took 0.065 seconds
[2024-07-09T13:49:14.740+0000] {processor.py:161} INFO - Started process (PID=1909) to work on /home/airflow/.local/lib/python3.11/site-packages/airflow/example_dags/example_nested_branch_dag.py
[2024-07-09T13:49:14.741+0000] {processor.py:830} INFO - Processing file /home/airflow/.local/lib/python3.11/site-packages/airflow/example_dags/example_nested_branch_dag.py for tasks to queue
[2024-07-09T13:49:14.742+0000] {logging_mixin.py:188} INFO - [2024-07-09T13:49:14.741+0000] {dagbag.py:540} INFO - Filling up the DagBag from /home/airflow/.local/lib/python3.11/site-packages/airflow/example_dags/example_nested_branch_dag.py
[2024-07-09T13:49:14.750+0000] {processor.py:840} INFO - DAG(s) 'example_nested_branch_dag' retrieved from /home/airflow/.local/lib/python3.11/site-packages/airflow/example_dags/example_nested_branch_dag.py
[2024-07-09T13:49:14.773+0000] {logging_mixin.py:188} INFO - [2024-07-09T13:49:14.772+0000] {dag.py:3047} INFO - Sync 1 DAGs
[2024-07-09T13:49:14.791+0000] {logging_mixin.py:188} INFO - [2024-07-09T13:49:14.791+0000] {dag.py:3834} INFO - Setting next_dagrun for example_nested_branch_dag to 2024-07-08 00:00:00+00:00, run_after=2024-07-09 00:00:00+00:00
[2024-07-09T13:49:14.807+0000] {processor.py:183} INFO - Processing /home/airflow/.local/lib/python3.11/site-packages/airflow/example_dags/example_nested_branch_dag.py took 0.069 seconds
[2024-07-09T13:49:45.674+0000] {processor.py:161} INFO - Started process (PID=2179) to work on /home/airflow/.local/lib/python3.11/site-packages/airflow/example_dags/example_nested_branch_dag.py
[2024-07-09T13:49:45.675+0000] {processor.py:830} INFO - Processing file /home/airflow/.local/lib/python3.11/site-packages/airflow/example_dags/example_nested_branch_dag.py for tasks to queue
[2024-07-09T13:49:45.675+0000] {logging_mixin.py:188} INFO - [2024-07-09T13:49:45.675+0000] {dagbag.py:540} INFO - Filling up the DagBag from /home/airflow/.local/lib/python3.11/site-packages/airflow/example_dags/example_nested_branch_dag.py
[2024-07-09T13:49:45.684+0000] {processor.py:840} INFO - DAG(s) 'example_nested_branch_dag' retrieved from /home/airflow/.local/lib/python3.11/site-packages/airflow/example_dags/example_nested_branch_dag.py
[2024-07-09T13:49:45.704+0000] {logging_mixin.py:188} INFO - [2024-07-09T13:49:45.704+0000] {dag.py:3047} INFO - Sync 1 DAGs
[2024-07-09T13:49:45.722+0000] {logging_mixin.py:188} INFO - [2024-07-09T13:49:45.722+0000] {dag.py:3834} INFO - Setting next_dagrun for example_nested_branch_dag to 2024-07-08 00:00:00+00:00, run_after=2024-07-09 00:00:00+00:00
[2024-07-09T13:49:45.738+0000] {processor.py:183} INFO - Processing /home/airflow/.local/lib/python3.11/site-packages/airflow/example_dags/example_nested_branch_dag.py took 0.067 seconds
[2024-07-09T13:50:16.294+0000] {processor.py:161} INFO - Started process (PID=2451) to work on /home/airflow/.local/lib/python3.11/site-packages/airflow/example_dags/example_nested_branch_dag.py
[2024-07-09T13:50:16.295+0000] {processor.py:830} INFO - Processing file /home/airflow/.local/lib/python3.11/site-packages/airflow/example_dags/example_nested_branch_dag.py for tasks to queue
[2024-07-09T13:50:16.295+0000] {logging_mixin.py:188} INFO - [2024-07-09T13:50:16.295+0000] {dagbag.py:540} INFO - Filling up the DagBag from /home/airflow/.local/lib/python3.11/site-packages/airflow/example_dags/example_nested_branch_dag.py
[2024-07-09T13:50:16.303+0000] {processor.py:840} INFO - DAG(s) 'example_nested_branch_dag' retrieved from /home/airflow/.local/lib/python3.11/site-packages/airflow/example_dags/example_nested_branch_dag.py
[2024-07-09T13:50:16.325+0000] {logging_mixin.py:188} INFO - [2024-07-09T13:50:16.324+0000] {dag.py:3047} INFO - Sync 1 DAGs
[2024-07-09T13:50:16.342+0000] {logging_mixin.py:188} INFO - [2024-07-09T13:50:16.342+0000] {dag.py:3834} INFO - Setting next_dagrun for example_nested_branch_dag to 2024-07-08 00:00:00+00:00, run_after=2024-07-09 00:00:00+00:00
[2024-07-09T13:50:16.359+0000] {processor.py:183} INFO - Processing /home/airflow/.local/lib/python3.11/site-packages/airflow/example_dags/example_nested_branch_dag.py took 0.068 seconds
[2024-07-09T13:50:46.664+0000] {processor.py:161} INFO - Started process (PID=2719) to work on /home/airflow/.local/lib/python3.11/site-packages/airflow/example_dags/example_nested_branch_dag.py
[2024-07-09T13:50:46.666+0000] {processor.py:830} INFO - Processing file /home/airflow/.local/lib/python3.11/site-packages/airflow/example_dags/example_nested_branch_dag.py for tasks to queue
[2024-07-09T13:50:46.666+0000] {logging_mixin.py:188} INFO - [2024-07-09T13:50:46.666+0000] {dagbag.py:540} INFO - Filling up the DagBag from /home/airflow/.local/lib/python3.11/site-packages/airflow/example_dags/example_nested_branch_dag.py
[2024-07-09T13:50:46.675+0000] {processor.py:840} INFO - DAG(s) 'example_nested_branch_dag' retrieved from /home/airflow/.local/lib/python3.11/site-packages/airflow/example_dags/example_nested_branch_dag.py
[2024-07-09T13:50:46.697+0000] {logging_mixin.py:188} INFO - [2024-07-09T13:50:46.697+0000] {dag.py:3047} INFO - Sync 1 DAGs
[2024-07-09T13:50:46.717+0000] {logging_mixin.py:188} INFO - [2024-07-09T13:50:46.717+0000] {dag.py:3834} INFO - Setting next_dagrun for example_nested_branch_dag to 2024-07-08 00:00:00+00:00, run_after=2024-07-09 00:00:00+00:00
[2024-07-09T13:50:46.732+0000] {processor.py:183} INFO - Processing /home/airflow/.local/lib/python3.11/site-packages/airflow/example_dags/example_nested_branch_dag.py took 0.071 seconds
[2024-07-09T13:51:16.990+0000] {processor.py:161} INFO - Started process (PID=2989) to work on /home/airflow/.local/lib/python3.11/site-packages/airflow/example_dags/example_nested_branch_dag.py
[2024-07-09T13:51:16.995+0000] {processor.py:830} INFO - Processing file /home/airflow/.local/lib/python3.11/site-packages/airflow/example_dags/example_nested_branch_dag.py for tasks to queue
[2024-07-09T13:51:16.996+0000] {logging_mixin.py:188} INFO - [2024-07-09T13:51:16.996+0000] {dagbag.py:540} INFO - Filling up the DagBag from /home/airflow/.local/lib/python3.11/site-packages/airflow/example_dags/example_nested_branch_dag.py
[2024-07-09T13:51:17.006+0000] {processor.py:840} INFO - DAG(s) 'example_nested_branch_dag' retrieved from /home/airflow/.local/lib/python3.11/site-packages/airflow/example_dags/example_nested_branch_dag.py
[2024-07-09T13:51:17.027+0000] {logging_mixin.py:188} INFO - [2024-07-09T13:51:17.027+0000] {dag.py:3047} INFO - Sync 1 DAGs
[2024-07-09T13:51:17.046+0000] {logging_mixin.py:188} INFO - [2024-07-09T13:51:17.046+0000] {dag.py:3834} INFO - Setting next_dagrun for example_nested_branch_dag to 2024-07-08 00:00:00+00:00, run_after=2024-07-09 00:00:00+00:00
[2024-07-09T13:51:17.060+0000] {processor.py:183} INFO - Processing /home/airflow/.local/lib/python3.11/site-packages/airflow/example_dags/example_nested_branch_dag.py took 0.073 seconds
