[2024-07-09T13:18:49.526+0000] {processor.py:161} INFO - Started process (PID=304) to work on /home/airflow/.local/lib/python3.11/site-packages/airflow/example_dags/example_sensors.py
[2024-07-09T13:18:49.527+0000] {processor.py:830} INFO - Processing file /home/airflow/.local/lib/python3.11/site-packages/airflow/example_dags/example_sensors.py for tasks to queue
[2024-07-09T13:18:49.528+0000] {logging_mixin.py:188} INFO - [2024-07-09T13:18:49.528+0000] {dagbag.py:540} INFO - Filling up the DagBag from /home/airflow/.local/lib/python3.11/site-packages/airflow/example_dags/example_sensors.py
[2024-07-09T13:18:49.537+0000] {processor.py:840} INFO - DAG(s) 'example_sensors' retrieved from /home/airflow/.local/lib/python3.11/site-packages/airflow/example_dags/example_sensors.py
[2024-07-09T13:18:49.631+0000] {logging_mixin.py:188} INFO - [2024-07-09T13:18:49.631+0000] {override.py:1769} INFO - Created Permission View: can delete on DAG:example_sensors
[2024-07-09T13:18:49.641+0000] {logging_mixin.py:188} INFO - [2024-07-09T13:18:49.641+0000] {override.py:1769} INFO - Created Permission View: can read on DAG:example_sensors
[2024-07-09T13:18:49.647+0000] {logging_mixin.py:188} INFO - [2024-07-09T13:18:49.647+0000] {override.py:1769} INFO - Created Permission View: can edit on DAG:example_sensors
[2024-07-09T13:18:49.647+0000] {logging_mixin.py:188} INFO - [2024-07-09T13:18:49.647+0000] {dag.py:3047} INFO - Sync 1 DAGs
[2024-07-09T13:18:49.656+0000] {logging_mixin.py:188} INFO - [2024-07-09T13:18:49.655+0000] {dag.py:3069} INFO - Creating ORM DAG for example_sensors
[2024-07-09T13:18:49.656+0000] {logging_mixin.py:188} INFO - [2024-07-09T13:18:49.656+0000] {dag.py:3834} INFO - Setting next_dagrun for example_sensors to None, run_after=None
[2024-07-09T13:18:49.671+0000] {processor.py:183} INFO - Processing /home/airflow/.local/lib/python3.11/site-packages/airflow/example_dags/example_sensors.py took 0.147 seconds
[2024-07-09T13:19:20.172+0000] {processor.py:161} INFO - Started process (PID=574) to work on /home/airflow/.local/lib/python3.11/site-packages/airflow/example_dags/example_sensors.py
[2024-07-09T13:19:20.172+0000] {processor.py:830} INFO - Processing file /home/airflow/.local/lib/python3.11/site-packages/airflow/example_dags/example_sensors.py for tasks to queue
[2024-07-09T13:19:20.173+0000] {logging_mixin.py:188} INFO - [2024-07-09T13:19:20.173+0000] {dagbag.py:540} INFO - Filling up the DagBag from /home/airflow/.local/lib/python3.11/site-packages/airflow/example_dags/example_sensors.py
[2024-07-09T13:19:20.181+0000] {processor.py:840} INFO - DAG(s) 'example_sensors' retrieved from /home/airflow/.local/lib/python3.11/site-packages/airflow/example_dags/example_sensors.py
[2024-07-09T13:19:20.204+0000] {logging_mixin.py:188} INFO - [2024-07-09T13:19:20.204+0000] {dag.py:3047} INFO - Sync 1 DAGs
[2024-07-09T13:19:20.214+0000] {logging_mixin.py:188} INFO - [2024-07-09T13:19:20.214+0000] {dag.py:3834} INFO - Setting next_dagrun for example_sensors to None, run_after=None
[2024-07-09T13:19:20.230+0000] {processor.py:183} INFO - Processing /home/airflow/.local/lib/python3.11/site-packages/airflow/example_dags/example_sensors.py took 0.061 seconds
[2024-07-09T13:19:51.063+0000] {processor.py:161} INFO - Started process (PID=844) to work on /home/airflow/.local/lib/python3.11/site-packages/airflow/example_dags/example_sensors.py
[2024-07-09T13:19:51.064+0000] {processor.py:830} INFO - Processing file /home/airflow/.local/lib/python3.11/site-packages/airflow/example_dags/example_sensors.py for tasks to queue
[2024-07-09T13:19:51.064+0000] {logging_mixin.py:188} INFO - [2024-07-09T13:19:51.064+0000] {dagbag.py:540} INFO - Filling up the DagBag from /home/airflow/.local/lib/python3.11/site-packages/airflow/example_dags/example_sensors.py
[2024-07-09T13:19:51.072+0000] {processor.py:840} INFO - DAG(s) 'example_sensors' retrieved from /home/airflow/.local/lib/python3.11/site-packages/airflow/example_dags/example_sensors.py
[2024-07-09T13:19:51.095+0000] {logging_mixin.py:188} INFO - [2024-07-09T13:19:51.095+0000] {dag.py:3047} INFO - Sync 1 DAGs
[2024-07-09T13:19:51.105+0000] {logging_mixin.py:188} INFO - [2024-07-09T13:19:51.105+0000] {dag.py:3834} INFO - Setting next_dagrun for example_sensors to None, run_after=None
[2024-07-09T13:19:51.120+0000] {processor.py:183} INFO - Processing /home/airflow/.local/lib/python3.11/site-packages/airflow/example_dags/example_sensors.py took 0.060 seconds
[2024-07-09T13:20:22.359+0000] {processor.py:161} INFO - Started process (PID=1114) to work on /home/airflow/.local/lib/python3.11/site-packages/airflow/example_dags/example_sensors.py
[2024-07-09T13:20:22.360+0000] {processor.py:830} INFO - Processing file /home/airflow/.local/lib/python3.11/site-packages/airflow/example_dags/example_sensors.py for tasks to queue
[2024-07-09T13:20:22.361+0000] {logging_mixin.py:188} INFO - [2024-07-09T13:20:22.361+0000] {dagbag.py:540} INFO - Filling up the DagBag from /home/airflow/.local/lib/python3.11/site-packages/airflow/example_dags/example_sensors.py
[2024-07-09T13:20:22.369+0000] {processor.py:840} INFO - DAG(s) 'example_sensors' retrieved from /home/airflow/.local/lib/python3.11/site-packages/airflow/example_dags/example_sensors.py
[2024-07-09T13:20:22.395+0000] {logging_mixin.py:188} INFO - [2024-07-09T13:20:22.395+0000] {dag.py:3047} INFO - Sync 1 DAGs
[2024-07-09T13:20:22.531+0000] {logging_mixin.py:188} INFO - [2024-07-09T13:20:22.531+0000] {dag.py:3834} INFO - Setting next_dagrun for example_sensors to None, run_after=None
[2024-07-09T13:20:22.546+0000] {processor.py:183} INFO - Processing /home/airflow/.local/lib/python3.11/site-packages/airflow/example_dags/example_sensors.py took 0.190 seconds
[2024-07-09T13:20:53.450+0000] {processor.py:161} INFO - Started process (PID=1384) to work on /home/airflow/.local/lib/python3.11/site-packages/airflow/example_dags/example_sensors.py
[2024-07-09T13:20:53.451+0000] {processor.py:830} INFO - Processing file /home/airflow/.local/lib/python3.11/site-packages/airflow/example_dags/example_sensors.py for tasks to queue
[2024-07-09T13:20:53.452+0000] {logging_mixin.py:188} INFO - [2024-07-09T13:20:53.452+0000] {dagbag.py:540} INFO - Filling up the DagBag from /home/airflow/.local/lib/python3.11/site-packages/airflow/example_dags/example_sensors.py
[2024-07-09T13:20:53.462+0000] {processor.py:840} INFO - DAG(s) 'example_sensors' retrieved from /home/airflow/.local/lib/python3.11/site-packages/airflow/example_dags/example_sensors.py
[2024-07-09T13:20:53.487+0000] {logging_mixin.py:188} INFO - [2024-07-09T13:20:53.487+0000] {dag.py:3047} INFO - Sync 1 DAGs
[2024-07-09T13:20:53.497+0000] {logging_mixin.py:188} INFO - [2024-07-09T13:20:53.497+0000] {dag.py:3834} INFO - Setting next_dagrun for example_sensors to None, run_after=None
[2024-07-09T13:20:53.514+0000] {processor.py:183} INFO - Processing /home/airflow/.local/lib/python3.11/site-packages/airflow/example_dags/example_sensors.py took 0.066 seconds
[2024-07-09T13:21:24.327+0000] {processor.py:161} INFO - Started process (PID=1654) to work on /home/airflow/.local/lib/python3.11/site-packages/airflow/example_dags/example_sensors.py
[2024-07-09T13:21:24.328+0000] {processor.py:830} INFO - Processing file /home/airflow/.local/lib/python3.11/site-packages/airflow/example_dags/example_sensors.py for tasks to queue
[2024-07-09T13:21:24.329+0000] {logging_mixin.py:188} INFO - [2024-07-09T13:21:24.329+0000] {dagbag.py:540} INFO - Filling up the DagBag from /home/airflow/.local/lib/python3.11/site-packages/airflow/example_dags/example_sensors.py
[2024-07-09T13:21:24.337+0000] {processor.py:840} INFO - DAG(s) 'example_sensors' retrieved from /home/airflow/.local/lib/python3.11/site-packages/airflow/example_dags/example_sensors.py
[2024-07-09T13:21:24.360+0000] {logging_mixin.py:188} INFO - [2024-07-09T13:21:24.360+0000] {dag.py:3047} INFO - Sync 1 DAGs
[2024-07-09T13:21:24.369+0000] {logging_mixin.py:188} INFO - [2024-07-09T13:21:24.369+0000] {dag.py:3834} INFO - Setting next_dagrun for example_sensors to None, run_after=None
[2024-07-09T13:21:24.385+0000] {processor.py:183} INFO - Processing /home/airflow/.local/lib/python3.11/site-packages/airflow/example_dags/example_sensors.py took 0.061 seconds
[2024-07-09T13:21:55.024+0000] {processor.py:161} INFO - Started process (PID=1924) to work on /home/airflow/.local/lib/python3.11/site-packages/airflow/example_dags/example_sensors.py
[2024-07-09T13:21:55.025+0000] {processor.py:830} INFO - Processing file /home/airflow/.local/lib/python3.11/site-packages/airflow/example_dags/example_sensors.py for tasks to queue
[2024-07-09T13:21:55.026+0000] {logging_mixin.py:188} INFO - [2024-07-09T13:21:55.025+0000] {dagbag.py:540} INFO - Filling up the DagBag from /home/airflow/.local/lib/python3.11/site-packages/airflow/example_dags/example_sensors.py
[2024-07-09T13:21:55.033+0000] {processor.py:840} INFO - DAG(s) 'example_sensors' retrieved from /home/airflow/.local/lib/python3.11/site-packages/airflow/example_dags/example_sensors.py
[2024-07-09T13:21:55.057+0000] {logging_mixin.py:188} INFO - [2024-07-09T13:21:55.057+0000] {dag.py:3047} INFO - Sync 1 DAGs
[2024-07-09T13:21:55.066+0000] {logging_mixin.py:188} INFO - [2024-07-09T13:21:55.066+0000] {dag.py:3834} INFO - Setting next_dagrun for example_sensors to None, run_after=None
[2024-07-09T13:21:55.083+0000] {processor.py:183} INFO - Processing /home/airflow/.local/lib/python3.11/site-packages/airflow/example_dags/example_sensors.py took 0.061 seconds
[2024-07-09T13:22:25.737+0000] {processor.py:161} INFO - Started process (PID=2194) to work on /home/airflow/.local/lib/python3.11/site-packages/airflow/example_dags/example_sensors.py
[2024-07-09T13:22:25.738+0000] {processor.py:830} INFO - Processing file /home/airflow/.local/lib/python3.11/site-packages/airflow/example_dags/example_sensors.py for tasks to queue
[2024-07-09T13:22:25.739+0000] {logging_mixin.py:188} INFO - [2024-07-09T13:22:25.739+0000] {dagbag.py:540} INFO - Filling up the DagBag from /home/airflow/.local/lib/python3.11/site-packages/airflow/example_dags/example_sensors.py
[2024-07-09T13:22:25.746+0000] {processor.py:840} INFO - DAG(s) 'example_sensors' retrieved from /home/airflow/.local/lib/python3.11/site-packages/airflow/example_dags/example_sensors.py
[2024-07-09T13:22:25.770+0000] {logging_mixin.py:188} INFO - [2024-07-09T13:22:25.770+0000] {dag.py:3047} INFO - Sync 1 DAGs
[2024-07-09T13:22:25.780+0000] {logging_mixin.py:188} INFO - [2024-07-09T13:22:25.779+0000] {dag.py:3834} INFO - Setting next_dagrun for example_sensors to None, run_after=None
[2024-07-09T13:22:25.796+0000] {processor.py:183} INFO - Processing /home/airflow/.local/lib/python3.11/site-packages/airflow/example_dags/example_sensors.py took 0.061 seconds
[2024-07-09T13:22:56.489+0000] {processor.py:161} INFO - Started process (PID=2464) to work on /home/airflow/.local/lib/python3.11/site-packages/airflow/example_dags/example_sensors.py
[2024-07-09T13:22:56.490+0000] {processor.py:830} INFO - Processing file /home/airflow/.local/lib/python3.11/site-packages/airflow/example_dags/example_sensors.py for tasks to queue
[2024-07-09T13:22:56.491+0000] {logging_mixin.py:188} INFO - [2024-07-09T13:22:56.491+0000] {dagbag.py:540} INFO - Filling up the DagBag from /home/airflow/.local/lib/python3.11/site-packages/airflow/example_dags/example_sensors.py
[2024-07-09T13:22:56.499+0000] {processor.py:840} INFO - DAG(s) 'example_sensors' retrieved from /home/airflow/.local/lib/python3.11/site-packages/airflow/example_dags/example_sensors.py
[2024-07-09T13:22:56.522+0000] {logging_mixin.py:188} INFO - [2024-07-09T13:22:56.522+0000] {dag.py:3047} INFO - Sync 1 DAGs
[2024-07-09T13:22:56.532+0000] {logging_mixin.py:188} INFO - [2024-07-09T13:22:56.531+0000] {dag.py:3834} INFO - Setting next_dagrun for example_sensors to None, run_after=None
[2024-07-09T13:22:56.548+0000] {processor.py:183} INFO - Processing /home/airflow/.local/lib/python3.11/site-packages/airflow/example_dags/example_sensors.py took 0.061 seconds
[2024-07-09T13:23:27.252+0000] {processor.py:161} INFO - Started process (PID=2734) to work on /home/airflow/.local/lib/python3.11/site-packages/airflow/example_dags/example_sensors.py
[2024-07-09T13:23:27.253+0000] {processor.py:830} INFO - Processing file /home/airflow/.local/lib/python3.11/site-packages/airflow/example_dags/example_sensors.py for tasks to queue
[2024-07-09T13:23:27.254+0000] {logging_mixin.py:188} INFO - [2024-07-09T13:23:27.254+0000] {dagbag.py:540} INFO - Filling up the DagBag from /home/airflow/.local/lib/python3.11/site-packages/airflow/example_dags/example_sensors.py
[2024-07-09T13:23:27.261+0000] {processor.py:840} INFO - DAG(s) 'example_sensors' retrieved from /home/airflow/.local/lib/python3.11/site-packages/airflow/example_dags/example_sensors.py
[2024-07-09T13:23:27.286+0000] {logging_mixin.py:188} INFO - [2024-07-09T13:23:27.285+0000] {dag.py:3047} INFO - Sync 1 DAGs
[2024-07-09T13:23:27.296+0000] {logging_mixin.py:188} INFO - [2024-07-09T13:23:27.296+0000] {dag.py:3834} INFO - Setting next_dagrun for example_sensors to None, run_after=None
[2024-07-09T13:23:27.313+0000] {processor.py:183} INFO - Processing /home/airflow/.local/lib/python3.11/site-packages/airflow/example_dags/example_sensors.py took 0.063 seconds
[2024-07-09T13:23:58.009+0000] {processor.py:161} INFO - Started process (PID=3004) to work on /home/airflow/.local/lib/python3.11/site-packages/airflow/example_dags/example_sensors.py
[2024-07-09T13:23:58.010+0000] {processor.py:830} INFO - Processing file /home/airflow/.local/lib/python3.11/site-packages/airflow/example_dags/example_sensors.py for tasks to queue
[2024-07-09T13:23:58.010+0000] {logging_mixin.py:188} INFO - [2024-07-09T13:23:58.010+0000] {dagbag.py:540} INFO - Filling up the DagBag from /home/airflow/.local/lib/python3.11/site-packages/airflow/example_dags/example_sensors.py
[2024-07-09T13:23:58.019+0000] {processor.py:840} INFO - DAG(s) 'example_sensors' retrieved from /home/airflow/.local/lib/python3.11/site-packages/airflow/example_dags/example_sensors.py
[2024-07-09T13:23:58.042+0000] {logging_mixin.py:188} INFO - [2024-07-09T13:23:58.042+0000] {dag.py:3047} INFO - Sync 1 DAGs
[2024-07-09T13:23:58.052+0000] {logging_mixin.py:188} INFO - [2024-07-09T13:23:58.052+0000] {dag.py:3834} INFO - Setting next_dagrun for example_sensors to None, run_after=None
[2024-07-09T13:23:58.069+0000] {processor.py:183} INFO - Processing /home/airflow/.local/lib/python3.11/site-packages/airflow/example_dags/example_sensors.py took 0.063 seconds
[2024-07-09T13:24:28.651+0000] {processor.py:161} INFO - Started process (PID=3274) to work on /home/airflow/.local/lib/python3.11/site-packages/airflow/example_dags/example_sensors.py
[2024-07-09T13:24:28.652+0000] {processor.py:830} INFO - Processing file /home/airflow/.local/lib/python3.11/site-packages/airflow/example_dags/example_sensors.py for tasks to queue
[2024-07-09T13:24:28.653+0000] {logging_mixin.py:188} INFO - [2024-07-09T13:24:28.653+0000] {dagbag.py:540} INFO - Filling up the DagBag from /home/airflow/.local/lib/python3.11/site-packages/airflow/example_dags/example_sensors.py
[2024-07-09T13:24:28.661+0000] {processor.py:840} INFO - DAG(s) 'example_sensors' retrieved from /home/airflow/.local/lib/python3.11/site-packages/airflow/example_dags/example_sensors.py
[2024-07-09T13:24:28.684+0000] {logging_mixin.py:188} INFO - [2024-07-09T13:24:28.684+0000] {dag.py:3047} INFO - Sync 1 DAGs
[2024-07-09T13:24:28.693+0000] {logging_mixin.py:188} INFO - [2024-07-09T13:24:28.693+0000] {dag.py:3834} INFO - Setting next_dagrun for example_sensors to None, run_after=None
[2024-07-09T13:24:28.711+0000] {processor.py:183} INFO - Processing /home/airflow/.local/lib/python3.11/site-packages/airflow/example_dags/example_sensors.py took 0.062 seconds
[2024-07-09T13:24:59.402+0000] {processor.py:161} INFO - Started process (PID=3544) to work on /home/airflow/.local/lib/python3.11/site-packages/airflow/example_dags/example_sensors.py
[2024-07-09T13:24:59.403+0000] {processor.py:830} INFO - Processing file /home/airflow/.local/lib/python3.11/site-packages/airflow/example_dags/example_sensors.py for tasks to queue
[2024-07-09T13:24:59.404+0000] {logging_mixin.py:188} INFO - [2024-07-09T13:24:59.404+0000] {dagbag.py:540} INFO - Filling up the DagBag from /home/airflow/.local/lib/python3.11/site-packages/airflow/example_dags/example_sensors.py
[2024-07-09T13:24:59.412+0000] {processor.py:840} INFO - DAG(s) 'example_sensors' retrieved from /home/airflow/.local/lib/python3.11/site-packages/airflow/example_dags/example_sensors.py
[2024-07-09T13:24:59.436+0000] {logging_mixin.py:188} INFO - [2024-07-09T13:24:59.436+0000] {dag.py:3047} INFO - Sync 1 DAGs
[2024-07-09T13:24:59.446+0000] {logging_mixin.py:188} INFO - [2024-07-09T13:24:59.446+0000] {dag.py:3834} INFO - Setting next_dagrun for example_sensors to None, run_after=None
[2024-07-09T13:24:59.461+0000] {processor.py:183} INFO - Processing /home/airflow/.local/lib/python3.11/site-packages/airflow/example_dags/example_sensors.py took 0.061 seconds
[2024-07-09T13:26:10.410+0000] {processor.py:161} INFO - Started process (PID=305) to work on /home/airflow/.local/lib/python3.11/site-packages/airflow/example_dags/example_sensors.py
[2024-07-09T13:26:10.411+0000] {processor.py:830} INFO - Processing file /home/airflow/.local/lib/python3.11/site-packages/airflow/example_dags/example_sensors.py for tasks to queue
[2024-07-09T13:26:10.412+0000] {logging_mixin.py:188} INFO - [2024-07-09T13:26:10.411+0000] {dagbag.py:540} INFO - Filling up the DagBag from /home/airflow/.local/lib/python3.11/site-packages/airflow/example_dags/example_sensors.py
[2024-07-09T13:26:10.420+0000] {processor.py:840} INFO - DAG(s) 'example_sensors' retrieved from /home/airflow/.local/lib/python3.11/site-packages/airflow/example_dags/example_sensors.py
[2024-07-09T13:26:10.508+0000] {logging_mixin.py:188} INFO - [2024-07-09T13:26:10.508+0000] {override.py:1769} INFO - Created Permission View: can delete on DAG:example_sensors
[2024-07-09T13:26:10.518+0000] {logging_mixin.py:188} INFO - [2024-07-09T13:26:10.517+0000] {override.py:1769} INFO - Created Permission View: can read on DAG:example_sensors
[2024-07-09T13:26:10.524+0000] {logging_mixin.py:188} INFO - [2024-07-09T13:26:10.523+0000] {override.py:1769} INFO - Created Permission View: can edit on DAG:example_sensors
[2024-07-09T13:26:10.524+0000] {logging_mixin.py:188} INFO - [2024-07-09T13:26:10.524+0000] {dag.py:3047} INFO - Sync 1 DAGs
[2024-07-09T13:26:10.532+0000] {logging_mixin.py:188} INFO - [2024-07-09T13:26:10.532+0000] {dag.py:3069} INFO - Creating ORM DAG for example_sensors
[2024-07-09T13:26:10.533+0000] {logging_mixin.py:188} INFO - [2024-07-09T13:26:10.532+0000] {dag.py:3834} INFO - Setting next_dagrun for example_sensors to None, run_after=None
[2024-07-09T13:26:10.548+0000] {processor.py:183} INFO - Processing /home/airflow/.local/lib/python3.11/site-packages/airflow/example_dags/example_sensors.py took 0.141 seconds
[2024-07-09T13:26:41.271+0000] {processor.py:161} INFO - Started process (PID=575) to work on /home/airflow/.local/lib/python3.11/site-packages/airflow/example_dags/example_sensors.py
[2024-07-09T13:26:41.272+0000] {processor.py:830} INFO - Processing file /home/airflow/.local/lib/python3.11/site-packages/airflow/example_dags/example_sensors.py for tasks to queue
[2024-07-09T13:26:41.272+0000] {logging_mixin.py:188} INFO - [2024-07-09T13:26:41.272+0000] {dagbag.py:540} INFO - Filling up the DagBag from /home/airflow/.local/lib/python3.11/site-packages/airflow/example_dags/example_sensors.py
[2024-07-09T13:26:41.280+0000] {processor.py:840} INFO - DAG(s) 'example_sensors' retrieved from /home/airflow/.local/lib/python3.11/site-packages/airflow/example_dags/example_sensors.py
[2024-07-09T13:26:41.303+0000] {logging_mixin.py:188} INFO - [2024-07-09T13:26:41.303+0000] {dag.py:3047} INFO - Sync 1 DAGs
[2024-07-09T13:26:41.312+0000] {logging_mixin.py:188} INFO - [2024-07-09T13:26:41.312+0000] {dag.py:3834} INFO - Setting next_dagrun for example_sensors to None, run_after=None
[2024-07-09T13:26:41.327+0000] {processor.py:183} INFO - Processing /home/airflow/.local/lib/python3.11/site-packages/airflow/example_dags/example_sensors.py took 0.059 seconds
[2024-07-09T13:27:11.701+0000] {processor.py:161} INFO - Started process (PID=845) to work on /home/airflow/.local/lib/python3.11/site-packages/airflow/example_dags/example_sensors.py
[2024-07-09T13:27:11.702+0000] {processor.py:830} INFO - Processing file /home/airflow/.local/lib/python3.11/site-packages/airflow/example_dags/example_sensors.py for tasks to queue
[2024-07-09T13:27:11.703+0000] {logging_mixin.py:188} INFO - [2024-07-09T13:27:11.703+0000] {dagbag.py:540} INFO - Filling up the DagBag from /home/airflow/.local/lib/python3.11/site-packages/airflow/example_dags/example_sensors.py
[2024-07-09T13:27:11.714+0000] {processor.py:840} INFO - DAG(s) 'example_sensors' retrieved from /home/airflow/.local/lib/python3.11/site-packages/airflow/example_dags/example_sensors.py
[2024-07-09T13:27:11.739+0000] {logging_mixin.py:188} INFO - [2024-07-09T13:27:11.739+0000] {dag.py:3047} INFO - Sync 1 DAGs
[2024-07-09T13:27:11.749+0000] {logging_mixin.py:188} INFO - [2024-07-09T13:27:11.749+0000] {dag.py:3834} INFO - Setting next_dagrun for example_sensors to None, run_after=None
[2024-07-09T13:27:11.765+0000] {processor.py:183} INFO - Processing /home/airflow/.local/lib/python3.11/site-packages/airflow/example_dags/example_sensors.py took 0.066 seconds
[2024-07-09T13:27:42.208+0000] {processor.py:161} INFO - Started process (PID=1115) to work on /home/airflow/.local/lib/python3.11/site-packages/airflow/example_dags/example_sensors.py
[2024-07-09T13:27:42.209+0000] {processor.py:830} INFO - Processing file /home/airflow/.local/lib/python3.11/site-packages/airflow/example_dags/example_sensors.py for tasks to queue
[2024-07-09T13:27:42.210+0000] {logging_mixin.py:188} INFO - [2024-07-09T13:27:42.210+0000] {dagbag.py:540} INFO - Filling up the DagBag from /home/airflow/.local/lib/python3.11/site-packages/airflow/example_dags/example_sensors.py
[2024-07-09T13:27:42.218+0000] {processor.py:840} INFO - DAG(s) 'example_sensors' retrieved from /home/airflow/.local/lib/python3.11/site-packages/airflow/example_dags/example_sensors.py
[2024-07-09T13:27:42.345+0000] {logging_mixin.py:188} INFO - [2024-07-09T13:27:42.345+0000] {dag.py:3047} INFO - Sync 1 DAGs
[2024-07-09T13:27:42.355+0000] {logging_mixin.py:188} INFO - [2024-07-09T13:27:42.354+0000] {dag.py:3834} INFO - Setting next_dagrun for example_sensors to None, run_after=None
[2024-07-09T13:27:42.372+0000] {processor.py:183} INFO - Processing /home/airflow/.local/lib/python3.11/site-packages/airflow/example_dags/example_sensors.py took 0.166 seconds
[2024-07-09T13:28:12.406+0000] {processor.py:161} INFO - Started process (PID=1385) to work on /home/airflow/.local/lib/python3.11/site-packages/airflow/example_dags/example_sensors.py
[2024-07-09T13:28:12.407+0000] {processor.py:830} INFO - Processing file /home/airflow/.local/lib/python3.11/site-packages/airflow/example_dags/example_sensors.py for tasks to queue
[2024-07-09T13:28:12.407+0000] {logging_mixin.py:188} INFO - [2024-07-09T13:28:12.407+0000] {dagbag.py:540} INFO - Filling up the DagBag from /home/airflow/.local/lib/python3.11/site-packages/airflow/example_dags/example_sensors.py
[2024-07-09T13:28:12.415+0000] {processor.py:840} INFO - DAG(s) 'example_sensors' retrieved from /home/airflow/.local/lib/python3.11/site-packages/airflow/example_dags/example_sensors.py
[2024-07-09T13:28:12.441+0000] {logging_mixin.py:188} INFO - [2024-07-09T13:28:12.440+0000] {dag.py:3047} INFO - Sync 1 DAGs
[2024-07-09T13:28:12.452+0000] {logging_mixin.py:188} INFO - [2024-07-09T13:28:12.451+0000] {dag.py:3834} INFO - Setting next_dagrun for example_sensors to None, run_after=None
[2024-07-09T13:28:12.468+0000] {processor.py:183} INFO - Processing /home/airflow/.local/lib/python3.11/site-packages/airflow/example_dags/example_sensors.py took 0.065 seconds
[2024-07-09T13:28:42.900+0000] {processor.py:161} INFO - Started process (PID=1655) to work on /home/airflow/.local/lib/python3.11/site-packages/airflow/example_dags/example_sensors.py
[2024-07-09T13:28:42.901+0000] {processor.py:830} INFO - Processing file /home/airflow/.local/lib/python3.11/site-packages/airflow/example_dags/example_sensors.py for tasks to queue
[2024-07-09T13:28:42.902+0000] {logging_mixin.py:188} INFO - [2024-07-09T13:28:42.902+0000] {dagbag.py:540} INFO - Filling up the DagBag from /home/airflow/.local/lib/python3.11/site-packages/airflow/example_dags/example_sensors.py
[2024-07-09T13:28:42.910+0000] {processor.py:840} INFO - DAG(s) 'example_sensors' retrieved from /home/airflow/.local/lib/python3.11/site-packages/airflow/example_dags/example_sensors.py
[2024-07-09T13:28:42.934+0000] {logging_mixin.py:188} INFO - [2024-07-09T13:28:42.934+0000] {dag.py:3047} INFO - Sync 1 DAGs
[2024-07-09T13:28:42.944+0000] {logging_mixin.py:188} INFO - [2024-07-09T13:28:42.944+0000] {dag.py:3834} INFO - Setting next_dagrun for example_sensors to None, run_after=None
[2024-07-09T13:28:42.961+0000] {processor.py:183} INFO - Processing /home/airflow/.local/lib/python3.11/site-packages/airflow/example_dags/example_sensors.py took 0.064 seconds
[2024-07-09T13:29:13.239+0000] {processor.py:161} INFO - Started process (PID=1925) to work on /home/airflow/.local/lib/python3.11/site-packages/airflow/example_dags/example_sensors.py
[2024-07-09T13:29:13.240+0000] {processor.py:830} INFO - Processing file /home/airflow/.local/lib/python3.11/site-packages/airflow/example_dags/example_sensors.py for tasks to queue
[2024-07-09T13:29:13.240+0000] {logging_mixin.py:188} INFO - [2024-07-09T13:29:13.240+0000] {dagbag.py:540} INFO - Filling up the DagBag from /home/airflow/.local/lib/python3.11/site-packages/airflow/example_dags/example_sensors.py
[2024-07-09T13:29:13.248+0000] {processor.py:840} INFO - DAG(s) 'example_sensors' retrieved from /home/airflow/.local/lib/python3.11/site-packages/airflow/example_dags/example_sensors.py
[2024-07-09T13:29:13.271+0000] {logging_mixin.py:188} INFO - [2024-07-09T13:29:13.271+0000] {dag.py:3047} INFO - Sync 1 DAGs
[2024-07-09T13:29:13.281+0000] {logging_mixin.py:188} INFO - [2024-07-09T13:29:13.281+0000] {dag.py:3834} INFO - Setting next_dagrun for example_sensors to None, run_after=None
[2024-07-09T13:29:13.297+0000] {processor.py:183} INFO - Processing /home/airflow/.local/lib/python3.11/site-packages/airflow/example_dags/example_sensors.py took 0.061 seconds
[2024-07-09T13:29:43.636+0000] {processor.py:161} INFO - Started process (PID=2195) to work on /home/airflow/.local/lib/python3.11/site-packages/airflow/example_dags/example_sensors.py
[2024-07-09T13:29:43.637+0000] {processor.py:830} INFO - Processing file /home/airflow/.local/lib/python3.11/site-packages/airflow/example_dags/example_sensors.py for tasks to queue
[2024-07-09T13:29:43.637+0000] {logging_mixin.py:188} INFO - [2024-07-09T13:29:43.637+0000] {dagbag.py:540} INFO - Filling up the DagBag from /home/airflow/.local/lib/python3.11/site-packages/airflow/example_dags/example_sensors.py
[2024-07-09T13:29:43.645+0000] {processor.py:840} INFO - DAG(s) 'example_sensors' retrieved from /home/airflow/.local/lib/python3.11/site-packages/airflow/example_dags/example_sensors.py
[2024-07-09T13:29:43.670+0000] {logging_mixin.py:188} INFO - [2024-07-09T13:29:43.670+0000] {dag.py:3047} INFO - Sync 1 DAGs
[2024-07-09T13:29:43.680+0000] {logging_mixin.py:188} INFO - [2024-07-09T13:29:43.680+0000] {dag.py:3834} INFO - Setting next_dagrun for example_sensors to None, run_after=None
[2024-07-09T13:29:43.697+0000] {processor.py:183} INFO - Processing /home/airflow/.local/lib/python3.11/site-packages/airflow/example_dags/example_sensors.py took 0.064 seconds
[2024-07-09T13:31:38.661+0000] {processor.py:161} INFO - Started process (PID=304) to work on /home/airflow/.local/lib/python3.11/site-packages/airflow/example_dags/example_sensors.py
[2024-07-09T13:31:38.662+0000] {processor.py:830} INFO - Processing file /home/airflow/.local/lib/python3.11/site-packages/airflow/example_dags/example_sensors.py for tasks to queue
[2024-07-09T13:31:38.663+0000] {logging_mixin.py:188} INFO - [2024-07-09T13:31:38.662+0000] {dagbag.py:540} INFO - Filling up the DagBag from /home/airflow/.local/lib/python3.11/site-packages/airflow/example_dags/example_sensors.py
[2024-07-09T13:31:38.673+0000] {processor.py:840} INFO - DAG(s) 'example_sensors' retrieved from /home/airflow/.local/lib/python3.11/site-packages/airflow/example_dags/example_sensors.py
[2024-07-09T13:31:38.769+0000] {logging_mixin.py:188} INFO - [2024-07-09T13:31:38.768+0000] {override.py:1769} INFO - Created Permission View: can edit on DAG:example_sensors
[2024-07-09T13:31:38.779+0000] {logging_mixin.py:188} INFO - [2024-07-09T13:31:38.779+0000] {override.py:1769} INFO - Created Permission View: can delete on DAG:example_sensors
[2024-07-09T13:31:38.785+0000] {logging_mixin.py:188} INFO - [2024-07-09T13:31:38.785+0000] {override.py:1769} INFO - Created Permission View: can read on DAG:example_sensors
[2024-07-09T13:31:38.786+0000] {logging_mixin.py:188} INFO - [2024-07-09T13:31:38.786+0000] {dag.py:3047} INFO - Sync 1 DAGs
[2024-07-09T13:31:38.795+0000] {logging_mixin.py:188} INFO - [2024-07-09T13:31:38.795+0000] {dag.py:3069} INFO - Creating ORM DAG for example_sensors
[2024-07-09T13:31:38.796+0000] {logging_mixin.py:188} INFO - [2024-07-09T13:31:38.795+0000] {dag.py:3834} INFO - Setting next_dagrun for example_sensors to None, run_after=None
[2024-07-09T13:31:38.813+0000] {processor.py:183} INFO - Processing /home/airflow/.local/lib/python3.11/site-packages/airflow/example_dags/example_sensors.py took 0.155 seconds
[2024-07-09T13:32:08.842+0000] {processor.py:161} INFO - Started process (PID=574) to work on /home/airflow/.local/lib/python3.11/site-packages/airflow/example_dags/example_sensors.py
[2024-07-09T13:32:08.843+0000] {processor.py:830} INFO - Processing file /home/airflow/.local/lib/python3.11/site-packages/airflow/example_dags/example_sensors.py for tasks to queue
[2024-07-09T13:32:08.844+0000] {logging_mixin.py:188} INFO - [2024-07-09T13:32:08.843+0000] {dagbag.py:540} INFO - Filling up the DagBag from /home/airflow/.local/lib/python3.11/site-packages/airflow/example_dags/example_sensors.py
[2024-07-09T13:32:08.851+0000] {processor.py:840} INFO - DAG(s) 'example_sensors' retrieved from /home/airflow/.local/lib/python3.11/site-packages/airflow/example_dags/example_sensors.py
[2024-07-09T13:32:08.875+0000] {logging_mixin.py:188} INFO - [2024-07-09T13:32:08.875+0000] {dag.py:3047} INFO - Sync 1 DAGs
[2024-07-09T13:32:08.884+0000] {logging_mixin.py:188} INFO - [2024-07-09T13:32:08.884+0000] {dag.py:3834} INFO - Setting next_dagrun for example_sensors to None, run_after=None
[2024-07-09T13:32:08.900+0000] {processor.py:183} INFO - Processing /home/airflow/.local/lib/python3.11/site-packages/airflow/example_dags/example_sensors.py took 0.060 seconds
[2024-07-09T13:32:39.294+0000] {processor.py:161} INFO - Started process (PID=844) to work on /home/airflow/.local/lib/python3.11/site-packages/airflow/example_dags/example_sensors.py
[2024-07-09T13:32:39.295+0000] {processor.py:830} INFO - Processing file /home/airflow/.local/lib/python3.11/site-packages/airflow/example_dags/example_sensors.py for tasks to queue
[2024-07-09T13:32:39.296+0000] {logging_mixin.py:188} INFO - [2024-07-09T13:32:39.295+0000] {dagbag.py:540} INFO - Filling up the DagBag from /home/airflow/.local/lib/python3.11/site-packages/airflow/example_dags/example_sensors.py
[2024-07-09T13:32:39.304+0000] {processor.py:840} INFO - DAG(s) 'example_sensors' retrieved from /home/airflow/.local/lib/python3.11/site-packages/airflow/example_dags/example_sensors.py
[2024-07-09T13:32:39.328+0000] {logging_mixin.py:188} INFO - [2024-07-09T13:32:39.328+0000] {dag.py:3047} INFO - Sync 1 DAGs
[2024-07-09T13:32:39.338+0000] {logging_mixin.py:188} INFO - [2024-07-09T13:32:39.337+0000] {dag.py:3834} INFO - Setting next_dagrun for example_sensors to None, run_after=None
[2024-07-09T13:32:39.354+0000] {processor.py:183} INFO - Processing /home/airflow/.local/lib/python3.11/site-packages/airflow/example_dags/example_sensors.py took 0.063 seconds
[2024-07-09T13:33:10.450+0000] {processor.py:161} INFO - Started process (PID=1114) to work on /home/airflow/.local/lib/python3.11/site-packages/airflow/example_dags/example_sensors.py
[2024-07-09T13:33:10.452+0000] {processor.py:830} INFO - Processing file /home/airflow/.local/lib/python3.11/site-packages/airflow/example_dags/example_sensors.py for tasks to queue
[2024-07-09T13:33:10.452+0000] {logging_mixin.py:188} INFO - [2024-07-09T13:33:10.452+0000] {dagbag.py:540} INFO - Filling up the DagBag from /home/airflow/.local/lib/python3.11/site-packages/airflow/example_dags/example_sensors.py
[2024-07-09T13:33:10.460+0000] {processor.py:840} INFO - DAG(s) 'example_sensors' retrieved from /home/airflow/.local/lib/python3.11/site-packages/airflow/example_dags/example_sensors.py
[2024-07-09T13:33:10.610+0000] {logging_mixin.py:188} INFO - [2024-07-09T13:33:10.610+0000] {dag.py:3047} INFO - Sync 1 DAGs
[2024-07-09T13:33:10.621+0000] {logging_mixin.py:188} INFO - [2024-07-09T13:33:10.620+0000] {dag.py:3834} INFO - Setting next_dagrun for example_sensors to None, run_after=None
[2024-07-09T13:33:10.637+0000] {processor.py:183} INFO - Processing /home/airflow/.local/lib/python3.11/site-packages/airflow/example_dags/example_sensors.py took 0.189 seconds
[2024-07-09T13:33:40.792+0000] {processor.py:161} INFO - Started process (PID=1384) to work on /home/airflow/.local/lib/python3.11/site-packages/airflow/example_dags/example_sensors.py
[2024-07-09T13:33:40.793+0000] {processor.py:830} INFO - Processing file /home/airflow/.local/lib/python3.11/site-packages/airflow/example_dags/example_sensors.py for tasks to queue
[2024-07-09T13:33:40.793+0000] {logging_mixin.py:188} INFO - [2024-07-09T13:33:40.793+0000] {dagbag.py:540} INFO - Filling up the DagBag from /home/airflow/.local/lib/python3.11/site-packages/airflow/example_dags/example_sensors.py
[2024-07-09T13:33:40.801+0000] {processor.py:840} INFO - DAG(s) 'example_sensors' retrieved from /home/airflow/.local/lib/python3.11/site-packages/airflow/example_dags/example_sensors.py
[2024-07-09T13:33:40.826+0000] {logging_mixin.py:188} INFO - [2024-07-09T13:33:40.826+0000] {dag.py:3047} INFO - Sync 1 DAGs
[2024-07-09T13:33:40.837+0000] {logging_mixin.py:188} INFO - [2024-07-09T13:33:40.836+0000] {dag.py:3834} INFO - Setting next_dagrun for example_sensors to None, run_after=None
[2024-07-09T13:33:40.854+0000] {processor.py:183} INFO - Processing /home/airflow/.local/lib/python3.11/site-packages/airflow/example_dags/example_sensors.py took 0.065 seconds
[2024-07-09T13:34:11.203+0000] {processor.py:161} INFO - Started process (PID=1656) to work on /home/airflow/.local/lib/python3.11/site-packages/airflow/example_dags/example_sensors.py
[2024-07-09T13:34:11.204+0000] {processor.py:830} INFO - Processing file /home/airflow/.local/lib/python3.11/site-packages/airflow/example_dags/example_sensors.py for tasks to queue
[2024-07-09T13:34:11.205+0000] {logging_mixin.py:188} INFO - [2024-07-09T13:34:11.205+0000] {dagbag.py:540} INFO - Filling up the DagBag from /home/airflow/.local/lib/python3.11/site-packages/airflow/example_dags/example_sensors.py
[2024-07-09T13:34:11.213+0000] {processor.py:840} INFO - DAG(s) 'example_sensors' retrieved from /home/airflow/.local/lib/python3.11/site-packages/airflow/example_dags/example_sensors.py
[2024-07-09T13:34:11.238+0000] {logging_mixin.py:188} INFO - [2024-07-09T13:34:11.238+0000] {dag.py:3047} INFO - Sync 1 DAGs
[2024-07-09T13:34:11.248+0000] {logging_mixin.py:188} INFO - [2024-07-09T13:34:11.248+0000] {dag.py:3834} INFO - Setting next_dagrun for example_sensors to None, run_after=None
[2024-07-09T13:34:11.266+0000] {processor.py:183} INFO - Processing /home/airflow/.local/lib/python3.11/site-packages/airflow/example_dags/example_sensors.py took 0.065 seconds
[2024-07-09T13:34:41.394+0000] {processor.py:161} INFO - Started process (PID=1924) to work on /home/airflow/.local/lib/python3.11/site-packages/airflow/example_dags/example_sensors.py
[2024-07-09T13:34:41.395+0000] {processor.py:830} INFO - Processing file /home/airflow/.local/lib/python3.11/site-packages/airflow/example_dags/example_sensors.py for tasks to queue
[2024-07-09T13:34:41.395+0000] {logging_mixin.py:188} INFO - [2024-07-09T13:34:41.395+0000] {dagbag.py:540} INFO - Filling up the DagBag from /home/airflow/.local/lib/python3.11/site-packages/airflow/example_dags/example_sensors.py
[2024-07-09T13:34:41.403+0000] {processor.py:840} INFO - DAG(s) 'example_sensors' retrieved from /home/airflow/.local/lib/python3.11/site-packages/airflow/example_dags/example_sensors.py
[2024-07-09T13:34:41.428+0000] {logging_mixin.py:188} INFO - [2024-07-09T13:34:41.427+0000] {dag.py:3047} INFO - Sync 1 DAGs
[2024-07-09T13:34:41.437+0000] {logging_mixin.py:188} INFO - [2024-07-09T13:34:41.437+0000] {dag.py:3834} INFO - Setting next_dagrun for example_sensors to None, run_after=None
[2024-07-09T13:34:41.453+0000] {processor.py:183} INFO - Processing /home/airflow/.local/lib/python3.11/site-packages/airflow/example_dags/example_sensors.py took 0.061 seconds
[2024-07-09T13:35:11.728+0000] {processor.py:161} INFO - Started process (PID=2194) to work on /home/airflow/.local/lib/python3.11/site-packages/airflow/example_dags/example_sensors.py
[2024-07-09T13:35:11.729+0000] {processor.py:830} INFO - Processing file /home/airflow/.local/lib/python3.11/site-packages/airflow/example_dags/example_sensors.py for tasks to queue
[2024-07-09T13:35:11.730+0000] {logging_mixin.py:188} INFO - [2024-07-09T13:35:11.730+0000] {dagbag.py:540} INFO - Filling up the DagBag from /home/airflow/.local/lib/python3.11/site-packages/airflow/example_dags/example_sensors.py
[2024-07-09T13:35:11.738+0000] {processor.py:840} INFO - DAG(s) 'example_sensors' retrieved from /home/airflow/.local/lib/python3.11/site-packages/airflow/example_dags/example_sensors.py
[2024-07-09T13:35:11.762+0000] {logging_mixin.py:188} INFO - [2024-07-09T13:35:11.762+0000] {dag.py:3047} INFO - Sync 1 DAGs
[2024-07-09T13:35:11.772+0000] {logging_mixin.py:188} INFO - [2024-07-09T13:35:11.771+0000] {dag.py:3834} INFO - Setting next_dagrun for example_sensors to None, run_after=None
[2024-07-09T13:35:11.788+0000] {processor.py:183} INFO - Processing /home/airflow/.local/lib/python3.11/site-packages/airflow/example_dags/example_sensors.py took 0.062 seconds
[2024-07-09T13:35:42.125+0000] {processor.py:161} INFO - Started process (PID=2464) to work on /home/airflow/.local/lib/python3.11/site-packages/airflow/example_dags/example_sensors.py
[2024-07-09T13:35:42.126+0000] {processor.py:830} INFO - Processing file /home/airflow/.local/lib/python3.11/site-packages/airflow/example_dags/example_sensors.py for tasks to queue
[2024-07-09T13:35:42.127+0000] {logging_mixin.py:188} INFO - [2024-07-09T13:35:42.127+0000] {dagbag.py:540} INFO - Filling up the DagBag from /home/airflow/.local/lib/python3.11/site-packages/airflow/example_dags/example_sensors.py
[2024-07-09T13:35:42.135+0000] {processor.py:840} INFO - DAG(s) 'example_sensors' retrieved from /home/airflow/.local/lib/python3.11/site-packages/airflow/example_dags/example_sensors.py
[2024-07-09T13:35:42.159+0000] {logging_mixin.py:188} INFO - [2024-07-09T13:35:42.159+0000] {dag.py:3047} INFO - Sync 1 DAGs
[2024-07-09T13:35:42.169+0000] {logging_mixin.py:188} INFO - [2024-07-09T13:35:42.169+0000] {dag.py:3834} INFO - Setting next_dagrun for example_sensors to None, run_after=None
[2024-07-09T13:35:42.185+0000] {processor.py:183} INFO - Processing /home/airflow/.local/lib/python3.11/site-packages/airflow/example_dags/example_sensors.py took 0.063 seconds
[2024-07-09T13:36:12.574+0000] {processor.py:161} INFO - Started process (PID=2734) to work on /home/airflow/.local/lib/python3.11/site-packages/airflow/example_dags/example_sensors.py
[2024-07-09T13:36:12.575+0000] {processor.py:830} INFO - Processing file /home/airflow/.local/lib/python3.11/site-packages/airflow/example_dags/example_sensors.py for tasks to queue
[2024-07-09T13:36:12.576+0000] {logging_mixin.py:188} INFO - [2024-07-09T13:36:12.575+0000] {dagbag.py:540} INFO - Filling up the DagBag from /home/airflow/.local/lib/python3.11/site-packages/airflow/example_dags/example_sensors.py
[2024-07-09T13:36:12.584+0000] {processor.py:840} INFO - DAG(s) 'example_sensors' retrieved from /home/airflow/.local/lib/python3.11/site-packages/airflow/example_dags/example_sensors.py
[2024-07-09T13:36:12.609+0000] {logging_mixin.py:188} INFO - [2024-07-09T13:36:12.609+0000] {dag.py:3047} INFO - Sync 1 DAGs
[2024-07-09T13:36:12.620+0000] {logging_mixin.py:188} INFO - [2024-07-09T13:36:12.619+0000] {dag.py:3834} INFO - Setting next_dagrun for example_sensors to None, run_after=None
[2024-07-09T13:36:12.636+0000] {processor.py:183} INFO - Processing /home/airflow/.local/lib/python3.11/site-packages/airflow/example_dags/example_sensors.py took 0.065 seconds
[2024-07-09T13:36:42.879+0000] {processor.py:161} INFO - Started process (PID=3004) to work on /home/airflow/.local/lib/python3.11/site-packages/airflow/example_dags/example_sensors.py
[2024-07-09T13:36:42.880+0000] {processor.py:830} INFO - Processing file /home/airflow/.local/lib/python3.11/site-packages/airflow/example_dags/example_sensors.py for tasks to queue
[2024-07-09T13:36:42.880+0000] {logging_mixin.py:188} INFO - [2024-07-09T13:36:42.880+0000] {dagbag.py:540} INFO - Filling up the DagBag from /home/airflow/.local/lib/python3.11/site-packages/airflow/example_dags/example_sensors.py
[2024-07-09T13:36:42.888+0000] {processor.py:840} INFO - DAG(s) 'example_sensors' retrieved from /home/airflow/.local/lib/python3.11/site-packages/airflow/example_dags/example_sensors.py
[2024-07-09T13:36:42.913+0000] {logging_mixin.py:188} INFO - [2024-07-09T13:36:42.913+0000] {dag.py:3047} INFO - Sync 1 DAGs
[2024-07-09T13:36:42.923+0000] {logging_mixin.py:188} INFO - [2024-07-09T13:36:42.923+0000] {dag.py:3834} INFO - Setting next_dagrun for example_sensors to None, run_after=None
[2024-07-09T13:36:42.939+0000] {processor.py:183} INFO - Processing /home/airflow/.local/lib/python3.11/site-packages/airflow/example_dags/example_sensors.py took 0.063 seconds
[2024-07-09T13:37:13.471+0000] {processor.py:161} INFO - Started process (PID=3274) to work on /home/airflow/.local/lib/python3.11/site-packages/airflow/example_dags/example_sensors.py
[2024-07-09T13:37:13.472+0000] {processor.py:830} INFO - Processing file /home/airflow/.local/lib/python3.11/site-packages/airflow/example_dags/example_sensors.py for tasks to queue
[2024-07-09T13:37:13.473+0000] {logging_mixin.py:188} INFO - [2024-07-09T13:37:13.472+0000] {dagbag.py:540} INFO - Filling up the DagBag from /home/airflow/.local/lib/python3.11/site-packages/airflow/example_dags/example_sensors.py
[2024-07-09T13:37:13.481+0000] {processor.py:840} INFO - DAG(s) 'example_sensors' retrieved from /home/airflow/.local/lib/python3.11/site-packages/airflow/example_dags/example_sensors.py
[2024-07-09T13:37:13.506+0000] {logging_mixin.py:188} INFO - [2024-07-09T13:37:13.506+0000] {dag.py:3047} INFO - Sync 1 DAGs
[2024-07-09T13:37:13.517+0000] {logging_mixin.py:188} INFO - [2024-07-09T13:37:13.516+0000] {dag.py:3834} INFO - Setting next_dagrun for example_sensors to None, run_after=None
[2024-07-09T13:37:13.533+0000] {processor.py:183} INFO - Processing /home/airflow/.local/lib/python3.11/site-packages/airflow/example_dags/example_sensors.py took 0.065 seconds
[2024-07-09T13:46:11.763+0000] {processor.py:161} INFO - Started process (PID=304) to work on /home/airflow/.local/lib/python3.11/site-packages/airflow/example_dags/example_sensors.py
[2024-07-09T13:46:11.764+0000] {processor.py:830} INFO - Processing file /home/airflow/.local/lib/python3.11/site-packages/airflow/example_dags/example_sensors.py for tasks to queue
[2024-07-09T13:46:11.765+0000] {logging_mixin.py:188} INFO - [2024-07-09T13:46:11.764+0000] {dagbag.py:540} INFO - Filling up the DagBag from /home/airflow/.local/lib/python3.11/site-packages/airflow/example_dags/example_sensors.py
[2024-07-09T13:46:11.775+0000] {processor.py:840} INFO - DAG(s) 'example_sensors' retrieved from /home/airflow/.local/lib/python3.11/site-packages/airflow/example_dags/example_sensors.py
[2024-07-09T13:46:11.881+0000] {logging_mixin.py:188} INFO - [2024-07-09T13:46:11.880+0000] {override.py:1769} INFO - Created Permission View: can delete on DAG:example_sensors
[2024-07-09T13:46:11.889+0000] {logging_mixin.py:188} INFO - [2024-07-09T13:46:11.889+0000] {override.py:1769} INFO - Created Permission View: can read on DAG:example_sensors
[2024-07-09T13:46:11.898+0000] {logging_mixin.py:188} INFO - [2024-07-09T13:46:11.898+0000] {override.py:1769} INFO - Created Permission View: can edit on DAG:example_sensors
[2024-07-09T13:46:11.898+0000] {logging_mixin.py:188} INFO - [2024-07-09T13:46:11.898+0000] {dag.py:3047} INFO - Sync 1 DAGs
[2024-07-09T13:46:11.907+0000] {logging_mixin.py:188} INFO - [2024-07-09T13:46:11.907+0000] {dag.py:3069} INFO - Creating ORM DAG for example_sensors
[2024-07-09T13:46:11.908+0000] {logging_mixin.py:188} INFO - [2024-07-09T13:46:11.908+0000] {dag.py:3834} INFO - Setting next_dagrun for example_sensors to None, run_after=None
[2024-07-09T13:46:11.923+0000] {processor.py:183} INFO - Processing /home/airflow/.local/lib/python3.11/site-packages/airflow/example_dags/example_sensors.py took 0.163 seconds
[2024-07-09T13:46:42.562+0000] {processor.py:161} INFO - Started process (PID=574) to work on /home/airflow/.local/lib/python3.11/site-packages/airflow/example_dags/example_sensors.py
[2024-07-09T13:46:42.563+0000] {processor.py:830} INFO - Processing file /home/airflow/.local/lib/python3.11/site-packages/airflow/example_dags/example_sensors.py for tasks to queue
[2024-07-09T13:46:42.564+0000] {logging_mixin.py:188} INFO - [2024-07-09T13:46:42.563+0000] {dagbag.py:540} INFO - Filling up the DagBag from /home/airflow/.local/lib/python3.11/site-packages/airflow/example_dags/example_sensors.py
[2024-07-09T13:46:42.571+0000] {processor.py:840} INFO - DAG(s) 'example_sensors' retrieved from /home/airflow/.local/lib/python3.11/site-packages/airflow/example_dags/example_sensors.py
[2024-07-09T13:46:42.594+0000] {logging_mixin.py:188} INFO - [2024-07-09T13:46:42.594+0000] {dag.py:3047} INFO - Sync 1 DAGs
[2024-07-09T13:46:42.604+0000] {logging_mixin.py:188} INFO - [2024-07-09T13:46:42.603+0000] {dag.py:3834} INFO - Setting next_dagrun for example_sensors to None, run_after=None
[2024-07-09T13:46:42.618+0000] {processor.py:183} INFO - Processing /home/airflow/.local/lib/python3.11/site-packages/airflow/example_dags/example_sensors.py took 0.059 seconds
[2024-07-09T13:47:13.360+0000] {processor.py:161} INFO - Started process (PID=844) to work on /home/airflow/.local/lib/python3.11/site-packages/airflow/example_dags/example_sensors.py
[2024-07-09T13:47:13.361+0000] {processor.py:830} INFO - Processing file /home/airflow/.local/lib/python3.11/site-packages/airflow/example_dags/example_sensors.py for tasks to queue
[2024-07-09T13:47:13.362+0000] {logging_mixin.py:188} INFO - [2024-07-09T13:47:13.362+0000] {dagbag.py:540} INFO - Filling up the DagBag from /home/airflow/.local/lib/python3.11/site-packages/airflow/example_dags/example_sensors.py
[2024-07-09T13:47:13.370+0000] {processor.py:840} INFO - DAG(s) 'example_sensors' retrieved from /home/airflow/.local/lib/python3.11/site-packages/airflow/example_dags/example_sensors.py
[2024-07-09T13:47:13.394+0000] {logging_mixin.py:188} INFO - [2024-07-09T13:47:13.393+0000] {dag.py:3047} INFO - Sync 1 DAGs
[2024-07-09T13:47:13.403+0000] {logging_mixin.py:188} INFO - [2024-07-09T13:47:13.403+0000] {dag.py:3834} INFO - Setting next_dagrun for example_sensors to None, run_after=None
[2024-07-09T13:47:13.419+0000] {processor.py:183} INFO - Processing /home/airflow/.local/lib/python3.11/site-packages/airflow/example_dags/example_sensors.py took 0.061 seconds
[2024-07-09T13:47:43.997+0000] {processor.py:161} INFO - Started process (PID=1114) to work on /home/airflow/.local/lib/python3.11/site-packages/airflow/example_dags/example_sensors.py
[2024-07-09T13:47:43.998+0000] {processor.py:830} INFO - Processing file /home/airflow/.local/lib/python3.11/site-packages/airflow/example_dags/example_sensors.py for tasks to queue
[2024-07-09T13:47:43.999+0000] {logging_mixin.py:188} INFO - [2024-07-09T13:47:43.999+0000] {dagbag.py:540} INFO - Filling up the DagBag from /home/airflow/.local/lib/python3.11/site-packages/airflow/example_dags/example_sensors.py
[2024-07-09T13:47:44.007+0000] {processor.py:840} INFO - DAG(s) 'example_sensors' retrieved from /home/airflow/.local/lib/python3.11/site-packages/airflow/example_dags/example_sensors.py
[2024-07-09T13:47:44.031+0000] {logging_mixin.py:188} INFO - [2024-07-09T13:47:44.031+0000] {dag.py:3047} INFO - Sync 1 DAGs
[2024-07-09T13:47:44.154+0000] {logging_mixin.py:188} INFO - [2024-07-09T13:47:44.154+0000] {dag.py:3834} INFO - Setting next_dagrun for example_sensors to None, run_after=None
[2024-07-09T13:47:44.172+0000] {processor.py:183} INFO - Processing /home/airflow/.local/lib/python3.11/site-packages/airflow/example_dags/example_sensors.py took 0.177 seconds
[2024-07-09T13:48:14.940+0000] {processor.py:161} INFO - Started process (PID=1386) to work on /home/airflow/.local/lib/python3.11/site-packages/airflow/example_dags/example_sensors.py
[2024-07-09T13:48:14.941+0000] {processor.py:830} INFO - Processing file /home/airflow/.local/lib/python3.11/site-packages/airflow/example_dags/example_sensors.py for tasks to queue
[2024-07-09T13:48:14.942+0000] {logging_mixin.py:188} INFO - [2024-07-09T13:48:14.942+0000] {dagbag.py:540} INFO - Filling up the DagBag from /home/airflow/.local/lib/python3.11/site-packages/airflow/example_dags/example_sensors.py
[2024-07-09T13:48:14.950+0000] {processor.py:840} INFO - DAG(s) 'example_sensors' retrieved from /home/airflow/.local/lib/python3.11/site-packages/airflow/example_dags/example_sensors.py
[2024-07-09T13:48:14.975+0000] {logging_mixin.py:188} INFO - [2024-07-09T13:48:14.975+0000] {dag.py:3047} INFO - Sync 1 DAGs
[2024-07-09T13:48:14.985+0000] {logging_mixin.py:188} INFO - [2024-07-09T13:48:14.985+0000] {dag.py:3834} INFO - Setting next_dagrun for example_sensors to None, run_after=None
[2024-07-09T13:48:15.002+0000] {processor.py:183} INFO - Processing /home/airflow/.local/lib/python3.11/site-packages/airflow/example_dags/example_sensors.py took 0.064 seconds
[2024-07-09T13:48:45.342+0000] {processor.py:161} INFO - Started process (PID=1656) to work on /home/airflow/.local/lib/python3.11/site-packages/airflow/example_dags/example_sensors.py
[2024-07-09T13:48:45.343+0000] {processor.py:830} INFO - Processing file /home/airflow/.local/lib/python3.11/site-packages/airflow/example_dags/example_sensors.py for tasks to queue
[2024-07-09T13:48:45.344+0000] {logging_mixin.py:188} INFO - [2024-07-09T13:48:45.343+0000] {dagbag.py:540} INFO - Filling up the DagBag from /home/airflow/.local/lib/python3.11/site-packages/airflow/example_dags/example_sensors.py
[2024-07-09T13:48:45.351+0000] {processor.py:840} INFO - DAG(s) 'example_sensors' retrieved from /home/airflow/.local/lib/python3.11/site-packages/airflow/example_dags/example_sensors.py
[2024-07-09T13:48:45.375+0000] {logging_mixin.py:188} INFO - [2024-07-09T13:48:45.375+0000] {dag.py:3047} INFO - Sync 1 DAGs
[2024-07-09T13:48:45.385+0000] {logging_mixin.py:188} INFO - [2024-07-09T13:48:45.384+0000] {dag.py:3834} INFO - Setting next_dagrun for example_sensors to None, run_after=None
[2024-07-09T13:48:45.400+0000] {processor.py:183} INFO - Processing /home/airflow/.local/lib/python3.11/site-packages/airflow/example_dags/example_sensors.py took 0.060 seconds
[2024-07-09T13:49:15.855+0000] {processor.py:161} INFO - Started process (PID=1926) to work on /home/airflow/.local/lib/python3.11/site-packages/airflow/example_dags/example_sensors.py
[2024-07-09T13:49:15.856+0000] {processor.py:830} INFO - Processing file /home/airflow/.local/lib/python3.11/site-packages/airflow/example_dags/example_sensors.py for tasks to queue
[2024-07-09T13:49:15.856+0000] {logging_mixin.py:188} INFO - [2024-07-09T13:49:15.856+0000] {dagbag.py:540} INFO - Filling up the DagBag from /home/airflow/.local/lib/python3.11/site-packages/airflow/example_dags/example_sensors.py
[2024-07-09T13:49:15.864+0000] {processor.py:840} INFO - DAG(s) 'example_sensors' retrieved from /home/airflow/.local/lib/python3.11/site-packages/airflow/example_dags/example_sensors.py
[2024-07-09T13:49:15.887+0000] {logging_mixin.py:188} INFO - [2024-07-09T13:49:15.887+0000] {dag.py:3047} INFO - Sync 1 DAGs
[2024-07-09T13:49:15.897+0000] {logging_mixin.py:188} INFO - [2024-07-09T13:49:15.897+0000] {dag.py:3834} INFO - Setting next_dagrun for example_sensors to None, run_after=None
[2024-07-09T13:49:15.912+0000] {processor.py:183} INFO - Processing /home/airflow/.local/lib/python3.11/site-packages/airflow/example_dags/example_sensors.py took 0.059 seconds
[2024-07-09T13:49:46.803+0000] {processor.py:161} INFO - Started process (PID=2196) to work on /home/airflow/.local/lib/python3.11/site-packages/airflow/example_dags/example_sensors.py
[2024-07-09T13:49:46.804+0000] {processor.py:830} INFO - Processing file /home/airflow/.local/lib/python3.11/site-packages/airflow/example_dags/example_sensors.py for tasks to queue
[2024-07-09T13:49:46.805+0000] {logging_mixin.py:188} INFO - [2024-07-09T13:49:46.805+0000] {dagbag.py:540} INFO - Filling up the DagBag from /home/airflow/.local/lib/python3.11/site-packages/airflow/example_dags/example_sensors.py
[2024-07-09T13:49:46.814+0000] {processor.py:840} INFO - DAG(s) 'example_sensors' retrieved from /home/airflow/.local/lib/python3.11/site-packages/airflow/example_dags/example_sensors.py
[2024-07-09T13:49:46.839+0000] {logging_mixin.py:188} INFO - [2024-07-09T13:49:46.839+0000] {dag.py:3047} INFO - Sync 1 DAGs
[2024-07-09T13:49:46.850+0000] {logging_mixin.py:188} INFO - [2024-07-09T13:49:46.850+0000] {dag.py:3834} INFO - Setting next_dagrun for example_sensors to None, run_after=None
[2024-07-09T13:49:46.870+0000] {processor.py:183} INFO - Processing /home/airflow/.local/lib/python3.11/site-packages/airflow/example_dags/example_sensors.py took 0.069 seconds
[2024-07-09T13:50:17.390+0000] {processor.py:161} INFO - Started process (PID=2466) to work on /home/airflow/.local/lib/python3.11/site-packages/airflow/example_dags/example_sensors.py
[2024-07-09T13:50:17.391+0000] {processor.py:830} INFO - Processing file /home/airflow/.local/lib/python3.11/site-packages/airflow/example_dags/example_sensors.py for tasks to queue
[2024-07-09T13:50:17.391+0000] {logging_mixin.py:188} INFO - [2024-07-09T13:50:17.391+0000] {dagbag.py:540} INFO - Filling up the DagBag from /home/airflow/.local/lib/python3.11/site-packages/airflow/example_dags/example_sensors.py
[2024-07-09T13:50:17.399+0000] {processor.py:840} INFO - DAG(s) 'example_sensors' retrieved from /home/airflow/.local/lib/python3.11/site-packages/airflow/example_dags/example_sensors.py
[2024-07-09T13:50:17.422+0000] {logging_mixin.py:188} INFO - [2024-07-09T13:50:17.422+0000] {dag.py:3047} INFO - Sync 1 DAGs
[2024-07-09T13:50:17.432+0000] {logging_mixin.py:188} INFO - [2024-07-09T13:50:17.432+0000] {dag.py:3834} INFO - Setting next_dagrun for example_sensors to None, run_after=None
[2024-07-09T13:50:17.447+0000] {processor.py:183} INFO - Processing /home/airflow/.local/lib/python3.11/site-packages/airflow/example_dags/example_sensors.py took 0.059 seconds
[2024-07-09T13:50:47.815+0000] {processor.py:161} INFO - Started process (PID=2736) to work on /home/airflow/.local/lib/python3.11/site-packages/airflow/example_dags/example_sensors.py
[2024-07-09T13:50:47.816+0000] {processor.py:830} INFO - Processing file /home/airflow/.local/lib/python3.11/site-packages/airflow/example_dags/example_sensors.py for tasks to queue
[2024-07-09T13:50:47.817+0000] {logging_mixin.py:188} INFO - [2024-07-09T13:50:47.816+0000] {dagbag.py:540} INFO - Filling up the DagBag from /home/airflow/.local/lib/python3.11/site-packages/airflow/example_dags/example_sensors.py
[2024-07-09T13:50:47.824+0000] {processor.py:840} INFO - DAG(s) 'example_sensors' retrieved from /home/airflow/.local/lib/python3.11/site-packages/airflow/example_dags/example_sensors.py
[2024-07-09T13:50:47.848+0000] {logging_mixin.py:188} INFO - [2024-07-09T13:50:47.848+0000] {dag.py:3047} INFO - Sync 1 DAGs
[2024-07-09T13:50:47.858+0000] {logging_mixin.py:188} INFO - [2024-07-09T13:50:47.857+0000] {dag.py:3834} INFO - Setting next_dagrun for example_sensors to None, run_after=None
[2024-07-09T13:50:47.873+0000] {processor.py:183} INFO - Processing /home/airflow/.local/lib/python3.11/site-packages/airflow/example_dags/example_sensors.py took 0.060 seconds
[2024-07-09T13:51:18.171+0000] {processor.py:161} INFO - Started process (PID=3006) to work on /home/airflow/.local/lib/python3.11/site-packages/airflow/example_dags/example_sensors.py
[2024-07-09T13:51:18.172+0000] {processor.py:830} INFO - Processing file /home/airflow/.local/lib/python3.11/site-packages/airflow/example_dags/example_sensors.py for tasks to queue
[2024-07-09T13:51:18.172+0000] {logging_mixin.py:188} INFO - [2024-07-09T13:51:18.172+0000] {dagbag.py:540} INFO - Filling up the DagBag from /home/airflow/.local/lib/python3.11/site-packages/airflow/example_dags/example_sensors.py
[2024-07-09T13:51:18.180+0000] {processor.py:840} INFO - DAG(s) 'example_sensors' retrieved from /home/airflow/.local/lib/python3.11/site-packages/airflow/example_dags/example_sensors.py
[2024-07-09T13:51:18.204+0000] {logging_mixin.py:188} INFO - [2024-07-09T13:51:18.204+0000] {dag.py:3047} INFO - Sync 1 DAGs
[2024-07-09T13:51:18.214+0000] {logging_mixin.py:188} INFO - [2024-07-09T13:51:18.214+0000] {dag.py:3834} INFO - Setting next_dagrun for example_sensors to None, run_after=None
[2024-07-09T13:51:18.232+0000] {processor.py:183} INFO - Processing /home/airflow/.local/lib/python3.11/site-packages/airflow/example_dags/example_sensors.py took 0.063 seconds
