[2024-07-09T13:18:49.953+0000] {processor.py:161} INFO - Started process (PID=334) to work on /home/airflow/.local/lib/python3.11/site-packages/airflow/example_dags/example_branch_datetime_operator.py
[2024-07-09T13:18:49.954+0000] {processor.py:830} INFO - Processing file /home/airflow/.local/lib/python3.11/site-packages/airflow/example_dags/example_branch_datetime_operator.py for tasks to queue
[2024-07-09T13:18:49.954+0000] {logging_mixin.py:188} INFO - [2024-07-09T13:18:49.954+0000] {dagbag.py:540} INFO - Filling up the DagBag from /home/airflow/.local/lib/python3.11/site-packages/airflow/example_dags/example_branch_datetime_operator.py
[2024-07-09T13:18:49.964+0000] {processor.py:840} INFO - DAG(s) 'example_branch_datetime_operator', 'example_branch_datetime_operator_2', 'example_branch_datetime_operator_3' retrieved from /home/airflow/.local/lib/python3.11/site-packages/airflow/example_dags/example_branch_datetime_operator.py
[2024-07-09T13:18:50.054+0000] {logging_mixin.py:188} INFO - [2024-07-09T13:18:50.053+0000] {override.py:1769} INFO - Created Permission View: can delete on DAG:example_branch_datetime_operator
[2024-07-09T13:18:50.063+0000] {logging_mixin.py:188} INFO - [2024-07-09T13:18:50.063+0000] {override.py:1769} INFO - Created Permission View: can read on DAG:example_branch_datetime_operator
[2024-07-09T13:18:50.070+0000] {logging_mixin.py:188} INFO - [2024-07-09T13:18:50.070+0000] {override.py:1769} INFO - Created Permission View: can edit on DAG:example_branch_datetime_operator
[2024-07-09T13:18:50.083+0000] {logging_mixin.py:188} INFO - [2024-07-09T13:18:50.083+0000] {override.py:1769} INFO - Created Permission View: can delete on DAG:example_branch_datetime_operator_2
[2024-07-09T13:18:50.090+0000] {logging_mixin.py:188} INFO - [2024-07-09T13:18:50.089+0000] {override.py:1769} INFO - Created Permission View: can read on DAG:example_branch_datetime_operator_2
[2024-07-09T13:18:50.096+0000] {logging_mixin.py:188} INFO - [2024-07-09T13:18:50.096+0000] {override.py:1769} INFO - Created Permission View: can edit on DAG:example_branch_datetime_operator_2
[2024-07-09T13:18:50.109+0000] {logging_mixin.py:188} INFO - [2024-07-09T13:18:50.109+0000] {override.py:1769} INFO - Created Permission View: can delete on DAG:example_branch_datetime_operator_3
[2024-07-09T13:18:50.115+0000] {logging_mixin.py:188} INFO - [2024-07-09T13:18:50.115+0000] {override.py:1769} INFO - Created Permission View: can read on DAG:example_branch_datetime_operator_3
[2024-07-09T13:18:50.121+0000] {logging_mixin.py:188} INFO - [2024-07-09T13:18:50.121+0000] {override.py:1769} INFO - Created Permission View: can edit on DAG:example_branch_datetime_operator_3
[2024-07-09T13:18:50.121+0000] {logging_mixin.py:188} INFO - [2024-07-09T13:18:50.121+0000] {dag.py:3047} INFO - Sync 3 DAGs
[2024-07-09T13:18:50.131+0000] {logging_mixin.py:188} INFO - [2024-07-09T13:18:50.131+0000] {dag.py:3069} INFO - Creating ORM DAG for example_branch_datetime_operator_2
[2024-07-09T13:18:50.132+0000] {logging_mixin.py:188} INFO - [2024-07-09T13:18:50.132+0000] {dag.py:3069} INFO - Creating ORM DAG for example_branch_datetime_operator
[2024-07-09T13:18:50.132+0000] {logging_mixin.py:188} INFO - [2024-07-09T13:18:50.132+0000] {dag.py:3069} INFO - Creating ORM DAG for example_branch_datetime_operator_3
[2024-07-09T13:18:50.141+0000] {logging_mixin.py:188} INFO - [2024-07-09T13:18:50.141+0000] {dag.py:3834} INFO - Setting next_dagrun for example_branch_datetime_operator to 2024-07-08 00:00:00+00:00, run_after=2024-07-09 00:00:00+00:00
[2024-07-09T13:18:50.143+0000] {logging_mixin.py:188} INFO - [2024-07-09T13:18:50.142+0000] {dag.py:3834} INFO - Setting next_dagrun for example_branch_datetime_operator_2 to 2024-07-08 00:00:00+00:00, run_after=2024-07-09 00:00:00+00:00
[2024-07-09T13:18:50.144+0000] {logging_mixin.py:188} INFO - [2024-07-09T13:18:50.144+0000] {dag.py:3834} INFO - Setting next_dagrun for example_branch_datetime_operator_3 to 2024-07-08 00:00:00+00:00, run_after=2024-07-09 00:00:00+00:00
[2024-07-09T13:18:50.160+0000] {processor.py:183} INFO - Processing /home/airflow/.local/lib/python3.11/site-packages/airflow/example_dags/example_branch_datetime_operator.py took 0.209 seconds
[2024-07-09T13:19:20.391+0000] {processor.py:161} INFO - Started process (PID=604) to work on /home/airflow/.local/lib/python3.11/site-packages/airflow/example_dags/example_branch_datetime_operator.py
[2024-07-09T13:19:20.392+0000] {processor.py:830} INFO - Processing file /home/airflow/.local/lib/python3.11/site-packages/airflow/example_dags/example_branch_datetime_operator.py for tasks to queue
[2024-07-09T13:19:20.393+0000] {logging_mixin.py:188} INFO - [2024-07-09T13:19:20.393+0000] {dagbag.py:540} INFO - Filling up the DagBag from /home/airflow/.local/lib/python3.11/site-packages/airflow/example_dags/example_branch_datetime_operator.py
[2024-07-09T13:19:20.400+0000] {processor.py:840} INFO - DAG(s) 'example_branch_datetime_operator_3', 'example_branch_datetime_operator', 'example_branch_datetime_operator_2' retrieved from /home/airflow/.local/lib/python3.11/site-packages/airflow/example_dags/example_branch_datetime_operator.py
[2024-07-09T13:19:20.426+0000] {logging_mixin.py:188} INFO - [2024-07-09T13:19:20.426+0000] {dag.py:3047} INFO - Sync 3 DAGs
[2024-07-09T13:19:20.446+0000] {logging_mixin.py:188} INFO - [2024-07-09T13:19:20.445+0000] {dag.py:3834} INFO - Setting next_dagrun for example_branch_datetime_operator to 2024-07-08 00:00:00+00:00, run_after=2024-07-09 00:00:00+00:00
[2024-07-09T13:19:20.449+0000] {logging_mixin.py:188} INFO - [2024-07-09T13:19:20.449+0000] {dag.py:3834} INFO - Setting next_dagrun for example_branch_datetime_operator_2 to 2024-07-08 00:00:00+00:00, run_after=2024-07-09 00:00:00+00:00
[2024-07-09T13:19:20.451+0000] {logging_mixin.py:188} INFO - [2024-07-09T13:19:20.451+0000] {dag.py:3834} INFO - Setting next_dagrun for example_branch_datetime_operator_3 to 2024-07-08 00:00:00+00:00, run_after=2024-07-09 00:00:00+00:00
[2024-07-09T13:19:20.466+0000] {processor.py:183} INFO - Processing /home/airflow/.local/lib/python3.11/site-packages/airflow/example_dags/example_branch_datetime_operator.py took 0.077 seconds
[2024-07-09T13:19:51.293+0000] {processor.py:161} INFO - Started process (PID=874) to work on /home/airflow/.local/lib/python3.11/site-packages/airflow/example_dags/example_branch_datetime_operator.py
[2024-07-09T13:19:51.294+0000] {processor.py:830} INFO - Processing file /home/airflow/.local/lib/python3.11/site-packages/airflow/example_dags/example_branch_datetime_operator.py for tasks to queue
[2024-07-09T13:19:51.295+0000] {logging_mixin.py:188} INFO - [2024-07-09T13:19:51.295+0000] {dagbag.py:540} INFO - Filling up the DagBag from /home/airflow/.local/lib/python3.11/site-packages/airflow/example_dags/example_branch_datetime_operator.py
[2024-07-09T13:19:51.302+0000] {processor.py:840} INFO - DAG(s) 'example_branch_datetime_operator_3', 'example_branch_datetime_operator', 'example_branch_datetime_operator_2' retrieved from /home/airflow/.local/lib/python3.11/site-packages/airflow/example_dags/example_branch_datetime_operator.py
[2024-07-09T13:19:51.328+0000] {logging_mixin.py:188} INFO - [2024-07-09T13:19:51.328+0000] {dag.py:3047} INFO - Sync 3 DAGs
[2024-07-09T13:19:51.346+0000] {logging_mixin.py:188} INFO - [2024-07-09T13:19:51.346+0000] {dag.py:3834} INFO - Setting next_dagrun for example_branch_datetime_operator to 2024-07-08 00:00:00+00:00, run_after=2024-07-09 00:00:00+00:00
[2024-07-09T13:19:51.349+0000] {logging_mixin.py:188} INFO - [2024-07-09T13:19:51.349+0000] {dag.py:3834} INFO - Setting next_dagrun for example_branch_datetime_operator_2 to 2024-07-08 00:00:00+00:00, run_after=2024-07-09 00:00:00+00:00
[2024-07-09T13:19:51.351+0000] {logging_mixin.py:188} INFO - [2024-07-09T13:19:51.351+0000] {dag.py:3834} INFO - Setting next_dagrun for example_branch_datetime_operator_3 to 2024-07-08 00:00:00+00:00, run_after=2024-07-09 00:00:00+00:00
[2024-07-09T13:19:51.368+0000] {processor.py:183} INFO - Processing /home/airflow/.local/lib/python3.11/site-packages/airflow/example_dags/example_branch_datetime_operator.py took 0.077 seconds
[2024-07-09T13:20:23.005+0000] {processor.py:161} INFO - Started process (PID=1146) to work on /home/airflow/.local/lib/python3.11/site-packages/airflow/example_dags/example_branch_datetime_operator.py
[2024-07-09T13:20:23.006+0000] {processor.py:830} INFO - Processing file /home/airflow/.local/lib/python3.11/site-packages/airflow/example_dags/example_branch_datetime_operator.py for tasks to queue
[2024-07-09T13:20:23.007+0000] {logging_mixin.py:188} INFO - [2024-07-09T13:20:23.007+0000] {dagbag.py:540} INFO - Filling up the DagBag from /home/airflow/.local/lib/python3.11/site-packages/airflow/example_dags/example_branch_datetime_operator.py
[2024-07-09T13:20:23.015+0000] {processor.py:840} INFO - DAG(s) 'example_branch_datetime_operator_2', 'example_branch_datetime_operator', 'example_branch_datetime_operator_3' retrieved from /home/airflow/.local/lib/python3.11/site-packages/airflow/example_dags/example_branch_datetime_operator.py
[2024-07-09T13:20:23.163+0000] {logging_mixin.py:188} INFO - [2024-07-09T13:20:23.162+0000] {dag.py:3047} INFO - Sync 3 DAGs
[2024-07-09T13:20:23.180+0000] {logging_mixin.py:188} INFO - [2024-07-09T13:20:23.180+0000] {dag.py:3834} INFO - Setting next_dagrun for example_branch_datetime_operator to 2024-07-08 00:00:00+00:00, run_after=2024-07-09 00:00:00+00:00
[2024-07-09T13:20:23.184+0000] {logging_mixin.py:188} INFO - [2024-07-09T13:20:23.184+0000] {dag.py:3834} INFO - Setting next_dagrun for example_branch_datetime_operator_2 to 2024-07-08 00:00:00+00:00, run_after=2024-07-09 00:00:00+00:00
[2024-07-09T13:20:23.187+0000] {logging_mixin.py:188} INFO - [2024-07-09T13:20:23.186+0000] {dag.py:3834} INFO - Setting next_dagrun for example_branch_datetime_operator_3 to 2024-07-08 00:00:00+00:00, run_after=2024-07-09 00:00:00+00:00
[2024-07-09T13:20:23.201+0000] {processor.py:183} INFO - Processing /home/airflow/.local/lib/python3.11/site-packages/airflow/example_dags/example_branch_datetime_operator.py took 0.199 seconds
[2024-07-09T13:20:53.749+0000] {processor.py:161} INFO - Started process (PID=1414) to work on /home/airflow/.local/lib/python3.11/site-packages/airflow/example_dags/example_branch_datetime_operator.py
[2024-07-09T13:20:53.750+0000] {processor.py:830} INFO - Processing file /home/airflow/.local/lib/python3.11/site-packages/airflow/example_dags/example_branch_datetime_operator.py for tasks to queue
[2024-07-09T13:20:53.751+0000] {logging_mixin.py:188} INFO - [2024-07-09T13:20:53.750+0000] {dagbag.py:540} INFO - Filling up the DagBag from /home/airflow/.local/lib/python3.11/site-packages/airflow/example_dags/example_branch_datetime_operator.py
[2024-07-09T13:20:53.759+0000] {processor.py:840} INFO - DAG(s) 'example_branch_datetime_operator_3', 'example_branch_datetime_operator_2', 'example_branch_datetime_operator' retrieved from /home/airflow/.local/lib/python3.11/site-packages/airflow/example_dags/example_branch_datetime_operator.py
[2024-07-09T13:20:53.786+0000] {logging_mixin.py:188} INFO - [2024-07-09T13:20:53.786+0000] {dag.py:3047} INFO - Sync 3 DAGs
[2024-07-09T13:20:53.805+0000] {logging_mixin.py:188} INFO - [2024-07-09T13:20:53.804+0000] {dag.py:3834} INFO - Setting next_dagrun for example_branch_datetime_operator to 2024-07-08 00:00:00+00:00, run_after=2024-07-09 00:00:00+00:00
[2024-07-09T13:20:53.808+0000] {logging_mixin.py:188} INFO - [2024-07-09T13:20:53.808+0000] {dag.py:3834} INFO - Setting next_dagrun for example_branch_datetime_operator_2 to 2024-07-08 00:00:00+00:00, run_after=2024-07-09 00:00:00+00:00
[2024-07-09T13:20:53.810+0000] {logging_mixin.py:188} INFO - [2024-07-09T13:20:53.810+0000] {dag.py:3834} INFO - Setting next_dagrun for example_branch_datetime_operator_3 to 2024-07-08 00:00:00+00:00, run_after=2024-07-09 00:00:00+00:00
[2024-07-09T13:20:53.828+0000] {processor.py:183} INFO - Processing /home/airflow/.local/lib/python3.11/site-packages/airflow/example_dags/example_branch_datetime_operator.py took 0.081 seconds
[2024-07-09T13:21:24.613+0000] {processor.py:161} INFO - Started process (PID=1684) to work on /home/airflow/.local/lib/python3.11/site-packages/airflow/example_dags/example_branch_datetime_operator.py
[2024-07-09T13:21:24.614+0000] {processor.py:830} INFO - Processing file /home/airflow/.local/lib/python3.11/site-packages/airflow/example_dags/example_branch_datetime_operator.py for tasks to queue
[2024-07-09T13:21:24.614+0000] {logging_mixin.py:188} INFO - [2024-07-09T13:21:24.614+0000] {dagbag.py:540} INFO - Filling up the DagBag from /home/airflow/.local/lib/python3.11/site-packages/airflow/example_dags/example_branch_datetime_operator.py
[2024-07-09T13:21:24.622+0000] {processor.py:840} INFO - DAG(s) 'example_branch_datetime_operator_2', 'example_branch_datetime_operator_3', 'example_branch_datetime_operator' retrieved from /home/airflow/.local/lib/python3.11/site-packages/airflow/example_dags/example_branch_datetime_operator.py
[2024-07-09T13:21:24.652+0000] {logging_mixin.py:188} INFO - [2024-07-09T13:21:24.652+0000] {dag.py:3047} INFO - Sync 3 DAGs
[2024-07-09T13:21:24.674+0000] {logging_mixin.py:188} INFO - [2024-07-09T13:21:24.674+0000] {dag.py:3834} INFO - Setting next_dagrun for example_branch_datetime_operator to 2024-07-08 00:00:00+00:00, run_after=2024-07-09 00:00:00+00:00
[2024-07-09T13:21:24.679+0000] {logging_mixin.py:188} INFO - [2024-07-09T13:21:24.678+0000] {dag.py:3834} INFO - Setting next_dagrun for example_branch_datetime_operator_2 to 2024-07-08 00:00:00+00:00, run_after=2024-07-09 00:00:00+00:00
[2024-07-09T13:21:24.681+0000] {logging_mixin.py:188} INFO - [2024-07-09T13:21:24.680+0000] {dag.py:3834} INFO - Setting next_dagrun for example_branch_datetime_operator_3 to 2024-07-08 00:00:00+00:00, run_after=2024-07-09 00:00:00+00:00
[2024-07-09T13:21:24.696+0000] {processor.py:183} INFO - Processing /home/airflow/.local/lib/python3.11/site-packages/airflow/example_dags/example_branch_datetime_operator.py took 0.086 seconds
[2024-07-09T13:21:55.307+0000] {processor.py:161} INFO - Started process (PID=1954) to work on /home/airflow/.local/lib/python3.11/site-packages/airflow/example_dags/example_branch_datetime_operator.py
[2024-07-09T13:21:55.308+0000] {processor.py:830} INFO - Processing file /home/airflow/.local/lib/python3.11/site-packages/airflow/example_dags/example_branch_datetime_operator.py for tasks to queue
[2024-07-09T13:21:55.309+0000] {logging_mixin.py:188} INFO - [2024-07-09T13:21:55.309+0000] {dagbag.py:540} INFO - Filling up the DagBag from /home/airflow/.local/lib/python3.11/site-packages/airflow/example_dags/example_branch_datetime_operator.py
[2024-07-09T13:21:55.316+0000] {processor.py:840} INFO - DAG(s) 'example_branch_datetime_operator_2', 'example_branch_datetime_operator_3', 'example_branch_datetime_operator' retrieved from /home/airflow/.local/lib/python3.11/site-packages/airflow/example_dags/example_branch_datetime_operator.py
[2024-07-09T13:21:55.343+0000] {logging_mixin.py:188} INFO - [2024-07-09T13:21:55.342+0000] {dag.py:3047} INFO - Sync 3 DAGs
[2024-07-09T13:21:55.361+0000] {logging_mixin.py:188} INFO - [2024-07-09T13:21:55.360+0000] {dag.py:3834} INFO - Setting next_dagrun for example_branch_datetime_operator to 2024-07-08 00:00:00+00:00, run_after=2024-07-09 00:00:00+00:00
[2024-07-09T13:21:55.364+0000] {logging_mixin.py:188} INFO - [2024-07-09T13:21:55.364+0000] {dag.py:3834} INFO - Setting next_dagrun for example_branch_datetime_operator_2 to 2024-07-08 00:00:00+00:00, run_after=2024-07-09 00:00:00+00:00
[2024-07-09T13:21:55.366+0000] {logging_mixin.py:188} INFO - [2024-07-09T13:21:55.366+0000] {dag.py:3834} INFO - Setting next_dagrun for example_branch_datetime_operator_3 to 2024-07-08 00:00:00+00:00, run_after=2024-07-09 00:00:00+00:00
[2024-07-09T13:21:55.380+0000] {processor.py:183} INFO - Processing /home/airflow/.local/lib/python3.11/site-packages/airflow/example_dags/example_branch_datetime_operator.py took 0.076 seconds
[2024-07-09T13:22:26.025+0000] {processor.py:161} INFO - Started process (PID=2224) to work on /home/airflow/.local/lib/python3.11/site-packages/airflow/example_dags/example_branch_datetime_operator.py
[2024-07-09T13:22:26.026+0000] {processor.py:830} INFO - Processing file /home/airflow/.local/lib/python3.11/site-packages/airflow/example_dags/example_branch_datetime_operator.py for tasks to queue
[2024-07-09T13:22:26.027+0000] {logging_mixin.py:188} INFO - [2024-07-09T13:22:26.027+0000] {dagbag.py:540} INFO - Filling up the DagBag from /home/airflow/.local/lib/python3.11/site-packages/airflow/example_dags/example_branch_datetime_operator.py
[2024-07-09T13:22:26.035+0000] {processor.py:840} INFO - DAG(s) 'example_branch_datetime_operator_2', 'example_branch_datetime_operator', 'example_branch_datetime_operator_3' retrieved from /home/airflow/.local/lib/python3.11/site-packages/airflow/example_dags/example_branch_datetime_operator.py
[2024-07-09T13:22:26.062+0000] {logging_mixin.py:188} INFO - [2024-07-09T13:22:26.061+0000] {dag.py:3047} INFO - Sync 3 DAGs
[2024-07-09T13:22:26.081+0000] {logging_mixin.py:188} INFO - [2024-07-09T13:22:26.081+0000] {dag.py:3834} INFO - Setting next_dagrun for example_branch_datetime_operator to 2024-07-08 00:00:00+00:00, run_after=2024-07-09 00:00:00+00:00
[2024-07-09T13:22:26.085+0000] {logging_mixin.py:188} INFO - [2024-07-09T13:22:26.085+0000] {dag.py:3834} INFO - Setting next_dagrun for example_branch_datetime_operator_2 to 2024-07-08 00:00:00+00:00, run_after=2024-07-09 00:00:00+00:00
[2024-07-09T13:22:26.087+0000] {logging_mixin.py:188} INFO - [2024-07-09T13:22:26.087+0000] {dag.py:3834} INFO - Setting next_dagrun for example_branch_datetime_operator_3 to 2024-07-08 00:00:00+00:00, run_after=2024-07-09 00:00:00+00:00
[2024-07-09T13:22:26.100+0000] {processor.py:183} INFO - Processing /home/airflow/.local/lib/python3.11/site-packages/airflow/example_dags/example_branch_datetime_operator.py took 0.077 seconds
[2024-07-09T13:22:56.778+0000] {processor.py:161} INFO - Started process (PID=2494) to work on /home/airflow/.local/lib/python3.11/site-packages/airflow/example_dags/example_branch_datetime_operator.py
[2024-07-09T13:22:56.779+0000] {processor.py:830} INFO - Processing file /home/airflow/.local/lib/python3.11/site-packages/airflow/example_dags/example_branch_datetime_operator.py for tasks to queue
[2024-07-09T13:22:56.780+0000] {logging_mixin.py:188} INFO - [2024-07-09T13:22:56.779+0000] {dagbag.py:540} INFO - Filling up the DagBag from /home/airflow/.local/lib/python3.11/site-packages/airflow/example_dags/example_branch_datetime_operator.py
[2024-07-09T13:22:56.787+0000] {processor.py:840} INFO - DAG(s) 'example_branch_datetime_operator_2', 'example_branch_datetime_operator_3', 'example_branch_datetime_operator' retrieved from /home/airflow/.local/lib/python3.11/site-packages/airflow/example_dags/example_branch_datetime_operator.py
[2024-07-09T13:22:56.813+0000] {logging_mixin.py:188} INFO - [2024-07-09T13:22:56.813+0000] {dag.py:3047} INFO - Sync 3 DAGs
[2024-07-09T13:22:56.832+0000] {logging_mixin.py:188} INFO - [2024-07-09T13:22:56.832+0000] {dag.py:3834} INFO - Setting next_dagrun for example_branch_datetime_operator to 2024-07-08 00:00:00+00:00, run_after=2024-07-09 00:00:00+00:00
[2024-07-09T13:22:56.835+0000] {logging_mixin.py:188} INFO - [2024-07-09T13:22:56.835+0000] {dag.py:3834} INFO - Setting next_dagrun for example_branch_datetime_operator_2 to 2024-07-08 00:00:00+00:00, run_after=2024-07-09 00:00:00+00:00
[2024-07-09T13:22:56.837+0000] {logging_mixin.py:188} INFO - [2024-07-09T13:22:56.837+0000] {dag.py:3834} INFO - Setting next_dagrun for example_branch_datetime_operator_3 to 2024-07-08 00:00:00+00:00, run_after=2024-07-09 00:00:00+00:00
[2024-07-09T13:22:56.850+0000] {processor.py:183} INFO - Processing /home/airflow/.local/lib/python3.11/site-packages/airflow/example_dags/example_branch_datetime_operator.py took 0.074 seconds
[2024-07-09T13:23:27.522+0000] {processor.py:161} INFO - Started process (PID=2766) to work on /home/airflow/.local/lib/python3.11/site-packages/airflow/example_dags/example_branch_datetime_operator.py
[2024-07-09T13:23:27.523+0000] {processor.py:830} INFO - Processing file /home/airflow/.local/lib/python3.11/site-packages/airflow/example_dags/example_branch_datetime_operator.py for tasks to queue
[2024-07-09T13:23:27.524+0000] {logging_mixin.py:188} INFO - [2024-07-09T13:23:27.524+0000] {dagbag.py:540} INFO - Filling up the DagBag from /home/airflow/.local/lib/python3.11/site-packages/airflow/example_dags/example_branch_datetime_operator.py
[2024-07-09T13:23:27.532+0000] {processor.py:840} INFO - DAG(s) 'example_branch_datetime_operator', 'example_branch_datetime_operator_2', 'example_branch_datetime_operator_3' retrieved from /home/airflow/.local/lib/python3.11/site-packages/airflow/example_dags/example_branch_datetime_operator.py
[2024-07-09T13:23:27.558+0000] {logging_mixin.py:188} INFO - [2024-07-09T13:23:27.558+0000] {dag.py:3047} INFO - Sync 3 DAGs
[2024-07-09T13:23:27.575+0000] {logging_mixin.py:188} INFO - [2024-07-09T13:23:27.575+0000] {dag.py:3834} INFO - Setting next_dagrun for example_branch_datetime_operator to 2024-07-08 00:00:00+00:00, run_after=2024-07-09 00:00:00+00:00
[2024-07-09T13:23:27.579+0000] {logging_mixin.py:188} INFO - [2024-07-09T13:23:27.579+0000] {dag.py:3834} INFO - Setting next_dagrun for example_branch_datetime_operator_2 to 2024-07-08 00:00:00+00:00, run_after=2024-07-09 00:00:00+00:00
[2024-07-09T13:23:27.581+0000] {logging_mixin.py:188} INFO - [2024-07-09T13:23:27.580+0000] {dag.py:3834} INFO - Setting next_dagrun for example_branch_datetime_operator_3 to 2024-07-08 00:00:00+00:00, run_after=2024-07-09 00:00:00+00:00
[2024-07-09T13:23:27.595+0000] {processor.py:183} INFO - Processing /home/airflow/.local/lib/python3.11/site-packages/airflow/example_dags/example_branch_datetime_operator.py took 0.075 seconds
[2024-07-09T13:23:58.293+0000] {processor.py:161} INFO - Started process (PID=3034) to work on /home/airflow/.local/lib/python3.11/site-packages/airflow/example_dags/example_branch_datetime_operator.py
[2024-07-09T13:23:58.294+0000] {processor.py:830} INFO - Processing file /home/airflow/.local/lib/python3.11/site-packages/airflow/example_dags/example_branch_datetime_operator.py for tasks to queue
[2024-07-09T13:23:58.294+0000] {logging_mixin.py:188} INFO - [2024-07-09T13:23:58.294+0000] {dagbag.py:540} INFO - Filling up the DagBag from /home/airflow/.local/lib/python3.11/site-packages/airflow/example_dags/example_branch_datetime_operator.py
[2024-07-09T13:23:58.302+0000] {processor.py:840} INFO - DAG(s) 'example_branch_datetime_operator', 'example_branch_datetime_operator_3', 'example_branch_datetime_operator_2' retrieved from /home/airflow/.local/lib/python3.11/site-packages/airflow/example_dags/example_branch_datetime_operator.py
[2024-07-09T13:23:58.328+0000] {logging_mixin.py:188} INFO - [2024-07-09T13:23:58.328+0000] {dag.py:3047} INFO - Sync 3 DAGs
[2024-07-09T13:23:58.347+0000] {logging_mixin.py:188} INFO - [2024-07-09T13:23:58.347+0000] {dag.py:3834} INFO - Setting next_dagrun for example_branch_datetime_operator to 2024-07-08 00:00:00+00:00, run_after=2024-07-09 00:00:00+00:00
[2024-07-09T13:23:58.351+0000] {logging_mixin.py:188} INFO - [2024-07-09T13:23:58.351+0000] {dag.py:3834} INFO - Setting next_dagrun for example_branch_datetime_operator_2 to 2024-07-08 00:00:00+00:00, run_after=2024-07-09 00:00:00+00:00
[2024-07-09T13:23:58.353+0000] {logging_mixin.py:188} INFO - [2024-07-09T13:23:58.352+0000] {dag.py:3834} INFO - Setting next_dagrun for example_branch_datetime_operator_3 to 2024-07-08 00:00:00+00:00, run_after=2024-07-09 00:00:00+00:00
[2024-07-09T13:23:58.366+0000] {processor.py:183} INFO - Processing /home/airflow/.local/lib/python3.11/site-packages/airflow/example_dags/example_branch_datetime_operator.py took 0.076 seconds
[2024-07-09T13:24:28.941+0000] {processor.py:161} INFO - Started process (PID=3304) to work on /home/airflow/.local/lib/python3.11/site-packages/airflow/example_dags/example_branch_datetime_operator.py
[2024-07-09T13:24:28.942+0000] {processor.py:830} INFO - Processing file /home/airflow/.local/lib/python3.11/site-packages/airflow/example_dags/example_branch_datetime_operator.py for tasks to queue
[2024-07-09T13:24:28.942+0000] {logging_mixin.py:188} INFO - [2024-07-09T13:24:28.942+0000] {dagbag.py:540} INFO - Filling up the DagBag from /home/airflow/.local/lib/python3.11/site-packages/airflow/example_dags/example_branch_datetime_operator.py
[2024-07-09T13:24:28.950+0000] {processor.py:840} INFO - DAG(s) 'example_branch_datetime_operator_3', 'example_branch_datetime_operator_2', 'example_branch_datetime_operator' retrieved from /home/airflow/.local/lib/python3.11/site-packages/airflow/example_dags/example_branch_datetime_operator.py
[2024-07-09T13:24:28.977+0000] {logging_mixin.py:188} INFO - [2024-07-09T13:24:28.977+0000] {dag.py:3047} INFO - Sync 3 DAGs
[2024-07-09T13:24:28.997+0000] {logging_mixin.py:188} INFO - [2024-07-09T13:24:28.997+0000] {dag.py:3834} INFO - Setting next_dagrun for example_branch_datetime_operator to 2024-07-08 00:00:00+00:00, run_after=2024-07-09 00:00:00+00:00
[2024-07-09T13:24:29.000+0000] {logging_mixin.py:188} INFO - [2024-07-09T13:24:29.000+0000] {dag.py:3834} INFO - Setting next_dagrun for example_branch_datetime_operator_2 to 2024-07-08 00:00:00+00:00, run_after=2024-07-09 00:00:00+00:00
[2024-07-09T13:24:29.002+0000] {logging_mixin.py:188} INFO - [2024-07-09T13:24:29.002+0000] {dag.py:3834} INFO - Setting next_dagrun for example_branch_datetime_operator_3 to 2024-07-08 00:00:00+00:00, run_after=2024-07-09 00:00:00+00:00
[2024-07-09T13:24:29.015+0000] {processor.py:183} INFO - Processing /home/airflow/.local/lib/python3.11/site-packages/airflow/example_dags/example_branch_datetime_operator.py took 0.077 seconds
[2024-07-09T13:24:59.687+0000] {processor.py:161} INFO - Started process (PID=3574) to work on /home/airflow/.local/lib/python3.11/site-packages/airflow/example_dags/example_branch_datetime_operator.py
[2024-07-09T13:24:59.688+0000] {processor.py:830} INFO - Processing file /home/airflow/.local/lib/python3.11/site-packages/airflow/example_dags/example_branch_datetime_operator.py for tasks to queue
[2024-07-09T13:24:59.688+0000] {logging_mixin.py:188} INFO - [2024-07-09T13:24:59.688+0000] {dagbag.py:540} INFO - Filling up the DagBag from /home/airflow/.local/lib/python3.11/site-packages/airflow/example_dags/example_branch_datetime_operator.py
[2024-07-09T13:24:59.698+0000] {processor.py:840} INFO - DAG(s) 'example_branch_datetime_operator', 'example_branch_datetime_operator_3', 'example_branch_datetime_operator_2' retrieved from /home/airflow/.local/lib/python3.11/site-packages/airflow/example_dags/example_branch_datetime_operator.py
[2024-07-09T13:24:59.724+0000] {logging_mixin.py:188} INFO - [2024-07-09T13:24:59.724+0000] {dag.py:3047} INFO - Sync 3 DAGs
[2024-07-09T13:24:59.744+0000] {logging_mixin.py:188} INFO - [2024-07-09T13:24:59.744+0000] {dag.py:3834} INFO - Setting next_dagrun for example_branch_datetime_operator to 2024-07-08 00:00:00+00:00, run_after=2024-07-09 00:00:00+00:00
[2024-07-09T13:24:59.748+0000] {logging_mixin.py:188} INFO - [2024-07-09T13:24:59.748+0000] {dag.py:3834} INFO - Setting next_dagrun for example_branch_datetime_operator_2 to 2024-07-08 00:00:00+00:00, run_after=2024-07-09 00:00:00+00:00
[2024-07-09T13:24:59.750+0000] {logging_mixin.py:188} INFO - [2024-07-09T13:24:59.749+0000] {dag.py:3834} INFO - Setting next_dagrun for example_branch_datetime_operator_3 to 2024-07-08 00:00:00+00:00, run_after=2024-07-09 00:00:00+00:00
[2024-07-09T13:24:59.765+0000] {processor.py:183} INFO - Processing /home/airflow/.local/lib/python3.11/site-packages/airflow/example_dags/example_branch_datetime_operator.py took 0.080 seconds
[2024-07-09T13:26:10.855+0000] {processor.py:161} INFO - Started process (PID=335) to work on /home/airflow/.local/lib/python3.11/site-packages/airflow/example_dags/example_branch_datetime_operator.py
[2024-07-09T13:26:10.856+0000] {processor.py:830} INFO - Processing file /home/airflow/.local/lib/python3.11/site-packages/airflow/example_dags/example_branch_datetime_operator.py for tasks to queue
[2024-07-09T13:26:10.856+0000] {logging_mixin.py:188} INFO - [2024-07-09T13:26:10.856+0000] {dagbag.py:540} INFO - Filling up the DagBag from /home/airflow/.local/lib/python3.11/site-packages/airflow/example_dags/example_branch_datetime_operator.py
[2024-07-09T13:26:10.864+0000] {processor.py:840} INFO - DAG(s) 'example_branch_datetime_operator', 'example_branch_datetime_operator_3', 'example_branch_datetime_operator_2' retrieved from /home/airflow/.local/lib/python3.11/site-packages/airflow/example_dags/example_branch_datetime_operator.py
[2024-07-09T13:26:10.950+0000] {logging_mixin.py:188} INFO - [2024-07-09T13:26:10.949+0000] {override.py:1769} INFO - Created Permission View: can delete on DAG:example_branch_datetime_operator
[2024-07-09T13:26:10.958+0000] {logging_mixin.py:188} INFO - [2024-07-09T13:26:10.958+0000] {override.py:1769} INFO - Created Permission View: can read on DAG:example_branch_datetime_operator
[2024-07-09T13:26:10.965+0000] {logging_mixin.py:188} INFO - [2024-07-09T13:26:10.964+0000] {override.py:1769} INFO - Created Permission View: can edit on DAG:example_branch_datetime_operator
[2024-07-09T13:26:10.979+0000] {logging_mixin.py:188} INFO - [2024-07-09T13:26:10.978+0000] {override.py:1769} INFO - Created Permission View: can delete on DAG:example_branch_datetime_operator_3
[2024-07-09T13:26:10.985+0000] {logging_mixin.py:188} INFO - [2024-07-09T13:26:10.985+0000] {override.py:1769} INFO - Created Permission View: can read on DAG:example_branch_datetime_operator_3
[2024-07-09T13:26:10.993+0000] {logging_mixin.py:188} INFO - [2024-07-09T13:26:10.992+0000] {override.py:1769} INFO - Created Permission View: can edit on DAG:example_branch_datetime_operator_3
[2024-07-09T13:26:11.004+0000] {logging_mixin.py:188} INFO - [2024-07-09T13:26:11.004+0000] {override.py:1769} INFO - Created Permission View: can delete on DAG:example_branch_datetime_operator_2
[2024-07-09T13:26:11.009+0000] {logging_mixin.py:188} INFO - [2024-07-09T13:26:11.009+0000] {override.py:1769} INFO - Created Permission View: can read on DAG:example_branch_datetime_operator_2
[2024-07-09T13:26:11.015+0000] {logging_mixin.py:188} INFO - [2024-07-09T13:26:11.015+0000] {override.py:1769} INFO - Created Permission View: can edit on DAG:example_branch_datetime_operator_2
[2024-07-09T13:26:11.016+0000] {logging_mixin.py:188} INFO - [2024-07-09T13:26:11.016+0000] {dag.py:3047} INFO - Sync 3 DAGs
[2024-07-09T13:26:11.026+0000] {logging_mixin.py:188} INFO - [2024-07-09T13:26:11.026+0000] {dag.py:3069} INFO - Creating ORM DAG for example_branch_datetime_operator
[2024-07-09T13:26:11.026+0000] {logging_mixin.py:188} INFO - [2024-07-09T13:26:11.026+0000] {dag.py:3069} INFO - Creating ORM DAG for example_branch_datetime_operator_2
[2024-07-09T13:26:11.027+0000] {logging_mixin.py:188} INFO - [2024-07-09T13:26:11.027+0000] {dag.py:3069} INFO - Creating ORM DAG for example_branch_datetime_operator_3
[2024-07-09T13:26:11.035+0000] {logging_mixin.py:188} INFO - [2024-07-09T13:26:11.035+0000] {dag.py:3834} INFO - Setting next_dagrun for example_branch_datetime_operator to 2024-07-08 00:00:00+00:00, run_after=2024-07-09 00:00:00+00:00
[2024-07-09T13:26:11.037+0000] {logging_mixin.py:188} INFO - [2024-07-09T13:26:11.037+0000] {dag.py:3834} INFO - Setting next_dagrun for example_branch_datetime_operator_2 to 2024-07-08 00:00:00+00:00, run_after=2024-07-09 00:00:00+00:00
[2024-07-09T13:26:11.039+0000] {logging_mixin.py:188} INFO - [2024-07-09T13:26:11.039+0000] {dag.py:3834} INFO - Setting next_dagrun for example_branch_datetime_operator_3 to 2024-07-08 00:00:00+00:00, run_after=2024-07-09 00:00:00+00:00
[2024-07-09T13:26:11.054+0000] {processor.py:183} INFO - Processing /home/airflow/.local/lib/python3.11/site-packages/airflow/example_dags/example_branch_datetime_operator.py took 0.202 seconds
[2024-07-09T13:26:41.500+0000] {processor.py:161} INFO - Started process (PID=605) to work on /home/airflow/.local/lib/python3.11/site-packages/airflow/example_dags/example_branch_datetime_operator.py
[2024-07-09T13:26:41.501+0000] {processor.py:830} INFO - Processing file /home/airflow/.local/lib/python3.11/site-packages/airflow/example_dags/example_branch_datetime_operator.py for tasks to queue
[2024-07-09T13:26:41.502+0000] {logging_mixin.py:188} INFO - [2024-07-09T13:26:41.502+0000] {dagbag.py:540} INFO - Filling up the DagBag from /home/airflow/.local/lib/python3.11/site-packages/airflow/example_dags/example_branch_datetime_operator.py
[2024-07-09T13:26:41.510+0000] {processor.py:840} INFO - DAG(s) 'example_branch_datetime_operator_2', 'example_branch_datetime_operator', 'example_branch_datetime_operator_3' retrieved from /home/airflow/.local/lib/python3.11/site-packages/airflow/example_dags/example_branch_datetime_operator.py
[2024-07-09T13:26:41.536+0000] {logging_mixin.py:188} INFO - [2024-07-09T13:26:41.536+0000] {dag.py:3047} INFO - Sync 3 DAGs
[2024-07-09T13:26:41.555+0000] {logging_mixin.py:188} INFO - [2024-07-09T13:26:41.554+0000] {dag.py:3834} INFO - Setting next_dagrun for example_branch_datetime_operator to 2024-07-08 00:00:00+00:00, run_after=2024-07-09 00:00:00+00:00
[2024-07-09T13:26:41.558+0000] {logging_mixin.py:188} INFO - [2024-07-09T13:26:41.558+0000] {dag.py:3834} INFO - Setting next_dagrun for example_branch_datetime_operator_2 to 2024-07-08 00:00:00+00:00, run_after=2024-07-09 00:00:00+00:00
[2024-07-09T13:26:41.560+0000] {logging_mixin.py:188} INFO - [2024-07-09T13:26:41.560+0000] {dag.py:3834} INFO - Setting next_dagrun for example_branch_datetime_operator_3 to 2024-07-08 00:00:00+00:00, run_after=2024-07-09 00:00:00+00:00
[2024-07-09T13:26:41.574+0000] {processor.py:183} INFO - Processing /home/airflow/.local/lib/python3.11/site-packages/airflow/example_dags/example_branch_datetime_operator.py took 0.077 seconds
[2024-07-09T13:27:11.927+0000] {processor.py:161} INFO - Started process (PID=875) to work on /home/airflow/.local/lib/python3.11/site-packages/airflow/example_dags/example_branch_datetime_operator.py
[2024-07-09T13:27:11.928+0000] {processor.py:830} INFO - Processing file /home/airflow/.local/lib/python3.11/site-packages/airflow/example_dags/example_branch_datetime_operator.py for tasks to queue
[2024-07-09T13:27:11.929+0000] {logging_mixin.py:188} INFO - [2024-07-09T13:27:11.929+0000] {dagbag.py:540} INFO - Filling up the DagBag from /home/airflow/.local/lib/python3.11/site-packages/airflow/example_dags/example_branch_datetime_operator.py
[2024-07-09T13:27:11.937+0000] {processor.py:840} INFO - DAG(s) 'example_branch_datetime_operator_2', 'example_branch_datetime_operator_3', 'example_branch_datetime_operator' retrieved from /home/airflow/.local/lib/python3.11/site-packages/airflow/example_dags/example_branch_datetime_operator.py
[2024-07-09T13:27:11.964+0000] {logging_mixin.py:188} INFO - [2024-07-09T13:27:11.964+0000] {dag.py:3047} INFO - Sync 3 DAGs
[2024-07-09T13:27:11.983+0000] {logging_mixin.py:188} INFO - [2024-07-09T13:27:11.983+0000] {dag.py:3834} INFO - Setting next_dagrun for example_branch_datetime_operator to 2024-07-08 00:00:00+00:00, run_after=2024-07-09 00:00:00+00:00
[2024-07-09T13:27:11.987+0000] {logging_mixin.py:188} INFO - [2024-07-09T13:27:11.987+0000] {dag.py:3834} INFO - Setting next_dagrun for example_branch_datetime_operator_2 to 2024-07-08 00:00:00+00:00, run_after=2024-07-09 00:00:00+00:00
[2024-07-09T13:27:11.989+0000] {logging_mixin.py:188} INFO - [2024-07-09T13:27:11.989+0000] {dag.py:3834} INFO - Setting next_dagrun for example_branch_datetime_operator_3 to 2024-07-08 00:00:00+00:00, run_after=2024-07-09 00:00:00+00:00
[2024-07-09T13:27:12.003+0000] {processor.py:183} INFO - Processing /home/airflow/.local/lib/python3.11/site-packages/airflow/example_dags/example_branch_datetime_operator.py took 0.078 seconds
[2024-07-09T13:27:42.672+0000] {processor.py:161} INFO - Started process (PID=1145) to work on /home/airflow/.local/lib/python3.11/site-packages/airflow/example_dags/example_branch_datetime_operator.py
[2024-07-09T13:27:42.673+0000] {processor.py:830} INFO - Processing file /home/airflow/.local/lib/python3.11/site-packages/airflow/example_dags/example_branch_datetime_operator.py for tasks to queue
[2024-07-09T13:27:42.674+0000] {logging_mixin.py:188} INFO - [2024-07-09T13:27:42.674+0000] {dagbag.py:540} INFO - Filling up the DagBag from /home/airflow/.local/lib/python3.11/site-packages/airflow/example_dags/example_branch_datetime_operator.py
[2024-07-09T13:27:42.683+0000] {processor.py:840} INFO - DAG(s) 'example_branch_datetime_operator', 'example_branch_datetime_operator_3', 'example_branch_datetime_operator_2' retrieved from /home/airflow/.local/lib/python3.11/site-packages/airflow/example_dags/example_branch_datetime_operator.py
[2024-07-09T13:27:42.805+0000] {logging_mixin.py:188} INFO - [2024-07-09T13:27:42.805+0000] {dag.py:3047} INFO - Sync 3 DAGs
[2024-07-09T13:27:42.822+0000] {logging_mixin.py:188} INFO - [2024-07-09T13:27:42.822+0000] {dag.py:3834} INFO - Setting next_dagrun for example_branch_datetime_operator to 2024-07-08 00:00:00+00:00, run_after=2024-07-09 00:00:00+00:00
[2024-07-09T13:27:42.825+0000] {logging_mixin.py:188} INFO - [2024-07-09T13:27:42.825+0000] {dag.py:3834} INFO - Setting next_dagrun for example_branch_datetime_operator_2 to 2024-07-08 00:00:00+00:00, run_after=2024-07-09 00:00:00+00:00
[2024-07-09T13:27:42.827+0000] {logging_mixin.py:188} INFO - [2024-07-09T13:27:42.827+0000] {dag.py:3834} INFO - Setting next_dagrun for example_branch_datetime_operator_3 to 2024-07-08 00:00:00+00:00, run_after=2024-07-09 00:00:00+00:00
[2024-07-09T13:27:42.840+0000] {processor.py:183} INFO - Processing /home/airflow/.local/lib/python3.11/site-packages/airflow/example_dags/example_branch_datetime_operator.py took 0.171 seconds
[2024-07-09T13:28:13.646+0000] {processor.py:161} INFO - Started process (PID=1415) to work on /home/airflow/.local/lib/python3.11/site-packages/airflow/example_dags/example_branch_datetime_operator.py
[2024-07-09T13:28:13.647+0000] {processor.py:830} INFO - Processing file /home/airflow/.local/lib/python3.11/site-packages/airflow/example_dags/example_branch_datetime_operator.py for tasks to queue
[2024-07-09T13:28:13.647+0000] {logging_mixin.py:188} INFO - [2024-07-09T13:28:13.647+0000] {dagbag.py:540} INFO - Filling up the DagBag from /home/airflow/.local/lib/python3.11/site-packages/airflow/example_dags/example_branch_datetime_operator.py
[2024-07-09T13:28:13.655+0000] {processor.py:840} INFO - DAG(s) 'example_branch_datetime_operator', 'example_branch_datetime_operator_3', 'example_branch_datetime_operator_2' retrieved from /home/airflow/.local/lib/python3.11/site-packages/airflow/example_dags/example_branch_datetime_operator.py
[2024-07-09T13:28:13.681+0000] {logging_mixin.py:188} INFO - [2024-07-09T13:28:13.681+0000] {dag.py:3047} INFO - Sync 3 DAGs
[2024-07-09T13:28:13.700+0000] {logging_mixin.py:188} INFO - [2024-07-09T13:28:13.700+0000] {dag.py:3834} INFO - Setting next_dagrun for example_branch_datetime_operator to 2024-07-08 00:00:00+00:00, run_after=2024-07-09 00:00:00+00:00
[2024-07-09T13:28:13.704+0000] {logging_mixin.py:188} INFO - [2024-07-09T13:28:13.703+0000] {dag.py:3834} INFO - Setting next_dagrun for example_branch_datetime_operator_2 to 2024-07-08 00:00:00+00:00, run_after=2024-07-09 00:00:00+00:00
[2024-07-09T13:28:13.705+0000] {logging_mixin.py:188} INFO - [2024-07-09T13:28:13.705+0000] {dag.py:3834} INFO - Setting next_dagrun for example_branch_datetime_operator_3 to 2024-07-08 00:00:00+00:00, run_after=2024-07-09 00:00:00+00:00
[2024-07-09T13:28:13.720+0000] {processor.py:183} INFO - Processing /home/airflow/.local/lib/python3.11/site-packages/airflow/example_dags/example_branch_datetime_operator.py took 0.077 seconds
[2024-07-09T13:28:44.139+0000] {processor.py:161} INFO - Started process (PID=1685) to work on /home/airflow/.local/lib/python3.11/site-packages/airflow/example_dags/example_branch_datetime_operator.py
[2024-07-09T13:28:44.140+0000] {processor.py:830} INFO - Processing file /home/airflow/.local/lib/python3.11/site-packages/airflow/example_dags/example_branch_datetime_operator.py for tasks to queue
[2024-07-09T13:28:44.141+0000] {logging_mixin.py:188} INFO - [2024-07-09T13:28:44.140+0000] {dagbag.py:540} INFO - Filling up the DagBag from /home/airflow/.local/lib/python3.11/site-packages/airflow/example_dags/example_branch_datetime_operator.py
[2024-07-09T13:28:44.148+0000] {processor.py:840} INFO - DAG(s) 'example_branch_datetime_operator', 'example_branch_datetime_operator_3', 'example_branch_datetime_operator_2' retrieved from /home/airflow/.local/lib/python3.11/site-packages/airflow/example_dags/example_branch_datetime_operator.py
[2024-07-09T13:28:44.175+0000] {logging_mixin.py:188} INFO - [2024-07-09T13:28:44.175+0000] {dag.py:3047} INFO - Sync 3 DAGs
[2024-07-09T13:28:44.194+0000] {logging_mixin.py:188} INFO - [2024-07-09T13:28:44.193+0000] {dag.py:3834} INFO - Setting next_dagrun for example_branch_datetime_operator to 2024-07-08 00:00:00+00:00, run_after=2024-07-09 00:00:00+00:00
[2024-07-09T13:28:44.197+0000] {logging_mixin.py:188} INFO - [2024-07-09T13:28:44.197+0000] {dag.py:3834} INFO - Setting next_dagrun for example_branch_datetime_operator_2 to 2024-07-08 00:00:00+00:00, run_after=2024-07-09 00:00:00+00:00
[2024-07-09T13:28:44.199+0000] {logging_mixin.py:188} INFO - [2024-07-09T13:28:44.199+0000] {dag.py:3834} INFO - Setting next_dagrun for example_branch_datetime_operator_3 to 2024-07-08 00:00:00+00:00, run_after=2024-07-09 00:00:00+00:00
[2024-07-09T13:28:44.212+0000] {processor.py:183} INFO - Processing /home/airflow/.local/lib/python3.11/site-packages/airflow/example_dags/example_branch_datetime_operator.py took 0.075 seconds
[2024-07-09T13:29:14.484+0000] {processor.py:161} INFO - Started process (PID=1955) to work on /home/airflow/.local/lib/python3.11/site-packages/airflow/example_dags/example_branch_datetime_operator.py
[2024-07-09T13:29:14.485+0000] {processor.py:830} INFO - Processing file /home/airflow/.local/lib/python3.11/site-packages/airflow/example_dags/example_branch_datetime_operator.py for tasks to queue
[2024-07-09T13:29:14.485+0000] {logging_mixin.py:188} INFO - [2024-07-09T13:29:14.485+0000] {dagbag.py:540} INFO - Filling up the DagBag from /home/airflow/.local/lib/python3.11/site-packages/airflow/example_dags/example_branch_datetime_operator.py
[2024-07-09T13:29:14.493+0000] {processor.py:840} INFO - DAG(s) 'example_branch_datetime_operator', 'example_branch_datetime_operator_3', 'example_branch_datetime_operator_2' retrieved from /home/airflow/.local/lib/python3.11/site-packages/airflow/example_dags/example_branch_datetime_operator.py
[2024-07-09T13:29:14.519+0000] {logging_mixin.py:188} INFO - [2024-07-09T13:29:14.519+0000] {dag.py:3047} INFO - Sync 3 DAGs
[2024-07-09T13:29:14.539+0000] {logging_mixin.py:188} INFO - [2024-07-09T13:29:14.538+0000] {dag.py:3834} INFO - Setting next_dagrun for example_branch_datetime_operator to 2024-07-08 00:00:00+00:00, run_after=2024-07-09 00:00:00+00:00
[2024-07-09T13:29:14.542+0000] {logging_mixin.py:188} INFO - [2024-07-09T13:29:14.542+0000] {dag.py:3834} INFO - Setting next_dagrun for example_branch_datetime_operator_2 to 2024-07-08 00:00:00+00:00, run_after=2024-07-09 00:00:00+00:00
[2024-07-09T13:29:14.544+0000] {logging_mixin.py:188} INFO - [2024-07-09T13:29:14.544+0000] {dag.py:3834} INFO - Setting next_dagrun for example_branch_datetime_operator_3 to 2024-07-08 00:00:00+00:00, run_after=2024-07-09 00:00:00+00:00
[2024-07-09T13:29:14.558+0000] {processor.py:183} INFO - Processing /home/airflow/.local/lib/python3.11/site-packages/airflow/example_dags/example_branch_datetime_operator.py took 0.077 seconds
[2024-07-09T13:29:44.876+0000] {processor.py:161} INFO - Started process (PID=2225) to work on /home/airflow/.local/lib/python3.11/site-packages/airflow/example_dags/example_branch_datetime_operator.py
[2024-07-09T13:29:44.877+0000] {processor.py:830} INFO - Processing file /home/airflow/.local/lib/python3.11/site-packages/airflow/example_dags/example_branch_datetime_operator.py for tasks to queue
[2024-07-09T13:29:44.878+0000] {logging_mixin.py:188} INFO - [2024-07-09T13:29:44.878+0000] {dagbag.py:540} INFO - Filling up the DagBag from /home/airflow/.local/lib/python3.11/site-packages/airflow/example_dags/example_branch_datetime_operator.py
[2024-07-09T13:29:44.886+0000] {processor.py:840} INFO - DAG(s) 'example_branch_datetime_operator', 'example_branch_datetime_operator_3', 'example_branch_datetime_operator_2' retrieved from /home/airflow/.local/lib/python3.11/site-packages/airflow/example_dags/example_branch_datetime_operator.py
[2024-07-09T13:29:44.913+0000] {logging_mixin.py:188} INFO - [2024-07-09T13:29:44.913+0000] {dag.py:3047} INFO - Sync 3 DAGs
[2024-07-09T13:29:44.932+0000] {logging_mixin.py:188} INFO - [2024-07-09T13:29:44.932+0000] {dag.py:3834} INFO - Setting next_dagrun for example_branch_datetime_operator to 2024-07-08 00:00:00+00:00, run_after=2024-07-09 00:00:00+00:00
[2024-07-09T13:29:44.936+0000] {logging_mixin.py:188} INFO - [2024-07-09T13:29:44.936+0000] {dag.py:3834} INFO - Setting next_dagrun for example_branch_datetime_operator_2 to 2024-07-08 00:00:00+00:00, run_after=2024-07-09 00:00:00+00:00
[2024-07-09T13:29:44.938+0000] {logging_mixin.py:188} INFO - [2024-07-09T13:29:44.938+0000] {dag.py:3834} INFO - Setting next_dagrun for example_branch_datetime_operator_3 to 2024-07-08 00:00:00+00:00, run_after=2024-07-09 00:00:00+00:00
[2024-07-09T13:29:44.952+0000] {processor.py:183} INFO - Processing /home/airflow/.local/lib/python3.11/site-packages/airflow/example_dags/example_branch_datetime_operator.py took 0.078 seconds
[2024-07-09T13:31:39.100+0000] {processor.py:161} INFO - Started process (PID=334) to work on /home/airflow/.local/lib/python3.11/site-packages/airflow/example_dags/example_branch_datetime_operator.py
[2024-07-09T13:31:39.101+0000] {processor.py:830} INFO - Processing file /home/airflow/.local/lib/python3.11/site-packages/airflow/example_dags/example_branch_datetime_operator.py for tasks to queue
[2024-07-09T13:31:39.102+0000] {logging_mixin.py:188} INFO - [2024-07-09T13:31:39.102+0000] {dagbag.py:540} INFO - Filling up the DagBag from /home/airflow/.local/lib/python3.11/site-packages/airflow/example_dags/example_branch_datetime_operator.py
[2024-07-09T13:31:39.110+0000] {processor.py:840} INFO - DAG(s) 'example_branch_datetime_operator', 'example_branch_datetime_operator_3', 'example_branch_datetime_operator_2' retrieved from /home/airflow/.local/lib/python3.11/site-packages/airflow/example_dags/example_branch_datetime_operator.py
[2024-07-09T13:31:39.200+0000] {logging_mixin.py:188} INFO - [2024-07-09T13:31:39.200+0000] {override.py:1769} INFO - Created Permission View: can edit on DAG:example_branch_datetime_operator
[2024-07-09T13:31:39.210+0000] {logging_mixin.py:188} INFO - [2024-07-09T13:31:39.209+0000] {override.py:1769} INFO - Created Permission View: can delete on DAG:example_branch_datetime_operator
[2024-07-09T13:31:39.217+0000] {logging_mixin.py:188} INFO - [2024-07-09T13:31:39.216+0000] {override.py:1769} INFO - Created Permission View: can read on DAG:example_branch_datetime_operator
[2024-07-09T13:31:39.229+0000] {logging_mixin.py:188} INFO - [2024-07-09T13:31:39.229+0000] {override.py:1769} INFO - Created Permission View: can edit on DAG:example_branch_datetime_operator_3
[2024-07-09T13:31:39.235+0000] {logging_mixin.py:188} INFO - [2024-07-09T13:31:39.235+0000] {override.py:1769} INFO - Created Permission View: can delete on DAG:example_branch_datetime_operator_3
[2024-07-09T13:31:39.241+0000] {logging_mixin.py:188} INFO - [2024-07-09T13:31:39.241+0000] {override.py:1769} INFO - Created Permission View: can read on DAG:example_branch_datetime_operator_3
[2024-07-09T13:31:39.253+0000] {logging_mixin.py:188} INFO - [2024-07-09T13:31:39.253+0000] {override.py:1769} INFO - Created Permission View: can edit on DAG:example_branch_datetime_operator_2
[2024-07-09T13:31:39.258+0000] {logging_mixin.py:188} INFO - [2024-07-09T13:31:39.258+0000] {override.py:1769} INFO - Created Permission View: can delete on DAG:example_branch_datetime_operator_2
[2024-07-09T13:31:39.264+0000] {logging_mixin.py:188} INFO - [2024-07-09T13:31:39.264+0000] {override.py:1769} INFO - Created Permission View: can read on DAG:example_branch_datetime_operator_2
[2024-07-09T13:31:39.265+0000] {logging_mixin.py:188} INFO - [2024-07-09T13:31:39.265+0000] {dag.py:3047} INFO - Sync 3 DAGs
[2024-07-09T13:31:39.275+0000] {logging_mixin.py:188} INFO - [2024-07-09T13:31:39.275+0000] {dag.py:3069} INFO - Creating ORM DAG for example_branch_datetime_operator_2
[2024-07-09T13:31:39.275+0000] {logging_mixin.py:188} INFO - [2024-07-09T13:31:39.275+0000] {dag.py:3069} INFO - Creating ORM DAG for example_branch_datetime_operator_3
[2024-07-09T13:31:39.276+0000] {logging_mixin.py:188} INFO - [2024-07-09T13:31:39.276+0000] {dag.py:3069} INFO - Creating ORM DAG for example_branch_datetime_operator
[2024-07-09T13:31:39.285+0000] {logging_mixin.py:188} INFO - [2024-07-09T13:31:39.285+0000] {dag.py:3834} INFO - Setting next_dagrun for example_branch_datetime_operator to 2024-07-08 00:00:00+00:00, run_after=2024-07-09 00:00:00+00:00
[2024-07-09T13:31:39.286+0000] {logging_mixin.py:188} INFO - [2024-07-09T13:31:39.286+0000] {dag.py:3834} INFO - Setting next_dagrun for example_branch_datetime_operator_2 to 2024-07-08 00:00:00+00:00, run_after=2024-07-09 00:00:00+00:00
[2024-07-09T13:31:39.288+0000] {logging_mixin.py:188} INFO - [2024-07-09T13:31:39.288+0000] {dag.py:3834} INFO - Setting next_dagrun for example_branch_datetime_operator_3 to 2024-07-08 00:00:00+00:00, run_after=2024-07-09 00:00:00+00:00
[2024-07-09T13:31:39.302+0000] {processor.py:183} INFO - Processing /home/airflow/.local/lib/python3.11/site-packages/airflow/example_dags/example_branch_datetime_operator.py took 0.205 seconds
[2024-07-09T13:32:10.127+0000] {processor.py:161} INFO - Started process (PID=604) to work on /home/airflow/.local/lib/python3.11/site-packages/airflow/example_dags/example_branch_datetime_operator.py
[2024-07-09T13:32:10.130+0000] {processor.py:830} INFO - Processing file /home/airflow/.local/lib/python3.11/site-packages/airflow/example_dags/example_branch_datetime_operator.py for tasks to queue
[2024-07-09T13:32:10.131+0000] {logging_mixin.py:188} INFO - [2024-07-09T13:32:10.131+0000] {dagbag.py:540} INFO - Filling up the DagBag from /home/airflow/.local/lib/python3.11/site-packages/airflow/example_dags/example_branch_datetime_operator.py
[2024-07-09T13:32:10.140+0000] {processor.py:840} INFO - DAG(s) 'example_branch_datetime_operator_2', 'example_branch_datetime_operator_3', 'example_branch_datetime_operator' retrieved from /home/airflow/.local/lib/python3.11/site-packages/airflow/example_dags/example_branch_datetime_operator.py
[2024-07-09T13:32:10.171+0000] {logging_mixin.py:188} INFO - [2024-07-09T13:32:10.171+0000] {dag.py:3047} INFO - Sync 3 DAGs
[2024-07-09T13:32:10.194+0000] {logging_mixin.py:188} INFO - [2024-07-09T13:32:10.194+0000] {dag.py:3834} INFO - Setting next_dagrun for example_branch_datetime_operator to 2024-07-08 00:00:00+00:00, run_after=2024-07-09 00:00:00+00:00
[2024-07-09T13:32:10.199+0000] {logging_mixin.py:188} INFO - [2024-07-09T13:32:10.199+0000] {dag.py:3834} INFO - Setting next_dagrun for example_branch_datetime_operator_2 to 2024-07-08 00:00:00+00:00, run_after=2024-07-09 00:00:00+00:00
[2024-07-09T13:32:10.201+0000] {logging_mixin.py:188} INFO - [2024-07-09T13:32:10.201+0000] {dag.py:3834} INFO - Setting next_dagrun for example_branch_datetime_operator_3 to 2024-07-08 00:00:00+00:00, run_after=2024-07-09 00:00:00+00:00
[2024-07-09T13:32:10.219+0000] {processor.py:183} INFO - Processing /home/airflow/.local/lib/python3.11/site-packages/airflow/example_dags/example_branch_datetime_operator.py took 0.094 seconds
[2024-07-09T13:32:40.527+0000] {processor.py:161} INFO - Started process (PID=874) to work on /home/airflow/.local/lib/python3.11/site-packages/airflow/example_dags/example_branch_datetime_operator.py
[2024-07-09T13:32:40.528+0000] {processor.py:830} INFO - Processing file /home/airflow/.local/lib/python3.11/site-packages/airflow/example_dags/example_branch_datetime_operator.py for tasks to queue
[2024-07-09T13:32:40.528+0000] {logging_mixin.py:188} INFO - [2024-07-09T13:32:40.528+0000] {dagbag.py:540} INFO - Filling up the DagBag from /home/airflow/.local/lib/python3.11/site-packages/airflow/example_dags/example_branch_datetime_operator.py
[2024-07-09T13:32:40.536+0000] {processor.py:840} INFO - DAG(s) 'example_branch_datetime_operator_2', 'example_branch_datetime_operator_3', 'example_branch_datetime_operator' retrieved from /home/airflow/.local/lib/python3.11/site-packages/airflow/example_dags/example_branch_datetime_operator.py
[2024-07-09T13:32:40.563+0000] {logging_mixin.py:188} INFO - [2024-07-09T13:32:40.563+0000] {dag.py:3047} INFO - Sync 3 DAGs
[2024-07-09T13:32:40.582+0000] {logging_mixin.py:188} INFO - [2024-07-09T13:32:40.582+0000] {dag.py:3834} INFO - Setting next_dagrun for example_branch_datetime_operator to 2024-07-08 00:00:00+00:00, run_after=2024-07-09 00:00:00+00:00
[2024-07-09T13:32:40.586+0000] {logging_mixin.py:188} INFO - [2024-07-09T13:32:40.586+0000] {dag.py:3834} INFO - Setting next_dagrun for example_branch_datetime_operator_2 to 2024-07-08 00:00:00+00:00, run_after=2024-07-09 00:00:00+00:00
[2024-07-09T13:32:40.588+0000] {logging_mixin.py:188} INFO - [2024-07-09T13:32:40.588+0000] {dag.py:3834} INFO - Setting next_dagrun for example_branch_datetime_operator_3 to 2024-07-08 00:00:00+00:00, run_after=2024-07-09 00:00:00+00:00
[2024-07-09T13:32:40.603+0000] {processor.py:183} INFO - Processing /home/airflow/.local/lib/python3.11/site-packages/airflow/example_dags/example_branch_datetime_operator.py took 0.079 seconds
[2024-07-09T13:33:11.211+0000] {processor.py:161} INFO - Started process (PID=1144) to work on /home/airflow/.local/lib/python3.11/site-packages/airflow/example_dags/example_branch_datetime_operator.py
[2024-07-09T13:33:11.212+0000] {processor.py:830} INFO - Processing file /home/airflow/.local/lib/python3.11/site-packages/airflow/example_dags/example_branch_datetime_operator.py for tasks to queue
[2024-07-09T13:33:11.213+0000] {logging_mixin.py:188} INFO - [2024-07-09T13:33:11.212+0000] {dagbag.py:540} INFO - Filling up the DagBag from /home/airflow/.local/lib/python3.11/site-packages/airflow/example_dags/example_branch_datetime_operator.py
[2024-07-09T13:33:11.220+0000] {processor.py:840} INFO - DAG(s) 'example_branch_datetime_operator', 'example_branch_datetime_operator_3', 'example_branch_datetime_operator_2' retrieved from /home/airflow/.local/lib/python3.11/site-packages/airflow/example_dags/example_branch_datetime_operator.py
[2024-07-09T13:33:11.360+0000] {logging_mixin.py:188} INFO - [2024-07-09T13:33:11.359+0000] {dag.py:3047} INFO - Sync 3 DAGs
[2024-07-09T13:33:11.377+0000] {logging_mixin.py:188} INFO - [2024-07-09T13:33:11.377+0000] {dag.py:3834} INFO - Setting next_dagrun for example_branch_datetime_operator to 2024-07-08 00:00:00+00:00, run_after=2024-07-09 00:00:00+00:00
[2024-07-09T13:33:11.381+0000] {logging_mixin.py:188} INFO - [2024-07-09T13:33:11.381+0000] {dag.py:3834} INFO - Setting next_dagrun for example_branch_datetime_operator_2 to 2024-07-08 00:00:00+00:00, run_after=2024-07-09 00:00:00+00:00
[2024-07-09T13:33:11.383+0000] {logging_mixin.py:188} INFO - [2024-07-09T13:33:11.383+0000] {dag.py:3834} INFO - Setting next_dagrun for example_branch_datetime_operator_3 to 2024-07-08 00:00:00+00:00, run_after=2024-07-09 00:00:00+00:00
[2024-07-09T13:33:11.396+0000] {processor.py:183} INFO - Processing /home/airflow/.local/lib/python3.11/site-packages/airflow/example_dags/example_branch_datetime_operator.py took 0.188 seconds
[2024-07-09T13:33:42.031+0000] {processor.py:161} INFO - Started process (PID=1414) to work on /home/airflow/.local/lib/python3.11/site-packages/airflow/example_dags/example_branch_datetime_operator.py
[2024-07-09T13:33:42.032+0000] {processor.py:830} INFO - Processing file /home/airflow/.local/lib/python3.11/site-packages/airflow/example_dags/example_branch_datetime_operator.py for tasks to queue
[2024-07-09T13:33:42.032+0000] {logging_mixin.py:188} INFO - [2024-07-09T13:33:42.032+0000] {dagbag.py:540} INFO - Filling up the DagBag from /home/airflow/.local/lib/python3.11/site-packages/airflow/example_dags/example_branch_datetime_operator.py
[2024-07-09T13:33:42.041+0000] {processor.py:840} INFO - DAG(s) 'example_branch_datetime_operator', 'example_branch_datetime_operator_2', 'example_branch_datetime_operator_3' retrieved from /home/airflow/.local/lib/python3.11/site-packages/airflow/example_dags/example_branch_datetime_operator.py
[2024-07-09T13:33:42.068+0000] {logging_mixin.py:188} INFO - [2024-07-09T13:33:42.068+0000] {dag.py:3047} INFO - Sync 3 DAGs
[2024-07-09T13:33:42.087+0000] {logging_mixin.py:188} INFO - [2024-07-09T13:33:42.087+0000] {dag.py:3834} INFO - Setting next_dagrun for example_branch_datetime_operator to 2024-07-08 00:00:00+00:00, run_after=2024-07-09 00:00:00+00:00
[2024-07-09T13:33:42.091+0000] {logging_mixin.py:188} INFO - [2024-07-09T13:33:42.091+0000] {dag.py:3834} INFO - Setting next_dagrun for example_branch_datetime_operator_2 to 2024-07-08 00:00:00+00:00, run_after=2024-07-09 00:00:00+00:00
[2024-07-09T13:33:42.093+0000] {logging_mixin.py:188} INFO - [2024-07-09T13:33:42.092+0000] {dag.py:3834} INFO - Setting next_dagrun for example_branch_datetime_operator_3 to 2024-07-08 00:00:00+00:00, run_after=2024-07-09 00:00:00+00:00
[2024-07-09T13:33:42.107+0000] {processor.py:183} INFO - Processing /home/airflow/.local/lib/python3.11/site-packages/airflow/example_dags/example_branch_datetime_operator.py took 0.079 seconds
[2024-07-09T13:34:12.443+0000] {processor.py:161} INFO - Started process (PID=1684) to work on /home/airflow/.local/lib/python3.11/site-packages/airflow/example_dags/example_branch_datetime_operator.py
[2024-07-09T13:34:12.444+0000] {processor.py:830} INFO - Processing file /home/airflow/.local/lib/python3.11/site-packages/airflow/example_dags/example_branch_datetime_operator.py for tasks to queue
[2024-07-09T13:34:12.445+0000] {logging_mixin.py:188} INFO - [2024-07-09T13:34:12.445+0000] {dagbag.py:540} INFO - Filling up the DagBag from /home/airflow/.local/lib/python3.11/site-packages/airflow/example_dags/example_branch_datetime_operator.py
[2024-07-09T13:34:12.453+0000] {processor.py:840} INFO - DAG(s) 'example_branch_datetime_operator_3', 'example_branch_datetime_operator', 'example_branch_datetime_operator_2' retrieved from /home/airflow/.local/lib/python3.11/site-packages/airflow/example_dags/example_branch_datetime_operator.py
[2024-07-09T13:34:12.481+0000] {logging_mixin.py:188} INFO - [2024-07-09T13:34:12.480+0000] {dag.py:3047} INFO - Sync 3 DAGs
[2024-07-09T13:34:12.500+0000] {logging_mixin.py:188} INFO - [2024-07-09T13:34:12.500+0000] {dag.py:3834} INFO - Setting next_dagrun for example_branch_datetime_operator to 2024-07-08 00:00:00+00:00, run_after=2024-07-09 00:00:00+00:00
[2024-07-09T13:34:12.504+0000] {logging_mixin.py:188} INFO - [2024-07-09T13:34:12.504+0000] {dag.py:3834} INFO - Setting next_dagrun for example_branch_datetime_operator_2 to 2024-07-08 00:00:00+00:00, run_after=2024-07-09 00:00:00+00:00
[2024-07-09T13:34:12.506+0000] {logging_mixin.py:188} INFO - [2024-07-09T13:34:12.506+0000] {dag.py:3834} INFO - Setting next_dagrun for example_branch_datetime_operator_3 to 2024-07-08 00:00:00+00:00, run_after=2024-07-09 00:00:00+00:00
[2024-07-09T13:34:12.521+0000] {processor.py:183} INFO - Processing /home/airflow/.local/lib/python3.11/site-packages/airflow/example_dags/example_branch_datetime_operator.py took 0.080 seconds
[2024-07-09T13:34:42.644+0000] {processor.py:161} INFO - Started process (PID=1954) to work on /home/airflow/.local/lib/python3.11/site-packages/airflow/example_dags/example_branch_datetime_operator.py
[2024-07-09T13:34:42.645+0000] {processor.py:830} INFO - Processing file /home/airflow/.local/lib/python3.11/site-packages/airflow/example_dags/example_branch_datetime_operator.py for tasks to queue
[2024-07-09T13:34:42.646+0000] {logging_mixin.py:188} INFO - [2024-07-09T13:34:42.645+0000] {dagbag.py:540} INFO - Filling up the DagBag from /home/airflow/.local/lib/python3.11/site-packages/airflow/example_dags/example_branch_datetime_operator.py
[2024-07-09T13:34:42.653+0000] {processor.py:840} INFO - DAG(s) 'example_branch_datetime_operator_2', 'example_branch_datetime_operator_3', 'example_branch_datetime_operator' retrieved from /home/airflow/.local/lib/python3.11/site-packages/airflow/example_dags/example_branch_datetime_operator.py
[2024-07-09T13:34:42.681+0000] {logging_mixin.py:188} INFO - [2024-07-09T13:34:42.680+0000] {dag.py:3047} INFO - Sync 3 DAGs
[2024-07-09T13:34:42.699+0000] {logging_mixin.py:188} INFO - [2024-07-09T13:34:42.699+0000] {dag.py:3834} INFO - Setting next_dagrun for example_branch_datetime_operator to 2024-07-08 00:00:00+00:00, run_after=2024-07-09 00:00:00+00:00
[2024-07-09T13:34:42.703+0000] {logging_mixin.py:188} INFO - [2024-07-09T13:34:42.702+0000] {dag.py:3834} INFO - Setting next_dagrun for example_branch_datetime_operator_2 to 2024-07-08 00:00:00+00:00, run_after=2024-07-09 00:00:00+00:00
[2024-07-09T13:34:42.704+0000] {logging_mixin.py:188} INFO - [2024-07-09T13:34:42.704+0000] {dag.py:3834} INFO - Setting next_dagrun for example_branch_datetime_operator_3 to 2024-07-08 00:00:00+00:00, run_after=2024-07-09 00:00:00+00:00
[2024-07-09T13:34:42.720+0000] {processor.py:183} INFO - Processing /home/airflow/.local/lib/python3.11/site-packages/airflow/example_dags/example_branch_datetime_operator.py took 0.078 seconds
[2024-07-09T13:35:12.962+0000] {processor.py:161} INFO - Started process (PID=2224) to work on /home/airflow/.local/lib/python3.11/site-packages/airflow/example_dags/example_branch_datetime_operator.py
[2024-07-09T13:35:12.963+0000] {processor.py:830} INFO - Processing file /home/airflow/.local/lib/python3.11/site-packages/airflow/example_dags/example_branch_datetime_operator.py for tasks to queue
[2024-07-09T13:35:12.964+0000] {logging_mixin.py:188} INFO - [2024-07-09T13:35:12.964+0000] {dagbag.py:540} INFO - Filling up the DagBag from /home/airflow/.local/lib/python3.11/site-packages/airflow/example_dags/example_branch_datetime_operator.py
[2024-07-09T13:35:12.972+0000] {processor.py:840} INFO - DAG(s) 'example_branch_datetime_operator_2', 'example_branch_datetime_operator', 'example_branch_datetime_operator_3' retrieved from /home/airflow/.local/lib/python3.11/site-packages/airflow/example_dags/example_branch_datetime_operator.py
[2024-07-09T13:35:13.001+0000] {logging_mixin.py:188} INFO - [2024-07-09T13:35:13.001+0000] {dag.py:3047} INFO - Sync 3 DAGs
[2024-07-09T13:35:13.021+0000] {logging_mixin.py:188} INFO - [2024-07-09T13:35:13.021+0000] {dag.py:3834} INFO - Setting next_dagrun for example_branch_datetime_operator to 2024-07-08 00:00:00+00:00, run_after=2024-07-09 00:00:00+00:00
[2024-07-09T13:35:13.025+0000] {logging_mixin.py:188} INFO - [2024-07-09T13:35:13.025+0000] {dag.py:3834} INFO - Setting next_dagrun for example_branch_datetime_operator_2 to 2024-07-08 00:00:00+00:00, run_after=2024-07-09 00:00:00+00:00
[2024-07-09T13:35:13.027+0000] {logging_mixin.py:188} INFO - [2024-07-09T13:35:13.027+0000] {dag.py:3834} INFO - Setting next_dagrun for example_branch_datetime_operator_3 to 2024-07-08 00:00:00+00:00, run_after=2024-07-09 00:00:00+00:00
[2024-07-09T13:35:13.042+0000] {processor.py:183} INFO - Processing /home/airflow/.local/lib/python3.11/site-packages/airflow/example_dags/example_branch_datetime_operator.py took 0.082 seconds
[2024-07-09T13:35:43.352+0000] {processor.py:161} INFO - Started process (PID=2494) to work on /home/airflow/.local/lib/python3.11/site-packages/airflow/example_dags/example_branch_datetime_operator.py
[2024-07-09T13:35:43.353+0000] {processor.py:830} INFO - Processing file /home/airflow/.local/lib/python3.11/site-packages/airflow/example_dags/example_branch_datetime_operator.py for tasks to queue
[2024-07-09T13:35:43.353+0000] {logging_mixin.py:188} INFO - [2024-07-09T13:35:43.353+0000] {dagbag.py:540} INFO - Filling up the DagBag from /home/airflow/.local/lib/python3.11/site-packages/airflow/example_dags/example_branch_datetime_operator.py
[2024-07-09T13:35:43.361+0000] {processor.py:840} INFO - DAG(s) 'example_branch_datetime_operator_2', 'example_branch_datetime_operator', 'example_branch_datetime_operator_3' retrieved from /home/airflow/.local/lib/python3.11/site-packages/airflow/example_dags/example_branch_datetime_operator.py
[2024-07-09T13:35:43.387+0000] {logging_mixin.py:188} INFO - [2024-07-09T13:35:43.387+0000] {dag.py:3047} INFO - Sync 3 DAGs
[2024-07-09T13:35:43.405+0000] {logging_mixin.py:188} INFO - [2024-07-09T13:35:43.405+0000] {dag.py:3834} INFO - Setting next_dagrun for example_branch_datetime_operator to 2024-07-08 00:00:00+00:00, run_after=2024-07-09 00:00:00+00:00
[2024-07-09T13:35:43.409+0000] {logging_mixin.py:188} INFO - [2024-07-09T13:35:43.409+0000] {dag.py:3834} INFO - Setting next_dagrun for example_branch_datetime_operator_2 to 2024-07-08 00:00:00+00:00, run_after=2024-07-09 00:00:00+00:00
[2024-07-09T13:35:43.411+0000] {logging_mixin.py:188} INFO - [2024-07-09T13:35:43.411+0000] {dag.py:3834} INFO - Setting next_dagrun for example_branch_datetime_operator_3 to 2024-07-08 00:00:00+00:00, run_after=2024-07-09 00:00:00+00:00
[2024-07-09T13:35:43.424+0000] {processor.py:183} INFO - Processing /home/airflow/.local/lib/python3.11/site-packages/airflow/example_dags/example_branch_datetime_operator.py took 0.075 seconds
[2024-07-09T13:36:13.815+0000] {processor.py:161} INFO - Started process (PID=2764) to work on /home/airflow/.local/lib/python3.11/site-packages/airflow/example_dags/example_branch_datetime_operator.py
[2024-07-09T13:36:13.816+0000] {processor.py:830} INFO - Processing file /home/airflow/.local/lib/python3.11/site-packages/airflow/example_dags/example_branch_datetime_operator.py for tasks to queue
[2024-07-09T13:36:13.816+0000] {logging_mixin.py:188} INFO - [2024-07-09T13:36:13.816+0000] {dagbag.py:540} INFO - Filling up the DagBag from /home/airflow/.local/lib/python3.11/site-packages/airflow/example_dags/example_branch_datetime_operator.py
[2024-07-09T13:36:13.824+0000] {processor.py:840} INFO - DAG(s) 'example_branch_datetime_operator_2', 'example_branch_datetime_operator', 'example_branch_datetime_operator_3' retrieved from /home/airflow/.local/lib/python3.11/site-packages/airflow/example_dags/example_branch_datetime_operator.py
[2024-07-09T13:36:13.851+0000] {logging_mixin.py:188} INFO - [2024-07-09T13:36:13.851+0000] {dag.py:3047} INFO - Sync 3 DAGs
[2024-07-09T13:36:13.871+0000] {logging_mixin.py:188} INFO - [2024-07-09T13:36:13.871+0000] {dag.py:3834} INFO - Setting next_dagrun for example_branch_datetime_operator to 2024-07-08 00:00:00+00:00, run_after=2024-07-09 00:00:00+00:00
[2024-07-09T13:36:13.875+0000] {logging_mixin.py:188} INFO - [2024-07-09T13:36:13.875+0000] {dag.py:3834} INFO - Setting next_dagrun for example_branch_datetime_operator_2 to 2024-07-08 00:00:00+00:00, run_after=2024-07-09 00:00:00+00:00
[2024-07-09T13:36:13.877+0000] {logging_mixin.py:188} INFO - [2024-07-09T13:36:13.877+0000] {dag.py:3834} INFO - Setting next_dagrun for example_branch_datetime_operator_3 to 2024-07-08 00:00:00+00:00, run_after=2024-07-09 00:00:00+00:00
[2024-07-09T13:36:13.892+0000] {processor.py:183} INFO - Processing /home/airflow/.local/lib/python3.11/site-packages/airflow/example_dags/example_branch_datetime_operator.py took 0.080 seconds
[2024-07-09T13:36:44.110+0000] {processor.py:161} INFO - Started process (PID=3034) to work on /home/airflow/.local/lib/python3.11/site-packages/airflow/example_dags/example_branch_datetime_operator.py
[2024-07-09T13:36:44.111+0000] {processor.py:830} INFO - Processing file /home/airflow/.local/lib/python3.11/site-packages/airflow/example_dags/example_branch_datetime_operator.py for tasks to queue
[2024-07-09T13:36:44.111+0000] {logging_mixin.py:188} INFO - [2024-07-09T13:36:44.111+0000] {dagbag.py:540} INFO - Filling up the DagBag from /home/airflow/.local/lib/python3.11/site-packages/airflow/example_dags/example_branch_datetime_operator.py
[2024-07-09T13:36:44.119+0000] {processor.py:840} INFO - DAG(s) 'example_branch_datetime_operator_2', 'example_branch_datetime_operator', 'example_branch_datetime_operator_3' retrieved from /home/airflow/.local/lib/python3.11/site-packages/airflow/example_dags/example_branch_datetime_operator.py
[2024-07-09T13:36:44.145+0000] {logging_mixin.py:188} INFO - [2024-07-09T13:36:44.145+0000] {dag.py:3047} INFO - Sync 3 DAGs
[2024-07-09T13:36:44.164+0000] {logging_mixin.py:188} INFO - [2024-07-09T13:36:44.164+0000] {dag.py:3834} INFO - Setting next_dagrun for example_branch_datetime_operator to 2024-07-08 00:00:00+00:00, run_after=2024-07-09 00:00:00+00:00
[2024-07-09T13:36:44.168+0000] {logging_mixin.py:188} INFO - [2024-07-09T13:36:44.167+0000] {dag.py:3834} INFO - Setting next_dagrun for example_branch_datetime_operator_2 to 2024-07-08 00:00:00+00:00, run_after=2024-07-09 00:00:00+00:00
[2024-07-09T13:36:44.169+0000] {logging_mixin.py:188} INFO - [2024-07-09T13:36:44.169+0000] {dag.py:3834} INFO - Setting next_dagrun for example_branch_datetime_operator_3 to 2024-07-08 00:00:00+00:00, run_after=2024-07-09 00:00:00+00:00
[2024-07-09T13:36:44.183+0000] {processor.py:183} INFO - Processing /home/airflow/.local/lib/python3.11/site-packages/airflow/example_dags/example_branch_datetime_operator.py took 0.076 seconds
[2024-07-09T13:37:14.727+0000] {processor.py:161} INFO - Started process (PID=3304) to work on /home/airflow/.local/lib/python3.11/site-packages/airflow/example_dags/example_branch_datetime_operator.py
[2024-07-09T13:37:14.728+0000] {processor.py:830} INFO - Processing file /home/airflow/.local/lib/python3.11/site-packages/airflow/example_dags/example_branch_datetime_operator.py for tasks to queue
[2024-07-09T13:37:14.728+0000] {logging_mixin.py:188} INFO - [2024-07-09T13:37:14.728+0000] {dagbag.py:540} INFO - Filling up the DagBag from /home/airflow/.local/lib/python3.11/site-packages/airflow/example_dags/example_branch_datetime_operator.py
[2024-07-09T13:37:14.738+0000] {processor.py:840} INFO - DAG(s) 'example_branch_datetime_operator_2', 'example_branch_datetime_operator_3', 'example_branch_datetime_operator' retrieved from /home/airflow/.local/lib/python3.11/site-packages/airflow/example_dags/example_branch_datetime_operator.py
[2024-07-09T13:37:14.769+0000] {logging_mixin.py:188} INFO - [2024-07-09T13:37:14.769+0000] {dag.py:3047} INFO - Sync 3 DAGs
[2024-07-09T13:37:14.791+0000] {logging_mixin.py:188} INFO - [2024-07-09T13:37:14.790+0000] {dag.py:3834} INFO - Setting next_dagrun for example_branch_datetime_operator to 2024-07-08 00:00:00+00:00, run_after=2024-07-09 00:00:00+00:00
[2024-07-09T13:37:14.795+0000] {logging_mixin.py:188} INFO - [2024-07-09T13:37:14.794+0000] {dag.py:3834} INFO - Setting next_dagrun for example_branch_datetime_operator_2 to 2024-07-08 00:00:00+00:00, run_after=2024-07-09 00:00:00+00:00
[2024-07-09T13:37:14.797+0000] {logging_mixin.py:188} INFO - [2024-07-09T13:37:14.797+0000] {dag.py:3834} INFO - Setting next_dagrun for example_branch_datetime_operator_3 to 2024-07-08 00:00:00+00:00, run_after=2024-07-09 00:00:00+00:00
[2024-07-09T13:37:14.813+0000] {processor.py:183} INFO - Processing /home/airflow/.local/lib/python3.11/site-packages/airflow/example_dags/example_branch_datetime_operator.py took 0.089 seconds
[2024-07-09T13:46:12.242+0000] {processor.py:161} INFO - Started process (PID=334) to work on /home/airflow/.local/lib/python3.11/site-packages/airflow/example_dags/example_branch_datetime_operator.py
[2024-07-09T13:46:12.244+0000] {processor.py:830} INFO - Processing file /home/airflow/.local/lib/python3.11/site-packages/airflow/example_dags/example_branch_datetime_operator.py for tasks to queue
[2024-07-09T13:46:12.244+0000] {logging_mixin.py:188} INFO - [2024-07-09T13:46:12.244+0000] {dagbag.py:540} INFO - Filling up the DagBag from /home/airflow/.local/lib/python3.11/site-packages/airflow/example_dags/example_branch_datetime_operator.py
[2024-07-09T13:46:12.252+0000] {processor.py:840} INFO - DAG(s) 'example_branch_datetime_operator', 'example_branch_datetime_operator_2', 'example_branch_datetime_operator_3' retrieved from /home/airflow/.local/lib/python3.11/site-packages/airflow/example_dags/example_branch_datetime_operator.py
[2024-07-09T13:46:12.339+0000] {logging_mixin.py:188} INFO - [2024-07-09T13:46:12.338+0000] {override.py:1769} INFO - Created Permission View: can delete on DAG:example_branch_datetime_operator
[2024-07-09T13:46:12.348+0000] {logging_mixin.py:188} INFO - [2024-07-09T13:46:12.348+0000] {override.py:1769} INFO - Created Permission View: can read on DAG:example_branch_datetime_operator
[2024-07-09T13:46:12.354+0000] {logging_mixin.py:188} INFO - [2024-07-09T13:46:12.354+0000] {override.py:1769} INFO - Created Permission View: can edit on DAG:example_branch_datetime_operator
[2024-07-09T13:46:12.366+0000] {logging_mixin.py:188} INFO - [2024-07-09T13:46:12.365+0000] {override.py:1769} INFO - Created Permission View: can delete on DAG:example_branch_datetime_operator_2
[2024-07-09T13:46:12.372+0000] {logging_mixin.py:188} INFO - [2024-07-09T13:46:12.372+0000] {override.py:1769} INFO - Created Permission View: can read on DAG:example_branch_datetime_operator_2
[2024-07-09T13:46:12.377+0000] {logging_mixin.py:188} INFO - [2024-07-09T13:46:12.377+0000] {override.py:1769} INFO - Created Permission View: can edit on DAG:example_branch_datetime_operator_2
[2024-07-09T13:46:12.389+0000] {logging_mixin.py:188} INFO - [2024-07-09T13:46:12.388+0000] {override.py:1769} INFO - Created Permission View: can delete on DAG:example_branch_datetime_operator_3
[2024-07-09T13:46:12.395+0000] {logging_mixin.py:188} INFO - [2024-07-09T13:46:12.395+0000] {override.py:1769} INFO - Created Permission View: can read on DAG:example_branch_datetime_operator_3
[2024-07-09T13:46:12.402+0000] {logging_mixin.py:188} INFO - [2024-07-09T13:46:12.401+0000] {override.py:1769} INFO - Created Permission View: can edit on DAG:example_branch_datetime_operator_3
[2024-07-09T13:46:12.402+0000] {logging_mixin.py:188} INFO - [2024-07-09T13:46:12.402+0000] {dag.py:3047} INFO - Sync 3 DAGs
[2024-07-09T13:46:12.412+0000] {logging_mixin.py:188} INFO - [2024-07-09T13:46:12.412+0000] {dag.py:3069} INFO - Creating ORM DAG for example_branch_datetime_operator_3
[2024-07-09T13:46:12.413+0000] {logging_mixin.py:188} INFO - [2024-07-09T13:46:12.413+0000] {dag.py:3069} INFO - Creating ORM DAG for example_branch_datetime_operator_2
[2024-07-09T13:46:12.413+0000] {logging_mixin.py:188} INFO - [2024-07-09T13:46:12.413+0000] {dag.py:3069} INFO - Creating ORM DAG for example_branch_datetime_operator
[2024-07-09T13:46:12.422+0000] {logging_mixin.py:188} INFO - [2024-07-09T13:46:12.422+0000] {dag.py:3834} INFO - Setting next_dagrun for example_branch_datetime_operator to 2024-07-08 00:00:00+00:00, run_after=2024-07-09 00:00:00+00:00
[2024-07-09T13:46:12.423+0000] {logging_mixin.py:188} INFO - [2024-07-09T13:46:12.423+0000] {dag.py:3834} INFO - Setting next_dagrun for example_branch_datetime_operator_2 to 2024-07-08 00:00:00+00:00, run_after=2024-07-09 00:00:00+00:00
[2024-07-09T13:46:12.424+0000] {logging_mixin.py:188} INFO - [2024-07-09T13:46:12.424+0000] {dag.py:3834} INFO - Setting next_dagrun for example_branch_datetime_operator_3 to 2024-07-08 00:00:00+00:00, run_after=2024-07-09 00:00:00+00:00
[2024-07-09T13:46:12.439+0000] {processor.py:183} INFO - Processing /home/airflow/.local/lib/python3.11/site-packages/airflow/example_dags/example_branch_datetime_operator.py took 0.199 seconds
[2024-07-09T13:46:42.842+0000] {processor.py:161} INFO - Started process (PID=604) to work on /home/airflow/.local/lib/python3.11/site-packages/airflow/example_dags/example_branch_datetime_operator.py
[2024-07-09T13:46:42.843+0000] {processor.py:830} INFO - Processing file /home/airflow/.local/lib/python3.11/site-packages/airflow/example_dags/example_branch_datetime_operator.py for tasks to queue
[2024-07-09T13:46:42.843+0000] {logging_mixin.py:188} INFO - [2024-07-09T13:46:42.843+0000] {dagbag.py:540} INFO - Filling up the DagBag from /home/airflow/.local/lib/python3.11/site-packages/airflow/example_dags/example_branch_datetime_operator.py
[2024-07-09T13:46:42.851+0000] {processor.py:840} INFO - DAG(s) 'example_branch_datetime_operator_2', 'example_branch_datetime_operator_3', 'example_branch_datetime_operator' retrieved from /home/airflow/.local/lib/python3.11/site-packages/airflow/example_dags/example_branch_datetime_operator.py
[2024-07-09T13:46:42.877+0000] {logging_mixin.py:188} INFO - [2024-07-09T13:46:42.877+0000] {dag.py:3047} INFO - Sync 3 DAGs
[2024-07-09T13:46:42.896+0000] {logging_mixin.py:188} INFO - [2024-07-09T13:46:42.895+0000] {dag.py:3834} INFO - Setting next_dagrun for example_branch_datetime_operator to 2024-07-08 00:00:00+00:00, run_after=2024-07-09 00:00:00+00:00
[2024-07-09T13:46:42.900+0000] {logging_mixin.py:188} INFO - [2024-07-09T13:46:42.899+0000] {dag.py:3834} INFO - Setting next_dagrun for example_branch_datetime_operator_2 to 2024-07-08 00:00:00+00:00, run_after=2024-07-09 00:00:00+00:00
[2024-07-09T13:46:42.902+0000] {logging_mixin.py:188} INFO - [2024-07-09T13:46:42.901+0000] {dag.py:3834} INFO - Setting next_dagrun for example_branch_datetime_operator_3 to 2024-07-08 00:00:00+00:00, run_after=2024-07-09 00:00:00+00:00
[2024-07-09T13:46:42.914+0000] {processor.py:183} INFO - Processing /home/airflow/.local/lib/python3.11/site-packages/airflow/example_dags/example_branch_datetime_operator.py took 0.075 seconds
[2024-07-09T13:47:13.629+0000] {processor.py:161} INFO - Started process (PID=876) to work on /home/airflow/.local/lib/python3.11/site-packages/airflow/example_dags/example_branch_datetime_operator.py
[2024-07-09T13:47:13.630+0000] {processor.py:830} INFO - Processing file /home/airflow/.local/lib/python3.11/site-packages/airflow/example_dags/example_branch_datetime_operator.py for tasks to queue
[2024-07-09T13:47:13.631+0000] {logging_mixin.py:188} INFO - [2024-07-09T13:47:13.630+0000] {dagbag.py:540} INFO - Filling up the DagBag from /home/airflow/.local/lib/python3.11/site-packages/airflow/example_dags/example_branch_datetime_operator.py
[2024-07-09T13:47:13.638+0000] {processor.py:840} INFO - DAG(s) 'example_branch_datetime_operator', 'example_branch_datetime_operator_3', 'example_branch_datetime_operator_2' retrieved from /home/airflow/.local/lib/python3.11/site-packages/airflow/example_dags/example_branch_datetime_operator.py
[2024-07-09T13:47:13.664+0000] {logging_mixin.py:188} INFO - [2024-07-09T13:47:13.664+0000] {dag.py:3047} INFO - Sync 3 DAGs
[2024-07-09T13:47:13.684+0000] {logging_mixin.py:188} INFO - [2024-07-09T13:47:13.684+0000] {dag.py:3834} INFO - Setting next_dagrun for example_branch_datetime_operator to 2024-07-08 00:00:00+00:00, run_after=2024-07-09 00:00:00+00:00
[2024-07-09T13:47:13.688+0000] {logging_mixin.py:188} INFO - [2024-07-09T13:47:13.688+0000] {dag.py:3834} INFO - Setting next_dagrun for example_branch_datetime_operator_2 to 2024-07-08 00:00:00+00:00, run_after=2024-07-09 00:00:00+00:00
[2024-07-09T13:47:13.690+0000] {logging_mixin.py:188} INFO - [2024-07-09T13:47:13.690+0000] {dag.py:3834} INFO - Setting next_dagrun for example_branch_datetime_operator_3 to 2024-07-08 00:00:00+00:00, run_after=2024-07-09 00:00:00+00:00
[2024-07-09T13:47:13.705+0000] {processor.py:183} INFO - Processing /home/airflow/.local/lib/python3.11/site-packages/airflow/example_dags/example_branch_datetime_operator.py took 0.079 seconds
[2024-07-09T13:47:44.614+0000] {processor.py:161} INFO - Started process (PID=1146) to work on /home/airflow/.local/lib/python3.11/site-packages/airflow/example_dags/example_branch_datetime_operator.py
[2024-07-09T13:47:44.615+0000] {processor.py:830} INFO - Processing file /home/airflow/.local/lib/python3.11/site-packages/airflow/example_dags/example_branch_datetime_operator.py for tasks to queue
[2024-07-09T13:47:44.615+0000] {logging_mixin.py:188} INFO - [2024-07-09T13:47:44.615+0000] {dagbag.py:540} INFO - Filling up the DagBag from /home/airflow/.local/lib/python3.11/site-packages/airflow/example_dags/example_branch_datetime_operator.py
[2024-07-09T13:47:44.623+0000] {processor.py:840} INFO - DAG(s) 'example_branch_datetime_operator_2', 'example_branch_datetime_operator_3', 'example_branch_datetime_operator' retrieved from /home/airflow/.local/lib/python3.11/site-packages/airflow/example_dags/example_branch_datetime_operator.py
[2024-07-09T13:47:44.770+0000] {logging_mixin.py:188} INFO - [2024-07-09T13:47:44.770+0000] {dag.py:3047} INFO - Sync 3 DAGs
[2024-07-09T13:47:44.789+0000] {logging_mixin.py:188} INFO - [2024-07-09T13:47:44.789+0000] {dag.py:3834} INFO - Setting next_dagrun for example_branch_datetime_operator to 2024-07-08 00:00:00+00:00, run_after=2024-07-09 00:00:00+00:00
[2024-07-09T13:47:44.792+0000] {logging_mixin.py:188} INFO - [2024-07-09T13:47:44.792+0000] {dag.py:3834} INFO - Setting next_dagrun for example_branch_datetime_operator_2 to 2024-07-08 00:00:00+00:00, run_after=2024-07-09 00:00:00+00:00
[2024-07-09T13:47:44.794+0000] {logging_mixin.py:188} INFO - [2024-07-09T13:47:44.794+0000] {dag.py:3834} INFO - Setting next_dagrun for example_branch_datetime_operator_3 to 2024-07-08 00:00:00+00:00, run_after=2024-07-09 00:00:00+00:00
[2024-07-09T13:47:44.807+0000] {processor.py:183} INFO - Processing /home/airflow/.local/lib/python3.11/site-packages/airflow/example_dags/example_branch_datetime_operator.py took 0.195 seconds
[2024-07-09T13:48:15.219+0000] {processor.py:161} INFO - Started process (PID=1416) to work on /home/airflow/.local/lib/python3.11/site-packages/airflow/example_dags/example_branch_datetime_operator.py
[2024-07-09T13:48:15.220+0000] {processor.py:830} INFO - Processing file /home/airflow/.local/lib/python3.11/site-packages/airflow/example_dags/example_branch_datetime_operator.py for tasks to queue
[2024-07-09T13:48:15.221+0000] {logging_mixin.py:188} INFO - [2024-07-09T13:48:15.220+0000] {dagbag.py:540} INFO - Filling up the DagBag from /home/airflow/.local/lib/python3.11/site-packages/airflow/example_dags/example_branch_datetime_operator.py
[2024-07-09T13:48:15.228+0000] {processor.py:840} INFO - DAG(s) 'example_branch_datetime_operator', 'example_branch_datetime_operator_3', 'example_branch_datetime_operator_2' retrieved from /home/airflow/.local/lib/python3.11/site-packages/airflow/example_dags/example_branch_datetime_operator.py
[2024-07-09T13:48:15.255+0000] {logging_mixin.py:188} INFO - [2024-07-09T13:48:15.255+0000] {dag.py:3047} INFO - Sync 3 DAGs
[2024-07-09T13:48:15.275+0000] {logging_mixin.py:188} INFO - [2024-07-09T13:48:15.274+0000] {dag.py:3834} INFO - Setting next_dagrun for example_branch_datetime_operator to 2024-07-08 00:00:00+00:00, run_after=2024-07-09 00:00:00+00:00
[2024-07-09T13:48:15.279+0000] {logging_mixin.py:188} INFO - [2024-07-09T13:48:15.279+0000] {dag.py:3834} INFO - Setting next_dagrun for example_branch_datetime_operator_2 to 2024-07-08 00:00:00+00:00, run_after=2024-07-09 00:00:00+00:00
[2024-07-09T13:48:15.282+0000] {logging_mixin.py:188} INFO - [2024-07-09T13:48:15.281+0000] {dag.py:3834} INFO - Setting next_dagrun for example_branch_datetime_operator_3 to 2024-07-08 00:00:00+00:00, run_after=2024-07-09 00:00:00+00:00
[2024-07-09T13:48:15.299+0000] {processor.py:183} INFO - Processing /home/airflow/.local/lib/python3.11/site-packages/airflow/example_dags/example_branch_datetime_operator.py took 0.083 seconds
[2024-07-09T13:48:45.637+0000] {processor.py:161} INFO - Started process (PID=1686) to work on /home/airflow/.local/lib/python3.11/site-packages/airflow/example_dags/example_branch_datetime_operator.py
[2024-07-09T13:48:45.638+0000] {processor.py:830} INFO - Processing file /home/airflow/.local/lib/python3.11/site-packages/airflow/example_dags/example_branch_datetime_operator.py for tasks to queue
[2024-07-09T13:48:45.639+0000] {logging_mixin.py:188} INFO - [2024-07-09T13:48:45.639+0000] {dagbag.py:540} INFO - Filling up the DagBag from /home/airflow/.local/lib/python3.11/site-packages/airflow/example_dags/example_branch_datetime_operator.py
[2024-07-09T13:48:45.647+0000] {processor.py:840} INFO - DAG(s) 'example_branch_datetime_operator_2', 'example_branch_datetime_operator', 'example_branch_datetime_operator_3' retrieved from /home/airflow/.local/lib/python3.11/site-packages/airflow/example_dags/example_branch_datetime_operator.py
[2024-07-09T13:48:45.673+0000] {logging_mixin.py:188} INFO - [2024-07-09T13:48:45.672+0000] {dag.py:3047} INFO - Sync 3 DAGs
[2024-07-09T13:48:45.691+0000] {logging_mixin.py:188} INFO - [2024-07-09T13:48:45.691+0000] {dag.py:3834} INFO - Setting next_dagrun for example_branch_datetime_operator to 2024-07-08 00:00:00+00:00, run_after=2024-07-09 00:00:00+00:00
[2024-07-09T13:48:45.694+0000] {logging_mixin.py:188} INFO - [2024-07-09T13:48:45.694+0000] {dag.py:3834} INFO - Setting next_dagrun for example_branch_datetime_operator_2 to 2024-07-08 00:00:00+00:00, run_after=2024-07-09 00:00:00+00:00
[2024-07-09T13:48:45.696+0000] {logging_mixin.py:188} INFO - [2024-07-09T13:48:45.696+0000] {dag.py:3834} INFO - Setting next_dagrun for example_branch_datetime_operator_3 to 2024-07-08 00:00:00+00:00, run_after=2024-07-09 00:00:00+00:00
[2024-07-09T13:48:45.714+0000] {processor.py:183} INFO - Processing /home/airflow/.local/lib/python3.11/site-packages/airflow/example_dags/example_branch_datetime_operator.py took 0.079 seconds
[2024-07-09T13:49:16.166+0000] {processor.py:161} INFO - Started process (PID=1956) to work on /home/airflow/.local/lib/python3.11/site-packages/airflow/example_dags/example_branch_datetime_operator.py
[2024-07-09T13:49:16.167+0000] {processor.py:830} INFO - Processing file /home/airflow/.local/lib/python3.11/site-packages/airflow/example_dags/example_branch_datetime_operator.py for tasks to queue
[2024-07-09T13:49:16.168+0000] {logging_mixin.py:188} INFO - [2024-07-09T13:49:16.168+0000] {dagbag.py:540} INFO - Filling up the DagBag from /home/airflow/.local/lib/python3.11/site-packages/airflow/example_dags/example_branch_datetime_operator.py
[2024-07-09T13:49:16.176+0000] {processor.py:840} INFO - DAG(s) 'example_branch_datetime_operator_3', 'example_branch_datetime_operator', 'example_branch_datetime_operator_2' retrieved from /home/airflow/.local/lib/python3.11/site-packages/airflow/example_dags/example_branch_datetime_operator.py
[2024-07-09T13:49:16.203+0000] {logging_mixin.py:188} INFO - [2024-07-09T13:49:16.202+0000] {dag.py:3047} INFO - Sync 3 DAGs
[2024-07-09T13:49:16.221+0000] {logging_mixin.py:188} INFO - [2024-07-09T13:49:16.221+0000] {dag.py:3834} INFO - Setting next_dagrun for example_branch_datetime_operator to 2024-07-08 00:00:00+00:00, run_after=2024-07-09 00:00:00+00:00
[2024-07-09T13:49:16.224+0000] {logging_mixin.py:188} INFO - [2024-07-09T13:49:16.224+0000] {dag.py:3834} INFO - Setting next_dagrun for example_branch_datetime_operator_2 to 2024-07-08 00:00:00+00:00, run_after=2024-07-09 00:00:00+00:00
[2024-07-09T13:49:16.226+0000] {logging_mixin.py:188} INFO - [2024-07-09T13:49:16.226+0000] {dag.py:3834} INFO - Setting next_dagrun for example_branch_datetime_operator_3 to 2024-07-08 00:00:00+00:00, run_after=2024-07-09 00:00:00+00:00
[2024-07-09T13:49:16.241+0000] {processor.py:183} INFO - Processing /home/airflow/.local/lib/python3.11/site-packages/airflow/example_dags/example_branch_datetime_operator.py took 0.077 seconds
[2024-07-09T13:49:47.167+0000] {processor.py:161} INFO - Started process (PID=2224) to work on /home/airflow/.local/lib/python3.11/site-packages/airflow/example_dags/example_branch_datetime_operator.py
[2024-07-09T13:49:47.168+0000] {processor.py:830} INFO - Processing file /home/airflow/.local/lib/python3.11/site-packages/airflow/example_dags/example_branch_datetime_operator.py for tasks to queue
[2024-07-09T13:49:47.169+0000] {logging_mixin.py:188} INFO - [2024-07-09T13:49:47.169+0000] {dagbag.py:540} INFO - Filling up the DagBag from /home/airflow/.local/lib/python3.11/site-packages/airflow/example_dags/example_branch_datetime_operator.py
[2024-07-09T13:49:47.181+0000] {processor.py:840} INFO - DAG(s) 'example_branch_datetime_operator_3', 'example_branch_datetime_operator_2', 'example_branch_datetime_operator' retrieved from /home/airflow/.local/lib/python3.11/site-packages/airflow/example_dags/example_branch_datetime_operator.py
[2024-07-09T13:49:47.217+0000] {logging_mixin.py:188} INFO - [2024-07-09T13:49:47.217+0000] {dag.py:3047} INFO - Sync 3 DAGs
[2024-07-09T13:49:47.240+0000] {logging_mixin.py:188} INFO - [2024-07-09T13:49:47.240+0000] {dag.py:3834} INFO - Setting next_dagrun for example_branch_datetime_operator to 2024-07-08 00:00:00+00:00, run_after=2024-07-09 00:00:00+00:00
[2024-07-09T13:49:47.245+0000] {logging_mixin.py:188} INFO - [2024-07-09T13:49:47.244+0000] {dag.py:3834} INFO - Setting next_dagrun for example_branch_datetime_operator_2 to 2024-07-08 00:00:00+00:00, run_after=2024-07-09 00:00:00+00:00
[2024-07-09T13:49:47.247+0000] {logging_mixin.py:188} INFO - [2024-07-09T13:49:47.247+0000] {dag.py:3834} INFO - Setting next_dagrun for example_branch_datetime_operator_3 to 2024-07-08 00:00:00+00:00, run_after=2024-07-09 00:00:00+00:00
[2024-07-09T13:49:47.264+0000] {processor.py:183} INFO - Processing /home/airflow/.local/lib/python3.11/site-packages/airflow/example_dags/example_branch_datetime_operator.py took 0.101 seconds
[2024-07-09T13:50:17.689+0000] {processor.py:161} INFO - Started process (PID=2496) to work on /home/airflow/.local/lib/python3.11/site-packages/airflow/example_dags/example_branch_datetime_operator.py
[2024-07-09T13:50:17.690+0000] {processor.py:830} INFO - Processing file /home/airflow/.local/lib/python3.11/site-packages/airflow/example_dags/example_branch_datetime_operator.py for tasks to queue
[2024-07-09T13:50:17.691+0000] {logging_mixin.py:188} INFO - [2024-07-09T13:50:17.691+0000] {dagbag.py:540} INFO - Filling up the DagBag from /home/airflow/.local/lib/python3.11/site-packages/airflow/example_dags/example_branch_datetime_operator.py
[2024-07-09T13:50:17.699+0000] {processor.py:840} INFO - DAG(s) 'example_branch_datetime_operator_2', 'example_branch_datetime_operator_3', 'example_branch_datetime_operator' retrieved from /home/airflow/.local/lib/python3.11/site-packages/airflow/example_dags/example_branch_datetime_operator.py
[2024-07-09T13:50:17.726+0000] {logging_mixin.py:188} INFO - [2024-07-09T13:50:17.726+0000] {dag.py:3047} INFO - Sync 3 DAGs
[2024-07-09T13:50:17.745+0000] {logging_mixin.py:188} INFO - [2024-07-09T13:50:17.745+0000] {dag.py:3834} INFO - Setting next_dagrun for example_branch_datetime_operator to 2024-07-08 00:00:00+00:00, run_after=2024-07-09 00:00:00+00:00
[2024-07-09T13:50:17.749+0000] {logging_mixin.py:188} INFO - [2024-07-09T13:50:17.749+0000] {dag.py:3834} INFO - Setting next_dagrun for example_branch_datetime_operator_2 to 2024-07-08 00:00:00+00:00, run_after=2024-07-09 00:00:00+00:00
[2024-07-09T13:50:17.751+0000] {logging_mixin.py:188} INFO - [2024-07-09T13:50:17.751+0000] {dag.py:3834} INFO - Setting next_dagrun for example_branch_datetime_operator_3 to 2024-07-08 00:00:00+00:00, run_after=2024-07-09 00:00:00+00:00
[2024-07-09T13:50:17.765+0000] {processor.py:183} INFO - Processing /home/airflow/.local/lib/python3.11/site-packages/airflow/example_dags/example_branch_datetime_operator.py took 0.078 seconds
[2024-07-09T13:50:48.110+0000] {processor.py:161} INFO - Started process (PID=2766) to work on /home/airflow/.local/lib/python3.11/site-packages/airflow/example_dags/example_branch_datetime_operator.py
[2024-07-09T13:50:48.111+0000] {processor.py:830} INFO - Processing file /home/airflow/.local/lib/python3.11/site-packages/airflow/example_dags/example_branch_datetime_operator.py for tasks to queue
[2024-07-09T13:50:48.111+0000] {logging_mixin.py:188} INFO - [2024-07-09T13:50:48.111+0000] {dagbag.py:540} INFO - Filling up the DagBag from /home/airflow/.local/lib/python3.11/site-packages/airflow/example_dags/example_branch_datetime_operator.py
[2024-07-09T13:50:48.119+0000] {processor.py:840} INFO - DAG(s) 'example_branch_datetime_operator_2', 'example_branch_datetime_operator', 'example_branch_datetime_operator_3' retrieved from /home/airflow/.local/lib/python3.11/site-packages/airflow/example_dags/example_branch_datetime_operator.py
[2024-07-09T13:50:48.145+0000] {logging_mixin.py:188} INFO - [2024-07-09T13:50:48.145+0000] {dag.py:3047} INFO - Sync 3 DAGs
[2024-07-09T13:50:48.164+0000] {logging_mixin.py:188} INFO - [2024-07-09T13:50:48.164+0000] {dag.py:3834} INFO - Setting next_dagrun for example_branch_datetime_operator to 2024-07-08 00:00:00+00:00, run_after=2024-07-09 00:00:00+00:00
[2024-07-09T13:50:48.168+0000] {logging_mixin.py:188} INFO - [2024-07-09T13:50:48.168+0000] {dag.py:3834} INFO - Setting next_dagrun for example_branch_datetime_operator_2 to 2024-07-08 00:00:00+00:00, run_after=2024-07-09 00:00:00+00:00
[2024-07-09T13:50:48.170+0000] {logging_mixin.py:188} INFO - [2024-07-09T13:50:48.170+0000] {dag.py:3834} INFO - Setting next_dagrun for example_branch_datetime_operator_3 to 2024-07-08 00:00:00+00:00, run_after=2024-07-09 00:00:00+00:00
[2024-07-09T13:50:48.185+0000] {processor.py:183} INFO - Processing /home/airflow/.local/lib/python3.11/site-packages/airflow/example_dags/example_branch_datetime_operator.py took 0.078 seconds
[2024-07-09T13:51:18.452+0000] {processor.py:161} INFO - Started process (PID=3036) to work on /home/airflow/.local/lib/python3.11/site-packages/airflow/example_dags/example_branch_datetime_operator.py
[2024-07-09T13:51:18.453+0000] {processor.py:830} INFO - Processing file /home/airflow/.local/lib/python3.11/site-packages/airflow/example_dags/example_branch_datetime_operator.py for tasks to queue
[2024-07-09T13:51:18.453+0000] {logging_mixin.py:188} INFO - [2024-07-09T13:51:18.453+0000] {dagbag.py:540} INFO - Filling up the DagBag from /home/airflow/.local/lib/python3.11/site-packages/airflow/example_dags/example_branch_datetime_operator.py
[2024-07-09T13:51:18.461+0000] {processor.py:840} INFO - DAG(s) 'example_branch_datetime_operator_2', 'example_branch_datetime_operator', 'example_branch_datetime_operator_3' retrieved from /home/airflow/.local/lib/python3.11/site-packages/airflow/example_dags/example_branch_datetime_operator.py
[2024-07-09T13:51:18.488+0000] {logging_mixin.py:188} INFO - [2024-07-09T13:51:18.487+0000] {dag.py:3047} INFO - Sync 3 DAGs
[2024-07-09T13:51:18.506+0000] {logging_mixin.py:188} INFO - [2024-07-09T13:51:18.506+0000] {dag.py:3834} INFO - Setting next_dagrun for example_branch_datetime_operator to 2024-07-08 00:00:00+00:00, run_after=2024-07-09 00:00:00+00:00
[2024-07-09T13:51:18.510+0000] {logging_mixin.py:188} INFO - [2024-07-09T13:51:18.510+0000] {dag.py:3834} INFO - Setting next_dagrun for example_branch_datetime_operator_2 to 2024-07-08 00:00:00+00:00, run_after=2024-07-09 00:00:00+00:00
[2024-07-09T13:51:18.512+0000] {logging_mixin.py:188} INFO - [2024-07-09T13:51:18.512+0000] {dag.py:3834} INFO - Setting next_dagrun for example_branch_datetime_operator_3 to 2024-07-08 00:00:00+00:00, run_after=2024-07-09 00:00:00+00:00
[2024-07-09T13:51:18.528+0000] {processor.py:183} INFO - Processing /home/airflow/.local/lib/python3.11/site-packages/airflow/example_dags/example_branch_datetime_operator.py took 0.079 seconds
