[2024-07-09T13:18:46.772+0000] {processor.py:161} INFO - Started process (PID=173) to work on /home/airflow/.local/lib/python3.11/site-packages/airflow/example_dags/example_xcomargs.py
[2024-07-09T13:18:46.772+0000] {processor.py:830} INFO - Processing file /home/airflow/.local/lib/python3.11/site-packages/airflow/example_dags/example_xcomargs.py for tasks to queue
[2024-07-09T13:18:46.773+0000] {logging_mixin.py:188} INFO - [2024-07-09T13:18:46.773+0000] {dagbag.py:540} INFO - Filling up the DagBag from /home/airflow/.local/lib/python3.11/site-packages/airflow/example_dags/example_xcomargs.py
[2024-07-09T13:18:46.784+0000] {processor.py:840} INFO - DAG(s) 'example_xcom_args_with_operators', 'example_xcom_args' retrieved from /home/airflow/.local/lib/python3.11/site-packages/airflow/example_dags/example_xcomargs.py
[2024-07-09T13:18:46.913+0000] {logging_mixin.py:188} INFO - [2024-07-09T13:18:46.913+0000] {override.py:1769} INFO - Created Permission View: can delete on DAG:example_xcom_args_with_operators
[2024-07-09T13:18:46.924+0000] {logging_mixin.py:188} INFO - [2024-07-09T13:18:46.923+0000] {override.py:1769} INFO - Created Permission View: can read on DAG:example_xcom_args_with_operators
[2024-07-09T13:18:46.932+0000] {logging_mixin.py:188} INFO - [2024-07-09T13:18:46.932+0000] {override.py:1769} INFO - Created Permission View: can edit on DAG:example_xcom_args_with_operators
[2024-07-09T13:18:46.946+0000] {logging_mixin.py:188} INFO - [2024-07-09T13:18:46.946+0000] {override.py:1769} INFO - Created Permission View: can delete on DAG:example_xcom_args
[2024-07-09T13:18:46.952+0000] {logging_mixin.py:188} INFO - [2024-07-09T13:18:46.952+0000] {override.py:1769} INFO - Created Permission View: can read on DAG:example_xcom_args
[2024-07-09T13:18:46.958+0000] {logging_mixin.py:188} INFO - [2024-07-09T13:18:46.958+0000] {override.py:1769} INFO - Created Permission View: can edit on DAG:example_xcom_args
[2024-07-09T13:18:46.958+0000] {logging_mixin.py:188} INFO - [2024-07-09T13:18:46.958+0000] {dag.py:3047} INFO - Sync 2 DAGs
[2024-07-09T13:18:46.970+0000] {logging_mixin.py:188} INFO - [2024-07-09T13:18:46.970+0000] {dag.py:3069} INFO - Creating ORM DAG for example_xcom_args_with_operators
[2024-07-09T13:18:46.971+0000] {logging_mixin.py:188} INFO - [2024-07-09T13:18:46.970+0000] {dag.py:3069} INFO - Creating ORM DAG for example_xcom_args
[2024-07-09T13:18:46.971+0000] {logging_mixin.py:188} INFO - [2024-07-09T13:18:46.971+0000] {dag.py:3834} INFO - Setting next_dagrun for example_xcom_args to None, run_after=None
[2024-07-09T13:18:46.971+0000] {logging_mixin.py:188} INFO - [2024-07-09T13:18:46.971+0000] {dag.py:3834} INFO - Setting next_dagrun for example_xcom_args_with_operators to None, run_after=None
[2024-07-09T13:18:46.989+0000] {processor.py:183} INFO - Processing /home/airflow/.local/lib/python3.11/site-packages/airflow/example_dags/example_xcomargs.py took 0.221 seconds
[2024-07-09T13:19:17.865+0000] {processor.py:161} INFO - Started process (PID=441) to work on /home/airflow/.local/lib/python3.11/site-packages/airflow/example_dags/example_xcomargs.py
[2024-07-09T13:19:17.866+0000] {processor.py:830} INFO - Processing file /home/airflow/.local/lib/python3.11/site-packages/airflow/example_dags/example_xcomargs.py for tasks to queue
[2024-07-09T13:19:17.866+0000] {logging_mixin.py:188} INFO - [2024-07-09T13:19:17.866+0000] {dagbag.py:540} INFO - Filling up the DagBag from /home/airflow/.local/lib/python3.11/site-packages/airflow/example_dags/example_xcomargs.py
[2024-07-09T13:19:17.873+0000] {processor.py:840} INFO - DAG(s) 'example_xcom_args', 'example_xcom_args_with_operators' retrieved from /home/airflow/.local/lib/python3.11/site-packages/airflow/example_dags/example_xcomargs.py
[2024-07-09T13:19:17.896+0000] {logging_mixin.py:188} INFO - [2024-07-09T13:19:17.895+0000] {dag.py:3047} INFO - Sync 2 DAGs
[2024-07-09T13:19:17.906+0000] {logging_mixin.py:188} INFO - [2024-07-09T13:19:17.906+0000] {dag.py:3834} INFO - Setting next_dagrun for example_xcom_args to None, run_after=None
[2024-07-09T13:19:17.909+0000] {logging_mixin.py:188} INFO - [2024-07-09T13:19:17.909+0000] {dag.py:3834} INFO - Setting next_dagrun for example_xcom_args_with_operators to None, run_after=None
[2024-07-09T13:19:17.924+0000] {processor.py:183} INFO - Processing /home/airflow/.local/lib/python3.11/site-packages/airflow/example_dags/example_xcomargs.py took 0.062 seconds
[2024-07-09T13:19:48.760+0000] {processor.py:161} INFO - Started process (PID=711) to work on /home/airflow/.local/lib/python3.11/site-packages/airflow/example_dags/example_xcomargs.py
[2024-07-09T13:19:48.761+0000] {processor.py:830} INFO - Processing file /home/airflow/.local/lib/python3.11/site-packages/airflow/example_dags/example_xcomargs.py for tasks to queue
[2024-07-09T13:19:48.762+0000] {logging_mixin.py:188} INFO - [2024-07-09T13:19:48.762+0000] {dagbag.py:540} INFO - Filling up the DagBag from /home/airflow/.local/lib/python3.11/site-packages/airflow/example_dags/example_xcomargs.py
[2024-07-09T13:19:48.768+0000] {processor.py:840} INFO - DAG(s) 'example_xcom_args_with_operators', 'example_xcom_args' retrieved from /home/airflow/.local/lib/python3.11/site-packages/airflow/example_dags/example_xcomargs.py
[2024-07-09T13:19:48.791+0000] {logging_mixin.py:188} INFO - [2024-07-09T13:19:48.791+0000] {dag.py:3047} INFO - Sync 2 DAGs
[2024-07-09T13:19:48.801+0000] {logging_mixin.py:188} INFO - [2024-07-09T13:19:48.801+0000] {dag.py:3834} INFO - Setting next_dagrun for example_xcom_args to None, run_after=None
[2024-07-09T13:19:48.804+0000] {logging_mixin.py:188} INFO - [2024-07-09T13:19:48.804+0000] {dag.py:3834} INFO - Setting next_dagrun for example_xcom_args_with_operators to None, run_after=None
[2024-07-09T13:19:48.817+0000] {processor.py:183} INFO - Processing /home/airflow/.local/lib/python3.11/site-packages/airflow/example_dags/example_xcomargs.py took 0.059 seconds
[2024-07-09T13:20:19.808+0000] {processor.py:161} INFO - Started process (PID=982) to work on /home/airflow/.local/lib/python3.11/site-packages/airflow/example_dags/example_xcomargs.py
[2024-07-09T13:20:19.810+0000] {processor.py:830} INFO - Processing file /home/airflow/.local/lib/python3.11/site-packages/airflow/example_dags/example_xcomargs.py for tasks to queue
[2024-07-09T13:20:19.810+0000] {logging_mixin.py:188} INFO - [2024-07-09T13:20:19.810+0000] {dagbag.py:540} INFO - Filling up the DagBag from /home/airflow/.local/lib/python3.11/site-packages/airflow/example_dags/example_xcomargs.py
[2024-07-09T13:20:19.817+0000] {processor.py:840} INFO - DAG(s) 'example_xcom_args', 'example_xcom_args_with_operators' retrieved from /home/airflow/.local/lib/python3.11/site-packages/airflow/example_dags/example_xcomargs.py
[2024-07-09T13:20:19.840+0000] {logging_mixin.py:188} INFO - [2024-07-09T13:20:19.839+0000] {dag.py:3047} INFO - Sync 2 DAGs
[2024-07-09T13:20:19.850+0000] {logging_mixin.py:188} INFO - [2024-07-09T13:20:19.849+0000] {dag.py:3834} INFO - Setting next_dagrun for example_xcom_args to None, run_after=None
[2024-07-09T13:20:19.852+0000] {logging_mixin.py:188} INFO - [2024-07-09T13:20:19.852+0000] {dag.py:3834} INFO - Setting next_dagrun for example_xcom_args_with_operators to None, run_after=None
[2024-07-09T13:20:19.870+0000] {processor.py:183} INFO - Processing /home/airflow/.local/lib/python3.11/site-packages/airflow/example_dags/example_xcomargs.py took 0.064 seconds
[2024-07-09T13:20:49.923+0000] {processor.py:161} INFO - Started process (PID=1246) to work on /home/airflow/.local/lib/python3.11/site-packages/airflow/example_dags/example_xcomargs.py
[2024-07-09T13:20:49.924+0000] {processor.py:830} INFO - Processing file /home/airflow/.local/lib/python3.11/site-packages/airflow/example_dags/example_xcomargs.py for tasks to queue
[2024-07-09T13:20:49.925+0000] {logging_mixin.py:188} INFO - [2024-07-09T13:20:49.925+0000] {dagbag.py:540} INFO - Filling up the DagBag from /home/airflow/.local/lib/python3.11/site-packages/airflow/example_dags/example_xcomargs.py
[2024-07-09T13:20:49.932+0000] {processor.py:840} INFO - DAG(s) 'example_xcom_args', 'example_xcom_args_with_operators' retrieved from /home/airflow/.local/lib/python3.11/site-packages/airflow/example_dags/example_xcomargs.py
[2024-07-09T13:20:49.954+0000] {logging_mixin.py:188} INFO - [2024-07-09T13:20:49.954+0000] {dag.py:3047} INFO - Sync 2 DAGs
[2024-07-09T13:20:49.964+0000] {logging_mixin.py:188} INFO - [2024-07-09T13:20:49.964+0000] {dag.py:3834} INFO - Setting next_dagrun for example_xcom_args to None, run_after=None
[2024-07-09T13:20:49.967+0000] {logging_mixin.py:188} INFO - [2024-07-09T13:20:49.967+0000] {dag.py:3834} INFO - Setting next_dagrun for example_xcom_args_with_operators to None, run_after=None
[2024-07-09T13:20:49.980+0000] {processor.py:183} INFO - Processing /home/airflow/.local/lib/python3.11/site-packages/airflow/example_dags/example_xcomargs.py took 0.060 seconds
[2024-07-09T13:21:20.075+0000] {processor.py:161} INFO - Started process (PID=1518) to work on /home/airflow/.local/lib/python3.11/site-packages/airflow/example_dags/example_xcomargs.py
[2024-07-09T13:21:20.077+0000] {processor.py:830} INFO - Processing file /home/airflow/.local/lib/python3.11/site-packages/airflow/example_dags/example_xcomargs.py for tasks to queue
[2024-07-09T13:21:20.078+0000] {logging_mixin.py:188} INFO - [2024-07-09T13:21:20.078+0000] {dagbag.py:540} INFO - Filling up the DagBag from /home/airflow/.local/lib/python3.11/site-packages/airflow/example_dags/example_xcomargs.py
[2024-07-09T13:21:20.089+0000] {processor.py:840} INFO - DAG(s) 'example_xcom_args_with_operators', 'example_xcom_args' retrieved from /home/airflow/.local/lib/python3.11/site-packages/airflow/example_dags/example_xcomargs.py
[2024-07-09T13:21:20.128+0000] {logging_mixin.py:188} INFO - [2024-07-09T13:21:20.127+0000] {dag.py:3047} INFO - Sync 2 DAGs
[2024-07-09T13:21:20.142+0000] {logging_mixin.py:188} INFO - [2024-07-09T13:21:20.141+0000] {dag.py:3834} INFO - Setting next_dagrun for example_xcom_args to None, run_after=None
[2024-07-09T13:21:20.145+0000] {logging_mixin.py:188} INFO - [2024-07-09T13:21:20.145+0000] {dag.py:3834} INFO - Setting next_dagrun for example_xcom_args_with_operators to None, run_after=None
[2024-07-09T13:21:20.163+0000] {processor.py:183} INFO - Processing /home/airflow/.local/lib/python3.11/site-packages/airflow/example_dags/example_xcomargs.py took 0.094 seconds
[2024-07-09T13:21:50.622+0000] {processor.py:161} INFO - Started process (PID=1788) to work on /home/airflow/.local/lib/python3.11/site-packages/airflow/example_dags/example_xcomargs.py
[2024-07-09T13:21:50.623+0000] {processor.py:830} INFO - Processing file /home/airflow/.local/lib/python3.11/site-packages/airflow/example_dags/example_xcomargs.py for tasks to queue
[2024-07-09T13:21:50.624+0000] {logging_mixin.py:188} INFO - [2024-07-09T13:21:50.624+0000] {dagbag.py:540} INFO - Filling up the DagBag from /home/airflow/.local/lib/python3.11/site-packages/airflow/example_dags/example_xcomargs.py
[2024-07-09T13:21:50.630+0000] {processor.py:840} INFO - DAG(s) 'example_xcom_args_with_operators', 'example_xcom_args' retrieved from /home/airflow/.local/lib/python3.11/site-packages/airflow/example_dags/example_xcomargs.py
[2024-07-09T13:21:50.652+0000] {logging_mixin.py:188} INFO - [2024-07-09T13:21:50.652+0000] {dag.py:3047} INFO - Sync 2 DAGs
[2024-07-09T13:21:50.662+0000] {logging_mixin.py:188} INFO - [2024-07-09T13:21:50.662+0000] {dag.py:3834} INFO - Setting next_dagrun for example_xcom_args to None, run_after=None
[2024-07-09T13:21:50.665+0000] {logging_mixin.py:188} INFO - [2024-07-09T13:21:50.665+0000] {dag.py:3834} INFO - Setting next_dagrun for example_xcom_args_with_operators to None, run_after=None
[2024-07-09T13:21:50.678+0000] {processor.py:183} INFO - Processing /home/airflow/.local/lib/python3.11/site-packages/airflow/example_dags/example_xcomargs.py took 0.058 seconds
[2024-07-09T13:22:21.501+0000] {processor.py:161} INFO - Started process (PID=2058) to work on /home/airflow/.local/lib/python3.11/site-packages/airflow/example_dags/example_xcomargs.py
[2024-07-09T13:22:21.502+0000] {processor.py:830} INFO - Processing file /home/airflow/.local/lib/python3.11/site-packages/airflow/example_dags/example_xcomargs.py for tasks to queue
[2024-07-09T13:22:21.503+0000] {logging_mixin.py:188} INFO - [2024-07-09T13:22:21.503+0000] {dagbag.py:540} INFO - Filling up the DagBag from /home/airflow/.local/lib/python3.11/site-packages/airflow/example_dags/example_xcomargs.py
[2024-07-09T13:22:21.510+0000] {processor.py:840} INFO - DAG(s) 'example_xcom_args', 'example_xcom_args_with_operators' retrieved from /home/airflow/.local/lib/python3.11/site-packages/airflow/example_dags/example_xcomargs.py
[2024-07-09T13:22:21.535+0000] {logging_mixin.py:188} INFO - [2024-07-09T13:22:21.535+0000] {dag.py:3047} INFO - Sync 2 DAGs
[2024-07-09T13:22:21.547+0000] {logging_mixin.py:188} INFO - [2024-07-09T13:22:21.546+0000] {dag.py:3834} INFO - Setting next_dagrun for example_xcom_args to None, run_after=None
[2024-07-09T13:22:21.550+0000] {logging_mixin.py:188} INFO - [2024-07-09T13:22:21.550+0000] {dag.py:3834} INFO - Setting next_dagrun for example_xcom_args_with_operators to None, run_after=None
[2024-07-09T13:22:21.566+0000] {processor.py:183} INFO - Processing /home/airflow/.local/lib/python3.11/site-packages/airflow/example_dags/example_xcomargs.py took 0.068 seconds
[2024-07-09T13:22:52.190+0000] {processor.py:161} INFO - Started process (PID=2328) to work on /home/airflow/.local/lib/python3.11/site-packages/airflow/example_dags/example_xcomargs.py
[2024-07-09T13:22:52.191+0000] {processor.py:830} INFO - Processing file /home/airflow/.local/lib/python3.11/site-packages/airflow/example_dags/example_xcomargs.py for tasks to queue
[2024-07-09T13:22:52.191+0000] {logging_mixin.py:188} INFO - [2024-07-09T13:22:52.191+0000] {dagbag.py:540} INFO - Filling up the DagBag from /home/airflow/.local/lib/python3.11/site-packages/airflow/example_dags/example_xcomargs.py
[2024-07-09T13:22:52.198+0000] {processor.py:840} INFO - DAG(s) 'example_xcom_args', 'example_xcom_args_with_operators' retrieved from /home/airflow/.local/lib/python3.11/site-packages/airflow/example_dags/example_xcomargs.py
[2024-07-09T13:22:52.220+0000] {logging_mixin.py:188} INFO - [2024-07-09T13:22:52.220+0000] {dag.py:3047} INFO - Sync 2 DAGs
[2024-07-09T13:22:52.230+0000] {logging_mixin.py:188} INFO - [2024-07-09T13:22:52.230+0000] {dag.py:3834} INFO - Setting next_dagrun for example_xcom_args to None, run_after=None
[2024-07-09T13:22:52.233+0000] {logging_mixin.py:188} INFO - [2024-07-09T13:22:52.233+0000] {dag.py:3834} INFO - Setting next_dagrun for example_xcom_args_with_operators to None, run_after=None
[2024-07-09T13:22:52.248+0000] {processor.py:183} INFO - Processing /home/airflow/.local/lib/python3.11/site-packages/airflow/example_dags/example_xcomargs.py took 0.061 seconds
[2024-07-09T13:23:22.956+0000] {processor.py:161} INFO - Started process (PID=2598) to work on /home/airflow/.local/lib/python3.11/site-packages/airflow/example_dags/example_xcomargs.py
[2024-07-09T13:23:22.959+0000] {processor.py:830} INFO - Processing file /home/airflow/.local/lib/python3.11/site-packages/airflow/example_dags/example_xcomargs.py for tasks to queue
[2024-07-09T13:23:22.960+0000] {logging_mixin.py:188} INFO - [2024-07-09T13:23:22.959+0000] {dagbag.py:540} INFO - Filling up the DagBag from /home/airflow/.local/lib/python3.11/site-packages/airflow/example_dags/example_xcomargs.py
[2024-07-09T13:23:22.967+0000] {processor.py:840} INFO - DAG(s) 'example_xcom_args_with_operators', 'example_xcom_args' retrieved from /home/airflow/.local/lib/python3.11/site-packages/airflow/example_dags/example_xcomargs.py
[2024-07-09T13:23:22.990+0000] {logging_mixin.py:188} INFO - [2024-07-09T13:23:22.989+0000] {dag.py:3047} INFO - Sync 2 DAGs
[2024-07-09T13:23:23.001+0000] {logging_mixin.py:188} INFO - [2024-07-09T13:23:23.001+0000] {dag.py:3834} INFO - Setting next_dagrun for example_xcom_args to None, run_after=None
[2024-07-09T13:23:23.004+0000] {logging_mixin.py:188} INFO - [2024-07-09T13:23:23.004+0000] {dag.py:3834} INFO - Setting next_dagrun for example_xcom_args_with_operators to None, run_after=None
[2024-07-09T13:23:23.018+0000] {processor.py:183} INFO - Processing /home/airflow/.local/lib/python3.11/site-packages/airflow/example_dags/example_xcomargs.py took 0.065 seconds
[2024-07-09T13:23:53.739+0000] {processor.py:161} INFO - Started process (PID=2868) to work on /home/airflow/.local/lib/python3.11/site-packages/airflow/example_dags/example_xcomargs.py
[2024-07-09T13:23:53.740+0000] {processor.py:830} INFO - Processing file /home/airflow/.local/lib/python3.11/site-packages/airflow/example_dags/example_xcomargs.py for tasks to queue
[2024-07-09T13:23:53.740+0000] {logging_mixin.py:188} INFO - [2024-07-09T13:23:53.740+0000] {dagbag.py:540} INFO - Filling up the DagBag from /home/airflow/.local/lib/python3.11/site-packages/airflow/example_dags/example_xcomargs.py
[2024-07-09T13:23:53.747+0000] {processor.py:840} INFO - DAG(s) 'example_xcom_args', 'example_xcom_args_with_operators' retrieved from /home/airflow/.local/lib/python3.11/site-packages/airflow/example_dags/example_xcomargs.py
[2024-07-09T13:23:53.769+0000] {logging_mixin.py:188} INFO - [2024-07-09T13:23:53.769+0000] {dag.py:3047} INFO - Sync 2 DAGs
[2024-07-09T13:23:53.778+0000] {logging_mixin.py:188} INFO - [2024-07-09T13:23:53.778+0000] {dag.py:3834} INFO - Setting next_dagrun for example_xcom_args to None, run_after=None
[2024-07-09T13:23:53.781+0000] {logging_mixin.py:188} INFO - [2024-07-09T13:23:53.781+0000] {dag.py:3834} INFO - Setting next_dagrun for example_xcom_args_with_operators to None, run_after=None
[2024-07-09T13:23:53.794+0000] {processor.py:183} INFO - Processing /home/airflow/.local/lib/python3.11/site-packages/airflow/example_dags/example_xcomargs.py took 0.057 seconds
[2024-07-09T13:24:24.472+0000] {processor.py:161} INFO - Started process (PID=3138) to work on /home/airflow/.local/lib/python3.11/site-packages/airflow/example_dags/example_xcomargs.py
[2024-07-09T13:24:24.473+0000] {processor.py:830} INFO - Processing file /home/airflow/.local/lib/python3.11/site-packages/airflow/example_dags/example_xcomargs.py for tasks to queue
[2024-07-09T13:24:24.473+0000] {logging_mixin.py:188} INFO - [2024-07-09T13:24:24.473+0000] {dagbag.py:540} INFO - Filling up the DagBag from /home/airflow/.local/lib/python3.11/site-packages/airflow/example_dags/example_xcomargs.py
[2024-07-09T13:24:24.480+0000] {processor.py:840} INFO - DAG(s) 'example_xcom_args', 'example_xcom_args_with_operators' retrieved from /home/airflow/.local/lib/python3.11/site-packages/airflow/example_dags/example_xcomargs.py
[2024-07-09T13:24:24.503+0000] {logging_mixin.py:188} INFO - [2024-07-09T13:24:24.503+0000] {dag.py:3047} INFO - Sync 2 DAGs
[2024-07-09T13:24:24.513+0000] {logging_mixin.py:188} INFO - [2024-07-09T13:24:24.513+0000] {dag.py:3834} INFO - Setting next_dagrun for example_xcom_args to None, run_after=None
[2024-07-09T13:24:24.516+0000] {logging_mixin.py:188} INFO - [2024-07-09T13:24:24.515+0000] {dag.py:3834} INFO - Setting next_dagrun for example_xcom_args_with_operators to None, run_after=None
[2024-07-09T13:24:24.530+0000] {processor.py:183} INFO - Processing /home/airflow/.local/lib/python3.11/site-packages/airflow/example_dags/example_xcomargs.py took 0.061 seconds
[2024-07-09T13:24:55.122+0000] {processor.py:161} INFO - Started process (PID=3408) to work on /home/airflow/.local/lib/python3.11/site-packages/airflow/example_dags/example_xcomargs.py
[2024-07-09T13:24:55.123+0000] {processor.py:830} INFO - Processing file /home/airflow/.local/lib/python3.11/site-packages/airflow/example_dags/example_xcomargs.py for tasks to queue
[2024-07-09T13:24:55.124+0000] {logging_mixin.py:188} INFO - [2024-07-09T13:24:55.123+0000] {dagbag.py:540} INFO - Filling up the DagBag from /home/airflow/.local/lib/python3.11/site-packages/airflow/example_dags/example_xcomargs.py
[2024-07-09T13:24:55.130+0000] {processor.py:840} INFO - DAG(s) 'example_xcom_args', 'example_xcom_args_with_operators' retrieved from /home/airflow/.local/lib/python3.11/site-packages/airflow/example_dags/example_xcomargs.py
[2024-07-09T13:24:55.152+0000] {logging_mixin.py:188} INFO - [2024-07-09T13:24:55.152+0000] {dag.py:3047} INFO - Sync 2 DAGs
[2024-07-09T13:24:55.161+0000] {logging_mixin.py:188} INFO - [2024-07-09T13:24:55.161+0000] {dag.py:3834} INFO - Setting next_dagrun for example_xcom_args to None, run_after=None
[2024-07-09T13:24:55.164+0000] {logging_mixin.py:188} INFO - [2024-07-09T13:24:55.164+0000] {dag.py:3834} INFO - Setting next_dagrun for example_xcom_args_with_operators to None, run_after=None
[2024-07-09T13:24:55.178+0000] {processor.py:183} INFO - Processing /home/airflow/.local/lib/python3.11/site-packages/airflow/example_dags/example_xcomargs.py took 0.058 seconds
[2024-07-09T13:26:07.827+0000] {processor.py:161} INFO - Started process (PID=185) to work on /home/airflow/.local/lib/python3.11/site-packages/airflow/example_dags/example_xcomargs.py
[2024-07-09T13:26:07.829+0000] {processor.py:830} INFO - Processing file /home/airflow/.local/lib/python3.11/site-packages/airflow/example_dags/example_xcomargs.py for tasks to queue
[2024-07-09T13:26:07.830+0000] {logging_mixin.py:188} INFO - [2024-07-09T13:26:07.830+0000] {dagbag.py:540} INFO - Filling up the DagBag from /home/airflow/.local/lib/python3.11/site-packages/airflow/example_dags/example_xcomargs.py
[2024-07-09T13:26:07.841+0000] {processor.py:840} INFO - DAG(s) 'example_xcom_args_with_operators', 'example_xcom_args' retrieved from /home/airflow/.local/lib/python3.11/site-packages/airflow/example_dags/example_xcomargs.py
[2024-07-09T13:26:07.939+0000] {logging_mixin.py:188} INFO - [2024-07-09T13:26:07.938+0000] {override.py:1769} INFO - Created Permission View: can delete on DAG:example_xcom_args_with_operators
[2024-07-09T13:26:07.947+0000] {logging_mixin.py:188} INFO - [2024-07-09T13:26:07.947+0000] {override.py:1769} INFO - Created Permission View: can read on DAG:example_xcom_args_with_operators
[2024-07-09T13:26:07.954+0000] {logging_mixin.py:188} INFO - [2024-07-09T13:26:07.953+0000] {override.py:1769} INFO - Created Permission View: can edit on DAG:example_xcom_args_with_operators
[2024-07-09T13:26:07.965+0000] {logging_mixin.py:188} INFO - [2024-07-09T13:26:07.964+0000] {override.py:1769} INFO - Created Permission View: can delete on DAG:example_xcom_args
[2024-07-09T13:26:07.971+0000] {logging_mixin.py:188} INFO - [2024-07-09T13:26:07.970+0000] {override.py:1769} INFO - Created Permission View: can read on DAG:example_xcom_args
[2024-07-09T13:26:07.977+0000] {logging_mixin.py:188} INFO - [2024-07-09T13:26:07.977+0000] {override.py:1769} INFO - Created Permission View: can edit on DAG:example_xcom_args
[2024-07-09T13:26:07.977+0000] {logging_mixin.py:188} INFO - [2024-07-09T13:26:07.977+0000] {dag.py:3047} INFO - Sync 2 DAGs
[2024-07-09T13:26:07.988+0000] {logging_mixin.py:188} INFO - [2024-07-09T13:26:07.987+0000] {dag.py:3069} INFO - Creating ORM DAG for example_xcom_args
[2024-07-09T13:26:07.988+0000] {logging_mixin.py:188} INFO - [2024-07-09T13:26:07.988+0000] {dag.py:3069} INFO - Creating ORM DAG for example_xcom_args_with_operators
[2024-07-09T13:26:07.988+0000] {logging_mixin.py:188} INFO - [2024-07-09T13:26:07.988+0000] {dag.py:3834} INFO - Setting next_dagrun for example_xcom_args to None, run_after=None
[2024-07-09T13:26:07.989+0000] {logging_mixin.py:188} INFO - [2024-07-09T13:26:07.989+0000] {dag.py:3834} INFO - Setting next_dagrun for example_xcom_args_with_operators to None, run_after=None
[2024-07-09T13:26:08.004+0000] {processor.py:183} INFO - Processing /home/airflow/.local/lib/python3.11/site-packages/airflow/example_dags/example_xcomargs.py took 0.181 seconds
[2024-07-09T13:26:38.834+0000] {processor.py:161} INFO - Started process (PID=442) to work on /home/airflow/.local/lib/python3.11/site-packages/airflow/example_dags/example_xcomargs.py
[2024-07-09T13:26:38.835+0000] {processor.py:830} INFO - Processing file /home/airflow/.local/lib/python3.11/site-packages/airflow/example_dags/example_xcomargs.py for tasks to queue
[2024-07-09T13:26:38.836+0000] {logging_mixin.py:188} INFO - [2024-07-09T13:26:38.836+0000] {dagbag.py:540} INFO - Filling up the DagBag from /home/airflow/.local/lib/python3.11/site-packages/airflow/example_dags/example_xcomargs.py
[2024-07-09T13:26:38.846+0000] {processor.py:840} INFO - DAG(s) 'example_xcom_args', 'example_xcom_args_with_operators' retrieved from /home/airflow/.local/lib/python3.11/site-packages/airflow/example_dags/example_xcomargs.py
[2024-07-09T13:26:38.872+0000] {logging_mixin.py:188} INFO - [2024-07-09T13:26:38.872+0000] {dag.py:3047} INFO - Sync 2 DAGs
[2024-07-09T13:26:38.883+0000] {logging_mixin.py:188} INFO - [2024-07-09T13:26:38.882+0000] {dag.py:3834} INFO - Setting next_dagrun for example_xcom_args to None, run_after=None
[2024-07-09T13:26:38.886+0000] {logging_mixin.py:188} INFO - [2024-07-09T13:26:38.886+0000] {dag.py:3834} INFO - Setting next_dagrun for example_xcom_args_with_operators to None, run_after=None
[2024-07-09T13:26:38.902+0000] {processor.py:183} INFO - Processing /home/airflow/.local/lib/python3.11/site-packages/airflow/example_dags/example_xcomargs.py took 0.071 seconds
[2024-07-09T13:27:09.470+0000] {processor.py:161} INFO - Started process (PID=712) to work on /home/airflow/.local/lib/python3.11/site-packages/airflow/example_dags/example_xcomargs.py
[2024-07-09T13:27:09.471+0000] {processor.py:830} INFO - Processing file /home/airflow/.local/lib/python3.11/site-packages/airflow/example_dags/example_xcomargs.py for tasks to queue
[2024-07-09T13:27:09.472+0000] {logging_mixin.py:188} INFO - [2024-07-09T13:27:09.472+0000] {dagbag.py:540} INFO - Filling up the DagBag from /home/airflow/.local/lib/python3.11/site-packages/airflow/example_dags/example_xcomargs.py
[2024-07-09T13:27:09.479+0000] {processor.py:840} INFO - DAG(s) 'example_xcom_args_with_operators', 'example_xcom_args' retrieved from /home/airflow/.local/lib/python3.11/site-packages/airflow/example_dags/example_xcomargs.py
[2024-07-09T13:27:09.501+0000] {logging_mixin.py:188} INFO - [2024-07-09T13:27:09.501+0000] {dag.py:3047} INFO - Sync 2 DAGs
[2024-07-09T13:27:09.511+0000] {logging_mixin.py:188} INFO - [2024-07-09T13:27:09.511+0000] {dag.py:3834} INFO - Setting next_dagrun for example_xcom_args to None, run_after=None
[2024-07-09T13:27:09.514+0000] {logging_mixin.py:188} INFO - [2024-07-09T13:27:09.513+0000] {dag.py:3834} INFO - Setting next_dagrun for example_xcom_args_with_operators to None, run_after=None
[2024-07-09T13:27:09.528+0000] {processor.py:183} INFO - Processing /home/airflow/.local/lib/python3.11/site-packages/airflow/example_dags/example_xcomargs.py took 0.061 seconds
[2024-07-09T13:27:39.855+0000] {processor.py:161} INFO - Started process (PID=977) to work on /home/airflow/.local/lib/python3.11/site-packages/airflow/example_dags/example_xcomargs.py
[2024-07-09T13:27:39.856+0000] {processor.py:830} INFO - Processing file /home/airflow/.local/lib/python3.11/site-packages/airflow/example_dags/example_xcomargs.py for tasks to queue
[2024-07-09T13:27:39.857+0000] {logging_mixin.py:188} INFO - [2024-07-09T13:27:39.857+0000] {dagbag.py:540} INFO - Filling up the DagBag from /home/airflow/.local/lib/python3.11/site-packages/airflow/example_dags/example_xcomargs.py
[2024-07-09T13:27:39.868+0000] {processor.py:840} INFO - DAG(s) 'example_xcom_args_with_operators', 'example_xcom_args' retrieved from /home/airflow/.local/lib/python3.11/site-packages/airflow/example_dags/example_xcomargs.py
[2024-07-09T13:27:39.899+0000] {logging_mixin.py:188} INFO - [2024-07-09T13:27:39.899+0000] {dag.py:3047} INFO - Sync 2 DAGs
[2024-07-09T13:27:39.913+0000] {logging_mixin.py:188} INFO - [2024-07-09T13:27:39.913+0000] {dag.py:3834} INFO - Setting next_dagrun for example_xcom_args to None, run_after=None
[2024-07-09T13:27:39.918+0000] {logging_mixin.py:188} INFO - [2024-07-09T13:27:39.917+0000] {dag.py:3834} INFO - Setting next_dagrun for example_xcom_args_with_operators to None, run_after=None
[2024-07-09T13:27:39.940+0000] {processor.py:183} INFO - Processing /home/airflow/.local/lib/python3.11/site-packages/airflow/example_dags/example_xcomargs.py took 0.090 seconds
[2024-07-09T13:28:10.018+0000] {processor.py:161} INFO - Started process (PID=1247) to work on /home/airflow/.local/lib/python3.11/site-packages/airflow/example_dags/example_xcomargs.py
[2024-07-09T13:28:10.019+0000] {processor.py:830} INFO - Processing file /home/airflow/.local/lib/python3.11/site-packages/airflow/example_dags/example_xcomargs.py for tasks to queue
[2024-07-09T13:28:10.020+0000] {logging_mixin.py:188} INFO - [2024-07-09T13:28:10.020+0000] {dagbag.py:540} INFO - Filling up the DagBag from /home/airflow/.local/lib/python3.11/site-packages/airflow/example_dags/example_xcomargs.py
[2024-07-09T13:28:10.030+0000] {processor.py:840} INFO - DAG(s) 'example_xcom_args', 'example_xcom_args_with_operators' retrieved from /home/airflow/.local/lib/python3.11/site-packages/airflow/example_dags/example_xcomargs.py
[2024-07-09T13:28:10.054+0000] {logging_mixin.py:188} INFO - [2024-07-09T13:28:10.054+0000] {dag.py:3047} INFO - Sync 2 DAGs
[2024-07-09T13:28:10.064+0000] {logging_mixin.py:188} INFO - [2024-07-09T13:28:10.064+0000] {dag.py:3834} INFO - Setting next_dagrun for example_xcom_args to None, run_after=None
[2024-07-09T13:28:10.067+0000] {logging_mixin.py:188} INFO - [2024-07-09T13:28:10.067+0000] {dag.py:3834} INFO - Setting next_dagrun for example_xcom_args_with_operators to None, run_after=None
[2024-07-09T13:28:10.083+0000] {processor.py:183} INFO - Processing /home/airflow/.local/lib/python3.11/site-packages/airflow/example_dags/example_xcomargs.py took 0.067 seconds
[2024-07-09T13:28:40.482+0000] {processor.py:161} INFO - Started process (PID=1519) to work on /home/airflow/.local/lib/python3.11/site-packages/airflow/example_dags/example_xcomargs.py
[2024-07-09T13:28:40.483+0000] {processor.py:830} INFO - Processing file /home/airflow/.local/lib/python3.11/site-packages/airflow/example_dags/example_xcomargs.py for tasks to queue
[2024-07-09T13:28:40.484+0000] {logging_mixin.py:188} INFO - [2024-07-09T13:28:40.484+0000] {dagbag.py:540} INFO - Filling up the DagBag from /home/airflow/.local/lib/python3.11/site-packages/airflow/example_dags/example_xcomargs.py
[2024-07-09T13:28:40.492+0000] {processor.py:840} INFO - DAG(s) 'example_xcom_args', 'example_xcom_args_with_operators' retrieved from /home/airflow/.local/lib/python3.11/site-packages/airflow/example_dags/example_xcomargs.py
[2024-07-09T13:28:40.516+0000] {logging_mixin.py:188} INFO - [2024-07-09T13:28:40.516+0000] {dag.py:3047} INFO - Sync 2 DAGs
[2024-07-09T13:28:40.528+0000] {logging_mixin.py:188} INFO - [2024-07-09T13:28:40.527+0000] {dag.py:3834} INFO - Setting next_dagrun for example_xcom_args to None, run_after=None
[2024-07-09T13:28:40.532+0000] {logging_mixin.py:188} INFO - [2024-07-09T13:28:40.532+0000] {dag.py:3834} INFO - Setting next_dagrun for example_xcom_args_with_operators to None, run_after=None
[2024-07-09T13:28:40.548+0000] {processor.py:183} INFO - Processing /home/airflow/.local/lib/python3.11/site-packages/airflow/example_dags/example_xcomargs.py took 0.070 seconds
[2024-07-09T13:29:10.952+0000] {processor.py:161} INFO - Started process (PID=1789) to work on /home/airflow/.local/lib/python3.11/site-packages/airflow/example_dags/example_xcomargs.py
[2024-07-09T13:29:10.953+0000] {processor.py:830} INFO - Processing file /home/airflow/.local/lib/python3.11/site-packages/airflow/example_dags/example_xcomargs.py for tasks to queue
[2024-07-09T13:29:10.954+0000] {logging_mixin.py:188} INFO - [2024-07-09T13:29:10.953+0000] {dagbag.py:540} INFO - Filling up the DagBag from /home/airflow/.local/lib/python3.11/site-packages/airflow/example_dags/example_xcomargs.py
[2024-07-09T13:29:10.960+0000] {processor.py:840} INFO - DAG(s) 'example_xcom_args', 'example_xcom_args_with_operators' retrieved from /home/airflow/.local/lib/python3.11/site-packages/airflow/example_dags/example_xcomargs.py
[2024-07-09T13:29:10.982+0000] {logging_mixin.py:188} INFO - [2024-07-09T13:29:10.982+0000] {dag.py:3047} INFO - Sync 2 DAGs
[2024-07-09T13:29:10.992+0000] {logging_mixin.py:188} INFO - [2024-07-09T13:29:10.991+0000] {dag.py:3834} INFO - Setting next_dagrun for example_xcom_args to None, run_after=None
[2024-07-09T13:29:10.994+0000] {logging_mixin.py:188} INFO - [2024-07-09T13:29:10.994+0000] {dag.py:3834} INFO - Setting next_dagrun for example_xcom_args_with_operators to None, run_after=None
[2024-07-09T13:29:11.008+0000] {processor.py:183} INFO - Processing /home/airflow/.local/lib/python3.11/site-packages/airflow/example_dags/example_xcomargs.py took 0.059 seconds
[2024-07-09T13:29:41.325+0000] {processor.py:161} INFO - Started process (PID=2059) to work on /home/airflow/.local/lib/python3.11/site-packages/airflow/example_dags/example_xcomargs.py
[2024-07-09T13:29:41.326+0000] {processor.py:830} INFO - Processing file /home/airflow/.local/lib/python3.11/site-packages/airflow/example_dags/example_xcomargs.py for tasks to queue
[2024-07-09T13:29:41.326+0000] {logging_mixin.py:188} INFO - [2024-07-09T13:29:41.326+0000] {dagbag.py:540} INFO - Filling up the DagBag from /home/airflow/.local/lib/python3.11/site-packages/airflow/example_dags/example_xcomargs.py
[2024-07-09T13:29:41.333+0000] {processor.py:840} INFO - DAG(s) 'example_xcom_args_with_operators', 'example_xcom_args' retrieved from /home/airflow/.local/lib/python3.11/site-packages/airflow/example_dags/example_xcomargs.py
[2024-07-09T13:29:41.355+0000] {logging_mixin.py:188} INFO - [2024-07-09T13:29:41.355+0000] {dag.py:3047} INFO - Sync 2 DAGs
[2024-07-09T13:29:41.365+0000] {logging_mixin.py:188} INFO - [2024-07-09T13:29:41.364+0000] {dag.py:3834} INFO - Setting next_dagrun for example_xcom_args to None, run_after=None
[2024-07-09T13:29:41.367+0000] {logging_mixin.py:188} INFO - [2024-07-09T13:29:41.367+0000] {dag.py:3834} INFO - Setting next_dagrun for example_xcom_args_with_operators to None, run_after=None
[2024-07-09T13:29:41.381+0000] {processor.py:183} INFO - Processing /home/airflow/.local/lib/python3.11/site-packages/airflow/example_dags/example_xcomargs.py took 0.059 seconds
[2024-07-09T13:31:36.018+0000] {processor.py:161} INFO - Started process (PID=184) to work on /home/airflow/.local/lib/python3.11/site-packages/airflow/example_dags/example_xcomargs.py
[2024-07-09T13:31:36.033+0000] {processor.py:830} INFO - Processing file /home/airflow/.local/lib/python3.11/site-packages/airflow/example_dags/example_xcomargs.py for tasks to queue
[2024-07-09T13:31:36.034+0000] {logging_mixin.py:188} INFO - [2024-07-09T13:31:36.034+0000] {dagbag.py:540} INFO - Filling up the DagBag from /home/airflow/.local/lib/python3.11/site-packages/airflow/example_dags/example_xcomargs.py
[2024-07-09T13:31:36.046+0000] {processor.py:840} INFO - DAG(s) 'example_xcom_args', 'example_xcom_args_with_operators' retrieved from /home/airflow/.local/lib/python3.11/site-packages/airflow/example_dags/example_xcomargs.py
[2024-07-09T13:31:36.140+0000] {logging_mixin.py:188} INFO - [2024-07-09T13:31:36.140+0000] {override.py:1769} INFO - Created Permission View: can edit on DAG:example_xcom_args
[2024-07-09T13:31:36.148+0000] {logging_mixin.py:188} INFO - [2024-07-09T13:31:36.148+0000] {override.py:1769} INFO - Created Permission View: can delete on DAG:example_xcom_args
[2024-07-09T13:31:36.154+0000] {logging_mixin.py:188} INFO - [2024-07-09T13:31:36.154+0000] {override.py:1769} INFO - Created Permission View: can read on DAG:example_xcom_args
[2024-07-09T13:31:36.166+0000] {logging_mixin.py:188} INFO - [2024-07-09T13:31:36.166+0000] {override.py:1769} INFO - Created Permission View: can edit on DAG:example_xcom_args_with_operators
[2024-07-09T13:31:36.171+0000] {logging_mixin.py:188} INFO - [2024-07-09T13:31:36.171+0000] {override.py:1769} INFO - Created Permission View: can delete on DAG:example_xcom_args_with_operators
[2024-07-09T13:31:36.176+0000] {logging_mixin.py:188} INFO - [2024-07-09T13:31:36.176+0000] {override.py:1769} INFO - Created Permission View: can read on DAG:example_xcom_args_with_operators
[2024-07-09T13:31:36.177+0000] {logging_mixin.py:188} INFO - [2024-07-09T13:31:36.177+0000] {dag.py:3047} INFO - Sync 2 DAGs
[2024-07-09T13:31:36.187+0000] {logging_mixin.py:188} INFO - [2024-07-09T13:31:36.186+0000] {dag.py:3069} INFO - Creating ORM DAG for example_xcom_args_with_operators
[2024-07-09T13:31:36.187+0000] {logging_mixin.py:188} INFO - [2024-07-09T13:31:36.187+0000] {dag.py:3069} INFO - Creating ORM DAG for example_xcom_args
[2024-07-09T13:31:36.188+0000] {logging_mixin.py:188} INFO - [2024-07-09T13:31:36.187+0000] {dag.py:3834} INFO - Setting next_dagrun for example_xcom_args to None, run_after=None
[2024-07-09T13:31:36.188+0000] {logging_mixin.py:188} INFO - [2024-07-09T13:31:36.188+0000] {dag.py:3834} INFO - Setting next_dagrun for example_xcom_args_with_operators to None, run_after=None
[2024-07-09T13:31:36.204+0000] {processor.py:183} INFO - Processing /home/airflow/.local/lib/python3.11/site-packages/airflow/example_dags/example_xcomargs.py took 0.189 seconds
[2024-07-09T13:32:06.597+0000] {processor.py:161} INFO - Started process (PID=441) to work on /home/airflow/.local/lib/python3.11/site-packages/airflow/example_dags/example_xcomargs.py
[2024-07-09T13:32:06.598+0000] {processor.py:830} INFO - Processing file /home/airflow/.local/lib/python3.11/site-packages/airflow/example_dags/example_xcomargs.py for tasks to queue
[2024-07-09T13:32:06.599+0000] {logging_mixin.py:188} INFO - [2024-07-09T13:32:06.598+0000] {dagbag.py:540} INFO - Filling up the DagBag from /home/airflow/.local/lib/python3.11/site-packages/airflow/example_dags/example_xcomargs.py
[2024-07-09T13:32:06.606+0000] {processor.py:840} INFO - DAG(s) 'example_xcom_args_with_operators', 'example_xcom_args' retrieved from /home/airflow/.local/lib/python3.11/site-packages/airflow/example_dags/example_xcomargs.py
[2024-07-09T13:32:06.629+0000] {logging_mixin.py:188} INFO - [2024-07-09T13:32:06.629+0000] {dag.py:3047} INFO - Sync 2 DAGs
[2024-07-09T13:32:06.639+0000] {logging_mixin.py:188} INFO - [2024-07-09T13:32:06.639+0000] {dag.py:3834} INFO - Setting next_dagrun for example_xcom_args to None, run_after=None
[2024-07-09T13:32:06.641+0000] {logging_mixin.py:188} INFO - [2024-07-09T13:32:06.641+0000] {dag.py:3834} INFO - Setting next_dagrun for example_xcom_args_with_operators to None, run_after=None
[2024-07-09T13:32:06.656+0000] {processor.py:183} INFO - Processing /home/airflow/.local/lib/python3.11/site-packages/airflow/example_dags/example_xcomargs.py took 0.062 seconds
[2024-07-09T13:32:36.710+0000] {processor.py:161} INFO - Started process (PID=708) to work on /home/airflow/.local/lib/python3.11/site-packages/airflow/example_dags/example_xcomargs.py
[2024-07-09T13:32:36.711+0000] {processor.py:830} INFO - Processing file /home/airflow/.local/lib/python3.11/site-packages/airflow/example_dags/example_xcomargs.py for tasks to queue
[2024-07-09T13:32:36.712+0000] {logging_mixin.py:188} INFO - [2024-07-09T13:32:36.712+0000] {dagbag.py:540} INFO - Filling up the DagBag from /home/airflow/.local/lib/python3.11/site-packages/airflow/example_dags/example_xcomargs.py
[2024-07-09T13:32:36.719+0000] {processor.py:840} INFO - DAG(s) 'example_xcom_args_with_operators', 'example_xcom_args' retrieved from /home/airflow/.local/lib/python3.11/site-packages/airflow/example_dags/example_xcomargs.py
[2024-07-09T13:32:36.743+0000] {logging_mixin.py:188} INFO - [2024-07-09T13:32:36.742+0000] {dag.py:3047} INFO - Sync 2 DAGs
[2024-07-09T13:32:36.754+0000] {logging_mixin.py:188} INFO - [2024-07-09T13:32:36.754+0000] {dag.py:3834} INFO - Setting next_dagrun for example_xcom_args to None, run_after=None
[2024-07-09T13:32:36.757+0000] {logging_mixin.py:188} INFO - [2024-07-09T13:32:36.757+0000] {dag.py:3834} INFO - Setting next_dagrun for example_xcom_args_with_operators to None, run_after=None
[2024-07-09T13:32:36.772+0000] {processor.py:183} INFO - Processing /home/airflow/.local/lib/python3.11/site-packages/airflow/example_dags/example_xcomargs.py took 0.064 seconds
[2024-07-09T13:33:06.987+0000] {processor.py:161} INFO - Started process (PID=978) to work on /home/airflow/.local/lib/python3.11/site-packages/airflow/example_dags/example_xcomargs.py
[2024-07-09T13:33:06.988+0000] {processor.py:830} INFO - Processing file /home/airflow/.local/lib/python3.11/site-packages/airflow/example_dags/example_xcomargs.py for tasks to queue
[2024-07-09T13:33:06.989+0000] {logging_mixin.py:188} INFO - [2024-07-09T13:33:06.989+0000] {dagbag.py:540} INFO - Filling up the DagBag from /home/airflow/.local/lib/python3.11/site-packages/airflow/example_dags/example_xcomargs.py
[2024-07-09T13:33:07.000+0000] {processor.py:840} INFO - DAG(s) 'example_xcom_args_with_operators', 'example_xcom_args' retrieved from /home/airflow/.local/lib/python3.11/site-packages/airflow/example_dags/example_xcomargs.py
[2024-07-09T13:33:07.023+0000] {logging_mixin.py:188} INFO - [2024-07-09T13:33:07.023+0000] {dag.py:3047} INFO - Sync 2 DAGs
[2024-07-09T13:33:07.034+0000] {logging_mixin.py:188} INFO - [2024-07-09T13:33:07.034+0000] {dag.py:3834} INFO - Setting next_dagrun for example_xcom_args to None, run_after=None
[2024-07-09T13:33:07.037+0000] {logging_mixin.py:188} INFO - [2024-07-09T13:33:07.037+0000] {dag.py:3834} INFO - Setting next_dagrun for example_xcom_args_with_operators to None, run_after=None
[2024-07-09T13:33:07.153+0000] {processor.py:183} INFO - Processing /home/airflow/.local/lib/python3.11/site-packages/airflow/example_dags/example_xcomargs.py took 0.169 seconds
[2024-07-09T13:33:37.327+0000] {processor.py:161} INFO - Started process (PID=1248) to work on /home/airflow/.local/lib/python3.11/site-packages/airflow/example_dags/example_xcomargs.py
[2024-07-09T13:33:37.328+0000] {processor.py:830} INFO - Processing file /home/airflow/.local/lib/python3.11/site-packages/airflow/example_dags/example_xcomargs.py for tasks to queue
[2024-07-09T13:33:37.329+0000] {logging_mixin.py:188} INFO - [2024-07-09T13:33:37.329+0000] {dagbag.py:540} INFO - Filling up the DagBag from /home/airflow/.local/lib/python3.11/site-packages/airflow/example_dags/example_xcomargs.py
[2024-07-09T13:33:37.338+0000] {processor.py:840} INFO - DAG(s) 'example_xcom_args', 'example_xcom_args_with_operators' retrieved from /home/airflow/.local/lib/python3.11/site-packages/airflow/example_dags/example_xcomargs.py
[2024-07-09T13:33:37.365+0000] {logging_mixin.py:188} INFO - [2024-07-09T13:33:37.365+0000] {dag.py:3047} INFO - Sync 2 DAGs
[2024-07-09T13:33:37.375+0000] {logging_mixin.py:188} INFO - [2024-07-09T13:33:37.375+0000] {dag.py:3834} INFO - Setting next_dagrun for example_xcom_args to None, run_after=None
[2024-07-09T13:33:37.379+0000] {logging_mixin.py:188} INFO - [2024-07-09T13:33:37.378+0000] {dag.py:3834} INFO - Setting next_dagrun for example_xcom_args_with_operators to None, run_after=None
[2024-07-09T13:33:37.393+0000] {processor.py:183} INFO - Processing /home/airflow/.local/lib/python3.11/site-packages/airflow/example_dags/example_xcomargs.py took 0.069 seconds
[2024-07-09T13:34:07.881+0000] {processor.py:161} INFO - Started process (PID=1518) to work on /home/airflow/.local/lib/python3.11/site-packages/airflow/example_dags/example_xcomargs.py
[2024-07-09T13:34:07.882+0000] {processor.py:830} INFO - Processing file /home/airflow/.local/lib/python3.11/site-packages/airflow/example_dags/example_xcomargs.py for tasks to queue
[2024-07-09T13:34:07.882+0000] {logging_mixin.py:188} INFO - [2024-07-09T13:34:07.882+0000] {dagbag.py:540} INFO - Filling up the DagBag from /home/airflow/.local/lib/python3.11/site-packages/airflow/example_dags/example_xcomargs.py
[2024-07-09T13:34:07.890+0000] {processor.py:840} INFO - DAG(s) 'example_xcom_args_with_operators', 'example_xcom_args' retrieved from /home/airflow/.local/lib/python3.11/site-packages/airflow/example_dags/example_xcomargs.py
[2024-07-09T13:34:07.914+0000] {logging_mixin.py:188} INFO - [2024-07-09T13:34:07.914+0000] {dag.py:3047} INFO - Sync 2 DAGs
[2024-07-09T13:34:07.924+0000] {logging_mixin.py:188} INFO - [2024-07-09T13:34:07.924+0000] {dag.py:3834} INFO - Setting next_dagrun for example_xcom_args to None, run_after=None
[2024-07-09T13:34:07.928+0000] {logging_mixin.py:188} INFO - [2024-07-09T13:34:07.928+0000] {dag.py:3834} INFO - Setting next_dagrun for example_xcom_args_with_operators to None, run_after=None
[2024-07-09T13:34:07.946+0000] {processor.py:183} INFO - Processing /home/airflow/.local/lib/python3.11/site-packages/airflow/example_dags/example_xcomargs.py took 0.068 seconds
[2024-07-09T13:34:38.243+0000] {processor.py:161} INFO - Started process (PID=1788) to work on /home/airflow/.local/lib/python3.11/site-packages/airflow/example_dags/example_xcomargs.py
[2024-07-09T13:34:38.244+0000] {processor.py:830} INFO - Processing file /home/airflow/.local/lib/python3.11/site-packages/airflow/example_dags/example_xcomargs.py for tasks to queue
[2024-07-09T13:34:38.245+0000] {logging_mixin.py:188} INFO - [2024-07-09T13:34:38.244+0000] {dagbag.py:540} INFO - Filling up the DagBag from /home/airflow/.local/lib/python3.11/site-packages/airflow/example_dags/example_xcomargs.py
[2024-07-09T13:34:38.252+0000] {processor.py:840} INFO - DAG(s) 'example_xcom_args', 'example_xcom_args_with_operators' retrieved from /home/airflow/.local/lib/python3.11/site-packages/airflow/example_dags/example_xcomargs.py
[2024-07-09T13:34:38.275+0000] {logging_mixin.py:188} INFO - [2024-07-09T13:34:38.275+0000] {dag.py:3047} INFO - Sync 2 DAGs
[2024-07-09T13:34:38.285+0000] {logging_mixin.py:188} INFO - [2024-07-09T13:34:38.285+0000] {dag.py:3834} INFO - Setting next_dagrun for example_xcom_args to None, run_after=None
[2024-07-09T13:34:38.288+0000] {logging_mixin.py:188} INFO - [2024-07-09T13:34:38.288+0000] {dag.py:3834} INFO - Setting next_dagrun for example_xcom_args_with_operators to None, run_after=None
[2024-07-09T13:34:38.302+0000] {processor.py:183} INFO - Processing /home/airflow/.local/lib/python3.11/site-packages/airflow/example_dags/example_xcomargs.py took 0.063 seconds
[2024-07-09T13:35:08.490+0000] {processor.py:161} INFO - Started process (PID=2058) to work on /home/airflow/.local/lib/python3.11/site-packages/airflow/example_dags/example_xcomargs.py
[2024-07-09T13:35:08.491+0000] {processor.py:830} INFO - Processing file /home/airflow/.local/lib/python3.11/site-packages/airflow/example_dags/example_xcomargs.py for tasks to queue
[2024-07-09T13:35:08.492+0000] {logging_mixin.py:188} INFO - [2024-07-09T13:35:08.491+0000] {dagbag.py:540} INFO - Filling up the DagBag from /home/airflow/.local/lib/python3.11/site-packages/airflow/example_dags/example_xcomargs.py
[2024-07-09T13:35:08.498+0000] {processor.py:840} INFO - DAG(s) 'example_xcom_args_with_operators', 'example_xcom_args' retrieved from /home/airflow/.local/lib/python3.11/site-packages/airflow/example_dags/example_xcomargs.py
[2024-07-09T13:35:08.523+0000] {logging_mixin.py:188} INFO - [2024-07-09T13:35:08.523+0000] {dag.py:3047} INFO - Sync 2 DAGs
[2024-07-09T13:35:08.534+0000] {logging_mixin.py:188} INFO - [2024-07-09T13:35:08.534+0000] {dag.py:3834} INFO - Setting next_dagrun for example_xcom_args to None, run_after=None
[2024-07-09T13:35:08.537+0000] {logging_mixin.py:188} INFO - [2024-07-09T13:35:08.537+0000] {dag.py:3834} INFO - Setting next_dagrun for example_xcom_args_with_operators to None, run_after=None
[2024-07-09T13:35:08.551+0000] {processor.py:183} INFO - Processing /home/airflow/.local/lib/python3.11/site-packages/airflow/example_dags/example_xcomargs.py took 0.063 seconds
[2024-07-09T13:35:38.818+0000] {processor.py:161} INFO - Started process (PID=2328) to work on /home/airflow/.local/lib/python3.11/site-packages/airflow/example_dags/example_xcomargs.py
[2024-07-09T13:35:38.819+0000] {processor.py:830} INFO - Processing file /home/airflow/.local/lib/python3.11/site-packages/airflow/example_dags/example_xcomargs.py for tasks to queue
[2024-07-09T13:35:38.820+0000] {logging_mixin.py:188} INFO - [2024-07-09T13:35:38.819+0000] {dagbag.py:540} INFO - Filling up the DagBag from /home/airflow/.local/lib/python3.11/site-packages/airflow/example_dags/example_xcomargs.py
[2024-07-09T13:35:38.826+0000] {processor.py:840} INFO - DAG(s) 'example_xcom_args', 'example_xcom_args_with_operators' retrieved from /home/airflow/.local/lib/python3.11/site-packages/airflow/example_dags/example_xcomargs.py
[2024-07-09T13:35:38.848+0000] {logging_mixin.py:188} INFO - [2024-07-09T13:35:38.848+0000] {dag.py:3047} INFO - Sync 2 DAGs
[2024-07-09T13:35:38.859+0000] {logging_mixin.py:188} INFO - [2024-07-09T13:35:38.859+0000] {dag.py:3834} INFO - Setting next_dagrun for example_xcom_args to None, run_after=None
[2024-07-09T13:35:38.862+0000] {logging_mixin.py:188} INFO - [2024-07-09T13:35:38.862+0000] {dag.py:3834} INFO - Setting next_dagrun for example_xcom_args_with_operators to None, run_after=None
[2024-07-09T13:35:38.876+0000] {processor.py:183} INFO - Processing /home/airflow/.local/lib/python3.11/site-packages/airflow/example_dags/example_xcomargs.py took 0.061 seconds
[2024-07-09T13:36:09.186+0000] {processor.py:161} INFO - Started process (PID=2598) to work on /home/airflow/.local/lib/python3.11/site-packages/airflow/example_dags/example_xcomargs.py
[2024-07-09T13:36:09.187+0000] {processor.py:830} INFO - Processing file /home/airflow/.local/lib/python3.11/site-packages/airflow/example_dags/example_xcomargs.py for tasks to queue
[2024-07-09T13:36:09.188+0000] {logging_mixin.py:188} INFO - [2024-07-09T13:36:09.188+0000] {dagbag.py:540} INFO - Filling up the DagBag from /home/airflow/.local/lib/python3.11/site-packages/airflow/example_dags/example_xcomargs.py
[2024-07-09T13:36:09.196+0000] {processor.py:840} INFO - DAG(s) 'example_xcom_args', 'example_xcom_args_with_operators' retrieved from /home/airflow/.local/lib/python3.11/site-packages/airflow/example_dags/example_xcomargs.py
[2024-07-09T13:36:09.220+0000] {logging_mixin.py:188} INFO - [2024-07-09T13:36:09.220+0000] {dag.py:3047} INFO - Sync 2 DAGs
[2024-07-09T13:36:09.231+0000] {logging_mixin.py:188} INFO - [2024-07-09T13:36:09.230+0000] {dag.py:3834} INFO - Setting next_dagrun for example_xcom_args to None, run_after=None
[2024-07-09T13:36:09.233+0000] {logging_mixin.py:188} INFO - [2024-07-09T13:36:09.233+0000] {dag.py:3834} INFO - Setting next_dagrun for example_xcom_args_with_operators to None, run_after=None
[2024-07-09T13:36:09.249+0000] {processor.py:183} INFO - Processing /home/airflow/.local/lib/python3.11/site-packages/airflow/example_dags/example_xcomargs.py took 0.065 seconds
[2024-07-09T13:36:39.615+0000] {processor.py:161} INFO - Started process (PID=2868) to work on /home/airflow/.local/lib/python3.11/site-packages/airflow/example_dags/example_xcomargs.py
[2024-07-09T13:36:39.616+0000] {processor.py:830} INFO - Processing file /home/airflow/.local/lib/python3.11/site-packages/airflow/example_dags/example_xcomargs.py for tasks to queue
[2024-07-09T13:36:39.617+0000] {logging_mixin.py:188} INFO - [2024-07-09T13:36:39.616+0000] {dagbag.py:540} INFO - Filling up the DagBag from /home/airflow/.local/lib/python3.11/site-packages/airflow/example_dags/example_xcomargs.py
[2024-07-09T13:36:39.623+0000] {processor.py:840} INFO - DAG(s) 'example_xcom_args_with_operators', 'example_xcom_args' retrieved from /home/airflow/.local/lib/python3.11/site-packages/airflow/example_dags/example_xcomargs.py
[2024-07-09T13:36:39.646+0000] {logging_mixin.py:188} INFO - [2024-07-09T13:36:39.645+0000] {dag.py:3047} INFO - Sync 2 DAGs
[2024-07-09T13:36:39.656+0000] {logging_mixin.py:188} INFO - [2024-07-09T13:36:39.655+0000] {dag.py:3834} INFO - Setting next_dagrun for example_xcom_args to None, run_after=None
[2024-07-09T13:36:39.658+0000] {logging_mixin.py:188} INFO - [2024-07-09T13:36:39.658+0000] {dag.py:3834} INFO - Setting next_dagrun for example_xcom_args_with_operators to None, run_after=None
[2024-07-09T13:36:39.673+0000] {processor.py:183} INFO - Processing /home/airflow/.local/lib/python3.11/site-packages/airflow/example_dags/example_xcomargs.py took 0.060 seconds
[2024-07-09T13:37:09.964+0000] {processor.py:161} INFO - Started process (PID=3138) to work on /home/airflow/.local/lib/python3.11/site-packages/airflow/example_dags/example_xcomargs.py
[2024-07-09T13:37:09.967+0000] {processor.py:830} INFO - Processing file /home/airflow/.local/lib/python3.11/site-packages/airflow/example_dags/example_xcomargs.py for tasks to queue
[2024-07-09T13:37:09.967+0000] {logging_mixin.py:188} INFO - [2024-07-09T13:37:09.967+0000] {dagbag.py:540} INFO - Filling up the DagBag from /home/airflow/.local/lib/python3.11/site-packages/airflow/example_dags/example_xcomargs.py
[2024-07-09T13:37:09.976+0000] {processor.py:840} INFO - DAG(s) 'example_xcom_args_with_operators', 'example_xcom_args' retrieved from /home/airflow/.local/lib/python3.11/site-packages/airflow/example_dags/example_xcomargs.py
[2024-07-09T13:37:10.005+0000] {logging_mixin.py:188} INFO - [2024-07-09T13:37:10.004+0000] {dag.py:3047} INFO - Sync 2 DAGs
[2024-07-09T13:37:10.017+0000] {logging_mixin.py:188} INFO - [2024-07-09T13:37:10.017+0000] {dag.py:3834} INFO - Setting next_dagrun for example_xcom_args to None, run_after=None
[2024-07-09T13:37:10.021+0000] {logging_mixin.py:188} INFO - [2024-07-09T13:37:10.021+0000] {dag.py:3834} INFO - Setting next_dagrun for example_xcom_args_with_operators to None, run_after=None
[2024-07-09T13:37:10.039+0000] {processor.py:183} INFO - Processing /home/airflow/.local/lib/python3.11/site-packages/airflow/example_dags/example_xcomargs.py took 0.077 seconds
[2024-07-09T13:46:08.890+0000] {processor.py:161} INFO - Started process (PID=172) to work on /home/airflow/.local/lib/python3.11/site-packages/airflow/example_dags/example_xcomargs.py
[2024-07-09T13:46:08.891+0000] {processor.py:830} INFO - Processing file /home/airflow/.local/lib/python3.11/site-packages/airflow/example_dags/example_xcomargs.py for tasks to queue
[2024-07-09T13:46:08.892+0000] {logging_mixin.py:188} INFO - [2024-07-09T13:46:08.892+0000] {dagbag.py:540} INFO - Filling up the DagBag from /home/airflow/.local/lib/python3.11/site-packages/airflow/example_dags/example_xcomargs.py
[2024-07-09T13:46:08.901+0000] {processor.py:840} INFO - DAG(s) 'example_xcom_args_with_operators', 'example_xcom_args' retrieved from /home/airflow/.local/lib/python3.11/site-packages/airflow/example_dags/example_xcomargs.py
[2024-07-09T13:46:08.991+0000] {logging_mixin.py:188} INFO - [2024-07-09T13:46:08.991+0000] {override.py:1769} INFO - Created Permission View: can delete on DAG:example_xcom_args_with_operators
[2024-07-09T13:46:09.000+0000] {logging_mixin.py:188} INFO - [2024-07-09T13:46:09.000+0000] {override.py:1769} INFO - Created Permission View: can read on DAG:example_xcom_args_with_operators
[2024-07-09T13:46:09.007+0000] {logging_mixin.py:188} INFO - [2024-07-09T13:46:09.006+0000] {override.py:1769} INFO - Created Permission View: can edit on DAG:example_xcom_args_with_operators
[2024-07-09T13:46:09.018+0000] {logging_mixin.py:188} INFO - [2024-07-09T13:46:09.018+0000] {override.py:1769} INFO - Created Permission View: can delete on DAG:example_xcom_args
[2024-07-09T13:46:09.025+0000] {logging_mixin.py:188} INFO - [2024-07-09T13:46:09.025+0000] {override.py:1769} INFO - Created Permission View: can read on DAG:example_xcom_args
[2024-07-09T13:46:09.032+0000] {logging_mixin.py:188} INFO - [2024-07-09T13:46:09.032+0000] {override.py:1769} INFO - Created Permission View: can edit on DAG:example_xcom_args
[2024-07-09T13:46:09.032+0000] {logging_mixin.py:188} INFO - [2024-07-09T13:46:09.032+0000] {dag.py:3047} INFO - Sync 2 DAGs
[2024-07-09T13:46:09.042+0000] {logging_mixin.py:188} INFO - [2024-07-09T13:46:09.041+0000] {dag.py:3069} INFO - Creating ORM DAG for example_xcom_args
[2024-07-09T13:46:09.042+0000] {logging_mixin.py:188} INFO - [2024-07-09T13:46:09.042+0000] {dag.py:3069} INFO - Creating ORM DAG for example_xcom_args_with_operators
[2024-07-09T13:46:09.042+0000] {logging_mixin.py:188} INFO - [2024-07-09T13:46:09.042+0000] {dag.py:3834} INFO - Setting next_dagrun for example_xcom_args to None, run_after=None
[2024-07-09T13:46:09.043+0000] {logging_mixin.py:188} INFO - [2024-07-09T13:46:09.043+0000] {dag.py:3834} INFO - Setting next_dagrun for example_xcom_args_with_operators to None, run_after=None
[2024-07-09T13:46:09.056+0000] {processor.py:183} INFO - Processing /home/airflow/.local/lib/python3.11/site-packages/airflow/example_dags/example_xcomargs.py took 0.168 seconds
[2024-07-09T13:46:39.174+0000] {processor.py:161} INFO - Started process (PID=438) to work on /home/airflow/.local/lib/python3.11/site-packages/airflow/example_dags/example_xcomargs.py
[2024-07-09T13:46:39.175+0000] {processor.py:830} INFO - Processing file /home/airflow/.local/lib/python3.11/site-packages/airflow/example_dags/example_xcomargs.py for tasks to queue
[2024-07-09T13:46:39.176+0000] {logging_mixin.py:188} INFO - [2024-07-09T13:46:39.176+0000] {dagbag.py:540} INFO - Filling up the DagBag from /home/airflow/.local/lib/python3.11/site-packages/airflow/example_dags/example_xcomargs.py
[2024-07-09T13:46:39.183+0000] {processor.py:840} INFO - DAG(s) 'example_xcom_args_with_operators', 'example_xcom_args' retrieved from /home/airflow/.local/lib/python3.11/site-packages/airflow/example_dags/example_xcomargs.py
[2024-07-09T13:46:39.206+0000] {logging_mixin.py:188} INFO - [2024-07-09T13:46:39.206+0000] {dag.py:3047} INFO - Sync 2 DAGs
[2024-07-09T13:46:39.217+0000] {logging_mixin.py:188} INFO - [2024-07-09T13:46:39.217+0000] {dag.py:3834} INFO - Setting next_dagrun for example_xcom_args to None, run_after=None
[2024-07-09T13:46:39.221+0000] {logging_mixin.py:188} INFO - [2024-07-09T13:46:39.221+0000] {dag.py:3834} INFO - Setting next_dagrun for example_xcom_args_with_operators to None, run_after=None
[2024-07-09T13:46:39.240+0000] {processor.py:183} INFO - Processing /home/airflow/.local/lib/python3.11/site-packages/airflow/example_dags/example_xcomargs.py took 0.067 seconds
[2024-07-09T13:47:09.685+0000] {processor.py:161} INFO - Started process (PID=708) to work on /home/airflow/.local/lib/python3.11/site-packages/airflow/example_dags/example_xcomargs.py
[2024-07-09T13:47:09.686+0000] {processor.py:830} INFO - Processing file /home/airflow/.local/lib/python3.11/site-packages/airflow/example_dags/example_xcomargs.py for tasks to queue
[2024-07-09T13:47:09.686+0000] {logging_mixin.py:188} INFO - [2024-07-09T13:47:09.686+0000] {dagbag.py:540} INFO - Filling up the DagBag from /home/airflow/.local/lib/python3.11/site-packages/airflow/example_dags/example_xcomargs.py
[2024-07-09T13:47:09.693+0000] {processor.py:840} INFO - DAG(s) 'example_xcom_args', 'example_xcom_args_with_operators' retrieved from /home/airflow/.local/lib/python3.11/site-packages/airflow/example_dags/example_xcomargs.py
[2024-07-09T13:47:09.716+0000] {logging_mixin.py:188} INFO - [2024-07-09T13:47:09.716+0000] {dag.py:3047} INFO - Sync 2 DAGs
[2024-07-09T13:47:09.726+0000] {logging_mixin.py:188} INFO - [2024-07-09T13:47:09.726+0000] {dag.py:3834} INFO - Setting next_dagrun for example_xcom_args to None, run_after=None
[2024-07-09T13:47:09.729+0000] {logging_mixin.py:188} INFO - [2024-07-09T13:47:09.729+0000] {dag.py:3834} INFO - Setting next_dagrun for example_xcom_args_with_operators to None, run_after=None
[2024-07-09T13:47:09.744+0000] {processor.py:183} INFO - Processing /home/airflow/.local/lib/python3.11/site-packages/airflow/example_dags/example_xcomargs.py took 0.062 seconds
[2024-07-09T13:47:40.051+0000] {processor.py:161} INFO - Started process (PID=976) to work on /home/airflow/.local/lib/python3.11/site-packages/airflow/example_dags/example_xcomargs.py
[2024-07-09T13:47:40.052+0000] {processor.py:830} INFO - Processing file /home/airflow/.local/lib/python3.11/site-packages/airflow/example_dags/example_xcomargs.py for tasks to queue
[2024-07-09T13:47:40.052+0000] {logging_mixin.py:188} INFO - [2024-07-09T13:47:40.052+0000] {dagbag.py:540} INFO - Filling up the DagBag from /home/airflow/.local/lib/python3.11/site-packages/airflow/example_dags/example_xcomargs.py
[2024-07-09T13:47:40.059+0000] {processor.py:840} INFO - DAG(s) 'example_xcom_args', 'example_xcom_args_with_operators' retrieved from /home/airflow/.local/lib/python3.11/site-packages/airflow/example_dags/example_xcomargs.py
[2024-07-09T13:47:40.084+0000] {logging_mixin.py:188} INFO - [2024-07-09T13:47:40.083+0000] {dag.py:3047} INFO - Sync 2 DAGs
[2024-07-09T13:47:40.096+0000] {logging_mixin.py:188} INFO - [2024-07-09T13:47:40.095+0000] {dag.py:3834} INFO - Setting next_dagrun for example_xcom_args to None, run_after=None
[2024-07-09T13:47:40.099+0000] {logging_mixin.py:188} INFO - [2024-07-09T13:47:40.099+0000] {dag.py:3834} INFO - Setting next_dagrun for example_xcom_args_with_operators to None, run_after=None
[2024-07-09T13:47:40.116+0000] {processor.py:183} INFO - Processing /home/airflow/.local/lib/python3.11/site-packages/airflow/example_dags/example_xcomargs.py took 0.068 seconds
[2024-07-09T13:48:10.465+0000] {processor.py:161} INFO - Started process (PID=1248) to work on /home/airflow/.local/lib/python3.11/site-packages/airflow/example_dags/example_xcomargs.py
[2024-07-09T13:48:10.466+0000] {processor.py:830} INFO - Processing file /home/airflow/.local/lib/python3.11/site-packages/airflow/example_dags/example_xcomargs.py for tasks to queue
[2024-07-09T13:48:10.467+0000] {logging_mixin.py:188} INFO - [2024-07-09T13:48:10.466+0000] {dagbag.py:540} INFO - Filling up the DagBag from /home/airflow/.local/lib/python3.11/site-packages/airflow/example_dags/example_xcomargs.py
[2024-07-09T13:48:10.476+0000] {processor.py:840} INFO - DAG(s) 'example_xcom_args_with_operators', 'example_xcom_args' retrieved from /home/airflow/.local/lib/python3.11/site-packages/airflow/example_dags/example_xcomargs.py
[2024-07-09T13:48:10.498+0000] {logging_mixin.py:188} INFO - [2024-07-09T13:48:10.498+0000] {dag.py:3047} INFO - Sync 2 DAGs
[2024-07-09T13:48:10.508+0000] {logging_mixin.py:188} INFO - [2024-07-09T13:48:10.508+0000] {dag.py:3834} INFO - Setting next_dagrun for example_xcom_args to None, run_after=None
[2024-07-09T13:48:10.511+0000] {logging_mixin.py:188} INFO - [2024-07-09T13:48:10.511+0000] {dag.py:3834} INFO - Setting next_dagrun for example_xcom_args_with_operators to None, run_after=None
[2024-07-09T13:48:10.525+0000] {processor.py:183} INFO - Processing /home/airflow/.local/lib/python3.11/site-packages/airflow/example_dags/example_xcomargs.py took 0.062 seconds
[2024-07-09T13:48:41.158+0000] {processor.py:161} INFO - Started process (PID=1518) to work on /home/airflow/.local/lib/python3.11/site-packages/airflow/example_dags/example_xcomargs.py
[2024-07-09T13:48:41.159+0000] {processor.py:830} INFO - Processing file /home/airflow/.local/lib/python3.11/site-packages/airflow/example_dags/example_xcomargs.py for tasks to queue
[2024-07-09T13:48:41.160+0000] {logging_mixin.py:188} INFO - [2024-07-09T13:48:41.159+0000] {dagbag.py:540} INFO - Filling up the DagBag from /home/airflow/.local/lib/python3.11/site-packages/airflow/example_dags/example_xcomargs.py
[2024-07-09T13:48:41.168+0000] {processor.py:840} INFO - DAG(s) 'example_xcom_args_with_operators', 'example_xcom_args' retrieved from /home/airflow/.local/lib/python3.11/site-packages/airflow/example_dags/example_xcomargs.py
[2024-07-09T13:48:41.189+0000] {logging_mixin.py:188} INFO - [2024-07-09T13:48:41.189+0000] {dag.py:3047} INFO - Sync 2 DAGs
[2024-07-09T13:48:41.198+0000] {logging_mixin.py:188} INFO - [2024-07-09T13:48:41.198+0000] {dag.py:3834} INFO - Setting next_dagrun for example_xcom_args to None, run_after=None
[2024-07-09T13:48:41.201+0000] {logging_mixin.py:188} INFO - [2024-07-09T13:48:41.201+0000] {dag.py:3834} INFO - Setting next_dagrun for example_xcom_args_with_operators to None, run_after=None
[2024-07-09T13:48:41.215+0000] {processor.py:183} INFO - Processing /home/airflow/.local/lib/python3.11/site-packages/airflow/example_dags/example_xcomargs.py took 0.060 seconds
[2024-07-09T13:49:11.517+0000] {processor.py:161} INFO - Started process (PID=1788) to work on /home/airflow/.local/lib/python3.11/site-packages/airflow/example_dags/example_xcomargs.py
[2024-07-09T13:49:11.518+0000] {processor.py:830} INFO - Processing file /home/airflow/.local/lib/python3.11/site-packages/airflow/example_dags/example_xcomargs.py for tasks to queue
[2024-07-09T13:49:11.519+0000] {logging_mixin.py:188} INFO - [2024-07-09T13:49:11.519+0000] {dagbag.py:540} INFO - Filling up the DagBag from /home/airflow/.local/lib/python3.11/site-packages/airflow/example_dags/example_xcomargs.py
[2024-07-09T13:49:11.527+0000] {processor.py:840} INFO - DAG(s) 'example_xcom_args_with_operators', 'example_xcom_args' retrieved from /home/airflow/.local/lib/python3.11/site-packages/airflow/example_dags/example_xcomargs.py
[2024-07-09T13:49:11.550+0000] {logging_mixin.py:188} INFO - [2024-07-09T13:49:11.550+0000] {dag.py:3047} INFO - Sync 2 DAGs
[2024-07-09T13:49:11.561+0000] {logging_mixin.py:188} INFO - [2024-07-09T13:49:11.560+0000] {dag.py:3834} INFO - Setting next_dagrun for example_xcom_args to None, run_after=None
[2024-07-09T13:49:11.563+0000] {logging_mixin.py:188} INFO - [2024-07-09T13:49:11.563+0000] {dag.py:3834} INFO - Setting next_dagrun for example_xcom_args_with_operators to None, run_after=None
[2024-07-09T13:49:11.577+0000] {processor.py:183} INFO - Processing /home/airflow/.local/lib/python3.11/site-packages/airflow/example_dags/example_xcomargs.py took 0.063 seconds
[2024-07-09T13:49:42.014+0000] {processor.py:161} INFO - Started process (PID=2058) to work on /home/airflow/.local/lib/python3.11/site-packages/airflow/example_dags/example_xcomargs.py
[2024-07-09T13:49:42.015+0000] {processor.py:830} INFO - Processing file /home/airflow/.local/lib/python3.11/site-packages/airflow/example_dags/example_xcomargs.py for tasks to queue
[2024-07-09T13:49:42.016+0000] {logging_mixin.py:188} INFO - [2024-07-09T13:49:42.015+0000] {dagbag.py:540} INFO - Filling up the DagBag from /home/airflow/.local/lib/python3.11/site-packages/airflow/example_dags/example_xcomargs.py
[2024-07-09T13:49:42.026+0000] {processor.py:840} INFO - DAG(s) 'example_xcom_args', 'example_xcom_args_with_operators' retrieved from /home/airflow/.local/lib/python3.11/site-packages/airflow/example_dags/example_xcomargs.py
[2024-07-09T13:49:42.052+0000] {logging_mixin.py:188} INFO - [2024-07-09T13:49:42.051+0000] {dag.py:3047} INFO - Sync 2 DAGs
[2024-07-09T13:49:42.062+0000] {logging_mixin.py:188} INFO - [2024-07-09T13:49:42.062+0000] {dag.py:3834} INFO - Setting next_dagrun for example_xcom_args to None, run_after=None
[2024-07-09T13:49:42.066+0000] {logging_mixin.py:188} INFO - [2024-07-09T13:49:42.065+0000] {dag.py:3834} INFO - Setting next_dagrun for example_xcom_args_with_operators to None, run_after=None
[2024-07-09T13:49:42.081+0000] {processor.py:183} INFO - Processing /home/airflow/.local/lib/python3.11/site-packages/airflow/example_dags/example_xcomargs.py took 0.072 seconds
[2024-07-09T13:50:12.217+0000] {processor.py:161} INFO - Started process (PID=2328) to work on /home/airflow/.local/lib/python3.11/site-packages/airflow/example_dags/example_xcomargs.py
[2024-07-09T13:50:12.218+0000] {processor.py:830} INFO - Processing file /home/airflow/.local/lib/python3.11/site-packages/airflow/example_dags/example_xcomargs.py for tasks to queue
[2024-07-09T13:50:12.219+0000] {logging_mixin.py:188} INFO - [2024-07-09T13:50:12.219+0000] {dagbag.py:540} INFO - Filling up the DagBag from /home/airflow/.local/lib/python3.11/site-packages/airflow/example_dags/example_xcomargs.py
[2024-07-09T13:50:12.227+0000] {processor.py:840} INFO - DAG(s) 'example_xcom_args_with_operators', 'example_xcom_args' retrieved from /home/airflow/.local/lib/python3.11/site-packages/airflow/example_dags/example_xcomargs.py
[2024-07-09T13:50:12.250+0000] {logging_mixin.py:188} INFO - [2024-07-09T13:50:12.250+0000] {dag.py:3047} INFO - Sync 2 DAGs
[2024-07-09T13:50:12.260+0000] {logging_mixin.py:188} INFO - [2024-07-09T13:50:12.260+0000] {dag.py:3834} INFO - Setting next_dagrun for example_xcom_args to None, run_after=None
[2024-07-09T13:50:12.263+0000] {logging_mixin.py:188} INFO - [2024-07-09T13:50:12.263+0000] {dag.py:3834} INFO - Setting next_dagrun for example_xcom_args_with_operators to None, run_after=None
[2024-07-09T13:50:12.278+0000] {processor.py:183} INFO - Processing /home/airflow/.local/lib/python3.11/site-packages/airflow/example_dags/example_xcomargs.py took 0.063 seconds
[2024-07-09T13:50:42.483+0000] {processor.py:161} INFO - Started process (PID=2598) to work on /home/airflow/.local/lib/python3.11/site-packages/airflow/example_dags/example_xcomargs.py
[2024-07-09T13:50:42.484+0000] {processor.py:830} INFO - Processing file /home/airflow/.local/lib/python3.11/site-packages/airflow/example_dags/example_xcomargs.py for tasks to queue
[2024-07-09T13:50:42.485+0000] {logging_mixin.py:188} INFO - [2024-07-09T13:50:42.485+0000] {dagbag.py:540} INFO - Filling up the DagBag from /home/airflow/.local/lib/python3.11/site-packages/airflow/example_dags/example_xcomargs.py
[2024-07-09T13:50:42.493+0000] {processor.py:840} INFO - DAG(s) 'example_xcom_args_with_operators', 'example_xcom_args' retrieved from /home/airflow/.local/lib/python3.11/site-packages/airflow/example_dags/example_xcomargs.py
[2024-07-09T13:50:42.516+0000] {logging_mixin.py:188} INFO - [2024-07-09T13:50:42.516+0000] {dag.py:3047} INFO - Sync 2 DAGs
[2024-07-09T13:50:42.526+0000] {logging_mixin.py:188} INFO - [2024-07-09T13:50:42.526+0000] {dag.py:3834} INFO - Setting next_dagrun for example_xcom_args to None, run_after=None
[2024-07-09T13:50:42.528+0000] {logging_mixin.py:188} INFO - [2024-07-09T13:50:42.528+0000] {dag.py:3834} INFO - Setting next_dagrun for example_xcom_args_with_operators to None, run_after=None
[2024-07-09T13:50:42.542+0000] {processor.py:183} INFO - Processing /home/airflow/.local/lib/python3.11/site-packages/airflow/example_dags/example_xcomargs.py took 0.062 seconds
[2024-07-09T13:51:12.967+0000] {processor.py:161} INFO - Started process (PID=2868) to work on /home/airflow/.local/lib/python3.11/site-packages/airflow/example_dags/example_xcomargs.py
[2024-07-09T13:51:12.968+0000] {processor.py:830} INFO - Processing file /home/airflow/.local/lib/python3.11/site-packages/airflow/example_dags/example_xcomargs.py for tasks to queue
[2024-07-09T13:51:12.969+0000] {logging_mixin.py:188} INFO - [2024-07-09T13:51:12.969+0000] {dagbag.py:540} INFO - Filling up the DagBag from /home/airflow/.local/lib/python3.11/site-packages/airflow/example_dags/example_xcomargs.py
[2024-07-09T13:51:12.977+0000] {processor.py:840} INFO - DAG(s) 'example_xcom_args_with_operators', 'example_xcom_args' retrieved from /home/airflow/.local/lib/python3.11/site-packages/airflow/example_dags/example_xcomargs.py
[2024-07-09T13:51:12.999+0000] {logging_mixin.py:188} INFO - [2024-07-09T13:51:12.999+0000] {dag.py:3047} INFO - Sync 2 DAGs
[2024-07-09T13:51:13.009+0000] {logging_mixin.py:188} INFO - [2024-07-09T13:51:13.009+0000] {dag.py:3834} INFO - Setting next_dagrun for example_xcom_args to None, run_after=None
[2024-07-09T13:51:13.012+0000] {logging_mixin.py:188} INFO - [2024-07-09T13:51:13.012+0000] {dag.py:3834} INFO - Setting next_dagrun for example_xcom_args_with_operators to None, run_after=None
[2024-07-09T13:51:13.026+0000] {processor.py:183} INFO - Processing /home/airflow/.local/lib/python3.11/site-packages/airflow/example_dags/example_xcomargs.py took 0.062 seconds
