[2024-07-09T13:18:49.691+0000] {processor.py:161} INFO - Started process (PID=314) to work on /home/airflow/.local/lib/python3.11/site-packages/airflow/example_dags/example_params_ui_tutorial.py
[2024-07-09T13:18:49.692+0000] {processor.py:830} INFO - Processing file /home/airflow/.local/lib/python3.11/site-packages/airflow/example_dags/example_params_ui_tutorial.py for tasks to queue
[2024-07-09T13:18:49.692+0000] {logging_mixin.py:188} INFO - [2024-07-09T13:18:49.692+0000] {dagbag.py:540} INFO - Filling up the DagBag from /home/airflow/.local/lib/python3.11/site-packages/airflow/example_dags/example_params_ui_tutorial.py
[2024-07-09T13:18:49.703+0000] {processor.py:840} INFO - DAG(s) 'example_params_ui_tutorial' retrieved from /home/airflow/.local/lib/python3.11/site-packages/airflow/example_dags/example_params_ui_tutorial.py
[2024-07-09T13:18:49.826+0000] {logging_mixin.py:188} INFO - [2024-07-09T13:18:49.825+0000] {override.py:1769} INFO - Created Permission View: can delete on DAG:example_params_ui_tutorial
[2024-07-09T13:18:49.836+0000] {logging_mixin.py:188} INFO - [2024-07-09T13:18:49.836+0000] {override.py:1769} INFO - Created Permission View: can read on DAG:example_params_ui_tutorial
[2024-07-09T13:18:49.842+0000] {logging_mixin.py:188} INFO - [2024-07-09T13:18:49.842+0000] {override.py:1769} INFO - Created Permission View: can edit on DAG:example_params_ui_tutorial
[2024-07-09T13:18:49.842+0000] {logging_mixin.py:188} INFO - [2024-07-09T13:18:49.842+0000] {dag.py:3047} INFO - Sync 1 DAGs
[2024-07-09T13:18:49.853+0000] {logging_mixin.py:188} INFO - [2024-07-09T13:18:49.853+0000] {dag.py:3069} INFO - Creating ORM DAG for example_params_ui_tutorial
[2024-07-09T13:18:49.853+0000] {logging_mixin.py:188} INFO - [2024-07-09T13:18:49.853+0000] {dag.py:3834} INFO - Setting next_dagrun for example_params_ui_tutorial to None, run_after=None
[2024-07-09T13:18:49.867+0000] {processor.py:183} INFO - Processing /home/airflow/.local/lib/python3.11/site-packages/airflow/example_dags/example_params_ui_tutorial.py took 0.179 seconds
[2024-07-09T13:19:20.249+0000] {processor.py:161} INFO - Started process (PID=584) to work on /home/airflow/.local/lib/python3.11/site-packages/airflow/example_dags/example_params_ui_tutorial.py
[2024-07-09T13:19:20.250+0000] {processor.py:830} INFO - Processing file /home/airflow/.local/lib/python3.11/site-packages/airflow/example_dags/example_params_ui_tutorial.py for tasks to queue
[2024-07-09T13:19:20.250+0000] {logging_mixin.py:188} INFO - [2024-07-09T13:19:20.250+0000] {dagbag.py:540} INFO - Filling up the DagBag from /home/airflow/.local/lib/python3.11/site-packages/airflow/example_dags/example_params_ui_tutorial.py
[2024-07-09T13:19:20.259+0000] {processor.py:840} INFO - DAG(s) 'example_params_ui_tutorial' retrieved from /home/airflow/.local/lib/python3.11/site-packages/airflow/example_dags/example_params_ui_tutorial.py
[2024-07-09T13:19:20.303+0000] {logging_mixin.py:188} INFO - [2024-07-09T13:19:20.303+0000] {dag.py:3047} INFO - Sync 1 DAGs
[2024-07-09T13:19:20.312+0000] {logging_mixin.py:188} INFO - [2024-07-09T13:19:20.312+0000] {dag.py:3834} INFO - Setting next_dagrun for example_params_ui_tutorial to None, run_after=None
[2024-07-09T13:19:20.328+0000] {processor.py:183} INFO - Processing /home/airflow/.local/lib/python3.11/site-packages/airflow/example_dags/example_params_ui_tutorial.py took 0.082 seconds
[2024-07-09T13:19:51.139+0000] {processor.py:161} INFO - Started process (PID=854) to work on /home/airflow/.local/lib/python3.11/site-packages/airflow/example_dags/example_params_ui_tutorial.py
[2024-07-09T13:19:51.140+0000] {processor.py:830} INFO - Processing file /home/airflow/.local/lib/python3.11/site-packages/airflow/example_dags/example_params_ui_tutorial.py for tasks to queue
[2024-07-09T13:19:51.141+0000] {logging_mixin.py:188} INFO - [2024-07-09T13:19:51.141+0000] {dagbag.py:540} INFO - Filling up the DagBag from /home/airflow/.local/lib/python3.11/site-packages/airflow/example_dags/example_params_ui_tutorial.py
[2024-07-09T13:19:51.150+0000] {processor.py:840} INFO - DAG(s) 'example_params_ui_tutorial' retrieved from /home/airflow/.local/lib/python3.11/site-packages/airflow/example_dags/example_params_ui_tutorial.py
[2024-07-09T13:19:51.194+0000] {logging_mixin.py:188} INFO - [2024-07-09T13:19:51.194+0000] {dag.py:3047} INFO - Sync 1 DAGs
[2024-07-09T13:19:51.203+0000] {logging_mixin.py:188} INFO - [2024-07-09T13:19:51.203+0000] {dag.py:3834} INFO - Setting next_dagrun for example_params_ui_tutorial to None, run_after=None
[2024-07-09T13:19:51.218+0000] {processor.py:183} INFO - Processing /home/airflow/.local/lib/python3.11/site-packages/airflow/example_dags/example_params_ui_tutorial.py took 0.081 seconds
[2024-07-09T13:20:22.570+0000] {processor.py:161} INFO - Started process (PID=1124) to work on /home/airflow/.local/lib/python3.11/site-packages/airflow/example_dags/example_params_ui_tutorial.py
[2024-07-09T13:20:22.571+0000] {processor.py:830} INFO - Processing file /home/airflow/.local/lib/python3.11/site-packages/airflow/example_dags/example_params_ui_tutorial.py for tasks to queue
[2024-07-09T13:20:22.572+0000] {logging_mixin.py:188} INFO - [2024-07-09T13:20:22.571+0000] {dagbag.py:540} INFO - Filling up the DagBag from /home/airflow/.local/lib/python3.11/site-packages/airflow/example_dags/example_params_ui_tutorial.py
[2024-07-09T13:20:22.581+0000] {processor.py:840} INFO - DAG(s) 'example_params_ui_tutorial' retrieved from /home/airflow/.local/lib/python3.11/site-packages/airflow/example_dags/example_params_ui_tutorial.py
[2024-07-09T13:20:22.742+0000] {logging_mixin.py:188} INFO - [2024-07-09T13:20:22.742+0000] {dag.py:3047} INFO - Sync 1 DAGs
[2024-07-09T13:20:22.751+0000] {logging_mixin.py:188} INFO - [2024-07-09T13:20:22.751+0000] {dag.py:3834} INFO - Setting next_dagrun for example_params_ui_tutorial to None, run_after=None
[2024-07-09T13:20:22.767+0000] {processor.py:183} INFO - Processing /home/airflow/.local/lib/python3.11/site-packages/airflow/example_dags/example_params_ui_tutorial.py took 0.199 seconds
[2024-07-09T13:20:53.599+0000] {processor.py:161} INFO - Started process (PID=1396) to work on /home/airflow/.local/lib/python3.11/site-packages/airflow/example_dags/example_params_ui_tutorial.py
[2024-07-09T13:20:53.600+0000] {processor.py:830} INFO - Processing file /home/airflow/.local/lib/python3.11/site-packages/airflow/example_dags/example_params_ui_tutorial.py for tasks to queue
[2024-07-09T13:20:53.601+0000] {logging_mixin.py:188} INFO - [2024-07-09T13:20:53.601+0000] {dagbag.py:540} INFO - Filling up the DagBag from /home/airflow/.local/lib/python3.11/site-packages/airflow/example_dags/example_params_ui_tutorial.py
[2024-07-09T13:20:53.611+0000] {processor.py:840} INFO - DAG(s) 'example_params_ui_tutorial' retrieved from /home/airflow/.local/lib/python3.11/site-packages/airflow/example_dags/example_params_ui_tutorial.py
[2024-07-09T13:20:53.658+0000] {logging_mixin.py:188} INFO - [2024-07-09T13:20:53.658+0000] {dag.py:3047} INFO - Sync 1 DAGs
[2024-07-09T13:20:53.668+0000] {logging_mixin.py:188} INFO - [2024-07-09T13:20:53.668+0000] {dag.py:3834} INFO - Setting next_dagrun for example_params_ui_tutorial to None, run_after=None
[2024-07-09T13:20:53.684+0000] {processor.py:183} INFO - Processing /home/airflow/.local/lib/python3.11/site-packages/airflow/example_dags/example_params_ui_tutorial.py took 0.087 seconds
[2024-07-09T13:21:24.473+0000] {processor.py:161} INFO - Started process (PID=1666) to work on /home/airflow/.local/lib/python3.11/site-packages/airflow/example_dags/example_params_ui_tutorial.py
[2024-07-09T13:21:24.474+0000] {processor.py:830} INFO - Processing file /home/airflow/.local/lib/python3.11/site-packages/airflow/example_dags/example_params_ui_tutorial.py for tasks to queue
[2024-07-09T13:21:24.475+0000] {logging_mixin.py:188} INFO - [2024-07-09T13:21:24.475+0000] {dagbag.py:540} INFO - Filling up the DagBag from /home/airflow/.local/lib/python3.11/site-packages/airflow/example_dags/example_params_ui_tutorial.py
[2024-07-09T13:21:24.484+0000] {processor.py:840} INFO - DAG(s) 'example_params_ui_tutorial' retrieved from /home/airflow/.local/lib/python3.11/site-packages/airflow/example_dags/example_params_ui_tutorial.py
[2024-07-09T13:21:24.529+0000] {logging_mixin.py:188} INFO - [2024-07-09T13:21:24.528+0000] {dag.py:3047} INFO - Sync 1 DAGs
[2024-07-09T13:21:24.538+0000] {logging_mixin.py:188} INFO - [2024-07-09T13:21:24.538+0000] {dag.py:3834} INFO - Setting next_dagrun for example_params_ui_tutorial to None, run_after=None
[2024-07-09T13:21:24.555+0000] {processor.py:183} INFO - Processing /home/airflow/.local/lib/python3.11/site-packages/airflow/example_dags/example_params_ui_tutorial.py took 0.084 seconds
[2024-07-09T13:21:55.167+0000] {processor.py:161} INFO - Started process (PID=1936) to work on /home/airflow/.local/lib/python3.11/site-packages/airflow/example_dags/example_params_ui_tutorial.py
[2024-07-09T13:21:55.168+0000] {processor.py:830} INFO - Processing file /home/airflow/.local/lib/python3.11/site-packages/airflow/example_dags/example_params_ui_tutorial.py for tasks to queue
[2024-07-09T13:21:55.169+0000] {logging_mixin.py:188} INFO - [2024-07-09T13:21:55.169+0000] {dagbag.py:540} INFO - Filling up the DagBag from /home/airflow/.local/lib/python3.11/site-packages/airflow/example_dags/example_params_ui_tutorial.py
[2024-07-09T13:21:55.178+0000] {processor.py:840} INFO - DAG(s) 'example_params_ui_tutorial' retrieved from /home/airflow/.local/lib/python3.11/site-packages/airflow/example_dags/example_params_ui_tutorial.py
[2024-07-09T13:21:55.222+0000] {logging_mixin.py:188} INFO - [2024-07-09T13:21:55.222+0000] {dag.py:3047} INFO - Sync 1 DAGs
[2024-07-09T13:21:55.232+0000] {logging_mixin.py:188} INFO - [2024-07-09T13:21:55.232+0000] {dag.py:3834} INFO - Setting next_dagrun for example_params_ui_tutorial to None, run_after=None
[2024-07-09T13:21:55.248+0000] {processor.py:183} INFO - Processing /home/airflow/.local/lib/python3.11/site-packages/airflow/example_dags/example_params_ui_tutorial.py took 0.084 seconds
[2024-07-09T13:22:25.882+0000] {processor.py:161} INFO - Started process (PID=2206) to work on /home/airflow/.local/lib/python3.11/site-packages/airflow/example_dags/example_params_ui_tutorial.py
[2024-07-09T13:22:25.883+0000] {processor.py:830} INFO - Processing file /home/airflow/.local/lib/python3.11/site-packages/airflow/example_dags/example_params_ui_tutorial.py for tasks to queue
[2024-07-09T13:22:25.884+0000] {logging_mixin.py:188} INFO - [2024-07-09T13:22:25.884+0000] {dagbag.py:540} INFO - Filling up the DagBag from /home/airflow/.local/lib/python3.11/site-packages/airflow/example_dags/example_params_ui_tutorial.py
[2024-07-09T13:22:25.893+0000] {processor.py:840} INFO - DAG(s) 'example_params_ui_tutorial' retrieved from /home/airflow/.local/lib/python3.11/site-packages/airflow/example_dags/example_params_ui_tutorial.py
[2024-07-09T13:22:25.940+0000] {logging_mixin.py:188} INFO - [2024-07-09T13:22:25.940+0000] {dag.py:3047} INFO - Sync 1 DAGs
[2024-07-09T13:22:25.950+0000] {logging_mixin.py:188} INFO - [2024-07-09T13:22:25.950+0000] {dag.py:3834} INFO - Setting next_dagrun for example_params_ui_tutorial to None, run_after=None
[2024-07-09T13:22:25.966+0000] {processor.py:183} INFO - Processing /home/airflow/.local/lib/python3.11/site-packages/airflow/example_dags/example_params_ui_tutorial.py took 0.086 seconds
[2024-07-09T13:22:56.637+0000] {processor.py:161} INFO - Started process (PID=2476) to work on /home/airflow/.local/lib/python3.11/site-packages/airflow/example_dags/example_params_ui_tutorial.py
[2024-07-09T13:22:56.638+0000] {processor.py:830} INFO - Processing file /home/airflow/.local/lib/python3.11/site-packages/airflow/example_dags/example_params_ui_tutorial.py for tasks to queue
[2024-07-09T13:22:56.639+0000] {logging_mixin.py:188} INFO - [2024-07-09T13:22:56.639+0000] {dagbag.py:540} INFO - Filling up the DagBag from /home/airflow/.local/lib/python3.11/site-packages/airflow/example_dags/example_params_ui_tutorial.py
[2024-07-09T13:22:56.649+0000] {processor.py:840} INFO - DAG(s) 'example_params_ui_tutorial' retrieved from /home/airflow/.local/lib/python3.11/site-packages/airflow/example_dags/example_params_ui_tutorial.py
[2024-07-09T13:22:56.693+0000] {logging_mixin.py:188} INFO - [2024-07-09T13:22:56.693+0000] {dag.py:3047} INFO - Sync 1 DAGs
[2024-07-09T13:22:56.703+0000] {logging_mixin.py:188} INFO - [2024-07-09T13:22:56.703+0000] {dag.py:3834} INFO - Setting next_dagrun for example_params_ui_tutorial to None, run_after=None
[2024-07-09T13:22:56.720+0000] {processor.py:183} INFO - Processing /home/airflow/.local/lib/python3.11/site-packages/airflow/example_dags/example_params_ui_tutorial.py took 0.085 seconds
[2024-07-09T13:23:27.337+0000] {processor.py:161} INFO - Started process (PID=2744) to work on /home/airflow/.local/lib/python3.11/site-packages/airflow/example_dags/example_params_ui_tutorial.py
[2024-07-09T13:23:27.338+0000] {processor.py:830} INFO - Processing file /home/airflow/.local/lib/python3.11/site-packages/airflow/example_dags/example_params_ui_tutorial.py for tasks to queue
[2024-07-09T13:23:27.339+0000] {logging_mixin.py:188} INFO - [2024-07-09T13:23:27.339+0000] {dagbag.py:540} INFO - Filling up the DagBag from /home/airflow/.local/lib/python3.11/site-packages/airflow/example_dags/example_params_ui_tutorial.py
[2024-07-09T13:23:27.348+0000] {processor.py:840} INFO - DAG(s) 'example_params_ui_tutorial' retrieved from /home/airflow/.local/lib/python3.11/site-packages/airflow/example_dags/example_params_ui_tutorial.py
[2024-07-09T13:23:27.393+0000] {logging_mixin.py:188} INFO - [2024-07-09T13:23:27.392+0000] {dag.py:3047} INFO - Sync 1 DAGs
[2024-07-09T13:23:27.402+0000] {logging_mixin.py:188} INFO - [2024-07-09T13:23:27.402+0000] {dag.py:3834} INFO - Setting next_dagrun for example_params_ui_tutorial to None, run_after=None
[2024-07-09T13:23:27.417+0000] {processor.py:183} INFO - Processing /home/airflow/.local/lib/python3.11/site-packages/airflow/example_dags/example_params_ui_tutorial.py took 0.082 seconds
[2024-07-09T13:23:58.155+0000] {processor.py:161} INFO - Started process (PID=3016) to work on /home/airflow/.local/lib/python3.11/site-packages/airflow/example_dags/example_params_ui_tutorial.py
[2024-07-09T13:23:58.156+0000] {processor.py:830} INFO - Processing file /home/airflow/.local/lib/python3.11/site-packages/airflow/example_dags/example_params_ui_tutorial.py for tasks to queue
[2024-07-09T13:23:58.157+0000] {logging_mixin.py:188} INFO - [2024-07-09T13:23:58.156+0000] {dagbag.py:540} INFO - Filling up the DagBag from /home/airflow/.local/lib/python3.11/site-packages/airflow/example_dags/example_params_ui_tutorial.py
[2024-07-09T13:23:58.166+0000] {processor.py:840} INFO - DAG(s) 'example_params_ui_tutorial' retrieved from /home/airflow/.local/lib/python3.11/site-packages/airflow/example_dags/example_params_ui_tutorial.py
[2024-07-09T13:23:58.210+0000] {logging_mixin.py:188} INFO - [2024-07-09T13:23:58.210+0000] {dag.py:3047} INFO - Sync 1 DAGs
[2024-07-09T13:23:58.220+0000] {logging_mixin.py:188} INFO - [2024-07-09T13:23:58.220+0000] {dag.py:3834} INFO - Setting next_dagrun for example_params_ui_tutorial to None, run_after=None
[2024-07-09T13:23:58.236+0000] {processor.py:183} INFO - Processing /home/airflow/.local/lib/python3.11/site-packages/airflow/example_dags/example_params_ui_tutorial.py took 0.083 seconds
[2024-07-09T13:24:28.797+0000] {processor.py:161} INFO - Started process (PID=3286) to work on /home/airflow/.local/lib/python3.11/site-packages/airflow/example_dags/example_params_ui_tutorial.py
[2024-07-09T13:24:28.798+0000] {processor.py:830} INFO - Processing file /home/airflow/.local/lib/python3.11/site-packages/airflow/example_dags/example_params_ui_tutorial.py for tasks to queue
[2024-07-09T13:24:28.798+0000] {logging_mixin.py:188} INFO - [2024-07-09T13:24:28.798+0000] {dagbag.py:540} INFO - Filling up the DagBag from /home/airflow/.local/lib/python3.11/site-packages/airflow/example_dags/example_params_ui_tutorial.py
[2024-07-09T13:24:28.807+0000] {processor.py:840} INFO - DAG(s) 'example_params_ui_tutorial' retrieved from /home/airflow/.local/lib/python3.11/site-packages/airflow/example_dags/example_params_ui_tutorial.py
[2024-07-09T13:24:28.855+0000] {logging_mixin.py:188} INFO - [2024-07-09T13:24:28.855+0000] {dag.py:3047} INFO - Sync 1 DAGs
[2024-07-09T13:24:28.866+0000] {logging_mixin.py:188} INFO - [2024-07-09T13:24:28.866+0000] {dag.py:3834} INFO - Setting next_dagrun for example_params_ui_tutorial to None, run_after=None
[2024-07-09T13:24:28.881+0000] {processor.py:183} INFO - Processing /home/airflow/.local/lib/python3.11/site-packages/airflow/example_dags/example_params_ui_tutorial.py took 0.087 seconds
[2024-07-09T13:24:59.547+0000] {processor.py:161} INFO - Started process (PID=3556) to work on /home/airflow/.local/lib/python3.11/site-packages/airflow/example_dags/example_params_ui_tutorial.py
[2024-07-09T13:24:59.548+0000] {processor.py:830} INFO - Processing file /home/airflow/.local/lib/python3.11/site-packages/airflow/example_dags/example_params_ui_tutorial.py for tasks to queue
[2024-07-09T13:24:59.549+0000] {logging_mixin.py:188} INFO - [2024-07-09T13:24:59.548+0000] {dagbag.py:540} INFO - Filling up the DagBag from /home/airflow/.local/lib/python3.11/site-packages/airflow/example_dags/example_params_ui_tutorial.py
[2024-07-09T13:24:59.559+0000] {processor.py:840} INFO - DAG(s) 'example_params_ui_tutorial' retrieved from /home/airflow/.local/lib/python3.11/site-packages/airflow/example_dags/example_params_ui_tutorial.py
[2024-07-09T13:24:59.604+0000] {logging_mixin.py:188} INFO - [2024-07-09T13:24:59.604+0000] {dag.py:3047} INFO - Sync 1 DAGs
[2024-07-09T13:24:59.614+0000] {logging_mixin.py:188} INFO - [2024-07-09T13:24:59.613+0000] {dag.py:3834} INFO - Setting next_dagrun for example_params_ui_tutorial to None, run_after=None
[2024-07-09T13:24:59.629+0000] {processor.py:183} INFO - Processing /home/airflow/.local/lib/python3.11/site-packages/airflow/example_dags/example_params_ui_tutorial.py took 0.084 seconds
[2024-07-09T13:26:10.567+0000] {processor.py:161} INFO - Started process (PID=315) to work on /home/airflow/.local/lib/python3.11/site-packages/airflow/example_dags/example_params_ui_tutorial.py
[2024-07-09T13:26:10.568+0000] {processor.py:830} INFO - Processing file /home/airflow/.local/lib/python3.11/site-packages/airflow/example_dags/example_params_ui_tutorial.py for tasks to queue
[2024-07-09T13:26:10.569+0000] {logging_mixin.py:188} INFO - [2024-07-09T13:26:10.569+0000] {dagbag.py:540} INFO - Filling up the DagBag from /home/airflow/.local/lib/python3.11/site-packages/airflow/example_dags/example_params_ui_tutorial.py
[2024-07-09T13:26:10.579+0000] {processor.py:840} INFO - DAG(s) 'example_params_ui_tutorial' retrieved from /home/airflow/.local/lib/python3.11/site-packages/airflow/example_dags/example_params_ui_tutorial.py
[2024-07-09T13:26:10.691+0000] {logging_mixin.py:188} INFO - [2024-07-09T13:26:10.691+0000] {override.py:1769} INFO - Created Permission View: can delete on DAG:example_params_ui_tutorial
[2024-07-09T13:26:10.700+0000] {logging_mixin.py:188} INFO - [2024-07-09T13:26:10.700+0000] {override.py:1769} INFO - Created Permission View: can read on DAG:example_params_ui_tutorial
[2024-07-09T13:26:10.706+0000] {logging_mixin.py:188} INFO - [2024-07-09T13:26:10.706+0000] {override.py:1769} INFO - Created Permission View: can edit on DAG:example_params_ui_tutorial
[2024-07-09T13:26:10.706+0000] {logging_mixin.py:188} INFO - [2024-07-09T13:26:10.706+0000] {dag.py:3047} INFO - Sync 1 DAGs
[2024-07-09T13:26:10.715+0000] {logging_mixin.py:188} INFO - [2024-07-09T13:26:10.715+0000] {dag.py:3069} INFO - Creating ORM DAG for example_params_ui_tutorial
[2024-07-09T13:26:10.716+0000] {logging_mixin.py:188} INFO - [2024-07-09T13:26:10.716+0000] {dag.py:3834} INFO - Setting next_dagrun for example_params_ui_tutorial to None, run_after=None
[2024-07-09T13:26:10.729+0000] {processor.py:183} INFO - Processing /home/airflow/.local/lib/python3.11/site-packages/airflow/example_dags/example_params_ui_tutorial.py took 0.165 seconds
[2024-07-09T13:26:41.346+0000] {processor.py:161} INFO - Started process (PID=585) to work on /home/airflow/.local/lib/python3.11/site-packages/airflow/example_dags/example_params_ui_tutorial.py
[2024-07-09T13:26:41.347+0000] {processor.py:830} INFO - Processing file /home/airflow/.local/lib/python3.11/site-packages/airflow/example_dags/example_params_ui_tutorial.py for tasks to queue
[2024-07-09T13:26:41.348+0000] {logging_mixin.py:188} INFO - [2024-07-09T13:26:41.348+0000] {dagbag.py:540} INFO - Filling up the DagBag from /home/airflow/.local/lib/python3.11/site-packages/airflow/example_dags/example_params_ui_tutorial.py
[2024-07-09T13:26:41.358+0000] {processor.py:840} INFO - DAG(s) 'example_params_ui_tutorial' retrieved from /home/airflow/.local/lib/python3.11/site-packages/airflow/example_dags/example_params_ui_tutorial.py
[2024-07-09T13:26:41.405+0000] {logging_mixin.py:188} INFO - [2024-07-09T13:26:41.404+0000] {dag.py:3047} INFO - Sync 1 DAGs
[2024-07-09T13:26:41.414+0000] {logging_mixin.py:188} INFO - [2024-07-09T13:26:41.414+0000] {dag.py:3834} INFO - Setting next_dagrun for example_params_ui_tutorial to None, run_after=None
[2024-07-09T13:26:41.431+0000] {processor.py:183} INFO - Processing /home/airflow/.local/lib/python3.11/site-packages/airflow/example_dags/example_params_ui_tutorial.py took 0.087 seconds
[2024-07-09T13:27:11.785+0000] {processor.py:161} INFO - Started process (PID=855) to work on /home/airflow/.local/lib/python3.11/site-packages/airflow/example_dags/example_params_ui_tutorial.py
[2024-07-09T13:27:11.786+0000] {processor.py:830} INFO - Processing file /home/airflow/.local/lib/python3.11/site-packages/airflow/example_dags/example_params_ui_tutorial.py for tasks to queue
[2024-07-09T13:27:11.786+0000] {logging_mixin.py:188} INFO - [2024-07-09T13:27:11.786+0000] {dagbag.py:540} INFO - Filling up the DagBag from /home/airflow/.local/lib/python3.11/site-packages/airflow/example_dags/example_params_ui_tutorial.py
[2024-07-09T13:27:11.796+0000] {processor.py:840} INFO - DAG(s) 'example_params_ui_tutorial' retrieved from /home/airflow/.local/lib/python3.11/site-packages/airflow/example_dags/example_params_ui_tutorial.py
[2024-07-09T13:27:11.839+0000] {logging_mixin.py:188} INFO - [2024-07-09T13:27:11.839+0000] {dag.py:3047} INFO - Sync 1 DAGs
[2024-07-09T13:27:11.849+0000] {logging_mixin.py:188} INFO - [2024-07-09T13:27:11.848+0000] {dag.py:3834} INFO - Setting next_dagrun for example_params_ui_tutorial to None, run_after=None
[2024-07-09T13:27:11.865+0000] {processor.py:183} INFO - Processing /home/airflow/.local/lib/python3.11/site-packages/airflow/example_dags/example_params_ui_tutorial.py took 0.083 seconds
[2024-07-09T13:27:42.395+0000] {processor.py:161} INFO - Started process (PID=1125) to work on /home/airflow/.local/lib/python3.11/site-packages/airflow/example_dags/example_params_ui_tutorial.py
[2024-07-09T13:27:42.396+0000] {processor.py:830} INFO - Processing file /home/airflow/.local/lib/python3.11/site-packages/airflow/example_dags/example_params_ui_tutorial.py for tasks to queue
[2024-07-09T13:27:42.396+0000] {logging_mixin.py:188} INFO - [2024-07-09T13:27:42.396+0000] {dagbag.py:540} INFO - Filling up the DagBag from /home/airflow/.local/lib/python3.11/site-packages/airflow/example_dags/example_params_ui_tutorial.py
[2024-07-09T13:27:42.406+0000] {processor.py:840} INFO - DAG(s) 'example_params_ui_tutorial' retrieved from /home/airflow/.local/lib/python3.11/site-packages/airflow/example_dags/example_params_ui_tutorial.py
[2024-07-09T13:27:42.573+0000] {logging_mixin.py:188} INFO - [2024-07-09T13:27:42.572+0000] {dag.py:3047} INFO - Sync 1 DAGs
[2024-07-09T13:27:42.581+0000] {logging_mixin.py:188} INFO - [2024-07-09T13:27:42.581+0000] {dag.py:3834} INFO - Setting next_dagrun for example_params_ui_tutorial to None, run_after=None
[2024-07-09T13:27:42.595+0000] {processor.py:183} INFO - Processing /home/airflow/.local/lib/python3.11/site-packages/airflow/example_dags/example_params_ui_tutorial.py took 0.203 seconds
[2024-07-09T13:28:13.501+0000] {processor.py:161} INFO - Started process (PID=1397) to work on /home/airflow/.local/lib/python3.11/site-packages/airflow/example_dags/example_params_ui_tutorial.py
[2024-07-09T13:28:13.502+0000] {processor.py:830} INFO - Processing file /home/airflow/.local/lib/python3.11/site-packages/airflow/example_dags/example_params_ui_tutorial.py for tasks to queue
[2024-07-09T13:28:13.503+0000] {logging_mixin.py:188} INFO - [2024-07-09T13:28:13.503+0000] {dagbag.py:540} INFO - Filling up the DagBag from /home/airflow/.local/lib/python3.11/site-packages/airflow/example_dags/example_params_ui_tutorial.py
[2024-07-09T13:28:13.513+0000] {processor.py:840} INFO - DAG(s) 'example_params_ui_tutorial' retrieved from /home/airflow/.local/lib/python3.11/site-packages/airflow/example_dags/example_params_ui_tutorial.py
[2024-07-09T13:28:13.560+0000] {logging_mixin.py:188} INFO - [2024-07-09T13:28:13.560+0000] {dag.py:3047} INFO - Sync 1 DAGs
[2024-07-09T13:28:13.570+0000] {logging_mixin.py:188} INFO - [2024-07-09T13:28:13.570+0000] {dag.py:3834} INFO - Setting next_dagrun for example_params_ui_tutorial to None, run_after=None
[2024-07-09T13:28:13.587+0000] {processor.py:183} INFO - Processing /home/airflow/.local/lib/python3.11/site-packages/airflow/example_dags/example_params_ui_tutorial.py took 0.088 seconds
[2024-07-09T13:28:43.993+0000] {processor.py:161} INFO - Started process (PID=1667) to work on /home/airflow/.local/lib/python3.11/site-packages/airflow/example_dags/example_params_ui_tutorial.py
[2024-07-09T13:28:43.994+0000] {processor.py:830} INFO - Processing file /home/airflow/.local/lib/python3.11/site-packages/airflow/example_dags/example_params_ui_tutorial.py for tasks to queue
[2024-07-09T13:28:43.995+0000] {logging_mixin.py:188} INFO - [2024-07-09T13:28:43.995+0000] {dagbag.py:540} INFO - Filling up the DagBag from /home/airflow/.local/lib/python3.11/site-packages/airflow/example_dags/example_params_ui_tutorial.py
[2024-07-09T13:28:44.004+0000] {processor.py:840} INFO - DAG(s) 'example_params_ui_tutorial' retrieved from /home/airflow/.local/lib/python3.11/site-packages/airflow/example_dags/example_params_ui_tutorial.py
[2024-07-09T13:28:44.054+0000] {logging_mixin.py:188} INFO - [2024-07-09T13:28:44.054+0000] {dag.py:3047} INFO - Sync 1 DAGs
[2024-07-09T13:28:44.064+0000] {logging_mixin.py:188} INFO - [2024-07-09T13:28:44.064+0000] {dag.py:3834} INFO - Setting next_dagrun for example_params_ui_tutorial to None, run_after=None
[2024-07-09T13:28:44.081+0000] {processor.py:183} INFO - Processing /home/airflow/.local/lib/python3.11/site-packages/airflow/example_dags/example_params_ui_tutorial.py took 0.090 seconds
[2024-07-09T13:29:14.342+0000] {processor.py:161} INFO - Started process (PID=1937) to work on /home/airflow/.local/lib/python3.11/site-packages/airflow/example_dags/example_params_ui_tutorial.py
[2024-07-09T13:29:14.344+0000] {processor.py:830} INFO - Processing file /home/airflow/.local/lib/python3.11/site-packages/airflow/example_dags/example_params_ui_tutorial.py for tasks to queue
[2024-07-09T13:29:14.345+0000] {logging_mixin.py:188} INFO - [2024-07-09T13:29:14.345+0000] {dagbag.py:540} INFO - Filling up the DagBag from /home/airflow/.local/lib/python3.11/site-packages/airflow/example_dags/example_params_ui_tutorial.py
[2024-07-09T13:29:14.354+0000] {processor.py:840} INFO - DAG(s) 'example_params_ui_tutorial' retrieved from /home/airflow/.local/lib/python3.11/site-packages/airflow/example_dags/example_params_ui_tutorial.py
[2024-07-09T13:29:14.398+0000] {logging_mixin.py:188} INFO - [2024-07-09T13:29:14.398+0000] {dag.py:3047} INFO - Sync 1 DAGs
[2024-07-09T13:29:14.408+0000] {logging_mixin.py:188} INFO - [2024-07-09T13:29:14.408+0000] {dag.py:3834} INFO - Setting next_dagrun for example_params_ui_tutorial to None, run_after=None
[2024-07-09T13:29:14.426+0000] {processor.py:183} INFO - Processing /home/airflow/.local/lib/python3.11/site-packages/airflow/example_dags/example_params_ui_tutorial.py took 0.087 seconds
[2024-07-09T13:29:44.730+0000] {processor.py:161} INFO - Started process (PID=2207) to work on /home/airflow/.local/lib/python3.11/site-packages/airflow/example_dags/example_params_ui_tutorial.py
[2024-07-09T13:29:44.731+0000] {processor.py:830} INFO - Processing file /home/airflow/.local/lib/python3.11/site-packages/airflow/example_dags/example_params_ui_tutorial.py for tasks to queue
[2024-07-09T13:29:44.732+0000] {logging_mixin.py:188} INFO - [2024-07-09T13:29:44.732+0000] {dagbag.py:540} INFO - Filling up the DagBag from /home/airflow/.local/lib/python3.11/site-packages/airflow/example_dags/example_params_ui_tutorial.py
[2024-07-09T13:29:44.742+0000] {processor.py:840} INFO - DAG(s) 'example_params_ui_tutorial' retrieved from /home/airflow/.local/lib/python3.11/site-packages/airflow/example_dags/example_params_ui_tutorial.py
[2024-07-09T13:29:44.790+0000] {logging_mixin.py:188} INFO - [2024-07-09T13:29:44.790+0000] {dag.py:3047} INFO - Sync 1 DAGs
[2024-07-09T13:29:44.800+0000] {logging_mixin.py:188} INFO - [2024-07-09T13:29:44.800+0000] {dag.py:3834} INFO - Setting next_dagrun for example_params_ui_tutorial to None, run_after=None
[2024-07-09T13:29:44.816+0000] {processor.py:183} INFO - Processing /home/airflow/.local/lib/python3.11/site-packages/airflow/example_dags/example_params_ui_tutorial.py took 0.088 seconds
[2024-07-09T13:31:38.834+0000] {processor.py:161} INFO - Started process (PID=314) to work on /home/airflow/.local/lib/python3.11/site-packages/airflow/example_dags/example_params_ui_tutorial.py
[2024-07-09T13:31:38.836+0000] {processor.py:830} INFO - Processing file /home/airflow/.local/lib/python3.11/site-packages/airflow/example_dags/example_params_ui_tutorial.py for tasks to queue
[2024-07-09T13:31:38.836+0000] {logging_mixin.py:188} INFO - [2024-07-09T13:31:38.836+0000] {dagbag.py:540} INFO - Filling up the DagBag from /home/airflow/.local/lib/python3.11/site-packages/airflow/example_dags/example_params_ui_tutorial.py
[2024-07-09T13:31:38.847+0000] {processor.py:840} INFO - DAG(s) 'example_params_ui_tutorial' retrieved from /home/airflow/.local/lib/python3.11/site-packages/airflow/example_dags/example_params_ui_tutorial.py
[2024-07-09T13:31:38.966+0000] {logging_mixin.py:188} INFO - [2024-07-09T13:31:38.965+0000] {override.py:1769} INFO - Created Permission View: can edit on DAG:example_params_ui_tutorial
[2024-07-09T13:31:38.974+0000] {logging_mixin.py:188} INFO - [2024-07-09T13:31:38.974+0000] {override.py:1769} INFO - Created Permission View: can delete on DAG:example_params_ui_tutorial
[2024-07-09T13:31:38.980+0000] {logging_mixin.py:188} INFO - [2024-07-09T13:31:38.980+0000] {override.py:1769} INFO - Created Permission View: can read on DAG:example_params_ui_tutorial
[2024-07-09T13:31:38.981+0000] {logging_mixin.py:188} INFO - [2024-07-09T13:31:38.980+0000] {dag.py:3047} INFO - Sync 1 DAGs
[2024-07-09T13:31:38.990+0000] {logging_mixin.py:188} INFO - [2024-07-09T13:31:38.990+0000] {dag.py:3069} INFO - Creating ORM DAG for example_params_ui_tutorial
[2024-07-09T13:31:38.991+0000] {logging_mixin.py:188} INFO - [2024-07-09T13:31:38.991+0000] {dag.py:3834} INFO - Setting next_dagrun for example_params_ui_tutorial to None, run_after=None
[2024-07-09T13:31:39.006+0000] {processor.py:183} INFO - Processing /home/airflow/.local/lib/python3.11/site-packages/airflow/example_dags/example_params_ui_tutorial.py took 0.175 seconds
[2024-07-09T13:32:09.938+0000] {processor.py:161} INFO - Started process (PID=586) to work on /home/airflow/.local/lib/python3.11/site-packages/airflow/example_dags/example_params_ui_tutorial.py
[2024-07-09T13:32:09.940+0000] {processor.py:830} INFO - Processing file /home/airflow/.local/lib/python3.11/site-packages/airflow/example_dags/example_params_ui_tutorial.py for tasks to queue
[2024-07-09T13:32:09.941+0000] {logging_mixin.py:188} INFO - [2024-07-09T13:32:09.940+0000] {dagbag.py:540} INFO - Filling up the DagBag from /home/airflow/.local/lib/python3.11/site-packages/airflow/example_dags/example_params_ui_tutorial.py
[2024-07-09T13:32:09.954+0000] {processor.py:840} INFO - DAG(s) 'example_params_ui_tutorial' retrieved from /home/airflow/.local/lib/python3.11/site-packages/airflow/example_dags/example_params_ui_tutorial.py
[2024-07-09T13:32:10.024+0000] {logging_mixin.py:188} INFO - [2024-07-09T13:32:10.024+0000] {dag.py:3047} INFO - Sync 1 DAGs
[2024-07-09T13:32:10.038+0000] {logging_mixin.py:188} INFO - [2024-07-09T13:32:10.037+0000] {dag.py:3834} INFO - Setting next_dagrun for example_params_ui_tutorial to None, run_after=None
[2024-07-09T13:32:10.058+0000] {processor.py:183} INFO - Processing /home/airflow/.local/lib/python3.11/site-packages/airflow/example_dags/example_params_ui_tutorial.py took 0.126 seconds
[2024-07-09T13:32:40.380+0000] {processor.py:161} INFO - Started process (PID=856) to work on /home/airflow/.local/lib/python3.11/site-packages/airflow/example_dags/example_params_ui_tutorial.py
[2024-07-09T13:32:40.381+0000] {processor.py:830} INFO - Processing file /home/airflow/.local/lib/python3.11/site-packages/airflow/example_dags/example_params_ui_tutorial.py for tasks to queue
[2024-07-09T13:32:40.382+0000] {logging_mixin.py:188} INFO - [2024-07-09T13:32:40.382+0000] {dagbag.py:540} INFO - Filling up the DagBag from /home/airflow/.local/lib/python3.11/site-packages/airflow/example_dags/example_params_ui_tutorial.py
[2024-07-09T13:32:40.393+0000] {processor.py:840} INFO - DAG(s) 'example_params_ui_tutorial' retrieved from /home/airflow/.local/lib/python3.11/site-packages/airflow/example_dags/example_params_ui_tutorial.py
[2024-07-09T13:32:40.439+0000] {logging_mixin.py:188} INFO - [2024-07-09T13:32:40.439+0000] {dag.py:3047} INFO - Sync 1 DAGs
[2024-07-09T13:32:40.450+0000] {logging_mixin.py:188} INFO - [2024-07-09T13:32:40.450+0000] {dag.py:3834} INFO - Setting next_dagrun for example_params_ui_tutorial to None, run_after=None
[2024-07-09T13:32:40.467+0000] {processor.py:183} INFO - Processing /home/airflow/.local/lib/python3.11/site-packages/airflow/example_dags/example_params_ui_tutorial.py took 0.090 seconds
[2024-07-09T13:33:10.821+0000] {processor.py:161} INFO - Started process (PID=1126) to work on /home/airflow/.local/lib/python3.11/site-packages/airflow/example_dags/example_params_ui_tutorial.py
[2024-07-09T13:33:10.822+0000] {processor.py:830} INFO - Processing file /home/airflow/.local/lib/python3.11/site-packages/airflow/example_dags/example_params_ui_tutorial.py for tasks to queue
[2024-07-09T13:33:10.822+0000] {logging_mixin.py:188} INFO - [2024-07-09T13:33:10.822+0000] {dagbag.py:540} INFO - Filling up the DagBag from /home/airflow/.local/lib/python3.11/site-packages/airflow/example_dags/example_params_ui_tutorial.py
[2024-07-09T13:33:10.831+0000] {processor.py:840} INFO - DAG(s) 'example_params_ui_tutorial' retrieved from /home/airflow/.local/lib/python3.11/site-packages/airflow/example_dags/example_params_ui_tutorial.py
[2024-07-09T13:33:10.989+0000] {logging_mixin.py:188} INFO - [2024-07-09T13:33:10.989+0000] {dag.py:3047} INFO - Sync 1 DAGs
[2024-07-09T13:33:10.997+0000] {logging_mixin.py:188} INFO - [2024-07-09T13:33:10.997+0000] {dag.py:3834} INFO - Setting next_dagrun for example_params_ui_tutorial to None, run_after=None
[2024-07-09T13:33:11.012+0000] {processor.py:183} INFO - Processing /home/airflow/.local/lib/python3.11/site-packages/airflow/example_dags/example_params_ui_tutorial.py took 0.194 seconds
[2024-07-09T13:33:41.887+0000] {processor.py:161} INFO - Started process (PID=1396) to work on /home/airflow/.local/lib/python3.11/site-packages/airflow/example_dags/example_params_ui_tutorial.py
[2024-07-09T13:33:41.889+0000] {processor.py:830} INFO - Processing file /home/airflow/.local/lib/python3.11/site-packages/airflow/example_dags/example_params_ui_tutorial.py for tasks to queue
[2024-07-09T13:33:41.889+0000] {logging_mixin.py:188} INFO - [2024-07-09T13:33:41.889+0000] {dagbag.py:540} INFO - Filling up the DagBag from /home/airflow/.local/lib/python3.11/site-packages/airflow/example_dags/example_params_ui_tutorial.py
[2024-07-09T13:33:41.899+0000] {processor.py:840} INFO - DAG(s) 'example_params_ui_tutorial' retrieved from /home/airflow/.local/lib/python3.11/site-packages/airflow/example_dags/example_params_ui_tutorial.py
[2024-07-09T13:33:41.944+0000] {logging_mixin.py:188} INFO - [2024-07-09T13:33:41.944+0000] {dag.py:3047} INFO - Sync 1 DAGs
[2024-07-09T13:33:41.954+0000] {logging_mixin.py:188} INFO - [2024-07-09T13:33:41.954+0000] {dag.py:3834} INFO - Setting next_dagrun for example_params_ui_tutorial to None, run_after=None
[2024-07-09T13:33:41.971+0000] {processor.py:183} INFO - Processing /home/airflow/.local/lib/python3.11/site-packages/airflow/example_dags/example_params_ui_tutorial.py took 0.086 seconds
[2024-07-09T13:34:12.293+0000] {processor.py:161} INFO - Started process (PID=1666) to work on /home/airflow/.local/lib/python3.11/site-packages/airflow/example_dags/example_params_ui_tutorial.py
[2024-07-09T13:34:12.294+0000] {processor.py:830} INFO - Processing file /home/airflow/.local/lib/python3.11/site-packages/airflow/example_dags/example_params_ui_tutorial.py for tasks to queue
[2024-07-09T13:34:12.296+0000] {logging_mixin.py:188} INFO - [2024-07-09T13:34:12.295+0000] {dagbag.py:540} INFO - Filling up the DagBag from /home/airflow/.local/lib/python3.11/site-packages/airflow/example_dags/example_params_ui_tutorial.py
[2024-07-09T13:34:12.305+0000] {processor.py:840} INFO - DAG(s) 'example_params_ui_tutorial' retrieved from /home/airflow/.local/lib/python3.11/site-packages/airflow/example_dags/example_params_ui_tutorial.py
[2024-07-09T13:34:12.354+0000] {logging_mixin.py:188} INFO - [2024-07-09T13:34:12.354+0000] {dag.py:3047} INFO - Sync 1 DAGs
[2024-07-09T13:34:12.364+0000] {logging_mixin.py:188} INFO - [2024-07-09T13:34:12.364+0000] {dag.py:3834} INFO - Setting next_dagrun for example_params_ui_tutorial to None, run_after=None
[2024-07-09T13:34:12.382+0000] {processor.py:183} INFO - Processing /home/airflow/.local/lib/python3.11/site-packages/airflow/example_dags/example_params_ui_tutorial.py took 0.092 seconds
[2024-07-09T13:34:42.502+0000] {processor.py:161} INFO - Started process (PID=1936) to work on /home/airflow/.local/lib/python3.11/site-packages/airflow/example_dags/example_params_ui_tutorial.py
[2024-07-09T13:34:42.504+0000] {processor.py:830} INFO - Processing file /home/airflow/.local/lib/python3.11/site-packages/airflow/example_dags/example_params_ui_tutorial.py for tasks to queue
[2024-07-09T13:34:42.505+0000] {logging_mixin.py:188} INFO - [2024-07-09T13:34:42.504+0000] {dagbag.py:540} INFO - Filling up the DagBag from /home/airflow/.local/lib/python3.11/site-packages/airflow/example_dags/example_params_ui_tutorial.py
[2024-07-09T13:34:42.517+0000] {processor.py:840} INFO - DAG(s) 'example_params_ui_tutorial' retrieved from /home/airflow/.local/lib/python3.11/site-packages/airflow/example_dags/example_params_ui_tutorial.py
[2024-07-09T13:34:42.561+0000] {logging_mixin.py:188} INFO - [2024-07-09T13:34:42.561+0000] {dag.py:3047} INFO - Sync 1 DAGs
[2024-07-09T13:34:42.571+0000] {logging_mixin.py:188} INFO - [2024-07-09T13:34:42.571+0000] {dag.py:3834} INFO - Setting next_dagrun for example_params_ui_tutorial to None, run_after=None
[2024-07-09T13:34:42.586+0000] {processor.py:183} INFO - Processing /home/airflow/.local/lib/python3.11/site-packages/airflow/example_dags/example_params_ui_tutorial.py took 0.089 seconds
[2024-07-09T13:35:12.820+0000] {processor.py:161} INFO - Started process (PID=2206) to work on /home/airflow/.local/lib/python3.11/site-packages/airflow/example_dags/example_params_ui_tutorial.py
[2024-07-09T13:35:12.821+0000] {processor.py:830} INFO - Processing file /home/airflow/.local/lib/python3.11/site-packages/airflow/example_dags/example_params_ui_tutorial.py for tasks to queue
[2024-07-09T13:35:12.822+0000] {logging_mixin.py:188} INFO - [2024-07-09T13:35:12.822+0000] {dagbag.py:540} INFO - Filling up the DagBag from /home/airflow/.local/lib/python3.11/site-packages/airflow/example_dags/example_params_ui_tutorial.py
[2024-07-09T13:35:12.831+0000] {processor.py:840} INFO - DAG(s) 'example_params_ui_tutorial' retrieved from /home/airflow/.local/lib/python3.11/site-packages/airflow/example_dags/example_params_ui_tutorial.py
[2024-07-09T13:35:12.877+0000] {logging_mixin.py:188} INFO - [2024-07-09T13:35:12.877+0000] {dag.py:3047} INFO - Sync 1 DAGs
[2024-07-09T13:35:12.886+0000] {logging_mixin.py:188} INFO - [2024-07-09T13:35:12.886+0000] {dag.py:3834} INFO - Setting next_dagrun for example_params_ui_tutorial to None, run_after=None
[2024-07-09T13:35:12.902+0000] {processor.py:183} INFO - Processing /home/airflow/.local/lib/python3.11/site-packages/airflow/example_dags/example_params_ui_tutorial.py took 0.085 seconds
[2024-07-09T13:35:43.211+0000] {processor.py:161} INFO - Started process (PID=2476) to work on /home/airflow/.local/lib/python3.11/site-packages/airflow/example_dags/example_params_ui_tutorial.py
[2024-07-09T13:35:43.212+0000] {processor.py:830} INFO - Processing file /home/airflow/.local/lib/python3.11/site-packages/airflow/example_dags/example_params_ui_tutorial.py for tasks to queue
[2024-07-09T13:35:43.213+0000] {logging_mixin.py:188} INFO - [2024-07-09T13:35:43.213+0000] {dagbag.py:540} INFO - Filling up the DagBag from /home/airflow/.local/lib/python3.11/site-packages/airflow/example_dags/example_params_ui_tutorial.py
[2024-07-09T13:35:43.222+0000] {processor.py:840} INFO - DAG(s) 'example_params_ui_tutorial' retrieved from /home/airflow/.local/lib/python3.11/site-packages/airflow/example_dags/example_params_ui_tutorial.py
[2024-07-09T13:35:43.266+0000] {logging_mixin.py:188} INFO - [2024-07-09T13:35:43.266+0000] {dag.py:3047} INFO - Sync 1 DAGs
[2024-07-09T13:35:43.276+0000] {logging_mixin.py:188} INFO - [2024-07-09T13:35:43.276+0000] {dag.py:3834} INFO - Setting next_dagrun for example_params_ui_tutorial to None, run_after=None
[2024-07-09T13:35:43.292+0000] {processor.py:183} INFO - Processing /home/airflow/.local/lib/python3.11/site-packages/airflow/example_dags/example_params_ui_tutorial.py took 0.083 seconds
[2024-07-09T13:36:13.670+0000] {processor.py:161} INFO - Started process (PID=2746) to work on /home/airflow/.local/lib/python3.11/site-packages/airflow/example_dags/example_params_ui_tutorial.py
[2024-07-09T13:36:13.671+0000] {processor.py:830} INFO - Processing file /home/airflow/.local/lib/python3.11/site-packages/airflow/example_dags/example_params_ui_tutorial.py for tasks to queue
[2024-07-09T13:36:13.672+0000] {logging_mixin.py:188} INFO - [2024-07-09T13:36:13.672+0000] {dagbag.py:540} INFO - Filling up the DagBag from /home/airflow/.local/lib/python3.11/site-packages/airflow/example_dags/example_params_ui_tutorial.py
[2024-07-09T13:36:13.683+0000] {processor.py:840} INFO - DAG(s) 'example_params_ui_tutorial' retrieved from /home/airflow/.local/lib/python3.11/site-packages/airflow/example_dags/example_params_ui_tutorial.py
[2024-07-09T13:36:13.729+0000] {logging_mixin.py:188} INFO - [2024-07-09T13:36:13.728+0000] {dag.py:3047} INFO - Sync 1 DAGs
[2024-07-09T13:36:13.738+0000] {logging_mixin.py:188} INFO - [2024-07-09T13:36:13.738+0000] {dag.py:3834} INFO - Setting next_dagrun for example_params_ui_tutorial to None, run_after=None
[2024-07-09T13:36:13.754+0000] {processor.py:183} INFO - Processing /home/airflow/.local/lib/python3.11/site-packages/airflow/example_dags/example_params_ui_tutorial.py took 0.087 seconds
[2024-07-09T13:36:43.971+0000] {processor.py:161} INFO - Started process (PID=3016) to work on /home/airflow/.local/lib/python3.11/site-packages/airflow/example_dags/example_params_ui_tutorial.py
[2024-07-09T13:36:43.972+0000] {processor.py:830} INFO - Processing file /home/airflow/.local/lib/python3.11/site-packages/airflow/example_dags/example_params_ui_tutorial.py for tasks to queue
[2024-07-09T13:36:43.973+0000] {logging_mixin.py:188} INFO - [2024-07-09T13:36:43.972+0000] {dagbag.py:540} INFO - Filling up the DagBag from /home/airflow/.local/lib/python3.11/site-packages/airflow/example_dags/example_params_ui_tutorial.py
[2024-07-09T13:36:43.982+0000] {processor.py:840} INFO - DAG(s) 'example_params_ui_tutorial' retrieved from /home/airflow/.local/lib/python3.11/site-packages/airflow/example_dags/example_params_ui_tutorial.py
[2024-07-09T13:36:44.027+0000] {logging_mixin.py:188} INFO - [2024-07-09T13:36:44.027+0000] {dag.py:3047} INFO - Sync 1 DAGs
[2024-07-09T13:36:44.036+0000] {logging_mixin.py:188} INFO - [2024-07-09T13:36:44.036+0000] {dag.py:3834} INFO - Setting next_dagrun for example_params_ui_tutorial to None, run_after=None
[2024-07-09T13:36:44.051+0000] {processor.py:183} INFO - Processing /home/airflow/.local/lib/python3.11/site-packages/airflow/example_dags/example_params_ui_tutorial.py took 0.083 seconds
[2024-07-09T13:37:14.562+0000] {processor.py:161} INFO - Started process (PID=3286) to work on /home/airflow/.local/lib/python3.11/site-packages/airflow/example_dags/example_params_ui_tutorial.py
[2024-07-09T13:37:14.564+0000] {processor.py:830} INFO - Processing file /home/airflow/.local/lib/python3.11/site-packages/airflow/example_dags/example_params_ui_tutorial.py for tasks to queue
[2024-07-09T13:37:14.565+0000] {logging_mixin.py:188} INFO - [2024-07-09T13:37:14.564+0000] {dagbag.py:540} INFO - Filling up the DagBag from /home/airflow/.local/lib/python3.11/site-packages/airflow/example_dags/example_params_ui_tutorial.py
[2024-07-09T13:37:14.576+0000] {processor.py:840} INFO - DAG(s) 'example_params_ui_tutorial' retrieved from /home/airflow/.local/lib/python3.11/site-packages/airflow/example_dags/example_params_ui_tutorial.py
[2024-07-09T13:37:14.632+0000] {logging_mixin.py:188} INFO - [2024-07-09T13:37:14.632+0000] {dag.py:3047} INFO - Sync 1 DAGs
[2024-07-09T13:37:14.643+0000] {logging_mixin.py:188} INFO - [2024-07-09T13:37:14.643+0000] {dag.py:3834} INFO - Setting next_dagrun for example_params_ui_tutorial to None, run_after=None
[2024-07-09T13:37:14.660+0000] {processor.py:183} INFO - Processing /home/airflow/.local/lib/python3.11/site-packages/airflow/example_dags/example_params_ui_tutorial.py took 0.100 seconds
[2024-07-09T13:46:11.943+0000] {processor.py:161} INFO - Started process (PID=314) to work on /home/airflow/.local/lib/python3.11/site-packages/airflow/example_dags/example_params_ui_tutorial.py
[2024-07-09T13:46:11.945+0000] {processor.py:830} INFO - Processing file /home/airflow/.local/lib/python3.11/site-packages/airflow/example_dags/example_params_ui_tutorial.py for tasks to queue
[2024-07-09T13:46:11.945+0000] {logging_mixin.py:188} INFO - [2024-07-09T13:46:11.945+0000] {dagbag.py:540} INFO - Filling up the DagBag from /home/airflow/.local/lib/python3.11/site-packages/airflow/example_dags/example_params_ui_tutorial.py
[2024-07-09T13:46:11.955+0000] {processor.py:840} INFO - DAG(s) 'example_params_ui_tutorial' retrieved from /home/airflow/.local/lib/python3.11/site-packages/airflow/example_dags/example_params_ui_tutorial.py
[2024-07-09T13:46:12.066+0000] {logging_mixin.py:188} INFO - [2024-07-09T13:46:12.065+0000] {override.py:1769} INFO - Created Permission View: can delete on DAG:example_params_ui_tutorial
[2024-07-09T13:46:12.075+0000] {logging_mixin.py:188} INFO - [2024-07-09T13:46:12.075+0000] {override.py:1769} INFO - Created Permission View: can read on DAG:example_params_ui_tutorial
[2024-07-09T13:46:12.082+0000] {logging_mixin.py:188} INFO - [2024-07-09T13:46:12.082+0000] {override.py:1769} INFO - Created Permission View: can edit on DAG:example_params_ui_tutorial
[2024-07-09T13:46:12.083+0000] {logging_mixin.py:188} INFO - [2024-07-09T13:46:12.083+0000] {dag.py:3047} INFO - Sync 1 DAGs
[2024-07-09T13:46:12.093+0000] {logging_mixin.py:188} INFO - [2024-07-09T13:46:12.093+0000] {dag.py:3069} INFO - Creating ORM DAG for example_params_ui_tutorial
[2024-07-09T13:46:12.093+0000] {logging_mixin.py:188} INFO - [2024-07-09T13:46:12.093+0000] {dag.py:3834} INFO - Setting next_dagrun for example_params_ui_tutorial to None, run_after=None
[2024-07-09T13:46:12.108+0000] {processor.py:183} INFO - Processing /home/airflow/.local/lib/python3.11/site-packages/airflow/example_dags/example_params_ui_tutorial.py took 0.167 seconds
[2024-07-09T13:46:42.701+0000] {processor.py:161} INFO - Started process (PID=586) to work on /home/airflow/.local/lib/python3.11/site-packages/airflow/example_dags/example_params_ui_tutorial.py
[2024-07-09T13:46:42.702+0000] {processor.py:830} INFO - Processing file /home/airflow/.local/lib/python3.11/site-packages/airflow/example_dags/example_params_ui_tutorial.py for tasks to queue
[2024-07-09T13:46:42.702+0000] {logging_mixin.py:188} INFO - [2024-07-09T13:46:42.702+0000] {dagbag.py:540} INFO - Filling up the DagBag from /home/airflow/.local/lib/python3.11/site-packages/airflow/example_dags/example_params_ui_tutorial.py
[2024-07-09T13:46:42.711+0000] {processor.py:840} INFO - DAG(s) 'example_params_ui_tutorial' retrieved from /home/airflow/.local/lib/python3.11/site-packages/airflow/example_dags/example_params_ui_tutorial.py
[2024-07-09T13:46:42.759+0000] {logging_mixin.py:188} INFO - [2024-07-09T13:46:42.759+0000] {dag.py:3047} INFO - Sync 1 DAGs
[2024-07-09T13:46:42.768+0000] {logging_mixin.py:188} INFO - [2024-07-09T13:46:42.768+0000] {dag.py:3834} INFO - Setting next_dagrun for example_params_ui_tutorial to None, run_after=None
[2024-07-09T13:46:42.784+0000] {processor.py:183} INFO - Processing /home/airflow/.local/lib/python3.11/site-packages/airflow/example_dags/example_params_ui_tutorial.py took 0.086 seconds
[2024-07-09T13:47:13.441+0000] {processor.py:161} INFO - Started process (PID=854) to work on /home/airflow/.local/lib/python3.11/site-packages/airflow/example_dags/example_params_ui_tutorial.py
[2024-07-09T13:47:13.442+0000] {processor.py:830} INFO - Processing file /home/airflow/.local/lib/python3.11/site-packages/airflow/example_dags/example_params_ui_tutorial.py for tasks to queue
[2024-07-09T13:47:13.442+0000] {logging_mixin.py:188} INFO - [2024-07-09T13:47:13.442+0000] {dagbag.py:540} INFO - Filling up the DagBag from /home/airflow/.local/lib/python3.11/site-packages/airflow/example_dags/example_params_ui_tutorial.py
[2024-07-09T13:47:13.452+0000] {processor.py:840} INFO - DAG(s) 'example_params_ui_tutorial' retrieved from /home/airflow/.local/lib/python3.11/site-packages/airflow/example_dags/example_params_ui_tutorial.py
[2024-07-09T13:47:13.502+0000] {logging_mixin.py:188} INFO - [2024-07-09T13:47:13.502+0000] {dag.py:3047} INFO - Sync 1 DAGs
[2024-07-09T13:47:13.512+0000] {logging_mixin.py:188} INFO - [2024-07-09T13:47:13.512+0000] {dag.py:3834} INFO - Setting next_dagrun for example_params_ui_tutorial to None, run_after=None
[2024-07-09T13:47:13.527+0000] {processor.py:183} INFO - Processing /home/airflow/.local/lib/python3.11/site-packages/airflow/example_dags/example_params_ui_tutorial.py took 0.089 seconds
[2024-07-09T13:47:44.209+0000] {processor.py:161} INFO - Started process (PID=1124) to work on /home/airflow/.local/lib/python3.11/site-packages/airflow/example_dags/example_params_ui_tutorial.py
[2024-07-09T13:47:44.210+0000] {processor.py:830} INFO - Processing file /home/airflow/.local/lib/python3.11/site-packages/airflow/example_dags/example_params_ui_tutorial.py for tasks to queue
[2024-07-09T13:47:44.211+0000] {logging_mixin.py:188} INFO - [2024-07-09T13:47:44.211+0000] {dagbag.py:540} INFO - Filling up the DagBag from /home/airflow/.local/lib/python3.11/site-packages/airflow/example_dags/example_params_ui_tutorial.py
[2024-07-09T13:47:44.220+0000] {processor.py:840} INFO - DAG(s) 'example_params_ui_tutorial' retrieved from /home/airflow/.local/lib/python3.11/site-packages/airflow/example_dags/example_params_ui_tutorial.py
[2024-07-09T13:47:44.379+0000] {logging_mixin.py:188} INFO - [2024-07-09T13:47:44.379+0000] {dag.py:3047} INFO - Sync 1 DAGs
[2024-07-09T13:47:44.387+0000] {logging_mixin.py:188} INFO - [2024-07-09T13:47:44.387+0000] {dag.py:3834} INFO - Setting next_dagrun for example_params_ui_tutorial to None, run_after=None
[2024-07-09T13:47:44.406+0000] {processor.py:183} INFO - Processing /home/airflow/.local/lib/python3.11/site-packages/airflow/example_dags/example_params_ui_tutorial.py took 0.200 seconds
[2024-07-09T13:48:15.028+0000] {processor.py:161} INFO - Started process (PID=1394) to work on /home/airflow/.local/lib/python3.11/site-packages/airflow/example_dags/example_params_ui_tutorial.py
[2024-07-09T13:48:15.029+0000] {processor.py:830} INFO - Processing file /home/airflow/.local/lib/python3.11/site-packages/airflow/example_dags/example_params_ui_tutorial.py for tasks to queue
[2024-07-09T13:48:15.030+0000] {logging_mixin.py:188} INFO - [2024-07-09T13:48:15.029+0000] {dagbag.py:540} INFO - Filling up the DagBag from /home/airflow/.local/lib/python3.11/site-packages/airflow/example_dags/example_params_ui_tutorial.py
[2024-07-09T13:48:15.039+0000] {processor.py:840} INFO - DAG(s) 'example_params_ui_tutorial' retrieved from /home/airflow/.local/lib/python3.11/site-packages/airflow/example_dags/example_params_ui_tutorial.py
[2024-07-09T13:48:15.087+0000] {logging_mixin.py:188} INFO - [2024-07-09T13:48:15.087+0000] {dag.py:3047} INFO - Sync 1 DAGs
[2024-07-09T13:48:15.098+0000] {logging_mixin.py:188} INFO - [2024-07-09T13:48:15.098+0000] {dag.py:3834} INFO - Setting next_dagrun for example_params_ui_tutorial to None, run_after=None
[2024-07-09T13:48:15.114+0000] {processor.py:183} INFO - Processing /home/airflow/.local/lib/python3.11/site-packages/airflow/example_dags/example_params_ui_tutorial.py took 0.089 seconds
[2024-07-09T13:48:45.419+0000] {processor.py:161} INFO - Started process (PID=1666) to work on /home/airflow/.local/lib/python3.11/site-packages/airflow/example_dags/example_params_ui_tutorial.py
[2024-07-09T13:48:45.420+0000] {processor.py:830} INFO - Processing file /home/airflow/.local/lib/python3.11/site-packages/airflow/example_dags/example_params_ui_tutorial.py for tasks to queue
[2024-07-09T13:48:45.420+0000] {logging_mixin.py:188} INFO - [2024-07-09T13:48:45.420+0000] {dagbag.py:540} INFO - Filling up the DagBag from /home/airflow/.local/lib/python3.11/site-packages/airflow/example_dags/example_params_ui_tutorial.py
[2024-07-09T13:48:45.430+0000] {processor.py:840} INFO - DAG(s) 'example_params_ui_tutorial' retrieved from /home/airflow/.local/lib/python3.11/site-packages/airflow/example_dags/example_params_ui_tutorial.py
[2024-07-09T13:48:45.474+0000] {logging_mixin.py:188} INFO - [2024-07-09T13:48:45.474+0000] {dag.py:3047} INFO - Sync 1 DAGs
[2024-07-09T13:48:45.484+0000] {logging_mixin.py:188} INFO - [2024-07-09T13:48:45.483+0000] {dag.py:3834} INFO - Setting next_dagrun for example_params_ui_tutorial to None, run_after=None
[2024-07-09T13:48:45.497+0000] {processor.py:183} INFO - Processing /home/airflow/.local/lib/python3.11/site-packages/airflow/example_dags/example_params_ui_tutorial.py took 0.081 seconds
[2024-07-09T13:49:15.932+0000] {processor.py:161} INFO - Started process (PID=1936) to work on /home/airflow/.local/lib/python3.11/site-packages/airflow/example_dags/example_params_ui_tutorial.py
[2024-07-09T13:49:15.933+0000] {processor.py:830} INFO - Processing file /home/airflow/.local/lib/python3.11/site-packages/airflow/example_dags/example_params_ui_tutorial.py for tasks to queue
[2024-07-09T13:49:15.934+0000] {logging_mixin.py:188} INFO - [2024-07-09T13:49:15.933+0000] {dagbag.py:540} INFO - Filling up the DagBag from /home/airflow/.local/lib/python3.11/site-packages/airflow/example_dags/example_params_ui_tutorial.py
[2024-07-09T13:49:15.943+0000] {processor.py:840} INFO - DAG(s) 'example_params_ui_tutorial' retrieved from /home/airflow/.local/lib/python3.11/site-packages/airflow/example_dags/example_params_ui_tutorial.py
[2024-07-09T13:49:15.989+0000] {logging_mixin.py:188} INFO - [2024-07-09T13:49:15.989+0000] {dag.py:3047} INFO - Sync 1 DAGs
[2024-07-09T13:49:16.000+0000] {logging_mixin.py:188} INFO - [2024-07-09T13:49:16.000+0000] {dag.py:3834} INFO - Setting next_dagrun for example_params_ui_tutorial to None, run_after=None
[2024-07-09T13:49:16.017+0000] {processor.py:183} INFO - Processing /home/airflow/.local/lib/python3.11/site-packages/airflow/example_dags/example_params_ui_tutorial.py took 0.087 seconds
[2024-07-09T13:49:46.902+0000] {processor.py:161} INFO - Started process (PID=2204) to work on /home/airflow/.local/lib/python3.11/site-packages/airflow/example_dags/example_params_ui_tutorial.py
[2024-07-09T13:49:46.904+0000] {processor.py:830} INFO - Processing file /home/airflow/.local/lib/python3.11/site-packages/airflow/example_dags/example_params_ui_tutorial.py for tasks to queue
[2024-07-09T13:49:46.904+0000] {logging_mixin.py:188} INFO - [2024-07-09T13:49:46.904+0000] {dagbag.py:540} INFO - Filling up the DagBag from /home/airflow/.local/lib/python3.11/site-packages/airflow/example_dags/example_params_ui_tutorial.py
[2024-07-09T13:49:46.920+0000] {processor.py:840} INFO - DAG(s) 'example_params_ui_tutorial' retrieved from /home/airflow/.local/lib/python3.11/site-packages/airflow/example_dags/example_params_ui_tutorial.py
[2024-07-09T13:49:46.987+0000] {logging_mixin.py:188} INFO - [2024-07-09T13:49:46.986+0000] {dag.py:3047} INFO - Sync 1 DAGs
[2024-07-09T13:49:47.008+0000] {logging_mixin.py:188} INFO - [2024-07-09T13:49:47.008+0000] {dag.py:3834} INFO - Setting next_dagrun for example_params_ui_tutorial to None, run_after=None
[2024-07-09T13:49:47.027+0000] {processor.py:183} INFO - Processing /home/airflow/.local/lib/python3.11/site-packages/airflow/example_dags/example_params_ui_tutorial.py took 0.129 seconds
[2024-07-09T13:50:17.466+0000] {processor.py:161} INFO - Started process (PID=2476) to work on /home/airflow/.local/lib/python3.11/site-packages/airflow/example_dags/example_params_ui_tutorial.py
[2024-07-09T13:50:17.467+0000] {processor.py:830} INFO - Processing file /home/airflow/.local/lib/python3.11/site-packages/airflow/example_dags/example_params_ui_tutorial.py for tasks to queue
[2024-07-09T13:50:17.468+0000] {logging_mixin.py:188} INFO - [2024-07-09T13:50:17.467+0000] {dagbag.py:540} INFO - Filling up the DagBag from /home/airflow/.local/lib/python3.11/site-packages/airflow/example_dags/example_params_ui_tutorial.py
[2024-07-09T13:50:17.478+0000] {processor.py:840} INFO - DAG(s) 'example_params_ui_tutorial' retrieved from /home/airflow/.local/lib/python3.11/site-packages/airflow/example_dags/example_params_ui_tutorial.py
[2024-07-09T13:50:17.525+0000] {logging_mixin.py:188} INFO - [2024-07-09T13:50:17.525+0000] {dag.py:3047} INFO - Sync 1 DAGs
[2024-07-09T13:50:17.534+0000] {logging_mixin.py:188} INFO - [2024-07-09T13:50:17.534+0000] {dag.py:3834} INFO - Setting next_dagrun for example_params_ui_tutorial to None, run_after=None
[2024-07-09T13:50:17.549+0000] {processor.py:183} INFO - Processing /home/airflow/.local/lib/python3.11/site-packages/airflow/example_dags/example_params_ui_tutorial.py took 0.086 seconds
[2024-07-09T13:50:47.892+0000] {processor.py:161} INFO - Started process (PID=2746) to work on /home/airflow/.local/lib/python3.11/site-packages/airflow/example_dags/example_params_ui_tutorial.py
[2024-07-09T13:50:47.893+0000] {processor.py:830} INFO - Processing file /home/airflow/.local/lib/python3.11/site-packages/airflow/example_dags/example_params_ui_tutorial.py for tasks to queue
[2024-07-09T13:50:47.894+0000] {logging_mixin.py:188} INFO - [2024-07-09T13:50:47.893+0000] {dagbag.py:540} INFO - Filling up the DagBag from /home/airflow/.local/lib/python3.11/site-packages/airflow/example_dags/example_params_ui_tutorial.py
[2024-07-09T13:50:47.903+0000] {processor.py:840} INFO - DAG(s) 'example_params_ui_tutorial' retrieved from /home/airflow/.local/lib/python3.11/site-packages/airflow/example_dags/example_params_ui_tutorial.py
[2024-07-09T13:50:47.946+0000] {logging_mixin.py:188} INFO - [2024-07-09T13:50:47.946+0000] {dag.py:3047} INFO - Sync 1 DAGs
[2024-07-09T13:50:47.955+0000] {logging_mixin.py:188} INFO - [2024-07-09T13:50:47.955+0000] {dag.py:3834} INFO - Setting next_dagrun for example_params_ui_tutorial to None, run_after=None
[2024-07-09T13:50:47.970+0000] {processor.py:183} INFO - Processing /home/airflow/.local/lib/python3.11/site-packages/airflow/example_dags/example_params_ui_tutorial.py took 0.081 seconds
[2024-07-09T13:51:18.259+0000] {processor.py:161} INFO - Started process (PID=3014) to work on /home/airflow/.local/lib/python3.11/site-packages/airflow/example_dags/example_params_ui_tutorial.py
[2024-07-09T13:51:18.260+0000] {processor.py:830} INFO - Processing file /home/airflow/.local/lib/python3.11/site-packages/airflow/example_dags/example_params_ui_tutorial.py for tasks to queue
[2024-07-09T13:51:18.261+0000] {logging_mixin.py:188} INFO - [2024-07-09T13:51:18.260+0000] {dagbag.py:540} INFO - Filling up the DagBag from /home/airflow/.local/lib/python3.11/site-packages/airflow/example_dags/example_params_ui_tutorial.py
[2024-07-09T13:51:18.270+0000] {processor.py:840} INFO - DAG(s) 'example_params_ui_tutorial' retrieved from /home/airflow/.local/lib/python3.11/site-packages/airflow/example_dags/example_params_ui_tutorial.py
[2024-07-09T13:51:18.317+0000] {logging_mixin.py:188} INFO - [2024-07-09T13:51:18.317+0000] {dag.py:3047} INFO - Sync 1 DAGs
[2024-07-09T13:51:18.328+0000] {logging_mixin.py:188} INFO - [2024-07-09T13:51:18.327+0000] {dag.py:3834} INFO - Setting next_dagrun for example_params_ui_tutorial to None, run_after=None
[2024-07-09T13:51:18.345+0000] {processor.py:183} INFO - Processing /home/airflow/.local/lib/python3.11/site-packages/airflow/example_dags/example_params_ui_tutorial.py took 0.089 seconds
