[2024-07-09T13:18:49.323+0000] {processor.py:161} INFO - Started process (PID=294) to work on /home/airflow/.local/lib/python3.11/site-packages/airflow/example_dags/example_local_kubernetes_executor.py
[2024-07-09T13:18:49.324+0000] {processor.py:830} INFO - Processing file /home/airflow/.local/lib/python3.11/site-packages/airflow/example_dags/example_local_kubernetes_executor.py for tasks to queue
[2024-07-09T13:18:49.324+0000] {logging_mixin.py:188} INFO - [2024-07-09T13:18:49.324+0000] {dagbag.py:540} INFO - Filling up the DagBag from /home/airflow/.local/lib/python3.11/site-packages/airflow/example_dags/example_local_kubernetes_executor.py
[2024-07-09T13:18:49.331+0000] {processor.py:840} INFO - DAG(s) 'example_local_kubernetes_executor' retrieved from /home/airflow/.local/lib/python3.11/site-packages/airflow/example_dags/example_local_kubernetes_executor.py
[2024-07-09T13:18:49.441+0000] {logging_mixin.py:188} INFO - [2024-07-09T13:18:49.440+0000] {override.py:1769} INFO - Created Permission View: can delete on DAG:example_local_kubernetes_executor
[2024-07-09T13:18:49.451+0000] {logging_mixin.py:188} INFO - [2024-07-09T13:18:49.451+0000] {override.py:1769} INFO - Created Permission View: can read on DAG:example_local_kubernetes_executor
[2024-07-09T13:18:49.464+0000] {logging_mixin.py:188} INFO - [2024-07-09T13:18:49.464+0000] {override.py:1769} INFO - Created Permission View: can edit on DAG:example_local_kubernetes_executor
[2024-07-09T13:18:49.464+0000] {logging_mixin.py:188} INFO - [2024-07-09T13:18:49.464+0000] {dag.py:3047} INFO - Sync 1 DAGs
[2024-07-09T13:18:49.478+0000] {logging_mixin.py:188} INFO - [2024-07-09T13:18:49.478+0000] {dag.py:3069} INFO - Creating ORM DAG for example_local_kubernetes_executor
[2024-07-09T13:18:49.479+0000] {logging_mixin.py:188} INFO - [2024-07-09T13:18:49.479+0000] {dag.py:3834} INFO - Setting next_dagrun for example_local_kubernetes_executor to None, run_after=None
[2024-07-09T13:18:49.501+0000] {processor.py:183} INFO - Processing /home/airflow/.local/lib/python3.11/site-packages/airflow/example_dags/example_local_kubernetes_executor.py took 0.181 seconds
[2024-07-09T13:19:20.089+0000] {processor.py:161} INFO - Started process (PID=564) to work on /home/airflow/.local/lib/python3.11/site-packages/airflow/example_dags/example_local_kubernetes_executor.py
[2024-07-09T13:19:20.090+0000] {processor.py:830} INFO - Processing file /home/airflow/.local/lib/python3.11/site-packages/airflow/example_dags/example_local_kubernetes_executor.py for tasks to queue
[2024-07-09T13:19:20.091+0000] {logging_mixin.py:188} INFO - [2024-07-09T13:19:20.090+0000] {dagbag.py:540} INFO - Filling up the DagBag from /home/airflow/.local/lib/python3.11/site-packages/airflow/example_dags/example_local_kubernetes_executor.py
[2024-07-09T13:19:20.096+0000] {processor.py:840} INFO - DAG(s) 'example_local_kubernetes_executor' retrieved from /home/airflow/.local/lib/python3.11/site-packages/airflow/example_dags/example_local_kubernetes_executor.py
[2024-07-09T13:19:20.126+0000] {logging_mixin.py:188} INFO - [2024-07-09T13:19:20.126+0000] {dag.py:3047} INFO - Sync 1 DAGs
[2024-07-09T13:19:20.136+0000] {logging_mixin.py:188} INFO - [2024-07-09T13:19:20.136+0000] {dag.py:3834} INFO - Setting next_dagrun for example_local_kubernetes_executor to None, run_after=None
[2024-07-09T13:19:20.152+0000] {processor.py:183} INFO - Processing /home/airflow/.local/lib/python3.11/site-packages/airflow/example_dags/example_local_kubernetes_executor.py took 0.065 seconds
[2024-07-09T13:19:50.982+0000] {processor.py:161} INFO - Started process (PID=834) to work on /home/airflow/.local/lib/python3.11/site-packages/airflow/example_dags/example_local_kubernetes_executor.py
[2024-07-09T13:19:50.983+0000] {processor.py:830} INFO - Processing file /home/airflow/.local/lib/python3.11/site-packages/airflow/example_dags/example_local_kubernetes_executor.py for tasks to queue
[2024-07-09T13:19:50.984+0000] {logging_mixin.py:188} INFO - [2024-07-09T13:19:50.984+0000] {dagbag.py:540} INFO - Filling up the DagBag from /home/airflow/.local/lib/python3.11/site-packages/airflow/example_dags/example_local_kubernetes_executor.py
[2024-07-09T13:19:50.989+0000] {processor.py:840} INFO - DAG(s) 'example_local_kubernetes_executor' retrieved from /home/airflow/.local/lib/python3.11/site-packages/airflow/example_dags/example_local_kubernetes_executor.py
[2024-07-09T13:19:51.019+0000] {logging_mixin.py:188} INFO - [2024-07-09T13:19:51.018+0000] {dag.py:3047} INFO - Sync 1 DAGs
[2024-07-09T13:19:51.028+0000] {logging_mixin.py:188} INFO - [2024-07-09T13:19:51.028+0000] {dag.py:3834} INFO - Setting next_dagrun for example_local_kubernetes_executor to None, run_after=None
[2024-07-09T13:19:51.043+0000] {processor.py:183} INFO - Processing /home/airflow/.local/lib/python3.11/site-packages/airflow/example_dags/example_local_kubernetes_executor.py took 0.063 seconds
[2024-07-09T13:20:22.145+0000] {processor.py:161} INFO - Started process (PID=1104) to work on /home/airflow/.local/lib/python3.11/site-packages/airflow/example_dags/example_local_kubernetes_executor.py
[2024-07-09T13:20:22.146+0000] {processor.py:830} INFO - Processing file /home/airflow/.local/lib/python3.11/site-packages/airflow/example_dags/example_local_kubernetes_executor.py for tasks to queue
[2024-07-09T13:20:22.147+0000] {logging_mixin.py:188} INFO - [2024-07-09T13:20:22.146+0000] {dagbag.py:540} INFO - Filling up the DagBag from /home/airflow/.local/lib/python3.11/site-packages/airflow/example_dags/example_local_kubernetes_executor.py
[2024-07-09T13:20:22.152+0000] {processor.py:840} INFO - DAG(s) 'example_local_kubernetes_executor' retrieved from /home/airflow/.local/lib/python3.11/site-packages/airflow/example_dags/example_local_kubernetes_executor.py
[2024-07-09T13:20:22.308+0000] {logging_mixin.py:188} INFO - [2024-07-09T13:20:22.307+0000] {dag.py:3047} INFO - Sync 1 DAGs
[2024-07-09T13:20:22.319+0000] {logging_mixin.py:188} INFO - [2024-07-09T13:20:22.319+0000] {dag.py:3834} INFO - Setting next_dagrun for example_local_kubernetes_executor to None, run_after=None
[2024-07-09T13:20:22.335+0000] {processor.py:183} INFO - Processing /home/airflow/.local/lib/python3.11/site-packages/airflow/example_dags/example_local_kubernetes_executor.py took 0.193 seconds
[2024-07-09T13:20:52.434+0000] {processor.py:161} INFO - Started process (PID=1376) to work on /home/airflow/.local/lib/python3.11/site-packages/airflow/example_dags/example_local_kubernetes_executor.py
[2024-07-09T13:20:52.435+0000] {processor.py:830} INFO - Processing file /home/airflow/.local/lib/python3.11/site-packages/airflow/example_dags/example_local_kubernetes_executor.py for tasks to queue
[2024-07-09T13:20:52.435+0000] {logging_mixin.py:188} INFO - [2024-07-09T13:20:52.435+0000] {dagbag.py:540} INFO - Filling up the DagBag from /home/airflow/.local/lib/python3.11/site-packages/airflow/example_dags/example_local_kubernetes_executor.py
[2024-07-09T13:20:52.440+0000] {processor.py:840} INFO - DAG(s) 'example_local_kubernetes_executor' retrieved from /home/airflow/.local/lib/python3.11/site-packages/airflow/example_dags/example_local_kubernetes_executor.py
[2024-07-09T13:20:52.471+0000] {logging_mixin.py:188} INFO - [2024-07-09T13:20:52.470+0000] {dag.py:3047} INFO - Sync 1 DAGs
[2024-07-09T13:20:52.481+0000] {logging_mixin.py:188} INFO - [2024-07-09T13:20:52.481+0000] {dag.py:3834} INFO - Setting next_dagrun for example_local_kubernetes_executor to None, run_after=None
[2024-07-09T13:20:52.497+0000] {processor.py:183} INFO - Processing /home/airflow/.local/lib/python3.11/site-packages/airflow/example_dags/example_local_kubernetes_executor.py took 0.066 seconds
[2024-07-09T13:21:23.231+0000] {processor.py:161} INFO - Started process (PID=1644) to work on /home/airflow/.local/lib/python3.11/site-packages/airflow/example_dags/example_local_kubernetes_executor.py
[2024-07-09T13:21:23.232+0000] {processor.py:830} INFO - Processing file /home/airflow/.local/lib/python3.11/site-packages/airflow/example_dags/example_local_kubernetes_executor.py for tasks to queue
[2024-07-09T13:21:23.233+0000] {logging_mixin.py:188} INFO - [2024-07-09T13:21:23.233+0000] {dagbag.py:540} INFO - Filling up the DagBag from /home/airflow/.local/lib/python3.11/site-packages/airflow/example_dags/example_local_kubernetes_executor.py
[2024-07-09T13:21:23.238+0000] {processor.py:840} INFO - DAG(s) 'example_local_kubernetes_executor' retrieved from /home/airflow/.local/lib/python3.11/site-packages/airflow/example_dags/example_local_kubernetes_executor.py
[2024-07-09T13:21:23.269+0000] {logging_mixin.py:188} INFO - [2024-07-09T13:21:23.268+0000] {dag.py:3047} INFO - Sync 1 DAGs
[2024-07-09T13:21:23.278+0000] {logging_mixin.py:188} INFO - [2024-07-09T13:21:23.278+0000] {dag.py:3834} INFO - Setting next_dagrun for example_local_kubernetes_executor to None, run_after=None
[2024-07-09T13:21:23.293+0000] {processor.py:183} INFO - Processing /home/airflow/.local/lib/python3.11/site-packages/airflow/example_dags/example_local_kubernetes_executor.py took 0.064 seconds
[2024-07-09T13:21:53.936+0000] {processor.py:161} INFO - Started process (PID=1914) to work on /home/airflow/.local/lib/python3.11/site-packages/airflow/example_dags/example_local_kubernetes_executor.py
[2024-07-09T13:21:53.937+0000] {processor.py:830} INFO - Processing file /home/airflow/.local/lib/python3.11/site-packages/airflow/example_dags/example_local_kubernetes_executor.py for tasks to queue
[2024-07-09T13:21:53.937+0000] {logging_mixin.py:188} INFO - [2024-07-09T13:21:53.937+0000] {dagbag.py:540} INFO - Filling up the DagBag from /home/airflow/.local/lib/python3.11/site-packages/airflow/example_dags/example_local_kubernetes_executor.py
[2024-07-09T13:21:53.943+0000] {processor.py:840} INFO - DAG(s) 'example_local_kubernetes_executor' retrieved from /home/airflow/.local/lib/python3.11/site-packages/airflow/example_dags/example_local_kubernetes_executor.py
[2024-07-09T13:21:53.974+0000] {logging_mixin.py:188} INFO - [2024-07-09T13:21:53.974+0000] {dag.py:3047} INFO - Sync 1 DAGs
[2024-07-09T13:21:53.984+0000] {logging_mixin.py:188} INFO - [2024-07-09T13:21:53.984+0000] {dag.py:3834} INFO - Setting next_dagrun for example_local_kubernetes_executor to None, run_after=None
[2024-07-09T13:21:54.001+0000] {processor.py:183} INFO - Processing /home/airflow/.local/lib/python3.11/site-packages/airflow/example_dags/example_local_kubernetes_executor.py took 0.068 seconds
[2024-07-09T13:22:24.646+0000] {processor.py:161} INFO - Started process (PID=2184) to work on /home/airflow/.local/lib/python3.11/site-packages/airflow/example_dags/example_local_kubernetes_executor.py
[2024-07-09T13:22:24.647+0000] {processor.py:830} INFO - Processing file /home/airflow/.local/lib/python3.11/site-packages/airflow/example_dags/example_local_kubernetes_executor.py for tasks to queue
[2024-07-09T13:22:24.648+0000] {logging_mixin.py:188} INFO - [2024-07-09T13:22:24.648+0000] {dagbag.py:540} INFO - Filling up the DagBag from /home/airflow/.local/lib/python3.11/site-packages/airflow/example_dags/example_local_kubernetes_executor.py
[2024-07-09T13:22:24.654+0000] {processor.py:840} INFO - DAG(s) 'example_local_kubernetes_executor' retrieved from /home/airflow/.local/lib/python3.11/site-packages/airflow/example_dags/example_local_kubernetes_executor.py
[2024-07-09T13:22:24.688+0000] {logging_mixin.py:188} INFO - [2024-07-09T13:22:24.688+0000] {dag.py:3047} INFO - Sync 1 DAGs
[2024-07-09T13:22:24.700+0000] {logging_mixin.py:188} INFO - [2024-07-09T13:22:24.699+0000] {dag.py:3834} INFO - Setting next_dagrun for example_local_kubernetes_executor to None, run_after=None
[2024-07-09T13:22:24.716+0000] {processor.py:183} INFO - Processing /home/airflow/.local/lib/python3.11/site-packages/airflow/example_dags/example_local_kubernetes_executor.py took 0.072 seconds
[2024-07-09T13:22:55.411+0000] {processor.py:161} INFO - Started process (PID=2454) to work on /home/airflow/.local/lib/python3.11/site-packages/airflow/example_dags/example_local_kubernetes_executor.py
[2024-07-09T13:22:55.412+0000] {processor.py:830} INFO - Processing file /home/airflow/.local/lib/python3.11/site-packages/airflow/example_dags/example_local_kubernetes_executor.py for tasks to queue
[2024-07-09T13:22:55.413+0000] {logging_mixin.py:188} INFO - [2024-07-09T13:22:55.413+0000] {dagbag.py:540} INFO - Filling up the DagBag from /home/airflow/.local/lib/python3.11/site-packages/airflow/example_dags/example_local_kubernetes_executor.py
[2024-07-09T13:22:55.418+0000] {processor.py:840} INFO - DAG(s) 'example_local_kubernetes_executor' retrieved from /home/airflow/.local/lib/python3.11/site-packages/airflow/example_dags/example_local_kubernetes_executor.py
[2024-07-09T13:22:55.449+0000] {logging_mixin.py:188} INFO - [2024-07-09T13:22:55.449+0000] {dag.py:3047} INFO - Sync 1 DAGs
[2024-07-09T13:22:55.458+0000] {logging_mixin.py:188} INFO - [2024-07-09T13:22:55.458+0000] {dag.py:3834} INFO - Setting next_dagrun for example_local_kubernetes_executor to None, run_after=None
[2024-07-09T13:22:55.473+0000] {processor.py:183} INFO - Processing /home/airflow/.local/lib/python3.11/site-packages/airflow/example_dags/example_local_kubernetes_executor.py took 0.065 seconds
[2024-07-09T13:23:26.169+0000] {processor.py:161} INFO - Started process (PID=2724) to work on /home/airflow/.local/lib/python3.11/site-packages/airflow/example_dags/example_local_kubernetes_executor.py
[2024-07-09T13:23:26.170+0000] {processor.py:830} INFO - Processing file /home/airflow/.local/lib/python3.11/site-packages/airflow/example_dags/example_local_kubernetes_executor.py for tasks to queue
[2024-07-09T13:23:26.170+0000] {logging_mixin.py:188} INFO - [2024-07-09T13:23:26.170+0000] {dagbag.py:540} INFO - Filling up the DagBag from /home/airflow/.local/lib/python3.11/site-packages/airflow/example_dags/example_local_kubernetes_executor.py
[2024-07-09T13:23:26.176+0000] {processor.py:840} INFO - DAG(s) 'example_local_kubernetes_executor' retrieved from /home/airflow/.local/lib/python3.11/site-packages/airflow/example_dags/example_local_kubernetes_executor.py
[2024-07-09T13:23:26.206+0000] {logging_mixin.py:188} INFO - [2024-07-09T13:23:26.206+0000] {dag.py:3047} INFO - Sync 1 DAGs
[2024-07-09T13:23:26.216+0000] {logging_mixin.py:188} INFO - [2024-07-09T13:23:26.216+0000] {dag.py:3834} INFO - Setting next_dagrun for example_local_kubernetes_executor to None, run_after=None
[2024-07-09T13:23:26.231+0000] {processor.py:183} INFO - Processing /home/airflow/.local/lib/python3.11/site-packages/airflow/example_dags/example_local_kubernetes_executor.py took 0.065 seconds
[2024-07-09T13:23:56.933+0000] {processor.py:161} INFO - Started process (PID=2994) to work on /home/airflow/.local/lib/python3.11/site-packages/airflow/example_dags/example_local_kubernetes_executor.py
[2024-07-09T13:23:56.934+0000] {processor.py:830} INFO - Processing file /home/airflow/.local/lib/python3.11/site-packages/airflow/example_dags/example_local_kubernetes_executor.py for tasks to queue
[2024-07-09T13:23:56.935+0000] {logging_mixin.py:188} INFO - [2024-07-09T13:23:56.935+0000] {dagbag.py:540} INFO - Filling up the DagBag from /home/airflow/.local/lib/python3.11/site-packages/airflow/example_dags/example_local_kubernetes_executor.py
[2024-07-09T13:23:56.940+0000] {processor.py:840} INFO - DAG(s) 'example_local_kubernetes_executor' retrieved from /home/airflow/.local/lib/python3.11/site-packages/airflow/example_dags/example_local_kubernetes_executor.py
[2024-07-09T13:23:56.970+0000] {logging_mixin.py:188} INFO - [2024-07-09T13:23:56.970+0000] {dag.py:3047} INFO - Sync 1 DAGs
[2024-07-09T13:23:56.982+0000] {logging_mixin.py:188} INFO - [2024-07-09T13:23:56.981+0000] {dag.py:3834} INFO - Setting next_dagrun for example_local_kubernetes_executor to None, run_after=None
[2024-07-09T13:23:56.996+0000] {processor.py:183} INFO - Processing /home/airflow/.local/lib/python3.11/site-packages/airflow/example_dags/example_local_kubernetes_executor.py took 0.066 seconds
[2024-07-09T13:24:27.565+0000] {processor.py:161} INFO - Started process (PID=3264) to work on /home/airflow/.local/lib/python3.11/site-packages/airflow/example_dags/example_local_kubernetes_executor.py
[2024-07-09T13:24:27.566+0000] {processor.py:830} INFO - Processing file /home/airflow/.local/lib/python3.11/site-packages/airflow/example_dags/example_local_kubernetes_executor.py for tasks to queue
[2024-07-09T13:24:27.567+0000] {logging_mixin.py:188} INFO - [2024-07-09T13:24:27.566+0000] {dagbag.py:540} INFO - Filling up the DagBag from /home/airflow/.local/lib/python3.11/site-packages/airflow/example_dags/example_local_kubernetes_executor.py
[2024-07-09T13:24:27.572+0000] {processor.py:840} INFO - DAG(s) 'example_local_kubernetes_executor' retrieved from /home/airflow/.local/lib/python3.11/site-packages/airflow/example_dags/example_local_kubernetes_executor.py
[2024-07-09T13:24:27.602+0000] {logging_mixin.py:188} INFO - [2024-07-09T13:24:27.602+0000] {dag.py:3047} INFO - Sync 1 DAGs
[2024-07-09T13:24:27.612+0000] {logging_mixin.py:188} INFO - [2024-07-09T13:24:27.612+0000] {dag.py:3834} INFO - Setting next_dagrun for example_local_kubernetes_executor to None, run_after=None
[2024-07-09T13:24:27.629+0000] {processor.py:183} INFO - Processing /home/airflow/.local/lib/python3.11/site-packages/airflow/example_dags/example_local_kubernetes_executor.py took 0.067 seconds
[2024-07-09T13:24:58.321+0000] {processor.py:161} INFO - Started process (PID=3534) to work on /home/airflow/.local/lib/python3.11/site-packages/airflow/example_dags/example_local_kubernetes_executor.py
[2024-07-09T13:24:58.322+0000] {processor.py:830} INFO - Processing file /home/airflow/.local/lib/python3.11/site-packages/airflow/example_dags/example_local_kubernetes_executor.py for tasks to queue
[2024-07-09T13:24:58.323+0000] {logging_mixin.py:188} INFO - [2024-07-09T13:24:58.323+0000] {dagbag.py:540} INFO - Filling up the DagBag from /home/airflow/.local/lib/python3.11/site-packages/airflow/example_dags/example_local_kubernetes_executor.py
[2024-07-09T13:24:58.328+0000] {processor.py:840} INFO - DAG(s) 'example_local_kubernetes_executor' retrieved from /home/airflow/.local/lib/python3.11/site-packages/airflow/example_dags/example_local_kubernetes_executor.py
[2024-07-09T13:24:58.358+0000] {logging_mixin.py:188} INFO - [2024-07-09T13:24:58.358+0000] {dag.py:3047} INFO - Sync 1 DAGs
[2024-07-09T13:24:58.368+0000] {logging_mixin.py:188} INFO - [2024-07-09T13:24:58.368+0000] {dag.py:3834} INFO - Setting next_dagrun for example_local_kubernetes_executor to None, run_after=None
[2024-07-09T13:24:58.383+0000] {processor.py:183} INFO - Processing /home/airflow/.local/lib/python3.11/site-packages/airflow/example_dags/example_local_kubernetes_executor.py took 0.064 seconds
[2024-07-09T13:26:10.245+0000] {processor.py:161} INFO - Started process (PID=295) to work on /home/airflow/.local/lib/python3.11/site-packages/airflow/example_dags/example_local_kubernetes_executor.py
[2024-07-09T13:26:10.246+0000] {processor.py:830} INFO - Processing file /home/airflow/.local/lib/python3.11/site-packages/airflow/example_dags/example_local_kubernetes_executor.py for tasks to queue
[2024-07-09T13:26:10.247+0000] {logging_mixin.py:188} INFO - [2024-07-09T13:26:10.247+0000] {dagbag.py:540} INFO - Filling up the DagBag from /home/airflow/.local/lib/python3.11/site-packages/airflow/example_dags/example_local_kubernetes_executor.py
[2024-07-09T13:26:10.253+0000] {processor.py:840} INFO - DAG(s) 'example_local_kubernetes_executor' retrieved from /home/airflow/.local/lib/python3.11/site-packages/airflow/example_dags/example_local_kubernetes_executor.py
[2024-07-09T13:26:10.349+0000] {logging_mixin.py:188} INFO - [2024-07-09T13:26:10.348+0000] {override.py:1769} INFO - Created Permission View: can delete on DAG:example_local_kubernetes_executor
[2024-07-09T13:26:10.357+0000] {logging_mixin.py:188} INFO - [2024-07-09T13:26:10.357+0000] {override.py:1769} INFO - Created Permission View: can read on DAG:example_local_kubernetes_executor
[2024-07-09T13:26:10.364+0000] {logging_mixin.py:188} INFO - [2024-07-09T13:26:10.364+0000] {override.py:1769} INFO - Created Permission View: can edit on DAG:example_local_kubernetes_executor
[2024-07-09T13:26:10.364+0000] {logging_mixin.py:188} INFO - [2024-07-09T13:26:10.364+0000] {dag.py:3047} INFO - Sync 1 DAGs
[2024-07-09T13:26:10.373+0000] {logging_mixin.py:188} INFO - [2024-07-09T13:26:10.372+0000] {dag.py:3069} INFO - Creating ORM DAG for example_local_kubernetes_executor
[2024-07-09T13:26:10.373+0000] {logging_mixin.py:188} INFO - [2024-07-09T13:26:10.373+0000] {dag.py:3834} INFO - Setting next_dagrun for example_local_kubernetes_executor to None, run_after=None
[2024-07-09T13:26:10.386+0000] {processor.py:183} INFO - Processing /home/airflow/.local/lib/python3.11/site-packages/airflow/example_dags/example_local_kubernetes_executor.py took 0.143 seconds
[2024-07-09T13:26:41.189+0000] {processor.py:161} INFO - Started process (PID=565) to work on /home/airflow/.local/lib/python3.11/site-packages/airflow/example_dags/example_local_kubernetes_executor.py
[2024-07-09T13:26:41.190+0000] {processor.py:830} INFO - Processing file /home/airflow/.local/lib/python3.11/site-packages/airflow/example_dags/example_local_kubernetes_executor.py for tasks to queue
[2024-07-09T13:26:41.191+0000] {logging_mixin.py:188} INFO - [2024-07-09T13:26:41.191+0000] {dagbag.py:540} INFO - Filling up the DagBag from /home/airflow/.local/lib/python3.11/site-packages/airflow/example_dags/example_local_kubernetes_executor.py
[2024-07-09T13:26:41.196+0000] {processor.py:840} INFO - DAG(s) 'example_local_kubernetes_executor' retrieved from /home/airflow/.local/lib/python3.11/site-packages/airflow/example_dags/example_local_kubernetes_executor.py
[2024-07-09T13:26:41.227+0000] {logging_mixin.py:188} INFO - [2024-07-09T13:26:41.226+0000] {dag.py:3047} INFO - Sync 1 DAGs
[2024-07-09T13:26:41.236+0000] {logging_mixin.py:188} INFO - [2024-07-09T13:26:41.236+0000] {dag.py:3834} INFO - Setting next_dagrun for example_local_kubernetes_executor to None, run_after=None
[2024-07-09T13:26:41.251+0000] {processor.py:183} INFO - Processing /home/airflow/.local/lib/python3.11/site-packages/airflow/example_dags/example_local_kubernetes_executor.py took 0.065 seconds
[2024-07-09T13:27:11.619+0000] {processor.py:161} INFO - Started process (PID=835) to work on /home/airflow/.local/lib/python3.11/site-packages/airflow/example_dags/example_local_kubernetes_executor.py
[2024-07-09T13:27:11.620+0000] {processor.py:830} INFO - Processing file /home/airflow/.local/lib/python3.11/site-packages/airflow/example_dags/example_local_kubernetes_executor.py for tasks to queue
[2024-07-09T13:27:11.621+0000] {logging_mixin.py:188} INFO - [2024-07-09T13:27:11.621+0000] {dagbag.py:540} INFO - Filling up the DagBag from /home/airflow/.local/lib/python3.11/site-packages/airflow/example_dags/example_local_kubernetes_executor.py
[2024-07-09T13:27:11.626+0000] {processor.py:840} INFO - DAG(s) 'example_local_kubernetes_executor' retrieved from /home/airflow/.local/lib/python3.11/site-packages/airflow/example_dags/example_local_kubernetes_executor.py
[2024-07-09T13:27:11.657+0000] {logging_mixin.py:188} INFO - [2024-07-09T13:27:11.657+0000] {dag.py:3047} INFO - Sync 1 DAGs
[2024-07-09T13:27:11.667+0000] {logging_mixin.py:188} INFO - [2024-07-09T13:27:11.667+0000] {dag.py:3834} INFO - Setting next_dagrun for example_local_kubernetes_executor to None, run_after=None
[2024-07-09T13:27:11.681+0000] {processor.py:183} INFO - Processing /home/airflow/.local/lib/python3.11/site-packages/airflow/example_dags/example_local_kubernetes_executor.py took 0.065 seconds
[2024-07-09T13:27:42.013+0000] {processor.py:161} INFO - Started process (PID=1105) to work on /home/airflow/.local/lib/python3.11/site-packages/airflow/example_dags/example_local_kubernetes_executor.py
[2024-07-09T13:27:42.014+0000] {processor.py:830} INFO - Processing file /home/airflow/.local/lib/python3.11/site-packages/airflow/example_dags/example_local_kubernetes_executor.py for tasks to queue
[2024-07-09T13:27:42.014+0000] {logging_mixin.py:188} INFO - [2024-07-09T13:27:42.014+0000] {dagbag.py:540} INFO - Filling up the DagBag from /home/airflow/.local/lib/python3.11/site-packages/airflow/example_dags/example_local_kubernetes_executor.py
[2024-07-09T13:27:42.020+0000] {processor.py:840} INFO - DAG(s) 'example_local_kubernetes_executor' retrieved from /home/airflow/.local/lib/python3.11/site-packages/airflow/example_dags/example_local_kubernetes_executor.py
[2024-07-09T13:27:42.157+0000] {logging_mixin.py:188} INFO - [2024-07-09T13:27:42.157+0000] {dag.py:3047} INFO - Sync 1 DAGs
[2024-07-09T13:27:42.167+0000] {logging_mixin.py:188} INFO - [2024-07-09T13:27:42.167+0000] {dag.py:3834} INFO - Setting next_dagrun for example_local_kubernetes_executor to None, run_after=None
[2024-07-09T13:27:42.185+0000] {processor.py:183} INFO - Processing /home/airflow/.local/lib/python3.11/site-packages/airflow/example_dags/example_local_kubernetes_executor.py took 0.175 seconds
[2024-07-09T13:28:12.312+0000] {processor.py:161} INFO - Started process (PID=1375) to work on /home/airflow/.local/lib/python3.11/site-packages/airflow/example_dags/example_local_kubernetes_executor.py
[2024-07-09T13:28:12.314+0000] {processor.py:830} INFO - Processing file /home/airflow/.local/lib/python3.11/site-packages/airflow/example_dags/example_local_kubernetes_executor.py for tasks to queue
[2024-07-09T13:28:12.315+0000] {logging_mixin.py:188} INFO - [2024-07-09T13:28:12.315+0000] {dagbag.py:540} INFO - Filling up the DagBag from /home/airflow/.local/lib/python3.11/site-packages/airflow/example_dags/example_local_kubernetes_executor.py
[2024-07-09T13:28:12.322+0000] {processor.py:840} INFO - DAG(s) 'example_local_kubernetes_executor' retrieved from /home/airflow/.local/lib/python3.11/site-packages/airflow/example_dags/example_local_kubernetes_executor.py
[2024-07-09T13:28:12.357+0000] {logging_mixin.py:188} INFO - [2024-07-09T13:28:12.357+0000] {dag.py:3047} INFO - Sync 1 DAGs
[2024-07-09T13:28:12.368+0000] {logging_mixin.py:188} INFO - [2024-07-09T13:28:12.367+0000] {dag.py:3834} INFO - Setting next_dagrun for example_local_kubernetes_executor to None, run_after=None
[2024-07-09T13:28:12.385+0000] {processor.py:183} INFO - Processing /home/airflow/.local/lib/python3.11/site-packages/airflow/example_dags/example_local_kubernetes_executor.py took 0.076 seconds
[2024-07-09T13:28:42.811+0000] {processor.py:161} INFO - Started process (PID=1645) to work on /home/airflow/.local/lib/python3.11/site-packages/airflow/example_dags/example_local_kubernetes_executor.py
[2024-07-09T13:28:42.812+0000] {processor.py:830} INFO - Processing file /home/airflow/.local/lib/python3.11/site-packages/airflow/example_dags/example_local_kubernetes_executor.py for tasks to queue
[2024-07-09T13:28:42.813+0000] {logging_mixin.py:188} INFO - [2024-07-09T13:28:42.813+0000] {dagbag.py:540} INFO - Filling up the DagBag from /home/airflow/.local/lib/python3.11/site-packages/airflow/example_dags/example_local_kubernetes_executor.py
[2024-07-09T13:28:42.818+0000] {processor.py:840} INFO - DAG(s) 'example_local_kubernetes_executor' retrieved from /home/airflow/.local/lib/python3.11/site-packages/airflow/example_dags/example_local_kubernetes_executor.py
[2024-07-09T13:28:42.852+0000] {logging_mixin.py:188} INFO - [2024-07-09T13:28:42.851+0000] {dag.py:3047} INFO - Sync 1 DAGs
[2024-07-09T13:28:42.863+0000] {logging_mixin.py:188} INFO - [2024-07-09T13:28:42.863+0000] {dag.py:3834} INFO - Setting next_dagrun for example_local_kubernetes_executor to None, run_after=None
[2024-07-09T13:28:42.879+0000] {processor.py:183} INFO - Processing /home/airflow/.local/lib/python3.11/site-packages/airflow/example_dags/example_local_kubernetes_executor.py took 0.071 seconds
[2024-07-09T13:29:13.156+0000] {processor.py:161} INFO - Started process (PID=1915) to work on /home/airflow/.local/lib/python3.11/site-packages/airflow/example_dags/example_local_kubernetes_executor.py
[2024-07-09T13:29:13.157+0000] {processor.py:830} INFO - Processing file /home/airflow/.local/lib/python3.11/site-packages/airflow/example_dags/example_local_kubernetes_executor.py for tasks to queue
[2024-07-09T13:29:13.158+0000] {logging_mixin.py:188} INFO - [2024-07-09T13:29:13.157+0000] {dagbag.py:540} INFO - Filling up the DagBag from /home/airflow/.local/lib/python3.11/site-packages/airflow/example_dags/example_local_kubernetes_executor.py
[2024-07-09T13:29:13.163+0000] {processor.py:840} INFO - DAG(s) 'example_local_kubernetes_executor' retrieved from /home/airflow/.local/lib/python3.11/site-packages/airflow/example_dags/example_local_kubernetes_executor.py
[2024-07-09T13:29:13.193+0000] {logging_mixin.py:188} INFO - [2024-07-09T13:29:13.193+0000] {dag.py:3047} INFO - Sync 1 DAGs
[2024-07-09T13:29:13.203+0000] {logging_mixin.py:188} INFO - [2024-07-09T13:29:13.203+0000] {dag.py:3834} INFO - Setting next_dagrun for example_local_kubernetes_executor to None, run_after=None
[2024-07-09T13:29:13.218+0000] {processor.py:183} INFO - Processing /home/airflow/.local/lib/python3.11/site-packages/airflow/example_dags/example_local_kubernetes_executor.py took 0.065 seconds
[2024-07-09T13:29:43.550+0000] {processor.py:161} INFO - Started process (PID=2185) to work on /home/airflow/.local/lib/python3.11/site-packages/airflow/example_dags/example_local_kubernetes_executor.py
[2024-07-09T13:29:43.551+0000] {processor.py:830} INFO - Processing file /home/airflow/.local/lib/python3.11/site-packages/airflow/example_dags/example_local_kubernetes_executor.py for tasks to queue
[2024-07-09T13:29:43.551+0000] {logging_mixin.py:188} INFO - [2024-07-09T13:29:43.551+0000] {dagbag.py:540} INFO - Filling up the DagBag from /home/airflow/.local/lib/python3.11/site-packages/airflow/example_dags/example_local_kubernetes_executor.py
[2024-07-09T13:29:43.557+0000] {processor.py:840} INFO - DAG(s) 'example_local_kubernetes_executor' retrieved from /home/airflow/.local/lib/python3.11/site-packages/airflow/example_dags/example_local_kubernetes_executor.py
[2024-07-09T13:29:43.588+0000] {logging_mixin.py:188} INFO - [2024-07-09T13:29:43.588+0000] {dag.py:3047} INFO - Sync 1 DAGs
[2024-07-09T13:29:43.598+0000] {logging_mixin.py:188} INFO - [2024-07-09T13:29:43.598+0000] {dag.py:3834} INFO - Setting next_dagrun for example_local_kubernetes_executor to None, run_after=None
[2024-07-09T13:29:43.615+0000] {processor.py:183} INFO - Processing /home/airflow/.local/lib/python3.11/site-packages/airflow/example_dags/example_local_kubernetes_executor.py took 0.068 seconds
[2024-07-09T13:31:38.484+0000] {processor.py:161} INFO - Started process (PID=294) to work on /home/airflow/.local/lib/python3.11/site-packages/airflow/example_dags/example_local_kubernetes_executor.py
[2024-07-09T13:31:38.485+0000] {processor.py:830} INFO - Processing file /home/airflow/.local/lib/python3.11/site-packages/airflow/example_dags/example_local_kubernetes_executor.py for tasks to queue
[2024-07-09T13:31:38.485+0000] {logging_mixin.py:188} INFO - [2024-07-09T13:31:38.485+0000] {dagbag.py:540} INFO - Filling up the DagBag from /home/airflow/.local/lib/python3.11/site-packages/airflow/example_dags/example_local_kubernetes_executor.py
[2024-07-09T13:31:38.492+0000] {processor.py:840} INFO - DAG(s) 'example_local_kubernetes_executor' retrieved from /home/airflow/.local/lib/python3.11/site-packages/airflow/example_dags/example_local_kubernetes_executor.py
[2024-07-09T13:31:38.594+0000] {logging_mixin.py:188} INFO - [2024-07-09T13:31:38.594+0000] {override.py:1769} INFO - Created Permission View: can edit on DAG:example_local_kubernetes_executor
[2024-07-09T13:31:38.604+0000] {logging_mixin.py:188} INFO - [2024-07-09T13:31:38.604+0000] {override.py:1769} INFO - Created Permission View: can delete on DAG:example_local_kubernetes_executor
[2024-07-09T13:31:38.610+0000] {logging_mixin.py:188} INFO - [2024-07-09T13:31:38.609+0000] {override.py:1769} INFO - Created Permission View: can read on DAG:example_local_kubernetes_executor
[2024-07-09T13:31:38.610+0000] {logging_mixin.py:188} INFO - [2024-07-09T13:31:38.610+0000] {dag.py:3047} INFO - Sync 1 DAGs
[2024-07-09T13:31:38.620+0000] {logging_mixin.py:188} INFO - [2024-07-09T13:31:38.620+0000] {dag.py:3069} INFO - Creating ORM DAG for example_local_kubernetes_executor
[2024-07-09T13:31:38.621+0000] {logging_mixin.py:188} INFO - [2024-07-09T13:31:38.621+0000] {dag.py:3834} INFO - Setting next_dagrun for example_local_kubernetes_executor to None, run_after=None
[2024-07-09T13:31:38.636+0000] {processor.py:183} INFO - Processing /home/airflow/.local/lib/python3.11/site-packages/airflow/example_dags/example_local_kubernetes_executor.py took 0.155 seconds
[2024-07-09T13:32:08.758+0000] {processor.py:161} INFO - Started process (PID=564) to work on /home/airflow/.local/lib/python3.11/site-packages/airflow/example_dags/example_local_kubernetes_executor.py
[2024-07-09T13:32:08.759+0000] {processor.py:830} INFO - Processing file /home/airflow/.local/lib/python3.11/site-packages/airflow/example_dags/example_local_kubernetes_executor.py for tasks to queue
[2024-07-09T13:32:08.760+0000] {logging_mixin.py:188} INFO - [2024-07-09T13:32:08.759+0000] {dagbag.py:540} INFO - Filling up the DagBag from /home/airflow/.local/lib/python3.11/site-packages/airflow/example_dags/example_local_kubernetes_executor.py
[2024-07-09T13:32:08.765+0000] {processor.py:840} INFO - DAG(s) 'example_local_kubernetes_executor' retrieved from /home/airflow/.local/lib/python3.11/site-packages/airflow/example_dags/example_local_kubernetes_executor.py
[2024-07-09T13:32:08.796+0000] {logging_mixin.py:188} INFO - [2024-07-09T13:32:08.796+0000] {dag.py:3047} INFO - Sync 1 DAGs
[2024-07-09T13:32:08.806+0000] {logging_mixin.py:188} INFO - [2024-07-09T13:32:08.806+0000] {dag.py:3834} INFO - Setting next_dagrun for example_local_kubernetes_executor to None, run_after=None
[2024-07-09T13:32:08.822+0000] {processor.py:183} INFO - Processing /home/airflow/.local/lib/python3.11/site-packages/airflow/example_dags/example_local_kubernetes_executor.py took 0.067 seconds
[2024-07-09T13:32:39.209+0000] {processor.py:161} INFO - Started process (PID=834) to work on /home/airflow/.local/lib/python3.11/site-packages/airflow/example_dags/example_local_kubernetes_executor.py
[2024-07-09T13:32:39.210+0000] {processor.py:830} INFO - Processing file /home/airflow/.local/lib/python3.11/site-packages/airflow/example_dags/example_local_kubernetes_executor.py for tasks to queue
[2024-07-09T13:32:39.211+0000] {logging_mixin.py:188} INFO - [2024-07-09T13:32:39.210+0000] {dagbag.py:540} INFO - Filling up the DagBag from /home/airflow/.local/lib/python3.11/site-packages/airflow/example_dags/example_local_kubernetes_executor.py
[2024-07-09T13:32:39.216+0000] {processor.py:840} INFO - DAG(s) 'example_local_kubernetes_executor' retrieved from /home/airflow/.local/lib/python3.11/site-packages/airflow/example_dags/example_local_kubernetes_executor.py
[2024-07-09T13:32:39.248+0000] {logging_mixin.py:188} INFO - [2024-07-09T13:32:39.248+0000] {dag.py:3047} INFO - Sync 1 DAGs
[2024-07-09T13:32:39.258+0000] {logging_mixin.py:188} INFO - [2024-07-09T13:32:39.258+0000] {dag.py:3834} INFO - Setting next_dagrun for example_local_kubernetes_executor to None, run_after=None
[2024-07-09T13:32:39.275+0000] {processor.py:183} INFO - Processing /home/airflow/.local/lib/python3.11/site-packages/airflow/example_dags/example_local_kubernetes_executor.py took 0.068 seconds
[2024-07-09T13:33:10.242+0000] {processor.py:161} INFO - Started process (PID=1104) to work on /home/airflow/.local/lib/python3.11/site-packages/airflow/example_dags/example_local_kubernetes_executor.py
[2024-07-09T13:33:10.243+0000] {processor.py:830} INFO - Processing file /home/airflow/.local/lib/python3.11/site-packages/airflow/example_dags/example_local_kubernetes_executor.py for tasks to queue
[2024-07-09T13:33:10.244+0000] {logging_mixin.py:188} INFO - [2024-07-09T13:33:10.244+0000] {dagbag.py:540} INFO - Filling up the DagBag from /home/airflow/.local/lib/python3.11/site-packages/airflow/example_dags/example_local_kubernetes_executor.py
[2024-07-09T13:33:10.249+0000] {processor.py:840} INFO - DAG(s) 'example_local_kubernetes_executor' retrieved from /home/airflow/.local/lib/python3.11/site-packages/airflow/example_dags/example_local_kubernetes_executor.py
[2024-07-09T13:33:10.402+0000] {logging_mixin.py:188} INFO - [2024-07-09T13:33:10.402+0000] {dag.py:3047} INFO - Sync 1 DAGs
[2024-07-09T13:33:10.412+0000] {logging_mixin.py:188} INFO - [2024-07-09T13:33:10.412+0000] {dag.py:3834} INFO - Setting next_dagrun for example_local_kubernetes_executor to None, run_after=None
[2024-07-09T13:33:10.427+0000] {processor.py:183} INFO - Processing /home/airflow/.local/lib/python3.11/site-packages/airflow/example_dags/example_local_kubernetes_executor.py took 0.187 seconds
[2024-07-09T13:33:40.705+0000] {processor.py:161} INFO - Started process (PID=1374) to work on /home/airflow/.local/lib/python3.11/site-packages/airflow/example_dags/example_local_kubernetes_executor.py
[2024-07-09T13:33:40.706+0000] {processor.py:830} INFO - Processing file /home/airflow/.local/lib/python3.11/site-packages/airflow/example_dags/example_local_kubernetes_executor.py for tasks to queue
[2024-07-09T13:33:40.707+0000] {logging_mixin.py:188} INFO - [2024-07-09T13:33:40.707+0000] {dagbag.py:540} INFO - Filling up the DagBag from /home/airflow/.local/lib/python3.11/site-packages/airflow/example_dags/example_local_kubernetes_executor.py
[2024-07-09T13:33:40.712+0000] {processor.py:840} INFO - DAG(s) 'example_local_kubernetes_executor' retrieved from /home/airflow/.local/lib/python3.11/site-packages/airflow/example_dags/example_local_kubernetes_executor.py
[2024-07-09T13:33:40.743+0000] {logging_mixin.py:188} INFO - [2024-07-09T13:33:40.743+0000] {dag.py:3047} INFO - Sync 1 DAGs
[2024-07-09T13:33:40.754+0000] {logging_mixin.py:188} INFO - [2024-07-09T13:33:40.754+0000] {dag.py:3834} INFO - Setting next_dagrun for example_local_kubernetes_executor to None, run_after=None
[2024-07-09T13:33:40.770+0000] {processor.py:183} INFO - Processing /home/airflow/.local/lib/python3.11/site-packages/airflow/example_dags/example_local_kubernetes_executor.py took 0.068 seconds
[2024-07-09T13:34:11.117+0000] {processor.py:161} INFO - Started process (PID=1646) to work on /home/airflow/.local/lib/python3.11/site-packages/airflow/example_dags/example_local_kubernetes_executor.py
[2024-07-09T13:34:11.118+0000] {processor.py:830} INFO - Processing file /home/airflow/.local/lib/python3.11/site-packages/airflow/example_dags/example_local_kubernetes_executor.py for tasks to queue
[2024-07-09T13:34:11.119+0000] {logging_mixin.py:188} INFO - [2024-07-09T13:34:11.119+0000] {dagbag.py:540} INFO - Filling up the DagBag from /home/airflow/.local/lib/python3.11/site-packages/airflow/example_dags/example_local_kubernetes_executor.py
[2024-07-09T13:34:11.125+0000] {processor.py:840} INFO - DAG(s) 'example_local_kubernetes_executor' retrieved from /home/airflow/.local/lib/python3.11/site-packages/airflow/example_dags/example_local_kubernetes_executor.py
[2024-07-09T13:34:11.156+0000] {logging_mixin.py:188} INFO - [2024-07-09T13:34:11.156+0000] {dag.py:3047} INFO - Sync 1 DAGs
[2024-07-09T13:34:11.165+0000] {logging_mixin.py:188} INFO - [2024-07-09T13:34:11.165+0000] {dag.py:3834} INFO - Setting next_dagrun for example_local_kubernetes_executor to None, run_after=None
[2024-07-09T13:34:11.184+0000] {processor.py:183} INFO - Processing /home/airflow/.local/lib/python3.11/site-packages/airflow/example_dags/example_local_kubernetes_executor.py took 0.069 seconds
[2024-07-09T13:34:41.309+0000] {processor.py:161} INFO - Started process (PID=1914) to work on /home/airflow/.local/lib/python3.11/site-packages/airflow/example_dags/example_local_kubernetes_executor.py
[2024-07-09T13:34:41.310+0000] {processor.py:830} INFO - Processing file /home/airflow/.local/lib/python3.11/site-packages/airflow/example_dags/example_local_kubernetes_executor.py for tasks to queue
[2024-07-09T13:34:41.311+0000] {logging_mixin.py:188} INFO - [2024-07-09T13:34:41.311+0000] {dagbag.py:540} INFO - Filling up the DagBag from /home/airflow/.local/lib/python3.11/site-packages/airflow/example_dags/example_local_kubernetes_executor.py
[2024-07-09T13:34:41.316+0000] {processor.py:840} INFO - DAG(s) 'example_local_kubernetes_executor' retrieved from /home/airflow/.local/lib/python3.11/site-packages/airflow/example_dags/example_local_kubernetes_executor.py
[2024-07-09T13:34:41.347+0000] {logging_mixin.py:188} INFO - [2024-07-09T13:34:41.347+0000] {dag.py:3047} INFO - Sync 1 DAGs
[2024-07-09T13:34:41.357+0000] {logging_mixin.py:188} INFO - [2024-07-09T13:34:41.356+0000] {dag.py:3834} INFO - Setting next_dagrun for example_local_kubernetes_executor to None, run_after=None
[2024-07-09T13:34:41.372+0000] {processor.py:183} INFO - Processing /home/airflow/.local/lib/python3.11/site-packages/airflow/example_dags/example_local_kubernetes_executor.py took 0.065 seconds
[2024-07-09T13:35:11.643+0000] {processor.py:161} INFO - Started process (PID=2184) to work on /home/airflow/.local/lib/python3.11/site-packages/airflow/example_dags/example_local_kubernetes_executor.py
[2024-07-09T13:35:11.644+0000] {processor.py:830} INFO - Processing file /home/airflow/.local/lib/python3.11/site-packages/airflow/example_dags/example_local_kubernetes_executor.py for tasks to queue
[2024-07-09T13:35:11.645+0000] {logging_mixin.py:188} INFO - [2024-07-09T13:35:11.644+0000] {dagbag.py:540} INFO - Filling up the DagBag from /home/airflow/.local/lib/python3.11/site-packages/airflow/example_dags/example_local_kubernetes_executor.py
[2024-07-09T13:35:11.650+0000] {processor.py:840} INFO - DAG(s) 'example_local_kubernetes_executor' retrieved from /home/airflow/.local/lib/python3.11/site-packages/airflow/example_dags/example_local_kubernetes_executor.py
[2024-07-09T13:35:11.681+0000] {logging_mixin.py:188} INFO - [2024-07-09T13:35:11.681+0000] {dag.py:3047} INFO - Sync 1 DAGs
[2024-07-09T13:35:11.691+0000] {logging_mixin.py:188} INFO - [2024-07-09T13:35:11.691+0000] {dag.py:3834} INFO - Setting next_dagrun for example_local_kubernetes_executor to None, run_after=None
[2024-07-09T13:35:11.707+0000] {processor.py:183} INFO - Processing /home/airflow/.local/lib/python3.11/site-packages/airflow/example_dags/example_local_kubernetes_executor.py took 0.067 seconds
[2024-07-09T13:35:42.041+0000] {processor.py:161} INFO - Started process (PID=2454) to work on /home/airflow/.local/lib/python3.11/site-packages/airflow/example_dags/example_local_kubernetes_executor.py
[2024-07-09T13:35:42.042+0000] {processor.py:830} INFO - Processing file /home/airflow/.local/lib/python3.11/site-packages/airflow/example_dags/example_local_kubernetes_executor.py for tasks to queue
[2024-07-09T13:35:42.042+0000] {logging_mixin.py:188} INFO - [2024-07-09T13:35:42.042+0000] {dagbag.py:540} INFO - Filling up the DagBag from /home/airflow/.local/lib/python3.11/site-packages/airflow/example_dags/example_local_kubernetes_executor.py
[2024-07-09T13:35:42.048+0000] {processor.py:840} INFO - DAG(s) 'example_local_kubernetes_executor' retrieved from /home/airflow/.local/lib/python3.11/site-packages/airflow/example_dags/example_local_kubernetes_executor.py
[2024-07-09T13:35:42.079+0000] {logging_mixin.py:188} INFO - [2024-07-09T13:35:42.078+0000] {dag.py:3047} INFO - Sync 1 DAGs
[2024-07-09T13:35:42.088+0000] {logging_mixin.py:188} INFO - [2024-07-09T13:35:42.088+0000] {dag.py:3834} INFO - Setting next_dagrun for example_local_kubernetes_executor to None, run_after=None
[2024-07-09T13:35:42.105+0000] {processor.py:183} INFO - Processing /home/airflow/.local/lib/python3.11/site-packages/airflow/example_dags/example_local_kubernetes_executor.py took 0.067 seconds
[2024-07-09T13:36:12.486+0000] {processor.py:161} INFO - Started process (PID=2724) to work on /home/airflow/.local/lib/python3.11/site-packages/airflow/example_dags/example_local_kubernetes_executor.py
[2024-07-09T13:36:12.487+0000] {processor.py:830} INFO - Processing file /home/airflow/.local/lib/python3.11/site-packages/airflow/example_dags/example_local_kubernetes_executor.py for tasks to queue
[2024-07-09T13:36:12.487+0000] {logging_mixin.py:188} INFO - [2024-07-09T13:36:12.487+0000] {dagbag.py:540} INFO - Filling up the DagBag from /home/airflow/.local/lib/python3.11/site-packages/airflow/example_dags/example_local_kubernetes_executor.py
[2024-07-09T13:36:12.493+0000] {processor.py:840} INFO - DAG(s) 'example_local_kubernetes_executor' retrieved from /home/airflow/.local/lib/python3.11/site-packages/airflow/example_dags/example_local_kubernetes_executor.py
[2024-07-09T13:36:12.525+0000] {logging_mixin.py:188} INFO - [2024-07-09T13:36:12.525+0000] {dag.py:3047} INFO - Sync 1 DAGs
[2024-07-09T13:36:12.535+0000] {logging_mixin.py:188} INFO - [2024-07-09T13:36:12.535+0000] {dag.py:3834} INFO - Setting next_dagrun for example_local_kubernetes_executor to None, run_after=None
[2024-07-09T13:36:12.552+0000] {processor.py:183} INFO - Processing /home/airflow/.local/lib/python3.11/site-packages/airflow/example_dags/example_local_kubernetes_executor.py took 0.069 seconds
[2024-07-09T13:36:42.696+0000] {processor.py:161} INFO - Started process (PID=2994) to work on /home/airflow/.local/lib/python3.11/site-packages/airflow/example_dags/example_local_kubernetes_executor.py
[2024-07-09T13:36:42.697+0000] {processor.py:830} INFO - Processing file /home/airflow/.local/lib/python3.11/site-packages/airflow/example_dags/example_local_kubernetes_executor.py for tasks to queue
[2024-07-09T13:36:42.698+0000] {logging_mixin.py:188} INFO - [2024-07-09T13:36:42.697+0000] {dagbag.py:540} INFO - Filling up the DagBag from /home/airflow/.local/lib/python3.11/site-packages/airflow/example_dags/example_local_kubernetes_executor.py
[2024-07-09T13:36:42.704+0000] {processor.py:840} INFO - DAG(s) 'example_local_kubernetes_executor' retrieved from /home/airflow/.local/lib/python3.11/site-packages/airflow/example_dags/example_local_kubernetes_executor.py
[2024-07-09T13:36:42.744+0000] {logging_mixin.py:188} INFO - [2024-07-09T13:36:42.743+0000] {dag.py:3047} INFO - Sync 1 DAGs
[2024-07-09T13:36:42.756+0000] {logging_mixin.py:188} INFO - [2024-07-09T13:36:42.756+0000] {dag.py:3834} INFO - Setting next_dagrun for example_local_kubernetes_executor to None, run_after=None
[2024-07-09T13:36:42.773+0000] {processor.py:183} INFO - Processing /home/airflow/.local/lib/python3.11/site-packages/airflow/example_dags/example_local_kubernetes_executor.py took 0.081 seconds
[2024-07-09T13:37:13.249+0000] {processor.py:161} INFO - Started process (PID=3252) to work on /home/airflow/.local/lib/python3.11/site-packages/airflow/example_dags/example_local_kubernetes_executor.py
[2024-07-09T13:37:13.250+0000] {processor.py:830} INFO - Processing file /home/airflow/.local/lib/python3.11/site-packages/airflow/example_dags/example_local_kubernetes_executor.py for tasks to queue
[2024-07-09T13:37:13.250+0000] {logging_mixin.py:188} INFO - [2024-07-09T13:37:13.250+0000] {dagbag.py:540} INFO - Filling up the DagBag from /home/airflow/.local/lib/python3.11/site-packages/airflow/example_dags/example_local_kubernetes_executor.py
[2024-07-09T13:37:13.257+0000] {processor.py:840} INFO - DAG(s) 'example_local_kubernetes_executor' retrieved from /home/airflow/.local/lib/python3.11/site-packages/airflow/example_dags/example_local_kubernetes_executor.py
[2024-07-09T13:37:13.308+0000] {logging_mixin.py:188} INFO - [2024-07-09T13:37:13.308+0000] {dag.py:3047} INFO - Sync 1 DAGs
[2024-07-09T13:37:13.324+0000] {logging_mixin.py:188} INFO - [2024-07-09T13:37:13.324+0000] {dag.py:3834} INFO - Setting next_dagrun for example_local_kubernetes_executor to None, run_after=None
[2024-07-09T13:37:13.349+0000] {processor.py:183} INFO - Processing /home/airflow/.local/lib/python3.11/site-packages/airflow/example_dags/example_local_kubernetes_executor.py took 0.103 seconds
[2024-07-09T13:46:11.532+0000] {processor.py:161} INFO - Started process (PID=294) to work on /home/airflow/.local/lib/python3.11/site-packages/airflow/example_dags/example_local_kubernetes_executor.py
[2024-07-09T13:46:11.533+0000] {processor.py:830} INFO - Processing file /home/airflow/.local/lib/python3.11/site-packages/airflow/example_dags/example_local_kubernetes_executor.py for tasks to queue
[2024-07-09T13:46:11.534+0000] {logging_mixin.py:188} INFO - [2024-07-09T13:46:11.534+0000] {dagbag.py:540} INFO - Filling up the DagBag from /home/airflow/.local/lib/python3.11/site-packages/airflow/example_dags/example_local_kubernetes_executor.py
[2024-07-09T13:46:11.543+0000] {processor.py:840} INFO - DAG(s) 'example_local_kubernetes_executor' retrieved from /home/airflow/.local/lib/python3.11/site-packages/airflow/example_dags/example_local_kubernetes_executor.py
[2024-07-09T13:46:11.683+0000] {logging_mixin.py:188} INFO - [2024-07-09T13:46:11.682+0000] {override.py:1769} INFO - Created Permission View: can delete on DAG:example_local_kubernetes_executor
[2024-07-09T13:46:11.696+0000] {logging_mixin.py:188} INFO - [2024-07-09T13:46:11.695+0000] {override.py:1769} INFO - Created Permission View: can read on DAG:example_local_kubernetes_executor
[2024-07-09T13:46:11.703+0000] {logging_mixin.py:188} INFO - [2024-07-09T13:46:11.702+0000] {override.py:1769} INFO - Created Permission View: can edit on DAG:example_local_kubernetes_executor
[2024-07-09T13:46:11.703+0000] {logging_mixin.py:188} INFO - [2024-07-09T13:46:11.703+0000] {dag.py:3047} INFO - Sync 1 DAGs
[2024-07-09T13:46:11.715+0000] {logging_mixin.py:188} INFO - [2024-07-09T13:46:11.715+0000] {dag.py:3069} INFO - Creating ORM DAG for example_local_kubernetes_executor
[2024-07-09T13:46:11.716+0000] {logging_mixin.py:188} INFO - [2024-07-09T13:46:11.716+0000] {dag.py:3834} INFO - Setting next_dagrun for example_local_kubernetes_executor to None, run_after=None
[2024-07-09T13:46:11.732+0000] {processor.py:183} INFO - Processing /home/airflow/.local/lib/python3.11/site-packages/airflow/example_dags/example_local_kubernetes_executor.py took 0.202 seconds
[2024-07-09T13:46:42.479+0000] {processor.py:161} INFO - Started process (PID=564) to work on /home/airflow/.local/lib/python3.11/site-packages/airflow/example_dags/example_local_kubernetes_executor.py
[2024-07-09T13:46:42.480+0000] {processor.py:830} INFO - Processing file /home/airflow/.local/lib/python3.11/site-packages/airflow/example_dags/example_local_kubernetes_executor.py for tasks to queue
[2024-07-09T13:46:42.481+0000] {logging_mixin.py:188} INFO - [2024-07-09T13:46:42.480+0000] {dagbag.py:540} INFO - Filling up the DagBag from /home/airflow/.local/lib/python3.11/site-packages/airflow/example_dags/example_local_kubernetes_executor.py
[2024-07-09T13:46:42.486+0000] {processor.py:840} INFO - DAG(s) 'example_local_kubernetes_executor' retrieved from /home/airflow/.local/lib/python3.11/site-packages/airflow/example_dags/example_local_kubernetes_executor.py
[2024-07-09T13:46:42.516+0000] {logging_mixin.py:188} INFO - [2024-07-09T13:46:42.516+0000] {dag.py:3047} INFO - Sync 1 DAGs
[2024-07-09T13:46:42.525+0000] {logging_mixin.py:188} INFO - [2024-07-09T13:46:42.525+0000] {dag.py:3834} INFO - Setting next_dagrun for example_local_kubernetes_executor to None, run_after=None
[2024-07-09T13:46:42.540+0000] {processor.py:183} INFO - Processing /home/airflow/.local/lib/python3.11/site-packages/airflow/example_dags/example_local_kubernetes_executor.py took 0.064 seconds
[2024-07-09T13:47:13.277+0000] {processor.py:161} INFO - Started process (PID=834) to work on /home/airflow/.local/lib/python3.11/site-packages/airflow/example_dags/example_local_kubernetes_executor.py
[2024-07-09T13:47:13.278+0000] {processor.py:830} INFO - Processing file /home/airflow/.local/lib/python3.11/site-packages/airflow/example_dags/example_local_kubernetes_executor.py for tasks to queue
[2024-07-09T13:47:13.279+0000] {logging_mixin.py:188} INFO - [2024-07-09T13:47:13.279+0000] {dagbag.py:540} INFO - Filling up the DagBag from /home/airflow/.local/lib/python3.11/site-packages/airflow/example_dags/example_local_kubernetes_executor.py
[2024-07-09T13:47:13.284+0000] {processor.py:840} INFO - DAG(s) 'example_local_kubernetes_executor' retrieved from /home/airflow/.local/lib/python3.11/site-packages/airflow/example_dags/example_local_kubernetes_executor.py
[2024-07-09T13:47:13.314+0000] {logging_mixin.py:188} INFO - [2024-07-09T13:47:13.314+0000] {dag.py:3047} INFO - Sync 1 DAGs
[2024-07-09T13:47:13.323+0000] {logging_mixin.py:188} INFO - [2024-07-09T13:47:13.323+0000] {dag.py:3834} INFO - Setting next_dagrun for example_local_kubernetes_executor to None, run_after=None
[2024-07-09T13:47:13.339+0000] {processor.py:183} INFO - Processing /home/airflow/.local/lib/python3.11/site-packages/airflow/example_dags/example_local_kubernetes_executor.py took 0.064 seconds
[2024-07-09T13:47:43.807+0000] {processor.py:161} INFO - Started process (PID=1106) to work on /home/airflow/.local/lib/python3.11/site-packages/airflow/example_dags/example_local_kubernetes_executor.py
[2024-07-09T13:47:43.808+0000] {processor.py:830} INFO - Processing file /home/airflow/.local/lib/python3.11/site-packages/airflow/example_dags/example_local_kubernetes_executor.py for tasks to queue
[2024-07-09T13:47:43.808+0000] {logging_mixin.py:188} INFO - [2024-07-09T13:47:43.808+0000] {dagbag.py:540} INFO - Filling up the DagBag from /home/airflow/.local/lib/python3.11/site-packages/airflow/example_dags/example_local_kubernetes_executor.py
[2024-07-09T13:47:43.814+0000] {processor.py:840} INFO - DAG(s) 'example_local_kubernetes_executor' retrieved from /home/airflow/.local/lib/python3.11/site-packages/airflow/example_dags/example_local_kubernetes_executor.py
[2024-07-09T13:47:43.947+0000] {logging_mixin.py:188} INFO - [2024-07-09T13:47:43.947+0000] {dag.py:3047} INFO - Sync 1 DAGs
[2024-07-09T13:47:43.956+0000] {logging_mixin.py:188} INFO - [2024-07-09T13:47:43.955+0000] {dag.py:3834} INFO - Setting next_dagrun for example_local_kubernetes_executor to None, run_after=None
[2024-07-09T13:47:43.970+0000] {processor.py:183} INFO - Processing /home/airflow/.local/lib/python3.11/site-packages/airflow/example_dags/example_local_kubernetes_executor.py took 0.166 seconds
[2024-07-09T13:48:14.850+0000] {processor.py:161} INFO - Started process (PID=1376) to work on /home/airflow/.local/lib/python3.11/site-packages/airflow/example_dags/example_local_kubernetes_executor.py
[2024-07-09T13:48:14.851+0000] {processor.py:830} INFO - Processing file /home/airflow/.local/lib/python3.11/site-packages/airflow/example_dags/example_local_kubernetes_executor.py for tasks to queue
[2024-07-09T13:48:14.852+0000] {logging_mixin.py:188} INFO - [2024-07-09T13:48:14.852+0000] {dagbag.py:540} INFO - Filling up the DagBag from /home/airflow/.local/lib/python3.11/site-packages/airflow/example_dags/example_local_kubernetes_executor.py
[2024-07-09T13:48:14.860+0000] {processor.py:840} INFO - DAG(s) 'example_local_kubernetes_executor' retrieved from /home/airflow/.local/lib/python3.11/site-packages/airflow/example_dags/example_local_kubernetes_executor.py
[2024-07-09T13:48:14.892+0000] {logging_mixin.py:188} INFO - [2024-07-09T13:48:14.891+0000] {dag.py:3047} INFO - Sync 1 DAGs
[2024-07-09T13:48:14.903+0000] {logging_mixin.py:188} INFO - [2024-07-09T13:48:14.903+0000] {dag.py:3834} INFO - Setting next_dagrun for example_local_kubernetes_executor to None, run_after=None
[2024-07-09T13:48:14.920+0000] {processor.py:183} INFO - Processing /home/airflow/.local/lib/python3.11/site-packages/airflow/example_dags/example_local_kubernetes_executor.py took 0.075 seconds
[2024-07-09T13:48:45.261+0000] {processor.py:161} INFO - Started process (PID=1646) to work on /home/airflow/.local/lib/python3.11/site-packages/airflow/example_dags/example_local_kubernetes_executor.py
[2024-07-09T13:48:45.263+0000] {processor.py:830} INFO - Processing file /home/airflow/.local/lib/python3.11/site-packages/airflow/example_dags/example_local_kubernetes_executor.py for tasks to queue
[2024-07-09T13:48:45.263+0000] {logging_mixin.py:188} INFO - [2024-07-09T13:48:45.263+0000] {dagbag.py:540} INFO - Filling up the DagBag from /home/airflow/.local/lib/python3.11/site-packages/airflow/example_dags/example_local_kubernetes_executor.py
[2024-07-09T13:48:45.268+0000] {processor.py:840} INFO - DAG(s) 'example_local_kubernetes_executor' retrieved from /home/airflow/.local/lib/python3.11/site-packages/airflow/example_dags/example_local_kubernetes_executor.py
[2024-07-09T13:48:45.299+0000] {logging_mixin.py:188} INFO - [2024-07-09T13:48:45.299+0000] {dag.py:3047} INFO - Sync 1 DAGs
[2024-07-09T13:48:45.308+0000] {logging_mixin.py:188} INFO - [2024-07-09T13:48:45.308+0000] {dag.py:3834} INFO - Setting next_dagrun for example_local_kubernetes_executor to None, run_after=None
[2024-07-09T13:48:45.323+0000] {processor.py:183} INFO - Processing /home/airflow/.local/lib/python3.11/site-packages/airflow/example_dags/example_local_kubernetes_executor.py took 0.064 seconds
[2024-07-09T13:49:15.773+0000] {processor.py:161} INFO - Started process (PID=1916) to work on /home/airflow/.local/lib/python3.11/site-packages/airflow/example_dags/example_local_kubernetes_executor.py
[2024-07-09T13:49:15.774+0000] {processor.py:830} INFO - Processing file /home/airflow/.local/lib/python3.11/site-packages/airflow/example_dags/example_local_kubernetes_executor.py for tasks to queue
[2024-07-09T13:49:15.775+0000] {logging_mixin.py:188} INFO - [2024-07-09T13:49:15.775+0000] {dagbag.py:540} INFO - Filling up the DagBag from /home/airflow/.local/lib/python3.11/site-packages/airflow/example_dags/example_local_kubernetes_executor.py
[2024-07-09T13:49:15.780+0000] {processor.py:840} INFO - DAG(s) 'example_local_kubernetes_executor' retrieved from /home/airflow/.local/lib/python3.11/site-packages/airflow/example_dags/example_local_kubernetes_executor.py
[2024-07-09T13:49:15.812+0000] {logging_mixin.py:188} INFO - [2024-07-09T13:49:15.811+0000] {dag.py:3047} INFO - Sync 1 DAGs
[2024-07-09T13:49:15.821+0000] {logging_mixin.py:188} INFO - [2024-07-09T13:49:15.821+0000] {dag.py:3834} INFO - Setting next_dagrun for example_local_kubernetes_executor to None, run_after=None
[2024-07-09T13:49:15.836+0000] {processor.py:183} INFO - Processing /home/airflow/.local/lib/python3.11/site-packages/airflow/example_dags/example_local_kubernetes_executor.py took 0.065 seconds
[2024-07-09T13:49:46.692+0000] {processor.py:161} INFO - Started process (PID=2186) to work on /home/airflow/.local/lib/python3.11/site-packages/airflow/example_dags/example_local_kubernetes_executor.py
[2024-07-09T13:49:46.693+0000] {processor.py:830} INFO - Processing file /home/airflow/.local/lib/python3.11/site-packages/airflow/example_dags/example_local_kubernetes_executor.py for tasks to queue
[2024-07-09T13:49:46.694+0000] {logging_mixin.py:188} INFO - [2024-07-09T13:49:46.694+0000] {dagbag.py:540} INFO - Filling up the DagBag from /home/airflow/.local/lib/python3.11/site-packages/airflow/example_dags/example_local_kubernetes_executor.py
[2024-07-09T13:49:46.701+0000] {processor.py:840} INFO - DAG(s) 'example_local_kubernetes_executor' retrieved from /home/airflow/.local/lib/python3.11/site-packages/airflow/example_dags/example_local_kubernetes_executor.py
[2024-07-09T13:49:46.747+0000] {logging_mixin.py:188} INFO - [2024-07-09T13:49:46.747+0000] {dag.py:3047} INFO - Sync 1 DAGs
[2024-07-09T13:49:46.759+0000] {logging_mixin.py:188} INFO - [2024-07-09T13:49:46.759+0000] {dag.py:3834} INFO - Setting next_dagrun for example_local_kubernetes_executor to None, run_after=None
[2024-07-09T13:49:46.783+0000] {processor.py:183} INFO - Processing /home/airflow/.local/lib/python3.11/site-packages/airflow/example_dags/example_local_kubernetes_executor.py took 0.093 seconds
[2024-07-09T13:50:17.303+0000] {processor.py:161} INFO - Started process (PID=2456) to work on /home/airflow/.local/lib/python3.11/site-packages/airflow/example_dags/example_local_kubernetes_executor.py
[2024-07-09T13:50:17.305+0000] {processor.py:830} INFO - Processing file /home/airflow/.local/lib/python3.11/site-packages/airflow/example_dags/example_local_kubernetes_executor.py for tasks to queue
[2024-07-09T13:50:17.305+0000] {logging_mixin.py:188} INFO - [2024-07-09T13:50:17.305+0000] {dagbag.py:540} INFO - Filling up the DagBag from /home/airflow/.local/lib/python3.11/site-packages/airflow/example_dags/example_local_kubernetes_executor.py
[2024-07-09T13:50:17.311+0000] {processor.py:840} INFO - DAG(s) 'example_local_kubernetes_executor' retrieved from /home/airflow/.local/lib/python3.11/site-packages/airflow/example_dags/example_local_kubernetes_executor.py
[2024-07-09T13:50:17.342+0000] {logging_mixin.py:188} INFO - [2024-07-09T13:50:17.342+0000] {dag.py:3047} INFO - Sync 1 DAGs
[2024-07-09T13:50:17.354+0000] {logging_mixin.py:188} INFO - [2024-07-09T13:50:17.353+0000] {dag.py:3834} INFO - Setting next_dagrun for example_local_kubernetes_executor to None, run_after=None
[2024-07-09T13:50:17.370+0000] {processor.py:183} INFO - Processing /home/airflow/.local/lib/python3.11/site-packages/airflow/example_dags/example_local_kubernetes_executor.py took 0.069 seconds
[2024-07-09T13:50:47.733+0000] {processor.py:161} INFO - Started process (PID=2726) to work on /home/airflow/.local/lib/python3.11/site-packages/airflow/example_dags/example_local_kubernetes_executor.py
[2024-07-09T13:50:47.734+0000] {processor.py:830} INFO - Processing file /home/airflow/.local/lib/python3.11/site-packages/airflow/example_dags/example_local_kubernetes_executor.py for tasks to queue
[2024-07-09T13:50:47.735+0000] {logging_mixin.py:188} INFO - [2024-07-09T13:50:47.735+0000] {dagbag.py:540} INFO - Filling up the DagBag from /home/airflow/.local/lib/python3.11/site-packages/airflow/example_dags/example_local_kubernetes_executor.py
[2024-07-09T13:50:47.740+0000] {processor.py:840} INFO - DAG(s) 'example_local_kubernetes_executor' retrieved from /home/airflow/.local/lib/python3.11/site-packages/airflow/example_dags/example_local_kubernetes_executor.py
[2024-07-09T13:50:47.771+0000] {logging_mixin.py:188} INFO - [2024-07-09T13:50:47.771+0000] {dag.py:3047} INFO - Sync 1 DAGs
[2024-07-09T13:50:47.781+0000] {logging_mixin.py:188} INFO - [2024-07-09T13:50:47.781+0000] {dag.py:3834} INFO - Setting next_dagrun for example_local_kubernetes_executor to None, run_after=None
[2024-07-09T13:50:47.796+0000] {processor.py:183} INFO - Processing /home/airflow/.local/lib/python3.11/site-packages/airflow/example_dags/example_local_kubernetes_executor.py took 0.065 seconds
[2024-07-09T13:51:18.089+0000] {processor.py:161} INFO - Started process (PID=2996) to work on /home/airflow/.local/lib/python3.11/site-packages/airflow/example_dags/example_local_kubernetes_executor.py
[2024-07-09T13:51:18.090+0000] {processor.py:830} INFO - Processing file /home/airflow/.local/lib/python3.11/site-packages/airflow/example_dags/example_local_kubernetes_executor.py for tasks to queue
[2024-07-09T13:51:18.091+0000] {logging_mixin.py:188} INFO - [2024-07-09T13:51:18.091+0000] {dagbag.py:540} INFO - Filling up the DagBag from /home/airflow/.local/lib/python3.11/site-packages/airflow/example_dags/example_local_kubernetes_executor.py
[2024-07-09T13:51:18.097+0000] {processor.py:840} INFO - DAG(s) 'example_local_kubernetes_executor' retrieved from /home/airflow/.local/lib/python3.11/site-packages/airflow/example_dags/example_local_kubernetes_executor.py
[2024-07-09T13:51:18.127+0000] {logging_mixin.py:188} INFO - [2024-07-09T13:51:18.127+0000] {dag.py:3047} INFO - Sync 1 DAGs
[2024-07-09T13:51:18.136+0000] {logging_mixin.py:188} INFO - [2024-07-09T13:51:18.136+0000] {dag.py:3834} INFO - Setting next_dagrun for example_local_kubernetes_executor to None, run_after=None
[2024-07-09T13:51:18.152+0000] {processor.py:183} INFO - Processing /home/airflow/.local/lib/python3.11/site-packages/airflow/example_dags/example_local_kubernetes_executor.py took 0.066 seconds
