[2024-07-09T13:18:46.259+0000] {processor.py:161} INFO - Started process (PID=161) to work on /home/airflow/.local/lib/python3.11/site-packages/airflow/example_dags/example_bash_operator.py
[2024-07-09T13:18:46.259+0000] {processor.py:830} INFO - Processing file /home/airflow/.local/lib/python3.11/site-packages/airflow/example_dags/example_bash_operator.py for tasks to queue
[2024-07-09T13:18:46.260+0000] {logging_mixin.py:188} INFO - [2024-07-09T13:18:46.260+0000] {dagbag.py:540} INFO - Filling up the DagBag from /home/airflow/.local/lib/python3.11/site-packages/airflow/example_dags/example_bash_operator.py
[2024-07-09T13:18:46.278+0000] {processor.py:840} INFO - DAG(s) 'example_bash_operator' retrieved from /home/airflow/.local/lib/python3.11/site-packages/airflow/example_dags/example_bash_operator.py
[2024-07-09T13:18:46.499+0000] {logging_mixin.py:188} INFO - [2024-07-09T13:18:46.498+0000] {override.py:1769} INFO - Created Permission View: can delete on DAG:example_bash_operator
[2024-07-09T13:18:46.508+0000] {logging_mixin.py:188} INFO - [2024-07-09T13:18:46.508+0000] {override.py:1769} INFO - Created Permission View: can read on DAG:example_bash_operator
[2024-07-09T13:18:46.515+0000] {logging_mixin.py:188} INFO - [2024-07-09T13:18:46.514+0000] {override.py:1769} INFO - Created Permission View: can edit on DAG:example_bash_operator
[2024-07-09T13:18:46.515+0000] {logging_mixin.py:188} INFO - [2024-07-09T13:18:46.515+0000] {dag.py:3047} INFO - Sync 1 DAGs
[2024-07-09T13:18:46.528+0000] {logging_mixin.py:188} INFO - [2024-07-09T13:18:46.528+0000] {dag.py:3069} INFO - Creating ORM DAG for example_bash_operator
[2024-07-09T13:18:46.539+0000] {logging_mixin.py:188} INFO - [2024-07-09T13:18:46.539+0000] {dag.py:3834} INFO - Setting next_dagrun for example_bash_operator to 2024-07-08 00:00:00+00:00, run_after=2024-07-09 00:00:00+00:00
[2024-07-09T13:18:46.559+0000] {processor.py:183} INFO - Processing /home/airflow/.local/lib/python3.11/site-packages/airflow/example_dags/example_bash_operator.py took 0.302 seconds
[2024-07-09T13:19:16.758+0000] {processor.py:161} INFO - Started process (PID=428) to work on /home/airflow/.local/lib/python3.11/site-packages/airflow/example_dags/example_bash_operator.py
[2024-07-09T13:19:16.760+0000] {processor.py:830} INFO - Processing file /home/airflow/.local/lib/python3.11/site-packages/airflow/example_dags/example_bash_operator.py for tasks to queue
[2024-07-09T13:19:16.761+0000] {logging_mixin.py:188} INFO - [2024-07-09T13:19:16.760+0000] {dagbag.py:540} INFO - Filling up the DagBag from /home/airflow/.local/lib/python3.11/site-packages/airflow/example_dags/example_bash_operator.py
[2024-07-09T13:19:16.769+0000] {processor.py:840} INFO - DAG(s) 'example_bash_operator' retrieved from /home/airflow/.local/lib/python3.11/site-packages/airflow/example_dags/example_bash_operator.py
[2024-07-09T13:19:16.795+0000] {logging_mixin.py:188} INFO - [2024-07-09T13:19:16.795+0000] {dag.py:3047} INFO - Sync 1 DAGs
[2024-07-09T13:19:16.812+0000] {logging_mixin.py:188} INFO - [2024-07-09T13:19:16.812+0000] {dag.py:3834} INFO - Setting next_dagrun for example_bash_operator to 2024-07-08 00:00:00+00:00, run_after=2024-07-09 00:00:00+00:00
[2024-07-09T13:19:16.828+0000] {processor.py:183} INFO - Processing /home/airflow/.local/lib/python3.11/site-packages/airflow/example_dags/example_bash_operator.py took 0.075 seconds
[2024-07-09T13:19:48.673+0000] {processor.py:161} INFO - Started process (PID=698) to work on /home/airflow/.local/lib/python3.11/site-packages/airflow/example_dags/example_bash_operator.py
[2024-07-09T13:19:48.674+0000] {processor.py:830} INFO - Processing file /home/airflow/.local/lib/python3.11/site-packages/airflow/example_dags/example_bash_operator.py for tasks to queue
[2024-07-09T13:19:48.674+0000] {logging_mixin.py:188} INFO - [2024-07-09T13:19:48.674+0000] {dagbag.py:540} INFO - Filling up the DagBag from /home/airflow/.local/lib/python3.11/site-packages/airflow/example_dags/example_bash_operator.py
[2024-07-09T13:19:48.683+0000] {processor.py:840} INFO - DAG(s) 'example_bash_operator' retrieved from /home/airflow/.local/lib/python3.11/site-packages/airflow/example_dags/example_bash_operator.py
[2024-07-09T13:19:48.708+0000] {logging_mixin.py:188} INFO - [2024-07-09T13:19:48.708+0000] {dag.py:3047} INFO - Sync 1 DAGs
[2024-07-09T13:19:48.726+0000] {logging_mixin.py:188} INFO - [2024-07-09T13:19:48.726+0000] {dag.py:3834} INFO - Setting next_dagrun for example_bash_operator to 2024-07-08 00:00:00+00:00, run_after=2024-07-09 00:00:00+00:00
[2024-07-09T13:19:48.740+0000] {processor.py:183} INFO - Processing /home/airflow/.local/lib/python3.11/site-packages/airflow/example_dags/example_bash_operator.py took 0.073 seconds
[2024-07-09T13:20:19.519+0000] {processor.py:161} INFO - Started process (PID=971) to work on /home/airflow/.local/lib/python3.11/site-packages/airflow/example_dags/example_bash_operator.py
[2024-07-09T13:20:19.520+0000] {processor.py:830} INFO - Processing file /home/airflow/.local/lib/python3.11/site-packages/airflow/example_dags/example_bash_operator.py for tasks to queue
[2024-07-09T13:20:19.521+0000] {logging_mixin.py:188} INFO - [2024-07-09T13:20:19.521+0000] {dagbag.py:540} INFO - Filling up the DagBag from /home/airflow/.local/lib/python3.11/site-packages/airflow/example_dags/example_bash_operator.py
[2024-07-09T13:20:19.529+0000] {processor.py:840} INFO - DAG(s) 'example_bash_operator' retrieved from /home/airflow/.local/lib/python3.11/site-packages/airflow/example_dags/example_bash_operator.py
[2024-07-09T13:20:19.555+0000] {logging_mixin.py:188} INFO - [2024-07-09T13:20:19.554+0000] {dag.py:3047} INFO - Sync 1 DAGs
[2024-07-09T13:20:19.574+0000] {logging_mixin.py:188} INFO - [2024-07-09T13:20:19.573+0000] {dag.py:3834} INFO - Setting next_dagrun for example_bash_operator to 2024-07-08 00:00:00+00:00, run_after=2024-07-09 00:00:00+00:00
[2024-07-09T13:20:19.706+0000] {processor.py:183} INFO - Processing /home/airflow/.local/lib/python3.11/site-packages/airflow/example_dags/example_bash_operator.py took 0.189 seconds
[2024-07-09T13:20:49.836+0000] {processor.py:161} INFO - Started process (PID=1238) to work on /home/airflow/.local/lib/python3.11/site-packages/airflow/example_dags/example_bash_operator.py
[2024-07-09T13:20:49.837+0000] {processor.py:830} INFO - Processing file /home/airflow/.local/lib/python3.11/site-packages/airflow/example_dags/example_bash_operator.py for tasks to queue
[2024-07-09T13:20:49.838+0000] {logging_mixin.py:188} INFO - [2024-07-09T13:20:49.837+0000] {dagbag.py:540} INFO - Filling up the DagBag from /home/airflow/.local/lib/python3.11/site-packages/airflow/example_dags/example_bash_operator.py
[2024-07-09T13:20:49.848+0000] {processor.py:840} INFO - DAG(s) 'example_bash_operator' retrieved from /home/airflow/.local/lib/python3.11/site-packages/airflow/example_dags/example_bash_operator.py
[2024-07-09T13:20:49.877+0000] {logging_mixin.py:188} INFO - [2024-07-09T13:20:49.877+0000] {dag.py:3047} INFO - Sync 1 DAGs
[2024-07-09T13:20:49.897+0000] {logging_mixin.py:188} INFO - [2024-07-09T13:20:49.897+0000] {dag.py:3834} INFO - Setting next_dagrun for example_bash_operator to 2024-07-08 00:00:00+00:00, run_after=2024-07-09 00:00:00+00:00
[2024-07-09T13:20:49.915+0000] {processor.py:183} INFO - Processing /home/airflow/.local/lib/python3.11/site-packages/airflow/example_dags/example_bash_operator.py took 0.083 seconds
[2024-07-09T13:21:19.957+0000] {processor.py:161} INFO - Started process (PID=1508) to work on /home/airflow/.local/lib/python3.11/site-packages/airflow/example_dags/example_bash_operator.py
[2024-07-09T13:21:19.958+0000] {processor.py:830} INFO - Processing file /home/airflow/.local/lib/python3.11/site-packages/airflow/example_dags/example_bash_operator.py for tasks to queue
[2024-07-09T13:21:19.959+0000] {logging_mixin.py:188} INFO - [2024-07-09T13:21:19.958+0000] {dagbag.py:540} INFO - Filling up the DagBag from /home/airflow/.local/lib/python3.11/site-packages/airflow/example_dags/example_bash_operator.py
[2024-07-09T13:21:19.970+0000] {processor.py:840} INFO - DAG(s) 'example_bash_operator' retrieved from /home/airflow/.local/lib/python3.11/site-packages/airflow/example_dags/example_bash_operator.py
[2024-07-09T13:21:19.996+0000] {logging_mixin.py:188} INFO - [2024-07-09T13:21:19.996+0000] {dag.py:3047} INFO - Sync 1 DAGs
[2024-07-09T13:21:20.014+0000] {logging_mixin.py:188} INFO - [2024-07-09T13:21:20.014+0000] {dag.py:3834} INFO - Setting next_dagrun for example_bash_operator to 2024-07-08 00:00:00+00:00, run_after=2024-07-09 00:00:00+00:00
[2024-07-09T13:21:20.036+0000] {processor.py:183} INFO - Processing /home/airflow/.local/lib/python3.11/site-packages/airflow/example_dags/example_bash_operator.py took 0.082 seconds
[2024-07-09T13:21:50.539+0000] {processor.py:161} INFO - Started process (PID=1778) to work on /home/airflow/.local/lib/python3.11/site-packages/airflow/example_dags/example_bash_operator.py
[2024-07-09T13:21:50.540+0000] {processor.py:830} INFO - Processing file /home/airflow/.local/lib/python3.11/site-packages/airflow/example_dags/example_bash_operator.py for tasks to queue
[2024-07-09T13:21:50.540+0000] {logging_mixin.py:188} INFO - [2024-07-09T13:21:50.540+0000] {dagbag.py:540} INFO - Filling up the DagBag from /home/airflow/.local/lib/python3.11/site-packages/airflow/example_dags/example_bash_operator.py
[2024-07-09T13:21:50.550+0000] {processor.py:840} INFO - DAG(s) 'example_bash_operator' retrieved from /home/airflow/.local/lib/python3.11/site-packages/airflow/example_dags/example_bash_operator.py
[2024-07-09T13:21:50.576+0000] {logging_mixin.py:188} INFO - [2024-07-09T13:21:50.576+0000] {dag.py:3047} INFO - Sync 1 DAGs
[2024-07-09T13:21:50.594+0000] {logging_mixin.py:188} INFO - [2024-07-09T13:21:50.594+0000] {dag.py:3834} INFO - Setting next_dagrun for example_bash_operator to 2024-07-08 00:00:00+00:00, run_after=2024-07-09 00:00:00+00:00
[2024-07-09T13:21:50.610+0000] {processor.py:183} INFO - Processing /home/airflow/.local/lib/python3.11/site-packages/airflow/example_dags/example_bash_operator.py took 0.074 seconds
[2024-07-09T13:22:21.409+0000] {processor.py:161} INFO - Started process (PID=2048) to work on /home/airflow/.local/lib/python3.11/site-packages/airflow/example_dags/example_bash_operator.py
[2024-07-09T13:22:21.410+0000] {processor.py:830} INFO - Processing file /home/airflow/.local/lib/python3.11/site-packages/airflow/example_dags/example_bash_operator.py for tasks to queue
[2024-07-09T13:22:21.412+0000] {logging_mixin.py:188} INFO - [2024-07-09T13:22:21.412+0000] {dagbag.py:540} INFO - Filling up the DagBag from /home/airflow/.local/lib/python3.11/site-packages/airflow/example_dags/example_bash_operator.py
[2024-07-09T13:22:21.424+0000] {processor.py:840} INFO - DAG(s) 'example_bash_operator' retrieved from /home/airflow/.local/lib/python3.11/site-packages/airflow/example_dags/example_bash_operator.py
[2024-07-09T13:22:21.450+0000] {logging_mixin.py:188} INFO - [2024-07-09T13:22:21.450+0000] {dag.py:3047} INFO - Sync 1 DAGs
[2024-07-09T13:22:21.470+0000] {logging_mixin.py:188} INFO - [2024-07-09T13:22:21.470+0000] {dag.py:3834} INFO - Setting next_dagrun for example_bash_operator to 2024-07-08 00:00:00+00:00, run_after=2024-07-09 00:00:00+00:00
[2024-07-09T13:22:21.487+0000] {processor.py:183} INFO - Processing /home/airflow/.local/lib/python3.11/site-packages/airflow/example_dags/example_bash_operator.py took 0.081 seconds
[2024-07-09T13:22:52.105+0000] {processor.py:161} INFO - Started process (PID=2318) to work on /home/airflow/.local/lib/python3.11/site-packages/airflow/example_dags/example_bash_operator.py
[2024-07-09T13:22:52.106+0000] {processor.py:830} INFO - Processing file /home/airflow/.local/lib/python3.11/site-packages/airflow/example_dags/example_bash_operator.py for tasks to queue
[2024-07-09T13:22:52.107+0000] {logging_mixin.py:188} INFO - [2024-07-09T13:22:52.106+0000] {dagbag.py:540} INFO - Filling up the DagBag from /home/airflow/.local/lib/python3.11/site-packages/airflow/example_dags/example_bash_operator.py
[2024-07-09T13:22:52.116+0000] {processor.py:840} INFO - DAG(s) 'example_bash_operator' retrieved from /home/airflow/.local/lib/python3.11/site-packages/airflow/example_dags/example_bash_operator.py
[2024-07-09T13:22:52.144+0000] {logging_mixin.py:188} INFO - [2024-07-09T13:22:52.144+0000] {dag.py:3047} INFO - Sync 1 DAGs
[2024-07-09T13:22:52.164+0000] {logging_mixin.py:188} INFO - [2024-07-09T13:22:52.164+0000] {dag.py:3834} INFO - Setting next_dagrun for example_bash_operator to 2024-07-08 00:00:00+00:00, run_after=2024-07-09 00:00:00+00:00
[2024-07-09T13:22:52.181+0000] {processor.py:183} INFO - Processing /home/airflow/.local/lib/python3.11/site-packages/airflow/example_dags/example_bash_operator.py took 0.079 seconds
[2024-07-09T13:23:22.846+0000] {processor.py:161} INFO - Started process (PID=2588) to work on /home/airflow/.local/lib/python3.11/site-packages/airflow/example_dags/example_bash_operator.py
[2024-07-09T13:23:22.852+0000] {processor.py:830} INFO - Processing file /home/airflow/.local/lib/python3.11/site-packages/airflow/example_dags/example_bash_operator.py for tasks to queue
[2024-07-09T13:23:22.852+0000] {logging_mixin.py:188} INFO - [2024-07-09T13:23:22.852+0000] {dagbag.py:540} INFO - Filling up the DagBag from /home/airflow/.local/lib/python3.11/site-packages/airflow/example_dags/example_bash_operator.py
[2024-07-09T13:23:22.866+0000] {processor.py:840} INFO - DAG(s) 'example_bash_operator' retrieved from /home/airflow/.local/lib/python3.11/site-packages/airflow/example_dags/example_bash_operator.py
[2024-07-09T13:23:22.906+0000] {logging_mixin.py:188} INFO - [2024-07-09T13:23:22.905+0000] {dag.py:3047} INFO - Sync 1 DAGs
[2024-07-09T13:23:22.928+0000] {logging_mixin.py:188} INFO - [2024-07-09T13:23:22.928+0000] {dag.py:3834} INFO - Setting next_dagrun for example_bash_operator to 2024-07-08 00:00:00+00:00, run_after=2024-07-09 00:00:00+00:00
[2024-07-09T13:23:22.947+0000] {processor.py:183} INFO - Processing /home/airflow/.local/lib/python3.11/site-packages/airflow/example_dags/example_bash_operator.py took 0.104 seconds
[2024-07-09T13:23:53.657+0000] {processor.py:161} INFO - Started process (PID=2858) to work on /home/airflow/.local/lib/python3.11/site-packages/airflow/example_dags/example_bash_operator.py
[2024-07-09T13:23:53.658+0000] {processor.py:830} INFO - Processing file /home/airflow/.local/lib/python3.11/site-packages/airflow/example_dags/example_bash_operator.py for tasks to queue
[2024-07-09T13:23:53.659+0000] {logging_mixin.py:188} INFO - [2024-07-09T13:23:53.659+0000] {dagbag.py:540} INFO - Filling up the DagBag from /home/airflow/.local/lib/python3.11/site-packages/airflow/example_dags/example_bash_operator.py
[2024-07-09T13:23:53.670+0000] {processor.py:840} INFO - DAG(s) 'example_bash_operator' retrieved from /home/airflow/.local/lib/python3.11/site-packages/airflow/example_dags/example_bash_operator.py
[2024-07-09T13:23:53.695+0000] {logging_mixin.py:188} INFO - [2024-07-09T13:23:53.695+0000] {dag.py:3047} INFO - Sync 1 DAGs
[2024-07-09T13:23:53.713+0000] {logging_mixin.py:188} INFO - [2024-07-09T13:23:53.713+0000] {dag.py:3834} INFO - Setting next_dagrun for example_bash_operator to 2024-07-08 00:00:00+00:00, run_after=2024-07-09 00:00:00+00:00
[2024-07-09T13:23:53.729+0000] {processor.py:183} INFO - Processing /home/airflow/.local/lib/python3.11/site-packages/airflow/example_dags/example_bash_operator.py took 0.076 seconds
[2024-07-09T13:24:24.386+0000] {processor.py:161} INFO - Started process (PID=3128) to work on /home/airflow/.local/lib/python3.11/site-packages/airflow/example_dags/example_bash_operator.py
[2024-07-09T13:24:24.387+0000] {processor.py:830} INFO - Processing file /home/airflow/.local/lib/python3.11/site-packages/airflow/example_dags/example_bash_operator.py for tasks to queue
[2024-07-09T13:24:24.388+0000] {logging_mixin.py:188} INFO - [2024-07-09T13:24:24.387+0000] {dagbag.py:540} INFO - Filling up the DagBag from /home/airflow/.local/lib/python3.11/site-packages/airflow/example_dags/example_bash_operator.py
[2024-07-09T13:24:24.398+0000] {processor.py:840} INFO - DAG(s) 'example_bash_operator' retrieved from /home/airflow/.local/lib/python3.11/site-packages/airflow/example_dags/example_bash_operator.py
[2024-07-09T13:24:24.426+0000] {logging_mixin.py:188} INFO - [2024-07-09T13:24:24.425+0000] {dag.py:3047} INFO - Sync 1 DAGs
[2024-07-09T13:24:24.443+0000] {logging_mixin.py:188} INFO - [2024-07-09T13:24:24.442+0000] {dag.py:3834} INFO - Setting next_dagrun for example_bash_operator to 2024-07-08 00:00:00+00:00, run_after=2024-07-09 00:00:00+00:00
[2024-07-09T13:24:24.458+0000] {processor.py:183} INFO - Processing /home/airflow/.local/lib/python3.11/site-packages/airflow/example_dags/example_bash_operator.py took 0.075 seconds
[2024-07-09T13:24:55.039+0000] {processor.py:161} INFO - Started process (PID=3398) to work on /home/airflow/.local/lib/python3.11/site-packages/airflow/example_dags/example_bash_operator.py
[2024-07-09T13:24:55.041+0000] {processor.py:830} INFO - Processing file /home/airflow/.local/lib/python3.11/site-packages/airflow/example_dags/example_bash_operator.py for tasks to queue
[2024-07-09T13:24:55.041+0000] {logging_mixin.py:188} INFO - [2024-07-09T13:24:55.041+0000] {dagbag.py:540} INFO - Filling up the DagBag from /home/airflow/.local/lib/python3.11/site-packages/airflow/example_dags/example_bash_operator.py
[2024-07-09T13:24:55.051+0000] {processor.py:840} INFO - DAG(s) 'example_bash_operator' retrieved from /home/airflow/.local/lib/python3.11/site-packages/airflow/example_dags/example_bash_operator.py
[2024-07-09T13:24:55.076+0000] {logging_mixin.py:188} INFO - [2024-07-09T13:24:55.076+0000] {dag.py:3047} INFO - Sync 1 DAGs
[2024-07-09T13:24:55.093+0000] {logging_mixin.py:188} INFO - [2024-07-09T13:24:55.093+0000] {dag.py:3834} INFO - Setting next_dagrun for example_bash_operator to 2024-07-08 00:00:00+00:00, run_after=2024-07-09 00:00:00+00:00
[2024-07-09T13:24:55.111+0000] {processor.py:183} INFO - Processing /home/airflow/.local/lib/python3.11/site-packages/airflow/example_dags/example_bash_operator.py took 0.075 seconds
[2024-07-09T13:26:07.300+0000] {processor.py:161} INFO - Started process (PID=162) to work on /home/airflow/.local/lib/python3.11/site-packages/airflow/example_dags/example_bash_operator.py
[2024-07-09T13:26:07.302+0000] {processor.py:830} INFO - Processing file /home/airflow/.local/lib/python3.11/site-packages/airflow/example_dags/example_bash_operator.py for tasks to queue
[2024-07-09T13:26:07.303+0000] {logging_mixin.py:188} INFO - [2024-07-09T13:26:07.302+0000] {dagbag.py:540} INFO - Filling up the DagBag from /home/airflow/.local/lib/python3.11/site-packages/airflow/example_dags/example_bash_operator.py
[2024-07-09T13:26:07.323+0000] {processor.py:840} INFO - DAG(s) 'example_bash_operator' retrieved from /home/airflow/.local/lib/python3.11/site-packages/airflow/example_dags/example_bash_operator.py
[2024-07-09T13:26:07.566+0000] {logging_mixin.py:188} INFO - [2024-07-09T13:26:07.565+0000] {override.py:1769} INFO - Created Permission View: can delete on DAG:example_bash_operator
[2024-07-09T13:26:07.577+0000] {logging_mixin.py:188} INFO - [2024-07-09T13:26:07.576+0000] {override.py:1769} INFO - Created Permission View: can read on DAG:example_bash_operator
[2024-07-09T13:26:07.584+0000] {logging_mixin.py:188} INFO - [2024-07-09T13:26:07.584+0000] {override.py:1769} INFO - Created Permission View: can edit on DAG:example_bash_operator
[2024-07-09T13:26:07.585+0000] {logging_mixin.py:188} INFO - [2024-07-09T13:26:07.584+0000] {dag.py:3047} INFO - Sync 1 DAGs
[2024-07-09T13:26:07.596+0000] {logging_mixin.py:188} INFO - [2024-07-09T13:26:07.595+0000] {dag.py:3069} INFO - Creating ORM DAG for example_bash_operator
[2024-07-09T13:26:07.605+0000] {logging_mixin.py:188} INFO - [2024-07-09T13:26:07.605+0000] {dag.py:3834} INFO - Setting next_dagrun for example_bash_operator to 2024-07-08 00:00:00+00:00, run_after=2024-07-09 00:00:00+00:00
[2024-07-09T13:26:07.621+0000] {processor.py:183} INFO - Processing /home/airflow/.local/lib/python3.11/site-packages/airflow/example_dags/example_bash_operator.py took 0.325 seconds
[2024-07-09T13:26:38.651+0000] {processor.py:161} INFO - Started process (PID=432) to work on /home/airflow/.local/lib/python3.11/site-packages/airflow/example_dags/example_bash_operator.py
[2024-07-09T13:26:38.652+0000] {processor.py:830} INFO - Processing file /home/airflow/.local/lib/python3.11/site-packages/airflow/example_dags/example_bash_operator.py for tasks to queue
[2024-07-09T13:26:38.652+0000] {logging_mixin.py:188} INFO - [2024-07-09T13:26:38.652+0000] {dagbag.py:540} INFO - Filling up the DagBag from /home/airflow/.local/lib/python3.11/site-packages/airflow/example_dags/example_bash_operator.py
[2024-07-09T13:26:38.661+0000] {processor.py:840} INFO - DAG(s) 'example_bash_operator' retrieved from /home/airflow/.local/lib/python3.11/site-packages/airflow/example_dags/example_bash_operator.py
[2024-07-09T13:26:38.687+0000] {logging_mixin.py:188} INFO - [2024-07-09T13:26:38.687+0000] {dag.py:3047} INFO - Sync 1 DAGs
[2024-07-09T13:26:38.705+0000] {logging_mixin.py:188} INFO - [2024-07-09T13:26:38.705+0000] {dag.py:3834} INFO - Setting next_dagrun for example_bash_operator to 2024-07-08 00:00:00+00:00, run_after=2024-07-09 00:00:00+00:00
[2024-07-09T13:26:38.725+0000] {processor.py:183} INFO - Processing /home/airflow/.local/lib/python3.11/site-packages/airflow/example_dags/example_bash_operator.py took 0.076 seconds
[2024-07-09T13:27:09.284+0000] {processor.py:161} INFO - Started process (PID=702) to work on /home/airflow/.local/lib/python3.11/site-packages/airflow/example_dags/example_bash_operator.py
[2024-07-09T13:27:09.285+0000] {processor.py:830} INFO - Processing file /home/airflow/.local/lib/python3.11/site-packages/airflow/example_dags/example_bash_operator.py for tasks to queue
[2024-07-09T13:27:09.285+0000] {logging_mixin.py:188} INFO - [2024-07-09T13:27:09.285+0000] {dagbag.py:540} INFO - Filling up the DagBag from /home/airflow/.local/lib/python3.11/site-packages/airflow/example_dags/example_bash_operator.py
[2024-07-09T13:27:09.295+0000] {processor.py:840} INFO - DAG(s) 'example_bash_operator' retrieved from /home/airflow/.local/lib/python3.11/site-packages/airflow/example_dags/example_bash_operator.py
[2024-07-09T13:27:09.320+0000] {logging_mixin.py:188} INFO - [2024-07-09T13:27:09.320+0000] {dag.py:3047} INFO - Sync 1 DAGs
[2024-07-09T13:27:09.340+0000] {logging_mixin.py:188} INFO - [2024-07-09T13:27:09.339+0000] {dag.py:3834} INFO - Setting next_dagrun for example_bash_operator to 2024-07-08 00:00:00+00:00, run_after=2024-07-09 00:00:00+00:00
[2024-07-09T13:27:09.357+0000] {processor.py:183} INFO - Processing /home/airflow/.local/lib/python3.11/site-packages/airflow/example_dags/example_bash_operator.py took 0.076 seconds
[2024-07-09T13:27:39.752+0000] {processor.py:161} INFO - Started process (PID=969) to work on /home/airflow/.local/lib/python3.11/site-packages/airflow/example_dags/example_bash_operator.py
[2024-07-09T13:27:39.753+0000] {processor.py:830} INFO - Processing file /home/airflow/.local/lib/python3.11/site-packages/airflow/example_dags/example_bash_operator.py for tasks to queue
[2024-07-09T13:27:39.754+0000] {logging_mixin.py:188} INFO - [2024-07-09T13:27:39.754+0000] {dagbag.py:540} INFO - Filling up the DagBag from /home/airflow/.local/lib/python3.11/site-packages/airflow/example_dags/example_bash_operator.py
[2024-07-09T13:27:39.764+0000] {processor.py:840} INFO - DAG(s) 'example_bash_operator' retrieved from /home/airflow/.local/lib/python3.11/site-packages/airflow/example_dags/example_bash_operator.py
[2024-07-09T13:27:39.789+0000] {logging_mixin.py:188} INFO - [2024-07-09T13:27:39.789+0000] {dag.py:3047} INFO - Sync 1 DAGs
[2024-07-09T13:27:39.808+0000] {logging_mixin.py:188} INFO - [2024-07-09T13:27:39.808+0000] {dag.py:3834} INFO - Setting next_dagrun for example_bash_operator to 2024-07-08 00:00:00+00:00, run_after=2024-07-09 00:00:00+00:00
[2024-07-09T13:27:39.981+0000] {processor.py:183} INFO - Processing /home/airflow/.local/lib/python3.11/site-packages/airflow/example_dags/example_bash_operator.py took 0.231 seconds
[2024-07-09T13:28:10.014+0000] {processor.py:161} INFO - Started process (PID=1244) to work on /home/airflow/.local/lib/python3.11/site-packages/airflow/example_dags/example_bash_operator.py
[2024-07-09T13:28:10.015+0000] {processor.py:830} INFO - Processing file /home/airflow/.local/lib/python3.11/site-packages/airflow/example_dags/example_bash_operator.py for tasks to queue
[2024-07-09T13:28:10.016+0000] {logging_mixin.py:188} INFO - [2024-07-09T13:28:10.015+0000] {dagbag.py:540} INFO - Filling up the DagBag from /home/airflow/.local/lib/python3.11/site-packages/airflow/example_dags/example_bash_operator.py
[2024-07-09T13:28:10.027+0000] {processor.py:840} INFO - DAG(s) 'example_bash_operator' retrieved from /home/airflow/.local/lib/python3.11/site-packages/airflow/example_dags/example_bash_operator.py
[2024-07-09T13:28:10.056+0000] {logging_mixin.py:188} INFO - [2024-07-09T13:28:10.056+0000] {dag.py:3047} INFO - Sync 1 DAGs
[2024-07-09T13:28:10.074+0000] {logging_mixin.py:188} INFO - [2024-07-09T13:28:10.074+0000] {dag.py:3834} INFO - Setting next_dagrun for example_bash_operator to 2024-07-08 00:00:00+00:00, run_after=2024-07-09 00:00:00+00:00
[2024-07-09T13:28:10.092+0000] {processor.py:183} INFO - Processing /home/airflow/.local/lib/python3.11/site-packages/airflow/example_dags/example_bash_operator.py took 0.082 seconds
[2024-07-09T13:28:40.378+0000] {processor.py:161} INFO - Started process (PID=1509) to work on /home/airflow/.local/lib/python3.11/site-packages/airflow/example_dags/example_bash_operator.py
[2024-07-09T13:28:40.379+0000] {processor.py:830} INFO - Processing file /home/airflow/.local/lib/python3.11/site-packages/airflow/example_dags/example_bash_operator.py for tasks to queue
[2024-07-09T13:28:40.380+0000] {logging_mixin.py:188} INFO - [2024-07-09T13:28:40.379+0000] {dagbag.py:540} INFO - Filling up the DagBag from /home/airflow/.local/lib/python3.11/site-packages/airflow/example_dags/example_bash_operator.py
[2024-07-09T13:28:40.389+0000] {processor.py:840} INFO - DAG(s) 'example_bash_operator' retrieved from /home/airflow/.local/lib/python3.11/site-packages/airflow/example_dags/example_bash_operator.py
[2024-07-09T13:28:40.423+0000] {logging_mixin.py:188} INFO - [2024-07-09T13:28:40.423+0000] {dag.py:3047} INFO - Sync 1 DAGs
[2024-07-09T13:28:40.442+0000] {logging_mixin.py:188} INFO - [2024-07-09T13:28:40.442+0000] {dag.py:3834} INFO - Setting next_dagrun for example_bash_operator to 2024-07-08 00:00:00+00:00, run_after=2024-07-09 00:00:00+00:00
[2024-07-09T13:28:40.461+0000] {processor.py:183} INFO - Processing /home/airflow/.local/lib/python3.11/site-packages/airflow/example_dags/example_bash_operator.py took 0.086 seconds
[2024-07-09T13:29:10.869+0000] {processor.py:161} INFO - Started process (PID=1779) to work on /home/airflow/.local/lib/python3.11/site-packages/airflow/example_dags/example_bash_operator.py
[2024-07-09T13:29:10.870+0000] {processor.py:830} INFO - Processing file /home/airflow/.local/lib/python3.11/site-packages/airflow/example_dags/example_bash_operator.py for tasks to queue
[2024-07-09T13:29:10.871+0000] {logging_mixin.py:188} INFO - [2024-07-09T13:29:10.871+0000] {dagbag.py:540} INFO - Filling up the DagBag from /home/airflow/.local/lib/python3.11/site-packages/airflow/example_dags/example_bash_operator.py
[2024-07-09T13:29:10.880+0000] {processor.py:840} INFO - DAG(s) 'example_bash_operator' retrieved from /home/airflow/.local/lib/python3.11/site-packages/airflow/example_dags/example_bash_operator.py
[2024-07-09T13:29:10.906+0000] {logging_mixin.py:188} INFO - [2024-07-09T13:29:10.905+0000] {dag.py:3047} INFO - Sync 1 DAGs
[2024-07-09T13:29:10.923+0000] {logging_mixin.py:188} INFO - [2024-07-09T13:29:10.923+0000] {dag.py:3834} INFO - Setting next_dagrun for example_bash_operator to 2024-07-08 00:00:00+00:00, run_after=2024-07-09 00:00:00+00:00
[2024-07-09T13:29:10.938+0000] {processor.py:183} INFO - Processing /home/airflow/.local/lib/python3.11/site-packages/airflow/example_dags/example_bash_operator.py took 0.072 seconds
[2024-07-09T13:29:41.240+0000] {processor.py:161} INFO - Started process (PID=2049) to work on /home/airflow/.local/lib/python3.11/site-packages/airflow/example_dags/example_bash_operator.py
[2024-07-09T13:29:41.242+0000] {processor.py:830} INFO - Processing file /home/airflow/.local/lib/python3.11/site-packages/airflow/example_dags/example_bash_operator.py for tasks to queue
[2024-07-09T13:29:41.242+0000] {logging_mixin.py:188} INFO - [2024-07-09T13:29:41.242+0000] {dagbag.py:540} INFO - Filling up the DagBag from /home/airflow/.local/lib/python3.11/site-packages/airflow/example_dags/example_bash_operator.py
[2024-07-09T13:29:41.251+0000] {processor.py:840} INFO - DAG(s) 'example_bash_operator' retrieved from /home/airflow/.local/lib/python3.11/site-packages/airflow/example_dags/example_bash_operator.py
[2024-07-09T13:29:41.277+0000] {logging_mixin.py:188} INFO - [2024-07-09T13:29:41.277+0000] {dag.py:3047} INFO - Sync 1 DAGs
[2024-07-09T13:29:41.294+0000] {logging_mixin.py:188} INFO - [2024-07-09T13:29:41.294+0000] {dag.py:3834} INFO - Setting next_dagrun for example_bash_operator to 2024-07-08 00:00:00+00:00, run_after=2024-07-09 00:00:00+00:00
[2024-07-09T13:29:41.312+0000] {processor.py:183} INFO - Processing /home/airflow/.local/lib/python3.11/site-packages/airflow/example_dags/example_bash_operator.py took 0.074 seconds
[2024-07-09T13:31:35.297+0000] {processor.py:161} INFO - Started process (PID=161) to work on /home/airflow/.local/lib/python3.11/site-packages/airflow/example_dags/example_bash_operator.py
[2024-07-09T13:31:35.298+0000] {processor.py:830} INFO - Processing file /home/airflow/.local/lib/python3.11/site-packages/airflow/example_dags/example_bash_operator.py for tasks to queue
[2024-07-09T13:31:35.300+0000] {logging_mixin.py:188} INFO - [2024-07-09T13:31:35.299+0000] {dagbag.py:540} INFO - Filling up the DagBag from /home/airflow/.local/lib/python3.11/site-packages/airflow/example_dags/example_bash_operator.py
[2024-07-09T13:31:35.329+0000] {processor.py:840} INFO - DAG(s) 'example_bash_operator' retrieved from /home/airflow/.local/lib/python3.11/site-packages/airflow/example_dags/example_bash_operator.py
[2024-07-09T13:31:35.619+0000] {logging_mixin.py:188} INFO - [2024-07-09T13:31:35.619+0000] {override.py:1769} INFO - Created Permission View: can edit on DAG:example_bash_operator
[2024-07-09T13:31:35.633+0000] {logging_mixin.py:188} INFO - [2024-07-09T13:31:35.632+0000] {override.py:1769} INFO - Created Permission View: can delete on DAG:example_bash_operator
[2024-07-09T13:31:35.640+0000] {logging_mixin.py:188} INFO - [2024-07-09T13:31:35.640+0000] {override.py:1769} INFO - Created Permission View: can read on DAG:example_bash_operator
[2024-07-09T13:31:35.641+0000] {logging_mixin.py:188} INFO - [2024-07-09T13:31:35.641+0000] {dag.py:3047} INFO - Sync 1 DAGs
[2024-07-09T13:31:35.655+0000] {logging_mixin.py:188} INFO - [2024-07-09T13:31:35.655+0000] {dag.py:3069} INFO - Creating ORM DAG for example_bash_operator
[2024-07-09T13:31:35.673+0000] {logging_mixin.py:188} INFO - [2024-07-09T13:31:35.673+0000] {dag.py:3834} INFO - Setting next_dagrun for example_bash_operator to 2024-07-08 00:00:00+00:00, run_after=2024-07-09 00:00:00+00:00
[2024-07-09T13:31:35.707+0000] {processor.py:183} INFO - Processing /home/airflow/.local/lib/python3.11/site-packages/airflow/example_dags/example_bash_operator.py took 0.415 seconds
[2024-07-09T13:32:06.417+0000] {processor.py:161} INFO - Started process (PID=431) to work on /home/airflow/.local/lib/python3.11/site-packages/airflow/example_dags/example_bash_operator.py
[2024-07-09T13:32:06.418+0000] {processor.py:830} INFO - Processing file /home/airflow/.local/lib/python3.11/site-packages/airflow/example_dags/example_bash_operator.py for tasks to queue
[2024-07-09T13:32:06.419+0000] {logging_mixin.py:188} INFO - [2024-07-09T13:32:06.419+0000] {dagbag.py:540} INFO - Filling up the DagBag from /home/airflow/.local/lib/python3.11/site-packages/airflow/example_dags/example_bash_operator.py
[2024-07-09T13:32:06.429+0000] {processor.py:840} INFO - DAG(s) 'example_bash_operator' retrieved from /home/airflow/.local/lib/python3.11/site-packages/airflow/example_dags/example_bash_operator.py
[2024-07-09T13:32:06.456+0000] {logging_mixin.py:188} INFO - [2024-07-09T13:32:06.456+0000] {dag.py:3047} INFO - Sync 1 DAGs
[2024-07-09T13:32:06.475+0000] {logging_mixin.py:188} INFO - [2024-07-09T13:32:06.475+0000] {dag.py:3834} INFO - Setting next_dagrun for example_bash_operator to 2024-07-08 00:00:00+00:00, run_after=2024-07-09 00:00:00+00:00
[2024-07-09T13:32:06.493+0000] {processor.py:183} INFO - Processing /home/airflow/.local/lib/python3.11/site-packages/airflow/example_dags/example_bash_operator.py took 0.078 seconds
[2024-07-09T13:32:36.530+0000] {processor.py:161} INFO - Started process (PID=698) to work on /home/airflow/.local/lib/python3.11/site-packages/airflow/example_dags/example_bash_operator.py
[2024-07-09T13:32:36.531+0000] {processor.py:830} INFO - Processing file /home/airflow/.local/lib/python3.11/site-packages/airflow/example_dags/example_bash_operator.py for tasks to queue
[2024-07-09T13:32:36.532+0000] {logging_mixin.py:188} INFO - [2024-07-09T13:32:36.532+0000] {dagbag.py:540} INFO - Filling up the DagBag from /home/airflow/.local/lib/python3.11/site-packages/airflow/example_dags/example_bash_operator.py
[2024-07-09T13:32:36.541+0000] {processor.py:840} INFO - DAG(s) 'example_bash_operator' retrieved from /home/airflow/.local/lib/python3.11/site-packages/airflow/example_dags/example_bash_operator.py
[2024-07-09T13:32:36.569+0000] {logging_mixin.py:188} INFO - [2024-07-09T13:32:36.568+0000] {dag.py:3047} INFO - Sync 1 DAGs
[2024-07-09T13:32:36.587+0000] {logging_mixin.py:188} INFO - [2024-07-09T13:32:36.587+0000] {dag.py:3834} INFO - Setting next_dagrun for example_bash_operator to 2024-07-08 00:00:00+00:00, run_after=2024-07-09 00:00:00+00:00
[2024-07-09T13:32:36.606+0000] {processor.py:183} INFO - Processing /home/airflow/.local/lib/python3.11/site-packages/airflow/example_dags/example_bash_operator.py took 0.079 seconds
[2024-07-09T13:33:06.759+0000] {processor.py:161} INFO - Started process (PID=968) to work on /home/airflow/.local/lib/python3.11/site-packages/airflow/example_dags/example_bash_operator.py
[2024-07-09T13:33:06.760+0000] {processor.py:830} INFO - Processing file /home/airflow/.local/lib/python3.11/site-packages/airflow/example_dags/example_bash_operator.py for tasks to queue
[2024-07-09T13:33:06.761+0000] {logging_mixin.py:188} INFO - [2024-07-09T13:33:06.761+0000] {dagbag.py:540} INFO - Filling up the DagBag from /home/airflow/.local/lib/python3.11/site-packages/airflow/example_dags/example_bash_operator.py
[2024-07-09T13:33:06.770+0000] {processor.py:840} INFO - DAG(s) 'example_bash_operator' retrieved from /home/airflow/.local/lib/python3.11/site-packages/airflow/example_dags/example_bash_operator.py
[2024-07-09T13:33:06.797+0000] {logging_mixin.py:188} INFO - [2024-07-09T13:33:06.796+0000] {dag.py:3047} INFO - Sync 1 DAGs
[2024-07-09T13:33:06.945+0000] {logging_mixin.py:188} INFO - [2024-07-09T13:33:06.944+0000] {dag.py:3834} INFO - Setting next_dagrun for example_bash_operator to 2024-07-08 00:00:00+00:00, run_after=2024-07-09 00:00:00+00:00
[2024-07-09T13:33:06.965+0000] {processor.py:183} INFO - Processing /home/airflow/.local/lib/python3.11/site-packages/airflow/example_dags/example_bash_operator.py took 0.209 seconds
[2024-07-09T13:33:37.235+0000] {processor.py:161} INFO - Started process (PID=1238) to work on /home/airflow/.local/lib/python3.11/site-packages/airflow/example_dags/example_bash_operator.py
[2024-07-09T13:33:37.236+0000] {processor.py:830} INFO - Processing file /home/airflow/.local/lib/python3.11/site-packages/airflow/example_dags/example_bash_operator.py for tasks to queue
[2024-07-09T13:33:37.237+0000] {logging_mixin.py:188} INFO - [2024-07-09T13:33:37.236+0000] {dagbag.py:540} INFO - Filling up the DagBag from /home/airflow/.local/lib/python3.11/site-packages/airflow/example_dags/example_bash_operator.py
[2024-07-09T13:33:37.246+0000] {processor.py:840} INFO - DAG(s) 'example_bash_operator' retrieved from /home/airflow/.local/lib/python3.11/site-packages/airflow/example_dags/example_bash_operator.py
[2024-07-09T13:33:37.273+0000] {logging_mixin.py:188} INFO - [2024-07-09T13:33:37.272+0000] {dag.py:3047} INFO - Sync 1 DAGs
[2024-07-09T13:33:37.290+0000] {logging_mixin.py:188} INFO - [2024-07-09T13:33:37.290+0000] {dag.py:3834} INFO - Setting next_dagrun for example_bash_operator to 2024-07-08 00:00:00+00:00, run_after=2024-07-09 00:00:00+00:00
[2024-07-09T13:33:37.312+0000] {processor.py:183} INFO - Processing /home/airflow/.local/lib/python3.11/site-packages/airflow/example_dags/example_bash_operator.py took 0.080 seconds
[2024-07-09T13:34:07.783+0000] {processor.py:161} INFO - Started process (PID=1508) to work on /home/airflow/.local/lib/python3.11/site-packages/airflow/example_dags/example_bash_operator.py
[2024-07-09T13:34:07.785+0000] {processor.py:830} INFO - Processing file /home/airflow/.local/lib/python3.11/site-packages/airflow/example_dags/example_bash_operator.py for tasks to queue
[2024-07-09T13:34:07.786+0000] {logging_mixin.py:188} INFO - [2024-07-09T13:34:07.785+0000] {dagbag.py:540} INFO - Filling up the DagBag from /home/airflow/.local/lib/python3.11/site-packages/airflow/example_dags/example_bash_operator.py
[2024-07-09T13:34:07.797+0000] {processor.py:840} INFO - DAG(s) 'example_bash_operator' retrieved from /home/airflow/.local/lib/python3.11/site-packages/airflow/example_dags/example_bash_operator.py
[2024-07-09T13:34:07.824+0000] {logging_mixin.py:188} INFO - [2024-07-09T13:34:07.824+0000] {dag.py:3047} INFO - Sync 1 DAGs
[2024-07-09T13:34:07.845+0000] {logging_mixin.py:188} INFO - [2024-07-09T13:34:07.845+0000] {dag.py:3834} INFO - Setting next_dagrun for example_bash_operator to 2024-07-08 00:00:00+00:00, run_after=2024-07-09 00:00:00+00:00
[2024-07-09T13:34:07.863+0000] {processor.py:183} INFO - Processing /home/airflow/.local/lib/python3.11/site-packages/airflow/example_dags/example_bash_operator.py took 0.085 seconds
[2024-07-09T13:34:38.154+0000] {processor.py:161} INFO - Started process (PID=1778) to work on /home/airflow/.local/lib/python3.11/site-packages/airflow/example_dags/example_bash_operator.py
[2024-07-09T13:34:38.156+0000] {processor.py:830} INFO - Processing file /home/airflow/.local/lib/python3.11/site-packages/airflow/example_dags/example_bash_operator.py for tasks to queue
[2024-07-09T13:34:38.157+0000] {logging_mixin.py:188} INFO - [2024-07-09T13:34:38.156+0000] {dagbag.py:540} INFO - Filling up the DagBag from /home/airflow/.local/lib/python3.11/site-packages/airflow/example_dags/example_bash_operator.py
[2024-07-09T13:34:38.166+0000] {processor.py:840} INFO - DAG(s) 'example_bash_operator' retrieved from /home/airflow/.local/lib/python3.11/site-packages/airflow/example_dags/example_bash_operator.py
[2024-07-09T13:34:38.193+0000] {logging_mixin.py:188} INFO - [2024-07-09T13:34:38.192+0000] {dag.py:3047} INFO - Sync 1 DAGs
[2024-07-09T13:34:38.211+0000] {logging_mixin.py:188} INFO - [2024-07-09T13:34:38.211+0000] {dag.py:3834} INFO - Setting next_dagrun for example_bash_operator to 2024-07-08 00:00:00+00:00, run_after=2024-07-09 00:00:00+00:00
[2024-07-09T13:34:38.229+0000] {processor.py:183} INFO - Processing /home/airflow/.local/lib/python3.11/site-packages/airflow/example_dags/example_bash_operator.py took 0.078 seconds
[2024-07-09T13:35:08.397+0000] {processor.py:161} INFO - Started process (PID=2048) to work on /home/airflow/.local/lib/python3.11/site-packages/airflow/example_dags/example_bash_operator.py
[2024-07-09T13:35:08.398+0000] {processor.py:830} INFO - Processing file /home/airflow/.local/lib/python3.11/site-packages/airflow/example_dags/example_bash_operator.py for tasks to queue
[2024-07-09T13:35:08.399+0000] {logging_mixin.py:188} INFO - [2024-07-09T13:35:08.399+0000] {dagbag.py:540} INFO - Filling up the DagBag from /home/airflow/.local/lib/python3.11/site-packages/airflow/example_dags/example_bash_operator.py
[2024-07-09T13:35:08.408+0000] {processor.py:840} INFO - DAG(s) 'example_bash_operator' retrieved from /home/airflow/.local/lib/python3.11/site-packages/airflow/example_dags/example_bash_operator.py
[2024-07-09T13:35:08.436+0000] {logging_mixin.py:188} INFO - [2024-07-09T13:35:08.436+0000] {dag.py:3047} INFO - Sync 1 DAGs
[2024-07-09T13:35:08.457+0000] {logging_mixin.py:188} INFO - [2024-07-09T13:35:08.456+0000] {dag.py:3834} INFO - Setting next_dagrun for example_bash_operator to 2024-07-08 00:00:00+00:00, run_after=2024-07-09 00:00:00+00:00
[2024-07-09T13:35:08.474+0000] {processor.py:183} INFO - Processing /home/airflow/.local/lib/python3.11/site-packages/airflow/example_dags/example_bash_operator.py took 0.079 seconds
[2024-07-09T13:35:38.733+0000] {processor.py:161} INFO - Started process (PID=2318) to work on /home/airflow/.local/lib/python3.11/site-packages/airflow/example_dags/example_bash_operator.py
[2024-07-09T13:35:38.734+0000] {processor.py:830} INFO - Processing file /home/airflow/.local/lib/python3.11/site-packages/airflow/example_dags/example_bash_operator.py for tasks to queue
[2024-07-09T13:35:38.735+0000] {logging_mixin.py:188} INFO - [2024-07-09T13:35:38.735+0000] {dagbag.py:540} INFO - Filling up the DagBag from /home/airflow/.local/lib/python3.11/site-packages/airflow/example_dags/example_bash_operator.py
[2024-07-09T13:35:38.744+0000] {processor.py:840} INFO - DAG(s) 'example_bash_operator' retrieved from /home/airflow/.local/lib/python3.11/site-packages/airflow/example_dags/example_bash_operator.py
[2024-07-09T13:35:38.770+0000] {logging_mixin.py:188} INFO - [2024-07-09T13:35:38.770+0000] {dag.py:3047} INFO - Sync 1 DAGs
[2024-07-09T13:35:38.788+0000] {logging_mixin.py:188} INFO - [2024-07-09T13:35:38.788+0000] {dag.py:3834} INFO - Setting next_dagrun for example_bash_operator to 2024-07-08 00:00:00+00:00, run_after=2024-07-09 00:00:00+00:00
[2024-07-09T13:35:38.804+0000] {processor.py:183} INFO - Processing /home/airflow/.local/lib/python3.11/site-packages/airflow/example_dags/example_bash_operator.py took 0.074 seconds
[2024-07-09T13:36:09.093+0000] {processor.py:161} INFO - Started process (PID=2588) to work on /home/airflow/.local/lib/python3.11/site-packages/airflow/example_dags/example_bash_operator.py
[2024-07-09T13:36:09.094+0000] {processor.py:830} INFO - Processing file /home/airflow/.local/lib/python3.11/site-packages/airflow/example_dags/example_bash_operator.py for tasks to queue
[2024-07-09T13:36:09.094+0000] {logging_mixin.py:188} INFO - [2024-07-09T13:36:09.094+0000] {dagbag.py:540} INFO - Filling up the DagBag from /home/airflow/.local/lib/python3.11/site-packages/airflow/example_dags/example_bash_operator.py
[2024-07-09T13:36:09.104+0000] {processor.py:840} INFO - DAG(s) 'example_bash_operator' retrieved from /home/airflow/.local/lib/python3.11/site-packages/airflow/example_dags/example_bash_operator.py
[2024-07-09T13:36:09.133+0000] {logging_mixin.py:188} INFO - [2024-07-09T13:36:09.133+0000] {dag.py:3047} INFO - Sync 1 DAGs
[2024-07-09T13:36:09.153+0000] {logging_mixin.py:188} INFO - [2024-07-09T13:36:09.153+0000] {dag.py:3834} INFO - Setting next_dagrun for example_bash_operator to 2024-07-08 00:00:00+00:00, run_after=2024-07-09 00:00:00+00:00
[2024-07-09T13:36:09.172+0000] {processor.py:183} INFO - Processing /home/airflow/.local/lib/python3.11/site-packages/airflow/example_dags/example_bash_operator.py took 0.082 seconds
[2024-07-09T13:36:39.529+0000] {processor.py:161} INFO - Started process (PID=2858) to work on /home/airflow/.local/lib/python3.11/site-packages/airflow/example_dags/example_bash_operator.py
[2024-07-09T13:36:39.531+0000] {processor.py:830} INFO - Processing file /home/airflow/.local/lib/python3.11/site-packages/airflow/example_dags/example_bash_operator.py for tasks to queue
[2024-07-09T13:36:39.532+0000] {logging_mixin.py:188} INFO - [2024-07-09T13:36:39.531+0000] {dagbag.py:540} INFO - Filling up the DagBag from /home/airflow/.local/lib/python3.11/site-packages/airflow/example_dags/example_bash_operator.py
[2024-07-09T13:36:39.542+0000] {processor.py:840} INFO - DAG(s) 'example_bash_operator' retrieved from /home/airflow/.local/lib/python3.11/site-packages/airflow/example_dags/example_bash_operator.py
[2024-07-09T13:36:39.569+0000] {logging_mixin.py:188} INFO - [2024-07-09T13:36:39.569+0000] {dag.py:3047} INFO - Sync 1 DAGs
[2024-07-09T13:36:39.587+0000] {logging_mixin.py:188} INFO - [2024-07-09T13:36:39.587+0000] {dag.py:3834} INFO - Setting next_dagrun for example_bash_operator to 2024-07-08 00:00:00+00:00, run_after=2024-07-09 00:00:00+00:00
[2024-07-09T13:36:39.603+0000] {processor.py:183} INFO - Processing /home/airflow/.local/lib/python3.11/site-packages/airflow/example_dags/example_bash_operator.py took 0.078 seconds
[2024-07-09T13:37:09.858+0000] {processor.py:161} INFO - Started process (PID=3128) to work on /home/airflow/.local/lib/python3.11/site-packages/airflow/example_dags/example_bash_operator.py
[2024-07-09T13:37:09.859+0000] {processor.py:830} INFO - Processing file /home/airflow/.local/lib/python3.11/site-packages/airflow/example_dags/example_bash_operator.py for tasks to queue
[2024-07-09T13:37:09.860+0000] {logging_mixin.py:188} INFO - [2024-07-09T13:37:09.859+0000] {dagbag.py:540} INFO - Filling up the DagBag from /home/airflow/.local/lib/python3.11/site-packages/airflow/example_dags/example_bash_operator.py
[2024-07-09T13:37:09.873+0000] {processor.py:840} INFO - DAG(s) 'example_bash_operator' retrieved from /home/airflow/.local/lib/python3.11/site-packages/airflow/example_dags/example_bash_operator.py
[2024-07-09T13:37:09.905+0000] {logging_mixin.py:188} INFO - [2024-07-09T13:37:09.905+0000] {dag.py:3047} INFO - Sync 1 DAGs
[2024-07-09T13:37:09.927+0000] {logging_mixin.py:188} INFO - [2024-07-09T13:37:09.926+0000] {dag.py:3834} INFO - Setting next_dagrun for example_bash_operator to 2024-07-08 00:00:00+00:00, run_after=2024-07-09 00:00:00+00:00
[2024-07-09T13:37:09.946+0000] {processor.py:183} INFO - Processing /home/airflow/.local/lib/python3.11/site-packages/airflow/example_dags/example_bash_operator.py took 0.091 seconds
[2024-07-09T13:46:08.426+0000] {processor.py:161} INFO - Started process (PID=161) to work on /home/airflow/.local/lib/python3.11/site-packages/airflow/example_dags/example_bash_operator.py
[2024-07-09T13:46:08.427+0000] {processor.py:830} INFO - Processing file /home/airflow/.local/lib/python3.11/site-packages/airflow/example_dags/example_bash_operator.py for tasks to queue
[2024-07-09T13:46:08.427+0000] {logging_mixin.py:188} INFO - [2024-07-09T13:46:08.427+0000] {dagbag.py:540} INFO - Filling up the DagBag from /home/airflow/.local/lib/python3.11/site-packages/airflow/example_dags/example_bash_operator.py
[2024-07-09T13:46:08.441+0000] {processor.py:840} INFO - DAG(s) 'example_bash_operator' retrieved from /home/airflow/.local/lib/python3.11/site-packages/airflow/example_dags/example_bash_operator.py
[2024-07-09T13:46:08.624+0000] {logging_mixin.py:188} INFO - [2024-07-09T13:46:08.623+0000] {override.py:1769} INFO - Created Permission View: can delete on DAG:example_bash_operator
[2024-07-09T13:46:08.634+0000] {logging_mixin.py:188} INFO - [2024-07-09T13:46:08.634+0000] {override.py:1769} INFO - Created Permission View: can read on DAG:example_bash_operator
[2024-07-09T13:46:08.641+0000] {logging_mixin.py:188} INFO - [2024-07-09T13:46:08.641+0000] {override.py:1769} INFO - Created Permission View: can edit on DAG:example_bash_operator
[2024-07-09T13:46:08.641+0000] {logging_mixin.py:188} INFO - [2024-07-09T13:46:08.641+0000] {dag.py:3047} INFO - Sync 1 DAGs
[2024-07-09T13:46:08.653+0000] {logging_mixin.py:188} INFO - [2024-07-09T13:46:08.653+0000] {dag.py:3069} INFO - Creating ORM DAG for example_bash_operator
[2024-07-09T13:46:08.665+0000] {logging_mixin.py:188} INFO - [2024-07-09T13:46:08.665+0000] {dag.py:3834} INFO - Setting next_dagrun for example_bash_operator to 2024-07-08 00:00:00+00:00, run_after=2024-07-09 00:00:00+00:00
[2024-07-09T13:46:08.692+0000] {processor.py:183} INFO - Processing /home/airflow/.local/lib/python3.11/site-packages/airflow/example_dags/example_bash_operator.py took 0.268 seconds
[2024-07-09T13:46:39.082+0000] {processor.py:161} INFO - Started process (PID=428) to work on /home/airflow/.local/lib/python3.11/site-packages/airflow/example_dags/example_bash_operator.py
[2024-07-09T13:46:39.084+0000] {processor.py:830} INFO - Processing file /home/airflow/.local/lib/python3.11/site-packages/airflow/example_dags/example_bash_operator.py for tasks to queue
[2024-07-09T13:46:39.084+0000] {logging_mixin.py:188} INFO - [2024-07-09T13:46:39.084+0000] {dagbag.py:540} INFO - Filling up the DagBag from /home/airflow/.local/lib/python3.11/site-packages/airflow/example_dags/example_bash_operator.py
[2024-07-09T13:46:39.095+0000] {processor.py:840} INFO - DAG(s) 'example_bash_operator' retrieved from /home/airflow/.local/lib/python3.11/site-packages/airflow/example_dags/example_bash_operator.py
[2024-07-09T13:46:39.123+0000] {logging_mixin.py:188} INFO - [2024-07-09T13:46:39.123+0000] {dag.py:3047} INFO - Sync 1 DAGs
[2024-07-09T13:46:39.143+0000] {logging_mixin.py:188} INFO - [2024-07-09T13:46:39.143+0000] {dag.py:3834} INFO - Setting next_dagrun for example_bash_operator to 2024-07-08 00:00:00+00:00, run_after=2024-07-09 00:00:00+00:00
[2024-07-09T13:46:39.161+0000] {processor.py:183} INFO - Processing /home/airflow/.local/lib/python3.11/site-packages/airflow/example_dags/example_bash_operator.py took 0.083 seconds
[2024-07-09T13:47:09.597+0000] {processor.py:161} INFO - Started process (PID=698) to work on /home/airflow/.local/lib/python3.11/site-packages/airflow/example_dags/example_bash_operator.py
[2024-07-09T13:47:09.598+0000] {processor.py:830} INFO - Processing file /home/airflow/.local/lib/python3.11/site-packages/airflow/example_dags/example_bash_operator.py for tasks to queue
[2024-07-09T13:47:09.599+0000] {logging_mixin.py:188} INFO - [2024-07-09T13:47:09.598+0000] {dagbag.py:540} INFO - Filling up the DagBag from /home/airflow/.local/lib/python3.11/site-packages/airflow/example_dags/example_bash_operator.py
[2024-07-09T13:47:09.608+0000] {processor.py:840} INFO - DAG(s) 'example_bash_operator' retrieved from /home/airflow/.local/lib/python3.11/site-packages/airflow/example_dags/example_bash_operator.py
[2024-07-09T13:47:09.636+0000] {logging_mixin.py:188} INFO - [2024-07-09T13:47:09.636+0000] {dag.py:3047} INFO - Sync 1 DAGs
[2024-07-09T13:47:09.656+0000] {logging_mixin.py:188} INFO - [2024-07-09T13:47:09.656+0000] {dag.py:3834} INFO - Setting next_dagrun for example_bash_operator to 2024-07-08 00:00:00+00:00, run_after=2024-07-09 00:00:00+00:00
[2024-07-09T13:47:09.672+0000] {processor.py:183} INFO - Processing /home/airflow/.local/lib/python3.11/site-packages/airflow/example_dags/example_bash_operator.py took 0.078 seconds
[2024-07-09T13:47:39.962+0000] {processor.py:161} INFO - Started process (PID=968) to work on /home/airflow/.local/lib/python3.11/site-packages/airflow/example_dags/example_bash_operator.py
[2024-07-09T13:47:39.964+0000] {processor.py:830} INFO - Processing file /home/airflow/.local/lib/python3.11/site-packages/airflow/example_dags/example_bash_operator.py for tasks to queue
[2024-07-09T13:47:39.964+0000] {logging_mixin.py:188} INFO - [2024-07-09T13:47:39.964+0000] {dagbag.py:540} INFO - Filling up the DagBag from /home/airflow/.local/lib/python3.11/site-packages/airflow/example_dags/example_bash_operator.py
[2024-07-09T13:47:39.973+0000] {processor.py:840} INFO - DAG(s) 'example_bash_operator' retrieved from /home/airflow/.local/lib/python3.11/site-packages/airflow/example_dags/example_bash_operator.py
[2024-07-09T13:47:39.999+0000] {logging_mixin.py:188} INFO - [2024-07-09T13:47:39.998+0000] {dag.py:3047} INFO - Sync 1 DAGs
[2024-07-09T13:47:40.019+0000] {logging_mixin.py:188} INFO - [2024-07-09T13:47:40.019+0000] {dag.py:3834} INFO - Setting next_dagrun for example_bash_operator to 2024-07-08 00:00:00+00:00, run_after=2024-07-09 00:00:00+00:00
[2024-07-09T13:47:40.140+0000] {processor.py:183} INFO - Processing /home/airflow/.local/lib/python3.11/site-packages/airflow/example_dags/example_bash_operator.py took 0.180 seconds
[2024-07-09T13:48:10.379+0000] {processor.py:161} INFO - Started process (PID=1238) to work on /home/airflow/.local/lib/python3.11/site-packages/airflow/example_dags/example_bash_operator.py
[2024-07-09T13:48:10.380+0000] {processor.py:830} INFO - Processing file /home/airflow/.local/lib/python3.11/site-packages/airflow/example_dags/example_bash_operator.py for tasks to queue
[2024-07-09T13:48:10.380+0000] {logging_mixin.py:188} INFO - [2024-07-09T13:48:10.380+0000] {dagbag.py:540} INFO - Filling up the DagBag from /home/airflow/.local/lib/python3.11/site-packages/airflow/example_dags/example_bash_operator.py
[2024-07-09T13:48:10.390+0000] {processor.py:840} INFO - DAG(s) 'example_bash_operator' retrieved from /home/airflow/.local/lib/python3.11/site-packages/airflow/example_dags/example_bash_operator.py
[2024-07-09T13:48:10.416+0000] {logging_mixin.py:188} INFO - [2024-07-09T13:48:10.416+0000] {dag.py:3047} INFO - Sync 1 DAGs
[2024-07-09T13:48:10.434+0000] {logging_mixin.py:188} INFO - [2024-07-09T13:48:10.434+0000] {dag.py:3834} INFO - Setting next_dagrun for example_bash_operator to 2024-07-08 00:00:00+00:00, run_after=2024-07-09 00:00:00+00:00
[2024-07-09T13:48:10.452+0000] {processor.py:183} INFO - Processing /home/airflow/.local/lib/python3.11/site-packages/airflow/example_dags/example_bash_operator.py took 0.076 seconds
[2024-07-09T13:48:41.071+0000] {processor.py:161} INFO - Started process (PID=1508) to work on /home/airflow/.local/lib/python3.11/site-packages/airflow/example_dags/example_bash_operator.py
[2024-07-09T13:48:41.073+0000] {processor.py:830} INFO - Processing file /home/airflow/.local/lib/python3.11/site-packages/airflow/example_dags/example_bash_operator.py for tasks to queue
[2024-07-09T13:48:41.073+0000] {logging_mixin.py:188} INFO - [2024-07-09T13:48:41.073+0000] {dagbag.py:540} INFO - Filling up the DagBag from /home/airflow/.local/lib/python3.11/site-packages/airflow/example_dags/example_bash_operator.py
[2024-07-09T13:48:41.082+0000] {processor.py:840} INFO - DAG(s) 'example_bash_operator' retrieved from /home/airflow/.local/lib/python3.11/site-packages/airflow/example_dags/example_bash_operator.py
[2024-07-09T13:48:41.109+0000] {logging_mixin.py:188} INFO - [2024-07-09T13:48:41.109+0000] {dag.py:3047} INFO - Sync 1 DAGs
[2024-07-09T13:48:41.126+0000] {logging_mixin.py:188} INFO - [2024-07-09T13:48:41.126+0000] {dag.py:3834} INFO - Setting next_dagrun for example_bash_operator to 2024-07-08 00:00:00+00:00, run_after=2024-07-09 00:00:00+00:00
[2024-07-09T13:48:41.142+0000] {processor.py:183} INFO - Processing /home/airflow/.local/lib/python3.11/site-packages/airflow/example_dags/example_bash_operator.py took 0.073 seconds
[2024-07-09T13:49:11.427+0000] {processor.py:161} INFO - Started process (PID=1778) to work on /home/airflow/.local/lib/python3.11/site-packages/airflow/example_dags/example_bash_operator.py
[2024-07-09T13:49:11.429+0000] {processor.py:830} INFO - Processing file /home/airflow/.local/lib/python3.11/site-packages/airflow/example_dags/example_bash_operator.py for tasks to queue
[2024-07-09T13:49:11.429+0000] {logging_mixin.py:188} INFO - [2024-07-09T13:49:11.429+0000] {dagbag.py:540} INFO - Filling up the DagBag from /home/airflow/.local/lib/python3.11/site-packages/airflow/example_dags/example_bash_operator.py
[2024-07-09T13:49:11.439+0000] {processor.py:840} INFO - DAG(s) 'example_bash_operator' retrieved from /home/airflow/.local/lib/python3.11/site-packages/airflow/example_dags/example_bash_operator.py
[2024-07-09T13:49:11.466+0000] {logging_mixin.py:188} INFO - [2024-07-09T13:49:11.466+0000] {dag.py:3047} INFO - Sync 1 DAGs
[2024-07-09T13:49:11.484+0000] {logging_mixin.py:188} INFO - [2024-07-09T13:49:11.483+0000] {dag.py:3834} INFO - Setting next_dagrun for example_bash_operator to 2024-07-08 00:00:00+00:00, run_after=2024-07-09 00:00:00+00:00
[2024-07-09T13:49:11.503+0000] {processor.py:183} INFO - Processing /home/airflow/.local/lib/python3.11/site-packages/airflow/example_dags/example_bash_operator.py took 0.078 seconds
[2024-07-09T13:49:41.911+0000] {processor.py:161} INFO - Started process (PID=2048) to work on /home/airflow/.local/lib/python3.11/site-packages/airflow/example_dags/example_bash_operator.py
[2024-07-09T13:49:41.912+0000] {processor.py:830} INFO - Processing file /home/airflow/.local/lib/python3.11/site-packages/airflow/example_dags/example_bash_operator.py for tasks to queue
[2024-07-09T13:49:41.913+0000] {logging_mixin.py:188} INFO - [2024-07-09T13:49:41.913+0000] {dagbag.py:540} INFO - Filling up the DagBag from /home/airflow/.local/lib/python3.11/site-packages/airflow/example_dags/example_bash_operator.py
[2024-07-09T13:49:41.923+0000] {processor.py:840} INFO - DAG(s) 'example_bash_operator' retrieved from /home/airflow/.local/lib/python3.11/site-packages/airflow/example_dags/example_bash_operator.py
[2024-07-09T13:49:41.951+0000] {logging_mixin.py:188} INFO - [2024-07-09T13:49:41.951+0000] {dag.py:3047} INFO - Sync 1 DAGs
[2024-07-09T13:49:41.975+0000] {logging_mixin.py:188} INFO - [2024-07-09T13:49:41.975+0000] {dag.py:3834} INFO - Setting next_dagrun for example_bash_operator to 2024-07-08 00:00:00+00:00, run_after=2024-07-09 00:00:00+00:00
[2024-07-09T13:49:41.996+0000] {processor.py:183} INFO - Processing /home/airflow/.local/lib/python3.11/site-packages/airflow/example_dags/example_bash_operator.py took 0.088 seconds
[2024-07-09T13:50:12.128+0000] {processor.py:161} INFO - Started process (PID=2318) to work on /home/airflow/.local/lib/python3.11/site-packages/airflow/example_dags/example_bash_operator.py
[2024-07-09T13:50:12.129+0000] {processor.py:830} INFO - Processing file /home/airflow/.local/lib/python3.11/site-packages/airflow/example_dags/example_bash_operator.py for tasks to queue
[2024-07-09T13:50:12.130+0000] {logging_mixin.py:188} INFO - [2024-07-09T13:50:12.130+0000] {dagbag.py:540} INFO - Filling up the DagBag from /home/airflow/.local/lib/python3.11/site-packages/airflow/example_dags/example_bash_operator.py
[2024-07-09T13:50:12.140+0000] {processor.py:840} INFO - DAG(s) 'example_bash_operator' retrieved from /home/airflow/.local/lib/python3.11/site-packages/airflow/example_dags/example_bash_operator.py
[2024-07-09T13:50:12.169+0000] {logging_mixin.py:188} INFO - [2024-07-09T13:50:12.169+0000] {dag.py:3047} INFO - Sync 1 DAGs
[2024-07-09T13:50:12.188+0000] {logging_mixin.py:188} INFO - [2024-07-09T13:50:12.187+0000] {dag.py:3834} INFO - Setting next_dagrun for example_bash_operator to 2024-07-08 00:00:00+00:00, run_after=2024-07-09 00:00:00+00:00
[2024-07-09T13:50:12.204+0000] {processor.py:183} INFO - Processing /home/airflow/.local/lib/python3.11/site-packages/airflow/example_dags/example_bash_operator.py took 0.079 seconds
[2024-07-09T13:50:42.395+0000] {processor.py:161} INFO - Started process (PID=2588) to work on /home/airflow/.local/lib/python3.11/site-packages/airflow/example_dags/example_bash_operator.py
[2024-07-09T13:50:42.396+0000] {processor.py:830} INFO - Processing file /home/airflow/.local/lib/python3.11/site-packages/airflow/example_dags/example_bash_operator.py for tasks to queue
[2024-07-09T13:50:42.397+0000] {logging_mixin.py:188} INFO - [2024-07-09T13:50:42.397+0000] {dagbag.py:540} INFO - Filling up the DagBag from /home/airflow/.local/lib/python3.11/site-packages/airflow/example_dags/example_bash_operator.py
[2024-07-09T13:50:42.409+0000] {processor.py:840} INFO - DAG(s) 'example_bash_operator' retrieved from /home/airflow/.local/lib/python3.11/site-packages/airflow/example_dags/example_bash_operator.py
[2024-07-09T13:50:42.435+0000] {logging_mixin.py:188} INFO - [2024-07-09T13:50:42.435+0000] {dag.py:3047} INFO - Sync 1 DAGs
[2024-07-09T13:50:42.453+0000] {logging_mixin.py:188} INFO - [2024-07-09T13:50:42.453+0000] {dag.py:3834} INFO - Setting next_dagrun for example_bash_operator to 2024-07-08 00:00:00+00:00, run_after=2024-07-09 00:00:00+00:00
[2024-07-09T13:50:42.469+0000] {processor.py:183} INFO - Processing /home/airflow/.local/lib/python3.11/site-packages/airflow/example_dags/example_bash_operator.py took 0.078 seconds
[2024-07-09T13:51:12.864+0000] {processor.py:161} INFO - Started process (PID=2858) to work on /home/airflow/.local/lib/python3.11/site-packages/airflow/example_dags/example_bash_operator.py
[2024-07-09T13:51:12.865+0000] {processor.py:830} INFO - Processing file /home/airflow/.local/lib/python3.11/site-packages/airflow/example_dags/example_bash_operator.py for tasks to queue
[2024-07-09T13:51:12.866+0000] {logging_mixin.py:188} INFO - [2024-07-09T13:51:12.866+0000] {dagbag.py:540} INFO - Filling up the DagBag from /home/airflow/.local/lib/python3.11/site-packages/airflow/example_dags/example_bash_operator.py
[2024-07-09T13:51:12.877+0000] {processor.py:840} INFO - DAG(s) 'example_bash_operator' retrieved from /home/airflow/.local/lib/python3.11/site-packages/airflow/example_dags/example_bash_operator.py
[2024-07-09T13:51:12.904+0000] {logging_mixin.py:188} INFO - [2024-07-09T13:51:12.904+0000] {dag.py:3047} INFO - Sync 1 DAGs
[2024-07-09T13:51:12.926+0000] {logging_mixin.py:188} INFO - [2024-07-09T13:51:12.926+0000] {dag.py:3834} INFO - Setting next_dagrun for example_bash_operator to 2024-07-08 00:00:00+00:00, run_after=2024-07-09 00:00:00+00:00
[2024-07-09T13:51:12.947+0000] {processor.py:183} INFO - Processing /home/airflow/.local/lib/python3.11/site-packages/airflow/example_dags/example_bash_operator.py took 0.085 seconds
