[2024-07-09T13:18:49.377+0000] {processor.py:161} INFO - Started process (PID=299) to work on /home/airflow/.local/lib/python3.11/site-packages/airflow/example_dags/example_short_circuit_operator.py
[2024-07-09T13:18:49.378+0000] {processor.py:830} INFO - Processing file /home/airflow/.local/lib/python3.11/site-packages/airflow/example_dags/example_short_circuit_operator.py for tasks to queue
[2024-07-09T13:18:49.379+0000] {logging_mixin.py:188} INFO - [2024-07-09T13:18:49.378+0000] {dagbag.py:540} INFO - Filling up the DagBag from /home/airflow/.local/lib/python3.11/site-packages/airflow/example_dags/example_short_circuit_operator.py
[2024-07-09T13:18:49.385+0000] {processor.py:840} INFO - DAG(s) 'example_short_circuit_operator' retrieved from /home/airflow/.local/lib/python3.11/site-packages/airflow/example_dags/example_short_circuit_operator.py
[2024-07-09T13:18:49.498+0000] {logging_mixin.py:188} INFO - [2024-07-09T13:18:49.498+0000] {override.py:1769} INFO - Created Permission View: can delete on DAG:example_short_circuit_operator
[2024-07-09T13:18:49.509+0000] {logging_mixin.py:188} INFO - [2024-07-09T13:18:49.508+0000] {override.py:1769} INFO - Created Permission View: can read on DAG:example_short_circuit_operator
[2024-07-09T13:18:49.515+0000] {logging_mixin.py:188} INFO - [2024-07-09T13:18:49.515+0000] {override.py:1769} INFO - Created Permission View: can edit on DAG:example_short_circuit_operator
[2024-07-09T13:18:49.516+0000] {logging_mixin.py:188} INFO - [2024-07-09T13:18:49.515+0000] {dag.py:3047} INFO - Sync 1 DAGs
[2024-07-09T13:18:49.525+0000] {logging_mixin.py:188} INFO - [2024-07-09T13:18:49.525+0000] {dag.py:3069} INFO - Creating ORM DAG for example_short_circuit_operator
[2024-07-09T13:18:49.533+0000] {logging_mixin.py:188} INFO - [2024-07-09T13:18:49.533+0000] {dag.py:3834} INFO - Setting next_dagrun for example_short_circuit_operator to 2024-07-08 00:00:00+00:00, run_after=2024-07-09 00:00:00+00:00
[2024-07-09T13:18:49.550+0000] {processor.py:183} INFO - Processing /home/airflow/.local/lib/python3.11/site-packages/airflow/example_dags/example_short_circuit_operator.py took 0.175 seconds
[2024-07-09T13:19:20.124+0000] {processor.py:161} INFO - Started process (PID=569) to work on /home/airflow/.local/lib/python3.11/site-packages/airflow/example_dags/example_short_circuit_operator.py
[2024-07-09T13:19:20.125+0000] {processor.py:830} INFO - Processing file /home/airflow/.local/lib/python3.11/site-packages/airflow/example_dags/example_short_circuit_operator.py for tasks to queue
[2024-07-09T13:19:20.125+0000] {logging_mixin.py:188} INFO - [2024-07-09T13:19:20.125+0000] {dagbag.py:540} INFO - Filling up the DagBag from /home/airflow/.local/lib/python3.11/site-packages/airflow/example_dags/example_short_circuit_operator.py
[2024-07-09T13:19:20.132+0000] {processor.py:840} INFO - DAG(s) 'example_short_circuit_operator' retrieved from /home/airflow/.local/lib/python3.11/site-packages/airflow/example_dags/example_short_circuit_operator.py
[2024-07-09T13:19:20.154+0000] {logging_mixin.py:188} INFO - [2024-07-09T13:19:20.153+0000] {dag.py:3047} INFO - Sync 1 DAGs
[2024-07-09T13:19:20.171+0000] {logging_mixin.py:188} INFO - [2024-07-09T13:19:20.171+0000] {dag.py:3834} INFO - Setting next_dagrun for example_short_circuit_operator to 2024-07-08 00:00:00+00:00, run_after=2024-07-09 00:00:00+00:00
[2024-07-09T13:19:20.186+0000] {processor.py:183} INFO - Processing /home/airflow/.local/lib/python3.11/site-packages/airflow/example_dags/example_short_circuit_operator.py took 0.064 seconds
[2024-07-09T13:19:51.022+0000] {processor.py:161} INFO - Started process (PID=839) to work on /home/airflow/.local/lib/python3.11/site-packages/airflow/example_dags/example_short_circuit_operator.py
[2024-07-09T13:19:51.023+0000] {processor.py:830} INFO - Processing file /home/airflow/.local/lib/python3.11/site-packages/airflow/example_dags/example_short_circuit_operator.py for tasks to queue
[2024-07-09T13:19:51.023+0000] {logging_mixin.py:188} INFO - [2024-07-09T13:19:51.023+0000] {dagbag.py:540} INFO - Filling up the DagBag from /home/airflow/.local/lib/python3.11/site-packages/airflow/example_dags/example_short_circuit_operator.py
[2024-07-09T13:19:51.030+0000] {processor.py:840} INFO - DAG(s) 'example_short_circuit_operator' retrieved from /home/airflow/.local/lib/python3.11/site-packages/airflow/example_dags/example_short_circuit_operator.py
[2024-07-09T13:19:51.052+0000] {logging_mixin.py:188} INFO - [2024-07-09T13:19:51.052+0000] {dag.py:3047} INFO - Sync 1 DAGs
[2024-07-09T13:19:51.069+0000] {logging_mixin.py:188} INFO - [2024-07-09T13:19:51.069+0000] {dag.py:3834} INFO - Setting next_dagrun for example_short_circuit_operator to 2024-07-08 00:00:00+00:00, run_after=2024-07-09 00:00:00+00:00
[2024-07-09T13:19:51.085+0000] {processor.py:183} INFO - Processing /home/airflow/.local/lib/python3.11/site-packages/airflow/example_dags/example_short_circuit_operator.py took 0.066 seconds
[2024-07-09T13:20:22.339+0000] {processor.py:161} INFO - Started process (PID=1109) to work on /home/airflow/.local/lib/python3.11/site-packages/airflow/example_dags/example_short_circuit_operator.py
[2024-07-09T13:20:22.340+0000] {processor.py:830} INFO - Processing file /home/airflow/.local/lib/python3.11/site-packages/airflow/example_dags/example_short_circuit_operator.py for tasks to queue
[2024-07-09T13:20:22.341+0000] {logging_mixin.py:188} INFO - [2024-07-09T13:20:22.340+0000] {dagbag.py:540} INFO - Filling up the DagBag from /home/airflow/.local/lib/python3.11/site-packages/airflow/example_dags/example_short_circuit_operator.py
[2024-07-09T13:20:22.348+0000] {processor.py:840} INFO - DAG(s) 'example_short_circuit_operator' retrieved from /home/airflow/.local/lib/python3.11/site-packages/airflow/example_dags/example_short_circuit_operator.py
[2024-07-09T13:20:22.371+0000] {logging_mixin.py:188} INFO - [2024-07-09T13:20:22.371+0000] {dag.py:3047} INFO - Sync 1 DAGs
[2024-07-09T13:20:22.515+0000] {logging_mixin.py:188} INFO - [2024-07-09T13:20:22.515+0000] {dag.py:3834} INFO - Setting next_dagrun for example_short_circuit_operator to 2024-07-08 00:00:00+00:00, run_after=2024-07-09 00:00:00+00:00
[2024-07-09T13:20:22.533+0000] {processor.py:183} INFO - Processing /home/airflow/.local/lib/python3.11/site-packages/airflow/example_dags/example_short_circuit_operator.py took 0.197 seconds
[2024-07-09T13:20:53.443+0000] {processor.py:161} INFO - Started process (PID=1381) to work on /home/airflow/.local/lib/python3.11/site-packages/airflow/example_dags/example_short_circuit_operator.py
[2024-07-09T13:20:53.444+0000] {processor.py:830} INFO - Processing file /home/airflow/.local/lib/python3.11/site-packages/airflow/example_dags/example_short_circuit_operator.py for tasks to queue
[2024-07-09T13:20:53.445+0000] {logging_mixin.py:188} INFO - [2024-07-09T13:20:53.445+0000] {dagbag.py:540} INFO - Filling up the DagBag from /home/airflow/.local/lib/python3.11/site-packages/airflow/example_dags/example_short_circuit_operator.py
[2024-07-09T13:20:53.451+0000] {processor.py:840} INFO - DAG(s) 'example_short_circuit_operator' retrieved from /home/airflow/.local/lib/python3.11/site-packages/airflow/example_dags/example_short_circuit_operator.py
[2024-07-09T13:20:53.476+0000] {logging_mixin.py:188} INFO - [2024-07-09T13:20:53.475+0000] {dag.py:3047} INFO - Sync 1 DAGs
[2024-07-09T13:20:53.493+0000] {logging_mixin.py:188} INFO - [2024-07-09T13:20:53.493+0000] {dag.py:3834} INFO - Setting next_dagrun for example_short_circuit_operator to 2024-07-08 00:00:00+00:00, run_after=2024-07-09 00:00:00+00:00
[2024-07-09T13:20:53.511+0000] {processor.py:183} INFO - Processing /home/airflow/.local/lib/python3.11/site-packages/airflow/example_dags/example_short_circuit_operator.py took 0.072 seconds
[2024-07-09T13:21:24.320+0000] {processor.py:161} INFO - Started process (PID=1651) to work on /home/airflow/.local/lib/python3.11/site-packages/airflow/example_dags/example_short_circuit_operator.py
[2024-07-09T13:21:24.322+0000] {processor.py:830} INFO - Processing file /home/airflow/.local/lib/python3.11/site-packages/airflow/example_dags/example_short_circuit_operator.py for tasks to queue
[2024-07-09T13:21:24.323+0000] {logging_mixin.py:188} INFO - [2024-07-09T13:21:24.323+0000] {dagbag.py:540} INFO - Filling up the DagBag from /home/airflow/.local/lib/python3.11/site-packages/airflow/example_dags/example_short_circuit_operator.py
[2024-07-09T13:21:24.331+0000] {processor.py:840} INFO - DAG(s) 'example_short_circuit_operator' retrieved from /home/airflow/.local/lib/python3.11/site-packages/airflow/example_dags/example_short_circuit_operator.py
[2024-07-09T13:21:24.353+0000] {logging_mixin.py:188} INFO - [2024-07-09T13:21:24.353+0000] {dag.py:3047} INFO - Sync 1 DAGs
[2024-07-09T13:21:24.370+0000] {logging_mixin.py:188} INFO - [2024-07-09T13:21:24.370+0000] {dag.py:3834} INFO - Setting next_dagrun for example_short_circuit_operator to 2024-07-08 00:00:00+00:00, run_after=2024-07-09 00:00:00+00:00
[2024-07-09T13:21:24.385+0000] {processor.py:183} INFO - Processing /home/airflow/.local/lib/python3.11/site-packages/airflow/example_dags/example_short_circuit_operator.py took 0.070 seconds
[2024-07-09T13:21:55.017+0000] {processor.py:161} INFO - Started process (PID=1921) to work on /home/airflow/.local/lib/python3.11/site-packages/airflow/example_dags/example_short_circuit_operator.py
[2024-07-09T13:21:55.019+0000] {processor.py:830} INFO - Processing file /home/airflow/.local/lib/python3.11/site-packages/airflow/example_dags/example_short_circuit_operator.py for tasks to queue
[2024-07-09T13:21:55.019+0000] {logging_mixin.py:188} INFO - [2024-07-09T13:21:55.019+0000] {dagbag.py:540} INFO - Filling up the DagBag from /home/airflow/.local/lib/python3.11/site-packages/airflow/example_dags/example_short_circuit_operator.py
[2024-07-09T13:21:55.026+0000] {processor.py:840} INFO - DAG(s) 'example_short_circuit_operator' retrieved from /home/airflow/.local/lib/python3.11/site-packages/airflow/example_dags/example_short_circuit_operator.py
[2024-07-09T13:21:55.049+0000] {logging_mixin.py:188} INFO - [2024-07-09T13:21:55.049+0000] {dag.py:3047} INFO - Sync 1 DAGs
[2024-07-09T13:21:55.065+0000] {logging_mixin.py:188} INFO - [2024-07-09T13:21:55.065+0000] {dag.py:3834} INFO - Setting next_dagrun for example_short_circuit_operator to 2024-07-08 00:00:00+00:00, run_after=2024-07-09 00:00:00+00:00
[2024-07-09T13:21:55.081+0000] {processor.py:183} INFO - Processing /home/airflow/.local/lib/python3.11/site-packages/airflow/example_dags/example_short_circuit_operator.py took 0.066 seconds
[2024-07-09T13:22:25.731+0000] {processor.py:161} INFO - Started process (PID=2191) to work on /home/airflow/.local/lib/python3.11/site-packages/airflow/example_dags/example_short_circuit_operator.py
[2024-07-09T13:22:25.732+0000] {processor.py:830} INFO - Processing file /home/airflow/.local/lib/python3.11/site-packages/airflow/example_dags/example_short_circuit_operator.py for tasks to queue
[2024-07-09T13:22:25.733+0000] {logging_mixin.py:188} INFO - [2024-07-09T13:22:25.733+0000] {dagbag.py:540} INFO - Filling up the DagBag from /home/airflow/.local/lib/python3.11/site-packages/airflow/example_dags/example_short_circuit_operator.py
[2024-07-09T13:22:25.740+0000] {processor.py:840} INFO - DAG(s) 'example_short_circuit_operator' retrieved from /home/airflow/.local/lib/python3.11/site-packages/airflow/example_dags/example_short_circuit_operator.py
[2024-07-09T13:22:25.763+0000] {logging_mixin.py:188} INFO - [2024-07-09T13:22:25.762+0000] {dag.py:3047} INFO - Sync 1 DAGs
[2024-07-09T13:22:25.780+0000] {logging_mixin.py:188} INFO - [2024-07-09T13:22:25.780+0000] {dag.py:3834} INFO - Setting next_dagrun for example_short_circuit_operator to 2024-07-08 00:00:00+00:00, run_after=2024-07-09 00:00:00+00:00
[2024-07-09T13:22:25.797+0000] {processor.py:183} INFO - Processing /home/airflow/.local/lib/python3.11/site-packages/airflow/example_dags/example_short_circuit_operator.py took 0.069 seconds
[2024-07-09T13:22:56.483+0000] {processor.py:161} INFO - Started process (PID=2461) to work on /home/airflow/.local/lib/python3.11/site-packages/airflow/example_dags/example_short_circuit_operator.py
[2024-07-09T13:22:56.484+0000] {processor.py:830} INFO - Processing file /home/airflow/.local/lib/python3.11/site-packages/airflow/example_dags/example_short_circuit_operator.py for tasks to queue
[2024-07-09T13:22:56.485+0000] {logging_mixin.py:188} INFO - [2024-07-09T13:22:56.484+0000] {dagbag.py:540} INFO - Filling up the DagBag from /home/airflow/.local/lib/python3.11/site-packages/airflow/example_dags/example_short_circuit_operator.py
[2024-07-09T13:22:56.492+0000] {processor.py:840} INFO - DAG(s) 'example_short_circuit_operator' retrieved from /home/airflow/.local/lib/python3.11/site-packages/airflow/example_dags/example_short_circuit_operator.py
[2024-07-09T13:22:56.515+0000] {logging_mixin.py:188} INFO - [2024-07-09T13:22:56.515+0000] {dag.py:3047} INFO - Sync 1 DAGs
[2024-07-09T13:22:56.532+0000] {logging_mixin.py:188} INFO - [2024-07-09T13:22:56.531+0000] {dag.py:3834} INFO - Setting next_dagrun for example_short_circuit_operator to 2024-07-08 00:00:00+00:00, run_after=2024-07-09 00:00:00+00:00
[2024-07-09T13:22:56.548+0000] {processor.py:183} INFO - Processing /home/airflow/.local/lib/python3.11/site-packages/airflow/example_dags/example_short_circuit_operator.py took 0.068 seconds
[2024-07-09T13:23:27.247+0000] {processor.py:161} INFO - Started process (PID=2731) to work on /home/airflow/.local/lib/python3.11/site-packages/airflow/example_dags/example_short_circuit_operator.py
[2024-07-09T13:23:27.248+0000] {processor.py:830} INFO - Processing file /home/airflow/.local/lib/python3.11/site-packages/airflow/example_dags/example_short_circuit_operator.py for tasks to queue
[2024-07-09T13:23:27.249+0000] {logging_mixin.py:188} INFO - [2024-07-09T13:23:27.248+0000] {dagbag.py:540} INFO - Filling up the DagBag from /home/airflow/.local/lib/python3.11/site-packages/airflow/example_dags/example_short_circuit_operator.py
[2024-07-09T13:23:27.255+0000] {processor.py:840} INFO - DAG(s) 'example_short_circuit_operator' retrieved from /home/airflow/.local/lib/python3.11/site-packages/airflow/example_dags/example_short_circuit_operator.py
[2024-07-09T13:23:27.279+0000] {logging_mixin.py:188} INFO - [2024-07-09T13:23:27.279+0000] {dag.py:3047} INFO - Sync 1 DAGs
[2024-07-09T13:23:27.297+0000] {logging_mixin.py:188} INFO - [2024-07-09T13:23:27.297+0000] {dag.py:3834} INFO - Setting next_dagrun for example_short_circuit_operator to 2024-07-08 00:00:00+00:00, run_after=2024-07-09 00:00:00+00:00
[2024-07-09T13:23:27.314+0000] {processor.py:183} INFO - Processing /home/airflow/.local/lib/python3.11/site-packages/airflow/example_dags/example_short_circuit_operator.py took 0.069 seconds
[2024-07-09T13:23:58.002+0000] {processor.py:161} INFO - Started process (PID=3001) to work on /home/airflow/.local/lib/python3.11/site-packages/airflow/example_dags/example_short_circuit_operator.py
[2024-07-09T13:23:58.003+0000] {processor.py:830} INFO - Processing file /home/airflow/.local/lib/python3.11/site-packages/airflow/example_dags/example_short_circuit_operator.py for tasks to queue
[2024-07-09T13:23:58.003+0000] {logging_mixin.py:188} INFO - [2024-07-09T13:23:58.003+0000] {dagbag.py:540} INFO - Filling up the DagBag from /home/airflow/.local/lib/python3.11/site-packages/airflow/example_dags/example_short_circuit_operator.py
[2024-07-09T13:23:58.012+0000] {processor.py:840} INFO - DAG(s) 'example_short_circuit_operator' retrieved from /home/airflow/.local/lib/python3.11/site-packages/airflow/example_dags/example_short_circuit_operator.py
[2024-07-09T13:23:58.035+0000] {logging_mixin.py:188} INFO - [2024-07-09T13:23:58.035+0000] {dag.py:3047} INFO - Sync 1 DAGs
[2024-07-09T13:23:58.052+0000] {logging_mixin.py:188} INFO - [2024-07-09T13:23:58.052+0000] {dag.py:3834} INFO - Setting next_dagrun for example_short_circuit_operator to 2024-07-08 00:00:00+00:00, run_after=2024-07-09 00:00:00+00:00
[2024-07-09T13:23:58.069+0000] {processor.py:183} INFO - Processing /home/airflow/.local/lib/python3.11/site-packages/airflow/example_dags/example_short_circuit_operator.py took 0.070 seconds
[2024-07-09T13:24:28.645+0000] {processor.py:161} INFO - Started process (PID=3271) to work on /home/airflow/.local/lib/python3.11/site-packages/airflow/example_dags/example_short_circuit_operator.py
[2024-07-09T13:24:28.647+0000] {processor.py:830} INFO - Processing file /home/airflow/.local/lib/python3.11/site-packages/airflow/example_dags/example_short_circuit_operator.py for tasks to queue
[2024-07-09T13:24:28.648+0000] {logging_mixin.py:188} INFO - [2024-07-09T13:24:28.647+0000] {dagbag.py:540} INFO - Filling up the DagBag from /home/airflow/.local/lib/python3.11/site-packages/airflow/example_dags/example_short_circuit_operator.py
[2024-07-09T13:24:28.654+0000] {processor.py:840} INFO - DAG(s) 'example_short_circuit_operator' retrieved from /home/airflow/.local/lib/python3.11/site-packages/airflow/example_dags/example_short_circuit_operator.py
[2024-07-09T13:24:28.677+0000] {logging_mixin.py:188} INFO - [2024-07-09T13:24:28.677+0000] {dag.py:3047} INFO - Sync 1 DAGs
[2024-07-09T13:24:28.693+0000] {logging_mixin.py:188} INFO - [2024-07-09T13:24:28.693+0000] {dag.py:3834} INFO - Setting next_dagrun for example_short_circuit_operator to 2024-07-08 00:00:00+00:00, run_after=2024-07-09 00:00:00+00:00
[2024-07-09T13:24:28.708+0000] {processor.py:183} INFO - Processing /home/airflow/.local/lib/python3.11/site-packages/airflow/example_dags/example_short_circuit_operator.py took 0.065 seconds
[2024-07-09T13:24:59.395+0000] {processor.py:161} INFO - Started process (PID=3541) to work on /home/airflow/.local/lib/python3.11/site-packages/airflow/example_dags/example_short_circuit_operator.py
[2024-07-09T13:24:59.397+0000] {processor.py:830} INFO - Processing file /home/airflow/.local/lib/python3.11/site-packages/airflow/example_dags/example_short_circuit_operator.py for tasks to queue
[2024-07-09T13:24:59.398+0000] {logging_mixin.py:188} INFO - [2024-07-09T13:24:59.397+0000] {dagbag.py:540} INFO - Filling up the DagBag from /home/airflow/.local/lib/python3.11/site-packages/airflow/example_dags/example_short_circuit_operator.py
[2024-07-09T13:24:59.405+0000] {processor.py:840} INFO - DAG(s) 'example_short_circuit_operator' retrieved from /home/airflow/.local/lib/python3.11/site-packages/airflow/example_dags/example_short_circuit_operator.py
[2024-07-09T13:24:59.429+0000] {logging_mixin.py:188} INFO - [2024-07-09T13:24:59.428+0000] {dag.py:3047} INFO - Sync 1 DAGs
[2024-07-09T13:24:59.446+0000] {logging_mixin.py:188} INFO - [2024-07-09T13:24:59.446+0000] {dag.py:3834} INFO - Setting next_dagrun for example_short_circuit_operator to 2024-07-08 00:00:00+00:00, run_after=2024-07-09 00:00:00+00:00
[2024-07-09T13:24:59.463+0000] {processor.py:183} INFO - Processing /home/airflow/.local/lib/python3.11/site-packages/airflow/example_dags/example_short_circuit_operator.py took 0.070 seconds
[2024-07-09T13:26:10.335+0000] {processor.py:161} INFO - Started process (PID=300) to work on /home/airflow/.local/lib/python3.11/site-packages/airflow/example_dags/example_short_circuit_operator.py
[2024-07-09T13:26:10.337+0000] {processor.py:830} INFO - Processing file /home/airflow/.local/lib/python3.11/site-packages/airflow/example_dags/example_short_circuit_operator.py for tasks to queue
[2024-07-09T13:26:10.337+0000] {logging_mixin.py:188} INFO - [2024-07-09T13:26:10.337+0000] {dagbag.py:540} INFO - Filling up the DagBag from /home/airflow/.local/lib/python3.11/site-packages/airflow/example_dags/example_short_circuit_operator.py
[2024-07-09T13:26:10.345+0000] {processor.py:840} INFO - DAG(s) 'example_short_circuit_operator' retrieved from /home/airflow/.local/lib/python3.11/site-packages/airflow/example_dags/example_short_circuit_operator.py
[2024-07-09T13:26:10.434+0000] {logging_mixin.py:188} INFO - [2024-07-09T13:26:10.433+0000] {override.py:1769} INFO - Created Permission View: can delete on DAG:example_short_circuit_operator
[2024-07-09T13:26:10.443+0000] {logging_mixin.py:188} INFO - [2024-07-09T13:26:10.443+0000] {override.py:1769} INFO - Created Permission View: can read on DAG:example_short_circuit_operator
[2024-07-09T13:26:10.450+0000] {logging_mixin.py:188} INFO - [2024-07-09T13:26:10.450+0000] {override.py:1769} INFO - Created Permission View: can edit on DAG:example_short_circuit_operator
[2024-07-09T13:26:10.450+0000] {logging_mixin.py:188} INFO - [2024-07-09T13:26:10.450+0000] {dag.py:3047} INFO - Sync 1 DAGs
[2024-07-09T13:26:10.459+0000] {logging_mixin.py:188} INFO - [2024-07-09T13:26:10.459+0000] {dag.py:3069} INFO - Creating ORM DAG for example_short_circuit_operator
[2024-07-09T13:26:10.467+0000] {logging_mixin.py:188} INFO - [2024-07-09T13:26:10.467+0000] {dag.py:3834} INFO - Setting next_dagrun for example_short_circuit_operator to 2024-07-08 00:00:00+00:00, run_after=2024-07-09 00:00:00+00:00
[2024-07-09T13:26:10.480+0000] {processor.py:183} INFO - Processing /home/airflow/.local/lib/python3.11/site-packages/airflow/example_dags/example_short_circuit_operator.py took 0.147 seconds
[2024-07-09T13:26:41.216+0000] {processor.py:161} INFO - Started process (PID=570) to work on /home/airflow/.local/lib/python3.11/site-packages/airflow/example_dags/example_short_circuit_operator.py
[2024-07-09T13:26:41.217+0000] {processor.py:830} INFO - Processing file /home/airflow/.local/lib/python3.11/site-packages/airflow/example_dags/example_short_circuit_operator.py for tasks to queue
[2024-07-09T13:26:41.217+0000] {logging_mixin.py:188} INFO - [2024-07-09T13:26:41.217+0000] {dagbag.py:540} INFO - Filling up the DagBag from /home/airflow/.local/lib/python3.11/site-packages/airflow/example_dags/example_short_circuit_operator.py
[2024-07-09T13:26:41.224+0000] {processor.py:840} INFO - DAG(s) 'example_short_circuit_operator' retrieved from /home/airflow/.local/lib/python3.11/site-packages/airflow/example_dags/example_short_circuit_operator.py
[2024-07-09T13:26:41.247+0000] {logging_mixin.py:188} INFO - [2024-07-09T13:26:41.247+0000] {dag.py:3047} INFO - Sync 1 DAGs
[2024-07-09T13:26:41.265+0000] {logging_mixin.py:188} INFO - [2024-07-09T13:26:41.265+0000] {dag.py:3834} INFO - Setting next_dagrun for example_short_circuit_operator to 2024-07-08 00:00:00+00:00, run_after=2024-07-09 00:00:00+00:00
[2024-07-09T13:26:41.280+0000] {processor.py:183} INFO - Processing /home/airflow/.local/lib/python3.11/site-packages/airflow/example_dags/example_short_circuit_operator.py took 0.067 seconds
[2024-07-09T13:27:11.646+0000] {processor.py:161} INFO - Started process (PID=840) to work on /home/airflow/.local/lib/python3.11/site-packages/airflow/example_dags/example_short_circuit_operator.py
[2024-07-09T13:27:11.647+0000] {processor.py:830} INFO - Processing file /home/airflow/.local/lib/python3.11/site-packages/airflow/example_dags/example_short_circuit_operator.py for tasks to queue
[2024-07-09T13:27:11.648+0000] {logging_mixin.py:188} INFO - [2024-07-09T13:27:11.647+0000] {dagbag.py:540} INFO - Filling up the DagBag from /home/airflow/.local/lib/python3.11/site-packages/airflow/example_dags/example_short_circuit_operator.py
[2024-07-09T13:27:11.654+0000] {processor.py:840} INFO - DAG(s) 'example_short_circuit_operator' retrieved from /home/airflow/.local/lib/python3.11/site-packages/airflow/example_dags/example_short_circuit_operator.py
[2024-07-09T13:27:11.677+0000] {logging_mixin.py:188} INFO - [2024-07-09T13:27:11.676+0000] {dag.py:3047} INFO - Sync 1 DAGs
[2024-07-09T13:27:11.694+0000] {logging_mixin.py:188} INFO - [2024-07-09T13:27:11.694+0000] {dag.py:3834} INFO - Setting next_dagrun for example_short_circuit_operator to 2024-07-08 00:00:00+00:00, run_after=2024-07-09 00:00:00+00:00
[2024-07-09T13:27:11.712+0000] {processor.py:183} INFO - Processing /home/airflow/.local/lib/python3.11/site-packages/airflow/example_dags/example_short_circuit_operator.py took 0.069 seconds
[2024-07-09T13:27:42.080+0000] {processor.py:161} INFO - Started process (PID=1110) to work on /home/airflow/.local/lib/python3.11/site-packages/airflow/example_dags/example_short_circuit_operator.py
[2024-07-09T13:27:42.081+0000] {processor.py:830} INFO - Processing file /home/airflow/.local/lib/python3.11/site-packages/airflow/example_dags/example_short_circuit_operator.py for tasks to queue
[2024-07-09T13:27:42.082+0000] {logging_mixin.py:188} INFO - [2024-07-09T13:27:42.082+0000] {dagbag.py:540} INFO - Filling up the DagBag from /home/airflow/.local/lib/python3.11/site-packages/airflow/example_dags/example_short_circuit_operator.py
[2024-07-09T13:27:42.089+0000] {processor.py:840} INFO - DAG(s) 'example_short_circuit_operator' retrieved from /home/airflow/.local/lib/python3.11/site-packages/airflow/example_dags/example_short_circuit_operator.py
[2024-07-09T13:27:42.112+0000] {logging_mixin.py:188} INFO - [2024-07-09T13:27:42.112+0000] {dag.py:3047} INFO - Sync 1 DAGs
[2024-07-09T13:27:42.229+0000] {logging_mixin.py:188} INFO - [2024-07-09T13:27:42.229+0000] {dag.py:3834} INFO - Setting next_dagrun for example_short_circuit_operator to 2024-07-08 00:00:00+00:00, run_after=2024-07-09 00:00:00+00:00
[2024-07-09T13:27:42.245+0000] {processor.py:183} INFO - Processing /home/airflow/.local/lib/python3.11/site-packages/airflow/example_dags/example_short_circuit_operator.py took 0.167 seconds
[2024-07-09T13:28:12.386+0000] {processor.py:161} INFO - Started process (PID=1380) to work on /home/airflow/.local/lib/python3.11/site-packages/airflow/example_dags/example_short_circuit_operator.py
[2024-07-09T13:28:12.387+0000] {processor.py:830} INFO - Processing file /home/airflow/.local/lib/python3.11/site-packages/airflow/example_dags/example_short_circuit_operator.py for tasks to queue
[2024-07-09T13:28:12.388+0000] {logging_mixin.py:188} INFO - [2024-07-09T13:28:12.388+0000] {dagbag.py:540} INFO - Filling up the DagBag from /home/airflow/.local/lib/python3.11/site-packages/airflow/example_dags/example_short_circuit_operator.py
[2024-07-09T13:28:12.395+0000] {processor.py:840} INFO - DAG(s) 'example_short_circuit_operator' retrieved from /home/airflow/.local/lib/python3.11/site-packages/airflow/example_dags/example_short_circuit_operator.py
[2024-07-09T13:28:12.418+0000] {logging_mixin.py:188} INFO - [2024-07-09T13:28:12.418+0000] {dag.py:3047} INFO - Sync 1 DAGs
[2024-07-09T13:28:12.438+0000] {logging_mixin.py:188} INFO - [2024-07-09T13:28:12.438+0000] {dag.py:3834} INFO - Setting next_dagrun for example_short_circuit_operator to 2024-07-08 00:00:00+00:00, run_after=2024-07-09 00:00:00+00:00
[2024-07-09T13:28:12.456+0000] {processor.py:183} INFO - Processing /home/airflow/.local/lib/python3.11/site-packages/airflow/example_dags/example_short_circuit_operator.py took 0.072 seconds
[2024-07-09T13:28:42.879+0000] {processor.py:161} INFO - Started process (PID=1650) to work on /home/airflow/.local/lib/python3.11/site-packages/airflow/example_dags/example_short_circuit_operator.py
[2024-07-09T13:28:42.880+0000] {processor.py:830} INFO - Processing file /home/airflow/.local/lib/python3.11/site-packages/airflow/example_dags/example_short_circuit_operator.py for tasks to queue
[2024-07-09T13:28:42.880+0000] {logging_mixin.py:188} INFO - [2024-07-09T13:28:42.880+0000] {dagbag.py:540} INFO - Filling up the DagBag from /home/airflow/.local/lib/python3.11/site-packages/airflow/example_dags/example_short_circuit_operator.py
[2024-07-09T13:28:42.887+0000] {processor.py:840} INFO - DAG(s) 'example_short_circuit_operator' retrieved from /home/airflow/.local/lib/python3.11/site-packages/airflow/example_dags/example_short_circuit_operator.py
[2024-07-09T13:28:42.910+0000] {logging_mixin.py:188} INFO - [2024-07-09T13:28:42.909+0000] {dag.py:3047} INFO - Sync 1 DAGs
[2024-07-09T13:28:42.927+0000] {logging_mixin.py:188} INFO - [2024-07-09T13:28:42.927+0000] {dag.py:3834} INFO - Setting next_dagrun for example_short_circuit_operator to 2024-07-08 00:00:00+00:00, run_after=2024-07-09 00:00:00+00:00
[2024-07-09T13:28:42.944+0000] {processor.py:183} INFO - Processing /home/airflow/.local/lib/python3.11/site-packages/airflow/example_dags/example_short_circuit_operator.py took 0.067 seconds
[2024-07-09T13:29:13.216+0000] {processor.py:161} INFO - Started process (PID=1920) to work on /home/airflow/.local/lib/python3.11/site-packages/airflow/example_dags/example_short_circuit_operator.py
[2024-07-09T13:29:13.217+0000] {processor.py:830} INFO - Processing file /home/airflow/.local/lib/python3.11/site-packages/airflow/example_dags/example_short_circuit_operator.py for tasks to queue
[2024-07-09T13:29:13.218+0000] {logging_mixin.py:188} INFO - [2024-07-09T13:29:13.217+0000] {dagbag.py:540} INFO - Filling up the DagBag from /home/airflow/.local/lib/python3.11/site-packages/airflow/example_dags/example_short_circuit_operator.py
[2024-07-09T13:29:13.225+0000] {processor.py:840} INFO - DAG(s) 'example_short_circuit_operator' retrieved from /home/airflow/.local/lib/python3.11/site-packages/airflow/example_dags/example_short_circuit_operator.py
[2024-07-09T13:29:13.246+0000] {logging_mixin.py:188} INFO - [2024-07-09T13:29:13.246+0000] {dag.py:3047} INFO - Sync 1 DAGs
[2024-07-09T13:29:13.263+0000] {logging_mixin.py:188} INFO - [2024-07-09T13:29:13.263+0000] {dag.py:3834} INFO - Setting next_dagrun for example_short_circuit_operator to 2024-07-08 00:00:00+00:00, run_after=2024-07-09 00:00:00+00:00
[2024-07-09T13:29:13.279+0000] {processor.py:183} INFO - Processing /home/airflow/.local/lib/python3.11/site-packages/airflow/example_dags/example_short_circuit_operator.py took 0.066 seconds
[2024-07-09T13:29:43.593+0000] {processor.py:161} INFO - Started process (PID=2190) to work on /home/airflow/.local/lib/python3.11/site-packages/airflow/example_dags/example_short_circuit_operator.py
[2024-07-09T13:29:43.594+0000] {processor.py:830} INFO - Processing file /home/airflow/.local/lib/python3.11/site-packages/airflow/example_dags/example_short_circuit_operator.py for tasks to queue
[2024-07-09T13:29:43.595+0000] {logging_mixin.py:188} INFO - [2024-07-09T13:29:43.595+0000] {dagbag.py:540} INFO - Filling up the DagBag from /home/airflow/.local/lib/python3.11/site-packages/airflow/example_dags/example_short_circuit_operator.py
[2024-07-09T13:29:43.602+0000] {processor.py:840} INFO - DAG(s) 'example_short_circuit_operator' retrieved from /home/airflow/.local/lib/python3.11/site-packages/airflow/example_dags/example_short_circuit_operator.py
[2024-07-09T13:29:43.625+0000] {logging_mixin.py:188} INFO - [2024-07-09T13:29:43.625+0000] {dag.py:3047} INFO - Sync 1 DAGs
[2024-07-09T13:29:43.643+0000] {logging_mixin.py:188} INFO - [2024-07-09T13:29:43.642+0000] {dag.py:3834} INFO - Setting next_dagrun for example_short_circuit_operator to 2024-07-08 00:00:00+00:00, run_after=2024-07-09 00:00:00+00:00
[2024-07-09T13:29:43.658+0000] {processor.py:183} INFO - Processing /home/airflow/.local/lib/python3.11/site-packages/airflow/example_dags/example_short_circuit_operator.py took 0.067 seconds
[2024-07-09T13:31:38.539+0000] {processor.py:161} INFO - Started process (PID=299) to work on /home/airflow/.local/lib/python3.11/site-packages/airflow/example_dags/example_short_circuit_operator.py
[2024-07-09T13:31:38.540+0000] {processor.py:830} INFO - Processing file /home/airflow/.local/lib/python3.11/site-packages/airflow/example_dags/example_short_circuit_operator.py for tasks to queue
[2024-07-09T13:31:38.541+0000] {logging_mixin.py:188} INFO - [2024-07-09T13:31:38.541+0000] {dagbag.py:540} INFO - Filling up the DagBag from /home/airflow/.local/lib/python3.11/site-packages/airflow/example_dags/example_short_circuit_operator.py
[2024-07-09T13:31:38.551+0000] {processor.py:840} INFO - DAG(s) 'example_short_circuit_operator' retrieved from /home/airflow/.local/lib/python3.11/site-packages/airflow/example_dags/example_short_circuit_operator.py
[2024-07-09T13:31:38.644+0000] {logging_mixin.py:188} INFO - [2024-07-09T13:31:38.644+0000] {override.py:1769} INFO - Created Permission View: can edit on DAG:example_short_circuit_operator
[2024-07-09T13:31:38.655+0000] {logging_mixin.py:188} INFO - [2024-07-09T13:31:38.654+0000] {override.py:1769} INFO - Created Permission View: can delete on DAG:example_short_circuit_operator
[2024-07-09T13:31:38.661+0000] {logging_mixin.py:188} INFO - [2024-07-09T13:31:38.661+0000] {override.py:1769} INFO - Created Permission View: can read on DAG:example_short_circuit_operator
[2024-07-09T13:31:38.662+0000] {logging_mixin.py:188} INFO - [2024-07-09T13:31:38.662+0000] {dag.py:3047} INFO - Sync 1 DAGs
[2024-07-09T13:31:38.671+0000] {logging_mixin.py:188} INFO - [2024-07-09T13:31:38.671+0000] {dag.py:3069} INFO - Creating ORM DAG for example_short_circuit_operator
[2024-07-09T13:31:38.680+0000] {logging_mixin.py:188} INFO - [2024-07-09T13:31:38.680+0000] {dag.py:3834} INFO - Setting next_dagrun for example_short_circuit_operator to 2024-07-08 00:00:00+00:00, run_after=2024-07-09 00:00:00+00:00
[2024-07-09T13:31:38.694+0000] {processor.py:183} INFO - Processing /home/airflow/.local/lib/python3.11/site-packages/airflow/example_dags/example_short_circuit_operator.py took 0.158 seconds
[2024-07-09T13:32:08.790+0000] {processor.py:161} INFO - Started process (PID=569) to work on /home/airflow/.local/lib/python3.11/site-packages/airflow/example_dags/example_short_circuit_operator.py
[2024-07-09T13:32:08.791+0000] {processor.py:830} INFO - Processing file /home/airflow/.local/lib/python3.11/site-packages/airflow/example_dags/example_short_circuit_operator.py for tasks to queue
[2024-07-09T13:32:08.791+0000] {logging_mixin.py:188} INFO - [2024-07-09T13:32:08.791+0000] {dagbag.py:540} INFO - Filling up the DagBag from /home/airflow/.local/lib/python3.11/site-packages/airflow/example_dags/example_short_circuit_operator.py
[2024-07-09T13:32:08.798+0000] {processor.py:840} INFO - DAG(s) 'example_short_circuit_operator' retrieved from /home/airflow/.local/lib/python3.11/site-packages/airflow/example_dags/example_short_circuit_operator.py
[2024-07-09T13:32:08.820+0000] {logging_mixin.py:188} INFO - [2024-07-09T13:32:08.820+0000] {dag.py:3047} INFO - Sync 1 DAGs
[2024-07-09T13:32:08.838+0000] {logging_mixin.py:188} INFO - [2024-07-09T13:32:08.838+0000] {dag.py:3834} INFO - Setting next_dagrun for example_short_circuit_operator to 2024-07-08 00:00:00+00:00, run_after=2024-07-09 00:00:00+00:00
[2024-07-09T13:32:08.853+0000] {processor.py:183} INFO - Processing /home/airflow/.local/lib/python3.11/site-packages/airflow/example_dags/example_short_circuit_operator.py took 0.066 seconds
[2024-07-09T13:32:39.232+0000] {processor.py:161} INFO - Started process (PID=839) to work on /home/airflow/.local/lib/python3.11/site-packages/airflow/example_dags/example_short_circuit_operator.py
[2024-07-09T13:32:39.233+0000] {processor.py:830} INFO - Processing file /home/airflow/.local/lib/python3.11/site-packages/airflow/example_dags/example_short_circuit_operator.py for tasks to queue
[2024-07-09T13:32:39.234+0000] {logging_mixin.py:188} INFO - [2024-07-09T13:32:39.233+0000] {dagbag.py:540} INFO - Filling up the DagBag from /home/airflow/.local/lib/python3.11/site-packages/airflow/example_dags/example_short_circuit_operator.py
[2024-07-09T13:32:39.241+0000] {processor.py:840} INFO - DAG(s) 'example_short_circuit_operator' retrieved from /home/airflow/.local/lib/python3.11/site-packages/airflow/example_dags/example_short_circuit_operator.py
[2024-07-09T13:32:39.264+0000] {logging_mixin.py:188} INFO - [2024-07-09T13:32:39.264+0000] {dag.py:3047} INFO - Sync 1 DAGs
[2024-07-09T13:32:39.282+0000] {logging_mixin.py:188} INFO - [2024-07-09T13:32:39.281+0000] {dag.py:3834} INFO - Setting next_dagrun for example_short_circuit_operator to 2024-07-08 00:00:00+00:00, run_after=2024-07-09 00:00:00+00:00
[2024-07-09T13:32:39.297+0000] {processor.py:183} INFO - Processing /home/airflow/.local/lib/python3.11/site-packages/airflow/example_dags/example_short_circuit_operator.py took 0.067 seconds
[2024-07-09T13:33:10.438+0000] {processor.py:161} INFO - Started process (PID=1111) to work on /home/airflow/.local/lib/python3.11/site-packages/airflow/example_dags/example_short_circuit_operator.py
[2024-07-09T13:33:10.439+0000] {processor.py:830} INFO - Processing file /home/airflow/.local/lib/python3.11/site-packages/airflow/example_dags/example_short_circuit_operator.py for tasks to queue
[2024-07-09T13:33:10.440+0000] {logging_mixin.py:188} INFO - [2024-07-09T13:33:10.440+0000] {dagbag.py:540} INFO - Filling up the DagBag from /home/airflow/.local/lib/python3.11/site-packages/airflow/example_dags/example_short_circuit_operator.py
[2024-07-09T13:33:10.447+0000] {processor.py:840} INFO - DAG(s) 'example_short_circuit_operator' retrieved from /home/airflow/.local/lib/python3.11/site-packages/airflow/example_dags/example_short_circuit_operator.py
[2024-07-09T13:33:10.469+0000] {logging_mixin.py:188} INFO - [2024-07-09T13:33:10.468+0000] {dag.py:3047} INFO - Sync 1 DAGs
[2024-07-09T13:33:10.614+0000] {logging_mixin.py:188} INFO - [2024-07-09T13:33:10.614+0000] {dag.py:3834} INFO - Setting next_dagrun for example_short_circuit_operator to 2024-07-08 00:00:00+00:00, run_after=2024-07-09 00:00:00+00:00
[2024-07-09T13:33:10.631+0000] {processor.py:183} INFO - Processing /home/airflow/.local/lib/python3.11/site-packages/airflow/example_dags/example_short_circuit_operator.py took 0.195 seconds
[2024-07-09T13:33:40.770+0000] {processor.py:161} INFO - Started process (PID=1379) to work on /home/airflow/.local/lib/python3.11/site-packages/airflow/example_dags/example_short_circuit_operator.py
[2024-07-09T13:33:40.771+0000] {processor.py:830} INFO - Processing file /home/airflow/.local/lib/python3.11/site-packages/airflow/example_dags/example_short_circuit_operator.py for tasks to queue
[2024-07-09T13:33:40.771+0000] {logging_mixin.py:188} INFO - [2024-07-09T13:33:40.771+0000] {dagbag.py:540} INFO - Filling up the DagBag from /home/airflow/.local/lib/python3.11/site-packages/airflow/example_dags/example_short_circuit_operator.py
[2024-07-09T13:33:40.778+0000] {processor.py:840} INFO - DAG(s) 'example_short_circuit_operator' retrieved from /home/airflow/.local/lib/python3.11/site-packages/airflow/example_dags/example_short_circuit_operator.py
[2024-07-09T13:33:40.801+0000] {logging_mixin.py:188} INFO - [2024-07-09T13:33:40.801+0000] {dag.py:3047} INFO - Sync 1 DAGs
[2024-07-09T13:33:40.820+0000] {logging_mixin.py:188} INFO - [2024-07-09T13:33:40.820+0000] {dag.py:3834} INFO - Setting next_dagrun for example_short_circuit_operator to 2024-07-08 00:00:00+00:00, run_after=2024-07-09 00:00:00+00:00
[2024-07-09T13:33:40.835+0000] {processor.py:183} INFO - Processing /home/airflow/.local/lib/python3.11/site-packages/airflow/example_dags/example_short_circuit_operator.py took 0.068 seconds
[2024-07-09T13:34:11.123+0000] {processor.py:161} INFO - Started process (PID=1649) to work on /home/airflow/.local/lib/python3.11/site-packages/airflow/example_dags/example_short_circuit_operator.py
[2024-07-09T13:34:11.124+0000] {processor.py:830} INFO - Processing file /home/airflow/.local/lib/python3.11/site-packages/airflow/example_dags/example_short_circuit_operator.py for tasks to queue
[2024-07-09T13:34:11.124+0000] {logging_mixin.py:188} INFO - [2024-07-09T13:34:11.124+0000] {dagbag.py:540} INFO - Filling up the DagBag from /home/airflow/.local/lib/python3.11/site-packages/airflow/example_dags/example_short_circuit_operator.py
[2024-07-09T13:34:11.132+0000] {processor.py:840} INFO - DAG(s) 'example_short_circuit_operator' retrieved from /home/airflow/.local/lib/python3.11/site-packages/airflow/example_dags/example_short_circuit_operator.py
[2024-07-09T13:34:11.155+0000] {logging_mixin.py:188} INFO - [2024-07-09T13:34:11.155+0000] {dag.py:3047} INFO - Sync 1 DAGs
[2024-07-09T13:34:11.172+0000] {logging_mixin.py:188} INFO - [2024-07-09T13:34:11.172+0000] {dag.py:3834} INFO - Setting next_dagrun for example_short_circuit_operator to 2024-07-08 00:00:00+00:00, run_after=2024-07-09 00:00:00+00:00
[2024-07-09T13:34:11.189+0000] {processor.py:183} INFO - Processing /home/airflow/.local/lib/python3.11/site-packages/airflow/example_dags/example_short_circuit_operator.py took 0.069 seconds
[2024-07-09T13:34:41.379+0000] {processor.py:161} INFO - Started process (PID=1919) to work on /home/airflow/.local/lib/python3.11/site-packages/airflow/example_dags/example_short_circuit_operator.py
[2024-07-09T13:34:41.380+0000] {processor.py:830} INFO - Processing file /home/airflow/.local/lib/python3.11/site-packages/airflow/example_dags/example_short_circuit_operator.py for tasks to queue
[2024-07-09T13:34:41.381+0000] {logging_mixin.py:188} INFO - [2024-07-09T13:34:41.381+0000] {dagbag.py:540} INFO - Filling up the DagBag from /home/airflow/.local/lib/python3.11/site-packages/airflow/example_dags/example_short_circuit_operator.py
[2024-07-09T13:34:41.387+0000] {processor.py:840} INFO - DAG(s) 'example_short_circuit_operator' retrieved from /home/airflow/.local/lib/python3.11/site-packages/airflow/example_dags/example_short_circuit_operator.py
[2024-07-09T13:34:41.409+0000] {logging_mixin.py:188} INFO - [2024-07-09T13:34:41.408+0000] {dag.py:3047} INFO - Sync 1 DAGs
[2024-07-09T13:34:41.425+0000] {logging_mixin.py:188} INFO - [2024-07-09T13:34:41.425+0000] {dag.py:3834} INFO - Setting next_dagrun for example_short_circuit_operator to 2024-07-08 00:00:00+00:00, run_after=2024-07-09 00:00:00+00:00
[2024-07-09T13:34:41.441+0000] {processor.py:183} INFO - Processing /home/airflow/.local/lib/python3.11/site-packages/airflow/example_dags/example_short_circuit_operator.py took 0.065 seconds
[2024-07-09T13:35:11.712+0000] {processor.py:161} INFO - Started process (PID=2189) to work on /home/airflow/.local/lib/python3.11/site-packages/airflow/example_dags/example_short_circuit_operator.py
[2024-07-09T13:35:11.713+0000] {processor.py:830} INFO - Processing file /home/airflow/.local/lib/python3.11/site-packages/airflow/example_dags/example_short_circuit_operator.py for tasks to queue
[2024-07-09T13:35:11.713+0000] {logging_mixin.py:188} INFO - [2024-07-09T13:35:11.713+0000] {dagbag.py:540} INFO - Filling up the DagBag from /home/airflow/.local/lib/python3.11/site-packages/airflow/example_dags/example_short_circuit_operator.py
[2024-07-09T13:35:11.720+0000] {processor.py:840} INFO - DAG(s) 'example_short_circuit_operator' retrieved from /home/airflow/.local/lib/python3.11/site-packages/airflow/example_dags/example_short_circuit_operator.py
[2024-07-09T13:35:11.742+0000] {logging_mixin.py:188} INFO - [2024-07-09T13:35:11.742+0000] {dag.py:3047} INFO - Sync 1 DAGs
[2024-07-09T13:35:11.759+0000] {logging_mixin.py:188} INFO - [2024-07-09T13:35:11.759+0000] {dag.py:3834} INFO - Setting next_dagrun for example_short_circuit_operator to 2024-07-08 00:00:00+00:00, run_after=2024-07-09 00:00:00+00:00
[2024-07-09T13:35:11.775+0000] {processor.py:183} INFO - Processing /home/airflow/.local/lib/python3.11/site-packages/airflow/example_dags/example_short_circuit_operator.py took 0.065 seconds
[2024-07-09T13:35:42.082+0000] {processor.py:161} INFO - Started process (PID=2459) to work on /home/airflow/.local/lib/python3.11/site-packages/airflow/example_dags/example_short_circuit_operator.py
[2024-07-09T13:35:42.083+0000] {processor.py:830} INFO - Processing file /home/airflow/.local/lib/python3.11/site-packages/airflow/example_dags/example_short_circuit_operator.py for tasks to queue
[2024-07-09T13:35:42.084+0000] {logging_mixin.py:188} INFO - [2024-07-09T13:35:42.083+0000] {dagbag.py:540} INFO - Filling up the DagBag from /home/airflow/.local/lib/python3.11/site-packages/airflow/example_dags/example_short_circuit_operator.py
[2024-07-09T13:35:42.091+0000] {processor.py:840} INFO - DAG(s) 'example_short_circuit_operator' retrieved from /home/airflow/.local/lib/python3.11/site-packages/airflow/example_dags/example_short_circuit_operator.py
[2024-07-09T13:35:42.113+0000] {logging_mixin.py:188} INFO - [2024-07-09T13:35:42.113+0000] {dag.py:3047} INFO - Sync 1 DAGs
[2024-07-09T13:35:42.131+0000] {logging_mixin.py:188} INFO - [2024-07-09T13:35:42.130+0000] {dag.py:3834} INFO - Setting next_dagrun for example_short_circuit_operator to 2024-07-08 00:00:00+00:00, run_after=2024-07-09 00:00:00+00:00
[2024-07-09T13:35:42.145+0000] {processor.py:183} INFO - Processing /home/airflow/.local/lib/python3.11/site-packages/airflow/example_dags/example_short_circuit_operator.py took 0.066 seconds
[2024-07-09T13:36:12.521+0000] {processor.py:161} INFO - Started process (PID=2729) to work on /home/airflow/.local/lib/python3.11/site-packages/airflow/example_dags/example_short_circuit_operator.py
[2024-07-09T13:36:12.522+0000] {processor.py:830} INFO - Processing file /home/airflow/.local/lib/python3.11/site-packages/airflow/example_dags/example_short_circuit_operator.py for tasks to queue
[2024-07-09T13:36:12.523+0000] {logging_mixin.py:188} INFO - [2024-07-09T13:36:12.522+0000] {dagbag.py:540} INFO - Filling up the DagBag from /home/airflow/.local/lib/python3.11/site-packages/airflow/example_dags/example_short_circuit_operator.py
[2024-07-09T13:36:12.530+0000] {processor.py:840} INFO - DAG(s) 'example_short_circuit_operator' retrieved from /home/airflow/.local/lib/python3.11/site-packages/airflow/example_dags/example_short_circuit_operator.py
[2024-07-09T13:36:12.553+0000] {logging_mixin.py:188} INFO - [2024-07-09T13:36:12.552+0000] {dag.py:3047} INFO - Sync 1 DAGs
[2024-07-09T13:36:12.572+0000] {logging_mixin.py:188} INFO - [2024-07-09T13:36:12.571+0000] {dag.py:3834} INFO - Setting next_dagrun for example_short_circuit_operator to 2024-07-08 00:00:00+00:00, run_after=2024-07-09 00:00:00+00:00
[2024-07-09T13:36:12.587+0000] {processor.py:183} INFO - Processing /home/airflow/.local/lib/python3.11/site-packages/airflow/example_dags/example_short_circuit_operator.py took 0.068 seconds
[2024-07-09T13:36:42.792+0000] {processor.py:161} INFO - Started process (PID=2999) to work on /home/airflow/.local/lib/python3.11/site-packages/airflow/example_dags/example_short_circuit_operator.py
[2024-07-09T13:36:42.793+0000] {processor.py:830} INFO - Processing file /home/airflow/.local/lib/python3.11/site-packages/airflow/example_dags/example_short_circuit_operator.py for tasks to queue
[2024-07-09T13:36:42.794+0000] {logging_mixin.py:188} INFO - [2024-07-09T13:36:42.793+0000] {dagbag.py:540} INFO - Filling up the DagBag from /home/airflow/.local/lib/python3.11/site-packages/airflow/example_dags/example_short_circuit_operator.py
[2024-07-09T13:36:42.802+0000] {processor.py:840} INFO - DAG(s) 'example_short_circuit_operator' retrieved from /home/airflow/.local/lib/python3.11/site-packages/airflow/example_dags/example_short_circuit_operator.py
[2024-07-09T13:36:42.825+0000] {logging_mixin.py:188} INFO - [2024-07-09T13:36:42.825+0000] {dag.py:3047} INFO - Sync 1 DAGs
[2024-07-09T13:36:42.842+0000] {logging_mixin.py:188} INFO - [2024-07-09T13:36:42.842+0000] {dag.py:3834} INFO - Setting next_dagrun for example_short_circuit_operator to 2024-07-08 00:00:00+00:00, run_after=2024-07-09 00:00:00+00:00
[2024-07-09T13:36:42.859+0000] {processor.py:183} INFO - Processing /home/airflow/.local/lib/python3.11/site-packages/airflow/example_dags/example_short_circuit_operator.py took 0.069 seconds
[2024-07-09T13:37:13.373+0000] {processor.py:161} INFO - Started process (PID=3269) to work on /home/airflow/.local/lib/python3.11/site-packages/airflow/example_dags/example_short_circuit_operator.py
[2024-07-09T13:37:13.374+0000] {processor.py:830} INFO - Processing file /home/airflow/.local/lib/python3.11/site-packages/airflow/example_dags/example_short_circuit_operator.py for tasks to queue
[2024-07-09T13:37:13.374+0000] {logging_mixin.py:188} INFO - [2024-07-09T13:37:13.374+0000] {dagbag.py:540} INFO - Filling up the DagBag from /home/airflow/.local/lib/python3.11/site-packages/airflow/example_dags/example_short_circuit_operator.py
[2024-07-09T13:37:13.381+0000] {processor.py:840} INFO - DAG(s) 'example_short_circuit_operator' retrieved from /home/airflow/.local/lib/python3.11/site-packages/airflow/example_dags/example_short_circuit_operator.py
[2024-07-09T13:37:13.407+0000] {logging_mixin.py:188} INFO - [2024-07-09T13:37:13.407+0000] {dag.py:3047} INFO - Sync 1 DAGs
[2024-07-09T13:37:13.427+0000] {logging_mixin.py:188} INFO - [2024-07-09T13:37:13.427+0000] {dag.py:3834} INFO - Setting next_dagrun for example_short_circuit_operator to 2024-07-08 00:00:00+00:00, run_after=2024-07-09 00:00:00+00:00
[2024-07-09T13:37:13.448+0000] {processor.py:183} INFO - Processing /home/airflow/.local/lib/python3.11/site-packages/airflow/example_dags/example_short_circuit_operator.py took 0.079 seconds
[2024-07-09T13:46:11.679+0000] {processor.py:161} INFO - Started process (PID=299) to work on /home/airflow/.local/lib/python3.11/site-packages/airflow/example_dags/example_short_circuit_operator.py
[2024-07-09T13:46:11.681+0000] {processor.py:830} INFO - Processing file /home/airflow/.local/lib/python3.11/site-packages/airflow/example_dags/example_short_circuit_operator.py for tasks to queue
[2024-07-09T13:46:11.681+0000] {logging_mixin.py:188} INFO - [2024-07-09T13:46:11.681+0000] {dagbag.py:540} INFO - Filling up the DagBag from /home/airflow/.local/lib/python3.11/site-packages/airflow/example_dags/example_short_circuit_operator.py
[2024-07-09T13:46:11.691+0000] {processor.py:840} INFO - DAG(s) 'example_short_circuit_operator' retrieved from /home/airflow/.local/lib/python3.11/site-packages/airflow/example_dags/example_short_circuit_operator.py
[2024-07-09T13:46:11.808+0000] {logging_mixin.py:188} INFO - [2024-07-09T13:46:11.807+0000] {override.py:1769} INFO - Created Permission View: can delete on DAG:example_short_circuit_operator
[2024-07-09T13:46:11.818+0000] {logging_mixin.py:188} INFO - [2024-07-09T13:46:11.818+0000] {override.py:1769} INFO - Created Permission View: can read on DAG:example_short_circuit_operator
[2024-07-09T13:46:11.825+0000] {logging_mixin.py:188} INFO - [2024-07-09T13:46:11.824+0000] {override.py:1769} INFO - Created Permission View: can edit on DAG:example_short_circuit_operator
[2024-07-09T13:46:11.825+0000] {logging_mixin.py:188} INFO - [2024-07-09T13:46:11.825+0000] {dag.py:3047} INFO - Sync 1 DAGs
[2024-07-09T13:46:11.834+0000] {logging_mixin.py:188} INFO - [2024-07-09T13:46:11.834+0000] {dag.py:3069} INFO - Creating ORM DAG for example_short_circuit_operator
[2024-07-09T13:46:11.843+0000] {logging_mixin.py:188} INFO - [2024-07-09T13:46:11.842+0000] {dag.py:3834} INFO - Setting next_dagrun for example_short_circuit_operator to 2024-07-08 00:00:00+00:00, run_after=2024-07-09 00:00:00+00:00
[2024-07-09T13:46:11.859+0000] {processor.py:183} INFO - Processing /home/airflow/.local/lib/python3.11/site-packages/airflow/example_dags/example_short_circuit_operator.py took 0.183 seconds
[2024-07-09T13:46:42.552+0000] {processor.py:161} INFO - Started process (PID=571) to work on /home/airflow/.local/lib/python3.11/site-packages/airflow/example_dags/example_short_circuit_operator.py
[2024-07-09T13:46:42.553+0000] {processor.py:830} INFO - Processing file /home/airflow/.local/lib/python3.11/site-packages/airflow/example_dags/example_short_circuit_operator.py for tasks to queue
[2024-07-09T13:46:42.553+0000] {logging_mixin.py:188} INFO - [2024-07-09T13:46:42.553+0000] {dagbag.py:540} INFO - Filling up the DagBag from /home/airflow/.local/lib/python3.11/site-packages/airflow/example_dags/example_short_circuit_operator.py
[2024-07-09T13:46:42.560+0000] {processor.py:840} INFO - DAG(s) 'example_short_circuit_operator' retrieved from /home/airflow/.local/lib/python3.11/site-packages/airflow/example_dags/example_short_circuit_operator.py
[2024-07-09T13:46:42.582+0000] {logging_mixin.py:188} INFO - [2024-07-09T13:46:42.582+0000] {dag.py:3047} INFO - Sync 1 DAGs
[2024-07-09T13:46:42.599+0000] {logging_mixin.py:188} INFO - [2024-07-09T13:46:42.598+0000] {dag.py:3834} INFO - Setting next_dagrun for example_short_circuit_operator to 2024-07-08 00:00:00+00:00, run_after=2024-07-09 00:00:00+00:00
[2024-07-09T13:46:42.615+0000] {processor.py:183} INFO - Processing /home/airflow/.local/lib/python3.11/site-packages/airflow/example_dags/example_short_circuit_operator.py took 0.065 seconds
[2024-07-09T13:47:13.347+0000] {processor.py:161} INFO - Started process (PID=840) to work on /home/airflow/.local/lib/python3.11/site-packages/airflow/example_dags/example_short_circuit_operator.py
[2024-07-09T13:47:13.348+0000] {processor.py:830} INFO - Processing file /home/airflow/.local/lib/python3.11/site-packages/airflow/example_dags/example_short_circuit_operator.py for tasks to queue
[2024-07-09T13:47:13.349+0000] {logging_mixin.py:188} INFO - [2024-07-09T13:47:13.348+0000] {dagbag.py:540} INFO - Filling up the DagBag from /home/airflow/.local/lib/python3.11/site-packages/airflow/example_dags/example_short_circuit_operator.py
[2024-07-09T13:47:13.355+0000] {processor.py:840} INFO - DAG(s) 'example_short_circuit_operator' retrieved from /home/airflow/.local/lib/python3.11/site-packages/airflow/example_dags/example_short_circuit_operator.py
[2024-07-09T13:47:13.377+0000] {logging_mixin.py:188} INFO - [2024-07-09T13:47:13.377+0000] {dag.py:3047} INFO - Sync 1 DAGs
[2024-07-09T13:47:13.394+0000] {logging_mixin.py:188} INFO - [2024-07-09T13:47:13.393+0000] {dag.py:3834} INFO - Setting next_dagrun for example_short_circuit_operator to 2024-07-08 00:00:00+00:00, run_after=2024-07-09 00:00:00+00:00
[2024-07-09T13:47:13.409+0000] {processor.py:183} INFO - Processing /home/airflow/.local/lib/python3.11/site-packages/airflow/example_dags/example_short_circuit_operator.py took 0.065 seconds
[2024-07-09T13:47:43.992+0000] {processor.py:161} INFO - Started process (PID=1111) to work on /home/airflow/.local/lib/python3.11/site-packages/airflow/example_dags/example_short_circuit_operator.py
[2024-07-09T13:47:43.993+0000] {processor.py:830} INFO - Processing file /home/airflow/.local/lib/python3.11/site-packages/airflow/example_dags/example_short_circuit_operator.py for tasks to queue
[2024-07-09T13:47:43.994+0000] {logging_mixin.py:188} INFO - [2024-07-09T13:47:43.993+0000] {dagbag.py:540} INFO - Filling up the DagBag from /home/airflow/.local/lib/python3.11/site-packages/airflow/example_dags/example_short_circuit_operator.py
[2024-07-09T13:47:44.000+0000] {processor.py:840} INFO - DAG(s) 'example_short_circuit_operator' retrieved from /home/airflow/.local/lib/python3.11/site-packages/airflow/example_dags/example_short_circuit_operator.py
[2024-07-09T13:47:44.024+0000] {logging_mixin.py:188} INFO - [2024-07-09T13:47:44.024+0000] {dag.py:3047} INFO - Sync 1 DAGs
[2024-07-09T13:47:44.169+0000] {logging_mixin.py:188} INFO - [2024-07-09T13:47:44.169+0000] {dag.py:3834} INFO - Setting next_dagrun for example_short_circuit_operator to 2024-07-08 00:00:00+00:00, run_after=2024-07-09 00:00:00+00:00
[2024-07-09T13:47:44.185+0000] {processor.py:183} INFO - Processing /home/airflow/.local/lib/python3.11/site-packages/airflow/example_dags/example_short_circuit_operator.py took 0.196 seconds
[2024-07-09T13:48:14.857+0000] {processor.py:161} INFO - Started process (PID=1379) to work on /home/airflow/.local/lib/python3.11/site-packages/airflow/example_dags/example_short_circuit_operator.py
[2024-07-09T13:48:14.858+0000] {processor.py:830} INFO - Processing file /home/airflow/.local/lib/python3.11/site-packages/airflow/example_dags/example_short_circuit_operator.py for tasks to queue
[2024-07-09T13:48:14.859+0000] {logging_mixin.py:188} INFO - [2024-07-09T13:48:14.859+0000] {dagbag.py:540} INFO - Filling up the DagBag from /home/airflow/.local/lib/python3.11/site-packages/airflow/example_dags/example_short_circuit_operator.py
[2024-07-09T13:48:14.867+0000] {processor.py:840} INFO - DAG(s) 'example_short_circuit_operator' retrieved from /home/airflow/.local/lib/python3.11/site-packages/airflow/example_dags/example_short_circuit_operator.py
[2024-07-09T13:48:14.890+0000] {logging_mixin.py:188} INFO - [2024-07-09T13:48:14.890+0000] {dag.py:3047} INFO - Sync 1 DAGs
[2024-07-09T13:48:14.909+0000] {logging_mixin.py:188} INFO - [2024-07-09T13:48:14.909+0000] {dag.py:3834} INFO - Setting next_dagrun for example_short_circuit_operator to 2024-07-08 00:00:00+00:00, run_after=2024-07-09 00:00:00+00:00
[2024-07-09T13:48:14.927+0000] {processor.py:183} INFO - Processing /home/airflow/.local/lib/python3.11/site-packages/airflow/example_dags/example_short_circuit_operator.py took 0.074 seconds
[2024-07-09T13:48:45.266+0000] {processor.py:161} INFO - Started process (PID=1649) to work on /home/airflow/.local/lib/python3.11/site-packages/airflow/example_dags/example_short_circuit_operator.py
[2024-07-09T13:48:45.267+0000] {processor.py:830} INFO - Processing file /home/airflow/.local/lib/python3.11/site-packages/airflow/example_dags/example_short_circuit_operator.py for tasks to queue
[2024-07-09T13:48:45.268+0000] {logging_mixin.py:188} INFO - [2024-07-09T13:48:45.268+0000] {dagbag.py:540} INFO - Filling up the DagBag from /home/airflow/.local/lib/python3.11/site-packages/airflow/example_dags/example_short_circuit_operator.py
[2024-07-09T13:48:45.275+0000] {processor.py:840} INFO - DAG(s) 'example_short_circuit_operator' retrieved from /home/airflow/.local/lib/python3.11/site-packages/airflow/example_dags/example_short_circuit_operator.py
[2024-07-09T13:48:45.297+0000] {logging_mixin.py:188} INFO - [2024-07-09T13:48:45.297+0000] {dag.py:3047} INFO - Sync 1 DAGs
[2024-07-09T13:48:45.314+0000] {logging_mixin.py:188} INFO - [2024-07-09T13:48:45.314+0000] {dag.py:3834} INFO - Setting next_dagrun for example_short_circuit_operator to 2024-07-08 00:00:00+00:00, run_after=2024-07-09 00:00:00+00:00
[2024-07-09T13:48:45.330+0000] {processor.py:183} INFO - Processing /home/airflow/.local/lib/python3.11/site-packages/airflow/example_dags/example_short_circuit_operator.py took 0.067 seconds
[2024-07-09T13:49:15.778+0000] {processor.py:161} INFO - Started process (PID=1919) to work on /home/airflow/.local/lib/python3.11/site-packages/airflow/example_dags/example_short_circuit_operator.py
[2024-07-09T13:49:15.779+0000] {processor.py:830} INFO - Processing file /home/airflow/.local/lib/python3.11/site-packages/airflow/example_dags/example_short_circuit_operator.py for tasks to queue
[2024-07-09T13:49:15.780+0000] {logging_mixin.py:188} INFO - [2024-07-09T13:49:15.780+0000] {dagbag.py:540} INFO - Filling up the DagBag from /home/airflow/.local/lib/python3.11/site-packages/airflow/example_dags/example_short_circuit_operator.py
[2024-07-09T13:49:15.787+0000] {processor.py:840} INFO - DAG(s) 'example_short_circuit_operator' retrieved from /home/airflow/.local/lib/python3.11/site-packages/airflow/example_dags/example_short_circuit_operator.py
[2024-07-09T13:49:15.810+0000] {logging_mixin.py:188} INFO - [2024-07-09T13:49:15.810+0000] {dag.py:3047} INFO - Sync 1 DAGs
[2024-07-09T13:49:15.827+0000] {logging_mixin.py:188} INFO - [2024-07-09T13:49:15.827+0000] {dag.py:3834} INFO - Setting next_dagrun for example_short_circuit_operator to 2024-07-08 00:00:00+00:00, run_after=2024-07-09 00:00:00+00:00
[2024-07-09T13:49:15.843+0000] {processor.py:183} INFO - Processing /home/airflow/.local/lib/python3.11/site-packages/airflow/example_dags/example_short_circuit_operator.py took 0.067 seconds
[2024-07-09T13:49:46.699+0000] {processor.py:161} INFO - Started process (PID=2189) to work on /home/airflow/.local/lib/python3.11/site-packages/airflow/example_dags/example_short_circuit_operator.py
[2024-07-09T13:49:46.700+0000] {processor.py:830} INFO - Processing file /home/airflow/.local/lib/python3.11/site-packages/airflow/example_dags/example_short_circuit_operator.py for tasks to queue
[2024-07-09T13:49:46.701+0000] {logging_mixin.py:188} INFO - [2024-07-09T13:49:46.701+0000] {dagbag.py:540} INFO - Filling up the DagBag from /home/airflow/.local/lib/python3.11/site-packages/airflow/example_dags/example_short_circuit_operator.py
[2024-07-09T13:49:46.709+0000] {processor.py:840} INFO - DAG(s) 'example_short_circuit_operator' retrieved from /home/airflow/.local/lib/python3.11/site-packages/airflow/example_dags/example_short_circuit_operator.py
[2024-07-09T13:49:46.742+0000] {logging_mixin.py:188} INFO - [2024-07-09T13:49:46.742+0000] {dag.py:3047} INFO - Sync 1 DAGs
[2024-07-09T13:49:46.762+0000] {logging_mixin.py:188} INFO - [2024-07-09T13:49:46.761+0000] {dag.py:3834} INFO - Setting next_dagrun for example_short_circuit_operator to 2024-07-08 00:00:00+00:00, run_after=2024-07-09 00:00:00+00:00
[2024-07-09T13:49:46.784+0000] {processor.py:183} INFO - Processing /home/airflow/.local/lib/python3.11/site-packages/airflow/example_dags/example_short_circuit_operator.py took 0.088 seconds
[2024-07-09T13:50:17.309+0000] {processor.py:161} INFO - Started process (PID=2459) to work on /home/airflow/.local/lib/python3.11/site-packages/airflow/example_dags/example_short_circuit_operator.py
[2024-07-09T13:50:17.310+0000] {processor.py:830} INFO - Processing file /home/airflow/.local/lib/python3.11/site-packages/airflow/example_dags/example_short_circuit_operator.py for tasks to queue
[2024-07-09T13:50:17.311+0000] {logging_mixin.py:188} INFO - [2024-07-09T13:50:17.311+0000] {dagbag.py:540} INFO - Filling up the DagBag from /home/airflow/.local/lib/python3.11/site-packages/airflow/example_dags/example_short_circuit_operator.py
[2024-07-09T13:50:17.319+0000] {processor.py:840} INFO - DAG(s) 'example_short_circuit_operator' retrieved from /home/airflow/.local/lib/python3.11/site-packages/airflow/example_dags/example_short_circuit_operator.py
[2024-07-09T13:50:17.342+0000] {logging_mixin.py:188} INFO - [2024-07-09T13:50:17.342+0000] {dag.py:3047} INFO - Sync 1 DAGs
[2024-07-09T13:50:17.361+0000] {logging_mixin.py:188} INFO - [2024-07-09T13:50:17.361+0000] {dag.py:3834} INFO - Setting next_dagrun for example_short_circuit_operator to 2024-07-08 00:00:00+00:00, run_after=2024-07-09 00:00:00+00:00
[2024-07-09T13:50:17.379+0000] {processor.py:183} INFO - Processing /home/airflow/.local/lib/python3.11/site-packages/airflow/example_dags/example_short_circuit_operator.py took 0.072 seconds
[2024-07-09T13:50:47.739+0000] {processor.py:161} INFO - Started process (PID=2729) to work on /home/airflow/.local/lib/python3.11/site-packages/airflow/example_dags/example_short_circuit_operator.py
[2024-07-09T13:50:47.740+0000] {processor.py:830} INFO - Processing file /home/airflow/.local/lib/python3.11/site-packages/airflow/example_dags/example_short_circuit_operator.py for tasks to queue
[2024-07-09T13:50:47.740+0000] {logging_mixin.py:188} INFO - [2024-07-09T13:50:47.740+0000] {dagbag.py:540} INFO - Filling up the DagBag from /home/airflow/.local/lib/python3.11/site-packages/airflow/example_dags/example_short_circuit_operator.py
[2024-07-09T13:50:47.748+0000] {processor.py:840} INFO - DAG(s) 'example_short_circuit_operator' retrieved from /home/airflow/.local/lib/python3.11/site-packages/airflow/example_dags/example_short_circuit_operator.py
[2024-07-09T13:50:47.770+0000] {logging_mixin.py:188} INFO - [2024-07-09T13:50:47.770+0000] {dag.py:3047} INFO - Sync 1 DAGs
[2024-07-09T13:50:47.788+0000] {logging_mixin.py:188} INFO - [2024-07-09T13:50:47.787+0000] {dag.py:3834} INFO - Setting next_dagrun for example_short_circuit_operator to 2024-07-08 00:00:00+00:00, run_after=2024-07-09 00:00:00+00:00
[2024-07-09T13:50:47.803+0000] {processor.py:183} INFO - Processing /home/airflow/.local/lib/python3.11/site-packages/airflow/example_dags/example_short_circuit_operator.py took 0.067 seconds
[2024-07-09T13:51:18.095+0000] {processor.py:161} INFO - Started process (PID=2999) to work on /home/airflow/.local/lib/python3.11/site-packages/airflow/example_dags/example_short_circuit_operator.py
[2024-07-09T13:51:18.096+0000] {processor.py:830} INFO - Processing file /home/airflow/.local/lib/python3.11/site-packages/airflow/example_dags/example_short_circuit_operator.py for tasks to queue
[2024-07-09T13:51:18.097+0000] {logging_mixin.py:188} INFO - [2024-07-09T13:51:18.097+0000] {dagbag.py:540} INFO - Filling up the DagBag from /home/airflow/.local/lib/python3.11/site-packages/airflow/example_dags/example_short_circuit_operator.py
[2024-07-09T13:51:18.104+0000] {processor.py:840} INFO - DAG(s) 'example_short_circuit_operator' retrieved from /home/airflow/.local/lib/python3.11/site-packages/airflow/example_dags/example_short_circuit_operator.py
[2024-07-09T13:51:18.126+0000] {logging_mixin.py:188} INFO - [2024-07-09T13:51:18.126+0000] {dag.py:3047} INFO - Sync 1 DAGs
[2024-07-09T13:51:18.143+0000] {logging_mixin.py:188} INFO - [2024-07-09T13:51:18.143+0000] {dag.py:3834} INFO - Setting next_dagrun for example_short_circuit_operator to 2024-07-08 00:00:00+00:00, run_after=2024-07-09 00:00:00+00:00
[2024-07-09T13:51:18.158+0000] {processor.py:183} INFO - Processing /home/airflow/.local/lib/python3.11/site-packages/airflow/example_dags/example_short_circuit_operator.py took 0.066 seconds
