[2024-07-09T13:18:47.439+0000] {processor.py:161} INFO - Started process (PID=204) to work on /home/airflow/.local/lib/python3.11/site-packages/airflow/example_dags/example_xcom.py
[2024-07-09T13:18:47.440+0000] {processor.py:830} INFO - Processing file /home/airflow/.local/lib/python3.11/site-packages/airflow/example_dags/example_xcom.py for tasks to queue
[2024-07-09T13:18:47.440+0000] {logging_mixin.py:188} INFO - [2024-07-09T13:18:47.440+0000] {dagbag.py:540} INFO - Filling up the DagBag from /home/airflow/.local/lib/python3.11/site-packages/airflow/example_dags/example_xcom.py
[2024-07-09T13:18:47.451+0000] {processor.py:840} INFO - DAG(s) 'example_xcom' retrieved from /home/airflow/.local/lib/python3.11/site-packages/airflow/example_dags/example_xcom.py
[2024-07-09T13:18:47.538+0000] {logging_mixin.py:188} INFO - [2024-07-09T13:18:47.538+0000] {override.py:1769} INFO - Created Permission View: can delete on DAG:example_xcom
[2024-07-09T13:18:47.547+0000] {logging_mixin.py:188} INFO - [2024-07-09T13:18:47.547+0000] {override.py:1769} INFO - Created Permission View: can read on DAG:example_xcom
[2024-07-09T13:18:47.554+0000] {logging_mixin.py:188} INFO - [2024-07-09T13:18:47.554+0000] {override.py:1769} INFO - Created Permission View: can edit on DAG:example_xcom
[2024-07-09T13:18:47.555+0000] {logging_mixin.py:188} INFO - [2024-07-09T13:18:47.555+0000] {dag.py:3047} INFO - Sync 1 DAGs
[2024-07-09T13:18:47.563+0000] {logging_mixin.py:188} INFO - [2024-07-09T13:18:47.563+0000] {dag.py:3069} INFO - Creating ORM DAG for example_xcom
[2024-07-09T13:18:47.570+0000] {logging_mixin.py:188} INFO - [2024-07-09T13:18:47.570+0000] {dag.py:3834} INFO - Setting next_dagrun for example_xcom to 2021-01-01 00:00:00+00:00, run_after=2021-01-01 00:00:00+00:00
[2024-07-09T13:18:47.583+0000] {processor.py:183} INFO - Processing /home/airflow/.local/lib/python3.11/site-packages/airflow/example_dags/example_xcom.py took 0.146 seconds
[2024-07-09T13:19:18.157+0000] {processor.py:161} INFO - Started process (PID=462) to work on /home/airflow/.local/lib/python3.11/site-packages/airflow/example_dags/example_xcom.py
[2024-07-09T13:19:18.158+0000] {processor.py:830} INFO - Processing file /home/airflow/.local/lib/python3.11/site-packages/airflow/example_dags/example_xcom.py for tasks to queue
[2024-07-09T13:19:18.159+0000] {logging_mixin.py:188} INFO - [2024-07-09T13:19:18.159+0000] {dagbag.py:540} INFO - Filling up the DagBag from /home/airflow/.local/lib/python3.11/site-packages/airflow/example_dags/example_xcom.py
[2024-07-09T13:19:18.165+0000] {processor.py:840} INFO - DAG(s) 'example_xcom' retrieved from /home/airflow/.local/lib/python3.11/site-packages/airflow/example_dags/example_xcom.py
[2024-07-09T13:19:18.186+0000] {logging_mixin.py:188} INFO - [2024-07-09T13:19:18.186+0000] {dag.py:3047} INFO - Sync 1 DAGs
[2024-07-09T13:19:18.207+0000] {logging_mixin.py:188} INFO - [2024-07-09T13:19:18.207+0000] {dag.py:3834} INFO - Setting next_dagrun for example_xcom to 2021-01-01 00:00:00+00:00, run_after=2021-01-01 00:00:00+00:00
[2024-07-09T13:19:18.224+0000] {processor.py:183} INFO - Processing /home/airflow/.local/lib/python3.11/site-packages/airflow/example_dags/example_xcom.py took 0.069 seconds
[2024-07-09T13:19:49.052+0000] {processor.py:161} INFO - Started process (PID=732) to work on /home/airflow/.local/lib/python3.11/site-packages/airflow/example_dags/example_xcom.py
[2024-07-09T13:19:49.053+0000] {processor.py:830} INFO - Processing file /home/airflow/.local/lib/python3.11/site-packages/airflow/example_dags/example_xcom.py for tasks to queue
[2024-07-09T13:19:49.053+0000] {logging_mixin.py:188} INFO - [2024-07-09T13:19:49.053+0000] {dagbag.py:540} INFO - Filling up the DagBag from /home/airflow/.local/lib/python3.11/site-packages/airflow/example_dags/example_xcom.py
[2024-07-09T13:19:49.059+0000] {processor.py:840} INFO - DAG(s) 'example_xcom' retrieved from /home/airflow/.local/lib/python3.11/site-packages/airflow/example_dags/example_xcom.py
[2024-07-09T13:19:49.082+0000] {logging_mixin.py:188} INFO - [2024-07-09T13:19:49.081+0000] {dag.py:3047} INFO - Sync 1 DAGs
[2024-07-09T13:19:49.103+0000] {logging_mixin.py:188} INFO - [2024-07-09T13:19:49.103+0000] {dag.py:3834} INFO - Setting next_dagrun for example_xcom to 2021-01-01 00:00:00+00:00, run_after=2021-01-01 00:00:00+00:00
[2024-07-09T13:19:49.120+0000] {processor.py:183} INFO - Processing /home/airflow/.local/lib/python3.11/site-packages/airflow/example_dags/example_xcom.py took 0.071 seconds
[2024-07-09T13:20:20.166+0000] {processor.py:161} INFO - Started process (PID=1016) to work on /home/airflow/.local/lib/python3.11/site-packages/airflow/example_dags/example_xcom.py
[2024-07-09T13:20:20.167+0000] {processor.py:830} INFO - Processing file /home/airflow/.local/lib/python3.11/site-packages/airflow/example_dags/example_xcom.py for tasks to queue
[2024-07-09T13:20:20.168+0000] {logging_mixin.py:188} INFO - [2024-07-09T13:20:20.168+0000] {dagbag.py:540} INFO - Filling up the DagBag from /home/airflow/.local/lib/python3.11/site-packages/airflow/example_dags/example_xcom.py
[2024-07-09T13:20:20.175+0000] {processor.py:840} INFO - DAG(s) 'example_xcom' retrieved from /home/airflow/.local/lib/python3.11/site-packages/airflow/example_dags/example_xcom.py
[2024-07-09T13:20:20.199+0000] {logging_mixin.py:188} INFO - [2024-07-09T13:20:20.199+0000] {dag.py:3047} INFO - Sync 1 DAGs
[2024-07-09T13:20:20.220+0000] {logging_mixin.py:188} INFO - [2024-07-09T13:20:20.220+0000] {dag.py:3834} INFO - Setting next_dagrun for example_xcom to 2021-01-01 00:00:00+00:00, run_after=2021-01-01 00:00:00+00:00
[2024-07-09T13:20:20.372+0000] {processor.py:183} INFO - Processing /home/airflow/.local/lib/python3.11/site-packages/airflow/example_dags/example_xcom.py took 0.209 seconds
[2024-07-09T13:20:51.258+0000] {processor.py:161} INFO - Started process (PID=1272) to work on /home/airflow/.local/lib/python3.11/site-packages/airflow/example_dags/example_xcom.py
[2024-07-09T13:20:51.259+0000] {processor.py:830} INFO - Processing file /home/airflow/.local/lib/python3.11/site-packages/airflow/example_dags/example_xcom.py for tasks to queue
[2024-07-09T13:20:51.260+0000] {logging_mixin.py:188} INFO - [2024-07-09T13:20:51.260+0000] {dagbag.py:540} INFO - Filling up the DagBag from /home/airflow/.local/lib/python3.11/site-packages/airflow/example_dags/example_xcom.py
[2024-07-09T13:20:51.270+0000] {processor.py:840} INFO - DAG(s) 'example_xcom' retrieved from /home/airflow/.local/lib/python3.11/site-packages/airflow/example_dags/example_xcom.py
[2024-07-09T13:20:51.312+0000] {logging_mixin.py:188} INFO - [2024-07-09T13:20:51.311+0000] {dag.py:3047} INFO - Sync 1 DAGs
[2024-07-09T13:20:51.340+0000] {logging_mixin.py:188} INFO - [2024-07-09T13:20:51.340+0000] {dag.py:3834} INFO - Setting next_dagrun for example_xcom to 2021-01-01 00:00:00+00:00, run_after=2021-01-01 00:00:00+00:00
[2024-07-09T13:20:51.360+0000] {processor.py:183} INFO - Processing /home/airflow/.local/lib/python3.11/site-packages/airflow/example_dags/example_xcom.py took 0.105 seconds
[2024-07-09T13:21:22.246+0000] {processor.py:161} INFO - Started process (PID=1541) to work on /home/airflow/.local/lib/python3.11/site-packages/airflow/example_dags/example_xcom.py
[2024-07-09T13:21:22.247+0000] {processor.py:830} INFO - Processing file /home/airflow/.local/lib/python3.11/site-packages/airflow/example_dags/example_xcom.py for tasks to queue
[2024-07-09T13:21:22.248+0000] {logging_mixin.py:188} INFO - [2024-07-09T13:21:22.248+0000] {dagbag.py:540} INFO - Filling up the DagBag from /home/airflow/.local/lib/python3.11/site-packages/airflow/example_dags/example_xcom.py
[2024-07-09T13:21:22.255+0000] {processor.py:840} INFO - DAG(s) 'example_xcom' retrieved from /home/airflow/.local/lib/python3.11/site-packages/airflow/example_dags/example_xcom.py
[2024-07-09T13:21:22.277+0000] {logging_mixin.py:188} INFO - [2024-07-09T13:21:22.277+0000] {dag.py:3047} INFO - Sync 1 DAGs
[2024-07-09T13:21:22.294+0000] {logging_mixin.py:188} INFO - [2024-07-09T13:21:22.294+0000] {dag.py:3834} INFO - Setting next_dagrun for example_xcom to 2021-01-01 00:00:00+00:00, run_after=2021-01-01 00:00:00+00:00
[2024-07-09T13:21:22.310+0000] {processor.py:183} INFO - Processing /home/airflow/.local/lib/python3.11/site-packages/airflow/example_dags/example_xcom.py took 0.067 seconds
[2024-07-09T13:21:52.880+0000] {processor.py:161} INFO - Started process (PID=1811) to work on /home/airflow/.local/lib/python3.11/site-packages/airflow/example_dags/example_xcom.py
[2024-07-09T13:21:52.881+0000] {processor.py:830} INFO - Processing file /home/airflow/.local/lib/python3.11/site-packages/airflow/example_dags/example_xcom.py for tasks to queue
[2024-07-09T13:21:52.881+0000] {logging_mixin.py:188} INFO - [2024-07-09T13:21:52.881+0000] {dagbag.py:540} INFO - Filling up the DagBag from /home/airflow/.local/lib/python3.11/site-packages/airflow/example_dags/example_xcom.py
[2024-07-09T13:21:52.888+0000] {processor.py:840} INFO - DAG(s) 'example_xcom' retrieved from /home/airflow/.local/lib/python3.11/site-packages/airflow/example_dags/example_xcom.py
[2024-07-09T13:21:52.909+0000] {logging_mixin.py:188} INFO - [2024-07-09T13:21:52.909+0000] {dag.py:3047} INFO - Sync 1 DAGs
[2024-07-09T13:21:52.926+0000] {logging_mixin.py:188} INFO - [2024-07-09T13:21:52.926+0000] {dag.py:3834} INFO - Setting next_dagrun for example_xcom to 2021-01-01 00:00:00+00:00, run_after=2021-01-01 00:00:00+00:00
[2024-07-09T13:21:52.941+0000] {processor.py:183} INFO - Processing /home/airflow/.local/lib/python3.11/site-packages/airflow/example_dags/example_xcom.py took 0.064 seconds
[2024-07-09T13:22:23.692+0000] {processor.py:161} INFO - Started process (PID=2081) to work on /home/airflow/.local/lib/python3.11/site-packages/airflow/example_dags/example_xcom.py
[2024-07-09T13:22:23.693+0000] {processor.py:830} INFO - Processing file /home/airflow/.local/lib/python3.11/site-packages/airflow/example_dags/example_xcom.py for tasks to queue
[2024-07-09T13:22:23.694+0000] {logging_mixin.py:188} INFO - [2024-07-09T13:22:23.693+0000] {dagbag.py:540} INFO - Filling up the DagBag from /home/airflow/.local/lib/python3.11/site-packages/airflow/example_dags/example_xcom.py
[2024-07-09T13:22:23.700+0000] {processor.py:840} INFO - DAG(s) 'example_xcom' retrieved from /home/airflow/.local/lib/python3.11/site-packages/airflow/example_dags/example_xcom.py
[2024-07-09T13:22:23.722+0000] {logging_mixin.py:188} INFO - [2024-07-09T13:22:23.722+0000] {dag.py:3047} INFO - Sync 1 DAGs
[2024-07-09T13:22:23.740+0000] {logging_mixin.py:188} INFO - [2024-07-09T13:22:23.740+0000] {dag.py:3834} INFO - Setting next_dagrun for example_xcom to 2021-01-01 00:00:00+00:00, run_after=2021-01-01 00:00:00+00:00
[2024-07-09T13:22:23.755+0000] {processor.py:183} INFO - Processing /home/airflow/.local/lib/python3.11/site-packages/airflow/example_dags/example_xcom.py took 0.065 seconds
[2024-07-09T13:22:54.427+0000] {processor.py:161} INFO - Started process (PID=2351) to work on /home/airflow/.local/lib/python3.11/site-packages/airflow/example_dags/example_xcom.py
[2024-07-09T13:22:54.428+0000] {processor.py:830} INFO - Processing file /home/airflow/.local/lib/python3.11/site-packages/airflow/example_dags/example_xcom.py for tasks to queue
[2024-07-09T13:22:54.429+0000] {logging_mixin.py:188} INFO - [2024-07-09T13:22:54.428+0000] {dagbag.py:540} INFO - Filling up the DagBag from /home/airflow/.local/lib/python3.11/site-packages/airflow/example_dags/example_xcom.py
[2024-07-09T13:22:54.435+0000] {processor.py:840} INFO - DAG(s) 'example_xcom' retrieved from /home/airflow/.local/lib/python3.11/site-packages/airflow/example_dags/example_xcom.py
[2024-07-09T13:22:54.457+0000] {logging_mixin.py:188} INFO - [2024-07-09T13:22:54.457+0000] {dag.py:3047} INFO - Sync 1 DAGs
[2024-07-09T13:22:54.474+0000] {logging_mixin.py:188} INFO - [2024-07-09T13:22:54.474+0000] {dag.py:3834} INFO - Setting next_dagrun for example_xcom to 2021-01-01 00:00:00+00:00, run_after=2021-01-01 00:00:00+00:00
[2024-07-09T13:22:54.491+0000] {processor.py:183} INFO - Processing /home/airflow/.local/lib/python3.11/site-packages/airflow/example_dags/example_xcom.py took 0.066 seconds
[2024-07-09T13:23:25.211+0000] {processor.py:161} INFO - Started process (PID=2621) to work on /home/airflow/.local/lib/python3.11/site-packages/airflow/example_dags/example_xcom.py
[2024-07-09T13:23:25.213+0000] {processor.py:830} INFO - Processing file /home/airflow/.local/lib/python3.11/site-packages/airflow/example_dags/example_xcom.py for tasks to queue
[2024-07-09T13:23:25.213+0000] {logging_mixin.py:188} INFO - [2024-07-09T13:23:25.213+0000] {dagbag.py:540} INFO - Filling up the DagBag from /home/airflow/.local/lib/python3.11/site-packages/airflow/example_dags/example_xcom.py
[2024-07-09T13:23:25.220+0000] {processor.py:840} INFO - DAG(s) 'example_xcom' retrieved from /home/airflow/.local/lib/python3.11/site-packages/airflow/example_dags/example_xcom.py
[2024-07-09T13:23:25.243+0000] {logging_mixin.py:188} INFO - [2024-07-09T13:23:25.242+0000] {dag.py:3047} INFO - Sync 1 DAGs
[2024-07-09T13:23:25.262+0000] {logging_mixin.py:188} INFO - [2024-07-09T13:23:25.262+0000] {dag.py:3834} INFO - Setting next_dagrun for example_xcom to 2021-01-01 00:00:00+00:00, run_after=2021-01-01 00:00:00+00:00
[2024-07-09T13:23:25.279+0000] {processor.py:183} INFO - Processing /home/airflow/.local/lib/python3.11/site-packages/airflow/example_dags/example_xcom.py took 0.071 seconds
[2024-07-09T13:23:55.966+0000] {processor.py:161} INFO - Started process (PID=2891) to work on /home/airflow/.local/lib/python3.11/site-packages/airflow/example_dags/example_xcom.py
[2024-07-09T13:23:55.967+0000] {processor.py:830} INFO - Processing file /home/airflow/.local/lib/python3.11/site-packages/airflow/example_dags/example_xcom.py for tasks to queue
[2024-07-09T13:23:55.968+0000] {logging_mixin.py:188} INFO - [2024-07-09T13:23:55.968+0000] {dagbag.py:540} INFO - Filling up the DagBag from /home/airflow/.local/lib/python3.11/site-packages/airflow/example_dags/example_xcom.py
[2024-07-09T13:23:55.974+0000] {processor.py:840} INFO - DAG(s) 'example_xcom' retrieved from /home/airflow/.local/lib/python3.11/site-packages/airflow/example_dags/example_xcom.py
[2024-07-09T13:23:55.996+0000] {logging_mixin.py:188} INFO - [2024-07-09T13:23:55.995+0000] {dag.py:3047} INFO - Sync 1 DAGs
[2024-07-09T13:23:56.012+0000] {logging_mixin.py:188} INFO - [2024-07-09T13:23:56.012+0000] {dag.py:3834} INFO - Setting next_dagrun for example_xcom to 2021-01-01 00:00:00+00:00, run_after=2021-01-01 00:00:00+00:00
[2024-07-09T13:23:56.027+0000] {processor.py:183} INFO - Processing /home/airflow/.local/lib/python3.11/site-packages/airflow/example_dags/example_xcom.py took 0.064 seconds
[2024-07-09T13:24:26.636+0000] {processor.py:161} INFO - Started process (PID=3161) to work on /home/airflow/.local/lib/python3.11/site-packages/airflow/example_dags/example_xcom.py
[2024-07-09T13:24:26.637+0000] {processor.py:830} INFO - Processing file /home/airflow/.local/lib/python3.11/site-packages/airflow/example_dags/example_xcom.py for tasks to queue
[2024-07-09T13:24:26.638+0000] {logging_mixin.py:188} INFO - [2024-07-09T13:24:26.637+0000] {dagbag.py:540} INFO - Filling up the DagBag from /home/airflow/.local/lib/python3.11/site-packages/airflow/example_dags/example_xcom.py
[2024-07-09T13:24:26.644+0000] {processor.py:840} INFO - DAG(s) 'example_xcom' retrieved from /home/airflow/.local/lib/python3.11/site-packages/airflow/example_dags/example_xcom.py
[2024-07-09T13:24:26.665+0000] {logging_mixin.py:188} INFO - [2024-07-09T13:24:26.665+0000] {dag.py:3047} INFO - Sync 1 DAGs
[2024-07-09T13:24:26.681+0000] {logging_mixin.py:188} INFO - [2024-07-09T13:24:26.681+0000] {dag.py:3834} INFO - Setting next_dagrun for example_xcom to 2021-01-01 00:00:00+00:00, run_after=2021-01-01 00:00:00+00:00
[2024-07-09T13:24:26.696+0000] {processor.py:183} INFO - Processing /home/airflow/.local/lib/python3.11/site-packages/airflow/example_dags/example_xcom.py took 0.063 seconds
[2024-07-09T13:24:57.358+0000] {processor.py:161} INFO - Started process (PID=3431) to work on /home/airflow/.local/lib/python3.11/site-packages/airflow/example_dags/example_xcom.py
[2024-07-09T13:24:57.359+0000] {processor.py:830} INFO - Processing file /home/airflow/.local/lib/python3.11/site-packages/airflow/example_dags/example_xcom.py for tasks to queue
[2024-07-09T13:24:57.360+0000] {logging_mixin.py:188} INFO - [2024-07-09T13:24:57.360+0000] {dagbag.py:540} INFO - Filling up the DagBag from /home/airflow/.local/lib/python3.11/site-packages/airflow/example_dags/example_xcom.py
[2024-07-09T13:24:57.366+0000] {processor.py:840} INFO - DAG(s) 'example_xcom' retrieved from /home/airflow/.local/lib/python3.11/site-packages/airflow/example_dags/example_xcom.py
[2024-07-09T13:24:57.387+0000] {logging_mixin.py:188} INFO - [2024-07-09T13:24:57.387+0000] {dag.py:3047} INFO - Sync 1 DAGs
[2024-07-09T13:24:57.404+0000] {logging_mixin.py:188} INFO - [2024-07-09T13:24:57.404+0000] {dag.py:3834} INFO - Setting next_dagrun for example_xcom to 2021-01-01 00:00:00+00:00, run_after=2021-01-01 00:00:00+00:00
[2024-07-09T13:24:57.419+0000] {processor.py:183} INFO - Processing /home/airflow/.local/lib/python3.11/site-packages/airflow/example_dags/example_xcom.py took 0.063 seconds
[2024-07-09T13:26:08.400+0000] {processor.py:161} INFO - Started process (PID=207) to work on /home/airflow/.local/lib/python3.11/site-packages/airflow/example_dags/example_xcom.py
[2024-07-09T13:26:08.401+0000] {processor.py:830} INFO - Processing file /home/airflow/.local/lib/python3.11/site-packages/airflow/example_dags/example_xcom.py for tasks to queue
[2024-07-09T13:26:08.402+0000] {logging_mixin.py:188} INFO - [2024-07-09T13:26:08.401+0000] {dagbag.py:540} INFO - Filling up the DagBag from /home/airflow/.local/lib/python3.11/site-packages/airflow/example_dags/example_xcom.py
[2024-07-09T13:26:08.412+0000] {processor.py:840} INFO - DAG(s) 'example_xcom' retrieved from /home/airflow/.local/lib/python3.11/site-packages/airflow/example_dags/example_xcom.py
[2024-07-09T13:26:08.504+0000] {logging_mixin.py:188} INFO - [2024-07-09T13:26:08.504+0000] {override.py:1769} INFO - Created Permission View: can delete on DAG:example_xcom
[2024-07-09T13:26:08.514+0000] {logging_mixin.py:188} INFO - [2024-07-09T13:26:08.514+0000] {override.py:1769} INFO - Created Permission View: can read on DAG:example_xcom
[2024-07-09T13:26:08.521+0000] {logging_mixin.py:188} INFO - [2024-07-09T13:26:08.521+0000] {override.py:1769} INFO - Created Permission View: can edit on DAG:example_xcom
[2024-07-09T13:26:08.522+0000] {logging_mixin.py:188} INFO - [2024-07-09T13:26:08.522+0000] {dag.py:3047} INFO - Sync 1 DAGs
[2024-07-09T13:26:08.530+0000] {logging_mixin.py:188} INFO - [2024-07-09T13:26:08.530+0000] {dag.py:3069} INFO - Creating ORM DAG for example_xcom
[2024-07-09T13:26:08.538+0000] {logging_mixin.py:188} INFO - [2024-07-09T13:26:08.538+0000] {dag.py:3834} INFO - Setting next_dagrun for example_xcom to 2021-01-01 00:00:00+00:00, run_after=2021-01-01 00:00:00+00:00
[2024-07-09T13:26:08.551+0000] {processor.py:183} INFO - Processing /home/airflow/.local/lib/python3.11/site-packages/airflow/example_dags/example_xcom.py took 0.154 seconds
[2024-07-09T13:26:39.186+0000] {processor.py:161} INFO - Started process (PID=475) to work on /home/airflow/.local/lib/python3.11/site-packages/airflow/example_dags/example_xcom.py
[2024-07-09T13:26:39.187+0000] {processor.py:830} INFO - Processing file /home/airflow/.local/lib/python3.11/site-packages/airflow/example_dags/example_xcom.py for tasks to queue
[2024-07-09T13:26:39.188+0000] {logging_mixin.py:188} INFO - [2024-07-09T13:26:39.188+0000] {dagbag.py:540} INFO - Filling up the DagBag from /home/airflow/.local/lib/python3.11/site-packages/airflow/example_dags/example_xcom.py
[2024-07-09T13:26:39.196+0000] {processor.py:840} INFO - DAG(s) 'example_xcom' retrieved from /home/airflow/.local/lib/python3.11/site-packages/airflow/example_dags/example_xcom.py
[2024-07-09T13:26:39.219+0000] {logging_mixin.py:188} INFO - [2024-07-09T13:26:39.218+0000] {dag.py:3047} INFO - Sync 1 DAGs
[2024-07-09T13:26:39.238+0000] {logging_mixin.py:188} INFO - [2024-07-09T13:26:39.237+0000] {dag.py:3834} INFO - Setting next_dagrun for example_xcom to 2021-01-01 00:00:00+00:00, run_after=2021-01-01 00:00:00+00:00
[2024-07-09T13:26:39.255+0000] {processor.py:183} INFO - Processing /home/airflow/.local/lib/python3.11/site-packages/airflow/example_dags/example_xcom.py took 0.071 seconds
[2024-07-09T13:27:09.776+0000] {processor.py:161} INFO - Started process (PID=745) to work on /home/airflow/.local/lib/python3.11/site-packages/airflow/example_dags/example_xcom.py
[2024-07-09T13:27:09.777+0000] {processor.py:830} INFO - Processing file /home/airflow/.local/lib/python3.11/site-packages/airflow/example_dags/example_xcom.py for tasks to queue
[2024-07-09T13:27:09.778+0000] {logging_mixin.py:188} INFO - [2024-07-09T13:27:09.777+0000] {dagbag.py:540} INFO - Filling up the DagBag from /home/airflow/.local/lib/python3.11/site-packages/airflow/example_dags/example_xcom.py
[2024-07-09T13:27:09.784+0000] {processor.py:840} INFO - DAG(s) 'example_xcom' retrieved from /home/airflow/.local/lib/python3.11/site-packages/airflow/example_dags/example_xcom.py
[2024-07-09T13:27:09.806+0000] {logging_mixin.py:188} INFO - [2024-07-09T13:27:09.806+0000] {dag.py:3047} INFO - Sync 1 DAGs
[2024-07-09T13:27:09.823+0000] {logging_mixin.py:188} INFO - [2024-07-09T13:27:09.823+0000] {dag.py:3834} INFO - Setting next_dagrun for example_xcom to 2021-01-01 00:00:00+00:00, run_after=2021-01-01 00:00:00+00:00
[2024-07-09T13:27:09.840+0000] {processor.py:183} INFO - Processing /home/airflow/.local/lib/python3.11/site-packages/airflow/example_dags/example_xcom.py took 0.066 seconds
[2024-07-09T13:27:40.158+0000] {processor.py:161} INFO - Started process (PID=1002) to work on /home/airflow/.local/lib/python3.11/site-packages/airflow/example_dags/example_xcom.py
[2024-07-09T13:27:40.159+0000] {processor.py:830} INFO - Processing file /home/airflow/.local/lib/python3.11/site-packages/airflow/example_dags/example_xcom.py for tasks to queue
[2024-07-09T13:27:40.160+0000] {logging_mixin.py:188} INFO - [2024-07-09T13:27:40.160+0000] {dagbag.py:540} INFO - Filling up the DagBag from /home/airflow/.local/lib/python3.11/site-packages/airflow/example_dags/example_xcom.py
[2024-07-09T13:27:40.167+0000] {processor.py:840} INFO - DAG(s) 'example_xcom' retrieved from /home/airflow/.local/lib/python3.11/site-packages/airflow/example_dags/example_xcom.py
[2024-07-09T13:27:40.189+0000] {logging_mixin.py:188} INFO - [2024-07-09T13:27:40.189+0000] {dag.py:3047} INFO - Sync 1 DAGs
[2024-07-09T13:27:40.206+0000] {logging_mixin.py:188} INFO - [2024-07-09T13:27:40.206+0000] {dag.py:3834} INFO - Setting next_dagrun for example_xcom to 2021-01-01 00:00:00+00:00, run_after=2021-01-01 00:00:00+00:00
[2024-07-09T13:27:40.322+0000] {processor.py:183} INFO - Processing /home/airflow/.local/lib/python3.11/site-packages/airflow/example_dags/example_xcom.py took 0.166 seconds
[2024-07-09T13:28:11.196+0000] {processor.py:161} INFO - Started process (PID=1272) to work on /home/airflow/.local/lib/python3.11/site-packages/airflow/example_dags/example_xcom.py
[2024-07-09T13:28:11.197+0000] {processor.py:830} INFO - Processing file /home/airflow/.local/lib/python3.11/site-packages/airflow/example_dags/example_xcom.py for tasks to queue
[2024-07-09T13:28:11.198+0000] {logging_mixin.py:188} INFO - [2024-07-09T13:28:11.197+0000] {dagbag.py:540} INFO - Filling up the DagBag from /home/airflow/.local/lib/python3.11/site-packages/airflow/example_dags/example_xcom.py
[2024-07-09T13:28:11.205+0000] {processor.py:840} INFO - DAG(s) 'example_xcom' retrieved from /home/airflow/.local/lib/python3.11/site-packages/airflow/example_dags/example_xcom.py
[2024-07-09T13:28:11.228+0000] {logging_mixin.py:188} INFO - [2024-07-09T13:28:11.227+0000] {dag.py:3047} INFO - Sync 1 DAGs
[2024-07-09T13:28:11.245+0000] {logging_mixin.py:188} INFO - [2024-07-09T13:28:11.245+0000] {dag.py:3834} INFO - Setting next_dagrun for example_xcom to 2021-01-01 00:00:00+00:00, run_after=2021-01-01 00:00:00+00:00
[2024-07-09T13:28:11.263+0000] {processor.py:183} INFO - Processing /home/airflow/.local/lib/python3.11/site-packages/airflow/example_dags/example_xcom.py took 0.070 seconds
[2024-07-09T13:28:41.650+0000] {processor.py:161} INFO - Started process (PID=1539) to work on /home/airflow/.local/lib/python3.11/site-packages/airflow/example_dags/example_xcom.py
[2024-07-09T13:28:41.651+0000] {processor.py:830} INFO - Processing file /home/airflow/.local/lib/python3.11/site-packages/airflow/example_dags/example_xcom.py for tasks to queue
[2024-07-09T13:28:41.651+0000] {logging_mixin.py:188} INFO - [2024-07-09T13:28:41.651+0000] {dagbag.py:540} INFO - Filling up the DagBag from /home/airflow/.local/lib/python3.11/site-packages/airflow/example_dags/example_xcom.py
[2024-07-09T13:28:41.658+0000] {processor.py:840} INFO - DAG(s) 'example_xcom' retrieved from /home/airflow/.local/lib/python3.11/site-packages/airflow/example_dags/example_xcom.py
[2024-07-09T13:28:41.679+0000] {logging_mixin.py:188} INFO - [2024-07-09T13:28:41.679+0000] {dag.py:3047} INFO - Sync 1 DAGs
[2024-07-09T13:28:41.696+0000] {logging_mixin.py:188} INFO - [2024-07-09T13:28:41.696+0000] {dag.py:3834} INFO - Setting next_dagrun for example_xcom to 2021-01-01 00:00:00+00:00, run_after=2021-01-01 00:00:00+00:00
[2024-07-09T13:28:41.712+0000] {processor.py:183} INFO - Processing /home/airflow/.local/lib/python3.11/site-packages/airflow/example_dags/example_xcom.py took 0.065 seconds
[2024-07-09T13:29:12.109+0000] {processor.py:161} INFO - Started process (PID=1809) to work on /home/airflow/.local/lib/python3.11/site-packages/airflow/example_dags/example_xcom.py
[2024-07-09T13:29:12.110+0000] {processor.py:830} INFO - Processing file /home/airflow/.local/lib/python3.11/site-packages/airflow/example_dags/example_xcom.py for tasks to queue
[2024-07-09T13:29:12.111+0000] {logging_mixin.py:188} INFO - [2024-07-09T13:29:12.111+0000] {dagbag.py:540} INFO - Filling up the DagBag from /home/airflow/.local/lib/python3.11/site-packages/airflow/example_dags/example_xcom.py
[2024-07-09T13:29:12.118+0000] {processor.py:840} INFO - DAG(s) 'example_xcom' retrieved from /home/airflow/.local/lib/python3.11/site-packages/airflow/example_dags/example_xcom.py
[2024-07-09T13:29:12.139+0000] {logging_mixin.py:188} INFO - [2024-07-09T13:29:12.138+0000] {dag.py:3047} INFO - Sync 1 DAGs
[2024-07-09T13:29:12.155+0000] {logging_mixin.py:188} INFO - [2024-07-09T13:29:12.155+0000] {dag.py:3834} INFO - Setting next_dagrun for example_xcom to 2021-01-01 00:00:00+00:00, run_after=2021-01-01 00:00:00+00:00
[2024-07-09T13:29:12.172+0000] {processor.py:183} INFO - Processing /home/airflow/.local/lib/python3.11/site-packages/airflow/example_dags/example_xcom.py took 0.065 seconds
[2024-07-09T13:29:42.484+0000] {processor.py:161} INFO - Started process (PID=2079) to work on /home/airflow/.local/lib/python3.11/site-packages/airflow/example_dags/example_xcom.py
[2024-07-09T13:29:42.485+0000] {processor.py:830} INFO - Processing file /home/airflow/.local/lib/python3.11/site-packages/airflow/example_dags/example_xcom.py for tasks to queue
[2024-07-09T13:29:42.486+0000] {logging_mixin.py:188} INFO - [2024-07-09T13:29:42.486+0000] {dagbag.py:540} INFO - Filling up the DagBag from /home/airflow/.local/lib/python3.11/site-packages/airflow/example_dags/example_xcom.py
[2024-07-09T13:29:42.493+0000] {processor.py:840} INFO - DAG(s) 'example_xcom' retrieved from /home/airflow/.local/lib/python3.11/site-packages/airflow/example_dags/example_xcom.py
[2024-07-09T13:29:42.515+0000] {logging_mixin.py:188} INFO - [2024-07-09T13:29:42.514+0000] {dag.py:3047} INFO - Sync 1 DAGs
[2024-07-09T13:29:42.531+0000] {logging_mixin.py:188} INFO - [2024-07-09T13:29:42.530+0000] {dag.py:3834} INFO - Setting next_dagrun for example_xcom to 2021-01-01 00:00:00+00:00, run_after=2021-01-01 00:00:00+00:00
[2024-07-09T13:29:42.546+0000] {processor.py:183} INFO - Processing /home/airflow/.local/lib/python3.11/site-packages/airflow/example_dags/example_xcom.py took 0.066 seconds
[2024-07-09T13:31:36.614+0000] {processor.py:161} INFO - Started process (PID=206) to work on /home/airflow/.local/lib/python3.11/site-packages/airflow/example_dags/example_xcom.py
[2024-07-09T13:31:36.615+0000] {processor.py:830} INFO - Processing file /home/airflow/.local/lib/python3.11/site-packages/airflow/example_dags/example_xcom.py for tasks to queue
[2024-07-09T13:31:36.616+0000] {logging_mixin.py:188} INFO - [2024-07-09T13:31:36.615+0000] {dagbag.py:540} INFO - Filling up the DagBag from /home/airflow/.local/lib/python3.11/site-packages/airflow/example_dags/example_xcom.py
[2024-07-09T13:31:36.626+0000] {processor.py:840} INFO - DAG(s) 'example_xcom' retrieved from /home/airflow/.local/lib/python3.11/site-packages/airflow/example_dags/example_xcom.py
[2024-07-09T13:31:36.725+0000] {logging_mixin.py:188} INFO - [2024-07-09T13:31:36.724+0000] {override.py:1769} INFO - Created Permission View: can edit on DAG:example_xcom
[2024-07-09T13:31:36.735+0000] {logging_mixin.py:188} INFO - [2024-07-09T13:31:36.735+0000] {override.py:1769} INFO - Created Permission View: can delete on DAG:example_xcom
[2024-07-09T13:31:36.742+0000] {logging_mixin.py:188} INFO - [2024-07-09T13:31:36.742+0000] {override.py:1769} INFO - Created Permission View: can read on DAG:example_xcom
[2024-07-09T13:31:36.743+0000] {logging_mixin.py:188} INFO - [2024-07-09T13:31:36.742+0000] {dag.py:3047} INFO - Sync 1 DAGs
[2024-07-09T13:31:36.751+0000] {logging_mixin.py:188} INFO - [2024-07-09T13:31:36.751+0000] {dag.py:3069} INFO - Creating ORM DAG for example_xcom
[2024-07-09T13:31:36.759+0000] {logging_mixin.py:188} INFO - [2024-07-09T13:31:36.759+0000] {dag.py:3834} INFO - Setting next_dagrun for example_xcom to 2021-01-01 00:00:00+00:00, run_after=2021-01-01 00:00:00+00:00
[2024-07-09T13:31:36.774+0000] {processor.py:183} INFO - Processing /home/airflow/.local/lib/python3.11/site-packages/airflow/example_dags/example_xcom.py took 0.163 seconds
[2024-07-09T13:32:06.912+0000] {processor.py:161} INFO - Started process (PID=474) to work on /home/airflow/.local/lib/python3.11/site-packages/airflow/example_dags/example_xcom.py
[2024-07-09T13:32:06.913+0000] {processor.py:830} INFO - Processing file /home/airflow/.local/lib/python3.11/site-packages/airflow/example_dags/example_xcom.py for tasks to queue
[2024-07-09T13:32:06.914+0000] {logging_mixin.py:188} INFO - [2024-07-09T13:32:06.914+0000] {dagbag.py:540} INFO - Filling up the DagBag from /home/airflow/.local/lib/python3.11/site-packages/airflow/example_dags/example_xcom.py
[2024-07-09T13:32:06.920+0000] {processor.py:840} INFO - DAG(s) 'example_xcom' retrieved from /home/airflow/.local/lib/python3.11/site-packages/airflow/example_dags/example_xcom.py
[2024-07-09T13:32:06.942+0000] {logging_mixin.py:188} INFO - [2024-07-09T13:32:06.942+0000] {dag.py:3047} INFO - Sync 1 DAGs
[2024-07-09T13:32:06.959+0000] {logging_mixin.py:188} INFO - [2024-07-09T13:32:06.959+0000] {dag.py:3834} INFO - Setting next_dagrun for example_xcom to 2021-01-01 00:00:00+00:00, run_after=2021-01-01 00:00:00+00:00
[2024-07-09T13:32:06.975+0000] {processor.py:183} INFO - Processing /home/airflow/.local/lib/python3.11/site-packages/airflow/example_dags/example_xcom.py took 0.065 seconds
[2024-07-09T13:32:37.025+0000] {processor.py:161} INFO - Started process (PID=731) to work on /home/airflow/.local/lib/python3.11/site-packages/airflow/example_dags/example_xcom.py
[2024-07-09T13:32:37.026+0000] {processor.py:830} INFO - Processing file /home/airflow/.local/lib/python3.11/site-packages/airflow/example_dags/example_xcom.py for tasks to queue
[2024-07-09T13:32:37.027+0000] {logging_mixin.py:188} INFO - [2024-07-09T13:32:37.027+0000] {dagbag.py:540} INFO - Filling up the DagBag from /home/airflow/.local/lib/python3.11/site-packages/airflow/example_dags/example_xcom.py
[2024-07-09T13:32:37.033+0000] {processor.py:840} INFO - DAG(s) 'example_xcom' retrieved from /home/airflow/.local/lib/python3.11/site-packages/airflow/example_dags/example_xcom.py
[2024-07-09T13:32:37.056+0000] {logging_mixin.py:188} INFO - [2024-07-09T13:32:37.056+0000] {dag.py:3047} INFO - Sync 1 DAGs
[2024-07-09T13:32:37.074+0000] {logging_mixin.py:188} INFO - [2024-07-09T13:32:37.074+0000] {dag.py:3834} INFO - Setting next_dagrun for example_xcom to 2021-01-01 00:00:00+00:00, run_after=2021-01-01 00:00:00+00:00
[2024-07-09T13:32:37.092+0000] {processor.py:183} INFO - Processing /home/airflow/.local/lib/python3.11/site-packages/airflow/example_dags/example_xcom.py took 0.069 seconds
[2024-07-09T13:33:07.323+0000] {processor.py:161} INFO - Started process (PID=998) to work on /home/airflow/.local/lib/python3.11/site-packages/airflow/example_dags/example_xcom.py
[2024-07-09T13:33:07.324+0000] {processor.py:830} INFO - Processing file /home/airflow/.local/lib/python3.11/site-packages/airflow/example_dags/example_xcom.py for tasks to queue
[2024-07-09T13:33:07.324+0000] {logging_mixin.py:188} INFO - [2024-07-09T13:33:07.324+0000] {dagbag.py:540} INFO - Filling up the DagBag from /home/airflow/.local/lib/python3.11/site-packages/airflow/example_dags/example_xcom.py
[2024-07-09T13:33:07.331+0000] {processor.py:840} INFO - DAG(s) 'example_xcom' retrieved from /home/airflow/.local/lib/python3.11/site-packages/airflow/example_dags/example_xcom.py
[2024-07-09T13:33:07.353+0000] {logging_mixin.py:188} INFO - [2024-07-09T13:33:07.353+0000] {dag.py:3047} INFO - Sync 1 DAGs
[2024-07-09T13:33:07.492+0000] {logging_mixin.py:188} INFO - [2024-07-09T13:33:07.491+0000] {dag.py:3834} INFO - Setting next_dagrun for example_xcom to 2021-01-01 00:00:00+00:00, run_after=2021-01-01 00:00:00+00:00
[2024-07-09T13:33:07.509+0000] {processor.py:183} INFO - Processing /home/airflow/.local/lib/python3.11/site-packages/airflow/example_dags/example_xcom.py took 0.189 seconds
[2024-07-09T13:33:37.573+0000] {processor.py:161} INFO - Started process (PID=1268) to work on /home/airflow/.local/lib/python3.11/site-packages/airflow/example_dags/example_xcom.py
[2024-07-09T13:33:37.574+0000] {processor.py:830} INFO - Processing file /home/airflow/.local/lib/python3.11/site-packages/airflow/example_dags/example_xcom.py for tasks to queue
[2024-07-09T13:33:37.575+0000] {logging_mixin.py:188} INFO - [2024-07-09T13:33:37.574+0000] {dagbag.py:540} INFO - Filling up the DagBag from /home/airflow/.local/lib/python3.11/site-packages/airflow/example_dags/example_xcom.py
[2024-07-09T13:33:37.582+0000] {processor.py:840} INFO - DAG(s) 'example_xcom' retrieved from /home/airflow/.local/lib/python3.11/site-packages/airflow/example_dags/example_xcom.py
[2024-07-09T13:33:37.604+0000] {logging_mixin.py:188} INFO - [2024-07-09T13:33:37.604+0000] {dag.py:3047} INFO - Sync 1 DAGs
[2024-07-09T13:33:37.623+0000] {logging_mixin.py:188} INFO - [2024-07-09T13:33:37.623+0000] {dag.py:3834} INFO - Setting next_dagrun for example_xcom to 2021-01-01 00:00:00+00:00, run_after=2021-01-01 00:00:00+00:00
[2024-07-09T13:33:37.641+0000] {processor.py:183} INFO - Processing /home/airflow/.local/lib/python3.11/site-packages/airflow/example_dags/example_xcom.py took 0.071 seconds
[2024-07-09T13:34:08.115+0000] {processor.py:161} INFO - Started process (PID=1538) to work on /home/airflow/.local/lib/python3.11/site-packages/airflow/example_dags/example_xcom.py
[2024-07-09T13:34:08.116+0000] {processor.py:830} INFO - Processing file /home/airflow/.local/lib/python3.11/site-packages/airflow/example_dags/example_xcom.py for tasks to queue
[2024-07-09T13:34:08.117+0000] {logging_mixin.py:188} INFO - [2024-07-09T13:34:08.116+0000] {dagbag.py:540} INFO - Filling up the DagBag from /home/airflow/.local/lib/python3.11/site-packages/airflow/example_dags/example_xcom.py
[2024-07-09T13:34:08.123+0000] {processor.py:840} INFO - DAG(s) 'example_xcom' retrieved from /home/airflow/.local/lib/python3.11/site-packages/airflow/example_dags/example_xcom.py
[2024-07-09T13:34:08.148+0000] {logging_mixin.py:188} INFO - [2024-07-09T13:34:08.147+0000] {dag.py:3047} INFO - Sync 1 DAGs
[2024-07-09T13:34:08.166+0000] {logging_mixin.py:188} INFO - [2024-07-09T13:34:08.166+0000] {dag.py:3834} INFO - Setting next_dagrun for example_xcom to 2021-01-01 00:00:00+00:00, run_after=2021-01-01 00:00:00+00:00
[2024-07-09T13:34:08.184+0000] {processor.py:183} INFO - Processing /home/airflow/.local/lib/python3.11/site-packages/airflow/example_dags/example_xcom.py took 0.072 seconds
[2024-07-09T13:34:38.456+0000] {processor.py:161} INFO - Started process (PID=1808) to work on /home/airflow/.local/lib/python3.11/site-packages/airflow/example_dags/example_xcom.py
[2024-07-09T13:34:38.457+0000] {processor.py:830} INFO - Processing file /home/airflow/.local/lib/python3.11/site-packages/airflow/example_dags/example_xcom.py for tasks to queue
[2024-07-09T13:34:38.457+0000] {logging_mixin.py:188} INFO - [2024-07-09T13:34:38.457+0000] {dagbag.py:540} INFO - Filling up the DagBag from /home/airflow/.local/lib/python3.11/site-packages/airflow/example_dags/example_xcom.py
[2024-07-09T13:34:38.464+0000] {processor.py:840} INFO - DAG(s) 'example_xcom' retrieved from /home/airflow/.local/lib/python3.11/site-packages/airflow/example_dags/example_xcom.py
[2024-07-09T13:34:38.485+0000] {logging_mixin.py:188} INFO - [2024-07-09T13:34:38.485+0000] {dag.py:3047} INFO - Sync 1 DAGs
[2024-07-09T13:34:38.501+0000] {logging_mixin.py:188} INFO - [2024-07-09T13:34:38.501+0000] {dag.py:3834} INFO - Setting next_dagrun for example_xcom to 2021-01-01 00:00:00+00:00, run_after=2021-01-01 00:00:00+00:00
[2024-07-09T13:34:38.518+0000] {processor.py:183} INFO - Processing /home/airflow/.local/lib/python3.11/site-packages/airflow/example_dags/example_xcom.py took 0.065 seconds
[2024-07-09T13:35:08.650+0000] {processor.py:161} INFO - Started process (PID=2076) to work on /home/airflow/.local/lib/python3.11/site-packages/airflow/example_dags/example_xcom.py
[2024-07-09T13:35:08.651+0000] {processor.py:830} INFO - Processing file /home/airflow/.local/lib/python3.11/site-packages/airflow/example_dags/example_xcom.py for tasks to queue
[2024-07-09T13:35:08.652+0000] {logging_mixin.py:188} INFO - [2024-07-09T13:35:08.652+0000] {dagbag.py:540} INFO - Filling up the DagBag from /home/airflow/.local/lib/python3.11/site-packages/airflow/example_dags/example_xcom.py
[2024-07-09T13:35:08.658+0000] {processor.py:840} INFO - DAG(s) 'example_xcom' retrieved from /home/airflow/.local/lib/python3.11/site-packages/airflow/example_dags/example_xcom.py
[2024-07-09T13:35:08.680+0000] {logging_mixin.py:188} INFO - [2024-07-09T13:35:08.680+0000] {dag.py:3047} INFO - Sync 1 DAGs
[2024-07-09T13:35:08.696+0000] {logging_mixin.py:188} INFO - [2024-07-09T13:35:08.696+0000] {dag.py:3834} INFO - Setting next_dagrun for example_xcom to 2021-01-01 00:00:00+00:00, run_after=2021-01-01 00:00:00+00:00
[2024-07-09T13:35:08.711+0000] {processor.py:183} INFO - Processing /home/airflow/.local/lib/python3.11/site-packages/airflow/example_dags/example_xcom.py took 0.064 seconds
[2024-07-09T13:35:39.036+0000] {processor.py:161} INFO - Started process (PID=2348) to work on /home/airflow/.local/lib/python3.11/site-packages/airflow/example_dags/example_xcom.py
[2024-07-09T13:35:39.037+0000] {processor.py:830} INFO - Processing file /home/airflow/.local/lib/python3.11/site-packages/airflow/example_dags/example_xcom.py for tasks to queue
[2024-07-09T13:35:39.038+0000] {logging_mixin.py:188} INFO - [2024-07-09T13:35:39.038+0000] {dagbag.py:540} INFO - Filling up the DagBag from /home/airflow/.local/lib/python3.11/site-packages/airflow/example_dags/example_xcom.py
[2024-07-09T13:35:39.044+0000] {processor.py:840} INFO - DAG(s) 'example_xcom' retrieved from /home/airflow/.local/lib/python3.11/site-packages/airflow/example_dags/example_xcom.py
[2024-07-09T13:35:39.065+0000] {logging_mixin.py:188} INFO - [2024-07-09T13:35:39.065+0000] {dag.py:3047} INFO - Sync 1 DAGs
[2024-07-09T13:35:39.082+0000] {logging_mixin.py:188} INFO - [2024-07-09T13:35:39.082+0000] {dag.py:3834} INFO - Setting next_dagrun for example_xcom to 2021-01-01 00:00:00+00:00, run_after=2021-01-01 00:00:00+00:00
[2024-07-09T13:35:39.097+0000] {processor.py:183} INFO - Processing /home/airflow/.local/lib/python3.11/site-packages/airflow/example_dags/example_xcom.py took 0.063 seconds
[2024-07-09T13:36:09.431+0000] {processor.py:161} INFO - Started process (PID=2618) to work on /home/airflow/.local/lib/python3.11/site-packages/airflow/example_dags/example_xcom.py
[2024-07-09T13:36:09.432+0000] {processor.py:830} INFO - Processing file /home/airflow/.local/lib/python3.11/site-packages/airflow/example_dags/example_xcom.py for tasks to queue
[2024-07-09T13:36:09.433+0000] {logging_mixin.py:188} INFO - [2024-07-09T13:36:09.432+0000] {dagbag.py:540} INFO - Filling up the DagBag from /home/airflow/.local/lib/python3.11/site-packages/airflow/example_dags/example_xcom.py
[2024-07-09T13:36:09.440+0000] {processor.py:840} INFO - DAG(s) 'example_xcom' retrieved from /home/airflow/.local/lib/python3.11/site-packages/airflow/example_dags/example_xcom.py
[2024-07-09T13:36:09.465+0000] {logging_mixin.py:188} INFO - [2024-07-09T13:36:09.465+0000] {dag.py:3047} INFO - Sync 1 DAGs
[2024-07-09T13:36:09.485+0000] {logging_mixin.py:188} INFO - [2024-07-09T13:36:09.485+0000] {dag.py:3834} INFO - Setting next_dagrun for example_xcom to 2021-01-01 00:00:00+00:00, run_after=2021-01-01 00:00:00+00:00
[2024-07-09T13:36:09.503+0000] {processor.py:183} INFO - Processing /home/airflow/.local/lib/python3.11/site-packages/airflow/example_dags/example_xcom.py took 0.075 seconds
[2024-07-09T13:36:39.763+0000] {processor.py:161} INFO - Started process (PID=2886) to work on /home/airflow/.local/lib/python3.11/site-packages/airflow/example_dags/example_xcom.py
[2024-07-09T13:36:39.764+0000] {processor.py:830} INFO - Processing file /home/airflow/.local/lib/python3.11/site-packages/airflow/example_dags/example_xcom.py for tasks to queue
[2024-07-09T13:36:39.765+0000] {logging_mixin.py:188} INFO - [2024-07-09T13:36:39.765+0000] {dagbag.py:540} INFO - Filling up the DagBag from /home/airflow/.local/lib/python3.11/site-packages/airflow/example_dags/example_xcom.py
[2024-07-09T13:36:39.771+0000] {processor.py:840} INFO - DAG(s) 'example_xcom' retrieved from /home/airflow/.local/lib/python3.11/site-packages/airflow/example_dags/example_xcom.py
[2024-07-09T13:36:39.792+0000] {logging_mixin.py:188} INFO - [2024-07-09T13:36:39.792+0000] {dag.py:3047} INFO - Sync 1 DAGs
[2024-07-09T13:36:39.809+0000] {logging_mixin.py:188} INFO - [2024-07-09T13:36:39.809+0000] {dag.py:3834} INFO - Setting next_dagrun for example_xcom to 2021-01-01 00:00:00+00:00, run_after=2021-01-01 00:00:00+00:00
[2024-07-09T13:36:39.824+0000] {processor.py:183} INFO - Processing /home/airflow/.local/lib/python3.11/site-packages/airflow/example_dags/example_xcom.py took 0.063 seconds
[2024-07-09T13:37:10.255+0000] {processor.py:161} INFO - Started process (PID=3158) to work on /home/airflow/.local/lib/python3.11/site-packages/airflow/example_dags/example_xcom.py
[2024-07-09T13:37:10.256+0000] {processor.py:830} INFO - Processing file /home/airflow/.local/lib/python3.11/site-packages/airflow/example_dags/example_xcom.py for tasks to queue
[2024-07-09T13:37:10.257+0000] {logging_mixin.py:188} INFO - [2024-07-09T13:37:10.256+0000] {dagbag.py:540} INFO - Filling up the DagBag from /home/airflow/.local/lib/python3.11/site-packages/airflow/example_dags/example_xcom.py
[2024-07-09T13:37:10.263+0000] {processor.py:840} INFO - DAG(s) 'example_xcom' retrieved from /home/airflow/.local/lib/python3.11/site-packages/airflow/example_dags/example_xcom.py
[2024-07-09T13:37:10.291+0000] {logging_mixin.py:188} INFO - [2024-07-09T13:37:10.291+0000] {dag.py:3047} INFO - Sync 1 DAGs
[2024-07-09T13:37:10.312+0000] {logging_mixin.py:188} INFO - [2024-07-09T13:37:10.312+0000] {dag.py:3834} INFO - Setting next_dagrun for example_xcom to 2021-01-01 00:00:00+00:00, run_after=2021-01-01 00:00:00+00:00
[2024-07-09T13:37:10.335+0000] {processor.py:183} INFO - Processing /home/airflow/.local/lib/python3.11/site-packages/airflow/example_dags/example_xcom.py took 0.084 seconds
[2024-07-09T13:46:09.514+0000] {processor.py:161} INFO - Started process (PID=204) to work on /home/airflow/.local/lib/python3.11/site-packages/airflow/example_dags/example_xcom.py
[2024-07-09T13:46:09.515+0000] {processor.py:830} INFO - Processing file /home/airflow/.local/lib/python3.11/site-packages/airflow/example_dags/example_xcom.py for tasks to queue
[2024-07-09T13:46:09.515+0000] {logging_mixin.py:188} INFO - [2024-07-09T13:46:09.515+0000] {dagbag.py:540} INFO - Filling up the DagBag from /home/airflow/.local/lib/python3.11/site-packages/airflow/example_dags/example_xcom.py
[2024-07-09T13:46:09.525+0000] {processor.py:840} INFO - DAG(s) 'example_xcom' retrieved from /home/airflow/.local/lib/python3.11/site-packages/airflow/example_dags/example_xcom.py
[2024-07-09T13:46:09.618+0000] {logging_mixin.py:188} INFO - [2024-07-09T13:46:09.618+0000] {override.py:1769} INFO - Created Permission View: can delete on DAG:example_xcom
[2024-07-09T13:46:09.627+0000] {logging_mixin.py:188} INFO - [2024-07-09T13:46:09.627+0000] {override.py:1769} INFO - Created Permission View: can read on DAG:example_xcom
[2024-07-09T13:46:09.634+0000] {logging_mixin.py:188} INFO - [2024-07-09T13:46:09.634+0000] {override.py:1769} INFO - Created Permission View: can edit on DAG:example_xcom
[2024-07-09T13:46:09.635+0000] {logging_mixin.py:188} INFO - [2024-07-09T13:46:09.635+0000] {dag.py:3047} INFO - Sync 1 DAGs
[2024-07-09T13:46:09.644+0000] {logging_mixin.py:188} INFO - [2024-07-09T13:46:09.644+0000] {dag.py:3069} INFO - Creating ORM DAG for example_xcom
[2024-07-09T13:46:09.652+0000] {logging_mixin.py:188} INFO - [2024-07-09T13:46:09.652+0000] {dag.py:3834} INFO - Setting next_dagrun for example_xcom to 2021-01-01 00:00:00+00:00, run_after=2021-01-01 00:00:00+00:00
[2024-07-09T13:46:09.666+0000] {processor.py:183} INFO - Processing /home/airflow/.local/lib/python3.11/site-packages/airflow/example_dags/example_xcom.py took 0.155 seconds
[2024-07-09T13:46:40.431+0000] {processor.py:161} INFO - Started process (PID=461) to work on /home/airflow/.local/lib/python3.11/site-packages/airflow/example_dags/example_xcom.py
[2024-07-09T13:46:40.432+0000] {processor.py:830} INFO - Processing file /home/airflow/.local/lib/python3.11/site-packages/airflow/example_dags/example_xcom.py for tasks to queue
[2024-07-09T13:46:40.433+0000] {logging_mixin.py:188} INFO - [2024-07-09T13:46:40.433+0000] {dagbag.py:540} INFO - Filling up the DagBag from /home/airflow/.local/lib/python3.11/site-packages/airflow/example_dags/example_xcom.py
[2024-07-09T13:46:40.439+0000] {processor.py:840} INFO - DAG(s) 'example_xcom' retrieved from /home/airflow/.local/lib/python3.11/site-packages/airflow/example_dags/example_xcom.py
[2024-07-09T13:46:40.461+0000] {logging_mixin.py:188} INFO - [2024-07-09T13:46:40.460+0000] {dag.py:3047} INFO - Sync 1 DAGs
[2024-07-09T13:46:40.477+0000] {logging_mixin.py:188} INFO - [2024-07-09T13:46:40.477+0000] {dag.py:3834} INFO - Setting next_dagrun for example_xcom to 2021-01-01 00:00:00+00:00, run_after=2021-01-01 00:00:00+00:00
[2024-07-09T13:46:40.493+0000] {processor.py:183} INFO - Processing /home/airflow/.local/lib/python3.11/site-packages/airflow/example_dags/example_xcom.py took 0.064 seconds
[2024-07-09T13:47:10.834+0000] {processor.py:161} INFO - Started process (PID=728) to work on /home/airflow/.local/lib/python3.11/site-packages/airflow/example_dags/example_xcom.py
[2024-07-09T13:47:10.836+0000] {processor.py:830} INFO - Processing file /home/airflow/.local/lib/python3.11/site-packages/airflow/example_dags/example_xcom.py for tasks to queue
[2024-07-09T13:47:10.837+0000] {logging_mixin.py:188} INFO - [2024-07-09T13:47:10.836+0000] {dagbag.py:540} INFO - Filling up the DagBag from /home/airflow/.local/lib/python3.11/site-packages/airflow/example_dags/example_xcom.py
[2024-07-09T13:47:10.843+0000] {processor.py:840} INFO - DAG(s) 'example_xcom' retrieved from /home/airflow/.local/lib/python3.11/site-packages/airflow/example_dags/example_xcom.py
[2024-07-09T13:47:10.867+0000] {logging_mixin.py:188} INFO - [2024-07-09T13:47:10.867+0000] {dag.py:3047} INFO - Sync 1 DAGs
[2024-07-09T13:47:10.884+0000] {logging_mixin.py:188} INFO - [2024-07-09T13:47:10.884+0000] {dag.py:3834} INFO - Setting next_dagrun for example_xcom to 2021-01-01 00:00:00+00:00, run_after=2021-01-01 00:00:00+00:00
[2024-07-09T13:47:10.899+0000] {processor.py:183} INFO - Processing /home/airflow/.local/lib/python3.11/site-packages/airflow/example_dags/example_xcom.py took 0.068 seconds
[2024-07-09T13:47:41.299+0000] {processor.py:161} INFO - Started process (PID=998) to work on /home/airflow/.local/lib/python3.11/site-packages/airflow/example_dags/example_xcom.py
[2024-07-09T13:47:41.300+0000] {processor.py:830} INFO - Processing file /home/airflow/.local/lib/python3.11/site-packages/airflow/example_dags/example_xcom.py for tasks to queue
[2024-07-09T13:47:41.301+0000] {logging_mixin.py:188} INFO - [2024-07-09T13:47:41.301+0000] {dagbag.py:540} INFO - Filling up the DagBag from /home/airflow/.local/lib/python3.11/site-packages/airflow/example_dags/example_xcom.py
[2024-07-09T13:47:41.307+0000] {processor.py:840} INFO - DAG(s) 'example_xcom' retrieved from /home/airflow/.local/lib/python3.11/site-packages/airflow/example_dags/example_xcom.py
[2024-07-09T13:47:41.329+0000] {logging_mixin.py:188} INFO - [2024-07-09T13:47:41.329+0000] {dag.py:3047} INFO - Sync 1 DAGs
[2024-07-09T13:47:41.347+0000] {logging_mixin.py:188} INFO - [2024-07-09T13:47:41.347+0000] {dag.py:3834} INFO - Setting next_dagrun for example_xcom to 2021-01-01 00:00:00+00:00, run_after=2021-01-01 00:00:00+00:00
[2024-07-09T13:47:41.464+0000] {processor.py:183} INFO - Processing /home/airflow/.local/lib/python3.11/site-packages/airflow/example_dags/example_xcom.py took 0.167 seconds
[2024-07-09T13:48:11.706+0000] {processor.py:161} INFO - Started process (PID=1273) to work on /home/airflow/.local/lib/python3.11/site-packages/airflow/example_dags/example_xcom.py
[2024-07-09T13:48:11.707+0000] {processor.py:830} INFO - Processing file /home/airflow/.local/lib/python3.11/site-packages/airflow/example_dags/example_xcom.py for tasks to queue
[2024-07-09T13:48:11.708+0000] {logging_mixin.py:188} INFO - [2024-07-09T13:48:11.707+0000] {dagbag.py:540} INFO - Filling up the DagBag from /home/airflow/.local/lib/python3.11/site-packages/airflow/example_dags/example_xcom.py
[2024-07-09T13:48:11.714+0000] {processor.py:840} INFO - DAG(s) 'example_xcom' retrieved from /home/airflow/.local/lib/python3.11/site-packages/airflow/example_dags/example_xcom.py
[2024-07-09T13:48:11.735+0000] {logging_mixin.py:188} INFO - [2024-07-09T13:48:11.735+0000] {dag.py:3047} INFO - Sync 1 DAGs
[2024-07-09T13:48:11.752+0000] {logging_mixin.py:188} INFO - [2024-07-09T13:48:11.751+0000] {dag.py:3834} INFO - Setting next_dagrun for example_xcom to 2021-01-01 00:00:00+00:00, run_after=2021-01-01 00:00:00+00:00
[2024-07-09T13:48:11.766+0000] {processor.py:183} INFO - Processing /home/airflow/.local/lib/python3.11/site-packages/airflow/example_dags/example_xcom.py took 0.063 seconds
[2024-07-09T13:48:42.309+0000] {processor.py:161} INFO - Started process (PID=1538) to work on /home/airflow/.local/lib/python3.11/site-packages/airflow/example_dags/example_xcom.py
[2024-07-09T13:48:42.310+0000] {processor.py:830} INFO - Processing file /home/airflow/.local/lib/python3.11/site-packages/airflow/example_dags/example_xcom.py for tasks to queue
[2024-07-09T13:48:42.311+0000] {logging_mixin.py:188} INFO - [2024-07-09T13:48:42.311+0000] {dagbag.py:540} INFO - Filling up the DagBag from /home/airflow/.local/lib/python3.11/site-packages/airflow/example_dags/example_xcom.py
[2024-07-09T13:48:42.317+0000] {processor.py:840} INFO - DAG(s) 'example_xcom' retrieved from /home/airflow/.local/lib/python3.11/site-packages/airflow/example_dags/example_xcom.py
[2024-07-09T13:48:42.338+0000] {logging_mixin.py:188} INFO - [2024-07-09T13:48:42.338+0000] {dag.py:3047} INFO - Sync 1 DAGs
[2024-07-09T13:48:42.356+0000] {logging_mixin.py:188} INFO - [2024-07-09T13:48:42.355+0000] {dag.py:3834} INFO - Setting next_dagrun for example_xcom to 2021-01-01 00:00:00+00:00, run_after=2021-01-01 00:00:00+00:00
[2024-07-09T13:48:42.372+0000] {processor.py:183} INFO - Processing /home/airflow/.local/lib/python3.11/site-packages/airflow/example_dags/example_xcom.py took 0.065 seconds
[2024-07-09T13:49:12.683+0000] {processor.py:161} INFO - Started process (PID=1808) to work on /home/airflow/.local/lib/python3.11/site-packages/airflow/example_dags/example_xcom.py
[2024-07-09T13:49:12.684+0000] {processor.py:830} INFO - Processing file /home/airflow/.local/lib/python3.11/site-packages/airflow/example_dags/example_xcom.py for tasks to queue
[2024-07-09T13:49:12.685+0000] {logging_mixin.py:188} INFO - [2024-07-09T13:49:12.684+0000] {dagbag.py:540} INFO - Filling up the DagBag from /home/airflow/.local/lib/python3.11/site-packages/airflow/example_dags/example_xcom.py
[2024-07-09T13:49:12.691+0000] {processor.py:840} INFO - DAG(s) 'example_xcom' retrieved from /home/airflow/.local/lib/python3.11/site-packages/airflow/example_dags/example_xcom.py
[2024-07-09T13:49:12.712+0000] {logging_mixin.py:188} INFO - [2024-07-09T13:49:12.712+0000] {dag.py:3047} INFO - Sync 1 DAGs
[2024-07-09T13:49:12.734+0000] {logging_mixin.py:188} INFO - [2024-07-09T13:49:12.733+0000] {dag.py:3834} INFO - Setting next_dagrun for example_xcom to 2021-01-01 00:00:00+00:00, run_after=2021-01-01 00:00:00+00:00
[2024-07-09T13:49:12.758+0000] {processor.py:183} INFO - Processing /home/airflow/.local/lib/python3.11/site-packages/airflow/example_dags/example_xcom.py took 0.078 seconds
[2024-07-09T13:49:43.191+0000] {processor.py:161} INFO - Started process (PID=2078) to work on /home/airflow/.local/lib/python3.11/site-packages/airflow/example_dags/example_xcom.py
[2024-07-09T13:49:43.194+0000] {processor.py:830} INFO - Processing file /home/airflow/.local/lib/python3.11/site-packages/airflow/example_dags/example_xcom.py for tasks to queue
[2024-07-09T13:49:43.195+0000] {logging_mixin.py:188} INFO - [2024-07-09T13:49:43.194+0000] {dagbag.py:540} INFO - Filling up the DagBag from /home/airflow/.local/lib/python3.11/site-packages/airflow/example_dags/example_xcom.py
[2024-07-09T13:49:43.201+0000] {processor.py:840} INFO - DAG(s) 'example_xcom' retrieved from /home/airflow/.local/lib/python3.11/site-packages/airflow/example_dags/example_xcom.py
[2024-07-09T13:49:43.223+0000] {logging_mixin.py:188} INFO - [2024-07-09T13:49:43.223+0000] {dag.py:3047} INFO - Sync 1 DAGs
[2024-07-09T13:49:43.241+0000] {logging_mixin.py:188} INFO - [2024-07-09T13:49:43.241+0000] {dag.py:3834} INFO - Setting next_dagrun for example_xcom to 2021-01-01 00:00:00+00:00, run_after=2021-01-01 00:00:00+00:00
[2024-07-09T13:49:43.259+0000] {processor.py:183} INFO - Processing /home/airflow/.local/lib/python3.11/site-packages/airflow/example_dags/example_xcom.py took 0.070 seconds
[2024-07-09T13:50:13.377+0000] {processor.py:161} INFO - Started process (PID=2348) to work on /home/airflow/.local/lib/python3.11/site-packages/airflow/example_dags/example_xcom.py
[2024-07-09T13:50:13.377+0000] {processor.py:830} INFO - Processing file /home/airflow/.local/lib/python3.11/site-packages/airflow/example_dags/example_xcom.py for tasks to queue
[2024-07-09T13:50:13.378+0000] {logging_mixin.py:188} INFO - [2024-07-09T13:50:13.378+0000] {dagbag.py:540} INFO - Filling up the DagBag from /home/airflow/.local/lib/python3.11/site-packages/airflow/example_dags/example_xcom.py
[2024-07-09T13:50:13.384+0000] {processor.py:840} INFO - DAG(s) 'example_xcom' retrieved from /home/airflow/.local/lib/python3.11/site-packages/airflow/example_dags/example_xcom.py
[2024-07-09T13:50:13.405+0000] {logging_mixin.py:188} INFO - [2024-07-09T13:50:13.405+0000] {dag.py:3047} INFO - Sync 1 DAGs
[2024-07-09T13:50:13.421+0000] {logging_mixin.py:188} INFO - [2024-07-09T13:50:13.421+0000] {dag.py:3834} INFO - Setting next_dagrun for example_xcom to 2021-01-01 00:00:00+00:00, run_after=2021-01-01 00:00:00+00:00
[2024-07-09T13:50:13.436+0000] {processor.py:183} INFO - Processing /home/airflow/.local/lib/python3.11/site-packages/airflow/example_dags/example_xcom.py took 0.062 seconds
[2024-07-09T13:50:43.634+0000] {processor.py:161} INFO - Started process (PID=2618) to work on /home/airflow/.local/lib/python3.11/site-packages/airflow/example_dags/example_xcom.py
[2024-07-09T13:50:43.635+0000] {processor.py:830} INFO - Processing file /home/airflow/.local/lib/python3.11/site-packages/airflow/example_dags/example_xcom.py for tasks to queue
[2024-07-09T13:50:43.636+0000] {logging_mixin.py:188} INFO - [2024-07-09T13:50:43.636+0000] {dagbag.py:540} INFO - Filling up the DagBag from /home/airflow/.local/lib/python3.11/site-packages/airflow/example_dags/example_xcom.py
[2024-07-09T13:50:43.642+0000] {processor.py:840} INFO - DAG(s) 'example_xcom' retrieved from /home/airflow/.local/lib/python3.11/site-packages/airflow/example_dags/example_xcom.py
[2024-07-09T13:50:43.663+0000] {logging_mixin.py:188} INFO - [2024-07-09T13:50:43.663+0000] {dag.py:3047} INFO - Sync 1 DAGs
[2024-07-09T13:50:43.680+0000] {logging_mixin.py:188} INFO - [2024-07-09T13:50:43.680+0000] {dag.py:3834} INFO - Setting next_dagrun for example_xcom to 2021-01-01 00:00:00+00:00, run_after=2021-01-01 00:00:00+00:00
[2024-07-09T13:50:43.696+0000] {processor.py:183} INFO - Processing /home/airflow/.local/lib/python3.11/site-packages/airflow/example_dags/example_xcom.py took 0.064 seconds
[2024-07-09T13:51:14.123+0000] {processor.py:161} INFO - Started process (PID=2888) to work on /home/airflow/.local/lib/python3.11/site-packages/airflow/example_dags/example_xcom.py
[2024-07-09T13:51:14.124+0000] {processor.py:830} INFO - Processing file /home/airflow/.local/lib/python3.11/site-packages/airflow/example_dags/example_xcom.py for tasks to queue
[2024-07-09T13:51:14.125+0000] {logging_mixin.py:188} INFO - [2024-07-09T13:51:14.125+0000] {dagbag.py:540} INFO - Filling up the DagBag from /home/airflow/.local/lib/python3.11/site-packages/airflow/example_dags/example_xcom.py
[2024-07-09T13:51:14.131+0000] {processor.py:840} INFO - DAG(s) 'example_xcom' retrieved from /home/airflow/.local/lib/python3.11/site-packages/airflow/example_dags/example_xcom.py
[2024-07-09T13:51:14.152+0000] {logging_mixin.py:188} INFO - [2024-07-09T13:51:14.152+0000] {dag.py:3047} INFO - Sync 1 DAGs
[2024-07-09T13:51:14.169+0000] {logging_mixin.py:188} INFO - [2024-07-09T13:51:14.169+0000] {dag.py:3834} INFO - Setting next_dagrun for example_xcom to 2021-01-01 00:00:00+00:00, run_after=2021-01-01 00:00:00+00:00
[2024-07-09T13:51:14.184+0000] {processor.py:183} INFO - Processing /home/airflow/.local/lib/python3.11/site-packages/airflow/example_dags/example_xcom.py took 0.064 seconds
