[2024-07-09T13:18:49.889+0000] {processor.py:161} INFO - Started process (PID=324) to work on /home/airflow/.local/lib/python3.11/site-packages/airflow/example_dags/example_sla_dag.py
[2024-07-09T13:18:49.890+0000] {processor.py:830} INFO - Processing file /home/airflow/.local/lib/python3.11/site-packages/airflow/example_dags/example_sla_dag.py for tasks to queue
[2024-07-09T13:18:49.890+0000] {logging_mixin.py:188} INFO - [2024-07-09T13:18:49.890+0000] {dagbag.py:540} INFO - Filling up the DagBag from /home/airflow/.local/lib/python3.11/site-packages/airflow/example_dags/example_sla_dag.py
[2024-07-09T13:18:49.898+0000] {processor.py:840} INFO - DAG(s) 'example_sla_dag' retrieved from /home/airflow/.local/lib/python3.11/site-packages/airflow/example_dags/example_sla_dag.py
[2024-07-09T13:18:49.987+0000] {logging_mixin.py:188} INFO - [2024-07-09T13:18:49.986+0000] {override.py:1769} INFO - Created Permission View: can delete on DAG:example_sla_dag
[2024-07-09T13:18:49.996+0000] {logging_mixin.py:188} INFO - [2024-07-09T13:18:49.996+0000] {override.py:1769} INFO - Created Permission View: can read on DAG:example_sla_dag
[2024-07-09T13:18:50.003+0000] {logging_mixin.py:188} INFO - [2024-07-09T13:18:50.003+0000] {override.py:1769} INFO - Created Permission View: can edit on DAG:example_sla_dag
[2024-07-09T13:18:50.004+0000] {logging_mixin.py:188} INFO - [2024-07-09T13:18:50.003+0000] {dag.py:3047} INFO - Sync 1 DAGs
[2024-07-09T13:18:50.015+0000] {logging_mixin.py:188} INFO - [2024-07-09T13:18:50.015+0000] {dag.py:3069} INFO - Creating ORM DAG for example_sla_dag
[2024-07-09T13:18:50.026+0000] {logging_mixin.py:188} INFO - [2024-07-09T13:18:50.026+0000] {dag.py:3834} INFO - Setting next_dagrun for example_sla_dag to 2024-07-09 13:16:00+00:00, run_after=2024-07-09 13:18:00+00:00
[2024-07-09T13:18:50.040+0000] {processor.py:183} INFO - Processing /home/airflow/.local/lib/python3.11/site-packages/airflow/example_dags/example_sla_dag.py took 0.154 seconds
[2024-07-09T13:19:20.346+0000] {processor.py:161} INFO - Started process (PID=596) to work on /home/airflow/.local/lib/python3.11/site-packages/airflow/example_dags/example_sla_dag.py
[2024-07-09T13:19:20.347+0000] {processor.py:830} INFO - Processing file /home/airflow/.local/lib/python3.11/site-packages/airflow/example_dags/example_sla_dag.py for tasks to queue
[2024-07-09T13:19:20.347+0000] {logging_mixin.py:188} INFO - [2024-07-09T13:19:20.347+0000] {dagbag.py:540} INFO - Filling up the DagBag from /home/airflow/.local/lib/python3.11/site-packages/airflow/example_dags/example_sla_dag.py
[2024-07-09T13:19:20.354+0000] {processor.py:840} INFO - DAG(s) 'example_sla_dag' retrieved from /home/airflow/.local/lib/python3.11/site-packages/airflow/example_dags/example_sla_dag.py
[2024-07-09T13:19:20.372+0000] {logging_mixin.py:188} INFO - [2024-07-09T13:19:20.372+0000] {dag.py:3047} INFO - Sync 1 DAGs
[2024-07-09T13:19:20.392+0000] {logging_mixin.py:188} INFO - [2024-07-09T13:19:20.392+0000] {dag.py:3834} INFO - Setting next_dagrun for example_sla_dag to 2024-07-09 13:16:00+00:00, run_after=2024-07-09 13:18:00+00:00
[2024-07-09T13:19:20.406+0000] {processor.py:183} INFO - Processing /home/airflow/.local/lib/python3.11/site-packages/airflow/example_dags/example_sla_dag.py took 0.063 seconds
[2024-07-09T13:19:51.237+0000] {processor.py:161} INFO - Started process (PID=864) to work on /home/airflow/.local/lib/python3.11/site-packages/airflow/example_dags/example_sla_dag.py
[2024-07-09T13:19:51.238+0000] {processor.py:830} INFO - Processing file /home/airflow/.local/lib/python3.11/site-packages/airflow/example_dags/example_sla_dag.py for tasks to queue
[2024-07-09T13:19:51.238+0000] {logging_mixin.py:188} INFO - [2024-07-09T13:19:51.238+0000] {dagbag.py:540} INFO - Filling up the DagBag from /home/airflow/.local/lib/python3.11/site-packages/airflow/example_dags/example_sla_dag.py
[2024-07-09T13:19:51.245+0000] {processor.py:840} INFO - DAG(s) 'example_sla_dag' retrieved from /home/airflow/.local/lib/python3.11/site-packages/airflow/example_dags/example_sla_dag.py
[2024-07-09T13:19:51.264+0000] {logging_mixin.py:188} INFO - [2024-07-09T13:19:51.264+0000] {dag.py:3047} INFO - Sync 1 DAGs
[2024-07-09T13:19:51.283+0000] {logging_mixin.py:188} INFO - [2024-07-09T13:19:51.283+0000] {dag.py:3834} INFO - Setting next_dagrun for example_sla_dag to 2024-07-09 13:16:00+00:00, run_after=2024-07-09 13:18:00+00:00
[2024-07-09T13:19:51.298+0000] {processor.py:183} INFO - Processing /home/airflow/.local/lib/python3.11/site-packages/airflow/example_dags/example_sla_dag.py took 0.064 seconds
[2024-07-09T13:20:22.789+0000] {processor.py:161} INFO - Started process (PID=1134) to work on /home/airflow/.local/lib/python3.11/site-packages/airflow/example_dags/example_sla_dag.py
[2024-07-09T13:20:22.790+0000] {processor.py:830} INFO - Processing file /home/airflow/.local/lib/python3.11/site-packages/airflow/example_dags/example_sla_dag.py for tasks to queue
[2024-07-09T13:20:22.790+0000] {logging_mixin.py:188} INFO - [2024-07-09T13:20:22.790+0000] {dagbag.py:540} INFO - Filling up the DagBag from /home/airflow/.local/lib/python3.11/site-packages/airflow/example_dags/example_sla_dag.py
[2024-07-09T13:20:22.797+0000] {processor.py:840} INFO - DAG(s) 'example_sla_dag' retrieved from /home/airflow/.local/lib/python3.11/site-packages/airflow/example_dags/example_sla_dag.py
[2024-07-09T13:20:22.950+0000] {logging_mixin.py:188} INFO - [2024-07-09T13:20:22.950+0000] {dag.py:3047} INFO - Sync 1 DAGs
[2024-07-09T13:20:22.968+0000] {logging_mixin.py:188} INFO - [2024-07-09T13:20:22.968+0000] {dag.py:3834} INFO - Setting next_dagrun for example_sla_dag to 2024-07-09 13:18:00+00:00, run_after=2024-07-09 13:20:00+00:00
[2024-07-09T13:20:22.988+0000] {processor.py:183} INFO - Processing /home/airflow/.local/lib/python3.11/site-packages/airflow/example_dags/example_sla_dag.py took 0.202 seconds
[2024-07-09T13:20:53.695+0000] {processor.py:161} INFO - Started process (PID=1406) to work on /home/airflow/.local/lib/python3.11/site-packages/airflow/example_dags/example_sla_dag.py
[2024-07-09T13:20:53.696+0000] {processor.py:830} INFO - Processing file /home/airflow/.local/lib/python3.11/site-packages/airflow/example_dags/example_sla_dag.py for tasks to queue
[2024-07-09T13:20:53.697+0000] {logging_mixin.py:188} INFO - [2024-07-09T13:20:53.697+0000] {dagbag.py:540} INFO - Filling up the DagBag from /home/airflow/.local/lib/python3.11/site-packages/airflow/example_dags/example_sla_dag.py
[2024-07-09T13:20:53.703+0000] {processor.py:840} INFO - DAG(s) 'example_sla_dag' retrieved from /home/airflow/.local/lib/python3.11/site-packages/airflow/example_dags/example_sla_dag.py
[2024-07-09T13:20:53.726+0000] {logging_mixin.py:188} INFO - [2024-07-09T13:20:53.726+0000] {dag.py:3047} INFO - Sync 1 DAGs
[2024-07-09T13:20:53.749+0000] {logging_mixin.py:188} INFO - [2024-07-09T13:20:53.749+0000] {dag.py:3834} INFO - Setting next_dagrun for example_sla_dag to 2024-07-09 13:18:00+00:00, run_after=2024-07-09 13:20:00+00:00
[2024-07-09T13:20:53.764+0000] {processor.py:183} INFO - Processing /home/airflow/.local/lib/python3.11/site-packages/airflow/example_dags/example_sla_dag.py took 0.071 seconds
[2024-07-09T13:21:24.563+0000] {processor.py:161} INFO - Started process (PID=1675) to work on /home/airflow/.local/lib/python3.11/site-packages/airflow/example_dags/example_sla_dag.py
[2024-07-09T13:21:24.564+0000] {processor.py:830} INFO - Processing file /home/airflow/.local/lib/python3.11/site-packages/airflow/example_dags/example_sla_dag.py for tasks to queue
[2024-07-09T13:21:24.565+0000] {logging_mixin.py:188} INFO - [2024-07-09T13:21:24.564+0000] {dagbag.py:540} INFO - Filling up the DagBag from /home/airflow/.local/lib/python3.11/site-packages/airflow/example_dags/example_sla_dag.py
[2024-07-09T13:21:24.571+0000] {processor.py:840} INFO - DAG(s) 'example_sla_dag' retrieved from /home/airflow/.local/lib/python3.11/site-packages/airflow/example_dags/example_sla_dag.py
[2024-07-09T13:21:24.591+0000] {logging_mixin.py:188} INFO - [2024-07-09T13:21:24.591+0000] {dag.py:3047} INFO - Sync 1 DAGs
[2024-07-09T13:21:24.611+0000] {logging_mixin.py:188} INFO - [2024-07-09T13:21:24.611+0000] {dag.py:3834} INFO - Setting next_dagrun for example_sla_dag to 2024-07-09 13:18:00+00:00, run_after=2024-07-09 13:20:00+00:00
[2024-07-09T13:21:24.627+0000] {processor.py:183} INFO - Processing /home/airflow/.local/lib/python3.11/site-packages/airflow/example_dags/example_sla_dag.py took 0.067 seconds
[2024-07-09T13:21:55.256+0000] {processor.py:161} INFO - Started process (PID=1944) to work on /home/airflow/.local/lib/python3.11/site-packages/airflow/example_dags/example_sla_dag.py
[2024-07-09T13:21:55.257+0000] {processor.py:830} INFO - Processing file /home/airflow/.local/lib/python3.11/site-packages/airflow/example_dags/example_sla_dag.py for tasks to queue
[2024-07-09T13:21:55.257+0000] {logging_mixin.py:188} INFO - [2024-07-09T13:21:55.257+0000] {dagbag.py:540} INFO - Filling up the DagBag from /home/airflow/.local/lib/python3.11/site-packages/airflow/example_dags/example_sla_dag.py
[2024-07-09T13:21:55.264+0000] {processor.py:840} INFO - DAG(s) 'example_sla_dag' retrieved from /home/airflow/.local/lib/python3.11/site-packages/airflow/example_dags/example_sla_dag.py
[2024-07-09T13:21:55.283+0000] {logging_mixin.py:188} INFO - [2024-07-09T13:21:55.283+0000] {dag.py:3047} INFO - Sync 1 DAGs
[2024-07-09T13:21:55.302+0000] {logging_mixin.py:188} INFO - [2024-07-09T13:21:55.302+0000] {dag.py:3834} INFO - Setting next_dagrun for example_sla_dag to 2024-07-09 13:18:00+00:00, run_after=2024-07-09 13:20:00+00:00
[2024-07-09T13:21:55.318+0000] {processor.py:183} INFO - Processing /home/airflow/.local/lib/python3.11/site-packages/airflow/example_dags/example_sla_dag.py took 0.064 seconds
[2024-07-09T13:22:25.973+0000] {processor.py:161} INFO - Started process (PID=2214) to work on /home/airflow/.local/lib/python3.11/site-packages/airflow/example_dags/example_sla_dag.py
[2024-07-09T13:22:25.974+0000] {processor.py:830} INFO - Processing file /home/airflow/.local/lib/python3.11/site-packages/airflow/example_dags/example_sla_dag.py for tasks to queue
[2024-07-09T13:22:25.975+0000] {logging_mixin.py:188} INFO - [2024-07-09T13:22:25.974+0000] {dagbag.py:540} INFO - Filling up the DagBag from /home/airflow/.local/lib/python3.11/site-packages/airflow/example_dags/example_sla_dag.py
[2024-07-09T13:22:25.981+0000] {processor.py:840} INFO - DAG(s) 'example_sla_dag' retrieved from /home/airflow/.local/lib/python3.11/site-packages/airflow/example_dags/example_sla_dag.py
[2024-07-09T13:22:26.001+0000] {logging_mixin.py:188} INFO - [2024-07-09T13:22:26.001+0000] {dag.py:3047} INFO - Sync 1 DAGs
[2024-07-09T13:22:26.020+0000] {logging_mixin.py:188} INFO - [2024-07-09T13:22:26.020+0000] {dag.py:3834} INFO - Setting next_dagrun for example_sla_dag to 2024-07-09 13:20:00+00:00, run_after=2024-07-09 13:22:00+00:00
[2024-07-09T13:22:26.036+0000] {processor.py:183} INFO - Processing /home/airflow/.local/lib/python3.11/site-packages/airflow/example_dags/example_sla_dag.py took 0.066 seconds
[2024-07-09T13:22:56.726+0000] {processor.py:161} INFO - Started process (PID=2484) to work on /home/airflow/.local/lib/python3.11/site-packages/airflow/example_dags/example_sla_dag.py
[2024-07-09T13:22:56.727+0000] {processor.py:830} INFO - Processing file /home/airflow/.local/lib/python3.11/site-packages/airflow/example_dags/example_sla_dag.py for tasks to queue
[2024-07-09T13:22:56.728+0000] {logging_mixin.py:188} INFO - [2024-07-09T13:22:56.727+0000] {dagbag.py:540} INFO - Filling up the DagBag from /home/airflow/.local/lib/python3.11/site-packages/airflow/example_dags/example_sla_dag.py
[2024-07-09T13:22:56.734+0000] {processor.py:840} INFO - DAG(s) 'example_sla_dag' retrieved from /home/airflow/.local/lib/python3.11/site-packages/airflow/example_dags/example_sla_dag.py
[2024-07-09T13:22:56.755+0000] {logging_mixin.py:188} INFO - [2024-07-09T13:22:56.754+0000] {dag.py:3047} INFO - Sync 1 DAGs
[2024-07-09T13:22:56.775+0000] {logging_mixin.py:188} INFO - [2024-07-09T13:22:56.775+0000] {dag.py:3834} INFO - Setting next_dagrun for example_sla_dag to 2024-07-09 13:20:00+00:00, run_after=2024-07-09 13:22:00+00:00
[2024-07-09T13:22:56.790+0000] {processor.py:183} INFO - Processing /home/airflow/.local/lib/python3.11/site-packages/airflow/example_dags/example_sla_dag.py took 0.066 seconds
[2024-07-09T13:23:27.436+0000] {processor.py:161} INFO - Started process (PID=2754) to work on /home/airflow/.local/lib/python3.11/site-packages/airflow/example_dags/example_sla_dag.py
[2024-07-09T13:23:27.437+0000] {processor.py:830} INFO - Processing file /home/airflow/.local/lib/python3.11/site-packages/airflow/example_dags/example_sla_dag.py for tasks to queue
[2024-07-09T13:23:27.437+0000] {logging_mixin.py:188} INFO - [2024-07-09T13:23:27.437+0000] {dagbag.py:540} INFO - Filling up the DagBag from /home/airflow/.local/lib/python3.11/site-packages/airflow/example_dags/example_sla_dag.py
[2024-07-09T13:23:27.444+0000] {processor.py:840} INFO - DAG(s) 'example_sla_dag' retrieved from /home/airflow/.local/lib/python3.11/site-packages/airflow/example_dags/example_sla_dag.py
[2024-07-09T13:23:27.464+0000] {logging_mixin.py:188} INFO - [2024-07-09T13:23:27.464+0000] {dag.py:3047} INFO - Sync 1 DAGs
[2024-07-09T13:23:27.485+0000] {logging_mixin.py:188} INFO - [2024-07-09T13:23:27.485+0000] {dag.py:3834} INFO - Setting next_dagrun for example_sla_dag to 2024-07-09 13:20:00+00:00, run_after=2024-07-09 13:22:00+00:00
[2024-07-09T13:23:27.503+0000] {processor.py:183} INFO - Processing /home/airflow/.local/lib/python3.11/site-packages/airflow/example_dags/example_sla_dag.py took 0.069 seconds
[2024-07-09T13:23:58.245+0000] {processor.py:161} INFO - Started process (PID=3026) to work on /home/airflow/.local/lib/python3.11/site-packages/airflow/example_dags/example_sla_dag.py
[2024-07-09T13:23:58.246+0000] {processor.py:830} INFO - Processing file /home/airflow/.local/lib/python3.11/site-packages/airflow/example_dags/example_sla_dag.py for tasks to queue
[2024-07-09T13:23:58.247+0000] {logging_mixin.py:188} INFO - [2024-07-09T13:23:58.246+0000] {dagbag.py:540} INFO - Filling up the DagBag from /home/airflow/.local/lib/python3.11/site-packages/airflow/example_dags/example_sla_dag.py
[2024-07-09T13:23:58.253+0000] {processor.py:840} INFO - DAG(s) 'example_sla_dag' retrieved from /home/airflow/.local/lib/python3.11/site-packages/airflow/example_dags/example_sla_dag.py
[2024-07-09T13:23:58.272+0000] {logging_mixin.py:188} INFO - [2024-07-09T13:23:58.272+0000] {dag.py:3047} INFO - Sync 1 DAGs
[2024-07-09T13:23:58.292+0000] {logging_mixin.py:188} INFO - [2024-07-09T13:23:58.292+0000] {dag.py:3834} INFO - Setting next_dagrun for example_sla_dag to 2024-07-09 13:20:00+00:00, run_after=2024-07-09 13:22:00+00:00
[2024-07-09T13:23:58.308+0000] {processor.py:183} INFO - Processing /home/airflow/.local/lib/python3.11/site-packages/airflow/example_dags/example_sla_dag.py took 0.065 seconds
[2024-07-09T13:24:28.892+0000] {processor.py:161} INFO - Started process (PID=3296) to work on /home/airflow/.local/lib/python3.11/site-packages/airflow/example_dags/example_sla_dag.py
[2024-07-09T13:24:28.893+0000] {processor.py:830} INFO - Processing file /home/airflow/.local/lib/python3.11/site-packages/airflow/example_dags/example_sla_dag.py for tasks to queue
[2024-07-09T13:24:28.894+0000] {logging_mixin.py:188} INFO - [2024-07-09T13:24:28.894+0000] {dagbag.py:540} INFO - Filling up the DagBag from /home/airflow/.local/lib/python3.11/site-packages/airflow/example_dags/example_sla_dag.py
[2024-07-09T13:24:28.902+0000] {processor.py:840} INFO - DAG(s) 'example_sla_dag' retrieved from /home/airflow/.local/lib/python3.11/site-packages/airflow/example_dags/example_sla_dag.py
[2024-07-09T13:24:28.920+0000] {logging_mixin.py:188} INFO - [2024-07-09T13:24:28.920+0000] {dag.py:3047} INFO - Sync 1 DAGs
[2024-07-09T13:24:28.940+0000] {logging_mixin.py:188} INFO - [2024-07-09T13:24:28.940+0000] {dag.py:3834} INFO - Setting next_dagrun for example_sla_dag to 2024-07-09 13:22:00+00:00, run_after=2024-07-09 13:24:00+00:00
[2024-07-09T13:24:28.955+0000] {processor.py:183} INFO - Processing /home/airflow/.local/lib/python3.11/site-packages/airflow/example_dags/example_sla_dag.py took 0.065 seconds
[2024-07-09T13:24:59.639+0000] {processor.py:161} INFO - Started process (PID=3566) to work on /home/airflow/.local/lib/python3.11/site-packages/airflow/example_dags/example_sla_dag.py
[2024-07-09T13:24:59.640+0000] {processor.py:830} INFO - Processing file /home/airflow/.local/lib/python3.11/site-packages/airflow/example_dags/example_sla_dag.py for tasks to queue
[2024-07-09T13:24:59.641+0000] {logging_mixin.py:188} INFO - [2024-07-09T13:24:59.640+0000] {dagbag.py:540} INFO - Filling up the DagBag from /home/airflow/.local/lib/python3.11/site-packages/airflow/example_dags/example_sla_dag.py
[2024-07-09T13:24:59.647+0000] {processor.py:840} INFO - DAG(s) 'example_sla_dag' retrieved from /home/airflow/.local/lib/python3.11/site-packages/airflow/example_dags/example_sla_dag.py
[2024-07-09T13:24:59.666+0000] {logging_mixin.py:188} INFO - [2024-07-09T13:24:59.666+0000] {dag.py:3047} INFO - Sync 1 DAGs
[2024-07-09T13:24:59.686+0000] {logging_mixin.py:188} INFO - [2024-07-09T13:24:59.685+0000] {dag.py:3834} INFO - Setting next_dagrun for example_sla_dag to 2024-07-09 13:22:00+00:00, run_after=2024-07-09 13:24:00+00:00
[2024-07-09T13:24:59.704+0000] {processor.py:183} INFO - Processing /home/airflow/.local/lib/python3.11/site-packages/airflow/example_dags/example_sla_dag.py took 0.067 seconds
[2024-07-09T13:26:10.748+0000] {processor.py:161} INFO - Started process (PID=325) to work on /home/airflow/.local/lib/python3.11/site-packages/airflow/example_dags/example_sla_dag.py
[2024-07-09T13:26:10.749+0000] {processor.py:830} INFO - Processing file /home/airflow/.local/lib/python3.11/site-packages/airflow/example_dags/example_sla_dag.py for tasks to queue
[2024-07-09T13:26:10.749+0000] {logging_mixin.py:188} INFO - [2024-07-09T13:26:10.749+0000] {dagbag.py:540} INFO - Filling up the DagBag from /home/airflow/.local/lib/python3.11/site-packages/airflow/example_dags/example_sla_dag.py
[2024-07-09T13:26:10.756+0000] {processor.py:840} INFO - DAG(s) 'example_sla_dag' retrieved from /home/airflow/.local/lib/python3.11/site-packages/airflow/example_dags/example_sla_dag.py
[2024-07-09T13:26:10.840+0000] {logging_mixin.py:188} INFO - [2024-07-09T13:26:10.840+0000] {override.py:1769} INFO - Created Permission View: can delete on DAG:example_sla_dag
[2024-07-09T13:26:10.849+0000] {logging_mixin.py:188} INFO - [2024-07-09T13:26:10.849+0000] {override.py:1769} INFO - Created Permission View: can read on DAG:example_sla_dag
[2024-07-09T13:26:10.855+0000] {logging_mixin.py:188} INFO - [2024-07-09T13:26:10.855+0000] {override.py:1769} INFO - Created Permission View: can edit on DAG:example_sla_dag
[2024-07-09T13:26:10.855+0000] {logging_mixin.py:188} INFO - [2024-07-09T13:26:10.855+0000] {dag.py:3047} INFO - Sync 1 DAGs
[2024-07-09T13:26:10.865+0000] {logging_mixin.py:188} INFO - [2024-07-09T13:26:10.865+0000] {dag.py:3069} INFO - Creating ORM DAG for example_sla_dag
[2024-07-09T13:26:10.874+0000] {logging_mixin.py:188} INFO - [2024-07-09T13:26:10.874+0000] {dag.py:3834} INFO - Setting next_dagrun for example_sla_dag to 2024-07-09 13:24:00+00:00, run_after=2024-07-09 13:26:00+00:00
[2024-07-09T13:26:10.887+0000] {processor.py:183} INFO - Processing /home/airflow/.local/lib/python3.11/site-packages/airflow/example_dags/example_sla_dag.py took 0.142 seconds
[2024-07-09T13:26:41.452+0000] {processor.py:161} INFO - Started process (PID=597) to work on /home/airflow/.local/lib/python3.11/site-packages/airflow/example_dags/example_sla_dag.py
[2024-07-09T13:26:41.453+0000] {processor.py:830} INFO - Processing file /home/airflow/.local/lib/python3.11/site-packages/airflow/example_dags/example_sla_dag.py for tasks to queue
[2024-07-09T13:26:41.454+0000] {logging_mixin.py:188} INFO - [2024-07-09T13:26:41.453+0000] {dagbag.py:540} INFO - Filling up the DagBag from /home/airflow/.local/lib/python3.11/site-packages/airflow/example_dags/example_sla_dag.py
[2024-07-09T13:26:41.460+0000] {processor.py:840} INFO - DAG(s) 'example_sla_dag' retrieved from /home/airflow/.local/lib/python3.11/site-packages/airflow/example_dags/example_sla_dag.py
[2024-07-09T13:26:41.481+0000] {logging_mixin.py:188} INFO - [2024-07-09T13:26:41.481+0000] {dag.py:3047} INFO - Sync 1 DAGs
[2024-07-09T13:26:41.501+0000] {logging_mixin.py:188} INFO - [2024-07-09T13:26:41.501+0000] {dag.py:3834} INFO - Setting next_dagrun for example_sla_dag to 2024-07-09 13:24:00+00:00, run_after=2024-07-09 13:26:00+00:00
[2024-07-09T13:26:41.518+0000] {processor.py:183} INFO - Processing /home/airflow/.local/lib/python3.11/site-packages/airflow/example_dags/example_sla_dag.py took 0.069 seconds
[2024-07-09T13:27:11.883+0000] {processor.py:161} INFO - Started process (PID=867) to work on /home/airflow/.local/lib/python3.11/site-packages/airflow/example_dags/example_sla_dag.py
[2024-07-09T13:27:11.884+0000] {processor.py:830} INFO - Processing file /home/airflow/.local/lib/python3.11/site-packages/airflow/example_dags/example_sla_dag.py for tasks to queue
[2024-07-09T13:27:11.884+0000] {logging_mixin.py:188} INFO - [2024-07-09T13:27:11.884+0000] {dagbag.py:540} INFO - Filling up the DagBag from /home/airflow/.local/lib/python3.11/site-packages/airflow/example_dags/example_sla_dag.py
[2024-07-09T13:27:11.891+0000] {processor.py:840} INFO - DAG(s) 'example_sla_dag' retrieved from /home/airflow/.local/lib/python3.11/site-packages/airflow/example_dags/example_sla_dag.py
[2024-07-09T13:27:11.910+0000] {logging_mixin.py:188} INFO - [2024-07-09T13:27:11.909+0000] {dag.py:3047} INFO - Sync 1 DAGs
[2024-07-09T13:27:11.930+0000] {logging_mixin.py:188} INFO - [2024-07-09T13:27:11.930+0000] {dag.py:3834} INFO - Setting next_dagrun for example_sla_dag to 2024-07-09 13:24:00+00:00, run_after=2024-07-09 13:26:00+00:00
[2024-07-09T13:27:11.945+0000] {processor.py:183} INFO - Processing /home/airflow/.local/lib/python3.11/site-packages/airflow/example_dags/example_sla_dag.py took 0.065 seconds
[2024-07-09T13:27:42.616+0000] {processor.py:161} INFO - Started process (PID=1135) to work on /home/airflow/.local/lib/python3.11/site-packages/airflow/example_dags/example_sla_dag.py
[2024-07-09T13:27:42.617+0000] {processor.py:830} INFO - Processing file /home/airflow/.local/lib/python3.11/site-packages/airflow/example_dags/example_sla_dag.py for tasks to queue
[2024-07-09T13:27:42.618+0000] {logging_mixin.py:188} INFO - [2024-07-09T13:27:42.617+0000] {dagbag.py:540} INFO - Filling up the DagBag from /home/airflow/.local/lib/python3.11/site-packages/airflow/example_dags/example_sla_dag.py
[2024-07-09T13:27:42.624+0000] {processor.py:840} INFO - DAG(s) 'example_sla_dag' retrieved from /home/airflow/.local/lib/python3.11/site-packages/airflow/example_dags/example_sla_dag.py
[2024-07-09T13:27:42.750+0000] {logging_mixin.py:188} INFO - [2024-07-09T13:27:42.750+0000] {dag.py:3047} INFO - Sync 1 DAGs
[2024-07-09T13:27:42.769+0000] {logging_mixin.py:188} INFO - [2024-07-09T13:27:42.768+0000] {dag.py:3834} INFO - Setting next_dagrun for example_sla_dag to 2024-07-09 13:24:00+00:00, run_after=2024-07-09 13:26:00+00:00
[2024-07-09T13:27:42.783+0000] {processor.py:183} INFO - Processing /home/airflow/.local/lib/python3.11/site-packages/airflow/example_dags/example_sla_dag.py took 0.170 seconds
[2024-07-09T13:28:13.594+0000] {processor.py:161} INFO - Started process (PID=1405) to work on /home/airflow/.local/lib/python3.11/site-packages/airflow/example_dags/example_sla_dag.py
[2024-07-09T13:28:13.596+0000] {processor.py:830} INFO - Processing file /home/airflow/.local/lib/python3.11/site-packages/airflow/example_dags/example_sla_dag.py for tasks to queue
[2024-07-09T13:28:13.596+0000] {logging_mixin.py:188} INFO - [2024-07-09T13:28:13.596+0000] {dagbag.py:540} INFO - Filling up the DagBag from /home/airflow/.local/lib/python3.11/site-packages/airflow/example_dags/example_sla_dag.py
[2024-07-09T13:28:13.603+0000] {processor.py:840} INFO - DAG(s) 'example_sla_dag' retrieved from /home/airflow/.local/lib/python3.11/site-packages/airflow/example_dags/example_sla_dag.py
[2024-07-09T13:28:13.623+0000] {logging_mixin.py:188} INFO - [2024-07-09T13:28:13.622+0000] {dag.py:3047} INFO - Sync 1 DAGs
[2024-07-09T13:28:13.642+0000] {logging_mixin.py:188} INFO - [2024-07-09T13:28:13.642+0000] {dag.py:3834} INFO - Setting next_dagrun for example_sla_dag to 2024-07-09 13:26:00+00:00, run_after=2024-07-09 13:28:00+00:00
[2024-07-09T13:28:13.656+0000] {processor.py:183} INFO - Processing /home/airflow/.local/lib/python3.11/site-packages/airflow/example_dags/example_sla_dag.py took 0.065 seconds
[2024-07-09T13:28:44.087+0000] {processor.py:161} INFO - Started process (PID=1675) to work on /home/airflow/.local/lib/python3.11/site-packages/airflow/example_dags/example_sla_dag.py
[2024-07-09T13:28:44.088+0000] {processor.py:830} INFO - Processing file /home/airflow/.local/lib/python3.11/site-packages/airflow/example_dags/example_sla_dag.py for tasks to queue
[2024-07-09T13:28:44.089+0000] {logging_mixin.py:188} INFO - [2024-07-09T13:28:44.089+0000] {dagbag.py:540} INFO - Filling up the DagBag from /home/airflow/.local/lib/python3.11/site-packages/airflow/example_dags/example_sla_dag.py
[2024-07-09T13:28:44.095+0000] {processor.py:840} INFO - DAG(s) 'example_sla_dag' retrieved from /home/airflow/.local/lib/python3.11/site-packages/airflow/example_dags/example_sla_dag.py
[2024-07-09T13:28:44.115+0000] {logging_mixin.py:188} INFO - [2024-07-09T13:28:44.115+0000] {dag.py:3047} INFO - Sync 1 DAGs
[2024-07-09T13:28:44.135+0000] {logging_mixin.py:188} INFO - [2024-07-09T13:28:44.135+0000] {dag.py:3834} INFO - Setting next_dagrun for example_sla_dag to 2024-07-09 13:26:00+00:00, run_after=2024-07-09 13:28:00+00:00
[2024-07-09T13:28:44.151+0000] {processor.py:183} INFO - Processing /home/airflow/.local/lib/python3.11/site-packages/airflow/example_dags/example_sla_dag.py took 0.066 seconds
[2024-07-09T13:29:14.432+0000] {processor.py:161} INFO - Started process (PID=1945) to work on /home/airflow/.local/lib/python3.11/site-packages/airflow/example_dags/example_sla_dag.py
[2024-07-09T13:29:14.433+0000] {processor.py:830} INFO - Processing file /home/airflow/.local/lib/python3.11/site-packages/airflow/example_dags/example_sla_dag.py for tasks to queue
[2024-07-09T13:29:14.434+0000] {logging_mixin.py:188} INFO - [2024-07-09T13:29:14.434+0000] {dagbag.py:540} INFO - Filling up the DagBag from /home/airflow/.local/lib/python3.11/site-packages/airflow/example_dags/example_sla_dag.py
[2024-07-09T13:29:14.440+0000] {processor.py:840} INFO - DAG(s) 'example_sla_dag' retrieved from /home/airflow/.local/lib/python3.11/site-packages/airflow/example_dags/example_sla_dag.py
[2024-07-09T13:29:14.460+0000] {logging_mixin.py:188} INFO - [2024-07-09T13:29:14.460+0000] {dag.py:3047} INFO - Sync 1 DAGs
[2024-07-09T13:29:14.479+0000] {logging_mixin.py:188} INFO - [2024-07-09T13:29:14.479+0000] {dag.py:3834} INFO - Setting next_dagrun for example_sla_dag to 2024-07-09 13:26:00+00:00, run_after=2024-07-09 13:28:00+00:00
[2024-07-09T13:29:14.494+0000] {processor.py:183} INFO - Processing /home/airflow/.local/lib/python3.11/site-packages/airflow/example_dags/example_sla_dag.py took 0.064 seconds
[2024-07-09T13:29:44.823+0000] {processor.py:161} INFO - Started process (PID=2215) to work on /home/airflow/.local/lib/python3.11/site-packages/airflow/example_dags/example_sla_dag.py
[2024-07-09T13:29:44.824+0000] {processor.py:830} INFO - Processing file /home/airflow/.local/lib/python3.11/site-packages/airflow/example_dags/example_sla_dag.py for tasks to queue
[2024-07-09T13:29:44.825+0000] {logging_mixin.py:188} INFO - [2024-07-09T13:29:44.824+0000] {dagbag.py:540} INFO - Filling up the DagBag from /home/airflow/.local/lib/python3.11/site-packages/airflow/example_dags/example_sla_dag.py
[2024-07-09T13:29:44.832+0000] {processor.py:840} INFO - DAG(s) 'example_sla_dag' retrieved from /home/airflow/.local/lib/python3.11/site-packages/airflow/example_dags/example_sla_dag.py
[2024-07-09T13:29:44.852+0000] {logging_mixin.py:188} INFO - [2024-07-09T13:29:44.852+0000] {dag.py:3047} INFO - Sync 1 DAGs
[2024-07-09T13:29:44.871+0000] {logging_mixin.py:188} INFO - [2024-07-09T13:29:44.871+0000] {dag.py:3834} INFO - Setting next_dagrun for example_sla_dag to 2024-07-09 13:26:00+00:00, run_after=2024-07-09 13:28:00+00:00
[2024-07-09T13:29:44.887+0000] {processor.py:183} INFO - Processing /home/airflow/.local/lib/python3.11/site-packages/airflow/example_dags/example_sla_dag.py took 0.067 seconds
[2024-07-09T13:31:39.025+0000] {processor.py:161} INFO - Started process (PID=324) to work on /home/airflow/.local/lib/python3.11/site-packages/airflow/example_dags/example_sla_dag.py
[2024-07-09T13:31:39.026+0000] {processor.py:830} INFO - Processing file /home/airflow/.local/lib/python3.11/site-packages/airflow/example_dags/example_sla_dag.py for tasks to queue
[2024-07-09T13:31:39.027+0000] {logging_mixin.py:188} INFO - [2024-07-09T13:31:39.026+0000] {dagbag.py:540} INFO - Filling up the DagBag from /home/airflow/.local/lib/python3.11/site-packages/airflow/example_dags/example_sla_dag.py
[2024-07-09T13:31:39.034+0000] {processor.py:840} INFO - DAG(s) 'example_sla_dag' retrieved from /home/airflow/.local/lib/python3.11/site-packages/airflow/example_dags/example_sla_dag.py
[2024-07-09T13:31:39.120+0000] {logging_mixin.py:188} INFO - [2024-07-09T13:31:39.120+0000] {override.py:1769} INFO - Created Permission View: can edit on DAG:example_sla_dag
[2024-07-09T13:31:39.129+0000] {logging_mixin.py:188} INFO - [2024-07-09T13:31:39.128+0000] {override.py:1769} INFO - Created Permission View: can delete on DAG:example_sla_dag
[2024-07-09T13:31:39.135+0000] {logging_mixin.py:188} INFO - [2024-07-09T13:31:39.135+0000] {override.py:1769} INFO - Created Permission View: can read on DAG:example_sla_dag
[2024-07-09T13:31:39.136+0000] {logging_mixin.py:188} INFO - [2024-07-09T13:31:39.136+0000] {dag.py:3047} INFO - Sync 1 DAGs
[2024-07-09T13:31:39.146+0000] {logging_mixin.py:188} INFO - [2024-07-09T13:31:39.146+0000] {dag.py:3069} INFO - Creating ORM DAG for example_sla_dag
[2024-07-09T13:31:39.156+0000] {logging_mixin.py:188} INFO - [2024-07-09T13:31:39.156+0000] {dag.py:3834} INFO - Setting next_dagrun for example_sla_dag to 2024-07-09 13:28:00+00:00, run_after=2024-07-09 13:30:00+00:00
[2024-07-09T13:31:39.168+0000] {processor.py:183} INFO - Processing /home/airflow/.local/lib/python3.11/site-packages/airflow/example_dags/example_sla_dag.py took 0.146 seconds
[2024-07-09T13:32:10.049+0000] {processor.py:161} INFO - Started process (PID=594) to work on /home/airflow/.local/lib/python3.11/site-packages/airflow/example_dags/example_sla_dag.py
[2024-07-09T13:32:10.050+0000] {processor.py:830} INFO - Processing file /home/airflow/.local/lib/python3.11/site-packages/airflow/example_dags/example_sla_dag.py for tasks to queue
[2024-07-09T13:32:10.051+0000] {logging_mixin.py:188} INFO - [2024-07-09T13:32:10.050+0000] {dagbag.py:540} INFO - Filling up the DagBag from /home/airflow/.local/lib/python3.11/site-packages/airflow/example_dags/example_sla_dag.py
[2024-07-09T13:32:10.058+0000] {processor.py:840} INFO - DAG(s) 'example_sla_dag' retrieved from /home/airflow/.local/lib/python3.11/site-packages/airflow/example_dags/example_sla_dag.py
[2024-07-09T13:32:10.084+0000] {logging_mixin.py:188} INFO - [2024-07-09T13:32:10.084+0000] {dag.py:3047} INFO - Sync 1 DAGs
[2024-07-09T13:32:10.108+0000] {logging_mixin.py:188} INFO - [2024-07-09T13:32:10.107+0000] {dag.py:3834} INFO - Setting next_dagrun for example_sla_dag to 2024-07-09 13:30:00+00:00, run_after=2024-07-09 13:32:00+00:00
[2024-07-09T13:32:10.128+0000] {processor.py:183} INFO - Processing /home/airflow/.local/lib/python3.11/site-packages/airflow/example_dags/example_sla_dag.py took 0.083 seconds
[2024-07-09T13:32:40.473+0000] {processor.py:161} INFO - Started process (PID=864) to work on /home/airflow/.local/lib/python3.11/site-packages/airflow/example_dags/example_sla_dag.py
[2024-07-09T13:32:40.474+0000] {processor.py:830} INFO - Processing file /home/airflow/.local/lib/python3.11/site-packages/airflow/example_dags/example_sla_dag.py for tasks to queue
[2024-07-09T13:32:40.475+0000] {logging_mixin.py:188} INFO - [2024-07-09T13:32:40.475+0000] {dagbag.py:540} INFO - Filling up the DagBag from /home/airflow/.local/lib/python3.11/site-packages/airflow/example_dags/example_sla_dag.py
[2024-07-09T13:32:40.482+0000] {processor.py:840} INFO - DAG(s) 'example_sla_dag' retrieved from /home/airflow/.local/lib/python3.11/site-packages/airflow/example_dags/example_sla_dag.py
[2024-07-09T13:32:40.502+0000] {logging_mixin.py:188} INFO - [2024-07-09T13:32:40.502+0000] {dag.py:3047} INFO - Sync 1 DAGs
[2024-07-09T13:32:40.522+0000] {logging_mixin.py:188} INFO - [2024-07-09T13:32:40.522+0000] {dag.py:3834} INFO - Setting next_dagrun for example_sla_dag to 2024-07-09 13:30:00+00:00, run_after=2024-07-09 13:32:00+00:00
[2024-07-09T13:32:40.537+0000] {processor.py:183} INFO - Processing /home/airflow/.local/lib/python3.11/site-packages/airflow/example_dags/example_sla_dag.py took 0.067 seconds
[2024-07-09T13:33:11.026+0000] {processor.py:161} INFO - Started process (PID=1136) to work on /home/airflow/.local/lib/python3.11/site-packages/airflow/example_dags/example_sla_dag.py
[2024-07-09T13:33:11.027+0000] {processor.py:830} INFO - Processing file /home/airflow/.local/lib/python3.11/site-packages/airflow/example_dags/example_sla_dag.py for tasks to queue
[2024-07-09T13:33:11.028+0000] {logging_mixin.py:188} INFO - [2024-07-09T13:33:11.028+0000] {dagbag.py:540} INFO - Filling up the DagBag from /home/airflow/.local/lib/python3.11/site-packages/airflow/example_dags/example_sla_dag.py
[2024-07-09T13:33:11.034+0000] {processor.py:840} INFO - DAG(s) 'example_sla_dag' retrieved from /home/airflow/.local/lib/python3.11/site-packages/airflow/example_dags/example_sla_dag.py
[2024-07-09T13:33:11.155+0000] {logging_mixin.py:188} INFO - [2024-07-09T13:33:11.155+0000] {dag.py:3047} INFO - Sync 1 DAGs
[2024-07-09T13:33:11.172+0000] {logging_mixin.py:188} INFO - [2024-07-09T13:33:11.172+0000] {dag.py:3834} INFO - Setting next_dagrun for example_sla_dag to 2024-07-09 13:30:00+00:00, run_after=2024-07-09 13:32:00+00:00
[2024-07-09T13:33:11.186+0000] {processor.py:183} INFO - Processing /home/airflow/.local/lib/python3.11/site-packages/airflow/example_dags/example_sla_dag.py took 0.162 seconds
[2024-07-09T13:33:41.979+0000] {processor.py:161} INFO - Started process (PID=1405) to work on /home/airflow/.local/lib/python3.11/site-packages/airflow/example_dags/example_sla_dag.py
[2024-07-09T13:33:41.980+0000] {processor.py:830} INFO - Processing file /home/airflow/.local/lib/python3.11/site-packages/airflow/example_dags/example_sla_dag.py for tasks to queue
[2024-07-09T13:33:41.981+0000] {logging_mixin.py:188} INFO - [2024-07-09T13:33:41.981+0000] {dagbag.py:540} INFO - Filling up the DagBag from /home/airflow/.local/lib/python3.11/site-packages/airflow/example_dags/example_sla_dag.py
[2024-07-09T13:33:41.988+0000] {processor.py:840} INFO - DAG(s) 'example_sla_dag' retrieved from /home/airflow/.local/lib/python3.11/site-packages/airflow/example_dags/example_sla_dag.py
[2024-07-09T13:33:42.008+0000] {logging_mixin.py:188} INFO - [2024-07-09T13:33:42.008+0000] {dag.py:3047} INFO - Sync 1 DAGs
[2024-07-09T13:33:42.029+0000] {logging_mixin.py:188} INFO - [2024-07-09T13:33:42.029+0000] {dag.py:3834} INFO - Setting next_dagrun for example_sla_dag to 2024-07-09 13:30:00+00:00, run_after=2024-07-09 13:32:00+00:00
[2024-07-09T13:33:42.045+0000] {processor.py:183} INFO - Processing /home/airflow/.local/lib/python3.11/site-packages/airflow/example_dags/example_sla_dag.py took 0.068 seconds
[2024-07-09T13:34:12.390+0000] {processor.py:161} INFO - Started process (PID=1674) to work on /home/airflow/.local/lib/python3.11/site-packages/airflow/example_dags/example_sla_dag.py
[2024-07-09T13:34:12.391+0000] {processor.py:830} INFO - Processing file /home/airflow/.local/lib/python3.11/site-packages/airflow/example_dags/example_sla_dag.py for tasks to queue
[2024-07-09T13:34:12.391+0000] {logging_mixin.py:188} INFO - [2024-07-09T13:34:12.391+0000] {dagbag.py:540} INFO - Filling up the DagBag from /home/airflow/.local/lib/python3.11/site-packages/airflow/example_dags/example_sla_dag.py
[2024-07-09T13:34:12.398+0000] {processor.py:840} INFO - DAG(s) 'example_sla_dag' retrieved from /home/airflow/.local/lib/python3.11/site-packages/airflow/example_dags/example_sla_dag.py
[2024-07-09T13:34:12.419+0000] {logging_mixin.py:188} INFO - [2024-07-09T13:34:12.418+0000] {dag.py:3047} INFO - Sync 1 DAGs
[2024-07-09T13:34:12.439+0000] {logging_mixin.py:188} INFO - [2024-07-09T13:34:12.439+0000] {dag.py:3834} INFO - Setting next_dagrun for example_sla_dag to 2024-07-09 13:32:00+00:00, run_after=2024-07-09 13:34:00+00:00
[2024-07-09T13:34:12.456+0000] {processor.py:183} INFO - Processing /home/airflow/.local/lib/python3.11/site-packages/airflow/example_dags/example_sla_dag.py took 0.069 seconds
[2024-07-09T13:34:42.595+0000] {processor.py:161} INFO - Started process (PID=1946) to work on /home/airflow/.local/lib/python3.11/site-packages/airflow/example_dags/example_sla_dag.py
[2024-07-09T13:34:42.596+0000] {processor.py:830} INFO - Processing file /home/airflow/.local/lib/python3.11/site-packages/airflow/example_dags/example_sla_dag.py for tasks to queue
[2024-07-09T13:34:42.597+0000] {logging_mixin.py:188} INFO - [2024-07-09T13:34:42.597+0000] {dagbag.py:540} INFO - Filling up the DagBag from /home/airflow/.local/lib/python3.11/site-packages/airflow/example_dags/example_sla_dag.py
[2024-07-09T13:34:42.603+0000] {processor.py:840} INFO - DAG(s) 'example_sla_dag' retrieved from /home/airflow/.local/lib/python3.11/site-packages/airflow/example_dags/example_sla_dag.py
[2024-07-09T13:34:42.623+0000] {logging_mixin.py:188} INFO - [2024-07-09T13:34:42.623+0000] {dag.py:3047} INFO - Sync 1 DAGs
[2024-07-09T13:34:42.643+0000] {logging_mixin.py:188} INFO - [2024-07-09T13:34:42.642+0000] {dag.py:3834} INFO - Setting next_dagrun for example_sla_dag to 2024-07-09 13:32:00+00:00, run_after=2024-07-09 13:34:00+00:00
[2024-07-09T13:34:42.658+0000] {processor.py:183} INFO - Processing /home/airflow/.local/lib/python3.11/site-packages/airflow/example_dags/example_sla_dag.py took 0.065 seconds
[2024-07-09T13:35:12.910+0000] {processor.py:161} INFO - Started process (PID=2214) to work on /home/airflow/.local/lib/python3.11/site-packages/airflow/example_dags/example_sla_dag.py
[2024-07-09T13:35:12.911+0000] {processor.py:830} INFO - Processing file /home/airflow/.local/lib/python3.11/site-packages/airflow/example_dags/example_sla_dag.py for tasks to queue
[2024-07-09T13:35:12.911+0000] {logging_mixin.py:188} INFO - [2024-07-09T13:35:12.911+0000] {dagbag.py:540} INFO - Filling up the DagBag from /home/airflow/.local/lib/python3.11/site-packages/airflow/example_dags/example_sla_dag.py
[2024-07-09T13:35:12.918+0000] {processor.py:840} INFO - DAG(s) 'example_sla_dag' retrieved from /home/airflow/.local/lib/python3.11/site-packages/airflow/example_dags/example_sla_dag.py
[2024-07-09T13:35:12.938+0000] {logging_mixin.py:188} INFO - [2024-07-09T13:35:12.938+0000] {dag.py:3047} INFO - Sync 1 DAGs
[2024-07-09T13:35:12.958+0000] {logging_mixin.py:188} INFO - [2024-07-09T13:35:12.957+0000] {dag.py:3834} INFO - Setting next_dagrun for example_sla_dag to 2024-07-09 13:32:00+00:00, run_after=2024-07-09 13:34:00+00:00
[2024-07-09T13:35:12.974+0000] {processor.py:183} INFO - Processing /home/airflow/.local/lib/python3.11/site-packages/airflow/example_dags/example_sla_dag.py took 0.067 seconds
[2024-07-09T13:35:43.299+0000] {processor.py:161} INFO - Started process (PID=2484) to work on /home/airflow/.local/lib/python3.11/site-packages/airflow/example_dags/example_sla_dag.py
[2024-07-09T13:35:43.300+0000] {processor.py:830} INFO - Processing file /home/airflow/.local/lib/python3.11/site-packages/airflow/example_dags/example_sla_dag.py for tasks to queue
[2024-07-09T13:35:43.301+0000] {logging_mixin.py:188} INFO - [2024-07-09T13:35:43.301+0000] {dagbag.py:540} INFO - Filling up the DagBag from /home/airflow/.local/lib/python3.11/site-packages/airflow/example_dags/example_sla_dag.py
[2024-07-09T13:35:43.307+0000] {processor.py:840} INFO - DAG(s) 'example_sla_dag' retrieved from /home/airflow/.local/lib/python3.11/site-packages/airflow/example_dags/example_sla_dag.py
[2024-07-09T13:35:43.326+0000] {logging_mixin.py:188} INFO - [2024-07-09T13:35:43.326+0000] {dag.py:3047} INFO - Sync 1 DAGs
[2024-07-09T13:35:43.346+0000] {logging_mixin.py:188} INFO - [2024-07-09T13:35:43.346+0000] {dag.py:3834} INFO - Setting next_dagrun for example_sla_dag to 2024-07-09 13:32:00+00:00, run_after=2024-07-09 13:34:00+00:00
[2024-07-09T13:35:43.360+0000] {processor.py:183} INFO - Processing /home/airflow/.local/lib/python3.11/site-packages/airflow/example_dags/example_sla_dag.py took 0.063 seconds
[2024-07-09T13:36:13.764+0000] {processor.py:161} INFO - Started process (PID=2756) to work on /home/airflow/.local/lib/python3.11/site-packages/airflow/example_dags/example_sla_dag.py
[2024-07-09T13:36:13.765+0000] {processor.py:830} INFO - Processing file /home/airflow/.local/lib/python3.11/site-packages/airflow/example_dags/example_sla_dag.py for tasks to queue
[2024-07-09T13:36:13.765+0000] {logging_mixin.py:188} INFO - [2024-07-09T13:36:13.765+0000] {dagbag.py:540} INFO - Filling up the DagBag from /home/airflow/.local/lib/python3.11/site-packages/airflow/example_dags/example_sla_dag.py
[2024-07-09T13:36:13.772+0000] {processor.py:840} INFO - DAG(s) 'example_sla_dag' retrieved from /home/airflow/.local/lib/python3.11/site-packages/airflow/example_dags/example_sla_dag.py
[2024-07-09T13:36:13.792+0000] {logging_mixin.py:188} INFO - [2024-07-09T13:36:13.791+0000] {dag.py:3047} INFO - Sync 1 DAGs
[2024-07-09T13:36:13.812+0000] {logging_mixin.py:188} INFO - [2024-07-09T13:36:13.811+0000] {dag.py:3834} INFO - Setting next_dagrun for example_sla_dag to 2024-07-09 13:34:00+00:00, run_after=2024-07-09 13:36:00+00:00
[2024-07-09T13:36:13.828+0000] {processor.py:183} INFO - Processing /home/airflow/.local/lib/python3.11/site-packages/airflow/example_dags/example_sla_dag.py took 0.067 seconds
[2024-07-09T13:36:44.060+0000] {processor.py:161} INFO - Started process (PID=3025) to work on /home/airflow/.local/lib/python3.11/site-packages/airflow/example_dags/example_sla_dag.py
[2024-07-09T13:36:44.061+0000] {processor.py:830} INFO - Processing file /home/airflow/.local/lib/python3.11/site-packages/airflow/example_dags/example_sla_dag.py for tasks to queue
[2024-07-09T13:36:44.061+0000] {logging_mixin.py:188} INFO - [2024-07-09T13:36:44.061+0000] {dagbag.py:540} INFO - Filling up the DagBag from /home/airflow/.local/lib/python3.11/site-packages/airflow/example_dags/example_sla_dag.py
[2024-07-09T13:36:44.068+0000] {processor.py:840} INFO - DAG(s) 'example_sla_dag' retrieved from /home/airflow/.local/lib/python3.11/site-packages/airflow/example_dags/example_sla_dag.py
[2024-07-09T13:36:44.087+0000] {logging_mixin.py:188} INFO - [2024-07-09T13:36:44.087+0000] {dag.py:3047} INFO - Sync 1 DAGs
[2024-07-09T13:36:44.106+0000] {logging_mixin.py:188} INFO - [2024-07-09T13:36:44.106+0000] {dag.py:3834} INFO - Setting next_dagrun for example_sla_dag to 2024-07-09 13:34:00+00:00, run_after=2024-07-09 13:36:00+00:00
[2024-07-09T13:36:44.122+0000] {processor.py:183} INFO - Processing /home/airflow/.local/lib/python3.11/site-packages/airflow/example_dags/example_sla_dag.py took 0.064 seconds
[2024-07-09T13:37:14.671+0000] {processor.py:161} INFO - Started process (PID=3296) to work on /home/airflow/.local/lib/python3.11/site-packages/airflow/example_dags/example_sla_dag.py
[2024-07-09T13:37:14.673+0000] {processor.py:830} INFO - Processing file /home/airflow/.local/lib/python3.11/site-packages/airflow/example_dags/example_sla_dag.py for tasks to queue
[2024-07-09T13:37:14.674+0000] {logging_mixin.py:188} INFO - [2024-07-09T13:37:14.673+0000] {dagbag.py:540} INFO - Filling up the DagBag from /home/airflow/.local/lib/python3.11/site-packages/airflow/example_dags/example_sla_dag.py
[2024-07-09T13:37:14.681+0000] {processor.py:840} INFO - DAG(s) 'example_sla_dag' retrieved from /home/airflow/.local/lib/python3.11/site-packages/airflow/example_dags/example_sla_dag.py
[2024-07-09T13:37:14.701+0000] {logging_mixin.py:188} INFO - [2024-07-09T13:37:14.701+0000] {dag.py:3047} INFO - Sync 1 DAGs
[2024-07-09T13:37:14.725+0000] {logging_mixin.py:188} INFO - [2024-07-09T13:37:14.725+0000] {dag.py:3834} INFO - Setting next_dagrun for example_sla_dag to 2024-07-09 13:34:00+00:00, run_after=2024-07-09 13:36:00+00:00
[2024-07-09T13:37:14.743+0000] {processor.py:183} INFO - Processing /home/airflow/.local/lib/python3.11/site-packages/airflow/example_dags/example_sla_dag.py took 0.075 seconds
[2024-07-09T13:46:12.128+0000] {processor.py:161} INFO - Started process (PID=324) to work on /home/airflow/.local/lib/python3.11/site-packages/airflow/example_dags/example_sla_dag.py
[2024-07-09T13:46:12.129+0000] {processor.py:830} INFO - Processing file /home/airflow/.local/lib/python3.11/site-packages/airflow/example_dags/example_sla_dag.py for tasks to queue
[2024-07-09T13:46:12.130+0000] {logging_mixin.py:188} INFO - [2024-07-09T13:46:12.130+0000] {dagbag.py:540} INFO - Filling up the DagBag from /home/airflow/.local/lib/python3.11/site-packages/airflow/example_dags/example_sla_dag.py
[2024-07-09T13:46:12.137+0000] {processor.py:840} INFO - DAG(s) 'example_sla_dag' retrieved from /home/airflow/.local/lib/python3.11/site-packages/airflow/example_dags/example_sla_dag.py
[2024-07-09T13:46:12.223+0000] {logging_mixin.py:188} INFO - [2024-07-09T13:46:12.223+0000] {override.py:1769} INFO - Created Permission View: can delete on DAG:example_sla_dag
[2024-07-09T13:46:12.232+0000] {logging_mixin.py:188} INFO - [2024-07-09T13:46:12.232+0000] {override.py:1769} INFO - Created Permission View: can read on DAG:example_sla_dag
[2024-07-09T13:46:12.239+0000] {logging_mixin.py:188} INFO - [2024-07-09T13:46:12.239+0000] {override.py:1769} INFO - Created Permission View: can edit on DAG:example_sla_dag
[2024-07-09T13:46:12.239+0000] {logging_mixin.py:188} INFO - [2024-07-09T13:46:12.239+0000] {dag.py:3047} INFO - Sync 1 DAGs
[2024-07-09T13:46:12.249+0000] {logging_mixin.py:188} INFO - [2024-07-09T13:46:12.249+0000] {dag.py:3069} INFO - Creating ORM DAG for example_sla_dag
[2024-07-09T13:46:12.259+0000] {logging_mixin.py:188} INFO - [2024-07-09T13:46:12.259+0000] {dag.py:3834} INFO - Setting next_dagrun for example_sla_dag to 2024-07-09 13:44:00+00:00, run_after=2024-07-09 13:46:00+00:00
[2024-07-09T13:46:12.271+0000] {processor.py:183} INFO - Processing /home/airflow/.local/lib/python3.11/site-packages/airflow/example_dags/example_sla_dag.py took 0.145 seconds
[2024-07-09T13:46:42.794+0000] {processor.py:161} INFO - Started process (PID=596) to work on /home/airflow/.local/lib/python3.11/site-packages/airflow/example_dags/example_sla_dag.py
[2024-07-09T13:46:42.795+0000] {processor.py:830} INFO - Processing file /home/airflow/.local/lib/python3.11/site-packages/airflow/example_dags/example_sla_dag.py for tasks to queue
[2024-07-09T13:46:42.796+0000] {logging_mixin.py:188} INFO - [2024-07-09T13:46:42.796+0000] {dagbag.py:540} INFO - Filling up the DagBag from /home/airflow/.local/lib/python3.11/site-packages/airflow/example_dags/example_sla_dag.py
[2024-07-09T13:46:42.802+0000] {processor.py:840} INFO - DAG(s) 'example_sla_dag' retrieved from /home/airflow/.local/lib/python3.11/site-packages/airflow/example_dags/example_sla_dag.py
[2024-07-09T13:46:42.821+0000] {logging_mixin.py:188} INFO - [2024-07-09T13:46:42.821+0000] {dag.py:3047} INFO - Sync 1 DAGs
[2024-07-09T13:46:42.841+0000] {logging_mixin.py:188} INFO - [2024-07-09T13:46:42.841+0000] {dag.py:3834} INFO - Setting next_dagrun for example_sla_dag to 2024-07-09 13:44:00+00:00, run_after=2024-07-09 13:46:00+00:00
[2024-07-09T13:46:42.857+0000] {processor.py:183} INFO - Processing /home/airflow/.local/lib/python3.11/site-packages/airflow/example_dags/example_sla_dag.py took 0.065 seconds
[2024-07-09T13:47:13.546+0000] {processor.py:161} INFO - Started process (PID=864) to work on /home/airflow/.local/lib/python3.11/site-packages/airflow/example_dags/example_sla_dag.py
[2024-07-09T13:47:13.547+0000] {processor.py:830} INFO - Processing file /home/airflow/.local/lib/python3.11/site-packages/airflow/example_dags/example_sla_dag.py for tasks to queue
[2024-07-09T13:47:13.548+0000] {logging_mixin.py:188} INFO - [2024-07-09T13:47:13.548+0000] {dagbag.py:540} INFO - Filling up the DagBag from /home/airflow/.local/lib/python3.11/site-packages/airflow/example_dags/example_sla_dag.py
[2024-07-09T13:47:13.555+0000] {processor.py:840} INFO - DAG(s) 'example_sla_dag' retrieved from /home/airflow/.local/lib/python3.11/site-packages/airflow/example_dags/example_sla_dag.py
[2024-07-09T13:47:13.574+0000] {logging_mixin.py:188} INFO - [2024-07-09T13:47:13.574+0000] {dag.py:3047} INFO - Sync 1 DAGs
[2024-07-09T13:47:13.594+0000] {logging_mixin.py:188} INFO - [2024-07-09T13:47:13.594+0000] {dag.py:3834} INFO - Setting next_dagrun for example_sla_dag to 2024-07-09 13:44:00+00:00, run_after=2024-07-09 13:46:00+00:00
[2024-07-09T13:47:13.610+0000] {processor.py:183} INFO - Processing /home/airflow/.local/lib/python3.11/site-packages/airflow/example_dags/example_sla_dag.py took 0.066 seconds
[2024-07-09T13:47:44.428+0000] {processor.py:161} INFO - Started process (PID=1134) to work on /home/airflow/.local/lib/python3.11/site-packages/airflow/example_dags/example_sla_dag.py
[2024-07-09T13:47:44.429+0000] {processor.py:830} INFO - Processing file /home/airflow/.local/lib/python3.11/site-packages/airflow/example_dags/example_sla_dag.py for tasks to queue
[2024-07-09T13:47:44.430+0000] {logging_mixin.py:188} INFO - [2024-07-09T13:47:44.429+0000] {dagbag.py:540} INFO - Filling up the DagBag from /home/airflow/.local/lib/python3.11/site-packages/airflow/example_dags/example_sla_dag.py
[2024-07-09T13:47:44.436+0000] {processor.py:840} INFO - DAG(s) 'example_sla_dag' retrieved from /home/airflow/.local/lib/python3.11/site-packages/airflow/example_dags/example_sla_dag.py
[2024-07-09T13:47:44.570+0000] {logging_mixin.py:188} INFO - [2024-07-09T13:47:44.570+0000] {dag.py:3047} INFO - Sync 1 DAGs
[2024-07-09T13:47:44.588+0000] {logging_mixin.py:188} INFO - [2024-07-09T13:47:44.588+0000] {dag.py:3834} INFO - Setting next_dagrun for example_sla_dag to 2024-07-09 13:44:00+00:00, run_after=2024-07-09 13:46:00+00:00
[2024-07-09T13:47:44.603+0000] {processor.py:183} INFO - Processing /home/airflow/.local/lib/python3.11/site-packages/airflow/example_dags/example_sla_dag.py took 0.178 seconds
[2024-07-09T13:48:15.134+0000] {processor.py:161} INFO - Started process (PID=1404) to work on /home/airflow/.local/lib/python3.11/site-packages/airflow/example_dags/example_sla_dag.py
[2024-07-09T13:48:15.135+0000] {processor.py:830} INFO - Processing file /home/airflow/.local/lib/python3.11/site-packages/airflow/example_dags/example_sla_dag.py for tasks to queue
[2024-07-09T13:48:15.136+0000] {logging_mixin.py:188} INFO - [2024-07-09T13:48:15.136+0000] {dagbag.py:540} INFO - Filling up the DagBag from /home/airflow/.local/lib/python3.11/site-packages/airflow/example_dags/example_sla_dag.py
[2024-07-09T13:48:15.142+0000] {processor.py:840} INFO - DAG(s) 'example_sla_dag' retrieved from /home/airflow/.local/lib/python3.11/site-packages/airflow/example_dags/example_sla_dag.py
[2024-07-09T13:48:15.163+0000] {logging_mixin.py:188} INFO - [2024-07-09T13:48:15.163+0000] {dag.py:3047} INFO - Sync 1 DAGs
[2024-07-09T13:48:15.183+0000] {logging_mixin.py:188} INFO - [2024-07-09T13:48:15.183+0000] {dag.py:3834} INFO - Setting next_dagrun for example_sla_dag to 2024-07-09 13:46:00+00:00, run_after=2024-07-09 13:48:00+00:00
[2024-07-09T13:48:15.199+0000] {processor.py:183} INFO - Processing /home/airflow/.local/lib/python3.11/site-packages/airflow/example_dags/example_sla_dag.py took 0.068 seconds
[2024-07-09T13:48:45.521+0000] {processor.py:161} INFO - Started process (PID=1674) to work on /home/airflow/.local/lib/python3.11/site-packages/airflow/example_dags/example_sla_dag.py
[2024-07-09T13:48:45.522+0000] {processor.py:830} INFO - Processing file /home/airflow/.local/lib/python3.11/site-packages/airflow/example_dags/example_sla_dag.py for tasks to queue
[2024-07-09T13:48:45.523+0000] {logging_mixin.py:188} INFO - [2024-07-09T13:48:45.522+0000] {dagbag.py:540} INFO - Filling up the DagBag from /home/airflow/.local/lib/python3.11/site-packages/airflow/example_dags/example_sla_dag.py
[2024-07-09T13:48:45.529+0000] {processor.py:840} INFO - DAG(s) 'example_sla_dag' retrieved from /home/airflow/.local/lib/python3.11/site-packages/airflow/example_dags/example_sla_dag.py
[2024-07-09T13:48:45.548+0000] {logging_mixin.py:188} INFO - [2024-07-09T13:48:45.548+0000] {dag.py:3047} INFO - Sync 1 DAGs
[2024-07-09T13:48:45.568+0000] {logging_mixin.py:188} INFO - [2024-07-09T13:48:45.567+0000] {dag.py:3834} INFO - Setting next_dagrun for example_sla_dag to 2024-07-09 13:46:00+00:00, run_after=2024-07-09 13:48:00+00:00
[2024-07-09T13:48:45.582+0000] {processor.py:183} INFO - Processing /home/airflow/.local/lib/python3.11/site-packages/airflow/example_dags/example_sla_dag.py took 0.064 seconds
[2024-07-09T13:49:16.042+0000] {processor.py:161} INFO - Started process (PID=1944) to work on /home/airflow/.local/lib/python3.11/site-packages/airflow/example_dags/example_sla_dag.py
[2024-07-09T13:49:16.043+0000] {processor.py:830} INFO - Processing file /home/airflow/.local/lib/python3.11/site-packages/airflow/example_dags/example_sla_dag.py for tasks to queue
[2024-07-09T13:49:16.044+0000] {logging_mixin.py:188} INFO - [2024-07-09T13:49:16.044+0000] {dagbag.py:540} INFO - Filling up the DagBag from /home/airflow/.local/lib/python3.11/site-packages/airflow/example_dags/example_sla_dag.py
[2024-07-09T13:49:16.051+0000] {processor.py:840} INFO - DAG(s) 'example_sla_dag' retrieved from /home/airflow/.local/lib/python3.11/site-packages/airflow/example_dags/example_sla_dag.py
[2024-07-09T13:49:16.073+0000] {logging_mixin.py:188} INFO - [2024-07-09T13:49:16.073+0000] {dag.py:3047} INFO - Sync 1 DAGs
[2024-07-09T13:49:16.095+0000] {logging_mixin.py:188} INFO - [2024-07-09T13:49:16.095+0000] {dag.py:3834} INFO - Setting next_dagrun for example_sla_dag to 2024-07-09 13:46:00+00:00, run_after=2024-07-09 13:48:00+00:00
[2024-07-09T13:49:16.114+0000] {processor.py:183} INFO - Processing /home/airflow/.local/lib/python3.11/site-packages/airflow/example_dags/example_sla_dag.py took 0.074 seconds
[2024-07-09T13:49:47.053+0000] {processor.py:161} INFO - Started process (PID=2214) to work on /home/airflow/.local/lib/python3.11/site-packages/airflow/example_dags/example_sla_dag.py
[2024-07-09T13:49:47.055+0000] {processor.py:830} INFO - Processing file /home/airflow/.local/lib/python3.11/site-packages/airflow/example_dags/example_sla_dag.py for tasks to queue
[2024-07-09T13:49:47.056+0000] {logging_mixin.py:188} INFO - [2024-07-09T13:49:47.055+0000] {dagbag.py:540} INFO - Filling up the DagBag from /home/airflow/.local/lib/python3.11/site-packages/airflow/example_dags/example_sla_dag.py
[2024-07-09T13:49:47.065+0000] {processor.py:840} INFO - DAG(s) 'example_sla_dag' retrieved from /home/airflow/.local/lib/python3.11/site-packages/airflow/example_dags/example_sla_dag.py
[2024-07-09T13:49:47.092+0000] {logging_mixin.py:188} INFO - [2024-07-09T13:49:47.092+0000] {dag.py:3047} INFO - Sync 1 DAGs
[2024-07-09T13:49:47.122+0000] {logging_mixin.py:188} INFO - [2024-07-09T13:49:47.122+0000] {dag.py:3834} INFO - Setting next_dagrun for example_sla_dag to 2024-07-09 13:46:00+00:00, run_after=2024-07-09 13:48:00+00:00
[2024-07-09T13:49:47.141+0000] {processor.py:183} INFO - Processing /home/airflow/.local/lib/python3.11/site-packages/airflow/example_dags/example_sla_dag.py took 0.092 seconds
[2024-07-09T13:50:17.573+0000] {processor.py:161} INFO - Started process (PID=2484) to work on /home/airflow/.local/lib/python3.11/site-packages/airflow/example_dags/example_sla_dag.py
[2024-07-09T13:50:17.574+0000] {processor.py:830} INFO - Processing file /home/airflow/.local/lib/python3.11/site-packages/airflow/example_dags/example_sla_dag.py for tasks to queue
[2024-07-09T13:50:17.574+0000] {logging_mixin.py:188} INFO - [2024-07-09T13:50:17.574+0000] {dagbag.py:540} INFO - Filling up the DagBag from /home/airflow/.local/lib/python3.11/site-packages/airflow/example_dags/example_sla_dag.py
[2024-07-09T13:50:17.581+0000] {processor.py:840} INFO - DAG(s) 'example_sla_dag' retrieved from /home/airflow/.local/lib/python3.11/site-packages/airflow/example_dags/example_sla_dag.py
[2024-07-09T13:50:17.600+0000] {logging_mixin.py:188} INFO - [2024-07-09T13:50:17.600+0000] {dag.py:3047} INFO - Sync 1 DAGs
[2024-07-09T13:50:17.619+0000] {logging_mixin.py:188} INFO - [2024-07-09T13:50:17.619+0000] {dag.py:3834} INFO - Setting next_dagrun for example_sla_dag to 2024-07-09 13:48:00+00:00, run_after=2024-07-09 13:50:00+00:00
[2024-07-09T13:50:17.635+0000] {processor.py:183} INFO - Processing /home/airflow/.local/lib/python3.11/site-packages/airflow/example_dags/example_sla_dag.py took 0.065 seconds
[2024-07-09T13:50:47.997+0000] {processor.py:161} INFO - Started process (PID=2754) to work on /home/airflow/.local/lib/python3.11/site-packages/airflow/example_dags/example_sla_dag.py
[2024-07-09T13:50:47.998+0000] {processor.py:830} INFO - Processing file /home/airflow/.local/lib/python3.11/site-packages/airflow/example_dags/example_sla_dag.py for tasks to queue
[2024-07-09T13:50:47.998+0000] {logging_mixin.py:188} INFO - [2024-07-09T13:50:47.998+0000] {dagbag.py:540} INFO - Filling up the DagBag from /home/airflow/.local/lib/python3.11/site-packages/airflow/example_dags/example_sla_dag.py
[2024-07-09T13:50:48.005+0000] {processor.py:840} INFO - DAG(s) 'example_sla_dag' retrieved from /home/airflow/.local/lib/python3.11/site-packages/airflow/example_dags/example_sla_dag.py
[2024-07-09T13:50:48.024+0000] {logging_mixin.py:188} INFO - [2024-07-09T13:50:48.024+0000] {dag.py:3047} INFO - Sync 1 DAGs
[2024-07-09T13:50:48.045+0000] {logging_mixin.py:188} INFO - [2024-07-09T13:50:48.044+0000] {dag.py:3834} INFO - Setting next_dagrun for example_sla_dag to 2024-07-09 13:48:00+00:00, run_after=2024-07-09 13:50:00+00:00
[2024-07-09T13:50:48.060+0000] {processor.py:183} INFO - Processing /home/airflow/.local/lib/python3.11/site-packages/airflow/example_dags/example_sla_dag.py took 0.066 seconds
[2024-07-09T13:51:18.366+0000] {processor.py:161} INFO - Started process (PID=3024) to work on /home/airflow/.local/lib/python3.11/site-packages/airflow/example_dags/example_sla_dag.py
[2024-07-09T13:51:18.367+0000] {processor.py:830} INFO - Processing file /home/airflow/.local/lib/python3.11/site-packages/airflow/example_dags/example_sla_dag.py for tasks to queue
[2024-07-09T13:51:18.367+0000] {logging_mixin.py:188} INFO - [2024-07-09T13:51:18.367+0000] {dagbag.py:540} INFO - Filling up the DagBag from /home/airflow/.local/lib/python3.11/site-packages/airflow/example_dags/example_sla_dag.py
[2024-07-09T13:51:18.374+0000] {processor.py:840} INFO - DAG(s) 'example_sla_dag' retrieved from /home/airflow/.local/lib/python3.11/site-packages/airflow/example_dags/example_sla_dag.py
[2024-07-09T13:51:18.395+0000] {logging_mixin.py:188} INFO - [2024-07-09T13:51:18.395+0000] {dag.py:3047} INFO - Sync 1 DAGs
[2024-07-09T13:51:18.415+0000] {logging_mixin.py:188} INFO - [2024-07-09T13:51:18.415+0000] {dag.py:3834} INFO - Setting next_dagrun for example_sla_dag to 2024-07-09 13:48:00+00:00, run_after=2024-07-09 13:50:00+00:00
[2024-07-09T13:51:18.431+0000] {processor.py:183} INFO - Processing /home/airflow/.local/lib/python3.11/site-packages/airflow/example_dags/example_sla_dag.py took 0.068 seconds
