[2024-07-09T13:18:50.546+0000] {processor.py:161} INFO - Started process (PID=369) to work on /home/airflow/.local/lib/python3.11/site-packages/airflow/example_dags/example_setup_teardown.py
[2024-07-09T13:18:50.547+0000] {processor.py:830} INFO - Processing file /home/airflow/.local/lib/python3.11/site-packages/airflow/example_dags/example_setup_teardown.py for tasks to queue
[2024-07-09T13:18:50.547+0000] {logging_mixin.py:188} INFO - [2024-07-09T13:18:50.547+0000] {dagbag.py:540} INFO - Filling up the DagBag from /home/airflow/.local/lib/python3.11/site-packages/airflow/example_dags/example_setup_teardown.py
[2024-07-09T13:18:50.553+0000] {processor.py:840} INFO - DAG(s) 'example_setup_teardown' retrieved from /home/airflow/.local/lib/python3.11/site-packages/airflow/example_dags/example_setup_teardown.py
[2024-07-09T13:18:50.654+0000] {logging_mixin.py:188} INFO - [2024-07-09T13:18:50.653+0000] {override.py:1769} INFO - Created Permission View: can delete on DAG:example_setup_teardown
[2024-07-09T13:18:50.664+0000] {logging_mixin.py:188} INFO - [2024-07-09T13:18:50.663+0000] {override.py:1769} INFO - Created Permission View: can read on DAG:example_setup_teardown
[2024-07-09T13:18:50.670+0000] {logging_mixin.py:188} INFO - [2024-07-09T13:18:50.670+0000] {override.py:1769} INFO - Created Permission View: can edit on DAG:example_setup_teardown
[2024-07-09T13:18:50.670+0000] {logging_mixin.py:188} INFO - [2024-07-09T13:18:50.670+0000] {dag.py:3047} INFO - Sync 1 DAGs
[2024-07-09T13:18:50.680+0000] {logging_mixin.py:188} INFO - [2024-07-09T13:18:50.680+0000] {dag.py:3069} INFO - Creating ORM DAG for example_setup_teardown
[2024-07-09T13:18:50.688+0000] {logging_mixin.py:188} INFO - [2024-07-09T13:18:50.687+0000] {dag.py:3834} INFO - Setting next_dagrun for example_setup_teardown to 2024-07-08 00:00:00+00:00, run_after=2024-07-09 00:00:00+00:00
[2024-07-09T13:18:50.703+0000] {processor.py:183} INFO - Processing /home/airflow/.local/lib/python3.11/site-packages/airflow/example_dags/example_setup_teardown.py took 0.159 seconds
[2024-07-09T13:19:21.658+0000] {processor.py:161} INFO - Started process (PID=639) to work on /home/airflow/.local/lib/python3.11/site-packages/airflow/example_dags/example_setup_teardown.py
[2024-07-09T13:19:21.659+0000] {processor.py:830} INFO - Processing file /home/airflow/.local/lib/python3.11/site-packages/airflow/example_dags/example_setup_teardown.py for tasks to queue
[2024-07-09T13:19:21.659+0000] {logging_mixin.py:188} INFO - [2024-07-09T13:19:21.659+0000] {dagbag.py:540} INFO - Filling up the DagBag from /home/airflow/.local/lib/python3.11/site-packages/airflow/example_dags/example_setup_teardown.py
[2024-07-09T13:19:21.665+0000] {processor.py:840} INFO - DAG(s) 'example_setup_teardown' retrieved from /home/airflow/.local/lib/python3.11/site-packages/airflow/example_dags/example_setup_teardown.py
[2024-07-09T13:19:21.683+0000] {logging_mixin.py:188} INFO - [2024-07-09T13:19:21.683+0000] {dag.py:3047} INFO - Sync 1 DAGs
[2024-07-09T13:19:21.699+0000] {logging_mixin.py:188} INFO - [2024-07-09T13:19:21.698+0000] {dag.py:3834} INFO - Setting next_dagrun for example_setup_teardown to 2024-07-08 00:00:00+00:00, run_after=2024-07-09 00:00:00+00:00
[2024-07-09T13:19:21.716+0000] {processor.py:183} INFO - Processing /home/airflow/.local/lib/python3.11/site-packages/airflow/example_dags/example_setup_teardown.py took 0.060 seconds
[2024-07-09T13:19:52.517+0000] {processor.py:161} INFO - Started process (PID=909) to work on /home/airflow/.local/lib/python3.11/site-packages/airflow/example_dags/example_setup_teardown.py
[2024-07-09T13:19:52.518+0000] {processor.py:830} INFO - Processing file /home/airflow/.local/lib/python3.11/site-packages/airflow/example_dags/example_setup_teardown.py for tasks to queue
[2024-07-09T13:19:52.518+0000] {logging_mixin.py:188} INFO - [2024-07-09T13:19:52.518+0000] {dagbag.py:540} INFO - Filling up the DagBag from /home/airflow/.local/lib/python3.11/site-packages/airflow/example_dags/example_setup_teardown.py
[2024-07-09T13:19:52.525+0000] {processor.py:840} INFO - DAG(s) 'example_setup_teardown' retrieved from /home/airflow/.local/lib/python3.11/site-packages/airflow/example_dags/example_setup_teardown.py
[2024-07-09T13:19:52.543+0000] {logging_mixin.py:188} INFO - [2024-07-09T13:19:52.543+0000] {dag.py:3047} INFO - Sync 1 DAGs
[2024-07-09T13:19:52.559+0000] {logging_mixin.py:188} INFO - [2024-07-09T13:19:52.559+0000] {dag.py:3834} INFO - Setting next_dagrun for example_setup_teardown to 2024-07-08 00:00:00+00:00, run_after=2024-07-09 00:00:00+00:00
[2024-07-09T13:19:52.576+0000] {processor.py:183} INFO - Processing /home/airflow/.local/lib/python3.11/site-packages/airflow/example_dags/example_setup_teardown.py took 0.061 seconds
[2024-07-09T13:20:23.687+0000] {processor.py:161} INFO - Started process (PID=1179) to work on /home/airflow/.local/lib/python3.11/site-packages/airflow/example_dags/example_setup_teardown.py
[2024-07-09T13:20:23.688+0000] {processor.py:830} INFO - Processing file /home/airflow/.local/lib/python3.11/site-packages/airflow/example_dags/example_setup_teardown.py for tasks to queue
[2024-07-09T13:20:23.689+0000] {logging_mixin.py:188} INFO - [2024-07-09T13:20:23.689+0000] {dagbag.py:540} INFO - Filling up the DagBag from /home/airflow/.local/lib/python3.11/site-packages/airflow/example_dags/example_setup_teardown.py
[2024-07-09T13:20:23.816+0000] {processor.py:840} INFO - DAG(s) 'example_setup_teardown' retrieved from /home/airflow/.local/lib/python3.11/site-packages/airflow/example_dags/example_setup_teardown.py
[2024-07-09T13:20:23.833+0000] {logging_mixin.py:188} INFO - [2024-07-09T13:20:23.833+0000] {dag.py:3047} INFO - Sync 1 DAGs
[2024-07-09T13:20:23.851+0000] {logging_mixin.py:188} INFO - [2024-07-09T13:20:23.850+0000] {dag.py:3834} INFO - Setting next_dagrun for example_setup_teardown to 2024-07-08 00:00:00+00:00, run_after=2024-07-09 00:00:00+00:00
[2024-07-09T13:20:23.867+0000] {processor.py:183} INFO - Processing /home/airflow/.local/lib/python3.11/site-packages/airflow/example_dags/example_setup_teardown.py took 0.184 seconds
[2024-07-09T13:20:54.069+0000] {processor.py:161} INFO - Started process (PID=1449) to work on /home/airflow/.local/lib/python3.11/site-packages/airflow/example_dags/example_setup_teardown.py
[2024-07-09T13:20:54.070+0000] {processor.py:830} INFO - Processing file /home/airflow/.local/lib/python3.11/site-packages/airflow/example_dags/example_setup_teardown.py for tasks to queue
[2024-07-09T13:20:54.071+0000] {logging_mixin.py:188} INFO - [2024-07-09T13:20:54.071+0000] {dagbag.py:540} INFO - Filling up the DagBag from /home/airflow/.local/lib/python3.11/site-packages/airflow/example_dags/example_setup_teardown.py
[2024-07-09T13:20:54.078+0000] {processor.py:840} INFO - DAG(s) 'example_setup_teardown' retrieved from /home/airflow/.local/lib/python3.11/site-packages/airflow/example_dags/example_setup_teardown.py
[2024-07-09T13:20:54.099+0000] {logging_mixin.py:188} INFO - [2024-07-09T13:20:54.099+0000] {dag.py:3047} INFO - Sync 1 DAGs
[2024-07-09T13:20:54.119+0000] {logging_mixin.py:188} INFO - [2024-07-09T13:20:54.118+0000] {dag.py:3834} INFO - Setting next_dagrun for example_setup_teardown to 2024-07-08 00:00:00+00:00, run_after=2024-07-09 00:00:00+00:00
[2024-07-09T13:20:54.136+0000] {processor.py:183} INFO - Processing /home/airflow/.local/lib/python3.11/site-packages/airflow/example_dags/example_setup_teardown.py took 0.069 seconds
[2024-07-09T13:21:24.910+0000] {processor.py:161} INFO - Started process (PID=1719) to work on /home/airflow/.local/lib/python3.11/site-packages/airflow/example_dags/example_setup_teardown.py
[2024-07-09T13:21:24.911+0000] {processor.py:830} INFO - Processing file /home/airflow/.local/lib/python3.11/site-packages/airflow/example_dags/example_setup_teardown.py for tasks to queue
[2024-07-09T13:21:24.912+0000] {logging_mixin.py:188} INFO - [2024-07-09T13:21:24.912+0000] {dagbag.py:540} INFO - Filling up the DagBag from /home/airflow/.local/lib/python3.11/site-packages/airflow/example_dags/example_setup_teardown.py
[2024-07-09T13:21:24.918+0000] {processor.py:840} INFO - DAG(s) 'example_setup_teardown' retrieved from /home/airflow/.local/lib/python3.11/site-packages/airflow/example_dags/example_setup_teardown.py
[2024-07-09T13:21:24.940+0000] {logging_mixin.py:188} INFO - [2024-07-09T13:21:24.940+0000] {dag.py:3047} INFO - Sync 1 DAGs
[2024-07-09T13:21:24.960+0000] {logging_mixin.py:188} INFO - [2024-07-09T13:21:24.960+0000] {dag.py:3834} INFO - Setting next_dagrun for example_setup_teardown to 2024-07-08 00:00:00+00:00, run_after=2024-07-09 00:00:00+00:00
[2024-07-09T13:21:24.977+0000] {processor.py:183} INFO - Processing /home/airflow/.local/lib/python3.11/site-packages/airflow/example_dags/example_setup_teardown.py took 0.070 seconds
[2024-07-09T13:21:55.576+0000] {processor.py:161} INFO - Started process (PID=1989) to work on /home/airflow/.local/lib/python3.11/site-packages/airflow/example_dags/example_setup_teardown.py
[2024-07-09T13:21:55.577+0000] {processor.py:830} INFO - Processing file /home/airflow/.local/lib/python3.11/site-packages/airflow/example_dags/example_setup_teardown.py for tasks to queue
[2024-07-09T13:21:55.577+0000] {logging_mixin.py:188} INFO - [2024-07-09T13:21:55.577+0000] {dagbag.py:540} INFO - Filling up the DagBag from /home/airflow/.local/lib/python3.11/site-packages/airflow/example_dags/example_setup_teardown.py
[2024-07-09T13:21:55.583+0000] {processor.py:840} INFO - DAG(s) 'example_setup_teardown' retrieved from /home/airflow/.local/lib/python3.11/site-packages/airflow/example_dags/example_setup_teardown.py
[2024-07-09T13:21:55.604+0000] {logging_mixin.py:188} INFO - [2024-07-09T13:21:55.604+0000] {dag.py:3047} INFO - Sync 1 DAGs
[2024-07-09T13:21:55.622+0000] {logging_mixin.py:188} INFO - [2024-07-09T13:21:55.622+0000] {dag.py:3834} INFO - Setting next_dagrun for example_setup_teardown to 2024-07-08 00:00:00+00:00, run_after=2024-07-09 00:00:00+00:00
[2024-07-09T13:21:55.639+0000] {processor.py:183} INFO - Processing /home/airflow/.local/lib/python3.11/site-packages/airflow/example_dags/example_setup_teardown.py took 0.066 seconds
[2024-07-09T13:22:26.290+0000] {processor.py:161} INFO - Started process (PID=2259) to work on /home/airflow/.local/lib/python3.11/site-packages/airflow/example_dags/example_setup_teardown.py
[2024-07-09T13:22:26.291+0000] {processor.py:830} INFO - Processing file /home/airflow/.local/lib/python3.11/site-packages/airflow/example_dags/example_setup_teardown.py for tasks to queue
[2024-07-09T13:22:26.291+0000] {logging_mixin.py:188} INFO - [2024-07-09T13:22:26.291+0000] {dagbag.py:540} INFO - Filling up the DagBag from /home/airflow/.local/lib/python3.11/site-packages/airflow/example_dags/example_setup_teardown.py
[2024-07-09T13:22:26.297+0000] {processor.py:840} INFO - DAG(s) 'example_setup_teardown' retrieved from /home/airflow/.local/lib/python3.11/site-packages/airflow/example_dags/example_setup_teardown.py
[2024-07-09T13:22:26.317+0000] {logging_mixin.py:188} INFO - [2024-07-09T13:22:26.317+0000] {dag.py:3047} INFO - Sync 1 DAGs
[2024-07-09T13:22:26.335+0000] {logging_mixin.py:188} INFO - [2024-07-09T13:22:26.334+0000] {dag.py:3834} INFO - Setting next_dagrun for example_setup_teardown to 2024-07-08 00:00:00+00:00, run_after=2024-07-09 00:00:00+00:00
[2024-07-09T13:22:26.350+0000] {processor.py:183} INFO - Processing /home/airflow/.local/lib/python3.11/site-packages/airflow/example_dags/example_setup_teardown.py took 0.063 seconds
[2024-07-09T13:22:57.046+0000] {processor.py:161} INFO - Started process (PID=2529) to work on /home/airflow/.local/lib/python3.11/site-packages/airflow/example_dags/example_setup_teardown.py
[2024-07-09T13:22:57.047+0000] {processor.py:830} INFO - Processing file /home/airflow/.local/lib/python3.11/site-packages/airflow/example_dags/example_setup_teardown.py for tasks to queue
[2024-07-09T13:22:57.048+0000] {logging_mixin.py:188} INFO - [2024-07-09T13:22:57.048+0000] {dagbag.py:540} INFO - Filling up the DagBag from /home/airflow/.local/lib/python3.11/site-packages/airflow/example_dags/example_setup_teardown.py
[2024-07-09T13:22:57.054+0000] {processor.py:840} INFO - DAG(s) 'example_setup_teardown' retrieved from /home/airflow/.local/lib/python3.11/site-packages/airflow/example_dags/example_setup_teardown.py
[2024-07-09T13:22:57.075+0000] {logging_mixin.py:188} INFO - [2024-07-09T13:22:57.075+0000] {dag.py:3047} INFO - Sync 1 DAGs
[2024-07-09T13:22:57.092+0000] {logging_mixin.py:188} INFO - [2024-07-09T13:22:57.092+0000] {dag.py:3834} INFO - Setting next_dagrun for example_setup_teardown to 2024-07-08 00:00:00+00:00, run_after=2024-07-09 00:00:00+00:00
[2024-07-09T13:22:57.107+0000] {processor.py:183} INFO - Processing /home/airflow/.local/lib/python3.11/site-packages/airflow/example_dags/example_setup_teardown.py took 0.063 seconds
[2024-07-09T13:23:27.836+0000] {processor.py:161} INFO - Started process (PID=2799) to work on /home/airflow/.local/lib/python3.11/site-packages/airflow/example_dags/example_setup_teardown.py
[2024-07-09T13:23:27.837+0000] {processor.py:830} INFO - Processing file /home/airflow/.local/lib/python3.11/site-packages/airflow/example_dags/example_setup_teardown.py for tasks to queue
[2024-07-09T13:23:27.837+0000] {logging_mixin.py:188} INFO - [2024-07-09T13:23:27.837+0000] {dagbag.py:540} INFO - Filling up the DagBag from /home/airflow/.local/lib/python3.11/site-packages/airflow/example_dags/example_setup_teardown.py
[2024-07-09T13:23:27.843+0000] {processor.py:840} INFO - DAG(s) 'example_setup_teardown' retrieved from /home/airflow/.local/lib/python3.11/site-packages/airflow/example_dags/example_setup_teardown.py
[2024-07-09T13:23:27.863+0000] {logging_mixin.py:188} INFO - [2024-07-09T13:23:27.863+0000] {dag.py:3047} INFO - Sync 1 DAGs
[2024-07-09T13:23:27.880+0000] {logging_mixin.py:188} INFO - [2024-07-09T13:23:27.880+0000] {dag.py:3834} INFO - Setting next_dagrun for example_setup_teardown to 2024-07-08 00:00:00+00:00, run_after=2024-07-09 00:00:00+00:00
[2024-07-09T13:23:27.896+0000] {processor.py:183} INFO - Processing /home/airflow/.local/lib/python3.11/site-packages/airflow/example_dags/example_setup_teardown.py took 0.063 seconds
[2024-07-09T13:23:58.558+0000] {processor.py:161} INFO - Started process (PID=3069) to work on /home/airflow/.local/lib/python3.11/site-packages/airflow/example_dags/example_setup_teardown.py
[2024-07-09T13:23:58.559+0000] {processor.py:830} INFO - Processing file /home/airflow/.local/lib/python3.11/site-packages/airflow/example_dags/example_setup_teardown.py for tasks to queue
[2024-07-09T13:23:58.559+0000] {logging_mixin.py:188} INFO - [2024-07-09T13:23:58.559+0000] {dagbag.py:540} INFO - Filling up the DagBag from /home/airflow/.local/lib/python3.11/site-packages/airflow/example_dags/example_setup_teardown.py
[2024-07-09T13:23:58.565+0000] {processor.py:840} INFO - DAG(s) 'example_setup_teardown' retrieved from /home/airflow/.local/lib/python3.11/site-packages/airflow/example_dags/example_setup_teardown.py
[2024-07-09T13:23:58.591+0000] {logging_mixin.py:188} INFO - [2024-07-09T13:23:58.591+0000] {dag.py:3047} INFO - Sync 1 DAGs
[2024-07-09T13:23:58.609+0000] {logging_mixin.py:188} INFO - [2024-07-09T13:23:58.609+0000] {dag.py:3834} INFO - Setting next_dagrun for example_setup_teardown to 2024-07-08 00:00:00+00:00, run_after=2024-07-09 00:00:00+00:00
[2024-07-09T13:23:58.625+0000] {processor.py:183} INFO - Processing /home/airflow/.local/lib/python3.11/site-packages/airflow/example_dags/example_setup_teardown.py took 0.070 seconds
[2024-07-09T13:24:29.205+0000] {processor.py:161} INFO - Started process (PID=3339) to work on /home/airflow/.local/lib/python3.11/site-packages/airflow/example_dags/example_setup_teardown.py
[2024-07-09T13:24:29.206+0000] {processor.py:830} INFO - Processing file /home/airflow/.local/lib/python3.11/site-packages/airflow/example_dags/example_setup_teardown.py for tasks to queue
[2024-07-09T13:24:29.206+0000] {logging_mixin.py:188} INFO - [2024-07-09T13:24:29.206+0000] {dagbag.py:540} INFO - Filling up the DagBag from /home/airflow/.local/lib/python3.11/site-packages/airflow/example_dags/example_setup_teardown.py
[2024-07-09T13:24:29.212+0000] {processor.py:840} INFO - DAG(s) 'example_setup_teardown' retrieved from /home/airflow/.local/lib/python3.11/site-packages/airflow/example_dags/example_setup_teardown.py
[2024-07-09T13:24:29.233+0000] {logging_mixin.py:188} INFO - [2024-07-09T13:24:29.233+0000] {dag.py:3047} INFO - Sync 1 DAGs
[2024-07-09T13:24:29.253+0000] {logging_mixin.py:188} INFO - [2024-07-09T13:24:29.252+0000] {dag.py:3834} INFO - Setting next_dagrun for example_setup_teardown to 2024-07-08 00:00:00+00:00, run_after=2024-07-09 00:00:00+00:00
[2024-07-09T13:24:29.267+0000] {processor.py:183} INFO - Processing /home/airflow/.local/lib/python3.11/site-packages/airflow/example_dags/example_setup_teardown.py took 0.065 seconds
[2024-07-09T13:24:59.970+0000] {processor.py:161} INFO - Started process (PID=3609) to work on /home/airflow/.local/lib/python3.11/site-packages/airflow/example_dags/example_setup_teardown.py
[2024-07-09T13:24:59.970+0000] {processor.py:830} INFO - Processing file /home/airflow/.local/lib/python3.11/site-packages/airflow/example_dags/example_setup_teardown.py for tasks to queue
[2024-07-09T13:24:59.971+0000] {logging_mixin.py:188} INFO - [2024-07-09T13:24:59.971+0000] {dagbag.py:540} INFO - Filling up the DagBag from /home/airflow/.local/lib/python3.11/site-packages/airflow/example_dags/example_setup_teardown.py
[2024-07-09T13:24:59.978+0000] {processor.py:840} INFO - DAG(s) 'example_setup_teardown' retrieved from /home/airflow/.local/lib/python3.11/site-packages/airflow/example_dags/example_setup_teardown.py
[2024-07-09T13:25:00.000+0000] {logging_mixin.py:188} INFO - [2024-07-09T13:25:00.000+0000] {dag.py:3047} INFO - Sync 1 DAGs
[2024-07-09T13:25:00.021+0000] {logging_mixin.py:188} INFO - [2024-07-09T13:25:00.021+0000] {dag.py:3834} INFO - Setting next_dagrun for example_setup_teardown to 2024-07-08 00:00:00+00:00, run_after=2024-07-09 00:00:00+00:00
[2024-07-09T13:25:00.036+0000] {processor.py:183} INFO - Processing /home/airflow/.local/lib/python3.11/site-packages/airflow/example_dags/example_setup_teardown.py took 0.069 seconds
[2024-07-09T13:26:11.440+0000] {processor.py:161} INFO - Started process (PID=372) to work on /home/airflow/.local/lib/python3.11/site-packages/airflow/example_dags/example_setup_teardown.py
[2024-07-09T13:26:11.441+0000] {processor.py:830} INFO - Processing file /home/airflow/.local/lib/python3.11/site-packages/airflow/example_dags/example_setup_teardown.py for tasks to queue
[2024-07-09T13:26:11.442+0000] {logging_mixin.py:188} INFO - [2024-07-09T13:26:11.441+0000] {dagbag.py:540} INFO - Filling up the DagBag from /home/airflow/.local/lib/python3.11/site-packages/airflow/example_dags/example_setup_teardown.py
[2024-07-09T13:26:11.448+0000] {processor.py:840} INFO - DAG(s) 'example_setup_teardown' retrieved from /home/airflow/.local/lib/python3.11/site-packages/airflow/example_dags/example_setup_teardown.py
[2024-07-09T13:26:11.534+0000] {logging_mixin.py:188} INFO - [2024-07-09T13:26:11.534+0000] {override.py:1769} INFO - Created Permission View: can delete on DAG:example_setup_teardown
[2024-07-09T13:26:11.544+0000] {logging_mixin.py:188} INFO - [2024-07-09T13:26:11.543+0000] {override.py:1769} INFO - Created Permission View: can read on DAG:example_setup_teardown
[2024-07-09T13:26:11.549+0000] {logging_mixin.py:188} INFO - [2024-07-09T13:26:11.549+0000] {override.py:1769} INFO - Created Permission View: can edit on DAG:example_setup_teardown
[2024-07-09T13:26:11.550+0000] {logging_mixin.py:188} INFO - [2024-07-09T13:26:11.550+0000] {dag.py:3047} INFO - Sync 1 DAGs
[2024-07-09T13:26:11.559+0000] {logging_mixin.py:188} INFO - [2024-07-09T13:26:11.559+0000] {dag.py:3069} INFO - Creating ORM DAG for example_setup_teardown
[2024-07-09T13:26:11.567+0000] {logging_mixin.py:188} INFO - [2024-07-09T13:26:11.567+0000] {dag.py:3834} INFO - Setting next_dagrun for example_setup_teardown to 2024-07-08 00:00:00+00:00, run_after=2024-07-09 00:00:00+00:00
[2024-07-09T13:26:11.582+0000] {processor.py:183} INFO - Processing /home/airflow/.local/lib/python3.11/site-packages/airflow/example_dags/example_setup_teardown.py took 0.144 seconds
[2024-07-09T13:26:41.761+0000] {processor.py:161} INFO - Started process (PID=640) to work on /home/airflow/.local/lib/python3.11/site-packages/airflow/example_dags/example_setup_teardown.py
[2024-07-09T13:26:41.762+0000] {processor.py:830} INFO - Processing file /home/airflow/.local/lib/python3.11/site-packages/airflow/example_dags/example_setup_teardown.py for tasks to queue
[2024-07-09T13:26:41.762+0000] {logging_mixin.py:188} INFO - [2024-07-09T13:26:41.762+0000] {dagbag.py:540} INFO - Filling up the DagBag from /home/airflow/.local/lib/python3.11/site-packages/airflow/example_dags/example_setup_teardown.py
[2024-07-09T13:26:41.768+0000] {processor.py:840} INFO - DAG(s) 'example_setup_teardown' retrieved from /home/airflow/.local/lib/python3.11/site-packages/airflow/example_dags/example_setup_teardown.py
[2024-07-09T13:26:41.788+0000] {logging_mixin.py:188} INFO - [2024-07-09T13:26:41.788+0000] {dag.py:3047} INFO - Sync 1 DAGs
[2024-07-09T13:26:41.806+0000] {logging_mixin.py:188} INFO - [2024-07-09T13:26:41.806+0000] {dag.py:3834} INFO - Setting next_dagrun for example_setup_teardown to 2024-07-08 00:00:00+00:00, run_after=2024-07-09 00:00:00+00:00
[2024-07-09T13:26:41.821+0000] {processor.py:183} INFO - Processing /home/airflow/.local/lib/python3.11/site-packages/airflow/example_dags/example_setup_teardown.py took 0.063 seconds
[2024-07-09T13:27:12.219+0000] {processor.py:161} INFO - Started process (PID=910) to work on /home/airflow/.local/lib/python3.11/site-packages/airflow/example_dags/example_setup_teardown.py
[2024-07-09T13:27:12.220+0000] {processor.py:830} INFO - Processing file /home/airflow/.local/lib/python3.11/site-packages/airflow/example_dags/example_setup_teardown.py for tasks to queue
[2024-07-09T13:27:12.221+0000] {logging_mixin.py:188} INFO - [2024-07-09T13:27:12.221+0000] {dagbag.py:540} INFO - Filling up the DagBag from /home/airflow/.local/lib/python3.11/site-packages/airflow/example_dags/example_setup_teardown.py
[2024-07-09T13:27:12.229+0000] {processor.py:840} INFO - DAG(s) 'example_setup_teardown' retrieved from /home/airflow/.local/lib/python3.11/site-packages/airflow/example_dags/example_setup_teardown.py
[2024-07-09T13:27:12.251+0000] {logging_mixin.py:188} INFO - [2024-07-09T13:27:12.251+0000] {dag.py:3047} INFO - Sync 1 DAGs
[2024-07-09T13:27:12.271+0000] {logging_mixin.py:188} INFO - [2024-07-09T13:27:12.271+0000] {dag.py:3834} INFO - Setting next_dagrun for example_setup_teardown to 2024-07-08 00:00:00+00:00, run_after=2024-07-09 00:00:00+00:00
[2024-07-09T13:27:12.288+0000] {processor.py:183} INFO - Processing /home/airflow/.local/lib/python3.11/site-packages/airflow/example_dags/example_setup_teardown.py took 0.072 seconds
[2024-07-09T13:27:43.146+0000] {processor.py:161} INFO - Started process (PID=1180) to work on /home/airflow/.local/lib/python3.11/site-packages/airflow/example_dags/example_setup_teardown.py
[2024-07-09T13:27:43.147+0000] {processor.py:830} INFO - Processing file /home/airflow/.local/lib/python3.11/site-packages/airflow/example_dags/example_setup_teardown.py for tasks to queue
[2024-07-09T13:27:43.148+0000] {logging_mixin.py:188} INFO - [2024-07-09T13:27:43.147+0000] {dagbag.py:540} INFO - Filling up the DagBag from /home/airflow/.local/lib/python3.11/site-packages/airflow/example_dags/example_setup_teardown.py
[2024-07-09T13:27:43.154+0000] {processor.py:840} INFO - DAG(s) 'example_setup_teardown' retrieved from /home/airflow/.local/lib/python3.11/site-packages/airflow/example_dags/example_setup_teardown.py
[2024-07-09T13:27:43.174+0000] {logging_mixin.py:188} INFO - [2024-07-09T13:27:43.174+0000] {dag.py:3047} INFO - Sync 1 DAGs
[2024-07-09T13:27:43.192+0000] {logging_mixin.py:188} INFO - [2024-07-09T13:27:43.192+0000] {dag.py:3834} INFO - Setting next_dagrun for example_setup_teardown to 2024-07-08 00:00:00+00:00, run_after=2024-07-09 00:00:00+00:00
[2024-07-09T13:27:43.208+0000] {processor.py:183} INFO - Processing /home/airflow/.local/lib/python3.11/site-packages/airflow/example_dags/example_setup_teardown.py took 0.064 seconds
[2024-07-09T13:28:13.911+0000] {processor.py:161} INFO - Started process (PID=1450) to work on /home/airflow/.local/lib/python3.11/site-packages/airflow/example_dags/example_setup_teardown.py
[2024-07-09T13:28:13.912+0000] {processor.py:830} INFO - Processing file /home/airflow/.local/lib/python3.11/site-packages/airflow/example_dags/example_setup_teardown.py for tasks to queue
[2024-07-09T13:28:13.913+0000] {logging_mixin.py:188} INFO - [2024-07-09T13:28:13.912+0000] {dagbag.py:540} INFO - Filling up the DagBag from /home/airflow/.local/lib/python3.11/site-packages/airflow/example_dags/example_setup_teardown.py
[2024-07-09T13:28:13.919+0000] {processor.py:840} INFO - DAG(s) 'example_setup_teardown' retrieved from /home/airflow/.local/lib/python3.11/site-packages/airflow/example_dags/example_setup_teardown.py
[2024-07-09T13:28:13.940+0000] {logging_mixin.py:188} INFO - [2024-07-09T13:28:13.939+0000] {dag.py:3047} INFO - Sync 1 DAGs
[2024-07-09T13:28:13.957+0000] {logging_mixin.py:188} INFO - [2024-07-09T13:28:13.957+0000] {dag.py:3834} INFO - Setting next_dagrun for example_setup_teardown to 2024-07-08 00:00:00+00:00, run_after=2024-07-09 00:00:00+00:00
[2024-07-09T13:28:13.972+0000] {processor.py:183} INFO - Processing /home/airflow/.local/lib/python3.11/site-packages/airflow/example_dags/example_setup_teardown.py took 0.064 seconds
[2024-07-09T13:28:44.401+0000] {processor.py:161} INFO - Started process (PID=1720) to work on /home/airflow/.local/lib/python3.11/site-packages/airflow/example_dags/example_setup_teardown.py
[2024-07-09T13:28:44.402+0000] {processor.py:830} INFO - Processing file /home/airflow/.local/lib/python3.11/site-packages/airflow/example_dags/example_setup_teardown.py for tasks to queue
[2024-07-09T13:28:44.403+0000] {logging_mixin.py:188} INFO - [2024-07-09T13:28:44.403+0000] {dagbag.py:540} INFO - Filling up the DagBag from /home/airflow/.local/lib/python3.11/site-packages/airflow/example_dags/example_setup_teardown.py
[2024-07-09T13:28:44.409+0000] {processor.py:840} INFO - DAG(s) 'example_setup_teardown' retrieved from /home/airflow/.local/lib/python3.11/site-packages/airflow/example_dags/example_setup_teardown.py
[2024-07-09T13:28:44.430+0000] {logging_mixin.py:188} INFO - [2024-07-09T13:28:44.429+0000] {dag.py:3047} INFO - Sync 1 DAGs
[2024-07-09T13:28:44.449+0000] {logging_mixin.py:188} INFO - [2024-07-09T13:28:44.448+0000] {dag.py:3834} INFO - Setting next_dagrun for example_setup_teardown to 2024-07-08 00:00:00+00:00, run_after=2024-07-09 00:00:00+00:00
[2024-07-09T13:28:44.464+0000] {processor.py:183} INFO - Processing /home/airflow/.local/lib/python3.11/site-packages/airflow/example_dags/example_setup_teardown.py took 0.065 seconds
[2024-07-09T13:29:14.742+0000] {processor.py:161} INFO - Started process (PID=1990) to work on /home/airflow/.local/lib/python3.11/site-packages/airflow/example_dags/example_setup_teardown.py
[2024-07-09T13:29:14.743+0000] {processor.py:830} INFO - Processing file /home/airflow/.local/lib/python3.11/site-packages/airflow/example_dags/example_setup_teardown.py for tasks to queue
[2024-07-09T13:29:14.744+0000] {logging_mixin.py:188} INFO - [2024-07-09T13:29:14.744+0000] {dagbag.py:540} INFO - Filling up the DagBag from /home/airflow/.local/lib/python3.11/site-packages/airflow/example_dags/example_setup_teardown.py
[2024-07-09T13:29:14.750+0000] {processor.py:840} INFO - DAG(s) 'example_setup_teardown' retrieved from /home/airflow/.local/lib/python3.11/site-packages/airflow/example_dags/example_setup_teardown.py
[2024-07-09T13:29:14.771+0000] {logging_mixin.py:188} INFO - [2024-07-09T13:29:14.771+0000] {dag.py:3047} INFO - Sync 1 DAGs
[2024-07-09T13:29:14.790+0000] {logging_mixin.py:188} INFO - [2024-07-09T13:29:14.790+0000] {dag.py:3834} INFO - Setting next_dagrun for example_setup_teardown to 2024-07-08 00:00:00+00:00, run_after=2024-07-09 00:00:00+00:00
[2024-07-09T13:29:14.805+0000] {processor.py:183} INFO - Processing /home/airflow/.local/lib/python3.11/site-packages/airflow/example_dags/example_setup_teardown.py took 0.065 seconds
[2024-07-09T13:29:45.147+0000] {processor.py:161} INFO - Started process (PID=2260) to work on /home/airflow/.local/lib/python3.11/site-packages/airflow/example_dags/example_setup_teardown.py
[2024-07-09T13:29:45.148+0000] {processor.py:830} INFO - Processing file /home/airflow/.local/lib/python3.11/site-packages/airflow/example_dags/example_setup_teardown.py for tasks to queue
[2024-07-09T13:29:45.148+0000] {logging_mixin.py:188} INFO - [2024-07-09T13:29:45.148+0000] {dagbag.py:540} INFO - Filling up the DagBag from /home/airflow/.local/lib/python3.11/site-packages/airflow/example_dags/example_setup_teardown.py
[2024-07-09T13:29:45.155+0000] {processor.py:840} INFO - DAG(s) 'example_setup_teardown' retrieved from /home/airflow/.local/lib/python3.11/site-packages/airflow/example_dags/example_setup_teardown.py
[2024-07-09T13:29:45.177+0000] {logging_mixin.py:188} INFO - [2024-07-09T13:29:45.177+0000] {dag.py:3047} INFO - Sync 1 DAGs
[2024-07-09T13:29:45.195+0000] {logging_mixin.py:188} INFO - [2024-07-09T13:29:45.195+0000] {dag.py:3834} INFO - Setting next_dagrun for example_setup_teardown to 2024-07-08 00:00:00+00:00, run_after=2024-07-09 00:00:00+00:00
[2024-07-09T13:29:45.211+0000] {processor.py:183} INFO - Processing /home/airflow/.local/lib/python3.11/site-packages/airflow/example_dags/example_setup_teardown.py took 0.067 seconds
[2024-07-09T13:31:39.669+0000] {processor.py:161} INFO - Started process (PID=369) to work on /home/airflow/.local/lib/python3.11/site-packages/airflow/example_dags/example_setup_teardown.py
[2024-07-09T13:31:39.670+0000] {processor.py:830} INFO - Processing file /home/airflow/.local/lib/python3.11/site-packages/airflow/example_dags/example_setup_teardown.py for tasks to queue
[2024-07-09T13:31:39.671+0000] {logging_mixin.py:188} INFO - [2024-07-09T13:31:39.670+0000] {dagbag.py:540} INFO - Filling up the DagBag from /home/airflow/.local/lib/python3.11/site-packages/airflow/example_dags/example_setup_teardown.py
[2024-07-09T13:31:39.677+0000] {processor.py:840} INFO - DAG(s) 'example_setup_teardown' retrieved from /home/airflow/.local/lib/python3.11/site-packages/airflow/example_dags/example_setup_teardown.py
[2024-07-09T13:31:39.766+0000] {logging_mixin.py:188} INFO - [2024-07-09T13:31:39.766+0000] {override.py:1769} INFO - Created Permission View: can edit on DAG:example_setup_teardown
[2024-07-09T13:31:39.776+0000] {logging_mixin.py:188} INFO - [2024-07-09T13:31:39.775+0000] {override.py:1769} INFO - Created Permission View: can delete on DAG:example_setup_teardown
[2024-07-09T13:31:39.781+0000] {logging_mixin.py:188} INFO - [2024-07-09T13:31:39.781+0000] {override.py:1769} INFO - Created Permission View: can read on DAG:example_setup_teardown
[2024-07-09T13:31:39.781+0000] {logging_mixin.py:188} INFO - [2024-07-09T13:31:39.781+0000] {dag.py:3047} INFO - Sync 1 DAGs
[2024-07-09T13:31:39.791+0000] {logging_mixin.py:188} INFO - [2024-07-09T13:31:39.791+0000] {dag.py:3069} INFO - Creating ORM DAG for example_setup_teardown
[2024-07-09T13:31:39.799+0000] {logging_mixin.py:188} INFO - [2024-07-09T13:31:39.799+0000] {dag.py:3834} INFO - Setting next_dagrun for example_setup_teardown to 2024-07-08 00:00:00+00:00, run_after=2024-07-09 00:00:00+00:00
[2024-07-09T13:31:39.812+0000] {processor.py:183} INFO - Processing /home/airflow/.local/lib/python3.11/site-packages/airflow/example_dags/example_setup_teardown.py took 0.146 seconds
[2024-07-09T13:32:10.424+0000] {processor.py:161} INFO - Started process (PID=639) to work on /home/airflow/.local/lib/python3.11/site-packages/airflow/example_dags/example_setup_teardown.py
[2024-07-09T13:32:10.425+0000] {processor.py:830} INFO - Processing file /home/airflow/.local/lib/python3.11/site-packages/airflow/example_dags/example_setup_teardown.py for tasks to queue
[2024-07-09T13:32:10.425+0000] {logging_mixin.py:188} INFO - [2024-07-09T13:32:10.425+0000] {dagbag.py:540} INFO - Filling up the DagBag from /home/airflow/.local/lib/python3.11/site-packages/airflow/example_dags/example_setup_teardown.py
[2024-07-09T13:32:10.432+0000] {processor.py:840} INFO - DAG(s) 'example_setup_teardown' retrieved from /home/airflow/.local/lib/python3.11/site-packages/airflow/example_dags/example_setup_teardown.py
[2024-07-09T13:32:10.455+0000] {logging_mixin.py:188} INFO - [2024-07-09T13:32:10.455+0000] {dag.py:3047} INFO - Sync 1 DAGs
[2024-07-09T13:32:10.477+0000] {logging_mixin.py:188} INFO - [2024-07-09T13:32:10.477+0000] {dag.py:3834} INFO - Setting next_dagrun for example_setup_teardown to 2024-07-08 00:00:00+00:00, run_after=2024-07-09 00:00:00+00:00
[2024-07-09T13:32:10.499+0000] {processor.py:183} INFO - Processing /home/airflow/.local/lib/python3.11/site-packages/airflow/example_dags/example_setup_teardown.py took 0.078 seconds
[2024-07-09T13:32:40.804+0000] {processor.py:161} INFO - Started process (PID=909) to work on /home/airflow/.local/lib/python3.11/site-packages/airflow/example_dags/example_setup_teardown.py
[2024-07-09T13:32:40.805+0000] {processor.py:830} INFO - Processing file /home/airflow/.local/lib/python3.11/site-packages/airflow/example_dags/example_setup_teardown.py for tasks to queue
[2024-07-09T13:32:40.806+0000] {logging_mixin.py:188} INFO - [2024-07-09T13:32:40.805+0000] {dagbag.py:540} INFO - Filling up the DagBag from /home/airflow/.local/lib/python3.11/site-packages/airflow/example_dags/example_setup_teardown.py
[2024-07-09T13:32:40.812+0000] {processor.py:840} INFO - DAG(s) 'example_setup_teardown' retrieved from /home/airflow/.local/lib/python3.11/site-packages/airflow/example_dags/example_setup_teardown.py
[2024-07-09T13:32:40.833+0000] {logging_mixin.py:188} INFO - [2024-07-09T13:32:40.833+0000] {dag.py:3047} INFO - Sync 1 DAGs
[2024-07-09T13:32:40.852+0000] {logging_mixin.py:188} INFO - [2024-07-09T13:32:40.852+0000] {dag.py:3834} INFO - Setting next_dagrun for example_setup_teardown to 2024-07-08 00:00:00+00:00, run_after=2024-07-09 00:00:00+00:00
[2024-07-09T13:32:40.868+0000] {processor.py:183} INFO - Processing /home/airflow/.local/lib/python3.11/site-packages/airflow/example_dags/example_setup_teardown.py took 0.067 seconds
[2024-07-09T13:33:11.710+0000] {processor.py:161} INFO - Started process (PID=1179) to work on /home/airflow/.local/lib/python3.11/site-packages/airflow/example_dags/example_setup_teardown.py
[2024-07-09T13:33:11.711+0000] {processor.py:830} INFO - Processing file /home/airflow/.local/lib/python3.11/site-packages/airflow/example_dags/example_setup_teardown.py for tasks to queue
[2024-07-09T13:33:11.712+0000] {logging_mixin.py:188} INFO - [2024-07-09T13:33:11.712+0000] {dagbag.py:540} INFO - Filling up the DagBag from /home/airflow/.local/lib/python3.11/site-packages/airflow/example_dags/example_setup_teardown.py
[2024-07-09T13:33:11.718+0000] {processor.py:840} INFO - DAG(s) 'example_setup_teardown' retrieved from /home/airflow/.local/lib/python3.11/site-packages/airflow/example_dags/example_setup_teardown.py
[2024-07-09T13:33:11.739+0000] {logging_mixin.py:188} INFO - [2024-07-09T13:33:11.739+0000] {dag.py:3047} INFO - Sync 1 DAGs
[2024-07-09T13:33:11.757+0000] {logging_mixin.py:188} INFO - [2024-07-09T13:33:11.757+0000] {dag.py:3834} INFO - Setting next_dagrun for example_setup_teardown to 2024-07-08 00:00:00+00:00, run_after=2024-07-09 00:00:00+00:00
[2024-07-09T13:33:11.773+0000] {processor.py:183} INFO - Processing /home/airflow/.local/lib/python3.11/site-packages/airflow/example_dags/example_setup_teardown.py took 0.065 seconds
[2024-07-09T13:33:42.305+0000] {processor.py:161} INFO - Started process (PID=1449) to work on /home/airflow/.local/lib/python3.11/site-packages/airflow/example_dags/example_setup_teardown.py
[2024-07-09T13:33:42.306+0000] {processor.py:830} INFO - Processing file /home/airflow/.local/lib/python3.11/site-packages/airflow/example_dags/example_setup_teardown.py for tasks to queue
[2024-07-09T13:33:42.306+0000] {logging_mixin.py:188} INFO - [2024-07-09T13:33:42.306+0000] {dagbag.py:540} INFO - Filling up the DagBag from /home/airflow/.local/lib/python3.11/site-packages/airflow/example_dags/example_setup_teardown.py
[2024-07-09T13:33:42.312+0000] {processor.py:840} INFO - DAG(s) 'example_setup_teardown' retrieved from /home/airflow/.local/lib/python3.11/site-packages/airflow/example_dags/example_setup_teardown.py
[2024-07-09T13:33:42.334+0000] {logging_mixin.py:188} INFO - [2024-07-09T13:33:42.334+0000] {dag.py:3047} INFO - Sync 1 DAGs
[2024-07-09T13:33:42.353+0000] {logging_mixin.py:188} INFO - [2024-07-09T13:33:42.353+0000] {dag.py:3834} INFO - Setting next_dagrun for example_setup_teardown to 2024-07-08 00:00:00+00:00, run_after=2024-07-09 00:00:00+00:00
[2024-07-09T13:33:42.369+0000] {processor.py:183} INFO - Processing /home/airflow/.local/lib/python3.11/site-packages/airflow/example_dags/example_setup_teardown.py took 0.067 seconds
[2024-07-09T13:34:12.719+0000] {processor.py:161} INFO - Started process (PID=1719) to work on /home/airflow/.local/lib/python3.11/site-packages/airflow/example_dags/example_setup_teardown.py
[2024-07-09T13:34:12.720+0000] {processor.py:830} INFO - Processing file /home/airflow/.local/lib/python3.11/site-packages/airflow/example_dags/example_setup_teardown.py for tasks to queue
[2024-07-09T13:34:12.721+0000] {logging_mixin.py:188} INFO - [2024-07-09T13:34:12.720+0000] {dagbag.py:540} INFO - Filling up the DagBag from /home/airflow/.local/lib/python3.11/site-packages/airflow/example_dags/example_setup_teardown.py
[2024-07-09T13:34:12.726+0000] {processor.py:840} INFO - DAG(s) 'example_setup_teardown' retrieved from /home/airflow/.local/lib/python3.11/site-packages/airflow/example_dags/example_setup_teardown.py
[2024-07-09T13:34:12.748+0000] {logging_mixin.py:188} INFO - [2024-07-09T13:34:12.748+0000] {dag.py:3047} INFO - Sync 1 DAGs
[2024-07-09T13:34:12.767+0000] {logging_mixin.py:188} INFO - [2024-07-09T13:34:12.766+0000] {dag.py:3834} INFO - Setting next_dagrun for example_setup_teardown to 2024-07-08 00:00:00+00:00, run_after=2024-07-09 00:00:00+00:00
[2024-07-09T13:34:12.784+0000] {processor.py:183} INFO - Processing /home/airflow/.local/lib/python3.11/site-packages/airflow/example_dags/example_setup_teardown.py took 0.068 seconds
[2024-07-09T13:34:42.917+0000] {processor.py:161} INFO - Started process (PID=1989) to work on /home/airflow/.local/lib/python3.11/site-packages/airflow/example_dags/example_setup_teardown.py
[2024-07-09T13:34:42.919+0000] {processor.py:830} INFO - Processing file /home/airflow/.local/lib/python3.11/site-packages/airflow/example_dags/example_setup_teardown.py for tasks to queue
[2024-07-09T13:34:42.919+0000] {logging_mixin.py:188} INFO - [2024-07-09T13:34:42.919+0000] {dagbag.py:540} INFO - Filling up the DagBag from /home/airflow/.local/lib/python3.11/site-packages/airflow/example_dags/example_setup_teardown.py
[2024-07-09T13:34:42.925+0000] {processor.py:840} INFO - DAG(s) 'example_setup_teardown' retrieved from /home/airflow/.local/lib/python3.11/site-packages/airflow/example_dags/example_setup_teardown.py
[2024-07-09T13:34:42.945+0000] {logging_mixin.py:188} INFO - [2024-07-09T13:34:42.945+0000] {dag.py:3047} INFO - Sync 1 DAGs
[2024-07-09T13:34:42.964+0000] {logging_mixin.py:188} INFO - [2024-07-09T13:34:42.963+0000] {dag.py:3834} INFO - Setting next_dagrun for example_setup_teardown to 2024-07-08 00:00:00+00:00, run_after=2024-07-09 00:00:00+00:00
[2024-07-09T13:34:42.981+0000] {processor.py:183} INFO - Processing /home/airflow/.local/lib/python3.11/site-packages/airflow/example_dags/example_setup_teardown.py took 0.066 seconds
[2024-07-09T13:35:13.233+0000] {processor.py:161} INFO - Started process (PID=2259) to work on /home/airflow/.local/lib/python3.11/site-packages/airflow/example_dags/example_setup_teardown.py
[2024-07-09T13:35:13.234+0000] {processor.py:830} INFO - Processing file /home/airflow/.local/lib/python3.11/site-packages/airflow/example_dags/example_setup_teardown.py for tasks to queue
[2024-07-09T13:35:13.235+0000] {logging_mixin.py:188} INFO - [2024-07-09T13:35:13.234+0000] {dagbag.py:540} INFO - Filling up the DagBag from /home/airflow/.local/lib/python3.11/site-packages/airflow/example_dags/example_setup_teardown.py
[2024-07-09T13:35:13.240+0000] {processor.py:840} INFO - DAG(s) 'example_setup_teardown' retrieved from /home/airflow/.local/lib/python3.11/site-packages/airflow/example_dags/example_setup_teardown.py
[2024-07-09T13:35:13.262+0000] {logging_mixin.py:188} INFO - [2024-07-09T13:35:13.262+0000] {dag.py:3047} INFO - Sync 1 DAGs
[2024-07-09T13:35:13.281+0000] {logging_mixin.py:188} INFO - [2024-07-09T13:35:13.281+0000] {dag.py:3834} INFO - Setting next_dagrun for example_setup_teardown to 2024-07-08 00:00:00+00:00, run_after=2024-07-09 00:00:00+00:00
[2024-07-09T13:35:13.298+0000] {processor.py:183} INFO - Processing /home/airflow/.local/lib/python3.11/site-packages/airflow/example_dags/example_setup_teardown.py took 0.067 seconds
[2024-07-09T13:35:43.609+0000] {processor.py:161} INFO - Started process (PID=2529) to work on /home/airflow/.local/lib/python3.11/site-packages/airflow/example_dags/example_setup_teardown.py
[2024-07-09T13:35:43.610+0000] {processor.py:830} INFO - Processing file /home/airflow/.local/lib/python3.11/site-packages/airflow/example_dags/example_setup_teardown.py for tasks to queue
[2024-07-09T13:35:43.611+0000] {logging_mixin.py:188} INFO - [2024-07-09T13:35:43.610+0000] {dagbag.py:540} INFO - Filling up the DagBag from /home/airflow/.local/lib/python3.11/site-packages/airflow/example_dags/example_setup_teardown.py
[2024-07-09T13:35:43.616+0000] {processor.py:840} INFO - DAG(s) 'example_setup_teardown' retrieved from /home/airflow/.local/lib/python3.11/site-packages/airflow/example_dags/example_setup_teardown.py
[2024-07-09T13:35:43.637+0000] {logging_mixin.py:188} INFO - [2024-07-09T13:35:43.637+0000] {dag.py:3047} INFO - Sync 1 DAGs
[2024-07-09T13:35:43.654+0000] {logging_mixin.py:188} INFO - [2024-07-09T13:35:43.654+0000] {dag.py:3834} INFO - Setting next_dagrun for example_setup_teardown to 2024-07-08 00:00:00+00:00, run_after=2024-07-09 00:00:00+00:00
[2024-07-09T13:35:43.670+0000] {processor.py:183} INFO - Processing /home/airflow/.local/lib/python3.11/site-packages/airflow/example_dags/example_setup_teardown.py took 0.063 seconds
[2024-07-09T13:36:14.091+0000] {processor.py:161} INFO - Started process (PID=2799) to work on /home/airflow/.local/lib/python3.11/site-packages/airflow/example_dags/example_setup_teardown.py
[2024-07-09T13:36:14.092+0000] {processor.py:830} INFO - Processing file /home/airflow/.local/lib/python3.11/site-packages/airflow/example_dags/example_setup_teardown.py for tasks to queue
[2024-07-09T13:36:14.093+0000] {logging_mixin.py:188} INFO - [2024-07-09T13:36:14.093+0000] {dagbag.py:540} INFO - Filling up the DagBag from /home/airflow/.local/lib/python3.11/site-packages/airflow/example_dags/example_setup_teardown.py
[2024-07-09T13:36:14.100+0000] {processor.py:840} INFO - DAG(s) 'example_setup_teardown' retrieved from /home/airflow/.local/lib/python3.11/site-packages/airflow/example_dags/example_setup_teardown.py
[2024-07-09T13:36:14.120+0000] {logging_mixin.py:188} INFO - [2024-07-09T13:36:14.120+0000] {dag.py:3047} INFO - Sync 1 DAGs
[2024-07-09T13:36:14.138+0000] {logging_mixin.py:188} INFO - [2024-07-09T13:36:14.138+0000] {dag.py:3834} INFO - Setting next_dagrun for example_setup_teardown to 2024-07-08 00:00:00+00:00, run_after=2024-07-09 00:00:00+00:00
[2024-07-09T13:36:14.153+0000] {processor.py:183} INFO - Processing /home/airflow/.local/lib/python3.11/site-packages/airflow/example_dags/example_setup_teardown.py took 0.064 seconds
[2024-07-09T13:36:44.372+0000] {processor.py:161} INFO - Started process (PID=3069) to work on /home/airflow/.local/lib/python3.11/site-packages/airflow/example_dags/example_setup_teardown.py
[2024-07-09T13:36:44.373+0000] {processor.py:830} INFO - Processing file /home/airflow/.local/lib/python3.11/site-packages/airflow/example_dags/example_setup_teardown.py for tasks to queue
[2024-07-09T13:36:44.373+0000] {logging_mixin.py:188} INFO - [2024-07-09T13:36:44.373+0000] {dagbag.py:540} INFO - Filling up the DagBag from /home/airflow/.local/lib/python3.11/site-packages/airflow/example_dags/example_setup_teardown.py
[2024-07-09T13:36:44.379+0000] {processor.py:840} INFO - DAG(s) 'example_setup_teardown' retrieved from /home/airflow/.local/lib/python3.11/site-packages/airflow/example_dags/example_setup_teardown.py
[2024-07-09T13:36:44.400+0000] {logging_mixin.py:188} INFO - [2024-07-09T13:36:44.399+0000] {dag.py:3047} INFO - Sync 1 DAGs
[2024-07-09T13:36:44.417+0000] {logging_mixin.py:188} INFO - [2024-07-09T13:36:44.417+0000] {dag.py:3834} INFO - Setting next_dagrun for example_setup_teardown to 2024-07-08 00:00:00+00:00, run_after=2024-07-09 00:00:00+00:00
[2024-07-09T13:36:44.431+0000] {processor.py:183} INFO - Processing /home/airflow/.local/lib/python3.11/site-packages/airflow/example_dags/example_setup_teardown.py took 0.062 seconds
[2024-07-09T13:37:15.041+0000] {processor.py:161} INFO - Started process (PID=3339) to work on /home/airflow/.local/lib/python3.11/site-packages/airflow/example_dags/example_setup_teardown.py
[2024-07-09T13:37:15.042+0000] {processor.py:830} INFO - Processing file /home/airflow/.local/lib/python3.11/site-packages/airflow/example_dags/example_setup_teardown.py for tasks to queue
[2024-07-09T13:37:15.043+0000] {logging_mixin.py:188} INFO - [2024-07-09T13:37:15.042+0000] {dagbag.py:540} INFO - Filling up the DagBag from /home/airflow/.local/lib/python3.11/site-packages/airflow/example_dags/example_setup_teardown.py
[2024-07-09T13:37:15.049+0000] {processor.py:840} INFO - DAG(s) 'example_setup_teardown' retrieved from /home/airflow/.local/lib/python3.11/site-packages/airflow/example_dags/example_setup_teardown.py
[2024-07-09T13:37:15.071+0000] {logging_mixin.py:188} INFO - [2024-07-09T13:37:15.071+0000] {dag.py:3047} INFO - Sync 1 DAGs
[2024-07-09T13:37:15.091+0000] {logging_mixin.py:188} INFO - [2024-07-09T13:37:15.091+0000] {dag.py:3834} INFO - Setting next_dagrun for example_setup_teardown to 2024-07-08 00:00:00+00:00, run_after=2024-07-09 00:00:00+00:00
[2024-07-09T13:37:15.108+0000] {processor.py:183} INFO - Processing /home/airflow/.local/lib/python3.11/site-packages/airflow/example_dags/example_setup_teardown.py took 0.069 seconds
[2024-07-09T13:46:12.817+0000] {processor.py:161} INFO - Started process (PID=369) to work on /home/airflow/.local/lib/python3.11/site-packages/airflow/example_dags/example_setup_teardown.py
[2024-07-09T13:46:12.819+0000] {processor.py:830} INFO - Processing file /home/airflow/.local/lib/python3.11/site-packages/airflow/example_dags/example_setup_teardown.py for tasks to queue
[2024-07-09T13:46:12.819+0000] {logging_mixin.py:188} INFO - [2024-07-09T13:46:12.819+0000] {dagbag.py:540} INFO - Filling up the DagBag from /home/airflow/.local/lib/python3.11/site-packages/airflow/example_dags/example_setup_teardown.py
[2024-07-09T13:46:12.826+0000] {processor.py:840} INFO - DAG(s) 'example_setup_teardown' retrieved from /home/airflow/.local/lib/python3.11/site-packages/airflow/example_dags/example_setup_teardown.py
[2024-07-09T13:46:12.915+0000] {logging_mixin.py:188} INFO - [2024-07-09T13:46:12.915+0000] {override.py:1769} INFO - Created Permission View: can delete on DAG:example_setup_teardown
[2024-07-09T13:46:12.923+0000] {logging_mixin.py:188} INFO - [2024-07-09T13:46:12.923+0000] {override.py:1769} INFO - Created Permission View: can read on DAG:example_setup_teardown
[2024-07-09T13:46:12.930+0000] {logging_mixin.py:188} INFO - [2024-07-09T13:46:12.930+0000] {override.py:1769} INFO - Created Permission View: can edit on DAG:example_setup_teardown
[2024-07-09T13:46:12.931+0000] {logging_mixin.py:188} INFO - [2024-07-09T13:46:12.931+0000] {dag.py:3047} INFO - Sync 1 DAGs
[2024-07-09T13:46:12.940+0000] {logging_mixin.py:188} INFO - [2024-07-09T13:46:12.940+0000] {dag.py:3069} INFO - Creating ORM DAG for example_setup_teardown
[2024-07-09T13:46:12.948+0000] {logging_mixin.py:188} INFO - [2024-07-09T13:46:12.948+0000] {dag.py:3834} INFO - Setting next_dagrun for example_setup_teardown to 2024-07-08 00:00:00+00:00, run_after=2024-07-09 00:00:00+00:00
[2024-07-09T13:46:12.963+0000] {processor.py:183} INFO - Processing /home/airflow/.local/lib/python3.11/site-packages/airflow/example_dags/example_setup_teardown.py took 0.148 seconds
[2024-07-09T13:46:43.105+0000] {processor.py:161} INFO - Started process (PID=639) to work on /home/airflow/.local/lib/python3.11/site-packages/airflow/example_dags/example_setup_teardown.py
[2024-07-09T13:46:43.106+0000] {processor.py:830} INFO - Processing file /home/airflow/.local/lib/python3.11/site-packages/airflow/example_dags/example_setup_teardown.py for tasks to queue
[2024-07-09T13:46:43.107+0000] {logging_mixin.py:188} INFO - [2024-07-09T13:46:43.106+0000] {dagbag.py:540} INFO - Filling up the DagBag from /home/airflow/.local/lib/python3.11/site-packages/airflow/example_dags/example_setup_teardown.py
[2024-07-09T13:46:43.112+0000] {processor.py:840} INFO - DAG(s) 'example_setup_teardown' retrieved from /home/airflow/.local/lib/python3.11/site-packages/airflow/example_dags/example_setup_teardown.py
[2024-07-09T13:46:43.133+0000] {logging_mixin.py:188} INFO - [2024-07-09T13:46:43.132+0000] {dag.py:3047} INFO - Sync 1 DAGs
[2024-07-09T13:46:43.151+0000] {logging_mixin.py:188} INFO - [2024-07-09T13:46:43.151+0000] {dag.py:3834} INFO - Setting next_dagrun for example_setup_teardown to 2024-07-08 00:00:00+00:00, run_after=2024-07-09 00:00:00+00:00
[2024-07-09T13:46:43.166+0000] {processor.py:183} INFO - Processing /home/airflow/.local/lib/python3.11/site-packages/airflow/example_dags/example_setup_teardown.py took 0.064 seconds
[2024-07-09T13:47:13.924+0000] {processor.py:161} INFO - Started process (PID=909) to work on /home/airflow/.local/lib/python3.11/site-packages/airflow/example_dags/example_setup_teardown.py
[2024-07-09T13:47:13.925+0000] {processor.py:830} INFO - Processing file /home/airflow/.local/lib/python3.11/site-packages/airflow/example_dags/example_setup_teardown.py for tasks to queue
[2024-07-09T13:47:13.925+0000] {logging_mixin.py:188} INFO - [2024-07-09T13:47:13.925+0000] {dagbag.py:540} INFO - Filling up the DagBag from /home/airflow/.local/lib/python3.11/site-packages/airflow/example_dags/example_setup_teardown.py
[2024-07-09T13:47:13.931+0000] {processor.py:840} INFO - DAG(s) 'example_setup_teardown' retrieved from /home/airflow/.local/lib/python3.11/site-packages/airflow/example_dags/example_setup_teardown.py
[2024-07-09T13:47:13.952+0000] {logging_mixin.py:188} INFO - [2024-07-09T13:47:13.952+0000] {dag.py:3047} INFO - Sync 1 DAGs
[2024-07-09T13:47:13.970+0000] {logging_mixin.py:188} INFO - [2024-07-09T13:47:13.970+0000] {dag.py:3834} INFO - Setting next_dagrun for example_setup_teardown to 2024-07-08 00:00:00+00:00, run_after=2024-07-09 00:00:00+00:00
[2024-07-09T13:47:13.985+0000] {processor.py:183} INFO - Processing /home/airflow/.local/lib/python3.11/site-packages/airflow/example_dags/example_setup_teardown.py took 0.064 seconds
[2024-07-09T13:47:45.463+0000] {processor.py:161} INFO - Started process (PID=1181) to work on /home/airflow/.local/lib/python3.11/site-packages/airflow/example_dags/example_setup_teardown.py
[2024-07-09T13:47:45.464+0000] {processor.py:830} INFO - Processing file /home/airflow/.local/lib/python3.11/site-packages/airflow/example_dags/example_setup_teardown.py for tasks to queue
[2024-07-09T13:47:45.465+0000] {logging_mixin.py:188} INFO - [2024-07-09T13:47:45.464+0000] {dagbag.py:540} INFO - Filling up the DagBag from /home/airflow/.local/lib/python3.11/site-packages/airflow/example_dags/example_setup_teardown.py
[2024-07-09T13:47:45.602+0000] {processor.py:840} INFO - DAG(s) 'example_setup_teardown' retrieved from /home/airflow/.local/lib/python3.11/site-packages/airflow/example_dags/example_setup_teardown.py
[2024-07-09T13:47:45.621+0000] {logging_mixin.py:188} INFO - [2024-07-09T13:47:45.621+0000] {dag.py:3047} INFO - Sync 1 DAGs
[2024-07-09T13:47:45.638+0000] {logging_mixin.py:188} INFO - [2024-07-09T13:47:45.638+0000] {dag.py:3834} INFO - Setting next_dagrun for example_setup_teardown to 2024-07-08 00:00:00+00:00, run_after=2024-07-09 00:00:00+00:00
[2024-07-09T13:47:45.654+0000] {processor.py:183} INFO - Processing /home/airflow/.local/lib/python3.11/site-packages/airflow/example_dags/example_setup_teardown.py took 0.194 seconds
[2024-07-09T13:48:16.584+0000] {processor.py:161} INFO - Started process (PID=1451) to work on /home/airflow/.local/lib/python3.11/site-packages/airflow/example_dags/example_setup_teardown.py
[2024-07-09T13:48:16.586+0000] {processor.py:830} INFO - Processing file /home/airflow/.local/lib/python3.11/site-packages/airflow/example_dags/example_setup_teardown.py for tasks to queue
[2024-07-09T13:48:16.587+0000] {logging_mixin.py:188} INFO - [2024-07-09T13:48:16.586+0000] {dagbag.py:540} INFO - Filling up the DagBag from /home/airflow/.local/lib/python3.11/site-packages/airflow/example_dags/example_setup_teardown.py
[2024-07-09T13:48:16.593+0000] {processor.py:840} INFO - DAG(s) 'example_setup_teardown' retrieved from /home/airflow/.local/lib/python3.11/site-packages/airflow/example_dags/example_setup_teardown.py
[2024-07-09T13:48:16.614+0000] {logging_mixin.py:188} INFO - [2024-07-09T13:48:16.614+0000] {dag.py:3047} INFO - Sync 1 DAGs
[2024-07-09T13:48:16.632+0000] {logging_mixin.py:188} INFO - [2024-07-09T13:48:16.632+0000] {dag.py:3834} INFO - Setting next_dagrun for example_setup_teardown to 2024-07-08 00:00:00+00:00, run_after=2024-07-09 00:00:00+00:00
[2024-07-09T13:48:16.647+0000] {processor.py:183} INFO - Processing /home/airflow/.local/lib/python3.11/site-packages/airflow/example_dags/example_setup_teardown.py took 0.065 seconds
[2024-07-09T13:48:46.916+0000] {processor.py:161} INFO - Started process (PID=1721) to work on /home/airflow/.local/lib/python3.11/site-packages/airflow/example_dags/example_setup_teardown.py
[2024-07-09T13:48:46.917+0000] {processor.py:830} INFO - Processing file /home/airflow/.local/lib/python3.11/site-packages/airflow/example_dags/example_setup_teardown.py for tasks to queue
[2024-07-09T13:48:46.918+0000] {logging_mixin.py:188} INFO - [2024-07-09T13:48:46.918+0000] {dagbag.py:540} INFO - Filling up the DagBag from /home/airflow/.local/lib/python3.11/site-packages/airflow/example_dags/example_setup_teardown.py
[2024-07-09T13:48:46.924+0000] {processor.py:840} INFO - DAG(s) 'example_setup_teardown' retrieved from /home/airflow/.local/lib/python3.11/site-packages/airflow/example_dags/example_setup_teardown.py
[2024-07-09T13:48:46.946+0000] {logging_mixin.py:188} INFO - [2024-07-09T13:48:46.945+0000] {dag.py:3047} INFO - Sync 1 DAGs
[2024-07-09T13:48:46.963+0000] {logging_mixin.py:188} INFO - [2024-07-09T13:48:46.963+0000] {dag.py:3834} INFO - Setting next_dagrun for example_setup_teardown to 2024-07-08 00:00:00+00:00, run_after=2024-07-09 00:00:00+00:00
[2024-07-09T13:48:46.979+0000] {processor.py:183} INFO - Processing /home/airflow/.local/lib/python3.11/site-packages/airflow/example_dags/example_setup_teardown.py took 0.066 seconds
[2024-07-09T13:49:17.438+0000] {processor.py:161} INFO - Started process (PID=1991) to work on /home/airflow/.local/lib/python3.11/site-packages/airflow/example_dags/example_setup_teardown.py
[2024-07-09T13:49:17.439+0000] {processor.py:830} INFO - Processing file /home/airflow/.local/lib/python3.11/site-packages/airflow/example_dags/example_setup_teardown.py for tasks to queue
[2024-07-09T13:49:17.439+0000] {logging_mixin.py:188} INFO - [2024-07-09T13:49:17.439+0000] {dagbag.py:540} INFO - Filling up the DagBag from /home/airflow/.local/lib/python3.11/site-packages/airflow/example_dags/example_setup_teardown.py
[2024-07-09T13:49:17.445+0000] {processor.py:840} INFO - DAG(s) 'example_setup_teardown' retrieved from /home/airflow/.local/lib/python3.11/site-packages/airflow/example_dags/example_setup_teardown.py
[2024-07-09T13:49:17.466+0000] {logging_mixin.py:188} INFO - [2024-07-09T13:49:17.466+0000] {dag.py:3047} INFO - Sync 1 DAGs
[2024-07-09T13:49:17.483+0000] {logging_mixin.py:188} INFO - [2024-07-09T13:49:17.483+0000] {dag.py:3834} INFO - Setting next_dagrun for example_setup_teardown to 2024-07-08 00:00:00+00:00, run_after=2024-07-09 00:00:00+00:00
[2024-07-09T13:49:17.499+0000] {processor.py:183} INFO - Processing /home/airflow/.local/lib/python3.11/site-packages/airflow/example_dags/example_setup_teardown.py took 0.064 seconds
[2024-07-09T13:49:47.540+0000] {processor.py:161} INFO - Started process (PID=2264) to work on /home/airflow/.local/lib/python3.11/site-packages/airflow/example_dags/example_setup_teardown.py
[2024-07-09T13:49:47.541+0000] {processor.py:830} INFO - Processing file /home/airflow/.local/lib/python3.11/site-packages/airflow/example_dags/example_setup_teardown.py for tasks to queue
[2024-07-09T13:49:47.542+0000] {logging_mixin.py:188} INFO - [2024-07-09T13:49:47.541+0000] {dagbag.py:540} INFO - Filling up the DagBag from /home/airflow/.local/lib/python3.11/site-packages/airflow/example_dags/example_setup_teardown.py
[2024-07-09T13:49:47.548+0000] {processor.py:840} INFO - DAG(s) 'example_setup_teardown' retrieved from /home/airflow/.local/lib/python3.11/site-packages/airflow/example_dags/example_setup_teardown.py
[2024-07-09T13:49:47.568+0000] {logging_mixin.py:188} INFO - [2024-07-09T13:49:47.568+0000] {dag.py:3047} INFO - Sync 1 DAGs
[2024-07-09T13:49:47.587+0000] {logging_mixin.py:188} INFO - [2024-07-09T13:49:47.587+0000] {dag.py:3834} INFO - Setting next_dagrun for example_setup_teardown to 2024-07-08 00:00:00+00:00, run_after=2024-07-09 00:00:00+00:00
[2024-07-09T13:49:47.604+0000] {processor.py:183} INFO - Processing /home/airflow/.local/lib/python3.11/site-packages/airflow/example_dags/example_setup_teardown.py took 0.067 seconds
[2024-07-09T13:50:17.941+0000] {processor.py:161} INFO - Started process (PID=2529) to work on /home/airflow/.local/lib/python3.11/site-packages/airflow/example_dags/example_setup_teardown.py
[2024-07-09T13:50:17.942+0000] {processor.py:830} INFO - Processing file /home/airflow/.local/lib/python3.11/site-packages/airflow/example_dags/example_setup_teardown.py for tasks to queue
[2024-07-09T13:50:17.943+0000] {logging_mixin.py:188} INFO - [2024-07-09T13:50:17.943+0000] {dagbag.py:540} INFO - Filling up the DagBag from /home/airflow/.local/lib/python3.11/site-packages/airflow/example_dags/example_setup_teardown.py
[2024-07-09T13:50:17.949+0000] {processor.py:840} INFO - DAG(s) 'example_setup_teardown' retrieved from /home/airflow/.local/lib/python3.11/site-packages/airflow/example_dags/example_setup_teardown.py
[2024-07-09T13:50:17.970+0000] {logging_mixin.py:188} INFO - [2024-07-09T13:50:17.970+0000] {dag.py:3047} INFO - Sync 1 DAGs
[2024-07-09T13:50:17.988+0000] {logging_mixin.py:188} INFO - [2024-07-09T13:50:17.988+0000] {dag.py:3834} INFO - Setting next_dagrun for example_setup_teardown to 2024-07-08 00:00:00+00:00, run_after=2024-07-09 00:00:00+00:00
[2024-07-09T13:50:18.003+0000] {processor.py:183} INFO - Processing /home/airflow/.local/lib/python3.11/site-packages/airflow/example_dags/example_setup_teardown.py took 0.065 seconds
[2024-07-09T13:50:48.385+0000] {processor.py:161} INFO - Started process (PID=2799) to work on /home/airflow/.local/lib/python3.11/site-packages/airflow/example_dags/example_setup_teardown.py
[2024-07-09T13:50:48.386+0000] {processor.py:830} INFO - Processing file /home/airflow/.local/lib/python3.11/site-packages/airflow/example_dags/example_setup_teardown.py for tasks to queue
[2024-07-09T13:50:48.389+0000] {logging_mixin.py:188} INFO - [2024-07-09T13:50:48.388+0000] {dagbag.py:540} INFO - Filling up the DagBag from /home/airflow/.local/lib/python3.11/site-packages/airflow/example_dags/example_setup_teardown.py
[2024-07-09T13:50:48.397+0000] {processor.py:840} INFO - DAG(s) 'example_setup_teardown' retrieved from /home/airflow/.local/lib/python3.11/site-packages/airflow/example_dags/example_setup_teardown.py
[2024-07-09T13:50:48.420+0000] {logging_mixin.py:188} INFO - [2024-07-09T13:50:48.420+0000] {dag.py:3047} INFO - Sync 1 DAGs
[2024-07-09T13:50:48.442+0000] {logging_mixin.py:188} INFO - [2024-07-09T13:50:48.442+0000] {dag.py:3834} INFO - Setting next_dagrun for example_setup_teardown to 2024-07-08 00:00:00+00:00, run_after=2024-07-09 00:00:00+00:00
[2024-07-09T13:50:48.457+0000] {processor.py:183} INFO - Processing /home/airflow/.local/lib/python3.11/site-packages/airflow/example_dags/example_setup_teardown.py took 0.075 seconds
[2024-07-09T13:51:18.746+0000] {processor.py:161} INFO - Started process (PID=3069) to work on /home/airflow/.local/lib/python3.11/site-packages/airflow/example_dags/example_setup_teardown.py
[2024-07-09T13:51:18.747+0000] {processor.py:830} INFO - Processing file /home/airflow/.local/lib/python3.11/site-packages/airflow/example_dags/example_setup_teardown.py for tasks to queue
[2024-07-09T13:51:18.748+0000] {logging_mixin.py:188} INFO - [2024-07-09T13:51:18.748+0000] {dagbag.py:540} INFO - Filling up the DagBag from /home/airflow/.local/lib/python3.11/site-packages/airflow/example_dags/example_setup_teardown.py
[2024-07-09T13:51:18.754+0000] {processor.py:840} INFO - DAG(s) 'example_setup_teardown' retrieved from /home/airflow/.local/lib/python3.11/site-packages/airflow/example_dags/example_setup_teardown.py
[2024-07-09T13:51:18.774+0000] {logging_mixin.py:188} INFO - [2024-07-09T13:51:18.774+0000] {dag.py:3047} INFO - Sync 1 DAGs
[2024-07-09T13:51:18.792+0000] {logging_mixin.py:188} INFO - [2024-07-09T13:51:18.792+0000] {dag.py:3834} INFO - Setting next_dagrun for example_setup_teardown to 2024-07-08 00:00:00+00:00, run_after=2024-07-09 00:00:00+00:00
[2024-07-09T13:51:18.809+0000] {processor.py:183} INFO - Processing /home/airflow/.local/lib/python3.11/site-packages/airflow/example_dags/example_setup_teardown.py took 0.065 seconds
