[2024-07-09T13:18:47.771+0000] {processor.py:161} INFO - Started process (PID=219) to work on /home/airflow/.local/lib/python3.11/site-packages/airflow/example_dags/example_latest_only.py
[2024-07-09T13:18:47.772+0000] {processor.py:830} INFO - Processing file /home/airflow/.local/lib/python3.11/site-packages/airflow/example_dags/example_latest_only.py for tasks to queue
[2024-07-09T13:18:47.775+0000] {logging_mixin.py:188} INFO - [2024-07-09T13:18:47.775+0000] {dagbag.py:540} INFO - Filling up the DagBag from /home/airflow/.local/lib/python3.11/site-packages/airflow/example_dags/example_latest_only.py
[2024-07-09T13:18:47.783+0000] {processor.py:840} INFO - DAG(s) 'latest_only' retrieved from /home/airflow/.local/lib/python3.11/site-packages/airflow/example_dags/example_latest_only.py
[2024-07-09T13:18:47.912+0000] {logging_mixin.py:188} INFO - [2024-07-09T13:18:47.911+0000] {override.py:1769} INFO - Created Permission View: can delete on DAG:latest_only
[2024-07-09T13:18:47.921+0000] {logging_mixin.py:188} INFO - [2024-07-09T13:18:47.920+0000] {override.py:1769} INFO - Created Permission View: can read on DAG:latest_only
[2024-07-09T13:18:47.927+0000] {logging_mixin.py:188} INFO - [2024-07-09T13:18:47.927+0000] {override.py:1769} INFO - Created Permission View: can edit on DAG:latest_only
[2024-07-09T13:18:47.928+0000] {logging_mixin.py:188} INFO - [2024-07-09T13:18:47.928+0000] {dag.py:3047} INFO - Sync 1 DAGs
[2024-07-09T13:18:47.936+0000] {logging_mixin.py:188} INFO - [2024-07-09T13:18:47.936+0000] {dag.py:3069} INFO - Creating ORM DAG for latest_only
[2024-07-09T13:18:47.944+0000] {logging_mixin.py:188} INFO - [2024-07-09T13:18:47.944+0000] {dag.py:3834} INFO - Setting next_dagrun for latest_only to 2024-07-09 08:00:00+00:00, run_after=2024-07-09 12:00:00+00:00
[2024-07-09T13:18:47.959+0000] {processor.py:183} INFO - Processing /home/airflow/.local/lib/python3.11/site-packages/airflow/example_dags/example_latest_only.py took 0.191 seconds
[2024-07-09T13:19:18.394+0000] {processor.py:161} INFO - Started process (PID=491) to work on /home/airflow/.local/lib/python3.11/site-packages/airflow/example_dags/example_latest_only.py
[2024-07-09T13:19:18.395+0000] {processor.py:830} INFO - Processing file /home/airflow/.local/lib/python3.11/site-packages/airflow/example_dags/example_latest_only.py for tasks to queue
[2024-07-09T13:19:18.395+0000] {logging_mixin.py:188} INFO - [2024-07-09T13:19:18.395+0000] {dagbag.py:540} INFO - Filling up the DagBag from /home/airflow/.local/lib/python3.11/site-packages/airflow/example_dags/example_latest_only.py
[2024-07-09T13:19:18.399+0000] {processor.py:840} INFO - DAG(s) 'latest_only' retrieved from /home/airflow/.local/lib/python3.11/site-packages/airflow/example_dags/example_latest_only.py
[2024-07-09T13:19:18.418+0000] {logging_mixin.py:188} INFO - [2024-07-09T13:19:18.418+0000] {dag.py:3047} INFO - Sync 1 DAGs
[2024-07-09T13:19:18.434+0000] {logging_mixin.py:188} INFO - [2024-07-09T13:19:18.434+0000] {dag.py:3834} INFO - Setting next_dagrun for latest_only to 2024-07-09 08:00:00+00:00, run_after=2024-07-09 12:00:00+00:00
[2024-07-09T13:19:18.449+0000] {processor.py:183} INFO - Processing /home/airflow/.local/lib/python3.11/site-packages/airflow/example_dags/example_latest_only.py took 0.058 seconds
[2024-07-09T13:19:49.285+0000] {processor.py:161} INFO - Started process (PID=759) to work on /home/airflow/.local/lib/python3.11/site-packages/airflow/example_dags/example_latest_only.py
[2024-07-09T13:19:49.286+0000] {processor.py:830} INFO - Processing file /home/airflow/.local/lib/python3.11/site-packages/airflow/example_dags/example_latest_only.py for tasks to queue
[2024-07-09T13:19:49.287+0000] {logging_mixin.py:188} INFO - [2024-07-09T13:19:49.287+0000] {dagbag.py:540} INFO - Filling up the DagBag from /home/airflow/.local/lib/python3.11/site-packages/airflow/example_dags/example_latest_only.py
[2024-07-09T13:19:49.291+0000] {processor.py:840} INFO - DAG(s) 'latest_only' retrieved from /home/airflow/.local/lib/python3.11/site-packages/airflow/example_dags/example_latest_only.py
[2024-07-09T13:19:49.310+0000] {logging_mixin.py:188} INFO - [2024-07-09T13:19:49.310+0000] {dag.py:3047} INFO - Sync 1 DAGs
[2024-07-09T13:19:49.327+0000] {logging_mixin.py:188} INFO - [2024-07-09T13:19:49.327+0000] {dag.py:3834} INFO - Setting next_dagrun for latest_only to 2024-07-09 08:00:00+00:00, run_after=2024-07-09 12:00:00+00:00
[2024-07-09T13:19:49.342+0000] {processor.py:183} INFO - Processing /home/airflow/.local/lib/python3.11/site-packages/airflow/example_dags/example_latest_only.py took 0.060 seconds
[2024-07-09T13:20:20.396+0000] {processor.py:161} INFO - Started process (PID=1029) to work on /home/airflow/.local/lib/python3.11/site-packages/airflow/example_dags/example_latest_only.py
[2024-07-09T13:20:20.397+0000] {processor.py:830} INFO - Processing file /home/airflow/.local/lib/python3.11/site-packages/airflow/example_dags/example_latest_only.py for tasks to queue
[2024-07-09T13:20:20.398+0000] {logging_mixin.py:188} INFO - [2024-07-09T13:20:20.398+0000] {dagbag.py:540} INFO - Filling up the DagBag from /home/airflow/.local/lib/python3.11/site-packages/airflow/example_dags/example_latest_only.py
[2024-07-09T13:20:20.403+0000] {processor.py:840} INFO - DAG(s) 'latest_only' retrieved from /home/airflow/.local/lib/python3.11/site-packages/airflow/example_dags/example_latest_only.py
[2024-07-09T13:20:20.427+0000] {logging_mixin.py:188} INFO - [2024-07-09T13:20:20.427+0000] {dag.py:3047} INFO - Sync 1 DAGs
[2024-07-09T13:20:20.451+0000] {logging_mixin.py:188} INFO - [2024-07-09T13:20:20.451+0000] {dag.py:3834} INFO - Setting next_dagrun for latest_only to 2024-07-09 08:00:00+00:00, run_after=2024-07-09 12:00:00+00:00
[2024-07-09T13:20:20.576+0000] {processor.py:183} INFO - Processing /home/airflow/.local/lib/python3.11/site-packages/airflow/example_dags/example_latest_only.py took 0.183 seconds
[2024-07-09T13:20:51.556+0000] {processor.py:161} INFO - Started process (PID=1299) to work on /home/airflow/.local/lib/python3.11/site-packages/airflow/example_dags/example_latest_only.py
[2024-07-09T13:20:51.557+0000] {processor.py:830} INFO - Processing file /home/airflow/.local/lib/python3.11/site-packages/airflow/example_dags/example_latest_only.py for tasks to queue
[2024-07-09T13:20:51.558+0000] {logging_mixin.py:188} INFO - [2024-07-09T13:20:51.557+0000] {dagbag.py:540} INFO - Filling up the DagBag from /home/airflow/.local/lib/python3.11/site-packages/airflow/example_dags/example_latest_only.py
[2024-07-09T13:20:51.562+0000] {processor.py:840} INFO - DAG(s) 'latest_only' retrieved from /home/airflow/.local/lib/python3.11/site-packages/airflow/example_dags/example_latest_only.py
[2024-07-09T13:20:51.583+0000] {logging_mixin.py:188} INFO - [2024-07-09T13:20:51.583+0000] {dag.py:3047} INFO - Sync 1 DAGs
[2024-07-09T13:20:51.601+0000] {logging_mixin.py:188} INFO - [2024-07-09T13:20:51.600+0000] {dag.py:3834} INFO - Setting next_dagrun for latest_only to 2024-07-09 08:00:00+00:00, run_after=2024-07-09 12:00:00+00:00
[2024-07-09T13:20:51.617+0000] {processor.py:183} INFO - Processing /home/airflow/.local/lib/python3.11/site-packages/airflow/example_dags/example_latest_only.py took 0.064 seconds
[2024-07-09T13:21:22.511+0000] {processor.py:161} INFO - Started process (PID=1569) to work on /home/airflow/.local/lib/python3.11/site-packages/airflow/example_dags/example_latest_only.py
[2024-07-09T13:21:22.512+0000] {processor.py:830} INFO - Processing file /home/airflow/.local/lib/python3.11/site-packages/airflow/example_dags/example_latest_only.py for tasks to queue
[2024-07-09T13:21:22.513+0000] {logging_mixin.py:188} INFO - [2024-07-09T13:21:22.512+0000] {dagbag.py:540} INFO - Filling up the DagBag from /home/airflow/.local/lib/python3.11/site-packages/airflow/example_dags/example_latest_only.py
[2024-07-09T13:21:22.517+0000] {processor.py:840} INFO - DAG(s) 'latest_only' retrieved from /home/airflow/.local/lib/python3.11/site-packages/airflow/example_dags/example_latest_only.py
[2024-07-09T13:21:22.537+0000] {logging_mixin.py:188} INFO - [2024-07-09T13:21:22.537+0000] {dag.py:3047} INFO - Sync 1 DAGs
[2024-07-09T13:21:22.557+0000] {logging_mixin.py:188} INFO - [2024-07-09T13:21:22.557+0000] {dag.py:3834} INFO - Setting next_dagrun for latest_only to 2024-07-09 08:00:00+00:00, run_after=2024-07-09 12:00:00+00:00
[2024-07-09T13:21:22.574+0000] {processor.py:183} INFO - Processing /home/airflow/.local/lib/python3.11/site-packages/airflow/example_dags/example_latest_only.py took 0.066 seconds
[2024-07-09T13:21:53.260+0000] {processor.py:161} INFO - Started process (PID=1841) to work on /home/airflow/.local/lib/python3.11/site-packages/airflow/example_dags/example_latest_only.py
[2024-07-09T13:21:53.261+0000] {processor.py:830} INFO - Processing file /home/airflow/.local/lib/python3.11/site-packages/airflow/example_dags/example_latest_only.py for tasks to queue
[2024-07-09T13:21:53.261+0000] {logging_mixin.py:188} INFO - [2024-07-09T13:21:53.261+0000] {dagbag.py:540} INFO - Filling up the DagBag from /home/airflow/.local/lib/python3.11/site-packages/airflow/example_dags/example_latest_only.py
[2024-07-09T13:21:53.266+0000] {processor.py:840} INFO - DAG(s) 'latest_only' retrieved from /home/airflow/.local/lib/python3.11/site-packages/airflow/example_dags/example_latest_only.py
[2024-07-09T13:21:53.285+0000] {logging_mixin.py:188} INFO - [2024-07-09T13:21:53.285+0000] {dag.py:3047} INFO - Sync 1 DAGs
[2024-07-09T13:21:53.301+0000] {logging_mixin.py:188} INFO - [2024-07-09T13:21:53.301+0000] {dag.py:3834} INFO - Setting next_dagrun for latest_only to 2024-07-09 08:00:00+00:00, run_after=2024-07-09 12:00:00+00:00
[2024-07-09T13:21:53.317+0000] {processor.py:183} INFO - Processing /home/airflow/.local/lib/python3.11/site-packages/airflow/example_dags/example_latest_only.py took 0.059 seconds
[2024-07-09T13:22:23.966+0000] {processor.py:161} INFO - Started process (PID=2109) to work on /home/airflow/.local/lib/python3.11/site-packages/airflow/example_dags/example_latest_only.py
[2024-07-09T13:22:23.967+0000] {processor.py:830} INFO - Processing file /home/airflow/.local/lib/python3.11/site-packages/airflow/example_dags/example_latest_only.py for tasks to queue
[2024-07-09T13:22:23.967+0000] {logging_mixin.py:188} INFO - [2024-07-09T13:22:23.967+0000] {dagbag.py:540} INFO - Filling up the DagBag from /home/airflow/.local/lib/python3.11/site-packages/airflow/example_dags/example_latest_only.py
[2024-07-09T13:22:23.971+0000] {processor.py:840} INFO - DAG(s) 'latest_only' retrieved from /home/airflow/.local/lib/python3.11/site-packages/airflow/example_dags/example_latest_only.py
[2024-07-09T13:22:23.992+0000] {logging_mixin.py:188} INFO - [2024-07-09T13:22:23.992+0000] {dag.py:3047} INFO - Sync 1 DAGs
[2024-07-09T13:22:24.010+0000] {logging_mixin.py:188} INFO - [2024-07-09T13:22:24.010+0000] {dag.py:3834} INFO - Setting next_dagrun for latest_only to 2024-07-09 08:00:00+00:00, run_after=2024-07-09 12:00:00+00:00
[2024-07-09T13:22:24.026+0000] {processor.py:183} INFO - Processing /home/airflow/.local/lib/python3.11/site-packages/airflow/example_dags/example_latest_only.py took 0.064 seconds
[2024-07-09T13:22:54.685+0000] {processor.py:161} INFO - Started process (PID=2379) to work on /home/airflow/.local/lib/python3.11/site-packages/airflow/example_dags/example_latest_only.py
[2024-07-09T13:22:54.686+0000] {processor.py:830} INFO - Processing file /home/airflow/.local/lib/python3.11/site-packages/airflow/example_dags/example_latest_only.py for tasks to queue
[2024-07-09T13:22:54.687+0000] {logging_mixin.py:188} INFO - [2024-07-09T13:22:54.687+0000] {dagbag.py:540} INFO - Filling up the DagBag from /home/airflow/.local/lib/python3.11/site-packages/airflow/example_dags/example_latest_only.py
[2024-07-09T13:22:54.691+0000] {processor.py:840} INFO - DAG(s) 'latest_only' retrieved from /home/airflow/.local/lib/python3.11/site-packages/airflow/example_dags/example_latest_only.py
[2024-07-09T13:22:54.712+0000] {logging_mixin.py:188} INFO - [2024-07-09T13:22:54.711+0000] {dag.py:3047} INFO - Sync 1 DAGs
[2024-07-09T13:22:54.733+0000] {logging_mixin.py:188} INFO - [2024-07-09T13:22:54.732+0000] {dag.py:3834} INFO - Setting next_dagrun for latest_only to 2024-07-09 08:00:00+00:00, run_after=2024-07-09 12:00:00+00:00
[2024-07-09T13:22:54.748+0000] {processor.py:183} INFO - Processing /home/airflow/.local/lib/python3.11/site-packages/airflow/example_dags/example_latest_only.py took 0.065 seconds
[2024-07-09T13:23:25.473+0000] {processor.py:161} INFO - Started process (PID=2649) to work on /home/airflow/.local/lib/python3.11/site-packages/airflow/example_dags/example_latest_only.py
[2024-07-09T13:23:25.474+0000] {processor.py:830} INFO - Processing file /home/airflow/.local/lib/python3.11/site-packages/airflow/example_dags/example_latest_only.py for tasks to queue
[2024-07-09T13:23:25.475+0000] {logging_mixin.py:188} INFO - [2024-07-09T13:23:25.475+0000] {dagbag.py:540} INFO - Filling up the DagBag from /home/airflow/.local/lib/python3.11/site-packages/airflow/example_dags/example_latest_only.py
[2024-07-09T13:23:25.479+0000] {processor.py:840} INFO - DAG(s) 'latest_only' retrieved from /home/airflow/.local/lib/python3.11/site-packages/airflow/example_dags/example_latest_only.py
[2024-07-09T13:23:25.500+0000] {logging_mixin.py:188} INFO - [2024-07-09T13:23:25.500+0000] {dag.py:3047} INFO - Sync 1 DAGs
[2024-07-09T13:23:25.518+0000] {logging_mixin.py:188} INFO - [2024-07-09T13:23:25.518+0000] {dag.py:3834} INFO - Setting next_dagrun for latest_only to 2024-07-09 08:00:00+00:00, run_after=2024-07-09 12:00:00+00:00
[2024-07-09T13:23:25.535+0000] {processor.py:183} INFO - Processing /home/airflow/.local/lib/python3.11/site-packages/airflow/example_dags/example_latest_only.py took 0.064 seconds
[2024-07-09T13:23:56.219+0000] {processor.py:161} INFO - Started process (PID=2919) to work on /home/airflow/.local/lib/python3.11/site-packages/airflow/example_dags/example_latest_only.py
[2024-07-09T13:23:56.220+0000] {processor.py:830} INFO - Processing file /home/airflow/.local/lib/python3.11/site-packages/airflow/example_dags/example_latest_only.py for tasks to queue
[2024-07-09T13:23:56.221+0000] {logging_mixin.py:188} INFO - [2024-07-09T13:23:56.221+0000] {dagbag.py:540} INFO - Filling up the DagBag from /home/airflow/.local/lib/python3.11/site-packages/airflow/example_dags/example_latest_only.py
[2024-07-09T13:23:56.225+0000] {processor.py:840} INFO - DAG(s) 'latest_only' retrieved from /home/airflow/.local/lib/python3.11/site-packages/airflow/example_dags/example_latest_only.py
[2024-07-09T13:23:56.244+0000] {logging_mixin.py:188} INFO - [2024-07-09T13:23:56.244+0000] {dag.py:3047} INFO - Sync 1 DAGs
[2024-07-09T13:23:56.261+0000] {logging_mixin.py:188} INFO - [2024-07-09T13:23:56.261+0000] {dag.py:3834} INFO - Setting next_dagrun for latest_only to 2024-07-09 08:00:00+00:00, run_after=2024-07-09 12:00:00+00:00
[2024-07-09T13:23:56.276+0000] {processor.py:183} INFO - Processing /home/airflow/.local/lib/python3.11/site-packages/airflow/example_dags/example_latest_only.py took 0.060 seconds
[2024-07-09T13:24:26.910+0000] {processor.py:161} INFO - Started process (PID=3189) to work on /home/airflow/.local/lib/python3.11/site-packages/airflow/example_dags/example_latest_only.py
[2024-07-09T13:24:26.911+0000] {processor.py:830} INFO - Processing file /home/airflow/.local/lib/python3.11/site-packages/airflow/example_dags/example_latest_only.py for tasks to queue
[2024-07-09T13:24:26.912+0000] {logging_mixin.py:188} INFO - [2024-07-09T13:24:26.911+0000] {dagbag.py:540} INFO - Filling up the DagBag from /home/airflow/.local/lib/python3.11/site-packages/airflow/example_dags/example_latest_only.py
[2024-07-09T13:24:26.915+0000] {processor.py:840} INFO - DAG(s) 'latest_only' retrieved from /home/airflow/.local/lib/python3.11/site-packages/airflow/example_dags/example_latest_only.py
[2024-07-09T13:24:26.936+0000] {logging_mixin.py:188} INFO - [2024-07-09T13:24:26.936+0000] {dag.py:3047} INFO - Sync 1 DAGs
[2024-07-09T13:24:26.953+0000] {logging_mixin.py:188} INFO - [2024-07-09T13:24:26.953+0000] {dag.py:3834} INFO - Setting next_dagrun for latest_only to 2024-07-09 08:00:00+00:00, run_after=2024-07-09 12:00:00+00:00
[2024-07-09T13:24:26.970+0000] {processor.py:183} INFO - Processing /home/airflow/.local/lib/python3.11/site-packages/airflow/example_dags/example_latest_only.py took 0.062 seconds
[2024-07-09T13:24:57.611+0000] {processor.py:161} INFO - Started process (PID=3459) to work on /home/airflow/.local/lib/python3.11/site-packages/airflow/example_dags/example_latest_only.py
[2024-07-09T13:24:57.612+0000] {processor.py:830} INFO - Processing file /home/airflow/.local/lib/python3.11/site-packages/airflow/example_dags/example_latest_only.py for tasks to queue
[2024-07-09T13:24:57.613+0000] {logging_mixin.py:188} INFO - [2024-07-09T13:24:57.613+0000] {dagbag.py:540} INFO - Filling up the DagBag from /home/airflow/.local/lib/python3.11/site-packages/airflow/example_dags/example_latest_only.py
[2024-07-09T13:24:57.617+0000] {processor.py:840} INFO - DAG(s) 'latest_only' retrieved from /home/airflow/.local/lib/python3.11/site-packages/airflow/example_dags/example_latest_only.py
[2024-07-09T13:24:57.636+0000] {logging_mixin.py:188} INFO - [2024-07-09T13:24:57.636+0000] {dag.py:3047} INFO - Sync 1 DAGs
[2024-07-09T13:24:57.655+0000] {logging_mixin.py:188} INFO - [2024-07-09T13:24:57.655+0000] {dag.py:3834} INFO - Setting next_dagrun for latest_only to 2024-07-09 08:00:00+00:00, run_after=2024-07-09 12:00:00+00:00
[2024-07-09T13:24:57.670+0000] {processor.py:183} INFO - Processing /home/airflow/.local/lib/python3.11/site-packages/airflow/example_dags/example_latest_only.py took 0.061 seconds
[2024-07-09T13:26:08.723+0000] {processor.py:161} INFO - Started process (PID=222) to work on /home/airflow/.local/lib/python3.11/site-packages/airflow/example_dags/example_latest_only.py
[2024-07-09T13:26:08.724+0000] {processor.py:830} INFO - Processing file /home/airflow/.local/lib/python3.11/site-packages/airflow/example_dags/example_latest_only.py for tasks to queue
[2024-07-09T13:26:08.726+0000] {logging_mixin.py:188} INFO - [2024-07-09T13:26:08.726+0000] {dagbag.py:540} INFO - Filling up the DagBag from /home/airflow/.local/lib/python3.11/site-packages/airflow/example_dags/example_latest_only.py
[2024-07-09T13:26:08.732+0000] {processor.py:840} INFO - DAG(s) 'latest_only' retrieved from /home/airflow/.local/lib/python3.11/site-packages/airflow/example_dags/example_latest_only.py
[2024-07-09T13:26:08.820+0000] {logging_mixin.py:188} INFO - [2024-07-09T13:26:08.820+0000] {override.py:1769} INFO - Created Permission View: can delete on DAG:latest_only
[2024-07-09T13:26:08.830+0000] {logging_mixin.py:188} INFO - [2024-07-09T13:26:08.829+0000] {override.py:1769} INFO - Created Permission View: can read on DAG:latest_only
[2024-07-09T13:26:08.835+0000] {logging_mixin.py:188} INFO - [2024-07-09T13:26:08.835+0000] {override.py:1769} INFO - Created Permission View: can edit on DAG:latest_only
[2024-07-09T13:26:08.835+0000] {logging_mixin.py:188} INFO - [2024-07-09T13:26:08.835+0000] {dag.py:3047} INFO - Sync 1 DAGs
[2024-07-09T13:26:08.844+0000] {logging_mixin.py:188} INFO - [2024-07-09T13:26:08.844+0000] {dag.py:3069} INFO - Creating ORM DAG for latest_only
[2024-07-09T13:26:08.852+0000] {logging_mixin.py:188} INFO - [2024-07-09T13:26:08.852+0000] {dag.py:3834} INFO - Setting next_dagrun for latest_only to 2024-07-09 08:00:00+00:00, run_after=2024-07-09 12:00:00+00:00
[2024-07-09T13:26:08.868+0000] {processor.py:183} INFO - Processing /home/airflow/.local/lib/python3.11/site-packages/airflow/example_dags/example_latest_only.py took 0.147 seconds
[2024-07-09T13:26:39.313+0000] {processor.py:161} INFO - Started process (PID=490) to work on /home/airflow/.local/lib/python3.11/site-packages/airflow/example_dags/example_latest_only.py
[2024-07-09T13:26:39.314+0000] {processor.py:830} INFO - Processing file /home/airflow/.local/lib/python3.11/site-packages/airflow/example_dags/example_latest_only.py for tasks to queue
[2024-07-09T13:26:39.315+0000] {logging_mixin.py:188} INFO - [2024-07-09T13:26:39.315+0000] {dagbag.py:540} INFO - Filling up the DagBag from /home/airflow/.local/lib/python3.11/site-packages/airflow/example_dags/example_latest_only.py
[2024-07-09T13:26:39.319+0000] {processor.py:840} INFO - DAG(s) 'latest_only' retrieved from /home/airflow/.local/lib/python3.11/site-packages/airflow/example_dags/example_latest_only.py
[2024-07-09T13:26:39.342+0000] {logging_mixin.py:188} INFO - [2024-07-09T13:26:39.342+0000] {dag.py:3047} INFO - Sync 1 DAGs
[2024-07-09T13:26:39.360+0000] {logging_mixin.py:188} INFO - [2024-07-09T13:26:39.360+0000] {dag.py:3834} INFO - Setting next_dagrun for latest_only to 2024-07-09 08:00:00+00:00, run_after=2024-07-09 12:00:00+00:00
[2024-07-09T13:26:39.377+0000] {processor.py:183} INFO - Processing /home/airflow/.local/lib/python3.11/site-packages/airflow/example_dags/example_latest_only.py took 0.066 seconds
[2024-07-09T13:27:09.900+0000] {processor.py:161} INFO - Started process (PID=760) to work on /home/airflow/.local/lib/python3.11/site-packages/airflow/example_dags/example_latest_only.py
[2024-07-09T13:27:09.901+0000] {processor.py:830} INFO - Processing file /home/airflow/.local/lib/python3.11/site-packages/airflow/example_dags/example_latest_only.py for tasks to queue
[2024-07-09T13:27:09.901+0000] {logging_mixin.py:188} INFO - [2024-07-09T13:27:09.901+0000] {dagbag.py:540} INFO - Filling up the DagBag from /home/airflow/.local/lib/python3.11/site-packages/airflow/example_dags/example_latest_only.py
[2024-07-09T13:27:09.905+0000] {processor.py:840} INFO - DAG(s) 'latest_only' retrieved from /home/airflow/.local/lib/python3.11/site-packages/airflow/example_dags/example_latest_only.py
[2024-07-09T13:27:09.926+0000] {logging_mixin.py:188} INFO - [2024-07-09T13:27:09.925+0000] {dag.py:3047} INFO - Sync 1 DAGs
[2024-07-09T13:27:09.943+0000] {logging_mixin.py:188} INFO - [2024-07-09T13:27:09.943+0000] {dag.py:3834} INFO - Setting next_dagrun for latest_only to 2024-07-09 08:00:00+00:00, run_after=2024-07-09 12:00:00+00:00
[2024-07-09T13:27:09.957+0000] {processor.py:183} INFO - Processing /home/airflow/.local/lib/python3.11/site-packages/airflow/example_dags/example_latest_only.py took 0.060 seconds
[2024-07-09T13:27:40.595+0000] {processor.py:161} INFO - Started process (PID=1032) to work on /home/airflow/.local/lib/python3.11/site-packages/airflow/example_dags/example_latest_only.py
[2024-07-09T13:27:40.596+0000] {processor.py:830} INFO - Processing file /home/airflow/.local/lib/python3.11/site-packages/airflow/example_dags/example_latest_only.py for tasks to queue
[2024-07-09T13:27:40.597+0000] {logging_mixin.py:188} INFO - [2024-07-09T13:27:40.597+0000] {dagbag.py:540} INFO - Filling up the DagBag from /home/airflow/.local/lib/python3.11/site-packages/airflow/example_dags/example_latest_only.py
[2024-07-09T13:27:40.601+0000] {processor.py:840} INFO - DAG(s) 'latest_only' retrieved from /home/airflow/.local/lib/python3.11/site-packages/airflow/example_dags/example_latest_only.py
[2024-07-09T13:27:40.621+0000] {logging_mixin.py:188} INFO - [2024-07-09T13:27:40.621+0000] {dag.py:3047} INFO - Sync 1 DAGs
[2024-07-09T13:27:40.639+0000] {logging_mixin.py:188} INFO - [2024-07-09T13:27:40.639+0000] {dag.py:3834} INFO - Setting next_dagrun for latest_only to 2024-07-09 08:00:00+00:00, run_after=2024-07-09 12:00:00+00:00
[2024-07-09T13:27:40.761+0000] {processor.py:183} INFO - Processing /home/airflow/.local/lib/python3.11/site-packages/airflow/example_dags/example_latest_only.py took 0.168 seconds
[2024-07-09T13:28:11.465+0000] {processor.py:161} INFO - Started process (PID=1289) to work on /home/airflow/.local/lib/python3.11/site-packages/airflow/example_dags/example_latest_only.py
[2024-07-09T13:28:11.466+0000] {processor.py:830} INFO - Processing file /home/airflow/.local/lib/python3.11/site-packages/airflow/example_dags/example_latest_only.py for tasks to queue
[2024-07-09T13:28:11.467+0000] {logging_mixin.py:188} INFO - [2024-07-09T13:28:11.467+0000] {dagbag.py:540} INFO - Filling up the DagBag from /home/airflow/.local/lib/python3.11/site-packages/airflow/example_dags/example_latest_only.py
[2024-07-09T13:28:11.472+0000] {processor.py:840} INFO - DAG(s) 'latest_only' retrieved from /home/airflow/.local/lib/python3.11/site-packages/airflow/example_dags/example_latest_only.py
[2024-07-09T13:28:11.498+0000] {logging_mixin.py:188} INFO - [2024-07-09T13:28:11.498+0000] {dag.py:3047} INFO - Sync 1 DAGs
[2024-07-09T13:28:11.524+0000] {logging_mixin.py:188} INFO - [2024-07-09T13:28:11.524+0000] {dag.py:3834} INFO - Setting next_dagrun for latest_only to 2024-07-09 08:00:00+00:00, run_after=2024-07-09 12:00:00+00:00
[2024-07-09T13:28:11.546+0000] {processor.py:183} INFO - Processing /home/airflow/.local/lib/python3.11/site-packages/airflow/example_dags/example_latest_only.py took 0.084 seconds
[2024-07-09T13:28:41.809+0000] {processor.py:161} INFO - Started process (PID=1554) to work on /home/airflow/.local/lib/python3.11/site-packages/airflow/example_dags/example_latest_only.py
[2024-07-09T13:28:41.810+0000] {processor.py:830} INFO - Processing file /home/airflow/.local/lib/python3.11/site-packages/airflow/example_dags/example_latest_only.py for tasks to queue
[2024-07-09T13:28:41.810+0000] {logging_mixin.py:188} INFO - [2024-07-09T13:28:41.810+0000] {dagbag.py:540} INFO - Filling up the DagBag from /home/airflow/.local/lib/python3.11/site-packages/airflow/example_dags/example_latest_only.py
[2024-07-09T13:28:41.815+0000] {processor.py:840} INFO - DAG(s) 'latest_only' retrieved from /home/airflow/.local/lib/python3.11/site-packages/airflow/example_dags/example_latest_only.py
[2024-07-09T13:28:41.835+0000] {logging_mixin.py:188} INFO - [2024-07-09T13:28:41.834+0000] {dag.py:3047} INFO - Sync 1 DAGs
[2024-07-09T13:28:41.851+0000] {logging_mixin.py:188} INFO - [2024-07-09T13:28:41.851+0000] {dag.py:3834} INFO - Setting next_dagrun for latest_only to 2024-07-09 08:00:00+00:00, run_after=2024-07-09 12:00:00+00:00
[2024-07-09T13:28:41.867+0000] {processor.py:183} INFO - Processing /home/airflow/.local/lib/python3.11/site-packages/airflow/example_dags/example_latest_only.py took 0.061 seconds
[2024-07-09T13:29:12.259+0000] {processor.py:161} INFO - Started process (PID=1824) to work on /home/airflow/.local/lib/python3.11/site-packages/airflow/example_dags/example_latest_only.py
[2024-07-09T13:29:12.260+0000] {processor.py:830} INFO - Processing file /home/airflow/.local/lib/python3.11/site-packages/airflow/example_dags/example_latest_only.py for tasks to queue
[2024-07-09T13:29:12.260+0000] {logging_mixin.py:188} INFO - [2024-07-09T13:29:12.260+0000] {dagbag.py:540} INFO - Filling up the DagBag from /home/airflow/.local/lib/python3.11/site-packages/airflow/example_dags/example_latest_only.py
[2024-07-09T13:29:12.264+0000] {processor.py:840} INFO - DAG(s) 'latest_only' retrieved from /home/airflow/.local/lib/python3.11/site-packages/airflow/example_dags/example_latest_only.py
[2024-07-09T13:29:12.285+0000] {logging_mixin.py:188} INFO - [2024-07-09T13:29:12.285+0000] {dag.py:3047} INFO - Sync 1 DAGs
[2024-07-09T13:29:12.301+0000] {logging_mixin.py:188} INFO - [2024-07-09T13:29:12.301+0000] {dag.py:3834} INFO - Setting next_dagrun for latest_only to 2024-07-09 08:00:00+00:00, run_after=2024-07-09 12:00:00+00:00
[2024-07-09T13:29:12.317+0000] {processor.py:183} INFO - Processing /home/airflow/.local/lib/python3.11/site-packages/airflow/example_dags/example_latest_only.py took 0.060 seconds
[2024-07-09T13:29:42.632+0000] {processor.py:161} INFO - Started process (PID=2094) to work on /home/airflow/.local/lib/python3.11/site-packages/airflow/example_dags/example_latest_only.py
[2024-07-09T13:29:42.633+0000] {processor.py:830} INFO - Processing file /home/airflow/.local/lib/python3.11/site-packages/airflow/example_dags/example_latest_only.py for tasks to queue
[2024-07-09T13:29:42.634+0000] {logging_mixin.py:188} INFO - [2024-07-09T13:29:42.634+0000] {dagbag.py:540} INFO - Filling up the DagBag from /home/airflow/.local/lib/python3.11/site-packages/airflow/example_dags/example_latest_only.py
[2024-07-09T13:29:42.638+0000] {processor.py:840} INFO - DAG(s) 'latest_only' retrieved from /home/airflow/.local/lib/python3.11/site-packages/airflow/example_dags/example_latest_only.py
[2024-07-09T13:29:42.658+0000] {logging_mixin.py:188} INFO - [2024-07-09T13:29:42.658+0000] {dag.py:3047} INFO - Sync 1 DAGs
[2024-07-09T13:29:42.675+0000] {logging_mixin.py:188} INFO - [2024-07-09T13:29:42.675+0000] {dag.py:3834} INFO - Setting next_dagrun for latest_only to 2024-07-09 08:00:00+00:00, run_after=2024-07-09 12:00:00+00:00
[2024-07-09T13:29:42.689+0000] {processor.py:183} INFO - Processing /home/airflow/.local/lib/python3.11/site-packages/airflow/example_dags/example_latest_only.py took 0.059 seconds
[2024-07-09T13:31:36.959+0000] {processor.py:161} INFO - Started process (PID=221) to work on /home/airflow/.local/lib/python3.11/site-packages/airflow/example_dags/example_latest_only.py
[2024-07-09T13:31:36.960+0000] {processor.py:830} INFO - Processing file /home/airflow/.local/lib/python3.11/site-packages/airflow/example_dags/example_latest_only.py for tasks to queue
[2024-07-09T13:31:36.963+0000] {logging_mixin.py:188} INFO - [2024-07-09T13:31:36.963+0000] {dagbag.py:540} INFO - Filling up the DagBag from /home/airflow/.local/lib/python3.11/site-packages/airflow/example_dags/example_latest_only.py
[2024-07-09T13:31:36.969+0000] {processor.py:840} INFO - DAG(s) 'latest_only' retrieved from /home/airflow/.local/lib/python3.11/site-packages/airflow/example_dags/example_latest_only.py
[2024-07-09T13:31:37.061+0000] {logging_mixin.py:188} INFO - [2024-07-09T13:31:37.060+0000] {override.py:1769} INFO - Created Permission View: can edit on DAG:latest_only
[2024-07-09T13:31:37.071+0000] {logging_mixin.py:188} INFO - [2024-07-09T13:31:37.070+0000] {override.py:1769} INFO - Created Permission View: can delete on DAG:latest_only
[2024-07-09T13:31:37.077+0000] {logging_mixin.py:188} INFO - [2024-07-09T13:31:37.077+0000] {override.py:1769} INFO - Created Permission View: can read on DAG:latest_only
[2024-07-09T13:31:37.077+0000] {logging_mixin.py:188} INFO - [2024-07-09T13:31:37.077+0000] {dag.py:3047} INFO - Sync 1 DAGs
[2024-07-09T13:31:37.086+0000] {logging_mixin.py:188} INFO - [2024-07-09T13:31:37.086+0000] {dag.py:3069} INFO - Creating ORM DAG for latest_only
[2024-07-09T13:31:37.094+0000] {logging_mixin.py:188} INFO - [2024-07-09T13:31:37.094+0000] {dag.py:3834} INFO - Setting next_dagrun for latest_only to 2024-07-09 08:00:00+00:00, run_after=2024-07-09 12:00:00+00:00
[2024-07-09T13:31:37.110+0000] {processor.py:183} INFO - Processing /home/airflow/.local/lib/python3.11/site-packages/airflow/example_dags/example_latest_only.py took 0.153 seconds
[2024-07-09T13:32:08.044+0000] {processor.py:161} INFO - Started process (PID=491) to work on /home/airflow/.local/lib/python3.11/site-packages/airflow/example_dags/example_latest_only.py
[2024-07-09T13:32:08.045+0000] {processor.py:830} INFO - Processing file /home/airflow/.local/lib/python3.11/site-packages/airflow/example_dags/example_latest_only.py for tasks to queue
[2024-07-09T13:32:08.046+0000] {logging_mixin.py:188} INFO - [2024-07-09T13:32:08.046+0000] {dagbag.py:540} INFO - Filling up the DagBag from /home/airflow/.local/lib/python3.11/site-packages/airflow/example_dags/example_latest_only.py
[2024-07-09T13:32:08.050+0000] {processor.py:840} INFO - DAG(s) 'latest_only' retrieved from /home/airflow/.local/lib/python3.11/site-packages/airflow/example_dags/example_latest_only.py
[2024-07-09T13:32:08.070+0000] {logging_mixin.py:188} INFO - [2024-07-09T13:32:08.070+0000] {dag.py:3047} INFO - Sync 1 DAGs
[2024-07-09T13:32:08.087+0000] {logging_mixin.py:188} INFO - [2024-07-09T13:32:08.087+0000] {dag.py:3834} INFO - Setting next_dagrun for latest_only to 2024-07-09 08:00:00+00:00, run_after=2024-07-09 12:00:00+00:00
[2024-07-09T13:32:08.103+0000] {processor.py:183} INFO - Processing /home/airflow/.local/lib/python3.11/site-packages/airflow/example_dags/example_latest_only.py took 0.061 seconds
[2024-07-09T13:32:38.290+0000] {processor.py:161} INFO - Started process (PID=761) to work on /home/airflow/.local/lib/python3.11/site-packages/airflow/example_dags/example_latest_only.py
[2024-07-09T13:32:38.291+0000] {processor.py:830} INFO - Processing file /home/airflow/.local/lib/python3.11/site-packages/airflow/example_dags/example_latest_only.py for tasks to queue
[2024-07-09T13:32:38.292+0000] {logging_mixin.py:188} INFO - [2024-07-09T13:32:38.291+0000] {dagbag.py:540} INFO - Filling up the DagBag from /home/airflow/.local/lib/python3.11/site-packages/airflow/example_dags/example_latest_only.py
[2024-07-09T13:32:38.296+0000] {processor.py:840} INFO - DAG(s) 'latest_only' retrieved from /home/airflow/.local/lib/python3.11/site-packages/airflow/example_dags/example_latest_only.py
[2024-07-09T13:32:38.316+0000] {logging_mixin.py:188} INFO - [2024-07-09T13:32:38.316+0000] {dag.py:3047} INFO - Sync 1 DAGs
[2024-07-09T13:32:38.334+0000] {logging_mixin.py:188} INFO - [2024-07-09T13:32:38.334+0000] {dag.py:3834} INFO - Setting next_dagrun for latest_only to 2024-07-09 08:00:00+00:00, run_after=2024-07-09 12:00:00+00:00
[2024-07-09T13:32:38.349+0000] {processor.py:183} INFO - Processing /home/airflow/.local/lib/python3.11/site-packages/airflow/example_dags/example_latest_only.py took 0.062 seconds
[2024-07-09T13:33:08.724+0000] {processor.py:161} INFO - Started process (PID=1031) to work on /home/airflow/.local/lib/python3.11/site-packages/airflow/example_dags/example_latest_only.py
[2024-07-09T13:33:08.725+0000] {processor.py:830} INFO - Processing file /home/airflow/.local/lib/python3.11/site-packages/airflow/example_dags/example_latest_only.py for tasks to queue
[2024-07-09T13:33:08.726+0000] {logging_mixin.py:188} INFO - [2024-07-09T13:33:08.726+0000] {dagbag.py:540} INFO - Filling up the DagBag from /home/airflow/.local/lib/python3.11/site-packages/airflow/example_dags/example_latest_only.py
[2024-07-09T13:33:08.730+0000] {processor.py:840} INFO - DAG(s) 'latest_only' retrieved from /home/airflow/.local/lib/python3.11/site-packages/airflow/example_dags/example_latest_only.py
[2024-07-09T13:33:08.751+0000] {logging_mixin.py:188} INFO - [2024-07-09T13:33:08.750+0000] {dag.py:3047} INFO - Sync 1 DAGs
[2024-07-09T13:33:08.769+0000] {logging_mixin.py:188} INFO - [2024-07-09T13:33:08.768+0000] {dag.py:3834} INFO - Setting next_dagrun for latest_only to 2024-07-09 08:00:00+00:00, run_after=2024-07-09 12:00:00+00:00
[2024-07-09T13:33:08.896+0000] {processor.py:183} INFO - Processing /home/airflow/.local/lib/python3.11/site-packages/airflow/example_dags/example_latest_only.py took 0.174 seconds
[2024-07-09T13:33:39.039+0000] {processor.py:161} INFO - Started process (PID=1301) to work on /home/airflow/.local/lib/python3.11/site-packages/airflow/example_dags/example_latest_only.py
[2024-07-09T13:33:39.040+0000] {processor.py:830} INFO - Processing file /home/airflow/.local/lib/python3.11/site-packages/airflow/example_dags/example_latest_only.py for tasks to queue
[2024-07-09T13:33:39.041+0000] {logging_mixin.py:188} INFO - [2024-07-09T13:33:39.041+0000] {dagbag.py:540} INFO - Filling up the DagBag from /home/airflow/.local/lib/python3.11/site-packages/airflow/example_dags/example_latest_only.py
[2024-07-09T13:33:39.045+0000] {processor.py:840} INFO - DAG(s) 'latest_only' retrieved from /home/airflow/.local/lib/python3.11/site-packages/airflow/example_dags/example_latest_only.py
[2024-07-09T13:33:39.067+0000] {logging_mixin.py:188} INFO - [2024-07-09T13:33:39.066+0000] {dag.py:3047} INFO - Sync 1 DAGs
[2024-07-09T13:33:39.084+0000] {logging_mixin.py:188} INFO - [2024-07-09T13:33:39.084+0000] {dag.py:3834} INFO - Setting next_dagrun for latest_only to 2024-07-09 08:00:00+00:00, run_after=2024-07-09 12:00:00+00:00
[2024-07-09T13:33:39.101+0000] {processor.py:183} INFO - Processing /home/airflow/.local/lib/python3.11/site-packages/airflow/example_dags/example_latest_only.py took 0.064 seconds
[2024-07-09T13:34:09.223+0000] {processor.py:161} INFO - Started process (PID=1556) to work on /home/airflow/.local/lib/python3.11/site-packages/airflow/example_dags/example_latest_only.py
[2024-07-09T13:34:09.224+0000] {processor.py:830} INFO - Processing file /home/airflow/.local/lib/python3.11/site-packages/airflow/example_dags/example_latest_only.py for tasks to queue
[2024-07-09T13:34:09.225+0000] {logging_mixin.py:188} INFO - [2024-07-09T13:34:09.225+0000] {dagbag.py:540} INFO - Filling up the DagBag from /home/airflow/.local/lib/python3.11/site-packages/airflow/example_dags/example_latest_only.py
[2024-07-09T13:34:09.229+0000] {processor.py:840} INFO - DAG(s) 'latest_only' retrieved from /home/airflow/.local/lib/python3.11/site-packages/airflow/example_dags/example_latest_only.py
[2024-07-09T13:34:09.250+0000] {logging_mixin.py:188} INFO - [2024-07-09T13:34:09.250+0000] {dag.py:3047} INFO - Sync 1 DAGs
[2024-07-09T13:34:09.268+0000] {logging_mixin.py:188} INFO - [2024-07-09T13:34:09.268+0000] {dag.py:3834} INFO - Setting next_dagrun for latest_only to 2024-07-09 08:00:00+00:00, run_after=2024-07-09 12:00:00+00:00
[2024-07-09T13:34:09.284+0000] {processor.py:183} INFO - Processing /home/airflow/.local/lib/python3.11/site-packages/airflow/example_dags/example_latest_only.py took 0.063 seconds
[2024-07-09T13:34:39.481+0000] {processor.py:161} INFO - Started process (PID=1821) to work on /home/airflow/.local/lib/python3.11/site-packages/airflow/example_dags/example_latest_only.py
[2024-07-09T13:34:39.482+0000] {processor.py:830} INFO - Processing file /home/airflow/.local/lib/python3.11/site-packages/airflow/example_dags/example_latest_only.py for tasks to queue
[2024-07-09T13:34:39.483+0000] {logging_mixin.py:188} INFO - [2024-07-09T13:34:39.483+0000] {dagbag.py:540} INFO - Filling up the DagBag from /home/airflow/.local/lib/python3.11/site-packages/airflow/example_dags/example_latest_only.py
[2024-07-09T13:34:39.487+0000] {processor.py:840} INFO - DAG(s) 'latest_only' retrieved from /home/airflow/.local/lib/python3.11/site-packages/airflow/example_dags/example_latest_only.py
[2024-07-09T13:34:39.508+0000] {logging_mixin.py:188} INFO - [2024-07-09T13:34:39.507+0000] {dag.py:3047} INFO - Sync 1 DAGs
[2024-07-09T13:34:39.524+0000] {logging_mixin.py:188} INFO - [2024-07-09T13:34:39.524+0000] {dag.py:3834} INFO - Setting next_dagrun for latest_only to 2024-07-09 08:00:00+00:00, run_after=2024-07-09 12:00:00+00:00
[2024-07-09T13:34:39.541+0000] {processor.py:183} INFO - Processing /home/airflow/.local/lib/python3.11/site-packages/airflow/example_dags/example_latest_only.py took 0.062 seconds
[2024-07-09T13:35:09.749+0000] {processor.py:161} INFO - Started process (PID=2091) to work on /home/airflow/.local/lib/python3.11/site-packages/airflow/example_dags/example_latest_only.py
[2024-07-09T13:35:09.750+0000] {processor.py:830} INFO - Processing file /home/airflow/.local/lib/python3.11/site-packages/airflow/example_dags/example_latest_only.py for tasks to queue
[2024-07-09T13:35:09.750+0000] {logging_mixin.py:188} INFO - [2024-07-09T13:35:09.750+0000] {dagbag.py:540} INFO - Filling up the DagBag from /home/airflow/.local/lib/python3.11/site-packages/airflow/example_dags/example_latest_only.py
[2024-07-09T13:35:09.755+0000] {processor.py:840} INFO - DAG(s) 'latest_only' retrieved from /home/airflow/.local/lib/python3.11/site-packages/airflow/example_dags/example_latest_only.py
[2024-07-09T13:35:09.775+0000] {logging_mixin.py:188} INFO - [2024-07-09T13:35:09.775+0000] {dag.py:3047} INFO - Sync 1 DAGs
[2024-07-09T13:35:09.794+0000] {logging_mixin.py:188} INFO - [2024-07-09T13:35:09.793+0000] {dag.py:3834} INFO - Setting next_dagrun for latest_only to 2024-07-09 08:00:00+00:00, run_after=2024-07-09 12:00:00+00:00
[2024-07-09T13:35:09.815+0000] {processor.py:183} INFO - Processing /home/airflow/.local/lib/python3.11/site-packages/airflow/example_dags/example_latest_only.py took 0.069 seconds
[2024-07-09T13:35:40.062+0000] {processor.py:161} INFO - Started process (PID=2361) to work on /home/airflow/.local/lib/python3.11/site-packages/airflow/example_dags/example_latest_only.py
[2024-07-09T13:35:40.063+0000] {processor.py:830} INFO - Processing file /home/airflow/.local/lib/python3.11/site-packages/airflow/example_dags/example_latest_only.py for tasks to queue
[2024-07-09T13:35:40.064+0000] {logging_mixin.py:188} INFO - [2024-07-09T13:35:40.064+0000] {dagbag.py:540} INFO - Filling up the DagBag from /home/airflow/.local/lib/python3.11/site-packages/airflow/example_dags/example_latest_only.py
[2024-07-09T13:35:40.068+0000] {processor.py:840} INFO - DAG(s) 'latest_only' retrieved from /home/airflow/.local/lib/python3.11/site-packages/airflow/example_dags/example_latest_only.py
[2024-07-09T13:35:40.089+0000] {logging_mixin.py:188} INFO - [2024-07-09T13:35:40.089+0000] {dag.py:3047} INFO - Sync 1 DAGs
[2024-07-09T13:35:40.106+0000] {logging_mixin.py:188} INFO - [2024-07-09T13:35:40.106+0000] {dag.py:3834} INFO - Setting next_dagrun for latest_only to 2024-07-09 08:00:00+00:00, run_after=2024-07-09 12:00:00+00:00
[2024-07-09T13:35:40.122+0000] {processor.py:183} INFO - Processing /home/airflow/.local/lib/python3.11/site-packages/airflow/example_dags/example_latest_only.py took 0.062 seconds
[2024-07-09T13:36:10.463+0000] {processor.py:161} INFO - Started process (PID=2631) to work on /home/airflow/.local/lib/python3.11/site-packages/airflow/example_dags/example_latest_only.py
[2024-07-09T13:36:10.464+0000] {processor.py:830} INFO - Processing file /home/airflow/.local/lib/python3.11/site-packages/airflow/example_dags/example_latest_only.py for tasks to queue
[2024-07-09T13:36:10.465+0000] {logging_mixin.py:188} INFO - [2024-07-09T13:36:10.465+0000] {dagbag.py:540} INFO - Filling up the DagBag from /home/airflow/.local/lib/python3.11/site-packages/airflow/example_dags/example_latest_only.py
[2024-07-09T13:36:10.469+0000] {processor.py:840} INFO - DAG(s) 'latest_only' retrieved from /home/airflow/.local/lib/python3.11/site-packages/airflow/example_dags/example_latest_only.py
[2024-07-09T13:36:10.490+0000] {logging_mixin.py:188} INFO - [2024-07-09T13:36:10.490+0000] {dag.py:3047} INFO - Sync 1 DAGs
[2024-07-09T13:36:10.508+0000] {logging_mixin.py:188} INFO - [2024-07-09T13:36:10.508+0000] {dag.py:3834} INFO - Setting next_dagrun for latest_only to 2024-07-09 08:00:00+00:00, run_after=2024-07-09 12:00:00+00:00
[2024-07-09T13:36:10.526+0000] {processor.py:183} INFO - Processing /home/airflow/.local/lib/python3.11/site-packages/airflow/example_dags/example_latest_only.py took 0.065 seconds
[2024-07-09T13:36:40.859+0000] {processor.py:161} INFO - Started process (PID=2901) to work on /home/airflow/.local/lib/python3.11/site-packages/airflow/example_dags/example_latest_only.py
[2024-07-09T13:36:40.860+0000] {processor.py:830} INFO - Processing file /home/airflow/.local/lib/python3.11/site-packages/airflow/example_dags/example_latest_only.py for tasks to queue
[2024-07-09T13:36:40.861+0000] {logging_mixin.py:188} INFO - [2024-07-09T13:36:40.860+0000] {dagbag.py:540} INFO - Filling up the DagBag from /home/airflow/.local/lib/python3.11/site-packages/airflow/example_dags/example_latest_only.py
[2024-07-09T13:36:40.865+0000] {processor.py:840} INFO - DAG(s) 'latest_only' retrieved from /home/airflow/.local/lib/python3.11/site-packages/airflow/example_dags/example_latest_only.py
[2024-07-09T13:36:40.885+0000] {logging_mixin.py:188} INFO - [2024-07-09T13:36:40.885+0000] {dag.py:3047} INFO - Sync 1 DAGs
[2024-07-09T13:36:40.902+0000] {logging_mixin.py:188} INFO - [2024-07-09T13:36:40.902+0000] {dag.py:3834} INFO - Setting next_dagrun for latest_only to 2024-07-09 08:00:00+00:00, run_after=2024-07-09 12:00:00+00:00
[2024-07-09T13:36:40.917+0000] {processor.py:183} INFO - Processing /home/airflow/.local/lib/python3.11/site-packages/airflow/example_dags/example_latest_only.py took 0.060 seconds
[2024-07-09T13:37:11.276+0000] {processor.py:161} INFO - Started process (PID=3171) to work on /home/airflow/.local/lib/python3.11/site-packages/airflow/example_dags/example_latest_only.py
[2024-07-09T13:37:11.277+0000] {processor.py:830} INFO - Processing file /home/airflow/.local/lib/python3.11/site-packages/airflow/example_dags/example_latest_only.py for tasks to queue
[2024-07-09T13:37:11.278+0000] {logging_mixin.py:188} INFO - [2024-07-09T13:37:11.277+0000] {dagbag.py:540} INFO - Filling up the DagBag from /home/airflow/.local/lib/python3.11/site-packages/airflow/example_dags/example_latest_only.py
[2024-07-09T13:37:11.282+0000] {processor.py:840} INFO - DAG(s) 'latest_only' retrieved from /home/airflow/.local/lib/python3.11/site-packages/airflow/example_dags/example_latest_only.py
[2024-07-09T13:37:11.305+0000] {logging_mixin.py:188} INFO - [2024-07-09T13:37:11.305+0000] {dag.py:3047} INFO - Sync 1 DAGs
[2024-07-09T13:37:11.325+0000] {logging_mixin.py:188} INFO - [2024-07-09T13:37:11.324+0000] {dag.py:3834} INFO - Setting next_dagrun for latest_only to 2024-07-09 08:00:00+00:00, run_after=2024-07-09 12:00:00+00:00
[2024-07-09T13:37:11.342+0000] {processor.py:183} INFO - Processing /home/airflow/.local/lib/python3.11/site-packages/airflow/example_dags/example_latest_only.py took 0.069 seconds
[2024-07-09T13:46:09.823+0000] {processor.py:161} INFO - Started process (PID=219) to work on /home/airflow/.local/lib/python3.11/site-packages/airflow/example_dags/example_latest_only.py
[2024-07-09T13:46:09.825+0000] {processor.py:830} INFO - Processing file /home/airflow/.local/lib/python3.11/site-packages/airflow/example_dags/example_latest_only.py for tasks to queue
[2024-07-09T13:46:09.825+0000] {logging_mixin.py:188} INFO - [2024-07-09T13:46:09.825+0000] {dagbag.py:540} INFO - Filling up the DagBag from /home/airflow/.local/lib/python3.11/site-packages/airflow/example_dags/example_latest_only.py
[2024-07-09T13:46:09.832+0000] {processor.py:840} INFO - DAG(s) 'latest_only' retrieved from /home/airflow/.local/lib/python3.11/site-packages/airflow/example_dags/example_latest_only.py
[2024-07-09T13:46:09.921+0000] {logging_mixin.py:188} INFO - [2024-07-09T13:46:09.920+0000] {override.py:1769} INFO - Created Permission View: can delete on DAG:latest_only
[2024-07-09T13:46:09.931+0000] {logging_mixin.py:188} INFO - [2024-07-09T13:46:09.930+0000] {override.py:1769} INFO - Created Permission View: can read on DAG:latest_only
[2024-07-09T13:46:09.937+0000] {logging_mixin.py:188} INFO - [2024-07-09T13:46:09.937+0000] {override.py:1769} INFO - Created Permission View: can edit on DAG:latest_only
[2024-07-09T13:46:09.937+0000] {logging_mixin.py:188} INFO - [2024-07-09T13:46:09.937+0000] {dag.py:3047} INFO - Sync 1 DAGs
[2024-07-09T13:46:09.946+0000] {logging_mixin.py:188} INFO - [2024-07-09T13:46:09.946+0000] {dag.py:3069} INFO - Creating ORM DAG for latest_only
[2024-07-09T13:46:09.955+0000] {logging_mixin.py:188} INFO - [2024-07-09T13:46:09.954+0000] {dag.py:3834} INFO - Setting next_dagrun for latest_only to 2024-07-09 08:00:00+00:00, run_after=2024-07-09 12:00:00+00:00
[2024-07-09T13:46:09.970+0000] {processor.py:183} INFO - Processing /home/airflow/.local/lib/python3.11/site-packages/airflow/example_dags/example_latest_only.py took 0.152 seconds
[2024-07-09T13:46:40.713+0000] {processor.py:161} INFO - Started process (PID=489) to work on /home/airflow/.local/lib/python3.11/site-packages/airflow/example_dags/example_latest_only.py
[2024-07-09T13:46:40.714+0000] {processor.py:830} INFO - Processing file /home/airflow/.local/lib/python3.11/site-packages/airflow/example_dags/example_latest_only.py for tasks to queue
[2024-07-09T13:46:40.714+0000] {logging_mixin.py:188} INFO - [2024-07-09T13:46:40.714+0000] {dagbag.py:540} INFO - Filling up the DagBag from /home/airflow/.local/lib/python3.11/site-packages/airflow/example_dags/example_latest_only.py
[2024-07-09T13:46:40.718+0000] {processor.py:840} INFO - DAG(s) 'latest_only' retrieved from /home/airflow/.local/lib/python3.11/site-packages/airflow/example_dags/example_latest_only.py
[2024-07-09T13:46:40.738+0000] {logging_mixin.py:188} INFO - [2024-07-09T13:46:40.738+0000] {dag.py:3047} INFO - Sync 1 DAGs
[2024-07-09T13:46:40.757+0000] {logging_mixin.py:188} INFO - [2024-07-09T13:46:40.756+0000] {dag.py:3834} INFO - Setting next_dagrun for latest_only to 2024-07-09 08:00:00+00:00, run_after=2024-07-09 12:00:00+00:00
[2024-07-09T13:46:40.773+0000] {processor.py:183} INFO - Processing /home/airflow/.local/lib/python3.11/site-packages/airflow/example_dags/example_latest_only.py took 0.063 seconds
[2024-07-09T13:47:11.442+0000] {processor.py:161} INFO - Started process (PID=759) to work on /home/airflow/.local/lib/python3.11/site-packages/airflow/example_dags/example_latest_only.py
[2024-07-09T13:47:11.443+0000] {processor.py:830} INFO - Processing file /home/airflow/.local/lib/python3.11/site-packages/airflow/example_dags/example_latest_only.py for tasks to queue
[2024-07-09T13:47:11.443+0000] {logging_mixin.py:188} INFO - [2024-07-09T13:47:11.443+0000] {dagbag.py:540} INFO - Filling up the DagBag from /home/airflow/.local/lib/python3.11/site-packages/airflow/example_dags/example_latest_only.py
[2024-07-09T13:47:11.448+0000] {processor.py:840} INFO - DAG(s) 'latest_only' retrieved from /home/airflow/.local/lib/python3.11/site-packages/airflow/example_dags/example_latest_only.py
[2024-07-09T13:47:11.469+0000] {logging_mixin.py:188} INFO - [2024-07-09T13:47:11.469+0000] {dag.py:3047} INFO - Sync 1 DAGs
[2024-07-09T13:47:11.488+0000] {logging_mixin.py:188} INFO - [2024-07-09T13:47:11.488+0000] {dag.py:3834} INFO - Setting next_dagrun for latest_only to 2024-07-09 08:00:00+00:00, run_after=2024-07-09 12:00:00+00:00
[2024-07-09T13:47:11.505+0000] {processor.py:183} INFO - Processing /home/airflow/.local/lib/python3.11/site-packages/airflow/example_dags/example_latest_only.py took 0.065 seconds
[2024-07-09T13:47:42.077+0000] {processor.py:161} INFO - Started process (PID=1029) to work on /home/airflow/.local/lib/python3.11/site-packages/airflow/example_dags/example_latest_only.py
[2024-07-09T13:47:42.078+0000] {processor.py:830} INFO - Processing file /home/airflow/.local/lib/python3.11/site-packages/airflow/example_dags/example_latest_only.py for tasks to queue
[2024-07-09T13:47:42.079+0000] {logging_mixin.py:188} INFO - [2024-07-09T13:47:42.078+0000] {dagbag.py:540} INFO - Filling up the DagBag from /home/airflow/.local/lib/python3.11/site-packages/airflow/example_dags/example_latest_only.py
[2024-07-09T13:47:42.083+0000] {processor.py:840} INFO - DAG(s) 'latest_only' retrieved from /home/airflow/.local/lib/python3.11/site-packages/airflow/example_dags/example_latest_only.py
[2024-07-09T13:47:42.105+0000] {logging_mixin.py:188} INFO - [2024-07-09T13:47:42.105+0000] {dag.py:3047} INFO - Sync 1 DAGs
[2024-07-09T13:47:42.123+0000] {logging_mixin.py:188} INFO - [2024-07-09T13:47:42.123+0000] {dag.py:3834} INFO - Setting next_dagrun for latest_only to 2024-07-09 08:00:00+00:00, run_after=2024-07-09 12:00:00+00:00
[2024-07-09T13:47:42.256+0000] {processor.py:183} INFO - Processing /home/airflow/.local/lib/python3.11/site-packages/airflow/example_dags/example_latest_only.py took 0.182 seconds
[2024-07-09T13:48:12.805+0000] {processor.py:161} INFO - Started process (PID=1286) to work on /home/airflow/.local/lib/python3.11/site-packages/airflow/example_dags/example_latest_only.py
[2024-07-09T13:48:12.806+0000] {processor.py:830} INFO - Processing file /home/airflow/.local/lib/python3.11/site-packages/airflow/example_dags/example_latest_only.py for tasks to queue
[2024-07-09T13:48:12.806+0000] {logging_mixin.py:188} INFO - [2024-07-09T13:48:12.806+0000] {dagbag.py:540} INFO - Filling up the DagBag from /home/airflow/.local/lib/python3.11/site-packages/airflow/example_dags/example_latest_only.py
[2024-07-09T13:48:12.811+0000] {processor.py:840} INFO - DAG(s) 'latest_only' retrieved from /home/airflow/.local/lib/python3.11/site-packages/airflow/example_dags/example_latest_only.py
[2024-07-09T13:48:12.836+0000] {logging_mixin.py:188} INFO - [2024-07-09T13:48:12.836+0000] {dag.py:3047} INFO - Sync 1 DAGs
[2024-07-09T13:48:12.857+0000] {logging_mixin.py:188} INFO - [2024-07-09T13:48:12.857+0000] {dag.py:3834} INFO - Setting next_dagrun for latest_only to 2024-07-09 08:00:00+00:00, run_after=2024-07-09 12:00:00+00:00
[2024-07-09T13:48:12.876+0000] {processor.py:183} INFO - Processing /home/airflow/.local/lib/python3.11/site-packages/airflow/example_dags/example_latest_only.py took 0.074 seconds
[2024-07-09T13:48:43.408+0000] {processor.py:161} INFO - Started process (PID=1556) to work on /home/airflow/.local/lib/python3.11/site-packages/airflow/example_dags/example_latest_only.py
[2024-07-09T13:48:43.409+0000] {processor.py:830} INFO - Processing file /home/airflow/.local/lib/python3.11/site-packages/airflow/example_dags/example_latest_only.py for tasks to queue
[2024-07-09T13:48:43.409+0000] {logging_mixin.py:188} INFO - [2024-07-09T13:48:43.409+0000] {dagbag.py:540} INFO - Filling up the DagBag from /home/airflow/.local/lib/python3.11/site-packages/airflow/example_dags/example_latest_only.py
[2024-07-09T13:48:43.413+0000] {processor.py:840} INFO - DAG(s) 'latest_only' retrieved from /home/airflow/.local/lib/python3.11/site-packages/airflow/example_dags/example_latest_only.py
[2024-07-09T13:48:43.434+0000] {logging_mixin.py:188} INFO - [2024-07-09T13:48:43.434+0000] {dag.py:3047} INFO - Sync 1 DAGs
[2024-07-09T13:48:43.451+0000] {logging_mixin.py:188} INFO - [2024-07-09T13:48:43.451+0000] {dag.py:3834} INFO - Setting next_dagrun for latest_only to 2024-07-09 08:00:00+00:00, run_after=2024-07-09 12:00:00+00:00
[2024-07-09T13:48:43.466+0000] {processor.py:183} INFO - Processing /home/airflow/.local/lib/python3.11/site-packages/airflow/example_dags/example_latest_only.py took 0.061 seconds
[2024-07-09T13:49:13.703+0000] {processor.py:161} INFO - Started process (PID=1821) to work on /home/airflow/.local/lib/python3.11/site-packages/airflow/example_dags/example_latest_only.py
[2024-07-09T13:49:13.704+0000] {processor.py:830} INFO - Processing file /home/airflow/.local/lib/python3.11/site-packages/airflow/example_dags/example_latest_only.py for tasks to queue
[2024-07-09T13:49:13.705+0000] {logging_mixin.py:188} INFO - [2024-07-09T13:49:13.705+0000] {dagbag.py:540} INFO - Filling up the DagBag from /home/airflow/.local/lib/python3.11/site-packages/airflow/example_dags/example_latest_only.py
[2024-07-09T13:49:13.709+0000] {processor.py:840} INFO - DAG(s) 'latest_only' retrieved from /home/airflow/.local/lib/python3.11/site-packages/airflow/example_dags/example_latest_only.py
[2024-07-09T13:49:13.729+0000] {logging_mixin.py:188} INFO - [2024-07-09T13:49:13.729+0000] {dag.py:3047} INFO - Sync 1 DAGs
[2024-07-09T13:49:13.746+0000] {logging_mixin.py:188} INFO - [2024-07-09T13:49:13.746+0000] {dag.py:3834} INFO - Setting next_dagrun for latest_only to 2024-07-09 08:00:00+00:00, run_after=2024-07-09 12:00:00+00:00
[2024-07-09T13:49:13.762+0000] {processor.py:183} INFO - Processing /home/airflow/.local/lib/python3.11/site-packages/airflow/example_dags/example_latest_only.py took 0.061 seconds
[2024-07-09T13:49:44.215+0000] {processor.py:161} INFO - Started process (PID=2091) to work on /home/airflow/.local/lib/python3.11/site-packages/airflow/example_dags/example_latest_only.py
[2024-07-09T13:49:44.216+0000] {processor.py:830} INFO - Processing file /home/airflow/.local/lib/python3.11/site-packages/airflow/example_dags/example_latest_only.py for tasks to queue
[2024-07-09T13:49:44.216+0000] {logging_mixin.py:188} INFO - [2024-07-09T13:49:44.216+0000] {dagbag.py:540} INFO - Filling up the DagBag from /home/airflow/.local/lib/python3.11/site-packages/airflow/example_dags/example_latest_only.py
[2024-07-09T13:49:44.221+0000] {processor.py:840} INFO - DAG(s) 'latest_only' retrieved from /home/airflow/.local/lib/python3.11/site-packages/airflow/example_dags/example_latest_only.py
[2024-07-09T13:49:44.242+0000] {logging_mixin.py:188} INFO - [2024-07-09T13:49:44.241+0000] {dag.py:3047} INFO - Sync 1 DAGs
[2024-07-09T13:49:44.260+0000] {logging_mixin.py:188} INFO - [2024-07-09T13:49:44.260+0000] {dag.py:3834} INFO - Setting next_dagrun for latest_only to 2024-07-09 08:00:00+00:00, run_after=2024-07-09 12:00:00+00:00
[2024-07-09T13:49:44.277+0000] {processor.py:183} INFO - Processing /home/airflow/.local/lib/python3.11/site-packages/airflow/example_dags/example_latest_only.py took 0.065 seconds
[2024-07-09T13:50:14.403+0000] {processor.py:161} INFO - Started process (PID=2361) to work on /home/airflow/.local/lib/python3.11/site-packages/airflow/example_dags/example_latest_only.py
[2024-07-09T13:50:14.404+0000] {processor.py:830} INFO - Processing file /home/airflow/.local/lib/python3.11/site-packages/airflow/example_dags/example_latest_only.py for tasks to queue
[2024-07-09T13:50:14.404+0000] {logging_mixin.py:188} INFO - [2024-07-09T13:50:14.404+0000] {dagbag.py:540} INFO - Filling up the DagBag from /home/airflow/.local/lib/python3.11/site-packages/airflow/example_dags/example_latest_only.py
[2024-07-09T13:50:14.409+0000] {processor.py:840} INFO - DAG(s) 'latest_only' retrieved from /home/airflow/.local/lib/python3.11/site-packages/airflow/example_dags/example_latest_only.py
[2024-07-09T13:50:14.428+0000] {logging_mixin.py:188} INFO - [2024-07-09T13:50:14.428+0000] {dag.py:3047} INFO - Sync 1 DAGs
[2024-07-09T13:50:14.445+0000] {logging_mixin.py:188} INFO - [2024-07-09T13:50:14.445+0000] {dag.py:3834} INFO - Setting next_dagrun for latest_only to 2024-07-09 08:00:00+00:00, run_after=2024-07-09 12:00:00+00:00
[2024-07-09T13:50:14.461+0000] {processor.py:183} INFO - Processing /home/airflow/.local/lib/python3.11/site-packages/airflow/example_dags/example_latest_only.py took 0.061 seconds
[2024-07-09T13:50:44.661+0000] {processor.py:161} INFO - Started process (PID=2631) to work on /home/airflow/.local/lib/python3.11/site-packages/airflow/example_dags/example_latest_only.py
[2024-07-09T13:50:44.662+0000] {processor.py:830} INFO - Processing file /home/airflow/.local/lib/python3.11/site-packages/airflow/example_dags/example_latest_only.py for tasks to queue
[2024-07-09T13:50:44.663+0000] {logging_mixin.py:188} INFO - [2024-07-09T13:50:44.662+0000] {dagbag.py:540} INFO - Filling up the DagBag from /home/airflow/.local/lib/python3.11/site-packages/airflow/example_dags/example_latest_only.py
[2024-07-09T13:50:44.667+0000] {processor.py:840} INFO - DAG(s) 'latest_only' retrieved from /home/airflow/.local/lib/python3.11/site-packages/airflow/example_dags/example_latest_only.py
[2024-07-09T13:50:44.687+0000] {logging_mixin.py:188} INFO - [2024-07-09T13:50:44.687+0000] {dag.py:3047} INFO - Sync 1 DAGs
[2024-07-09T13:50:44.704+0000] {logging_mixin.py:188} INFO - [2024-07-09T13:50:44.704+0000] {dag.py:3834} INFO - Setting next_dagrun for latest_only to 2024-07-09 08:00:00+00:00, run_after=2024-07-09 12:00:00+00:00
[2024-07-09T13:50:44.719+0000] {processor.py:183} INFO - Processing /home/airflow/.local/lib/python3.11/site-packages/airflow/example_dags/example_latest_only.py took 0.061 seconds
[2024-07-09T13:51:15.148+0000] {processor.py:161} INFO - Started process (PID=2901) to work on /home/airflow/.local/lib/python3.11/site-packages/airflow/example_dags/example_latest_only.py
[2024-07-09T13:51:15.149+0000] {processor.py:830} INFO - Processing file /home/airflow/.local/lib/python3.11/site-packages/airflow/example_dags/example_latest_only.py for tasks to queue
[2024-07-09T13:51:15.150+0000] {logging_mixin.py:188} INFO - [2024-07-09T13:51:15.150+0000] {dagbag.py:540} INFO - Filling up the DagBag from /home/airflow/.local/lib/python3.11/site-packages/airflow/example_dags/example_latest_only.py
[2024-07-09T13:51:15.154+0000] {processor.py:840} INFO - DAG(s) 'latest_only' retrieved from /home/airflow/.local/lib/python3.11/site-packages/airflow/example_dags/example_latest_only.py
[2024-07-09T13:51:15.174+0000] {logging_mixin.py:188} INFO - [2024-07-09T13:51:15.174+0000] {dag.py:3047} INFO - Sync 1 DAGs
[2024-07-09T13:51:15.191+0000] {logging_mixin.py:188} INFO - [2024-07-09T13:51:15.191+0000] {dag.py:3834} INFO - Setting next_dagrun for latest_only to 2024-07-09 08:00:00+00:00, run_after=2024-07-09 12:00:00+00:00
[2024-07-09T13:51:15.206+0000] {processor.py:183} INFO - Processing /home/airflow/.local/lib/python3.11/site-packages/airflow/example_dags/example_latest_only.py took 0.060 seconds
