[2024-07-09T13:18:46.580+0000] {processor.py:161} INFO - Started process (PID=166) to work on /home/airflow/.local/lib/python3.11/site-packages/airflow/example_dags/example_latest_only_with_trigger.py
[2024-07-09T13:18:46.581+0000] {processor.py:830} INFO - Processing file /home/airflow/.local/lib/python3.11/site-packages/airflow/example_dags/example_latest_only_with_trigger.py for tasks to queue
[2024-07-09T13:18:46.581+0000] {logging_mixin.py:188} INFO - [2024-07-09T13:18:46.581+0000] {dagbag.py:540} INFO - Filling up the DagBag from /home/airflow/.local/lib/python3.11/site-packages/airflow/example_dags/example_latest_only_with_trigger.py
[2024-07-09T13:18:46.590+0000] {processor.py:840} INFO - DAG(s) 'latest_only_with_trigger' retrieved from /home/airflow/.local/lib/python3.11/site-packages/airflow/example_dags/example_latest_only_with_trigger.py
[2024-07-09T13:18:46.701+0000] {logging_mixin.py:188} INFO - [2024-07-09T13:18:46.700+0000] {override.py:1769} INFO - Created Permission View: can delete on DAG:latest_only_with_trigger
[2024-07-09T13:18:46.710+0000] {logging_mixin.py:188} INFO - [2024-07-09T13:18:46.710+0000] {override.py:1769} INFO - Created Permission View: can read on DAG:latest_only_with_trigger
[2024-07-09T13:18:46.715+0000] {logging_mixin.py:188} INFO - [2024-07-09T13:18:46.715+0000] {override.py:1769} INFO - Created Permission View: can edit on DAG:latest_only_with_trigger
[2024-07-09T13:18:46.716+0000] {logging_mixin.py:188} INFO - [2024-07-09T13:18:46.716+0000] {dag.py:3047} INFO - Sync 1 DAGs
[2024-07-09T13:18:46.726+0000] {logging_mixin.py:188} INFO - [2024-07-09T13:18:46.725+0000] {dag.py:3069} INFO - Creating ORM DAG for latest_only_with_trigger
[2024-07-09T13:18:46.734+0000] {logging_mixin.py:188} INFO - [2024-07-09T13:18:46.733+0000] {dag.py:3834} INFO - Setting next_dagrun for latest_only_with_trigger to 2024-07-09 08:00:00+00:00, run_after=2024-07-09 12:00:00+00:00
[2024-07-09T13:18:46.750+0000] {processor.py:183} INFO - Processing /home/airflow/.local/lib/python3.11/site-packages/airflow/example_dags/example_latest_only_with_trigger.py took 0.172 seconds
[2024-07-09T13:19:16.844+0000] {processor.py:161} INFO - Started process (PID=433) to work on /home/airflow/.local/lib/python3.11/site-packages/airflow/example_dags/example_latest_only_with_trigger.py
[2024-07-09T13:19:16.846+0000] {processor.py:830} INFO - Processing file /home/airflow/.local/lib/python3.11/site-packages/airflow/example_dags/example_latest_only_with_trigger.py for tasks to queue
[2024-07-09T13:19:16.846+0000] {logging_mixin.py:188} INFO - [2024-07-09T13:19:16.846+0000] {dagbag.py:540} INFO - Filling up the DagBag from /home/airflow/.local/lib/python3.11/site-packages/airflow/example_dags/example_latest_only_with_trigger.py
[2024-07-09T13:19:16.851+0000] {processor.py:840} INFO - DAG(s) 'latest_only_with_trigger' retrieved from /home/airflow/.local/lib/python3.11/site-packages/airflow/example_dags/example_latest_only_with_trigger.py
[2024-07-09T13:19:16.871+0000] {logging_mixin.py:188} INFO - [2024-07-09T13:19:16.871+0000] {dag.py:3047} INFO - Sync 1 DAGs
[2024-07-09T13:19:16.887+0000] {logging_mixin.py:188} INFO - [2024-07-09T13:19:16.887+0000] {dag.py:3834} INFO - Setting next_dagrun for latest_only_with_trigger to 2024-07-09 08:00:00+00:00, run_after=2024-07-09 12:00:00+00:00
[2024-07-09T13:19:16.901+0000] {processor.py:183} INFO - Processing /home/airflow/.local/lib/python3.11/site-packages/airflow/example_dags/example_latest_only_with_trigger.py took 0.059 seconds
[2024-07-09T13:19:48.674+0000] {processor.py:161} INFO - Started process (PID=701) to work on /home/airflow/.local/lib/python3.11/site-packages/airflow/example_dags/example_latest_only_with_trigger.py
[2024-07-09T13:19:48.675+0000] {processor.py:830} INFO - Processing file /home/airflow/.local/lib/python3.11/site-packages/airflow/example_dags/example_latest_only_with_trigger.py for tasks to queue
[2024-07-09T13:19:48.676+0000] {logging_mixin.py:188} INFO - [2024-07-09T13:19:48.676+0000] {dagbag.py:540} INFO - Filling up the DagBag from /home/airflow/.local/lib/python3.11/site-packages/airflow/example_dags/example_latest_only_with_trigger.py
[2024-07-09T13:19:48.680+0000] {processor.py:840} INFO - DAG(s) 'latest_only_with_trigger' retrieved from /home/airflow/.local/lib/python3.11/site-packages/airflow/example_dags/example_latest_only_with_trigger.py
[2024-07-09T13:19:48.702+0000] {logging_mixin.py:188} INFO - [2024-07-09T13:19:48.702+0000] {dag.py:3047} INFO - Sync 1 DAGs
[2024-07-09T13:19:48.719+0000] {logging_mixin.py:188} INFO - [2024-07-09T13:19:48.719+0000] {dag.py:3834} INFO - Setting next_dagrun for latest_only_with_trigger to 2024-07-09 08:00:00+00:00, run_after=2024-07-09 12:00:00+00:00
[2024-07-09T13:19:48.734+0000] {processor.py:183} INFO - Processing /home/airflow/.local/lib/python3.11/site-packages/airflow/example_dags/example_latest_only_with_trigger.py took 0.062 seconds
[2024-07-09T13:20:19.725+0000] {processor.py:161} INFO - Started process (PID=976) to work on /home/airflow/.local/lib/python3.11/site-packages/airflow/example_dags/example_latest_only_with_trigger.py
[2024-07-09T13:20:19.727+0000] {processor.py:830} INFO - Processing file /home/airflow/.local/lib/python3.11/site-packages/airflow/example_dags/example_latest_only_with_trigger.py for tasks to queue
[2024-07-09T13:20:19.727+0000] {logging_mixin.py:188} INFO - [2024-07-09T13:20:19.727+0000] {dagbag.py:540} INFO - Filling up the DagBag from /home/airflow/.local/lib/python3.11/site-packages/airflow/example_dags/example_latest_only_with_trigger.py
[2024-07-09T13:20:19.732+0000] {processor.py:840} INFO - DAG(s) 'latest_only_with_trigger' retrieved from /home/airflow/.local/lib/python3.11/site-packages/airflow/example_dags/example_latest_only_with_trigger.py
[2024-07-09T13:20:19.752+0000] {logging_mixin.py:188} INFO - [2024-07-09T13:20:19.752+0000] {dag.py:3047} INFO - Sync 1 DAGs
[2024-07-09T13:20:19.770+0000] {logging_mixin.py:188} INFO - [2024-07-09T13:20:19.770+0000] {dag.py:3834} INFO - Setting next_dagrun for latest_only_with_trigger to 2024-07-09 08:00:00+00:00, run_after=2024-07-09 12:00:00+00:00
[2024-07-09T13:20:19.787+0000] {processor.py:183} INFO - Processing /home/airflow/.local/lib/python3.11/site-packages/airflow/example_dags/example_latest_only_with_trigger.py took 0.064 seconds
[2024-07-09T13:20:49.840+0000] {processor.py:161} INFO - Started process (PID=1241) to work on /home/airflow/.local/lib/python3.11/site-packages/airflow/example_dags/example_latest_only_with_trigger.py
[2024-07-09T13:20:49.841+0000] {processor.py:830} INFO - Processing file /home/airflow/.local/lib/python3.11/site-packages/airflow/example_dags/example_latest_only_with_trigger.py for tasks to queue
[2024-07-09T13:20:49.842+0000] {logging_mixin.py:188} INFO - [2024-07-09T13:20:49.841+0000] {dagbag.py:540} INFO - Filling up the DagBag from /home/airflow/.local/lib/python3.11/site-packages/airflow/example_dags/example_latest_only_with_trigger.py
[2024-07-09T13:20:49.847+0000] {processor.py:840} INFO - DAG(s) 'latest_only_with_trigger' retrieved from /home/airflow/.local/lib/python3.11/site-packages/airflow/example_dags/example_latest_only_with_trigger.py
[2024-07-09T13:20:49.868+0000] {logging_mixin.py:188} INFO - [2024-07-09T13:20:49.868+0000] {dag.py:3047} INFO - Sync 1 DAGs
[2024-07-09T13:20:49.887+0000] {logging_mixin.py:188} INFO - [2024-07-09T13:20:49.886+0000] {dag.py:3834} INFO - Setting next_dagrun for latest_only_with_trigger to 2024-07-09 08:00:00+00:00, run_after=2024-07-09 12:00:00+00:00
[2024-07-09T13:20:49.902+0000] {processor.py:183} INFO - Processing /home/airflow/.local/lib/python3.11/site-packages/airflow/example_dags/example_latest_only_with_trigger.py took 0.065 seconds
[2024-07-09T13:21:19.962+0000] {processor.py:161} INFO - Started process (PID=1511) to work on /home/airflow/.local/lib/python3.11/site-packages/airflow/example_dags/example_latest_only_with_trigger.py
[2024-07-09T13:21:19.963+0000] {processor.py:830} INFO - Processing file /home/airflow/.local/lib/python3.11/site-packages/airflow/example_dags/example_latest_only_with_trigger.py for tasks to queue
[2024-07-09T13:21:19.963+0000] {logging_mixin.py:188} INFO - [2024-07-09T13:21:19.963+0000] {dagbag.py:540} INFO - Filling up the DagBag from /home/airflow/.local/lib/python3.11/site-packages/airflow/example_dags/example_latest_only_with_trigger.py
[2024-07-09T13:21:19.970+0000] {processor.py:840} INFO - DAG(s) 'latest_only_with_trigger' retrieved from /home/airflow/.local/lib/python3.11/site-packages/airflow/example_dags/example_latest_only_with_trigger.py
[2024-07-09T13:21:19.992+0000] {logging_mixin.py:188} INFO - [2024-07-09T13:21:19.991+0000] {dag.py:3047} INFO - Sync 1 DAGs
[2024-07-09T13:21:20.010+0000] {logging_mixin.py:188} INFO - [2024-07-09T13:21:20.010+0000] {dag.py:3834} INFO - Setting next_dagrun for latest_only_with_trigger to 2024-07-09 08:00:00+00:00, run_after=2024-07-09 12:00:00+00:00
[2024-07-09T13:21:20.030+0000] {processor.py:183} INFO - Processing /home/airflow/.local/lib/python3.11/site-packages/airflow/example_dags/example_latest_only_with_trigger.py took 0.071 seconds
[2024-07-09T13:21:50.543+0000] {processor.py:161} INFO - Started process (PID=1781) to work on /home/airflow/.local/lib/python3.11/site-packages/airflow/example_dags/example_latest_only_with_trigger.py
[2024-07-09T13:21:50.544+0000] {processor.py:830} INFO - Processing file /home/airflow/.local/lib/python3.11/site-packages/airflow/example_dags/example_latest_only_with_trigger.py for tasks to queue
[2024-07-09T13:21:50.545+0000] {logging_mixin.py:188} INFO - [2024-07-09T13:21:50.545+0000] {dagbag.py:540} INFO - Filling up the DagBag from /home/airflow/.local/lib/python3.11/site-packages/airflow/example_dags/example_latest_only_with_trigger.py
[2024-07-09T13:21:50.550+0000] {processor.py:840} INFO - DAG(s) 'latest_only_with_trigger' retrieved from /home/airflow/.local/lib/python3.11/site-packages/airflow/example_dags/example_latest_only_with_trigger.py
[2024-07-09T13:21:50.571+0000] {logging_mixin.py:188} INFO - [2024-07-09T13:21:50.571+0000] {dag.py:3047} INFO - Sync 1 DAGs
[2024-07-09T13:21:50.588+0000] {logging_mixin.py:188} INFO - [2024-07-09T13:21:50.588+0000] {dag.py:3834} INFO - Setting next_dagrun for latest_only_with_trigger to 2024-07-09 08:00:00+00:00, run_after=2024-07-09 12:00:00+00:00
[2024-07-09T13:21:50.603+0000] {processor.py:183} INFO - Processing /home/airflow/.local/lib/python3.11/site-packages/airflow/example_dags/example_latest_only_with_trigger.py took 0.062 seconds
[2024-07-09T13:22:21.415+0000] {processor.py:161} INFO - Started process (PID=2051) to work on /home/airflow/.local/lib/python3.11/site-packages/airflow/example_dags/example_latest_only_with_trigger.py
[2024-07-09T13:22:21.416+0000] {processor.py:830} INFO - Processing file /home/airflow/.local/lib/python3.11/site-packages/airflow/example_dags/example_latest_only_with_trigger.py for tasks to queue
[2024-07-09T13:22:21.417+0000] {logging_mixin.py:188} INFO - [2024-07-09T13:22:21.416+0000] {dagbag.py:540} INFO - Filling up the DagBag from /home/airflow/.local/lib/python3.11/site-packages/airflow/example_dags/example_latest_only_with_trigger.py
[2024-07-09T13:22:21.422+0000] {processor.py:840} INFO - DAG(s) 'latest_only_with_trigger' retrieved from /home/airflow/.local/lib/python3.11/site-packages/airflow/example_dags/example_latest_only_with_trigger.py
[2024-07-09T13:22:21.445+0000] {logging_mixin.py:188} INFO - [2024-07-09T13:22:21.444+0000] {dag.py:3047} INFO - Sync 1 DAGs
[2024-07-09T13:22:21.466+0000] {logging_mixin.py:188} INFO - [2024-07-09T13:22:21.465+0000] {dag.py:3834} INFO - Setting next_dagrun for latest_only_with_trigger to 2024-07-09 08:00:00+00:00, run_after=2024-07-09 12:00:00+00:00
[2024-07-09T13:22:21.482+0000] {processor.py:183} INFO - Processing /home/airflow/.local/lib/python3.11/site-packages/airflow/example_dags/example_latest_only_with_trigger.py took 0.071 seconds
[2024-07-09T13:22:52.109+0000] {processor.py:161} INFO - Started process (PID=2321) to work on /home/airflow/.local/lib/python3.11/site-packages/airflow/example_dags/example_latest_only_with_trigger.py
[2024-07-09T13:22:52.111+0000] {processor.py:830} INFO - Processing file /home/airflow/.local/lib/python3.11/site-packages/airflow/example_dags/example_latest_only_with_trigger.py for tasks to queue
[2024-07-09T13:22:52.111+0000] {logging_mixin.py:188} INFO - [2024-07-09T13:22:52.111+0000] {dagbag.py:540} INFO - Filling up the DagBag from /home/airflow/.local/lib/python3.11/site-packages/airflow/example_dags/example_latest_only_with_trigger.py
[2024-07-09T13:22:52.116+0000] {processor.py:840} INFO - DAG(s) 'latest_only_with_trigger' retrieved from /home/airflow/.local/lib/python3.11/site-packages/airflow/example_dags/example_latest_only_with_trigger.py
[2024-07-09T13:22:52.137+0000] {logging_mixin.py:188} INFO - [2024-07-09T13:22:52.137+0000] {dag.py:3047} INFO - Sync 1 DAGs
[2024-07-09T13:22:52.155+0000] {logging_mixin.py:188} INFO - [2024-07-09T13:22:52.154+0000] {dag.py:3834} INFO - Setting next_dagrun for latest_only_with_trigger to 2024-07-09 08:00:00+00:00, run_after=2024-07-09 12:00:00+00:00
[2024-07-09T13:22:52.172+0000] {processor.py:183} INFO - Processing /home/airflow/.local/lib/python3.11/site-packages/airflow/example_dags/example_latest_only_with_trigger.py took 0.064 seconds
[2024-07-09T13:23:22.852+0000] {processor.py:161} INFO - Started process (PID=2591) to work on /home/airflow/.local/lib/python3.11/site-packages/airflow/example_dags/example_latest_only_with_trigger.py
[2024-07-09T13:23:22.853+0000] {processor.py:830} INFO - Processing file /home/airflow/.local/lib/python3.11/site-packages/airflow/example_dags/example_latest_only_with_trigger.py for tasks to queue
[2024-07-09T13:23:22.853+0000] {logging_mixin.py:188} INFO - [2024-07-09T13:23:22.853+0000] {dagbag.py:540} INFO - Filling up the DagBag from /home/airflow/.local/lib/python3.11/site-packages/airflow/example_dags/example_latest_only_with_trigger.py
[2024-07-09T13:23:22.862+0000] {processor.py:840} INFO - DAG(s) 'latest_only_with_trigger' retrieved from /home/airflow/.local/lib/python3.11/site-packages/airflow/example_dags/example_latest_only_with_trigger.py
[2024-07-09T13:23:22.893+0000] {logging_mixin.py:188} INFO - [2024-07-09T13:23:22.892+0000] {dag.py:3047} INFO - Sync 1 DAGs
[2024-07-09T13:23:22.916+0000] {logging_mixin.py:188} INFO - [2024-07-09T13:23:22.916+0000] {dag.py:3834} INFO - Setting next_dagrun for latest_only_with_trigger to 2024-07-09 08:00:00+00:00, run_after=2024-07-09 12:00:00+00:00
[2024-07-09T13:23:22.934+0000] {processor.py:183} INFO - Processing /home/airflow/.local/lib/python3.11/site-packages/airflow/example_dags/example_latest_only_with_trigger.py took 0.085 seconds
[2024-07-09T13:23:53.661+0000] {processor.py:161} INFO - Started process (PID=2861) to work on /home/airflow/.local/lib/python3.11/site-packages/airflow/example_dags/example_latest_only_with_trigger.py
[2024-07-09T13:23:53.662+0000] {processor.py:830} INFO - Processing file /home/airflow/.local/lib/python3.11/site-packages/airflow/example_dags/example_latest_only_with_trigger.py for tasks to queue
[2024-07-09T13:23:53.663+0000] {logging_mixin.py:188} INFO - [2024-07-09T13:23:53.663+0000] {dagbag.py:540} INFO - Filling up the DagBag from /home/airflow/.local/lib/python3.11/site-packages/airflow/example_dags/example_latest_only_with_trigger.py
[2024-07-09T13:23:53.669+0000] {processor.py:840} INFO - DAG(s) 'latest_only_with_trigger' retrieved from /home/airflow/.local/lib/python3.11/site-packages/airflow/example_dags/example_latest_only_with_trigger.py
[2024-07-09T13:23:53.690+0000] {logging_mixin.py:188} INFO - [2024-07-09T13:23:53.690+0000] {dag.py:3047} INFO - Sync 1 DAGs
[2024-07-09T13:23:53.707+0000] {logging_mixin.py:188} INFO - [2024-07-09T13:23:53.706+0000] {dag.py:3834} INFO - Setting next_dagrun for latest_only_with_trigger to 2024-07-09 08:00:00+00:00, run_after=2024-07-09 12:00:00+00:00
[2024-07-09T13:23:53.721+0000] {processor.py:183} INFO - Processing /home/airflow/.local/lib/python3.11/site-packages/airflow/example_dags/example_latest_only_with_trigger.py took 0.063 seconds
[2024-07-09T13:24:24.391+0000] {processor.py:161} INFO - Started process (PID=3131) to work on /home/airflow/.local/lib/python3.11/site-packages/airflow/example_dags/example_latest_only_with_trigger.py
[2024-07-09T13:24:24.392+0000] {processor.py:830} INFO - Processing file /home/airflow/.local/lib/python3.11/site-packages/airflow/example_dags/example_latest_only_with_trigger.py for tasks to queue
[2024-07-09T13:24:24.393+0000] {logging_mixin.py:188} INFO - [2024-07-09T13:24:24.392+0000] {dagbag.py:540} INFO - Filling up the DagBag from /home/airflow/.local/lib/python3.11/site-packages/airflow/example_dags/example_latest_only_with_trigger.py
[2024-07-09T13:24:24.398+0000] {processor.py:840} INFO - DAG(s) 'latest_only_with_trigger' retrieved from /home/airflow/.local/lib/python3.11/site-packages/airflow/example_dags/example_latest_only_with_trigger.py
[2024-07-09T13:24:24.419+0000] {logging_mixin.py:188} INFO - [2024-07-09T13:24:24.419+0000] {dag.py:3047} INFO - Sync 1 DAGs
[2024-07-09T13:24:24.437+0000] {logging_mixin.py:188} INFO - [2024-07-09T13:24:24.437+0000] {dag.py:3834} INFO - Setting next_dagrun for latest_only_with_trigger to 2024-07-09 08:00:00+00:00, run_after=2024-07-09 12:00:00+00:00
[2024-07-09T13:24:24.454+0000] {processor.py:183} INFO - Processing /home/airflow/.local/lib/python3.11/site-packages/airflow/example_dags/example_latest_only_with_trigger.py took 0.066 seconds
[2024-07-09T13:24:55.044+0000] {processor.py:161} INFO - Started process (PID=3401) to work on /home/airflow/.local/lib/python3.11/site-packages/airflow/example_dags/example_latest_only_with_trigger.py
[2024-07-09T13:24:55.045+0000] {processor.py:830} INFO - Processing file /home/airflow/.local/lib/python3.11/site-packages/airflow/example_dags/example_latest_only_with_trigger.py for tasks to queue
[2024-07-09T13:24:55.045+0000] {logging_mixin.py:188} INFO - [2024-07-09T13:24:55.045+0000] {dagbag.py:540} INFO - Filling up the DagBag from /home/airflow/.local/lib/python3.11/site-packages/airflow/example_dags/example_latest_only_with_trigger.py
[2024-07-09T13:24:55.051+0000] {processor.py:840} INFO - DAG(s) 'latest_only_with_trigger' retrieved from /home/airflow/.local/lib/python3.11/site-packages/airflow/example_dags/example_latest_only_with_trigger.py
[2024-07-09T13:24:55.071+0000] {logging_mixin.py:188} INFO - [2024-07-09T13:24:55.071+0000] {dag.py:3047} INFO - Sync 1 DAGs
[2024-07-09T13:24:55.087+0000] {logging_mixin.py:188} INFO - [2024-07-09T13:24:55.087+0000] {dag.py:3834} INFO - Setting next_dagrun for latest_only_with_trigger to 2024-07-09 08:00:00+00:00, run_after=2024-07-09 12:00:00+00:00
[2024-07-09T13:24:55.104+0000] {processor.py:183} INFO - Processing /home/airflow/.local/lib/python3.11/site-packages/airflow/example_dags/example_latest_only_with_trigger.py took 0.062 seconds
[2024-07-09T13:26:07.642+0000] {processor.py:161} INFO - Started process (PID=167) to work on /home/airflow/.local/lib/python3.11/site-packages/airflow/example_dags/example_latest_only_with_trigger.py
[2024-07-09T13:26:07.643+0000] {processor.py:830} INFO - Processing file /home/airflow/.local/lib/python3.11/site-packages/airflow/example_dags/example_latest_only_with_trigger.py for tasks to queue
[2024-07-09T13:26:07.643+0000] {logging_mixin.py:188} INFO - [2024-07-09T13:26:07.643+0000] {dagbag.py:540} INFO - Filling up the DagBag from /home/airflow/.local/lib/python3.11/site-packages/airflow/example_dags/example_latest_only_with_trigger.py
[2024-07-09T13:26:07.651+0000] {processor.py:840} INFO - DAG(s) 'latest_only_with_trigger' retrieved from /home/airflow/.local/lib/python3.11/site-packages/airflow/example_dags/example_latest_only_with_trigger.py
[2024-07-09T13:26:07.747+0000] {logging_mixin.py:188} INFO - [2024-07-09T13:26:07.747+0000] {override.py:1769} INFO - Created Permission View: can delete on DAG:latest_only_with_trigger
[2024-07-09T13:26:07.756+0000] {logging_mixin.py:188} INFO - [2024-07-09T13:26:07.755+0000] {override.py:1769} INFO - Created Permission View: can read on DAG:latest_only_with_trigger
[2024-07-09T13:26:07.762+0000] {logging_mixin.py:188} INFO - [2024-07-09T13:26:07.761+0000] {override.py:1769} INFO - Created Permission View: can edit on DAG:latest_only_with_trigger
[2024-07-09T13:26:07.762+0000] {logging_mixin.py:188} INFO - [2024-07-09T13:26:07.762+0000] {dag.py:3047} INFO - Sync 1 DAGs
[2024-07-09T13:26:07.775+0000] {logging_mixin.py:188} INFO - [2024-07-09T13:26:07.775+0000] {dag.py:3069} INFO - Creating ORM DAG for latest_only_with_trigger
[2024-07-09T13:26:07.784+0000] {logging_mixin.py:188} INFO - [2024-07-09T13:26:07.784+0000] {dag.py:3834} INFO - Setting next_dagrun for latest_only_with_trigger to 2024-07-09 08:00:00+00:00, run_after=2024-07-09 12:00:00+00:00
[2024-07-09T13:26:07.801+0000] {processor.py:183} INFO - Processing /home/airflow/.local/lib/python3.11/site-packages/airflow/example_dags/example_latest_only_with_trigger.py took 0.162 seconds
[2024-07-09T13:26:38.743+0000] {processor.py:161} INFO - Started process (PID=437) to work on /home/airflow/.local/lib/python3.11/site-packages/airflow/example_dags/example_latest_only_with_trigger.py
[2024-07-09T13:26:38.744+0000] {processor.py:830} INFO - Processing file /home/airflow/.local/lib/python3.11/site-packages/airflow/example_dags/example_latest_only_with_trigger.py for tasks to queue
[2024-07-09T13:26:38.745+0000] {logging_mixin.py:188} INFO - [2024-07-09T13:26:38.745+0000] {dagbag.py:540} INFO - Filling up the DagBag from /home/airflow/.local/lib/python3.11/site-packages/airflow/example_dags/example_latest_only_with_trigger.py
[2024-07-09T13:26:38.751+0000] {processor.py:840} INFO - DAG(s) 'latest_only_with_trigger' retrieved from /home/airflow/.local/lib/python3.11/site-packages/airflow/example_dags/example_latest_only_with_trigger.py
[2024-07-09T13:26:38.774+0000] {logging_mixin.py:188} INFO - [2024-07-09T13:26:38.774+0000] {dag.py:3047} INFO - Sync 1 DAGs
[2024-07-09T13:26:38.793+0000] {logging_mixin.py:188} INFO - [2024-07-09T13:26:38.793+0000] {dag.py:3834} INFO - Setting next_dagrun for latest_only_with_trigger to 2024-07-09 08:00:00+00:00, run_after=2024-07-09 12:00:00+00:00
[2024-07-09T13:26:38.810+0000] {processor.py:183} INFO - Processing /home/airflow/.local/lib/python3.11/site-packages/airflow/example_dags/example_latest_only_with_trigger.py took 0.070 seconds
[2024-07-09T13:27:09.385+0000] {processor.py:161} INFO - Started process (PID=707) to work on /home/airflow/.local/lib/python3.11/site-packages/airflow/example_dags/example_latest_only_with_trigger.py
[2024-07-09T13:27:09.386+0000] {processor.py:830} INFO - Processing file /home/airflow/.local/lib/python3.11/site-packages/airflow/example_dags/example_latest_only_with_trigger.py for tasks to queue
[2024-07-09T13:27:09.387+0000] {logging_mixin.py:188} INFO - [2024-07-09T13:27:09.386+0000] {dagbag.py:540} INFO - Filling up the DagBag from /home/airflow/.local/lib/python3.11/site-packages/airflow/example_dags/example_latest_only_with_trigger.py
[2024-07-09T13:27:09.393+0000] {processor.py:840} INFO - DAG(s) 'latest_only_with_trigger' retrieved from /home/airflow/.local/lib/python3.11/site-packages/airflow/example_dags/example_latest_only_with_trigger.py
[2024-07-09T13:27:09.419+0000] {logging_mixin.py:188} INFO - [2024-07-09T13:27:09.418+0000] {dag.py:3047} INFO - Sync 1 DAGs
[2024-07-09T13:27:09.437+0000] {logging_mixin.py:188} INFO - [2024-07-09T13:27:09.437+0000] {dag.py:3834} INFO - Setting next_dagrun for latest_only_with_trigger to 2024-07-09 08:00:00+00:00, run_after=2024-07-09 12:00:00+00:00
[2024-07-09T13:27:09.453+0000] {processor.py:183} INFO - Processing /home/airflow/.local/lib/python3.11/site-packages/airflow/example_dags/example_latest_only_with_trigger.py took 0.072 seconds
[2024-07-09T13:27:39.756+0000] {processor.py:161} INFO - Started process (PID=972) to work on /home/airflow/.local/lib/python3.11/site-packages/airflow/example_dags/example_latest_only_with_trigger.py
[2024-07-09T13:27:39.758+0000] {processor.py:830} INFO - Processing file /home/airflow/.local/lib/python3.11/site-packages/airflow/example_dags/example_latest_only_with_trigger.py for tasks to queue
[2024-07-09T13:27:39.759+0000] {logging_mixin.py:188} INFO - [2024-07-09T13:27:39.759+0000] {dagbag.py:540} INFO - Filling up the DagBag from /home/airflow/.local/lib/python3.11/site-packages/airflow/example_dags/example_latest_only_with_trigger.py
[2024-07-09T13:27:39.764+0000] {processor.py:840} INFO - DAG(s) 'latest_only_with_trigger' retrieved from /home/airflow/.local/lib/python3.11/site-packages/airflow/example_dags/example_latest_only_with_trigger.py
[2024-07-09T13:27:39.784+0000] {logging_mixin.py:188} INFO - [2024-07-09T13:27:39.784+0000] {dag.py:3047} INFO - Sync 1 DAGs
[2024-07-09T13:27:39.801+0000] {logging_mixin.py:188} INFO - [2024-07-09T13:27:39.800+0000] {dag.py:3834} INFO - Setting next_dagrun for latest_only_with_trigger to 2024-07-09 08:00:00+00:00, run_after=2024-07-09 12:00:00+00:00
[2024-07-09T13:27:39.822+0000] {processor.py:183} INFO - Processing /home/airflow/.local/lib/python3.11/site-packages/airflow/example_dags/example_latest_only_with_trigger.py took 0.067 seconds
[2024-07-09T13:28:09.937+0000] {processor.py:161} INFO - Started process (PID=1239) to work on /home/airflow/.local/lib/python3.11/site-packages/airflow/example_dags/example_latest_only_with_trigger.py
[2024-07-09T13:28:09.939+0000] {processor.py:830} INFO - Processing file /home/airflow/.local/lib/python3.11/site-packages/airflow/example_dags/example_latest_only_with_trigger.py for tasks to queue
[2024-07-09T13:28:09.939+0000] {logging_mixin.py:188} INFO - [2024-07-09T13:28:09.939+0000] {dagbag.py:540} INFO - Filling up the DagBag from /home/airflow/.local/lib/python3.11/site-packages/airflow/example_dags/example_latest_only_with_trigger.py
[2024-07-09T13:28:09.944+0000] {processor.py:840} INFO - DAG(s) 'latest_only_with_trigger' retrieved from /home/airflow/.local/lib/python3.11/site-packages/airflow/example_dags/example_latest_only_with_trigger.py
[2024-07-09T13:28:09.964+0000] {logging_mixin.py:188} INFO - [2024-07-09T13:28:09.964+0000] {dag.py:3047} INFO - Sync 1 DAGs
[2024-07-09T13:28:09.981+0000] {logging_mixin.py:188} INFO - [2024-07-09T13:28:09.980+0000] {dag.py:3834} INFO - Setting next_dagrun for latest_only_with_trigger to 2024-07-09 08:00:00+00:00, run_after=2024-07-09 12:00:00+00:00
[2024-07-09T13:28:09.995+0000] {processor.py:183} INFO - Processing /home/airflow/.local/lib/python3.11/site-packages/airflow/example_dags/example_latest_only_with_trigger.py took 0.060 seconds
[2024-07-09T13:28:40.382+0000] {processor.py:161} INFO - Started process (PID=1512) to work on /home/airflow/.local/lib/python3.11/site-packages/airflow/example_dags/example_latest_only_with_trigger.py
[2024-07-09T13:28:40.383+0000] {processor.py:830} INFO - Processing file /home/airflow/.local/lib/python3.11/site-packages/airflow/example_dags/example_latest_only_with_trigger.py for tasks to queue
[2024-07-09T13:28:40.383+0000] {logging_mixin.py:188} INFO - [2024-07-09T13:28:40.383+0000] {dagbag.py:540} INFO - Filling up the DagBag from /home/airflow/.local/lib/python3.11/site-packages/airflow/example_dags/example_latest_only_with_trigger.py
[2024-07-09T13:28:40.388+0000] {processor.py:840} INFO - DAG(s) 'latest_only_with_trigger' retrieved from /home/airflow/.local/lib/python3.11/site-packages/airflow/example_dags/example_latest_only_with_trigger.py
[2024-07-09T13:28:40.418+0000] {logging_mixin.py:188} INFO - [2024-07-09T13:28:40.418+0000] {dag.py:3047} INFO - Sync 1 DAGs
[2024-07-09T13:28:40.440+0000] {logging_mixin.py:188} INFO - [2024-07-09T13:28:40.440+0000] {dag.py:3834} INFO - Setting next_dagrun for latest_only_with_trigger to 2024-07-09 08:00:00+00:00, run_after=2024-07-09 12:00:00+00:00
[2024-07-09T13:28:40.457+0000] {processor.py:183} INFO - Processing /home/airflow/.local/lib/python3.11/site-packages/airflow/example_dags/example_latest_only_with_trigger.py took 0.078 seconds
[2024-07-09T13:29:10.873+0000] {processor.py:161} INFO - Started process (PID=1782) to work on /home/airflow/.local/lib/python3.11/site-packages/airflow/example_dags/example_latest_only_with_trigger.py
[2024-07-09T13:29:10.874+0000] {processor.py:830} INFO - Processing file /home/airflow/.local/lib/python3.11/site-packages/airflow/example_dags/example_latest_only_with_trigger.py for tasks to queue
[2024-07-09T13:29:10.875+0000] {logging_mixin.py:188} INFO - [2024-07-09T13:29:10.875+0000] {dagbag.py:540} INFO - Filling up the DagBag from /home/airflow/.local/lib/python3.11/site-packages/airflow/example_dags/example_latest_only_with_trigger.py
[2024-07-09T13:29:10.880+0000] {processor.py:840} INFO - DAG(s) 'latest_only_with_trigger' retrieved from /home/airflow/.local/lib/python3.11/site-packages/airflow/example_dags/example_latest_only_with_trigger.py
[2024-07-09T13:29:10.900+0000] {logging_mixin.py:188} INFO - [2024-07-09T13:29:10.900+0000] {dag.py:3047} INFO - Sync 1 DAGs
[2024-07-09T13:29:10.917+0000] {logging_mixin.py:188} INFO - [2024-07-09T13:29:10.917+0000] {dag.py:3834} INFO - Setting next_dagrun for latest_only_with_trigger to 2024-07-09 08:00:00+00:00, run_after=2024-07-09 12:00:00+00:00
[2024-07-09T13:29:10.933+0000] {processor.py:183} INFO - Processing /home/airflow/.local/lib/python3.11/site-packages/airflow/example_dags/example_latest_only_with_trigger.py took 0.062 seconds
[2024-07-09T13:29:41.245+0000] {processor.py:161} INFO - Started process (PID=2052) to work on /home/airflow/.local/lib/python3.11/site-packages/airflow/example_dags/example_latest_only_with_trigger.py
[2024-07-09T13:29:41.246+0000] {processor.py:830} INFO - Processing file /home/airflow/.local/lib/python3.11/site-packages/airflow/example_dags/example_latest_only_with_trigger.py for tasks to queue
[2024-07-09T13:29:41.246+0000] {logging_mixin.py:188} INFO - [2024-07-09T13:29:41.246+0000] {dagbag.py:540} INFO - Filling up the DagBag from /home/airflow/.local/lib/python3.11/site-packages/airflow/example_dags/example_latest_only_with_trigger.py
[2024-07-09T13:29:41.251+0000] {processor.py:840} INFO - DAG(s) 'latest_only_with_trigger' retrieved from /home/airflow/.local/lib/python3.11/site-packages/airflow/example_dags/example_latest_only_with_trigger.py
[2024-07-09T13:29:41.272+0000] {logging_mixin.py:188} INFO - [2024-07-09T13:29:41.272+0000] {dag.py:3047} INFO - Sync 1 DAGs
[2024-07-09T13:29:41.289+0000] {logging_mixin.py:188} INFO - [2024-07-09T13:29:41.289+0000] {dag.py:3834} INFO - Setting next_dagrun for latest_only_with_trigger to 2024-07-09 08:00:00+00:00, run_after=2024-07-09 12:00:00+00:00
[2024-07-09T13:29:41.305+0000] {processor.py:183} INFO - Processing /home/airflow/.local/lib/python3.11/site-packages/airflow/example_dags/example_latest_only_with_trigger.py took 0.063 seconds
[2024-07-09T13:31:35.747+0000] {processor.py:161} INFO - Started process (PID=166) to work on /home/airflow/.local/lib/python3.11/site-packages/airflow/example_dags/example_latest_only_with_trigger.py
[2024-07-09T13:31:35.748+0000] {processor.py:830} INFO - Processing file /home/airflow/.local/lib/python3.11/site-packages/airflow/example_dags/example_latest_only_with_trigger.py for tasks to queue
[2024-07-09T13:31:35.750+0000] {logging_mixin.py:188} INFO - [2024-07-09T13:31:35.749+0000] {dagbag.py:540} INFO - Filling up the DagBag from /home/airflow/.local/lib/python3.11/site-packages/airflow/example_dags/example_latest_only_with_trigger.py
[2024-07-09T13:31:35.763+0000] {processor.py:840} INFO - DAG(s) 'latest_only_with_trigger' retrieved from /home/airflow/.local/lib/python3.11/site-packages/airflow/example_dags/example_latest_only_with_trigger.py
[2024-07-09T13:31:35.899+0000] {logging_mixin.py:188} INFO - [2024-07-09T13:31:35.898+0000] {override.py:1769} INFO - Created Permission View: can edit on DAG:latest_only_with_trigger
[2024-07-09T13:31:35.917+0000] {logging_mixin.py:188} INFO - [2024-07-09T13:31:35.916+0000] {override.py:1769} INFO - Created Permission View: can delete on DAG:latest_only_with_trigger
[2024-07-09T13:31:35.925+0000] {logging_mixin.py:188} INFO - [2024-07-09T13:31:35.924+0000] {override.py:1769} INFO - Created Permission View: can read on DAG:latest_only_with_trigger
[2024-07-09T13:31:35.925+0000] {logging_mixin.py:188} INFO - [2024-07-09T13:31:35.925+0000] {dag.py:3047} INFO - Sync 1 DAGs
[2024-07-09T13:31:35.940+0000] {logging_mixin.py:188} INFO - [2024-07-09T13:31:35.939+0000] {dag.py:3069} INFO - Creating ORM DAG for latest_only_with_trigger
[2024-07-09T13:31:35.953+0000] {logging_mixin.py:188} INFO - [2024-07-09T13:31:35.953+0000] {dag.py:3834} INFO - Setting next_dagrun for latest_only_with_trigger to 2024-07-09 08:00:00+00:00, run_after=2024-07-09 12:00:00+00:00
[2024-07-09T13:31:35.974+0000] {processor.py:183} INFO - Processing /home/airflow/.local/lib/python3.11/site-packages/airflow/example_dags/example_latest_only_with_trigger.py took 0.233 seconds
[2024-07-09T13:32:06.513+0000] {processor.py:161} INFO - Started process (PID=436) to work on /home/airflow/.local/lib/python3.11/site-packages/airflow/example_dags/example_latest_only_with_trigger.py
[2024-07-09T13:32:06.514+0000] {processor.py:830} INFO - Processing file /home/airflow/.local/lib/python3.11/site-packages/airflow/example_dags/example_latest_only_with_trigger.py for tasks to queue
[2024-07-09T13:32:06.515+0000] {logging_mixin.py:188} INFO - [2024-07-09T13:32:06.514+0000] {dagbag.py:540} INFO - Filling up the DagBag from /home/airflow/.local/lib/python3.11/site-packages/airflow/example_dags/example_latest_only_with_trigger.py
[2024-07-09T13:32:06.520+0000] {processor.py:840} INFO - DAG(s) 'latest_only_with_trigger' retrieved from /home/airflow/.local/lib/python3.11/site-packages/airflow/example_dags/example_latest_only_with_trigger.py
[2024-07-09T13:32:06.544+0000] {logging_mixin.py:188} INFO - [2024-07-09T13:32:06.544+0000] {dag.py:3047} INFO - Sync 1 DAGs
[2024-07-09T13:32:06.563+0000] {logging_mixin.py:188} INFO - [2024-07-09T13:32:06.562+0000] {dag.py:3834} INFO - Setting next_dagrun for latest_only_with_trigger to 2024-07-09 08:00:00+00:00, run_after=2024-07-09 12:00:00+00:00
[2024-07-09T13:32:06.579+0000] {processor.py:183} INFO - Processing /home/airflow/.local/lib/python3.11/site-packages/airflow/example_dags/example_latest_only_with_trigger.py took 0.068 seconds
[2024-07-09T13:32:36.625+0000] {processor.py:161} INFO - Started process (PID=703) to work on /home/airflow/.local/lib/python3.11/site-packages/airflow/example_dags/example_latest_only_with_trigger.py
[2024-07-09T13:32:36.627+0000] {processor.py:830} INFO - Processing file /home/airflow/.local/lib/python3.11/site-packages/airflow/example_dags/example_latest_only_with_trigger.py for tasks to queue
[2024-07-09T13:32:36.627+0000] {logging_mixin.py:188} INFO - [2024-07-09T13:32:36.627+0000] {dagbag.py:540} INFO - Filling up the DagBag from /home/airflow/.local/lib/python3.11/site-packages/airflow/example_dags/example_latest_only_with_trigger.py
[2024-07-09T13:32:36.632+0000] {processor.py:840} INFO - DAG(s) 'latest_only_with_trigger' retrieved from /home/airflow/.local/lib/python3.11/site-packages/airflow/example_dags/example_latest_only_with_trigger.py
[2024-07-09T13:32:36.653+0000] {logging_mixin.py:188} INFO - [2024-07-09T13:32:36.653+0000] {dag.py:3047} INFO - Sync 1 DAGs
[2024-07-09T13:32:36.672+0000] {logging_mixin.py:188} INFO - [2024-07-09T13:32:36.672+0000] {dag.py:3834} INFO - Setting next_dagrun for latest_only_with_trigger to 2024-07-09 08:00:00+00:00, run_after=2024-07-09 12:00:00+00:00
[2024-07-09T13:32:36.691+0000] {processor.py:183} INFO - Processing /home/airflow/.local/lib/python3.11/site-packages/airflow/example_dags/example_latest_only_with_trigger.py took 0.068 seconds
[2024-07-09T13:33:06.763+0000] {processor.py:161} INFO - Started process (PID=971) to work on /home/airflow/.local/lib/python3.11/site-packages/airflow/example_dags/example_latest_only_with_trigger.py
[2024-07-09T13:33:06.764+0000] {processor.py:830} INFO - Processing file /home/airflow/.local/lib/python3.11/site-packages/airflow/example_dags/example_latest_only_with_trigger.py for tasks to queue
[2024-07-09T13:33:06.765+0000] {logging_mixin.py:188} INFO - [2024-07-09T13:33:06.764+0000] {dagbag.py:540} INFO - Filling up the DagBag from /home/airflow/.local/lib/python3.11/site-packages/airflow/example_dags/example_latest_only_with_trigger.py
[2024-07-09T13:33:06.770+0000] {processor.py:840} INFO - DAG(s) 'latest_only_with_trigger' retrieved from /home/airflow/.local/lib/python3.11/site-packages/airflow/example_dags/example_latest_only_with_trigger.py
[2024-07-09T13:33:06.792+0000] {logging_mixin.py:188} INFO - [2024-07-09T13:33:06.791+0000] {dag.py:3047} INFO - Sync 1 DAGs
[2024-07-09T13:33:06.810+0000] {logging_mixin.py:188} INFO - [2024-07-09T13:33:06.810+0000] {dag.py:3834} INFO - Setting next_dagrun for latest_only_with_trigger to 2024-07-09 08:00:00+00:00, run_after=2024-07-09 12:00:00+00:00
[2024-07-09T13:33:06.959+0000] {processor.py:183} INFO - Processing /home/airflow/.local/lib/python3.11/site-packages/airflow/example_dags/example_latest_only_with_trigger.py took 0.199 seconds
[2024-07-09T13:33:37.239+0000] {processor.py:161} INFO - Started process (PID=1241) to work on /home/airflow/.local/lib/python3.11/site-packages/airflow/example_dags/example_latest_only_with_trigger.py
[2024-07-09T13:33:37.240+0000] {processor.py:830} INFO - Processing file /home/airflow/.local/lib/python3.11/site-packages/airflow/example_dags/example_latest_only_with_trigger.py for tasks to queue
[2024-07-09T13:33:37.241+0000] {logging_mixin.py:188} INFO - [2024-07-09T13:33:37.241+0000] {dagbag.py:540} INFO - Filling up the DagBag from /home/airflow/.local/lib/python3.11/site-packages/airflow/example_dags/example_latest_only_with_trigger.py
[2024-07-09T13:33:37.246+0000] {processor.py:840} INFO - DAG(s) 'latest_only_with_trigger' retrieved from /home/airflow/.local/lib/python3.11/site-packages/airflow/example_dags/example_latest_only_with_trigger.py
[2024-07-09T13:33:37.267+0000] {logging_mixin.py:188} INFO - [2024-07-09T13:33:37.267+0000] {dag.py:3047} INFO - Sync 1 DAGs
[2024-07-09T13:33:37.284+0000] {logging_mixin.py:188} INFO - [2024-07-09T13:33:37.284+0000] {dag.py:3834} INFO - Setting next_dagrun for latest_only_with_trigger to 2024-07-09 08:00:00+00:00, run_after=2024-07-09 12:00:00+00:00
[2024-07-09T13:33:37.303+0000] {processor.py:183} INFO - Processing /home/airflow/.local/lib/python3.11/site-packages/airflow/example_dags/example_latest_only_with_trigger.py took 0.066 seconds
[2024-07-09T13:34:07.788+0000] {processor.py:161} INFO - Started process (PID=1511) to work on /home/airflow/.local/lib/python3.11/site-packages/airflow/example_dags/example_latest_only_with_trigger.py
[2024-07-09T13:34:07.789+0000] {processor.py:830} INFO - Processing file /home/airflow/.local/lib/python3.11/site-packages/airflow/example_dags/example_latest_only_with_trigger.py for tasks to queue
[2024-07-09T13:34:07.791+0000] {logging_mixin.py:188} INFO - [2024-07-09T13:34:07.790+0000] {dagbag.py:540} INFO - Filling up the DagBag from /home/airflow/.local/lib/python3.11/site-packages/airflow/example_dags/example_latest_only_with_trigger.py
[2024-07-09T13:34:07.796+0000] {processor.py:840} INFO - DAG(s) 'latest_only_with_trigger' retrieved from /home/airflow/.local/lib/python3.11/site-packages/airflow/example_dags/example_latest_only_with_trigger.py
[2024-07-09T13:34:07.819+0000] {logging_mixin.py:188} INFO - [2024-07-09T13:34:07.819+0000] {dag.py:3047} INFO - Sync 1 DAGs
[2024-07-09T13:34:07.841+0000] {logging_mixin.py:188} INFO - [2024-07-09T13:34:07.840+0000] {dag.py:3834} INFO - Setting next_dagrun for latest_only_with_trigger to 2024-07-09 08:00:00+00:00, run_after=2024-07-09 12:00:00+00:00
[2024-07-09T13:34:07.858+0000] {processor.py:183} INFO - Processing /home/airflow/.local/lib/python3.11/site-packages/airflow/example_dags/example_latest_only_with_trigger.py took 0.073 seconds
[2024-07-09T13:34:38.160+0000] {processor.py:161} INFO - Started process (PID=1781) to work on /home/airflow/.local/lib/python3.11/site-packages/airflow/example_dags/example_latest_only_with_trigger.py
[2024-07-09T13:34:38.161+0000] {processor.py:830} INFO - Processing file /home/airflow/.local/lib/python3.11/site-packages/airflow/example_dags/example_latest_only_with_trigger.py for tasks to queue
[2024-07-09T13:34:38.161+0000] {logging_mixin.py:188} INFO - [2024-07-09T13:34:38.161+0000] {dagbag.py:540} INFO - Filling up the DagBag from /home/airflow/.local/lib/python3.11/site-packages/airflow/example_dags/example_latest_only_with_trigger.py
[2024-07-09T13:34:38.166+0000] {processor.py:840} INFO - DAG(s) 'latest_only_with_trigger' retrieved from /home/airflow/.local/lib/python3.11/site-packages/airflow/example_dags/example_latest_only_with_trigger.py
[2024-07-09T13:34:38.187+0000] {logging_mixin.py:188} INFO - [2024-07-09T13:34:38.187+0000] {dag.py:3047} INFO - Sync 1 DAGs
[2024-07-09T13:34:38.204+0000] {logging_mixin.py:188} INFO - [2024-07-09T13:34:38.204+0000] {dag.py:3834} INFO - Setting next_dagrun for latest_only_with_trigger to 2024-07-09 08:00:00+00:00, run_after=2024-07-09 12:00:00+00:00
[2024-07-09T13:34:38.219+0000] {processor.py:183} INFO - Processing /home/airflow/.local/lib/python3.11/site-packages/airflow/example_dags/example_latest_only_with_trigger.py took 0.062 seconds
[2024-07-09T13:35:08.401+0000] {processor.py:161} INFO - Started process (PID=2051) to work on /home/airflow/.local/lib/python3.11/site-packages/airflow/example_dags/example_latest_only_with_trigger.py
[2024-07-09T13:35:08.402+0000] {processor.py:830} INFO - Processing file /home/airflow/.local/lib/python3.11/site-packages/airflow/example_dags/example_latest_only_with_trigger.py for tasks to queue
[2024-07-09T13:35:08.403+0000] {logging_mixin.py:188} INFO - [2024-07-09T13:35:08.402+0000] {dagbag.py:540} INFO - Filling up the DagBag from /home/airflow/.local/lib/python3.11/site-packages/airflow/example_dags/example_latest_only_with_trigger.py
[2024-07-09T13:35:08.408+0000] {processor.py:840} INFO - DAG(s) 'latest_only_with_trigger' retrieved from /home/airflow/.local/lib/python3.11/site-packages/airflow/example_dags/example_latest_only_with_trigger.py
[2024-07-09T13:35:08.430+0000] {logging_mixin.py:188} INFO - [2024-07-09T13:35:08.430+0000] {dag.py:3047} INFO - Sync 1 DAGs
[2024-07-09T13:35:08.451+0000] {logging_mixin.py:188} INFO - [2024-07-09T13:35:08.451+0000] {dag.py:3834} INFO - Setting next_dagrun for latest_only_with_trigger to 2024-07-09 08:00:00+00:00, run_after=2024-07-09 12:00:00+00:00
[2024-07-09T13:35:08.469+0000] {processor.py:183} INFO - Processing /home/airflow/.local/lib/python3.11/site-packages/airflow/example_dags/example_latest_only_with_trigger.py took 0.071 seconds
[2024-07-09T13:35:38.737+0000] {processor.py:161} INFO - Started process (PID=2321) to work on /home/airflow/.local/lib/python3.11/site-packages/airflow/example_dags/example_latest_only_with_trigger.py
[2024-07-09T13:35:38.738+0000] {processor.py:830} INFO - Processing file /home/airflow/.local/lib/python3.11/site-packages/airflow/example_dags/example_latest_only_with_trigger.py for tasks to queue
[2024-07-09T13:35:38.739+0000] {logging_mixin.py:188} INFO - [2024-07-09T13:35:38.739+0000] {dagbag.py:540} INFO - Filling up the DagBag from /home/airflow/.local/lib/python3.11/site-packages/airflow/example_dags/example_latest_only_with_trigger.py
[2024-07-09T13:35:38.744+0000] {processor.py:840} INFO - DAG(s) 'latest_only_with_trigger' retrieved from /home/airflow/.local/lib/python3.11/site-packages/airflow/example_dags/example_latest_only_with_trigger.py
[2024-07-09T13:35:38.765+0000] {logging_mixin.py:188} INFO - [2024-07-09T13:35:38.765+0000] {dag.py:3047} INFO - Sync 1 DAGs
[2024-07-09T13:35:38.782+0000] {logging_mixin.py:188} INFO - [2024-07-09T13:35:38.782+0000] {dag.py:3834} INFO - Setting next_dagrun for latest_only_with_trigger to 2024-07-09 08:00:00+00:00, run_after=2024-07-09 12:00:00+00:00
[2024-07-09T13:35:38.799+0000] {processor.py:183} INFO - Processing /home/airflow/.local/lib/python3.11/site-packages/airflow/example_dags/example_latest_only_with_trigger.py took 0.064 seconds
[2024-07-09T13:36:09.097+0000] {processor.py:161} INFO - Started process (PID=2591) to work on /home/airflow/.local/lib/python3.11/site-packages/airflow/example_dags/example_latest_only_with_trigger.py
[2024-07-09T13:36:09.098+0000] {processor.py:830} INFO - Processing file /home/airflow/.local/lib/python3.11/site-packages/airflow/example_dags/example_latest_only_with_trigger.py for tasks to queue
[2024-07-09T13:36:09.099+0000] {logging_mixin.py:188} INFO - [2024-07-09T13:36:09.099+0000] {dagbag.py:540} INFO - Filling up the DagBag from /home/airflow/.local/lib/python3.11/site-packages/airflow/example_dags/example_latest_only_with_trigger.py
[2024-07-09T13:36:09.104+0000] {processor.py:840} INFO - DAG(s) 'latest_only_with_trigger' retrieved from /home/airflow/.local/lib/python3.11/site-packages/airflow/example_dags/example_latest_only_with_trigger.py
[2024-07-09T13:36:09.128+0000] {logging_mixin.py:188} INFO - [2024-07-09T13:36:09.128+0000] {dag.py:3047} INFO - Sync 1 DAGs
[2024-07-09T13:36:09.148+0000] {logging_mixin.py:188} INFO - [2024-07-09T13:36:09.147+0000] {dag.py:3834} INFO - Setting next_dagrun for latest_only_with_trigger to 2024-07-09 08:00:00+00:00, run_after=2024-07-09 12:00:00+00:00
[2024-07-09T13:36:09.165+0000] {processor.py:183} INFO - Processing /home/airflow/.local/lib/python3.11/site-packages/airflow/example_dags/example_latest_only_with_trigger.py took 0.071 seconds
[2024-07-09T13:36:39.535+0000] {processor.py:161} INFO - Started process (PID=2861) to work on /home/airflow/.local/lib/python3.11/site-packages/airflow/example_dags/example_latest_only_with_trigger.py
[2024-07-09T13:36:39.536+0000] {processor.py:830} INFO - Processing file /home/airflow/.local/lib/python3.11/site-packages/airflow/example_dags/example_latest_only_with_trigger.py for tasks to queue
[2024-07-09T13:36:39.537+0000] {logging_mixin.py:188} INFO - [2024-07-09T13:36:39.537+0000] {dagbag.py:540} INFO - Filling up the DagBag from /home/airflow/.local/lib/python3.11/site-packages/airflow/example_dags/example_latest_only_with_trigger.py
[2024-07-09T13:36:39.542+0000] {processor.py:840} INFO - DAG(s) 'latest_only_with_trigger' retrieved from /home/airflow/.local/lib/python3.11/site-packages/airflow/example_dags/example_latest_only_with_trigger.py
[2024-07-09T13:36:39.564+0000] {logging_mixin.py:188} INFO - [2024-07-09T13:36:39.563+0000] {dag.py:3047} INFO - Sync 1 DAGs
[2024-07-09T13:36:39.581+0000] {logging_mixin.py:188} INFO - [2024-07-09T13:36:39.581+0000] {dag.py:3834} INFO - Setting next_dagrun for latest_only_with_trigger to 2024-07-09 08:00:00+00:00, run_after=2024-07-09 12:00:00+00:00
[2024-07-09T13:36:39.597+0000] {processor.py:183} INFO - Processing /home/airflow/.local/lib/python3.11/site-packages/airflow/example_dags/example_latest_only_with_trigger.py took 0.065 seconds
[2024-07-09T13:37:09.864+0000] {processor.py:161} INFO - Started process (PID=3131) to work on /home/airflow/.local/lib/python3.11/site-packages/airflow/example_dags/example_latest_only_with_trigger.py
[2024-07-09T13:37:09.867+0000] {processor.py:830} INFO - Processing file /home/airflow/.local/lib/python3.11/site-packages/airflow/example_dags/example_latest_only_with_trigger.py for tasks to queue
[2024-07-09T13:37:09.868+0000] {logging_mixin.py:188} INFO - [2024-07-09T13:37:09.867+0000] {dagbag.py:540} INFO - Filling up the DagBag from /home/airflow/.local/lib/python3.11/site-packages/airflow/example_dags/example_latest_only_with_trigger.py
[2024-07-09T13:37:09.874+0000] {processor.py:840} INFO - DAG(s) 'latest_only_with_trigger' retrieved from /home/airflow/.local/lib/python3.11/site-packages/airflow/example_dags/example_latest_only_with_trigger.py
[2024-07-09T13:37:09.897+0000] {logging_mixin.py:188} INFO - [2024-07-09T13:37:09.897+0000] {dag.py:3047} INFO - Sync 1 DAGs
[2024-07-09T13:37:09.920+0000] {logging_mixin.py:188} INFO - [2024-07-09T13:37:09.920+0000] {dag.py:3834} INFO - Setting next_dagrun for latest_only_with_trigger to 2024-07-09 08:00:00+00:00, run_after=2024-07-09 12:00:00+00:00
[2024-07-09T13:37:09.941+0000] {processor.py:183} INFO - Processing /home/airflow/.local/lib/python3.11/site-packages/airflow/example_dags/example_latest_only_with_trigger.py took 0.080 seconds
[2024-07-09T13:46:08.713+0000] {processor.py:161} INFO - Started process (PID=166) to work on /home/airflow/.local/lib/python3.11/site-packages/airflow/example_dags/example_latest_only_with_trigger.py
[2024-07-09T13:46:08.715+0000] {processor.py:830} INFO - Processing file /home/airflow/.local/lib/python3.11/site-packages/airflow/example_dags/example_latest_only_with_trigger.py for tasks to queue
[2024-07-09T13:46:08.716+0000] {logging_mixin.py:188} INFO - [2024-07-09T13:46:08.715+0000] {dagbag.py:540} INFO - Filling up the DagBag from /home/airflow/.local/lib/python3.11/site-packages/airflow/example_dags/example_latest_only_with_trigger.py
[2024-07-09T13:46:08.725+0000] {processor.py:840} INFO - DAG(s) 'latest_only_with_trigger' retrieved from /home/airflow/.local/lib/python3.11/site-packages/airflow/example_dags/example_latest_only_with_trigger.py
[2024-07-09T13:46:08.826+0000] {logging_mixin.py:188} INFO - [2024-07-09T13:46:08.826+0000] {override.py:1769} INFO - Created Permission View: can delete on DAG:latest_only_with_trigger
[2024-07-09T13:46:08.835+0000] {logging_mixin.py:188} INFO - [2024-07-09T13:46:08.834+0000] {override.py:1769} INFO - Created Permission View: can read on DAG:latest_only_with_trigger
[2024-07-09T13:46:08.840+0000] {logging_mixin.py:188} INFO - [2024-07-09T13:46:08.840+0000] {override.py:1769} INFO - Created Permission View: can edit on DAG:latest_only_with_trigger
[2024-07-09T13:46:08.840+0000] {logging_mixin.py:188} INFO - [2024-07-09T13:46:08.840+0000] {dag.py:3047} INFO - Sync 1 DAGs
[2024-07-09T13:46:08.850+0000] {logging_mixin.py:188} INFO - [2024-07-09T13:46:08.850+0000] {dag.py:3069} INFO - Creating ORM DAG for latest_only_with_trigger
[2024-07-09T13:46:08.858+0000] {logging_mixin.py:188} INFO - [2024-07-09T13:46:08.858+0000] {dag.py:3834} INFO - Setting next_dagrun for latest_only_with_trigger to 2024-07-09 08:00:00+00:00, run_after=2024-07-09 12:00:00+00:00
[2024-07-09T13:46:08.872+0000] {processor.py:183} INFO - Processing /home/airflow/.local/lib/python3.11/site-packages/airflow/example_dags/example_latest_only_with_trigger.py took 0.161 seconds
[2024-07-09T13:46:39.086+0000] {processor.py:161} INFO - Started process (PID=431) to work on /home/airflow/.local/lib/python3.11/site-packages/airflow/example_dags/example_latest_only_with_trigger.py
[2024-07-09T13:46:39.087+0000] {processor.py:830} INFO - Processing file /home/airflow/.local/lib/python3.11/site-packages/airflow/example_dags/example_latest_only_with_trigger.py for tasks to queue
[2024-07-09T13:46:39.088+0000] {logging_mixin.py:188} INFO - [2024-07-09T13:46:39.088+0000] {dagbag.py:540} INFO - Filling up the DagBag from /home/airflow/.local/lib/python3.11/site-packages/airflow/example_dags/example_latest_only_with_trigger.py
[2024-07-09T13:46:39.093+0000] {processor.py:840} INFO - DAG(s) 'latest_only_with_trigger' retrieved from /home/airflow/.local/lib/python3.11/site-packages/airflow/example_dags/example_latest_only_with_trigger.py
[2024-07-09T13:46:39.118+0000] {logging_mixin.py:188} INFO - [2024-07-09T13:46:39.118+0000] {dag.py:3047} INFO - Sync 1 DAGs
[2024-07-09T13:46:39.137+0000] {logging_mixin.py:188} INFO - [2024-07-09T13:46:39.136+0000] {dag.py:3834} INFO - Setting next_dagrun for latest_only_with_trigger to 2024-07-09 08:00:00+00:00, run_after=2024-07-09 12:00:00+00:00
[2024-07-09T13:46:39.154+0000] {processor.py:183} INFO - Processing /home/airflow/.local/lib/python3.11/site-packages/airflow/example_dags/example_latest_only_with_trigger.py took 0.070 seconds
[2024-07-09T13:47:09.601+0000] {processor.py:161} INFO - Started process (PID=701) to work on /home/airflow/.local/lib/python3.11/site-packages/airflow/example_dags/example_latest_only_with_trigger.py
[2024-07-09T13:47:09.602+0000] {processor.py:830} INFO - Processing file /home/airflow/.local/lib/python3.11/site-packages/airflow/example_dags/example_latest_only_with_trigger.py for tasks to queue
[2024-07-09T13:47:09.603+0000] {logging_mixin.py:188} INFO - [2024-07-09T13:47:09.603+0000] {dagbag.py:540} INFO - Filling up the DagBag from /home/airflow/.local/lib/python3.11/site-packages/airflow/example_dags/example_latest_only_with_trigger.py
[2024-07-09T13:47:09.608+0000] {processor.py:840} INFO - DAG(s) 'latest_only_with_trigger' retrieved from /home/airflow/.local/lib/python3.11/site-packages/airflow/example_dags/example_latest_only_with_trigger.py
[2024-07-09T13:47:09.630+0000] {logging_mixin.py:188} INFO - [2024-07-09T13:47:09.630+0000] {dag.py:3047} INFO - Sync 1 DAGs
[2024-07-09T13:47:09.648+0000] {logging_mixin.py:188} INFO - [2024-07-09T13:47:09.648+0000] {dag.py:3834} INFO - Setting next_dagrun for latest_only_with_trigger to 2024-07-09 08:00:00+00:00, run_after=2024-07-09 12:00:00+00:00
[2024-07-09T13:47:09.666+0000] {processor.py:183} INFO - Processing /home/airflow/.local/lib/python3.11/site-packages/airflow/example_dags/example_latest_only_with_trigger.py took 0.067 seconds
[2024-07-09T13:47:39.967+0000] {processor.py:161} INFO - Started process (PID=971) to work on /home/airflow/.local/lib/python3.11/site-packages/airflow/example_dags/example_latest_only_with_trigger.py
[2024-07-09T13:47:39.968+0000] {processor.py:830} INFO - Processing file /home/airflow/.local/lib/python3.11/site-packages/airflow/example_dags/example_latest_only_with_trigger.py for tasks to queue
[2024-07-09T13:47:39.969+0000] {logging_mixin.py:188} INFO - [2024-07-09T13:47:39.969+0000] {dagbag.py:540} INFO - Filling up the DagBag from /home/airflow/.local/lib/python3.11/site-packages/airflow/example_dags/example_latest_only_with_trigger.py
[2024-07-09T13:47:39.973+0000] {processor.py:840} INFO - DAG(s) 'latest_only_with_trigger' retrieved from /home/airflow/.local/lib/python3.11/site-packages/airflow/example_dags/example_latest_only_with_trigger.py
[2024-07-09T13:47:39.993+0000] {logging_mixin.py:188} INFO - [2024-07-09T13:47:39.993+0000] {dag.py:3047} INFO - Sync 1 DAGs
[2024-07-09T13:47:40.010+0000] {logging_mixin.py:188} INFO - [2024-07-09T13:47:40.010+0000] {dag.py:3834} INFO - Setting next_dagrun for latest_only_with_trigger to 2024-07-09 08:00:00+00:00, run_after=2024-07-09 12:00:00+00:00
[2024-07-09T13:47:40.028+0000] {processor.py:183} INFO - Processing /home/airflow/.local/lib/python3.11/site-packages/airflow/example_dags/example_latest_only_with_trigger.py took 0.063 seconds
[2024-07-09T13:48:10.383+0000] {processor.py:161} INFO - Started process (PID=1241) to work on /home/airflow/.local/lib/python3.11/site-packages/airflow/example_dags/example_latest_only_with_trigger.py
[2024-07-09T13:48:10.384+0000] {processor.py:830} INFO - Processing file /home/airflow/.local/lib/python3.11/site-packages/airflow/example_dags/example_latest_only_with_trigger.py for tasks to queue
[2024-07-09T13:48:10.385+0000] {logging_mixin.py:188} INFO - [2024-07-09T13:48:10.384+0000] {dagbag.py:540} INFO - Filling up the DagBag from /home/airflow/.local/lib/python3.11/site-packages/airflow/example_dags/example_latest_only_with_trigger.py
[2024-07-09T13:48:10.389+0000] {processor.py:840} INFO - DAG(s) 'latest_only_with_trigger' retrieved from /home/airflow/.local/lib/python3.11/site-packages/airflow/example_dags/example_latest_only_with_trigger.py
[2024-07-09T13:48:10.411+0000] {logging_mixin.py:188} INFO - [2024-07-09T13:48:10.411+0000] {dag.py:3047} INFO - Sync 1 DAGs
[2024-07-09T13:48:10.428+0000] {logging_mixin.py:188} INFO - [2024-07-09T13:48:10.428+0000] {dag.py:3834} INFO - Setting next_dagrun for latest_only_with_trigger to 2024-07-09 08:00:00+00:00, run_after=2024-07-09 12:00:00+00:00
[2024-07-09T13:48:10.442+0000] {processor.py:183} INFO - Processing /home/airflow/.local/lib/python3.11/site-packages/airflow/example_dags/example_latest_only_with_trigger.py took 0.062 seconds
[2024-07-09T13:48:41.076+0000] {processor.py:161} INFO - Started process (PID=1511) to work on /home/airflow/.local/lib/python3.11/site-packages/airflow/example_dags/example_latest_only_with_trigger.py
[2024-07-09T13:48:41.077+0000] {processor.py:830} INFO - Processing file /home/airflow/.local/lib/python3.11/site-packages/airflow/example_dags/example_latest_only_with_trigger.py for tasks to queue
[2024-07-09T13:48:41.078+0000] {logging_mixin.py:188} INFO - [2024-07-09T13:48:41.077+0000] {dagbag.py:540} INFO - Filling up the DagBag from /home/airflow/.local/lib/python3.11/site-packages/airflow/example_dags/example_latest_only_with_trigger.py
[2024-07-09T13:48:41.083+0000] {processor.py:840} INFO - DAG(s) 'latest_only_with_trigger' retrieved from /home/airflow/.local/lib/python3.11/site-packages/airflow/example_dags/example_latest_only_with_trigger.py
[2024-07-09T13:48:41.104+0000] {logging_mixin.py:188} INFO - [2024-07-09T13:48:41.103+0000] {dag.py:3047} INFO - Sync 1 DAGs
[2024-07-09T13:48:41.120+0000] {logging_mixin.py:188} INFO - [2024-07-09T13:48:41.120+0000] {dag.py:3834} INFO - Setting next_dagrun for latest_only_with_trigger to 2024-07-09 08:00:00+00:00, run_after=2024-07-09 12:00:00+00:00
[2024-07-09T13:48:41.136+0000] {processor.py:183} INFO - Processing /home/airflow/.local/lib/python3.11/site-packages/airflow/example_dags/example_latest_only_with_trigger.py took 0.062 seconds
[2024-07-09T13:49:11.433+0000] {processor.py:161} INFO - Started process (PID=1781) to work on /home/airflow/.local/lib/python3.11/site-packages/airflow/example_dags/example_latest_only_with_trigger.py
[2024-07-09T13:49:11.434+0000] {processor.py:830} INFO - Processing file /home/airflow/.local/lib/python3.11/site-packages/airflow/example_dags/example_latest_only_with_trigger.py for tasks to queue
[2024-07-09T13:49:11.434+0000] {logging_mixin.py:188} INFO - [2024-07-09T13:49:11.434+0000] {dagbag.py:540} INFO - Filling up the DagBag from /home/airflow/.local/lib/python3.11/site-packages/airflow/example_dags/example_latest_only_with_trigger.py
[2024-07-09T13:49:11.440+0000] {processor.py:840} INFO - DAG(s) 'latest_only_with_trigger' retrieved from /home/airflow/.local/lib/python3.11/site-packages/airflow/example_dags/example_latest_only_with_trigger.py
[2024-07-09T13:49:11.461+0000] {logging_mixin.py:188} INFO - [2024-07-09T13:49:11.461+0000] {dag.py:3047} INFO - Sync 1 DAGs
[2024-07-09T13:49:11.478+0000] {logging_mixin.py:188} INFO - [2024-07-09T13:49:11.478+0000] {dag.py:3834} INFO - Setting next_dagrun for latest_only_with_trigger to 2024-07-09 08:00:00+00:00, run_after=2024-07-09 12:00:00+00:00
[2024-07-09T13:49:11.495+0000] {processor.py:183} INFO - Processing /home/airflow/.local/lib/python3.11/site-packages/airflow/example_dags/example_latest_only_with_trigger.py took 0.065 seconds
[2024-07-09T13:49:41.916+0000] {processor.py:161} INFO - Started process (PID=2051) to work on /home/airflow/.local/lib/python3.11/site-packages/airflow/example_dags/example_latest_only_with_trigger.py
[2024-07-09T13:49:41.917+0000] {processor.py:830} INFO - Processing file /home/airflow/.local/lib/python3.11/site-packages/airflow/example_dags/example_latest_only_with_trigger.py for tasks to queue
[2024-07-09T13:49:41.918+0000] {logging_mixin.py:188} INFO - [2024-07-09T13:49:41.918+0000] {dagbag.py:540} INFO - Filling up the DagBag from /home/airflow/.local/lib/python3.11/site-packages/airflow/example_dags/example_latest_only_with_trigger.py
[2024-07-09T13:49:41.924+0000] {processor.py:840} INFO - DAG(s) 'latest_only_with_trigger' retrieved from /home/airflow/.local/lib/python3.11/site-packages/airflow/example_dags/example_latest_only_with_trigger.py
[2024-07-09T13:49:41.946+0000] {logging_mixin.py:188} INFO - [2024-07-09T13:49:41.946+0000] {dag.py:3047} INFO - Sync 1 DAGs
[2024-07-09T13:49:41.965+0000] {logging_mixin.py:188} INFO - [2024-07-09T13:49:41.965+0000] {dag.py:3834} INFO - Setting next_dagrun for latest_only_with_trigger to 2024-07-09 08:00:00+00:00, run_after=2024-07-09 12:00:00+00:00
[2024-07-09T13:49:41.987+0000] {processor.py:183} INFO - Processing /home/airflow/.local/lib/python3.11/site-packages/airflow/example_dags/example_latest_only_with_trigger.py took 0.073 seconds
[2024-07-09T13:50:12.134+0000] {processor.py:161} INFO - Started process (PID=2321) to work on /home/airflow/.local/lib/python3.11/site-packages/airflow/example_dags/example_latest_only_with_trigger.py
[2024-07-09T13:50:12.135+0000] {processor.py:830} INFO - Processing file /home/airflow/.local/lib/python3.11/site-packages/airflow/example_dags/example_latest_only_with_trigger.py for tasks to queue
[2024-07-09T13:50:12.136+0000] {logging_mixin.py:188} INFO - [2024-07-09T13:50:12.135+0000] {dagbag.py:540} INFO - Filling up the DagBag from /home/airflow/.local/lib/python3.11/site-packages/airflow/example_dags/example_latest_only_with_trigger.py
[2024-07-09T13:50:12.141+0000] {processor.py:840} INFO - DAG(s) 'latest_only_with_trigger' retrieved from /home/airflow/.local/lib/python3.11/site-packages/airflow/example_dags/example_latest_only_with_trigger.py
[2024-07-09T13:50:12.163+0000] {logging_mixin.py:188} INFO - [2024-07-09T13:50:12.163+0000] {dag.py:3047} INFO - Sync 1 DAGs
[2024-07-09T13:50:12.182+0000] {logging_mixin.py:188} INFO - [2024-07-09T13:50:12.182+0000] {dag.py:3834} INFO - Setting next_dagrun for latest_only_with_trigger to 2024-07-09 08:00:00+00:00, run_after=2024-07-09 12:00:00+00:00
[2024-07-09T13:50:12.199+0000] {processor.py:183} INFO - Processing /home/airflow/.local/lib/python3.11/site-packages/airflow/example_dags/example_latest_only_with_trigger.py took 0.068 seconds
[2024-07-09T13:50:42.401+0000] {processor.py:161} INFO - Started process (PID=2591) to work on /home/airflow/.local/lib/python3.11/site-packages/airflow/example_dags/example_latest_only_with_trigger.py
[2024-07-09T13:50:42.402+0000] {processor.py:830} INFO - Processing file /home/airflow/.local/lib/python3.11/site-packages/airflow/example_dags/example_latest_only_with_trigger.py for tasks to queue
[2024-07-09T13:50:42.403+0000] {logging_mixin.py:188} INFO - [2024-07-09T13:50:42.403+0000] {dagbag.py:540} INFO - Filling up the DagBag from /home/airflow/.local/lib/python3.11/site-packages/airflow/example_dags/example_latest_only_with_trigger.py
[2024-07-09T13:50:42.409+0000] {processor.py:840} INFO - DAG(s) 'latest_only_with_trigger' retrieved from /home/airflow/.local/lib/python3.11/site-packages/airflow/example_dags/example_latest_only_with_trigger.py
[2024-07-09T13:50:42.430+0000] {logging_mixin.py:188} INFO - [2024-07-09T13:50:42.430+0000] {dag.py:3047} INFO - Sync 1 DAGs
[2024-07-09T13:50:42.447+0000] {logging_mixin.py:188} INFO - [2024-07-09T13:50:42.447+0000] {dag.py:3834} INFO - Setting next_dagrun for latest_only_with_trigger to 2024-07-09 08:00:00+00:00, run_after=2024-07-09 12:00:00+00:00
[2024-07-09T13:50:42.463+0000] {processor.py:183} INFO - Processing /home/airflow/.local/lib/python3.11/site-packages/airflow/example_dags/example_latest_only_with_trigger.py took 0.065 seconds
[2024-07-09T13:51:12.870+0000] {processor.py:161} INFO - Started process (PID=2861) to work on /home/airflow/.local/lib/python3.11/site-packages/airflow/example_dags/example_latest_only_with_trigger.py
[2024-07-09T13:51:12.871+0000] {processor.py:830} INFO - Processing file /home/airflow/.local/lib/python3.11/site-packages/airflow/example_dags/example_latest_only_with_trigger.py for tasks to queue
[2024-07-09T13:51:12.872+0000] {logging_mixin.py:188} INFO - [2024-07-09T13:51:12.872+0000] {dagbag.py:540} INFO - Filling up the DagBag from /home/airflow/.local/lib/python3.11/site-packages/airflow/example_dags/example_latest_only_with_trigger.py
[2024-07-09T13:51:12.879+0000] {processor.py:840} INFO - DAG(s) 'latest_only_with_trigger' retrieved from /home/airflow/.local/lib/python3.11/site-packages/airflow/example_dags/example_latest_only_with_trigger.py
[2024-07-09T13:51:12.900+0000] {logging_mixin.py:188} INFO - [2024-07-09T13:51:12.900+0000] {dag.py:3047} INFO - Sync 1 DAGs
[2024-07-09T13:51:12.922+0000] {logging_mixin.py:188} INFO - [2024-07-09T13:51:12.922+0000] {dag.py:3834} INFO - Setting next_dagrun for latest_only_with_trigger to 2024-07-09 08:00:00+00:00, run_after=2024-07-09 12:00:00+00:00
[2024-07-09T13:51:12.943+0000] {processor.py:183} INFO - Processing /home/airflow/.local/lib/python3.11/site-packages/airflow/example_dags/example_latest_only_with_trigger.py took 0.076 seconds
