[2024-07-09T13:18:48.199+0000] {processor.py:161} INFO - Started process (PID=244) to work on /home/airflow/.local/lib/python3.11/site-packages/airflow/example_dags/tutorial_taskflow_api.py
[2024-07-09T13:18:48.200+0000] {processor.py:830} INFO - Processing file /home/airflow/.local/lib/python3.11/site-packages/airflow/example_dags/tutorial_taskflow_api.py for tasks to queue
[2024-07-09T13:18:48.200+0000] {logging_mixin.py:188} INFO - [2024-07-09T13:18:48.200+0000] {dagbag.py:540} INFO - Filling up the DagBag from /home/airflow/.local/lib/python3.11/site-packages/airflow/example_dags/tutorial_taskflow_api.py
[2024-07-09T13:18:48.210+0000] {processor.py:840} INFO - DAG(s) 'tutorial_taskflow_api' retrieved from /home/airflow/.local/lib/python3.11/site-packages/airflow/example_dags/tutorial_taskflow_api.py
[2024-07-09T13:18:48.308+0000] {logging_mixin.py:188} INFO - [2024-07-09T13:18:48.307+0000] {override.py:1769} INFO - Created Permission View: can delete on DAG:tutorial_taskflow_api
[2024-07-09T13:18:48.317+0000] {logging_mixin.py:188} INFO - [2024-07-09T13:18:48.316+0000] {override.py:1769} INFO - Created Permission View: can read on DAG:tutorial_taskflow_api
[2024-07-09T13:18:48.325+0000] {logging_mixin.py:188} INFO - [2024-07-09T13:18:48.325+0000] {override.py:1769} INFO - Created Permission View: can edit on DAG:tutorial_taskflow_api
[2024-07-09T13:18:48.325+0000] {logging_mixin.py:188} INFO - [2024-07-09T13:18:48.325+0000] {dag.py:3047} INFO - Sync 1 DAGs
[2024-07-09T13:18:48.335+0000] {logging_mixin.py:188} INFO - [2024-07-09T13:18:48.335+0000] {dag.py:3069} INFO - Creating ORM DAG for tutorial_taskflow_api
[2024-07-09T13:18:48.336+0000] {logging_mixin.py:188} INFO - [2024-07-09T13:18:48.335+0000] {dag.py:3834} INFO - Setting next_dagrun for tutorial_taskflow_api to None, run_after=None
[2024-07-09T13:18:48.350+0000] {processor.py:183} INFO - Processing /home/airflow/.local/lib/python3.11/site-packages/airflow/example_dags/tutorial_taskflow_api.py took 0.153 seconds
[2024-07-09T13:19:18.581+0000] {processor.py:161} INFO - Started process (PID=514) to work on /home/airflow/.local/lib/python3.11/site-packages/airflow/example_dags/tutorial_taskflow_api.py
[2024-07-09T13:19:18.582+0000] {processor.py:830} INFO - Processing file /home/airflow/.local/lib/python3.11/site-packages/airflow/example_dags/tutorial_taskflow_api.py for tasks to queue
[2024-07-09T13:19:18.582+0000] {logging_mixin.py:188} INFO - [2024-07-09T13:19:18.582+0000] {dagbag.py:540} INFO - Filling up the DagBag from /home/airflow/.local/lib/python3.11/site-packages/airflow/example_dags/tutorial_taskflow_api.py
[2024-07-09T13:19:18.587+0000] {processor.py:840} INFO - DAG(s) 'tutorial_taskflow_api' retrieved from /home/airflow/.local/lib/python3.11/site-packages/airflow/example_dags/tutorial_taskflow_api.py
[2024-07-09T13:19:18.607+0000] {logging_mixin.py:188} INFO - [2024-07-09T13:19:18.606+0000] {dag.py:3047} INFO - Sync 1 DAGs
[2024-07-09T13:19:18.616+0000] {logging_mixin.py:188} INFO - [2024-07-09T13:19:18.616+0000] {dag.py:3834} INFO - Setting next_dagrun for tutorial_taskflow_api to None, run_after=None
[2024-07-09T13:19:18.632+0000] {processor.py:183} INFO - Processing /home/airflow/.local/lib/python3.11/site-packages/airflow/example_dags/tutorial_taskflow_api.py took 0.053 seconds
[2024-07-09T13:19:49.476+0000] {processor.py:161} INFO - Started process (PID=784) to work on /home/airflow/.local/lib/python3.11/site-packages/airflow/example_dags/tutorial_taskflow_api.py
[2024-07-09T13:19:49.477+0000] {processor.py:830} INFO - Processing file /home/airflow/.local/lib/python3.11/site-packages/airflow/example_dags/tutorial_taskflow_api.py for tasks to queue
[2024-07-09T13:19:49.477+0000] {logging_mixin.py:188} INFO - [2024-07-09T13:19:49.477+0000] {dagbag.py:540} INFO - Filling up the DagBag from /home/airflow/.local/lib/python3.11/site-packages/airflow/example_dags/tutorial_taskflow_api.py
[2024-07-09T13:19:49.482+0000] {processor.py:840} INFO - DAG(s) 'tutorial_taskflow_api' retrieved from /home/airflow/.local/lib/python3.11/site-packages/airflow/example_dags/tutorial_taskflow_api.py
[2024-07-09T13:19:49.502+0000] {logging_mixin.py:188} INFO - [2024-07-09T13:19:49.502+0000] {dag.py:3047} INFO - Sync 1 DAGs
[2024-07-09T13:19:49.511+0000] {logging_mixin.py:188} INFO - [2024-07-09T13:19:49.511+0000] {dag.py:3834} INFO - Setting next_dagrun for tutorial_taskflow_api to None, run_after=None
[2024-07-09T13:19:49.528+0000] {processor.py:183} INFO - Processing /home/airflow/.local/lib/python3.11/site-packages/airflow/example_dags/tutorial_taskflow_api.py took 0.054 seconds
[2024-07-09T13:20:21.044+0000] {processor.py:161} INFO - Started process (PID=1054) to work on /home/airflow/.local/lib/python3.11/site-packages/airflow/example_dags/tutorial_taskflow_api.py
[2024-07-09T13:20:21.045+0000] {processor.py:830} INFO - Processing file /home/airflow/.local/lib/python3.11/site-packages/airflow/example_dags/tutorial_taskflow_api.py for tasks to queue
[2024-07-09T13:20:21.046+0000] {logging_mixin.py:188} INFO - [2024-07-09T13:20:21.046+0000] {dagbag.py:540} INFO - Filling up the DagBag from /home/airflow/.local/lib/python3.11/site-packages/airflow/example_dags/tutorial_taskflow_api.py
[2024-07-09T13:20:21.051+0000] {processor.py:840} INFO - DAG(s) 'tutorial_taskflow_api' retrieved from /home/airflow/.local/lib/python3.11/site-packages/airflow/example_dags/tutorial_taskflow_api.py
[2024-07-09T13:20:21.071+0000] {logging_mixin.py:188} INFO - [2024-07-09T13:20:21.071+0000] {dag.py:3047} INFO - Sync 1 DAGs
[2024-07-09T13:20:21.083+0000] {logging_mixin.py:188} INFO - [2024-07-09T13:20:21.083+0000] {dag.py:3834} INFO - Setting next_dagrun for tutorial_taskflow_api to None, run_after=None
[2024-07-09T13:20:21.202+0000] {processor.py:183} INFO - Processing /home/airflow/.local/lib/python3.11/site-packages/airflow/example_dags/tutorial_taskflow_api.py took 0.161 seconds
[2024-07-09T13:20:51.787+0000] {processor.py:161} INFO - Started process (PID=1324) to work on /home/airflow/.local/lib/python3.11/site-packages/airflow/example_dags/tutorial_taskflow_api.py
[2024-07-09T13:20:51.789+0000] {processor.py:830} INFO - Processing file /home/airflow/.local/lib/python3.11/site-packages/airflow/example_dags/tutorial_taskflow_api.py for tasks to queue
[2024-07-09T13:20:51.790+0000] {logging_mixin.py:188} INFO - [2024-07-09T13:20:51.789+0000] {dagbag.py:540} INFO - Filling up the DagBag from /home/airflow/.local/lib/python3.11/site-packages/airflow/example_dags/tutorial_taskflow_api.py
[2024-07-09T13:20:51.795+0000] {processor.py:840} INFO - DAG(s) 'tutorial_taskflow_api' retrieved from /home/airflow/.local/lib/python3.11/site-packages/airflow/example_dags/tutorial_taskflow_api.py
[2024-07-09T13:20:51.815+0000] {logging_mixin.py:188} INFO - [2024-07-09T13:20:51.815+0000] {dag.py:3047} INFO - Sync 1 DAGs
[2024-07-09T13:20:51.827+0000] {logging_mixin.py:188} INFO - [2024-07-09T13:20:51.826+0000] {dag.py:3834} INFO - Setting next_dagrun for tutorial_taskflow_api to None, run_after=None
[2024-07-09T13:20:51.873+0000] {processor.py:183} INFO - Processing /home/airflow/.local/lib/python3.11/site-packages/airflow/example_dags/tutorial_taskflow_api.py took 0.088 seconds
[2024-07-09T13:21:22.760+0000] {processor.py:161} INFO - Started process (PID=1594) to work on /home/airflow/.local/lib/python3.11/site-packages/airflow/example_dags/tutorial_taskflow_api.py
[2024-07-09T13:21:22.761+0000] {processor.py:830} INFO - Processing file /home/airflow/.local/lib/python3.11/site-packages/airflow/example_dags/tutorial_taskflow_api.py for tasks to queue
[2024-07-09T13:21:22.762+0000] {logging_mixin.py:188} INFO - [2024-07-09T13:21:22.761+0000] {dagbag.py:540} INFO - Filling up the DagBag from /home/airflow/.local/lib/python3.11/site-packages/airflow/example_dags/tutorial_taskflow_api.py
[2024-07-09T13:21:22.766+0000] {processor.py:840} INFO - DAG(s) 'tutorial_taskflow_api' retrieved from /home/airflow/.local/lib/python3.11/site-packages/airflow/example_dags/tutorial_taskflow_api.py
[2024-07-09T13:21:22.786+0000] {logging_mixin.py:188} INFO - [2024-07-09T13:21:22.786+0000] {dag.py:3047} INFO - Sync 1 DAGs
[2024-07-09T13:21:22.795+0000] {logging_mixin.py:188} INFO - [2024-07-09T13:21:22.795+0000] {dag.py:3834} INFO - Setting next_dagrun for tutorial_taskflow_api to None, run_after=None
[2024-07-09T13:21:22.811+0000] {processor.py:183} INFO - Processing /home/airflow/.local/lib/python3.11/site-packages/airflow/example_dags/tutorial_taskflow_api.py took 0.054 seconds
[2024-07-09T13:21:53.501+0000] {processor.py:161} INFO - Started process (PID=1864) to work on /home/airflow/.local/lib/python3.11/site-packages/airflow/example_dags/tutorial_taskflow_api.py
[2024-07-09T13:21:53.502+0000] {processor.py:830} INFO - Processing file /home/airflow/.local/lib/python3.11/site-packages/airflow/example_dags/tutorial_taskflow_api.py for tasks to queue
[2024-07-09T13:21:53.503+0000] {logging_mixin.py:188} INFO - [2024-07-09T13:21:53.502+0000] {dagbag.py:540} INFO - Filling up the DagBag from /home/airflow/.local/lib/python3.11/site-packages/airflow/example_dags/tutorial_taskflow_api.py
[2024-07-09T13:21:53.508+0000] {processor.py:840} INFO - DAG(s) 'tutorial_taskflow_api' retrieved from /home/airflow/.local/lib/python3.11/site-packages/airflow/example_dags/tutorial_taskflow_api.py
[2024-07-09T13:21:53.527+0000] {logging_mixin.py:188} INFO - [2024-07-09T13:21:53.527+0000] {dag.py:3047} INFO - Sync 1 DAGs
[2024-07-09T13:21:53.537+0000] {logging_mixin.py:188} INFO - [2024-07-09T13:21:53.537+0000] {dag.py:3834} INFO - Setting next_dagrun for tutorial_taskflow_api to None, run_after=None
[2024-07-09T13:21:53.552+0000] {processor.py:183} INFO - Processing /home/airflow/.local/lib/python3.11/site-packages/airflow/example_dags/tutorial_taskflow_api.py took 0.054 seconds
[2024-07-09T13:22:24.197+0000] {processor.py:161} INFO - Started process (PID=2134) to work on /home/airflow/.local/lib/python3.11/site-packages/airflow/example_dags/tutorial_taskflow_api.py
[2024-07-09T13:22:24.198+0000] {processor.py:830} INFO - Processing file /home/airflow/.local/lib/python3.11/site-packages/airflow/example_dags/tutorial_taskflow_api.py for tasks to queue
[2024-07-09T13:22:24.199+0000] {logging_mixin.py:188} INFO - [2024-07-09T13:22:24.198+0000] {dagbag.py:540} INFO - Filling up the DagBag from /home/airflow/.local/lib/python3.11/site-packages/airflow/example_dags/tutorial_taskflow_api.py
[2024-07-09T13:22:24.204+0000] {processor.py:840} INFO - DAG(s) 'tutorial_taskflow_api' retrieved from /home/airflow/.local/lib/python3.11/site-packages/airflow/example_dags/tutorial_taskflow_api.py
[2024-07-09T13:22:24.224+0000] {logging_mixin.py:188} INFO - [2024-07-09T13:22:24.224+0000] {dag.py:3047} INFO - Sync 1 DAGs
[2024-07-09T13:22:24.234+0000] {logging_mixin.py:188} INFO - [2024-07-09T13:22:24.234+0000] {dag.py:3834} INFO - Setting next_dagrun for tutorial_taskflow_api to None, run_after=None
[2024-07-09T13:22:24.250+0000] {processor.py:183} INFO - Processing /home/airflow/.local/lib/python3.11/site-packages/airflow/example_dags/tutorial_taskflow_api.py took 0.056 seconds
[2024-07-09T13:22:54.928+0000] {processor.py:161} INFO - Started process (PID=2404) to work on /home/airflow/.local/lib/python3.11/site-packages/airflow/example_dags/tutorial_taskflow_api.py
[2024-07-09T13:22:54.929+0000] {processor.py:830} INFO - Processing file /home/airflow/.local/lib/python3.11/site-packages/airflow/example_dags/tutorial_taskflow_api.py for tasks to queue
[2024-07-09T13:22:54.929+0000] {logging_mixin.py:188} INFO - [2024-07-09T13:22:54.929+0000] {dagbag.py:540} INFO - Filling up the DagBag from /home/airflow/.local/lib/python3.11/site-packages/airflow/example_dags/tutorial_taskflow_api.py
[2024-07-09T13:22:54.934+0000] {processor.py:840} INFO - DAG(s) 'tutorial_taskflow_api' retrieved from /home/airflow/.local/lib/python3.11/site-packages/airflow/example_dags/tutorial_taskflow_api.py
[2024-07-09T13:22:54.955+0000] {logging_mixin.py:188} INFO - [2024-07-09T13:22:54.954+0000] {dag.py:3047} INFO - Sync 1 DAGs
[2024-07-09T13:22:54.965+0000] {logging_mixin.py:188} INFO - [2024-07-09T13:22:54.964+0000] {dag.py:3834} INFO - Setting next_dagrun for tutorial_taskflow_api to None, run_after=None
[2024-07-09T13:22:54.980+0000] {processor.py:183} INFO - Processing /home/airflow/.local/lib/python3.11/site-packages/airflow/example_dags/tutorial_taskflow_api.py took 0.055 seconds
[2024-07-09T13:23:25.702+0000] {processor.py:161} INFO - Started process (PID=2674) to work on /home/airflow/.local/lib/python3.11/site-packages/airflow/example_dags/tutorial_taskflow_api.py
[2024-07-09T13:23:25.703+0000] {processor.py:830} INFO - Processing file /home/airflow/.local/lib/python3.11/site-packages/airflow/example_dags/tutorial_taskflow_api.py for tasks to queue
[2024-07-09T13:23:25.704+0000] {logging_mixin.py:188} INFO - [2024-07-09T13:23:25.704+0000] {dagbag.py:540} INFO - Filling up the DagBag from /home/airflow/.local/lib/python3.11/site-packages/airflow/example_dags/tutorial_taskflow_api.py
[2024-07-09T13:23:25.709+0000] {processor.py:840} INFO - DAG(s) 'tutorial_taskflow_api' retrieved from /home/airflow/.local/lib/python3.11/site-packages/airflow/example_dags/tutorial_taskflow_api.py
[2024-07-09T13:23:25.729+0000] {logging_mixin.py:188} INFO - [2024-07-09T13:23:25.729+0000] {dag.py:3047} INFO - Sync 1 DAGs
[2024-07-09T13:23:25.739+0000] {logging_mixin.py:188} INFO - [2024-07-09T13:23:25.739+0000] {dag.py:3834} INFO - Setting next_dagrun for tutorial_taskflow_api to None, run_after=None
[2024-07-09T13:23:25.756+0000] {processor.py:183} INFO - Processing /home/airflow/.local/lib/python3.11/site-packages/airflow/example_dags/tutorial_taskflow_api.py took 0.057 seconds
[2024-07-09T13:23:56.460+0000] {processor.py:161} INFO - Started process (PID=2944) to work on /home/airflow/.local/lib/python3.11/site-packages/airflow/example_dags/tutorial_taskflow_api.py
[2024-07-09T13:23:56.461+0000] {processor.py:830} INFO - Processing file /home/airflow/.local/lib/python3.11/site-packages/airflow/example_dags/tutorial_taskflow_api.py for tasks to queue
[2024-07-09T13:23:56.462+0000] {logging_mixin.py:188} INFO - [2024-07-09T13:23:56.462+0000] {dagbag.py:540} INFO - Filling up the DagBag from /home/airflow/.local/lib/python3.11/site-packages/airflow/example_dags/tutorial_taskflow_api.py
[2024-07-09T13:23:56.467+0000] {processor.py:840} INFO - DAG(s) 'tutorial_taskflow_api' retrieved from /home/airflow/.local/lib/python3.11/site-packages/airflow/example_dags/tutorial_taskflow_api.py
[2024-07-09T13:23:56.489+0000] {logging_mixin.py:188} INFO - [2024-07-09T13:23:56.488+0000] {dag.py:3047} INFO - Sync 1 DAGs
[2024-07-09T13:23:56.498+0000] {logging_mixin.py:188} INFO - [2024-07-09T13:23:56.498+0000] {dag.py:3834} INFO - Setting next_dagrun for tutorial_taskflow_api to None, run_after=None
[2024-07-09T13:23:56.514+0000] {processor.py:183} INFO - Processing /home/airflow/.local/lib/python3.11/site-packages/airflow/example_dags/tutorial_taskflow_api.py took 0.056 seconds
[2024-07-09T13:24:27.127+0000] {processor.py:161} INFO - Started process (PID=3214) to work on /home/airflow/.local/lib/python3.11/site-packages/airflow/example_dags/tutorial_taskflow_api.py
[2024-07-09T13:24:27.128+0000] {processor.py:830} INFO - Processing file /home/airflow/.local/lib/python3.11/site-packages/airflow/example_dags/tutorial_taskflow_api.py for tasks to queue
[2024-07-09T13:24:27.129+0000] {logging_mixin.py:188} INFO - [2024-07-09T13:24:27.128+0000] {dagbag.py:540} INFO - Filling up the DagBag from /home/airflow/.local/lib/python3.11/site-packages/airflow/example_dags/tutorial_taskflow_api.py
[2024-07-09T13:24:27.134+0000] {processor.py:840} INFO - DAG(s) 'tutorial_taskflow_api' retrieved from /home/airflow/.local/lib/python3.11/site-packages/airflow/example_dags/tutorial_taskflow_api.py
[2024-07-09T13:24:27.154+0000] {logging_mixin.py:188} INFO - [2024-07-09T13:24:27.154+0000] {dag.py:3047} INFO - Sync 1 DAGs
[2024-07-09T13:24:27.163+0000] {logging_mixin.py:188} INFO - [2024-07-09T13:24:27.163+0000] {dag.py:3834} INFO - Setting next_dagrun for tutorial_taskflow_api to None, run_after=None
[2024-07-09T13:24:27.180+0000] {processor.py:183} INFO - Processing /home/airflow/.local/lib/python3.11/site-packages/airflow/example_dags/tutorial_taskflow_api.py took 0.055 seconds
[2024-07-09T13:24:57.847+0000] {processor.py:161} INFO - Started process (PID=3484) to work on /home/airflow/.local/lib/python3.11/site-packages/airflow/example_dags/tutorial_taskflow_api.py
[2024-07-09T13:24:57.848+0000] {processor.py:830} INFO - Processing file /home/airflow/.local/lib/python3.11/site-packages/airflow/example_dags/tutorial_taskflow_api.py for tasks to queue
[2024-07-09T13:24:57.849+0000] {logging_mixin.py:188} INFO - [2024-07-09T13:24:57.849+0000] {dagbag.py:540} INFO - Filling up the DagBag from /home/airflow/.local/lib/python3.11/site-packages/airflow/example_dags/tutorial_taskflow_api.py
[2024-07-09T13:24:57.854+0000] {processor.py:840} INFO - DAG(s) 'tutorial_taskflow_api' retrieved from /home/airflow/.local/lib/python3.11/site-packages/airflow/example_dags/tutorial_taskflow_api.py
[2024-07-09T13:24:57.878+0000] {logging_mixin.py:188} INFO - [2024-07-09T13:24:57.878+0000] {dag.py:3047} INFO - Sync 1 DAGs
[2024-07-09T13:24:57.889+0000] {logging_mixin.py:188} INFO - [2024-07-09T13:24:57.888+0000] {dag.py:3834} INFO - Setting next_dagrun for tutorial_taskflow_api to None, run_after=None
[2024-07-09T13:24:57.905+0000] {processor.py:183} INFO - Processing /home/airflow/.local/lib/python3.11/site-packages/airflow/example_dags/tutorial_taskflow_api.py took 0.060 seconds
[2024-07-09T13:26:09.110+0000] {processor.py:161} INFO - Started process (PID=245) to work on /home/airflow/.local/lib/python3.11/site-packages/airflow/example_dags/tutorial_taskflow_api.py
[2024-07-09T13:26:09.111+0000] {processor.py:830} INFO - Processing file /home/airflow/.local/lib/python3.11/site-packages/airflow/example_dags/tutorial_taskflow_api.py for tasks to queue
[2024-07-09T13:26:09.112+0000] {logging_mixin.py:188} INFO - [2024-07-09T13:26:09.111+0000] {dagbag.py:540} INFO - Filling up the DagBag from /home/airflow/.local/lib/python3.11/site-packages/airflow/example_dags/tutorial_taskflow_api.py
[2024-07-09T13:26:09.119+0000] {processor.py:840} INFO - DAG(s) 'tutorial_taskflow_api' retrieved from /home/airflow/.local/lib/python3.11/site-packages/airflow/example_dags/tutorial_taskflow_api.py
[2024-07-09T13:26:09.210+0000] {logging_mixin.py:188} INFO - [2024-07-09T13:26:09.210+0000] {override.py:1769} INFO - Created Permission View: can delete on DAG:tutorial_taskflow_api
[2024-07-09T13:26:09.220+0000] {logging_mixin.py:188} INFO - [2024-07-09T13:26:09.219+0000] {override.py:1769} INFO - Created Permission View: can read on DAG:tutorial_taskflow_api
[2024-07-09T13:26:09.227+0000] {logging_mixin.py:188} INFO - [2024-07-09T13:26:09.226+0000] {override.py:1769} INFO - Created Permission View: can edit on DAG:tutorial_taskflow_api
[2024-07-09T13:26:09.227+0000] {logging_mixin.py:188} INFO - [2024-07-09T13:26:09.227+0000] {dag.py:3047} INFO - Sync 1 DAGs
[2024-07-09T13:26:09.236+0000] {logging_mixin.py:188} INFO - [2024-07-09T13:26:09.236+0000] {dag.py:3069} INFO - Creating ORM DAG for tutorial_taskflow_api
[2024-07-09T13:26:09.237+0000] {logging_mixin.py:188} INFO - [2024-07-09T13:26:09.237+0000] {dag.py:3834} INFO - Setting next_dagrun for tutorial_taskflow_api to None, run_after=None
[2024-07-09T13:26:09.251+0000] {processor.py:183} INFO - Processing /home/airflow/.local/lib/python3.11/site-packages/airflow/example_dags/tutorial_taskflow_api.py took 0.144 seconds
[2024-07-09T13:26:39.556+0000] {processor.py:161} INFO - Started process (PID=515) to work on /home/airflow/.local/lib/python3.11/site-packages/airflow/example_dags/tutorial_taskflow_api.py
[2024-07-09T13:26:39.557+0000] {processor.py:830} INFO - Processing file /home/airflow/.local/lib/python3.11/site-packages/airflow/example_dags/tutorial_taskflow_api.py for tasks to queue
[2024-07-09T13:26:39.558+0000] {logging_mixin.py:188} INFO - [2024-07-09T13:26:39.557+0000] {dagbag.py:540} INFO - Filling up the DagBag from /home/airflow/.local/lib/python3.11/site-packages/airflow/example_dags/tutorial_taskflow_api.py
[2024-07-09T13:26:39.563+0000] {processor.py:840} INFO - DAG(s) 'tutorial_taskflow_api' retrieved from /home/airflow/.local/lib/python3.11/site-packages/airflow/example_dags/tutorial_taskflow_api.py
[2024-07-09T13:26:39.584+0000] {logging_mixin.py:188} INFO - [2024-07-09T13:26:39.584+0000] {dag.py:3047} INFO - Sync 1 DAGs
[2024-07-09T13:26:39.595+0000] {logging_mixin.py:188} INFO - [2024-07-09T13:26:39.594+0000] {dag.py:3834} INFO - Setting next_dagrun for tutorial_taskflow_api to None, run_after=None
[2024-07-09T13:26:39.611+0000] {processor.py:183} INFO - Processing /home/airflow/.local/lib/python3.11/site-packages/airflow/example_dags/tutorial_taskflow_api.py took 0.058 seconds
[2024-07-09T13:27:10.114+0000] {processor.py:161} INFO - Started process (PID=785) to work on /home/airflow/.local/lib/python3.11/site-packages/airflow/example_dags/tutorial_taskflow_api.py
[2024-07-09T13:27:10.116+0000] {processor.py:830} INFO - Processing file /home/airflow/.local/lib/python3.11/site-packages/airflow/example_dags/tutorial_taskflow_api.py for tasks to queue
[2024-07-09T13:27:10.116+0000] {logging_mixin.py:188} INFO - [2024-07-09T13:27:10.116+0000] {dagbag.py:540} INFO - Filling up the DagBag from /home/airflow/.local/lib/python3.11/site-packages/airflow/example_dags/tutorial_taskflow_api.py
[2024-07-09T13:27:10.121+0000] {processor.py:840} INFO - DAG(s) 'tutorial_taskflow_api' retrieved from /home/airflow/.local/lib/python3.11/site-packages/airflow/example_dags/tutorial_taskflow_api.py
[2024-07-09T13:27:10.141+0000] {logging_mixin.py:188} INFO - [2024-07-09T13:27:10.141+0000] {dag.py:3047} INFO - Sync 1 DAGs
[2024-07-09T13:27:10.151+0000] {logging_mixin.py:188} INFO - [2024-07-09T13:27:10.150+0000] {dag.py:3834} INFO - Setting next_dagrun for tutorial_taskflow_api to None, run_after=None
[2024-07-09T13:27:10.168+0000] {processor.py:183} INFO - Processing /home/airflow/.local/lib/python3.11/site-packages/airflow/example_dags/tutorial_taskflow_api.py took 0.056 seconds
[2024-07-09T13:27:41.004+0000] {processor.py:161} INFO - Started process (PID=1055) to work on /home/airflow/.local/lib/python3.11/site-packages/airflow/example_dags/tutorial_taskflow_api.py
[2024-07-09T13:27:41.005+0000] {processor.py:830} INFO - Processing file /home/airflow/.local/lib/python3.11/site-packages/airflow/example_dags/tutorial_taskflow_api.py for tasks to queue
[2024-07-09T13:27:41.006+0000] {logging_mixin.py:188} INFO - [2024-07-09T13:27:41.006+0000] {dagbag.py:540} INFO - Filling up the DagBag from /home/airflow/.local/lib/python3.11/site-packages/airflow/example_dags/tutorial_taskflow_api.py
[2024-07-09T13:27:41.011+0000] {processor.py:840} INFO - DAG(s) 'tutorial_taskflow_api' retrieved from /home/airflow/.local/lib/python3.11/site-packages/airflow/example_dags/tutorial_taskflow_api.py
[2024-07-09T13:27:41.033+0000] {logging_mixin.py:188} INFO - [2024-07-09T13:27:41.032+0000] {dag.py:3047} INFO - Sync 1 DAGs
[2024-07-09T13:27:41.044+0000] {logging_mixin.py:188} INFO - [2024-07-09T13:27:41.044+0000] {dag.py:3834} INFO - Setting next_dagrun for tutorial_taskflow_api to None, run_after=None
[2024-07-09T13:27:41.164+0000] {processor.py:183} INFO - Processing /home/airflow/.local/lib/python3.11/site-packages/airflow/example_dags/tutorial_taskflow_api.py took 0.162 seconds
[2024-07-09T13:28:11.779+0000] {processor.py:161} INFO - Started process (PID=1325) to work on /home/airflow/.local/lib/python3.11/site-packages/airflow/example_dags/tutorial_taskflow_api.py
[2024-07-09T13:28:11.780+0000] {processor.py:830} INFO - Processing file /home/airflow/.local/lib/python3.11/site-packages/airflow/example_dags/tutorial_taskflow_api.py for tasks to queue
[2024-07-09T13:28:11.781+0000] {logging_mixin.py:188} INFO - [2024-07-09T13:28:11.781+0000] {dagbag.py:540} INFO - Filling up the DagBag from /home/airflow/.local/lib/python3.11/site-packages/airflow/example_dags/tutorial_taskflow_api.py
[2024-07-09T13:28:11.788+0000] {processor.py:840} INFO - DAG(s) 'tutorial_taskflow_api' retrieved from /home/airflow/.local/lib/python3.11/site-packages/airflow/example_dags/tutorial_taskflow_api.py
[2024-07-09T13:28:11.811+0000] {logging_mixin.py:188} INFO - [2024-07-09T13:28:11.810+0000] {dag.py:3047} INFO - Sync 1 DAGs
[2024-07-09T13:28:11.821+0000] {logging_mixin.py:188} INFO - [2024-07-09T13:28:11.821+0000] {dag.py:3834} INFO - Setting next_dagrun for tutorial_taskflow_api to None, run_after=None
[2024-07-09T13:28:11.846+0000] {processor.py:183} INFO - Processing /home/airflow/.local/lib/python3.11/site-packages/airflow/example_dags/tutorial_taskflow_api.py took 0.069 seconds
[2024-07-09T13:28:42.306+0000] {processor.py:161} INFO - Started process (PID=1595) to work on /home/airflow/.local/lib/python3.11/site-packages/airflow/example_dags/tutorial_taskflow_api.py
[2024-07-09T13:28:42.307+0000] {processor.py:830} INFO - Processing file /home/airflow/.local/lib/python3.11/site-packages/airflow/example_dags/tutorial_taskflow_api.py for tasks to queue
[2024-07-09T13:28:42.308+0000] {logging_mixin.py:188} INFO - [2024-07-09T13:28:42.307+0000] {dagbag.py:540} INFO - Filling up the DagBag from /home/airflow/.local/lib/python3.11/site-packages/airflow/example_dags/tutorial_taskflow_api.py
[2024-07-09T13:28:42.313+0000] {processor.py:840} INFO - DAG(s) 'tutorial_taskflow_api' retrieved from /home/airflow/.local/lib/python3.11/site-packages/airflow/example_dags/tutorial_taskflow_api.py
[2024-07-09T13:28:42.333+0000] {logging_mixin.py:188} INFO - [2024-07-09T13:28:42.333+0000] {dag.py:3047} INFO - Sync 1 DAGs
[2024-07-09T13:28:42.343+0000] {logging_mixin.py:188} INFO - [2024-07-09T13:28:42.343+0000] {dag.py:3834} INFO - Setting next_dagrun for tutorial_taskflow_api to None, run_after=None
[2024-07-09T13:28:42.360+0000] {processor.py:183} INFO - Processing /home/airflow/.local/lib/python3.11/site-packages/airflow/example_dags/tutorial_taskflow_api.py took 0.057 seconds
[2024-07-09T13:29:12.495+0000] {processor.py:161} INFO - Started process (PID=1852) to work on /home/airflow/.local/lib/python3.11/site-packages/airflow/example_dags/tutorial_taskflow_api.py
[2024-07-09T13:29:12.496+0000] {processor.py:830} INFO - Processing file /home/airflow/.local/lib/python3.11/site-packages/airflow/example_dags/tutorial_taskflow_api.py for tasks to queue
[2024-07-09T13:29:12.497+0000] {logging_mixin.py:188} INFO - [2024-07-09T13:29:12.497+0000] {dagbag.py:540} INFO - Filling up the DagBag from /home/airflow/.local/lib/python3.11/site-packages/airflow/example_dags/tutorial_taskflow_api.py
[2024-07-09T13:29:12.502+0000] {processor.py:840} INFO - DAG(s) 'tutorial_taskflow_api' retrieved from /home/airflow/.local/lib/python3.11/site-packages/airflow/example_dags/tutorial_taskflow_api.py
[2024-07-09T13:29:12.523+0000] {logging_mixin.py:188} INFO - [2024-07-09T13:29:12.523+0000] {dag.py:3047} INFO - Sync 1 DAGs
[2024-07-09T13:29:12.533+0000] {logging_mixin.py:188} INFO - [2024-07-09T13:29:12.532+0000] {dag.py:3834} INFO - Setting next_dagrun for tutorial_taskflow_api to None, run_after=None
[2024-07-09T13:29:12.548+0000] {processor.py:183} INFO - Processing /home/airflow/.local/lib/python3.11/site-packages/airflow/example_dags/tutorial_taskflow_api.py took 0.055 seconds
[2024-07-09T13:29:42.817+0000] {processor.py:161} INFO - Started process (PID=2117) to work on /home/airflow/.local/lib/python3.11/site-packages/airflow/example_dags/tutorial_taskflow_api.py
[2024-07-09T13:29:42.818+0000] {processor.py:830} INFO - Processing file /home/airflow/.local/lib/python3.11/site-packages/airflow/example_dags/tutorial_taskflow_api.py for tasks to queue
[2024-07-09T13:29:42.819+0000] {logging_mixin.py:188} INFO - [2024-07-09T13:29:42.818+0000] {dagbag.py:540} INFO - Filling up the DagBag from /home/airflow/.local/lib/python3.11/site-packages/airflow/example_dags/tutorial_taskflow_api.py
[2024-07-09T13:29:42.824+0000] {processor.py:840} INFO - DAG(s) 'tutorial_taskflow_api' retrieved from /home/airflow/.local/lib/python3.11/site-packages/airflow/example_dags/tutorial_taskflow_api.py
[2024-07-09T13:29:42.843+0000] {logging_mixin.py:188} INFO - [2024-07-09T13:29:42.843+0000] {dag.py:3047} INFO - Sync 1 DAGs
[2024-07-09T13:29:42.853+0000] {logging_mixin.py:188} INFO - [2024-07-09T13:29:42.853+0000] {dag.py:3834} INFO - Setting next_dagrun for tutorial_taskflow_api to None, run_after=None
[2024-07-09T13:29:42.870+0000] {processor.py:183} INFO - Processing /home/airflow/.local/lib/python3.11/site-packages/airflow/example_dags/tutorial_taskflow_api.py took 0.055 seconds
[2024-07-09T13:31:37.420+0000] {processor.py:161} INFO - Started process (PID=244) to work on /home/airflow/.local/lib/python3.11/site-packages/airflow/example_dags/tutorial_taskflow_api.py
[2024-07-09T13:31:37.421+0000] {processor.py:830} INFO - Processing file /home/airflow/.local/lib/python3.11/site-packages/airflow/example_dags/tutorial_taskflow_api.py for tasks to queue
[2024-07-09T13:31:37.422+0000] {logging_mixin.py:188} INFO - [2024-07-09T13:31:37.421+0000] {dagbag.py:540} INFO - Filling up the DagBag from /home/airflow/.local/lib/python3.11/site-packages/airflow/example_dags/tutorial_taskflow_api.py
[2024-07-09T13:31:37.429+0000] {processor.py:840} INFO - DAG(s) 'tutorial_taskflow_api' retrieved from /home/airflow/.local/lib/python3.11/site-packages/airflow/example_dags/tutorial_taskflow_api.py
[2024-07-09T13:31:37.538+0000] {logging_mixin.py:188} INFO - [2024-07-09T13:31:37.537+0000] {override.py:1769} INFO - Created Permission View: can edit on DAG:tutorial_taskflow_api
[2024-07-09T13:31:37.548+0000] {logging_mixin.py:188} INFO - [2024-07-09T13:31:37.548+0000] {override.py:1769} INFO - Created Permission View: can delete on DAG:tutorial_taskflow_api
[2024-07-09T13:31:37.554+0000] {logging_mixin.py:188} INFO - [2024-07-09T13:31:37.553+0000] {override.py:1769} INFO - Created Permission View: can read on DAG:tutorial_taskflow_api
[2024-07-09T13:31:37.554+0000] {logging_mixin.py:188} INFO - [2024-07-09T13:31:37.554+0000] {dag.py:3047} INFO - Sync 1 DAGs
[2024-07-09T13:31:37.563+0000] {logging_mixin.py:188} INFO - [2024-07-09T13:31:37.563+0000] {dag.py:3069} INFO - Creating ORM DAG for tutorial_taskflow_api
[2024-07-09T13:31:37.564+0000] {logging_mixin.py:188} INFO - [2024-07-09T13:31:37.564+0000] {dag.py:3834} INFO - Setting next_dagrun for tutorial_taskflow_api to None, run_after=None
[2024-07-09T13:31:37.579+0000] {processor.py:183} INFO - Processing /home/airflow/.local/lib/python3.11/site-packages/airflow/example_dags/tutorial_taskflow_api.py took 0.162 seconds
[2024-07-09T13:32:08.230+0000] {processor.py:161} INFO - Started process (PID=514) to work on /home/airflow/.local/lib/python3.11/site-packages/airflow/example_dags/tutorial_taskflow_api.py
[2024-07-09T13:32:08.231+0000] {processor.py:830} INFO - Processing file /home/airflow/.local/lib/python3.11/site-packages/airflow/example_dags/tutorial_taskflow_api.py for tasks to queue
[2024-07-09T13:32:08.232+0000] {logging_mixin.py:188} INFO - [2024-07-09T13:32:08.231+0000] {dagbag.py:540} INFO - Filling up the DagBag from /home/airflow/.local/lib/python3.11/site-packages/airflow/example_dags/tutorial_taskflow_api.py
[2024-07-09T13:32:08.237+0000] {processor.py:840} INFO - DAG(s) 'tutorial_taskflow_api' retrieved from /home/airflow/.local/lib/python3.11/site-packages/airflow/example_dags/tutorial_taskflow_api.py
[2024-07-09T13:32:08.257+0000] {logging_mixin.py:188} INFO - [2024-07-09T13:32:08.256+0000] {dag.py:3047} INFO - Sync 1 DAGs
[2024-07-09T13:32:08.266+0000] {logging_mixin.py:188} INFO - [2024-07-09T13:32:08.266+0000] {dag.py:3834} INFO - Setting next_dagrun for tutorial_taskflow_api to None, run_after=None
[2024-07-09T13:32:08.283+0000] {processor.py:183} INFO - Processing /home/airflow/.local/lib/python3.11/site-packages/airflow/example_dags/tutorial_taskflow_api.py took 0.055 seconds
[2024-07-09T13:32:38.483+0000] {processor.py:161} INFO - Started process (PID=784) to work on /home/airflow/.local/lib/python3.11/site-packages/airflow/example_dags/tutorial_taskflow_api.py
[2024-07-09T13:32:38.484+0000] {processor.py:830} INFO - Processing file /home/airflow/.local/lib/python3.11/site-packages/airflow/example_dags/tutorial_taskflow_api.py for tasks to queue
[2024-07-09T13:32:38.484+0000] {logging_mixin.py:188} INFO - [2024-07-09T13:32:38.484+0000] {dagbag.py:540} INFO - Filling up the DagBag from /home/airflow/.local/lib/python3.11/site-packages/airflow/example_dags/tutorial_taskflow_api.py
[2024-07-09T13:32:38.489+0000] {processor.py:840} INFO - DAG(s) 'tutorial_taskflow_api' retrieved from /home/airflow/.local/lib/python3.11/site-packages/airflow/example_dags/tutorial_taskflow_api.py
[2024-07-09T13:32:38.510+0000] {logging_mixin.py:188} INFO - [2024-07-09T13:32:38.509+0000] {dag.py:3047} INFO - Sync 1 DAGs
[2024-07-09T13:32:38.519+0000] {logging_mixin.py:188} INFO - [2024-07-09T13:32:38.519+0000] {dag.py:3834} INFO - Setting next_dagrun for tutorial_taskflow_api to None, run_after=None
[2024-07-09T13:32:38.536+0000] {processor.py:183} INFO - Processing /home/airflow/.local/lib/python3.11/site-packages/airflow/example_dags/tutorial_taskflow_api.py took 0.056 seconds
[2024-07-09T13:33:09.136+0000] {processor.py:161} INFO - Started process (PID=1054) to work on /home/airflow/.local/lib/python3.11/site-packages/airflow/example_dags/tutorial_taskflow_api.py
[2024-07-09T13:33:09.137+0000] {processor.py:830} INFO - Processing file /home/airflow/.local/lib/python3.11/site-packages/airflow/example_dags/tutorial_taskflow_api.py for tasks to queue
[2024-07-09T13:33:09.138+0000] {logging_mixin.py:188} INFO - [2024-07-09T13:33:09.138+0000] {dagbag.py:540} INFO - Filling up the DagBag from /home/airflow/.local/lib/python3.11/site-packages/airflow/example_dags/tutorial_taskflow_api.py
[2024-07-09T13:33:09.143+0000] {processor.py:840} INFO - DAG(s) 'tutorial_taskflow_api' retrieved from /home/airflow/.local/lib/python3.11/site-packages/airflow/example_dags/tutorial_taskflow_api.py
[2024-07-09T13:33:09.164+0000] {logging_mixin.py:188} INFO - [2024-07-09T13:33:09.163+0000] {dag.py:3047} INFO - Sync 1 DAGs
[2024-07-09T13:33:09.176+0000] {logging_mixin.py:188} INFO - [2024-07-09T13:33:09.176+0000] {dag.py:3834} INFO - Setting next_dagrun for tutorial_taskflow_api to None, run_after=None
[2024-07-09T13:33:09.299+0000] {processor.py:183} INFO - Processing /home/airflow/.local/lib/python3.11/site-packages/airflow/example_dags/tutorial_taskflow_api.py took 0.166 seconds
[2024-07-09T13:33:40.218+0000] {processor.py:161} INFO - Started process (PID=1324) to work on /home/airflow/.local/lib/python3.11/site-packages/airflow/example_dags/tutorial_taskflow_api.py
[2024-07-09T13:33:40.219+0000] {processor.py:830} INFO - Processing file /home/airflow/.local/lib/python3.11/site-packages/airflow/example_dags/tutorial_taskflow_api.py for tasks to queue
[2024-07-09T13:33:40.220+0000] {logging_mixin.py:188} INFO - [2024-07-09T13:33:40.219+0000] {dagbag.py:540} INFO - Filling up the DagBag from /home/airflow/.local/lib/python3.11/site-packages/airflow/example_dags/tutorial_taskflow_api.py
[2024-07-09T13:33:40.225+0000] {processor.py:840} INFO - DAG(s) 'tutorial_taskflow_api' retrieved from /home/airflow/.local/lib/python3.11/site-packages/airflow/example_dags/tutorial_taskflow_api.py
[2024-07-09T13:33:40.245+0000] {logging_mixin.py:188} INFO - [2024-07-09T13:33:40.245+0000] {dag.py:3047} INFO - Sync 1 DAGs
[2024-07-09T13:33:40.255+0000] {logging_mixin.py:188} INFO - [2024-07-09T13:33:40.255+0000] {dag.py:3834} INFO - Setting next_dagrun for tutorial_taskflow_api to None, run_after=None
[2024-07-09T13:33:40.271+0000] {processor.py:183} INFO - Processing /home/airflow/.local/lib/python3.11/site-packages/airflow/example_dags/tutorial_taskflow_api.py took 0.056 seconds
[2024-07-09T13:34:10.538+0000] {processor.py:161} INFO - Started process (PID=1594) to work on /home/airflow/.local/lib/python3.11/site-packages/airflow/example_dags/tutorial_taskflow_api.py
[2024-07-09T13:34:10.539+0000] {processor.py:830} INFO - Processing file /home/airflow/.local/lib/python3.11/site-packages/airflow/example_dags/tutorial_taskflow_api.py for tasks to queue
[2024-07-09T13:34:10.539+0000] {logging_mixin.py:188} INFO - [2024-07-09T13:34:10.539+0000] {dagbag.py:540} INFO - Filling up the DagBag from /home/airflow/.local/lib/python3.11/site-packages/airflow/example_dags/tutorial_taskflow_api.py
[2024-07-09T13:34:10.545+0000] {processor.py:840} INFO - DAG(s) 'tutorial_taskflow_api' retrieved from /home/airflow/.local/lib/python3.11/site-packages/airflow/example_dags/tutorial_taskflow_api.py
[2024-07-09T13:34:10.566+0000] {logging_mixin.py:188} INFO - [2024-07-09T13:34:10.566+0000] {dag.py:3047} INFO - Sync 1 DAGs
[2024-07-09T13:34:10.576+0000] {logging_mixin.py:188} INFO - [2024-07-09T13:34:10.575+0000] {dag.py:3834} INFO - Setting next_dagrun for tutorial_taskflow_api to None, run_after=None
[2024-07-09T13:34:10.594+0000] {processor.py:183} INFO - Processing /home/airflow/.local/lib/python3.11/site-packages/airflow/example_dags/tutorial_taskflow_api.py took 0.059 seconds
[2024-07-09T13:34:40.835+0000] {processor.py:161} INFO - Started process (PID=1864) to work on /home/airflow/.local/lib/python3.11/site-packages/airflow/example_dags/tutorial_taskflow_api.py
[2024-07-09T13:34:40.836+0000] {processor.py:830} INFO - Processing file /home/airflow/.local/lib/python3.11/site-packages/airflow/example_dags/tutorial_taskflow_api.py for tasks to queue
[2024-07-09T13:34:40.837+0000] {logging_mixin.py:188} INFO - [2024-07-09T13:34:40.837+0000] {dagbag.py:540} INFO - Filling up the DagBag from /home/airflow/.local/lib/python3.11/site-packages/airflow/example_dags/tutorial_taskflow_api.py
[2024-07-09T13:34:40.842+0000] {processor.py:840} INFO - DAG(s) 'tutorial_taskflow_api' retrieved from /home/airflow/.local/lib/python3.11/site-packages/airflow/example_dags/tutorial_taskflow_api.py
[2024-07-09T13:34:40.863+0000] {logging_mixin.py:188} INFO - [2024-07-09T13:34:40.862+0000] {dag.py:3047} INFO - Sync 1 DAGs
[2024-07-09T13:34:40.872+0000] {logging_mixin.py:188} INFO - [2024-07-09T13:34:40.872+0000] {dag.py:3834} INFO - Setting next_dagrun for tutorial_taskflow_api to None, run_after=None
[2024-07-09T13:34:40.888+0000] {processor.py:183} INFO - Processing /home/airflow/.local/lib/python3.11/site-packages/airflow/example_dags/tutorial_taskflow_api.py took 0.055 seconds
[2024-07-09T13:35:11.021+0000] {processor.py:161} INFO - Started process (PID=2121) to work on /home/airflow/.local/lib/python3.11/site-packages/airflow/example_dags/tutorial_taskflow_api.py
[2024-07-09T13:35:11.022+0000] {processor.py:830} INFO - Processing file /home/airflow/.local/lib/python3.11/site-packages/airflow/example_dags/tutorial_taskflow_api.py for tasks to queue
[2024-07-09T13:35:11.023+0000] {logging_mixin.py:188} INFO - [2024-07-09T13:35:11.023+0000] {dagbag.py:540} INFO - Filling up the DagBag from /home/airflow/.local/lib/python3.11/site-packages/airflow/example_dags/tutorial_taskflow_api.py
[2024-07-09T13:35:11.028+0000] {processor.py:840} INFO - DAG(s) 'tutorial_taskflow_api' retrieved from /home/airflow/.local/lib/python3.11/site-packages/airflow/example_dags/tutorial_taskflow_api.py
[2024-07-09T13:35:11.049+0000] {logging_mixin.py:188} INFO - [2024-07-09T13:35:11.049+0000] {dag.py:3047} INFO - Sync 1 DAGs
[2024-07-09T13:35:11.059+0000] {logging_mixin.py:188} INFO - [2024-07-09T13:35:11.059+0000] {dag.py:3834} INFO - Setting next_dagrun for tutorial_taskflow_api to None, run_after=None
[2024-07-09T13:35:11.075+0000] {processor.py:183} INFO - Processing /home/airflow/.local/lib/python3.11/site-packages/airflow/example_dags/tutorial_taskflow_api.py took 0.056 seconds
[2024-07-09T13:35:41.323+0000] {processor.py:161} INFO - Started process (PID=2386) to work on /home/airflow/.local/lib/python3.11/site-packages/airflow/example_dags/tutorial_taskflow_api.py
[2024-07-09T13:35:41.324+0000] {processor.py:830} INFO - Processing file /home/airflow/.local/lib/python3.11/site-packages/airflow/example_dags/tutorial_taskflow_api.py for tasks to queue
[2024-07-09T13:35:41.325+0000] {logging_mixin.py:188} INFO - [2024-07-09T13:35:41.324+0000] {dagbag.py:540} INFO - Filling up the DagBag from /home/airflow/.local/lib/python3.11/site-packages/airflow/example_dags/tutorial_taskflow_api.py
[2024-07-09T13:35:41.329+0000] {processor.py:840} INFO - DAG(s) 'tutorial_taskflow_api' retrieved from /home/airflow/.local/lib/python3.11/site-packages/airflow/example_dags/tutorial_taskflow_api.py
[2024-07-09T13:35:41.349+0000] {logging_mixin.py:188} INFO - [2024-07-09T13:35:41.349+0000] {dag.py:3047} INFO - Sync 1 DAGs
[2024-07-09T13:35:41.359+0000] {logging_mixin.py:188} INFO - [2024-07-09T13:35:41.359+0000] {dag.py:3834} INFO - Setting next_dagrun for tutorial_taskflow_api to None, run_after=None
[2024-07-09T13:35:41.375+0000] {processor.py:183} INFO - Processing /home/airflow/.local/lib/python3.11/site-packages/airflow/example_dags/tutorial_taskflow_api.py took 0.055 seconds
[2024-07-09T13:36:11.742+0000] {processor.py:161} INFO - Started process (PID=2656) to work on /home/airflow/.local/lib/python3.11/site-packages/airflow/example_dags/tutorial_taskflow_api.py
[2024-07-09T13:36:11.743+0000] {processor.py:830} INFO - Processing file /home/airflow/.local/lib/python3.11/site-packages/airflow/example_dags/tutorial_taskflow_api.py for tasks to queue
[2024-07-09T13:36:11.744+0000] {logging_mixin.py:188} INFO - [2024-07-09T13:36:11.743+0000] {dagbag.py:540} INFO - Filling up the DagBag from /home/airflow/.local/lib/python3.11/site-packages/airflow/example_dags/tutorial_taskflow_api.py
[2024-07-09T13:36:11.749+0000] {processor.py:840} INFO - DAG(s) 'tutorial_taskflow_api' retrieved from /home/airflow/.local/lib/python3.11/site-packages/airflow/example_dags/tutorial_taskflow_api.py
[2024-07-09T13:36:11.769+0000] {logging_mixin.py:188} INFO - [2024-07-09T13:36:11.769+0000] {dag.py:3047} INFO - Sync 1 DAGs
[2024-07-09T13:36:11.780+0000] {logging_mixin.py:188} INFO - [2024-07-09T13:36:11.780+0000] {dag.py:3834} INFO - Setting next_dagrun for tutorial_taskflow_api to None, run_after=None
[2024-07-09T13:36:11.796+0000] {processor.py:183} INFO - Processing /home/airflow/.local/lib/python3.11/site-packages/airflow/example_dags/tutorial_taskflow_api.py took 0.057 seconds
[2024-07-09T13:36:42.051+0000] {processor.py:161} INFO - Started process (PID=2926) to work on /home/airflow/.local/lib/python3.11/site-packages/airflow/example_dags/tutorial_taskflow_api.py
[2024-07-09T13:36:42.052+0000] {processor.py:830} INFO - Processing file /home/airflow/.local/lib/python3.11/site-packages/airflow/example_dags/tutorial_taskflow_api.py for tasks to queue
[2024-07-09T13:36:42.053+0000] {logging_mixin.py:188} INFO - [2024-07-09T13:36:42.053+0000] {dagbag.py:540} INFO - Filling up the DagBag from /home/airflow/.local/lib/python3.11/site-packages/airflow/example_dags/tutorial_taskflow_api.py
[2024-07-09T13:36:42.058+0000] {processor.py:840} INFO - DAG(s) 'tutorial_taskflow_api' retrieved from /home/airflow/.local/lib/python3.11/site-packages/airflow/example_dags/tutorial_taskflow_api.py
[2024-07-09T13:36:42.079+0000] {logging_mixin.py:188} INFO - [2024-07-09T13:36:42.078+0000] {dag.py:3047} INFO - Sync 1 DAGs
[2024-07-09T13:36:42.088+0000] {logging_mixin.py:188} INFO - [2024-07-09T13:36:42.088+0000] {dag.py:3834} INFO - Setting next_dagrun for tutorial_taskflow_api to None, run_after=None
[2024-07-09T13:36:42.105+0000] {processor.py:183} INFO - Processing /home/airflow/.local/lib/python3.11/site-packages/airflow/example_dags/tutorial_taskflow_api.py took 0.057 seconds
[2024-07-09T13:37:12.571+0000] {processor.py:161} INFO - Started process (PID=3196) to work on /home/airflow/.local/lib/python3.11/site-packages/airflow/example_dags/tutorial_taskflow_api.py
[2024-07-09T13:37:12.572+0000] {processor.py:830} INFO - Processing file /home/airflow/.local/lib/python3.11/site-packages/airflow/example_dags/tutorial_taskflow_api.py for tasks to queue
[2024-07-09T13:37:12.573+0000] {logging_mixin.py:188} INFO - [2024-07-09T13:37:12.573+0000] {dagbag.py:540} INFO - Filling up the DagBag from /home/airflow/.local/lib/python3.11/site-packages/airflow/example_dags/tutorial_taskflow_api.py
[2024-07-09T13:37:12.578+0000] {processor.py:840} INFO - DAG(s) 'tutorial_taskflow_api' retrieved from /home/airflow/.local/lib/python3.11/site-packages/airflow/example_dags/tutorial_taskflow_api.py
[2024-07-09T13:37:12.598+0000] {logging_mixin.py:188} INFO - [2024-07-09T13:37:12.598+0000] {dag.py:3047} INFO - Sync 1 DAGs
[2024-07-09T13:37:12.609+0000] {logging_mixin.py:188} INFO - [2024-07-09T13:37:12.609+0000] {dag.py:3834} INFO - Setting next_dagrun for tutorial_taskflow_api to None, run_after=None
[2024-07-09T13:37:12.628+0000] {processor.py:183} INFO - Processing /home/airflow/.local/lib/python3.11/site-packages/airflow/example_dags/tutorial_taskflow_api.py took 0.059 seconds
[2024-07-09T13:46:10.218+0000] {processor.py:161} INFO - Started process (PID=244) to work on /home/airflow/.local/lib/python3.11/site-packages/airflow/example_dags/tutorial_taskflow_api.py
[2024-07-09T13:46:10.219+0000] {processor.py:830} INFO - Processing file /home/airflow/.local/lib/python3.11/site-packages/airflow/example_dags/tutorial_taskflow_api.py for tasks to queue
[2024-07-09T13:46:10.219+0000] {logging_mixin.py:188} INFO - [2024-07-09T13:46:10.219+0000] {dagbag.py:540} INFO - Filling up the DagBag from /home/airflow/.local/lib/python3.11/site-packages/airflow/example_dags/tutorial_taskflow_api.py
[2024-07-09T13:46:10.226+0000] {processor.py:840} INFO - DAG(s) 'tutorial_taskflow_api' retrieved from /home/airflow/.local/lib/python3.11/site-packages/airflow/example_dags/tutorial_taskflow_api.py
[2024-07-09T13:46:10.317+0000] {logging_mixin.py:188} INFO - [2024-07-09T13:46:10.317+0000] {override.py:1769} INFO - Created Permission View: can delete on DAG:tutorial_taskflow_api
[2024-07-09T13:46:10.326+0000] {logging_mixin.py:188} INFO - [2024-07-09T13:46:10.325+0000] {override.py:1769} INFO - Created Permission View: can read on DAG:tutorial_taskflow_api
[2024-07-09T13:46:10.331+0000] {logging_mixin.py:188} INFO - [2024-07-09T13:46:10.331+0000] {override.py:1769} INFO - Created Permission View: can edit on DAG:tutorial_taskflow_api
[2024-07-09T13:46:10.332+0000] {logging_mixin.py:188} INFO - [2024-07-09T13:46:10.332+0000] {dag.py:3047} INFO - Sync 1 DAGs
[2024-07-09T13:46:10.340+0000] {logging_mixin.py:188} INFO - [2024-07-09T13:46:10.340+0000] {dag.py:3069} INFO - Creating ORM DAG for tutorial_taskflow_api
[2024-07-09T13:46:10.341+0000] {logging_mixin.py:188} INFO - [2024-07-09T13:46:10.341+0000] {dag.py:3834} INFO - Setting next_dagrun for tutorial_taskflow_api to None, run_after=None
[2024-07-09T13:46:10.356+0000] {processor.py:183} INFO - Processing /home/airflow/.local/lib/python3.11/site-packages/airflow/example_dags/tutorial_taskflow_api.py took 0.141 seconds
[2024-07-09T13:46:40.953+0000] {processor.py:161} INFO - Started process (PID=514) to work on /home/airflow/.local/lib/python3.11/site-packages/airflow/example_dags/tutorial_taskflow_api.py
[2024-07-09T13:46:40.954+0000] {processor.py:830} INFO - Processing file /home/airflow/.local/lib/python3.11/site-packages/airflow/example_dags/tutorial_taskflow_api.py for tasks to queue
[2024-07-09T13:46:40.954+0000] {logging_mixin.py:188} INFO - [2024-07-09T13:46:40.954+0000] {dagbag.py:540} INFO - Filling up the DagBag from /home/airflow/.local/lib/python3.11/site-packages/airflow/example_dags/tutorial_taskflow_api.py
[2024-07-09T13:46:40.959+0000] {processor.py:840} INFO - DAG(s) 'tutorial_taskflow_api' retrieved from /home/airflow/.local/lib/python3.11/site-packages/airflow/example_dags/tutorial_taskflow_api.py
[2024-07-09T13:46:40.979+0000] {logging_mixin.py:188} INFO - [2024-07-09T13:46:40.979+0000] {dag.py:3047} INFO - Sync 1 DAGs
[2024-07-09T13:46:40.989+0000] {logging_mixin.py:188} INFO - [2024-07-09T13:46:40.988+0000] {dag.py:3834} INFO - Setting next_dagrun for tutorial_taskflow_api to None, run_after=None
[2024-07-09T13:46:41.005+0000] {processor.py:183} INFO - Processing /home/airflow/.local/lib/python3.11/site-packages/airflow/example_dags/tutorial_taskflow_api.py took 0.055 seconds
[2024-07-09T13:47:11.776+0000] {processor.py:161} INFO - Started process (PID=786) to work on /home/airflow/.local/lib/python3.11/site-packages/airflow/example_dags/tutorial_taskflow_api.py
[2024-07-09T13:47:11.777+0000] {processor.py:830} INFO - Processing file /home/airflow/.local/lib/python3.11/site-packages/airflow/example_dags/tutorial_taskflow_api.py for tasks to queue
[2024-07-09T13:47:11.777+0000] {logging_mixin.py:188} INFO - [2024-07-09T13:47:11.777+0000] {dagbag.py:540} INFO - Filling up the DagBag from /home/airflow/.local/lib/python3.11/site-packages/airflow/example_dags/tutorial_taskflow_api.py
[2024-07-09T13:47:11.782+0000] {processor.py:840} INFO - DAG(s) 'tutorial_taskflow_api' retrieved from /home/airflow/.local/lib/python3.11/site-packages/airflow/example_dags/tutorial_taskflow_api.py
[2024-07-09T13:47:11.801+0000] {logging_mixin.py:188} INFO - [2024-07-09T13:47:11.801+0000] {dag.py:3047} INFO - Sync 1 DAGs
[2024-07-09T13:47:11.811+0000] {logging_mixin.py:188} INFO - [2024-07-09T13:47:11.811+0000] {dag.py:3834} INFO - Setting next_dagrun for tutorial_taskflow_api to None, run_after=None
[2024-07-09T13:47:11.825+0000] {processor.py:183} INFO - Processing /home/airflow/.local/lib/python3.11/site-packages/airflow/example_dags/tutorial_taskflow_api.py took 0.052 seconds
[2024-07-09T13:47:42.715+0000] {processor.py:161} INFO - Started process (PID=1056) to work on /home/airflow/.local/lib/python3.11/site-packages/airflow/example_dags/tutorial_taskflow_api.py
[2024-07-09T13:47:42.716+0000] {processor.py:830} INFO - Processing file /home/airflow/.local/lib/python3.11/site-packages/airflow/example_dags/tutorial_taskflow_api.py for tasks to queue
[2024-07-09T13:47:42.716+0000] {logging_mixin.py:188} INFO - [2024-07-09T13:47:42.716+0000] {dagbag.py:540} INFO - Filling up the DagBag from /home/airflow/.local/lib/python3.11/site-packages/airflow/example_dags/tutorial_taskflow_api.py
[2024-07-09T13:47:42.721+0000] {processor.py:840} INFO - DAG(s) 'tutorial_taskflow_api' retrieved from /home/airflow/.local/lib/python3.11/site-packages/airflow/example_dags/tutorial_taskflow_api.py
[2024-07-09T13:47:42.744+0000] {logging_mixin.py:188} INFO - [2024-07-09T13:47:42.743+0000] {dag.py:3047} INFO - Sync 1 DAGs
[2024-07-09T13:47:42.756+0000] {logging_mixin.py:188} INFO - [2024-07-09T13:47:42.756+0000] {dag.py:3834} INFO - Setting next_dagrun for tutorial_taskflow_api to None, run_after=None
[2024-07-09T13:47:42.886+0000] {processor.py:183} INFO - Processing /home/airflow/.local/lib/python3.11/site-packages/airflow/example_dags/tutorial_taskflow_api.py took 0.173 seconds
[2024-07-09T13:48:13.227+0000] {processor.py:161} INFO - Started process (PID=1324) to work on /home/airflow/.local/lib/python3.11/site-packages/airflow/example_dags/tutorial_taskflow_api.py
[2024-07-09T13:48:13.228+0000] {processor.py:830} INFO - Processing file /home/airflow/.local/lib/python3.11/site-packages/airflow/example_dags/tutorial_taskflow_api.py for tasks to queue
[2024-07-09T13:48:13.229+0000] {logging_mixin.py:188} INFO - [2024-07-09T13:48:13.229+0000] {dagbag.py:540} INFO - Filling up the DagBag from /home/airflow/.local/lib/python3.11/site-packages/airflow/example_dags/tutorial_taskflow_api.py
[2024-07-09T13:48:13.234+0000] {processor.py:840} INFO - DAG(s) 'tutorial_taskflow_api' retrieved from /home/airflow/.local/lib/python3.11/site-packages/airflow/example_dags/tutorial_taskflow_api.py
[2024-07-09T13:48:13.256+0000] {logging_mixin.py:188} INFO - [2024-07-09T13:48:13.256+0000] {dag.py:3047} INFO - Sync 1 DAGs
[2024-07-09T13:48:13.268+0000] {logging_mixin.py:188} INFO - [2024-07-09T13:48:13.267+0000] {dag.py:3834} INFO - Setting next_dagrun for tutorial_taskflow_api to None, run_after=None
[2024-07-09T13:48:13.286+0000] {processor.py:183} INFO - Processing /home/airflow/.local/lib/python3.11/site-packages/airflow/example_dags/tutorial_taskflow_api.py took 0.062 seconds
[2024-07-09T13:48:43.782+0000] {processor.py:161} INFO - Started process (PID=1594) to work on /home/airflow/.local/lib/python3.11/site-packages/airflow/example_dags/tutorial_taskflow_api.py
[2024-07-09T13:48:43.783+0000] {processor.py:830} INFO - Processing file /home/airflow/.local/lib/python3.11/site-packages/airflow/example_dags/tutorial_taskflow_api.py for tasks to queue
[2024-07-09T13:48:43.784+0000] {logging_mixin.py:188} INFO - [2024-07-09T13:48:43.784+0000] {dagbag.py:540} INFO - Filling up the DagBag from /home/airflow/.local/lib/python3.11/site-packages/airflow/example_dags/tutorial_taskflow_api.py
[2024-07-09T13:48:43.789+0000] {processor.py:840} INFO - DAG(s) 'tutorial_taskflow_api' retrieved from /home/airflow/.local/lib/python3.11/site-packages/airflow/example_dags/tutorial_taskflow_api.py
[2024-07-09T13:48:43.809+0000] {logging_mixin.py:188} INFO - [2024-07-09T13:48:43.809+0000] {dag.py:3047} INFO - Sync 1 DAGs
[2024-07-09T13:48:43.819+0000] {logging_mixin.py:188} INFO - [2024-07-09T13:48:43.819+0000] {dag.py:3834} INFO - Setting next_dagrun for tutorial_taskflow_api to None, run_after=None
[2024-07-09T13:48:43.834+0000] {processor.py:183} INFO - Processing /home/airflow/.local/lib/python3.11/site-packages/airflow/example_dags/tutorial_taskflow_api.py took 0.054 seconds
[2024-07-09T13:49:14.119+0000] {processor.py:161} INFO - Started process (PID=1852) to work on /home/airflow/.local/lib/python3.11/site-packages/airflow/example_dags/tutorial_taskflow_api.py
[2024-07-09T13:49:14.120+0000] {processor.py:830} INFO - Processing file /home/airflow/.local/lib/python3.11/site-packages/airflow/example_dags/tutorial_taskflow_api.py for tasks to queue
[2024-07-09T13:49:14.121+0000] {logging_mixin.py:188} INFO - [2024-07-09T13:49:14.120+0000] {dagbag.py:540} INFO - Filling up the DagBag from /home/airflow/.local/lib/python3.11/site-packages/airflow/example_dags/tutorial_taskflow_api.py
[2024-07-09T13:49:14.125+0000] {processor.py:840} INFO - DAG(s) 'tutorial_taskflow_api' retrieved from /home/airflow/.local/lib/python3.11/site-packages/airflow/example_dags/tutorial_taskflow_api.py
[2024-07-09T13:49:14.150+0000] {logging_mixin.py:188} INFO - [2024-07-09T13:49:14.149+0000] {dag.py:3047} INFO - Sync 1 DAGs
[2024-07-09T13:49:14.160+0000] {logging_mixin.py:188} INFO - [2024-07-09T13:49:14.160+0000] {dag.py:3834} INFO - Setting next_dagrun for tutorial_taskflow_api to None, run_after=None
[2024-07-09T13:49:14.177+0000] {processor.py:183} INFO - Processing /home/airflow/.local/lib/python3.11/site-packages/airflow/example_dags/tutorial_taskflow_api.py took 0.060 seconds
[2024-07-09T13:49:44.502+0000] {processor.py:161} INFO - Started process (PID=2116) to work on /home/airflow/.local/lib/python3.11/site-packages/airflow/example_dags/tutorial_taskflow_api.py
[2024-07-09T13:49:44.503+0000] {processor.py:830} INFO - Processing file /home/airflow/.local/lib/python3.11/site-packages/airflow/example_dags/tutorial_taskflow_api.py for tasks to queue
[2024-07-09T13:49:44.505+0000] {logging_mixin.py:188} INFO - [2024-07-09T13:49:44.504+0000] {dagbag.py:540} INFO - Filling up the DagBag from /home/airflow/.local/lib/python3.11/site-packages/airflow/example_dags/tutorial_taskflow_api.py
[2024-07-09T13:49:44.512+0000] {processor.py:840} INFO - DAG(s) 'tutorial_taskflow_api' retrieved from /home/airflow/.local/lib/python3.11/site-packages/airflow/example_dags/tutorial_taskflow_api.py
[2024-07-09T13:49:44.535+0000] {logging_mixin.py:188} INFO - [2024-07-09T13:49:44.535+0000] {dag.py:3047} INFO - Sync 1 DAGs
[2024-07-09T13:49:44.549+0000] {logging_mixin.py:188} INFO - [2024-07-09T13:49:44.549+0000] {dag.py:3834} INFO - Setting next_dagrun for tutorial_taskflow_api to None, run_after=None
[2024-07-09T13:49:44.582+0000] {processor.py:183} INFO - Processing /home/airflow/.local/lib/python3.11/site-packages/airflow/example_dags/tutorial_taskflow_api.py took 0.087 seconds
[2024-07-09T13:50:14.658+0000] {processor.py:161} INFO - Started process (PID=2386) to work on /home/airflow/.local/lib/python3.11/site-packages/airflow/example_dags/tutorial_taskflow_api.py
[2024-07-09T13:50:14.659+0000] {processor.py:830} INFO - Processing file /home/airflow/.local/lib/python3.11/site-packages/airflow/example_dags/tutorial_taskflow_api.py for tasks to queue
[2024-07-09T13:50:14.660+0000] {logging_mixin.py:188} INFO - [2024-07-09T13:50:14.659+0000] {dagbag.py:540} INFO - Filling up the DagBag from /home/airflow/.local/lib/python3.11/site-packages/airflow/example_dags/tutorial_taskflow_api.py
[2024-07-09T13:50:14.664+0000] {processor.py:840} INFO - DAG(s) 'tutorial_taskflow_api' retrieved from /home/airflow/.local/lib/python3.11/site-packages/airflow/example_dags/tutorial_taskflow_api.py
[2024-07-09T13:50:14.685+0000] {logging_mixin.py:188} INFO - [2024-07-09T13:50:14.684+0000] {dag.py:3047} INFO - Sync 1 DAGs
[2024-07-09T13:50:14.695+0000] {logging_mixin.py:188} INFO - [2024-07-09T13:50:14.694+0000] {dag.py:3834} INFO - Setting next_dagrun for tutorial_taskflow_api to None, run_after=None
[2024-07-09T13:50:14.709+0000] {processor.py:183} INFO - Processing /home/airflow/.local/lib/python3.11/site-packages/airflow/example_dags/tutorial_taskflow_api.py took 0.053 seconds
[2024-07-09T13:50:44.994+0000] {processor.py:161} INFO - Started process (PID=2658) to work on /home/airflow/.local/lib/python3.11/site-packages/airflow/example_dags/tutorial_taskflow_api.py
[2024-07-09T13:50:44.995+0000] {processor.py:830} INFO - Processing file /home/airflow/.local/lib/python3.11/site-packages/airflow/example_dags/tutorial_taskflow_api.py for tasks to queue
[2024-07-09T13:50:44.996+0000] {logging_mixin.py:188} INFO - [2024-07-09T13:50:44.995+0000] {dagbag.py:540} INFO - Filling up the DagBag from /home/airflow/.local/lib/python3.11/site-packages/airflow/example_dags/tutorial_taskflow_api.py
[2024-07-09T13:50:45.001+0000] {processor.py:840} INFO - DAG(s) 'tutorial_taskflow_api' retrieved from /home/airflow/.local/lib/python3.11/site-packages/airflow/example_dags/tutorial_taskflow_api.py
[2024-07-09T13:50:45.022+0000] {logging_mixin.py:188} INFO - [2024-07-09T13:50:45.022+0000] {dag.py:3047} INFO - Sync 1 DAGs
[2024-07-09T13:50:45.033+0000] {logging_mixin.py:188} INFO - [2024-07-09T13:50:45.033+0000] {dag.py:3834} INFO - Setting next_dagrun for tutorial_taskflow_api to None, run_after=None
[2024-07-09T13:50:45.054+0000] {processor.py:183} INFO - Processing /home/airflow/.local/lib/python3.11/site-packages/airflow/example_dags/tutorial_taskflow_api.py took 0.062 seconds
[2024-07-09T13:51:15.406+0000] {processor.py:161} INFO - Started process (PID=2926) to work on /home/airflow/.local/lib/python3.11/site-packages/airflow/example_dags/tutorial_taskflow_api.py
[2024-07-09T13:51:15.408+0000] {processor.py:830} INFO - Processing file /home/airflow/.local/lib/python3.11/site-packages/airflow/example_dags/tutorial_taskflow_api.py for tasks to queue
[2024-07-09T13:51:15.408+0000] {logging_mixin.py:188} INFO - [2024-07-09T13:51:15.408+0000] {dagbag.py:540} INFO - Filling up the DagBag from /home/airflow/.local/lib/python3.11/site-packages/airflow/example_dags/tutorial_taskflow_api.py
[2024-07-09T13:51:15.413+0000] {processor.py:840} INFO - DAG(s) 'tutorial_taskflow_api' retrieved from /home/airflow/.local/lib/python3.11/site-packages/airflow/example_dags/tutorial_taskflow_api.py
[2024-07-09T13:51:15.434+0000] {logging_mixin.py:188} INFO - [2024-07-09T13:51:15.433+0000] {dag.py:3047} INFO - Sync 1 DAGs
[2024-07-09T13:51:15.443+0000] {logging_mixin.py:188} INFO - [2024-07-09T13:51:15.443+0000] {dag.py:3834} INFO - Setting next_dagrun for tutorial_taskflow_api to None, run_after=None
[2024-07-09T13:51:15.459+0000] {processor.py:183} INFO - Processing /home/airflow/.local/lib/python3.11/site-packages/airflow/example_dags/tutorial_taskflow_api.py took 0.055 seconds
