[2024-07-09T13:18:48.965+0000] {processor.py:161} INFO - Started process (PID=274) to work on /home/airflow/.local/lib/python3.11/site-packages/airflow/example_dags/tutorial.py
[2024-07-09T13:18:48.966+0000] {processor.py:830} INFO - Processing file /home/airflow/.local/lib/python3.11/site-packages/airflow/example_dags/tutorial.py for tasks to queue
[2024-07-09T13:18:48.966+0000] {logging_mixin.py:188} INFO - [2024-07-09T13:18:48.966+0000] {dagbag.py:540} INFO - Filling up the DagBag from /home/airflow/.local/lib/python3.11/site-packages/airflow/example_dags/tutorial.py
[2024-07-09T13:18:48.975+0000] {processor.py:840} INFO - DAG(s) 'tutorial' retrieved from /home/airflow/.local/lib/python3.11/site-packages/airflow/example_dags/tutorial.py
[2024-07-09T13:18:49.065+0000] {logging_mixin.py:188} INFO - [2024-07-09T13:18:49.065+0000] {override.py:1769} INFO - Created Permission View: can delete on DAG:tutorial
[2024-07-09T13:18:49.079+0000] {logging_mixin.py:188} INFO - [2024-07-09T13:18:49.078+0000] {override.py:1769} INFO - Created Permission View: can read on DAG:tutorial
[2024-07-09T13:18:49.088+0000] {logging_mixin.py:188} INFO - [2024-07-09T13:18:49.087+0000] {override.py:1769} INFO - Created Permission View: can edit on DAG:tutorial
[2024-07-09T13:18:49.088+0000] {logging_mixin.py:188} INFO - [2024-07-09T13:18:49.088+0000] {dag.py:3047} INFO - Sync 1 DAGs
[2024-07-09T13:18:49.101+0000] {logging_mixin.py:188} INFO - [2024-07-09T13:18:49.101+0000] {dag.py:3069} INFO - Creating ORM DAG for tutorial
[2024-07-09T13:18:49.111+0000] {logging_mixin.py:188} INFO - [2024-07-09T13:18:49.111+0000] {dag.py:3834} INFO - Setting next_dagrun for tutorial to 2024-07-08 00:00:00+00:00, run_after=2024-07-09 00:00:00+00:00
[2024-07-09T13:18:49.126+0000] {processor.py:183} INFO - Processing /home/airflow/.local/lib/python3.11/site-packages/airflow/example_dags/tutorial.py took 0.164 seconds
[2024-07-09T13:19:19.933+0000] {processor.py:161} INFO - Started process (PID=544) to work on /home/airflow/.local/lib/python3.11/site-packages/airflow/example_dags/tutorial.py
[2024-07-09T13:19:19.934+0000] {processor.py:830} INFO - Processing file /home/airflow/.local/lib/python3.11/site-packages/airflow/example_dags/tutorial.py for tasks to queue
[2024-07-09T13:19:19.935+0000] {logging_mixin.py:188} INFO - [2024-07-09T13:19:19.934+0000] {dagbag.py:540} INFO - Filling up the DagBag from /home/airflow/.local/lib/python3.11/site-packages/airflow/example_dags/tutorial.py
[2024-07-09T13:19:19.939+0000] {processor.py:840} INFO - DAG(s) 'tutorial' retrieved from /home/airflow/.local/lib/python3.11/site-packages/airflow/example_dags/tutorial.py
[2024-07-09T13:19:19.959+0000] {logging_mixin.py:188} INFO - [2024-07-09T13:19:19.958+0000] {dag.py:3047} INFO - Sync 1 DAGs
[2024-07-09T13:19:19.975+0000] {logging_mixin.py:188} INFO - [2024-07-09T13:19:19.975+0000] {dag.py:3834} INFO - Setting next_dagrun for tutorial to 2024-07-08 00:00:00+00:00, run_after=2024-07-09 00:00:00+00:00
[2024-07-09T13:19:19.991+0000] {processor.py:183} INFO - Processing /home/airflow/.local/lib/python3.11/site-packages/airflow/example_dags/tutorial.py took 0.060 seconds
[2024-07-09T13:19:50.829+0000] {processor.py:161} INFO - Started process (PID=814) to work on /home/airflow/.local/lib/python3.11/site-packages/airflow/example_dags/tutorial.py
[2024-07-09T13:19:50.830+0000] {processor.py:830} INFO - Processing file /home/airflow/.local/lib/python3.11/site-packages/airflow/example_dags/tutorial.py for tasks to queue
[2024-07-09T13:19:50.830+0000] {logging_mixin.py:188} INFO - [2024-07-09T13:19:50.830+0000] {dagbag.py:540} INFO - Filling up the DagBag from /home/airflow/.local/lib/python3.11/site-packages/airflow/example_dags/tutorial.py
[2024-07-09T13:19:50.835+0000] {processor.py:840} INFO - DAG(s) 'tutorial' retrieved from /home/airflow/.local/lib/python3.11/site-packages/airflow/example_dags/tutorial.py
[2024-07-09T13:19:50.854+0000] {logging_mixin.py:188} INFO - [2024-07-09T13:19:50.854+0000] {dag.py:3047} INFO - Sync 1 DAGs
[2024-07-09T13:19:50.871+0000] {logging_mixin.py:188} INFO - [2024-07-09T13:19:50.871+0000] {dag.py:3834} INFO - Setting next_dagrun for tutorial to 2024-07-08 00:00:00+00:00, run_after=2024-07-09 00:00:00+00:00
[2024-07-09T13:19:50.886+0000] {processor.py:183} INFO - Processing /home/airflow/.local/lib/python3.11/site-packages/airflow/example_dags/tutorial.py took 0.060 seconds
[2024-07-09T13:20:21.700+0000] {processor.py:161} INFO - Started process (PID=1086) to work on /home/airflow/.local/lib/python3.11/site-packages/airflow/example_dags/tutorial.py
[2024-07-09T13:20:21.701+0000] {processor.py:830} INFO - Processing file /home/airflow/.local/lib/python3.11/site-packages/airflow/example_dags/tutorial.py for tasks to queue
[2024-07-09T13:20:21.701+0000] {logging_mixin.py:188} INFO - [2024-07-09T13:20:21.701+0000] {dagbag.py:540} INFO - Filling up the DagBag from /home/airflow/.local/lib/python3.11/site-packages/airflow/example_dags/tutorial.py
[2024-07-09T13:20:21.707+0000] {processor.py:840} INFO - DAG(s) 'tutorial' retrieved from /home/airflow/.local/lib/python3.11/site-packages/airflow/example_dags/tutorial.py
[2024-07-09T13:20:21.730+0000] {logging_mixin.py:188} INFO - [2024-07-09T13:20:21.730+0000] {dag.py:3047} INFO - Sync 1 DAGs
[2024-07-09T13:20:21.860+0000] {logging_mixin.py:188} INFO - [2024-07-09T13:20:21.860+0000] {dag.py:3834} INFO - Setting next_dagrun for tutorial to 2024-07-08 00:00:00+00:00, run_after=2024-07-09 00:00:00+00:00
[2024-07-09T13:20:21.878+0000] {processor.py:183} INFO - Processing /home/airflow/.local/lib/python3.11/site-packages/airflow/example_dags/tutorial.py took 0.181 seconds
[2024-07-09T13:20:52.151+0000] {processor.py:161} INFO - Started process (PID=1354) to work on /home/airflow/.local/lib/python3.11/site-packages/airflow/example_dags/tutorial.py
[2024-07-09T13:20:52.152+0000] {processor.py:830} INFO - Processing file /home/airflow/.local/lib/python3.11/site-packages/airflow/example_dags/tutorial.py for tasks to queue
[2024-07-09T13:20:52.153+0000] {logging_mixin.py:188} INFO - [2024-07-09T13:20:52.153+0000] {dagbag.py:540} INFO - Filling up the DagBag from /home/airflow/.local/lib/python3.11/site-packages/airflow/example_dags/tutorial.py
[2024-07-09T13:20:52.161+0000] {processor.py:840} INFO - DAG(s) 'tutorial' retrieved from /home/airflow/.local/lib/python3.11/site-packages/airflow/example_dags/tutorial.py
[2024-07-09T13:20:52.184+0000] {logging_mixin.py:188} INFO - [2024-07-09T13:20:52.184+0000] {dag.py:3047} INFO - Sync 1 DAGs
[2024-07-09T13:20:52.204+0000] {logging_mixin.py:188} INFO - [2024-07-09T13:20:52.203+0000] {dag.py:3834} INFO - Setting next_dagrun for tutorial to 2024-07-08 00:00:00+00:00, run_after=2024-07-09 00:00:00+00:00
[2024-07-09T13:20:52.226+0000] {processor.py:183} INFO - Processing /home/airflow/.local/lib/python3.11/site-packages/airflow/example_dags/tutorial.py took 0.077 seconds
[2024-07-09T13:21:23.069+0000] {processor.py:161} INFO - Started process (PID=1624) to work on /home/airflow/.local/lib/python3.11/site-packages/airflow/example_dags/tutorial.py
[2024-07-09T13:21:23.070+0000] {processor.py:830} INFO - Processing file /home/airflow/.local/lib/python3.11/site-packages/airflow/example_dags/tutorial.py for tasks to queue
[2024-07-09T13:21:23.071+0000] {logging_mixin.py:188} INFO - [2024-07-09T13:21:23.071+0000] {dagbag.py:540} INFO - Filling up the DagBag from /home/airflow/.local/lib/python3.11/site-packages/airflow/example_dags/tutorial.py
[2024-07-09T13:21:23.076+0000] {processor.py:840} INFO - DAG(s) 'tutorial' retrieved from /home/airflow/.local/lib/python3.11/site-packages/airflow/example_dags/tutorial.py
[2024-07-09T13:21:23.096+0000] {logging_mixin.py:188} INFO - [2024-07-09T13:21:23.096+0000] {dag.py:3047} INFO - Sync 1 DAGs
[2024-07-09T13:21:23.113+0000] {logging_mixin.py:188} INFO - [2024-07-09T13:21:23.113+0000] {dag.py:3834} INFO - Setting next_dagrun for tutorial to 2024-07-08 00:00:00+00:00, run_after=2024-07-09 00:00:00+00:00
[2024-07-09T13:21:23.129+0000] {processor.py:183} INFO - Processing /home/airflow/.local/lib/python3.11/site-packages/airflow/example_dags/tutorial.py took 0.063 seconds
[2024-07-09T13:21:53.773+0000] {processor.py:161} INFO - Started process (PID=1894) to work on /home/airflow/.local/lib/python3.11/site-packages/airflow/example_dags/tutorial.py
[2024-07-09T13:21:53.774+0000] {processor.py:830} INFO - Processing file /home/airflow/.local/lib/python3.11/site-packages/airflow/example_dags/tutorial.py for tasks to queue
[2024-07-09T13:21:53.775+0000] {logging_mixin.py:188} INFO - [2024-07-09T13:21:53.775+0000] {dagbag.py:540} INFO - Filling up the DagBag from /home/airflow/.local/lib/python3.11/site-packages/airflow/example_dags/tutorial.py
[2024-07-09T13:21:53.780+0000] {processor.py:840} INFO - DAG(s) 'tutorial' retrieved from /home/airflow/.local/lib/python3.11/site-packages/airflow/example_dags/tutorial.py
[2024-07-09T13:21:53.800+0000] {logging_mixin.py:188} INFO - [2024-07-09T13:21:53.800+0000] {dag.py:3047} INFO - Sync 1 DAGs
[2024-07-09T13:21:53.817+0000] {logging_mixin.py:188} INFO - [2024-07-09T13:21:53.817+0000] {dag.py:3834} INFO - Setting next_dagrun for tutorial to 2024-07-08 00:00:00+00:00, run_after=2024-07-09 00:00:00+00:00
[2024-07-09T13:21:53.834+0000] {processor.py:183} INFO - Processing /home/airflow/.local/lib/python3.11/site-packages/airflow/example_dags/tutorial.py took 0.063 seconds
[2024-07-09T13:22:24.479+0000] {processor.py:161} INFO - Started process (PID=2164) to work on /home/airflow/.local/lib/python3.11/site-packages/airflow/example_dags/tutorial.py
[2024-07-09T13:22:24.480+0000] {processor.py:830} INFO - Processing file /home/airflow/.local/lib/python3.11/site-packages/airflow/example_dags/tutorial.py for tasks to queue
[2024-07-09T13:22:24.481+0000] {logging_mixin.py:188} INFO - [2024-07-09T13:22:24.481+0000] {dagbag.py:540} INFO - Filling up the DagBag from /home/airflow/.local/lib/python3.11/site-packages/airflow/example_dags/tutorial.py
[2024-07-09T13:22:24.486+0000] {processor.py:840} INFO - DAG(s) 'tutorial' retrieved from /home/airflow/.local/lib/python3.11/site-packages/airflow/example_dags/tutorial.py
[2024-07-09T13:22:24.506+0000] {logging_mixin.py:188} INFO - [2024-07-09T13:22:24.506+0000] {dag.py:3047} INFO - Sync 1 DAGs
[2024-07-09T13:22:24.524+0000] {logging_mixin.py:188} INFO - [2024-07-09T13:22:24.524+0000] {dag.py:3834} INFO - Setting next_dagrun for tutorial to 2024-07-08 00:00:00+00:00, run_after=2024-07-09 00:00:00+00:00
[2024-07-09T13:22:24.540+0000] {processor.py:183} INFO - Processing /home/airflow/.local/lib/python3.11/site-packages/airflow/example_dags/tutorial.py took 0.064 seconds
[2024-07-09T13:22:55.248+0000] {processor.py:161} INFO - Started process (PID=2434) to work on /home/airflow/.local/lib/python3.11/site-packages/airflow/example_dags/tutorial.py
[2024-07-09T13:22:55.249+0000] {processor.py:830} INFO - Processing file /home/airflow/.local/lib/python3.11/site-packages/airflow/example_dags/tutorial.py for tasks to queue
[2024-07-09T13:22:55.250+0000] {logging_mixin.py:188} INFO - [2024-07-09T13:22:55.249+0000] {dagbag.py:540} INFO - Filling up the DagBag from /home/airflow/.local/lib/python3.11/site-packages/airflow/example_dags/tutorial.py
[2024-07-09T13:22:55.255+0000] {processor.py:840} INFO - DAG(s) 'tutorial' retrieved from /home/airflow/.local/lib/python3.11/site-packages/airflow/example_dags/tutorial.py
[2024-07-09T13:22:55.276+0000] {logging_mixin.py:188} INFO - [2024-07-09T13:22:55.275+0000] {dag.py:3047} INFO - Sync 1 DAGs
[2024-07-09T13:22:55.293+0000] {logging_mixin.py:188} INFO - [2024-07-09T13:22:55.293+0000] {dag.py:3834} INFO - Setting next_dagrun for tutorial to 2024-07-08 00:00:00+00:00, run_after=2024-07-09 00:00:00+00:00
[2024-07-09T13:22:55.308+0000] {processor.py:183} INFO - Processing /home/airflow/.local/lib/python3.11/site-packages/airflow/example_dags/tutorial.py took 0.063 seconds
[2024-07-09T13:23:26.005+0000] {processor.py:161} INFO - Started process (PID=2704) to work on /home/airflow/.local/lib/python3.11/site-packages/airflow/example_dags/tutorial.py
[2024-07-09T13:23:26.006+0000] {processor.py:830} INFO - Processing file /home/airflow/.local/lib/python3.11/site-packages/airflow/example_dags/tutorial.py for tasks to queue
[2024-07-09T13:23:26.007+0000] {logging_mixin.py:188} INFO - [2024-07-09T13:23:26.007+0000] {dagbag.py:540} INFO - Filling up the DagBag from /home/airflow/.local/lib/python3.11/site-packages/airflow/example_dags/tutorial.py
[2024-07-09T13:23:26.013+0000] {processor.py:840} INFO - DAG(s) 'tutorial' retrieved from /home/airflow/.local/lib/python3.11/site-packages/airflow/example_dags/tutorial.py
[2024-07-09T13:23:26.034+0000] {logging_mixin.py:188} INFO - [2024-07-09T13:23:26.033+0000] {dag.py:3047} INFO - Sync 1 DAGs
[2024-07-09T13:23:26.051+0000] {logging_mixin.py:188} INFO - [2024-07-09T13:23:26.051+0000] {dag.py:3834} INFO - Setting next_dagrun for tutorial to 2024-07-08 00:00:00+00:00, run_after=2024-07-09 00:00:00+00:00
[2024-07-09T13:23:26.067+0000] {processor.py:183} INFO - Processing /home/airflow/.local/lib/python3.11/site-packages/airflow/example_dags/tutorial.py took 0.064 seconds
[2024-07-09T13:23:56.771+0000] {processor.py:161} INFO - Started process (PID=2974) to work on /home/airflow/.local/lib/python3.11/site-packages/airflow/example_dags/tutorial.py
[2024-07-09T13:23:56.771+0000] {processor.py:830} INFO - Processing file /home/airflow/.local/lib/python3.11/site-packages/airflow/example_dags/tutorial.py for tasks to queue
[2024-07-09T13:23:56.772+0000] {logging_mixin.py:188} INFO - [2024-07-09T13:23:56.772+0000] {dagbag.py:540} INFO - Filling up the DagBag from /home/airflow/.local/lib/python3.11/site-packages/airflow/example_dags/tutorial.py
[2024-07-09T13:23:56.777+0000] {processor.py:840} INFO - DAG(s) 'tutorial' retrieved from /home/airflow/.local/lib/python3.11/site-packages/airflow/example_dags/tutorial.py
[2024-07-09T13:23:56.797+0000] {logging_mixin.py:188} INFO - [2024-07-09T13:23:56.797+0000] {dag.py:3047} INFO - Sync 1 DAGs
[2024-07-09T13:23:56.815+0000] {logging_mixin.py:188} INFO - [2024-07-09T13:23:56.815+0000] {dag.py:3834} INFO - Setting next_dagrun for tutorial to 2024-07-08 00:00:00+00:00, run_after=2024-07-09 00:00:00+00:00
[2024-07-09T13:23:56.832+0000] {processor.py:183} INFO - Processing /home/airflow/.local/lib/python3.11/site-packages/airflow/example_dags/tutorial.py took 0.064 seconds
[2024-07-09T13:24:27.404+0000] {processor.py:161} INFO - Started process (PID=3244) to work on /home/airflow/.local/lib/python3.11/site-packages/airflow/example_dags/tutorial.py
[2024-07-09T13:24:27.405+0000] {processor.py:830} INFO - Processing file /home/airflow/.local/lib/python3.11/site-packages/airflow/example_dags/tutorial.py for tasks to queue
[2024-07-09T13:24:27.406+0000] {logging_mixin.py:188} INFO - [2024-07-09T13:24:27.405+0000] {dagbag.py:540} INFO - Filling up the DagBag from /home/airflow/.local/lib/python3.11/site-packages/airflow/example_dags/tutorial.py
[2024-07-09T13:24:27.411+0000] {processor.py:840} INFO - DAG(s) 'tutorial' retrieved from /home/airflow/.local/lib/python3.11/site-packages/airflow/example_dags/tutorial.py
[2024-07-09T13:24:27.430+0000] {logging_mixin.py:188} INFO - [2024-07-09T13:24:27.430+0000] {dag.py:3047} INFO - Sync 1 DAGs
[2024-07-09T13:24:27.447+0000] {logging_mixin.py:188} INFO - [2024-07-09T13:24:27.447+0000] {dag.py:3834} INFO - Setting next_dagrun for tutorial to 2024-07-08 00:00:00+00:00, run_after=2024-07-09 00:00:00+00:00
[2024-07-09T13:24:27.462+0000] {processor.py:183} INFO - Processing /home/airflow/.local/lib/python3.11/site-packages/airflow/example_dags/tutorial.py took 0.061 seconds
[2024-07-09T13:24:58.160+0000] {processor.py:161} INFO - Started process (PID=3514) to work on /home/airflow/.local/lib/python3.11/site-packages/airflow/example_dags/tutorial.py
[2024-07-09T13:24:58.161+0000] {processor.py:830} INFO - Processing file /home/airflow/.local/lib/python3.11/site-packages/airflow/example_dags/tutorial.py for tasks to queue
[2024-07-09T13:24:58.162+0000] {logging_mixin.py:188} INFO - [2024-07-09T13:24:58.162+0000] {dagbag.py:540} INFO - Filling up the DagBag from /home/airflow/.local/lib/python3.11/site-packages/airflow/example_dags/tutorial.py
[2024-07-09T13:24:58.167+0000] {processor.py:840} INFO - DAG(s) 'tutorial' retrieved from /home/airflow/.local/lib/python3.11/site-packages/airflow/example_dags/tutorial.py
[2024-07-09T13:24:58.186+0000] {logging_mixin.py:188} INFO - [2024-07-09T13:24:58.186+0000] {dag.py:3047} INFO - Sync 1 DAGs
[2024-07-09T13:24:58.204+0000] {logging_mixin.py:188} INFO - [2024-07-09T13:24:58.204+0000] {dag.py:3834} INFO - Setting next_dagrun for tutorial to 2024-07-08 00:00:00+00:00, run_after=2024-07-09 00:00:00+00:00
[2024-07-09T13:24:58.220+0000] {processor.py:183} INFO - Processing /home/airflow/.local/lib/python3.11/site-packages/airflow/example_dags/tutorial.py took 0.063 seconds
[2024-07-09T13:26:09.889+0000] {processor.py:161} INFO - Started process (PID=275) to work on /home/airflow/.local/lib/python3.11/site-packages/airflow/example_dags/tutorial.py
[2024-07-09T13:26:09.890+0000] {processor.py:830} INFO - Processing file /home/airflow/.local/lib/python3.11/site-packages/airflow/example_dags/tutorial.py for tasks to queue
[2024-07-09T13:26:09.890+0000] {logging_mixin.py:188} INFO - [2024-07-09T13:26:09.890+0000] {dagbag.py:540} INFO - Filling up the DagBag from /home/airflow/.local/lib/python3.11/site-packages/airflow/example_dags/tutorial.py
[2024-07-09T13:26:09.898+0000] {processor.py:840} INFO - DAG(s) 'tutorial' retrieved from /home/airflow/.local/lib/python3.11/site-packages/airflow/example_dags/tutorial.py
[2024-07-09T13:26:10.008+0000] {logging_mixin.py:188} INFO - [2024-07-09T13:26:10.008+0000] {override.py:1769} INFO - Created Permission View: can delete on DAG:tutorial
[2024-07-09T13:26:10.017+0000] {logging_mixin.py:188} INFO - [2024-07-09T13:26:10.017+0000] {override.py:1769} INFO - Created Permission View: can read on DAG:tutorial
[2024-07-09T13:26:10.023+0000] {logging_mixin.py:188} INFO - [2024-07-09T13:26:10.022+0000] {override.py:1769} INFO - Created Permission View: can edit on DAG:tutorial
[2024-07-09T13:26:10.023+0000] {logging_mixin.py:188} INFO - [2024-07-09T13:26:10.023+0000] {dag.py:3047} INFO - Sync 1 DAGs
[2024-07-09T13:26:10.032+0000] {logging_mixin.py:188} INFO - [2024-07-09T13:26:10.032+0000] {dag.py:3069} INFO - Creating ORM DAG for tutorial
[2024-07-09T13:26:10.041+0000] {logging_mixin.py:188} INFO - [2024-07-09T13:26:10.041+0000] {dag.py:3834} INFO - Setting next_dagrun for tutorial to 2024-07-08 00:00:00+00:00, run_after=2024-07-09 00:00:00+00:00
[2024-07-09T13:26:10.057+0000] {processor.py:183} INFO - Processing /home/airflow/.local/lib/python3.11/site-packages/airflow/example_dags/tutorial.py took 0.170 seconds
[2024-07-09T13:26:41.027+0000] {processor.py:161} INFO - Started process (PID=547) to work on /home/airflow/.local/lib/python3.11/site-packages/airflow/example_dags/tutorial.py
[2024-07-09T13:26:41.028+0000] {processor.py:830} INFO - Processing file /home/airflow/.local/lib/python3.11/site-packages/airflow/example_dags/tutorial.py for tasks to queue
[2024-07-09T13:26:41.029+0000] {logging_mixin.py:188} INFO - [2024-07-09T13:26:41.028+0000] {dagbag.py:540} INFO - Filling up the DagBag from /home/airflow/.local/lib/python3.11/site-packages/airflow/example_dags/tutorial.py
[2024-07-09T13:26:41.034+0000] {processor.py:840} INFO - DAG(s) 'tutorial' retrieved from /home/airflow/.local/lib/python3.11/site-packages/airflow/example_dags/tutorial.py
[2024-07-09T13:26:41.056+0000] {logging_mixin.py:188} INFO - [2024-07-09T13:26:41.055+0000] {dag.py:3047} INFO - Sync 1 DAGs
[2024-07-09T13:26:41.074+0000] {logging_mixin.py:188} INFO - [2024-07-09T13:26:41.074+0000] {dag.py:3834} INFO - Setting next_dagrun for tutorial to 2024-07-08 00:00:00+00:00, run_after=2024-07-09 00:00:00+00:00
[2024-07-09T13:26:41.090+0000] {processor.py:183} INFO - Processing /home/airflow/.local/lib/python3.11/site-packages/airflow/example_dags/tutorial.py took 0.067 seconds
[2024-07-09T13:27:11.463+0000] {processor.py:161} INFO - Started process (PID=817) to work on /home/airflow/.local/lib/python3.11/site-packages/airflow/example_dags/tutorial.py
[2024-07-09T13:27:11.464+0000] {processor.py:830} INFO - Processing file /home/airflow/.local/lib/python3.11/site-packages/airflow/example_dags/tutorial.py for tasks to queue
[2024-07-09T13:27:11.465+0000] {logging_mixin.py:188} INFO - [2024-07-09T13:27:11.464+0000] {dagbag.py:540} INFO - Filling up the DagBag from /home/airflow/.local/lib/python3.11/site-packages/airflow/example_dags/tutorial.py
[2024-07-09T13:27:11.470+0000] {processor.py:840} INFO - DAG(s) 'tutorial' retrieved from /home/airflow/.local/lib/python3.11/site-packages/airflow/example_dags/tutorial.py
[2024-07-09T13:27:11.489+0000] {logging_mixin.py:188} INFO - [2024-07-09T13:27:11.489+0000] {dag.py:3047} INFO - Sync 1 DAGs
[2024-07-09T13:27:11.507+0000] {logging_mixin.py:188} INFO - [2024-07-09T13:27:11.506+0000] {dag.py:3834} INFO - Setting next_dagrun for tutorial to 2024-07-08 00:00:00+00:00, run_after=2024-07-09 00:00:00+00:00
[2024-07-09T13:27:11.522+0000] {processor.py:183} INFO - Processing /home/airflow/.local/lib/python3.11/site-packages/airflow/example_dags/tutorial.py took 0.062 seconds
[2024-07-09T13:27:41.634+0000] {processor.py:161} INFO - Started process (PID=1085) to work on /home/airflow/.local/lib/python3.11/site-packages/airflow/example_dags/tutorial.py
[2024-07-09T13:27:41.635+0000] {processor.py:830} INFO - Processing file /home/airflow/.local/lib/python3.11/site-packages/airflow/example_dags/tutorial.py for tasks to queue
[2024-07-09T13:27:41.636+0000] {logging_mixin.py:188} INFO - [2024-07-09T13:27:41.635+0000] {dagbag.py:540} INFO - Filling up the DagBag from /home/airflow/.local/lib/python3.11/site-packages/airflow/example_dags/tutorial.py
[2024-07-09T13:27:41.641+0000] {processor.py:840} INFO - DAG(s) 'tutorial' retrieved from /home/airflow/.local/lib/python3.11/site-packages/airflow/example_dags/tutorial.py
[2024-07-09T13:27:41.661+0000] {logging_mixin.py:188} INFO - [2024-07-09T13:27:41.661+0000] {dag.py:3047} INFO - Sync 1 DAGs
[2024-07-09T13:27:41.781+0000] {logging_mixin.py:188} INFO - [2024-07-09T13:27:41.781+0000] {dag.py:3834} INFO - Setting next_dagrun for tutorial to 2024-07-08 00:00:00+00:00, run_after=2024-07-09 00:00:00+00:00
[2024-07-09T13:27:41.797+0000] {processor.py:183} INFO - Processing /home/airflow/.local/lib/python3.11/site-packages/airflow/example_dags/tutorial.py took 0.166 seconds
[2024-07-09T13:28:12.102+0000] {processor.py:161} INFO - Started process (PID=1355) to work on /home/airflow/.local/lib/python3.11/site-packages/airflow/example_dags/tutorial.py
[2024-07-09T13:28:12.103+0000] {processor.py:830} INFO - Processing file /home/airflow/.local/lib/python3.11/site-packages/airflow/example_dags/tutorial.py for tasks to queue
[2024-07-09T13:28:12.104+0000] {logging_mixin.py:188} INFO - [2024-07-09T13:28:12.104+0000] {dagbag.py:540} INFO - Filling up the DagBag from /home/airflow/.local/lib/python3.11/site-packages/airflow/example_dags/tutorial.py
[2024-07-09T13:28:12.110+0000] {processor.py:840} INFO - DAG(s) 'tutorial' retrieved from /home/airflow/.local/lib/python3.11/site-packages/airflow/example_dags/tutorial.py
[2024-07-09T13:28:12.133+0000] {logging_mixin.py:188} INFO - [2024-07-09T13:28:12.133+0000] {dag.py:3047} INFO - Sync 1 DAGs
[2024-07-09T13:28:12.151+0000] {logging_mixin.py:188} INFO - [2024-07-09T13:28:12.151+0000] {dag.py:3834} INFO - Setting next_dagrun for tutorial to 2024-07-08 00:00:00+00:00, run_after=2024-07-09 00:00:00+00:00
[2024-07-09T13:28:12.178+0000] {processor.py:183} INFO - Processing /home/airflow/.local/lib/python3.11/site-packages/airflow/example_dags/tutorial.py took 0.079 seconds
[2024-07-09T13:28:42.644+0000] {processor.py:161} INFO - Started process (PID=1625) to work on /home/airflow/.local/lib/python3.11/site-packages/airflow/example_dags/tutorial.py
[2024-07-09T13:28:42.645+0000] {processor.py:830} INFO - Processing file /home/airflow/.local/lib/python3.11/site-packages/airflow/example_dags/tutorial.py for tasks to queue
[2024-07-09T13:28:42.646+0000] {logging_mixin.py:188} INFO - [2024-07-09T13:28:42.646+0000] {dagbag.py:540} INFO - Filling up the DagBag from /home/airflow/.local/lib/python3.11/site-packages/airflow/example_dags/tutorial.py
[2024-07-09T13:28:42.651+0000] {processor.py:840} INFO - DAG(s) 'tutorial' retrieved from /home/airflow/.local/lib/python3.11/site-packages/airflow/example_dags/tutorial.py
[2024-07-09T13:28:42.672+0000] {logging_mixin.py:188} INFO - [2024-07-09T13:28:42.671+0000] {dag.py:3047} INFO - Sync 1 DAGs
[2024-07-09T13:28:42.689+0000] {logging_mixin.py:188} INFO - [2024-07-09T13:28:42.689+0000] {dag.py:3834} INFO - Setting next_dagrun for tutorial to 2024-07-08 00:00:00+00:00, run_after=2024-07-09 00:00:00+00:00
[2024-07-09T13:28:42.705+0000] {processor.py:183} INFO - Processing /home/airflow/.local/lib/python3.11/site-packages/airflow/example_dags/tutorial.py took 0.064 seconds
[2024-07-09T13:29:12.995+0000] {processor.py:161} INFO - Started process (PID=1895) to work on /home/airflow/.local/lib/python3.11/site-packages/airflow/example_dags/tutorial.py
[2024-07-09T13:29:12.996+0000] {processor.py:830} INFO - Processing file /home/airflow/.local/lib/python3.11/site-packages/airflow/example_dags/tutorial.py for tasks to queue
[2024-07-09T13:29:12.997+0000] {logging_mixin.py:188} INFO - [2024-07-09T13:29:12.996+0000] {dagbag.py:540} INFO - Filling up the DagBag from /home/airflow/.local/lib/python3.11/site-packages/airflow/example_dags/tutorial.py
[2024-07-09T13:29:13.002+0000] {processor.py:840} INFO - DAG(s) 'tutorial' retrieved from /home/airflow/.local/lib/python3.11/site-packages/airflow/example_dags/tutorial.py
[2024-07-09T13:29:13.022+0000] {logging_mixin.py:188} INFO - [2024-07-09T13:29:13.021+0000] {dag.py:3047} INFO - Sync 1 DAGs
[2024-07-09T13:29:13.039+0000] {logging_mixin.py:188} INFO - [2024-07-09T13:29:13.039+0000] {dag.py:3834} INFO - Setting next_dagrun for tutorial to 2024-07-08 00:00:00+00:00, run_after=2024-07-09 00:00:00+00:00
[2024-07-09T13:29:13.055+0000] {processor.py:183} INFO - Processing /home/airflow/.local/lib/python3.11/site-packages/airflow/example_dags/tutorial.py took 0.063 seconds
[2024-07-09T13:29:43.384+0000] {processor.py:161} INFO - Started process (PID=2165) to work on /home/airflow/.local/lib/python3.11/site-packages/airflow/example_dags/tutorial.py
[2024-07-09T13:29:43.385+0000] {processor.py:830} INFO - Processing file /home/airflow/.local/lib/python3.11/site-packages/airflow/example_dags/tutorial.py for tasks to queue
[2024-07-09T13:29:43.385+0000] {logging_mixin.py:188} INFO - [2024-07-09T13:29:43.385+0000] {dagbag.py:540} INFO - Filling up the DagBag from /home/airflow/.local/lib/python3.11/site-packages/airflow/example_dags/tutorial.py
[2024-07-09T13:29:43.391+0000] {processor.py:840} INFO - DAG(s) 'tutorial' retrieved from /home/airflow/.local/lib/python3.11/site-packages/airflow/example_dags/tutorial.py
[2024-07-09T13:29:43.412+0000] {logging_mixin.py:188} INFO - [2024-07-09T13:29:43.411+0000] {dag.py:3047} INFO - Sync 1 DAGs
[2024-07-09T13:29:43.429+0000] {logging_mixin.py:188} INFO - [2024-07-09T13:29:43.429+0000] {dag.py:3834} INFO - Setting next_dagrun for tutorial to 2024-07-08 00:00:00+00:00, run_after=2024-07-09 00:00:00+00:00
[2024-07-09T13:29:43.445+0000] {processor.py:183} INFO - Processing /home/airflow/.local/lib/python3.11/site-packages/airflow/example_dags/tutorial.py took 0.064 seconds
[2024-07-09T13:31:38.125+0000] {processor.py:161} INFO - Started process (PID=274) to work on /home/airflow/.local/lib/python3.11/site-packages/airflow/example_dags/tutorial.py
[2024-07-09T13:31:38.127+0000] {processor.py:830} INFO - Processing file /home/airflow/.local/lib/python3.11/site-packages/airflow/example_dags/tutorial.py for tasks to queue
[2024-07-09T13:31:38.127+0000] {logging_mixin.py:188} INFO - [2024-07-09T13:31:38.127+0000] {dagbag.py:540} INFO - Filling up the DagBag from /home/airflow/.local/lib/python3.11/site-packages/airflow/example_dags/tutorial.py
[2024-07-09T13:31:38.135+0000] {processor.py:840} INFO - DAG(s) 'tutorial' retrieved from /home/airflow/.local/lib/python3.11/site-packages/airflow/example_dags/tutorial.py
[2024-07-09T13:31:38.227+0000] {logging_mixin.py:188} INFO - [2024-07-09T13:31:38.226+0000] {override.py:1769} INFO - Created Permission View: can edit on DAG:tutorial
[2024-07-09T13:31:38.237+0000] {logging_mixin.py:188} INFO - [2024-07-09T13:31:38.237+0000] {override.py:1769} INFO - Created Permission View: can delete on DAG:tutorial
[2024-07-09T13:31:38.244+0000] {logging_mixin.py:188} INFO - [2024-07-09T13:31:38.243+0000] {override.py:1769} INFO - Created Permission View: can read on DAG:tutorial
[2024-07-09T13:31:38.244+0000] {logging_mixin.py:188} INFO - [2024-07-09T13:31:38.244+0000] {dag.py:3047} INFO - Sync 1 DAGs
[2024-07-09T13:31:38.253+0000] {logging_mixin.py:188} INFO - [2024-07-09T13:31:38.253+0000] {dag.py:3069} INFO - Creating ORM DAG for tutorial
[2024-07-09T13:31:38.262+0000] {logging_mixin.py:188} INFO - [2024-07-09T13:31:38.261+0000] {dag.py:3834} INFO - Setting next_dagrun for tutorial to 2024-07-08 00:00:00+00:00, run_after=2024-07-09 00:00:00+00:00
[2024-07-09T13:31:38.276+0000] {processor.py:183} INFO - Processing /home/airflow/.local/lib/python3.11/site-packages/airflow/example_dags/tutorial.py took 0.153 seconds
[2024-07-09T13:32:08.600+0000] {processor.py:161} INFO - Started process (PID=546) to work on /home/airflow/.local/lib/python3.11/site-packages/airflow/example_dags/tutorial.py
[2024-07-09T13:32:08.601+0000] {processor.py:830} INFO - Processing file /home/airflow/.local/lib/python3.11/site-packages/airflow/example_dags/tutorial.py for tasks to queue
[2024-07-09T13:32:08.602+0000] {logging_mixin.py:188} INFO - [2024-07-09T13:32:08.601+0000] {dagbag.py:540} INFO - Filling up the DagBag from /home/airflow/.local/lib/python3.11/site-packages/airflow/example_dags/tutorial.py
[2024-07-09T13:32:08.606+0000] {processor.py:840} INFO - DAG(s) 'tutorial' retrieved from /home/airflow/.local/lib/python3.11/site-packages/airflow/example_dags/tutorial.py
[2024-07-09T13:32:08.626+0000] {logging_mixin.py:188} INFO - [2024-07-09T13:32:08.626+0000] {dag.py:3047} INFO - Sync 1 DAGs
[2024-07-09T13:32:08.643+0000] {logging_mixin.py:188} INFO - [2024-07-09T13:32:08.643+0000] {dag.py:3834} INFO - Setting next_dagrun for tutorial to 2024-07-08 00:00:00+00:00, run_after=2024-07-09 00:00:00+00:00
[2024-07-09T13:32:08.659+0000] {processor.py:183} INFO - Processing /home/airflow/.local/lib/python3.11/site-packages/airflow/example_dags/tutorial.py took 0.061 seconds
[2024-07-09T13:32:39.035+0000] {processor.py:161} INFO - Started process (PID=816) to work on /home/airflow/.local/lib/python3.11/site-packages/airflow/example_dags/tutorial.py
[2024-07-09T13:32:39.036+0000] {processor.py:830} INFO - Processing file /home/airflow/.local/lib/python3.11/site-packages/airflow/example_dags/tutorial.py for tasks to queue
[2024-07-09T13:32:39.036+0000] {logging_mixin.py:188} INFO - [2024-07-09T13:32:39.036+0000] {dagbag.py:540} INFO - Filling up the DagBag from /home/airflow/.local/lib/python3.11/site-packages/airflow/example_dags/tutorial.py
[2024-07-09T13:32:39.042+0000] {processor.py:840} INFO - DAG(s) 'tutorial' retrieved from /home/airflow/.local/lib/python3.11/site-packages/airflow/example_dags/tutorial.py
[2024-07-09T13:32:39.064+0000] {logging_mixin.py:188} INFO - [2024-07-09T13:32:39.064+0000] {dag.py:3047} INFO - Sync 1 DAGs
[2024-07-09T13:32:39.082+0000] {logging_mixin.py:188} INFO - [2024-07-09T13:32:39.082+0000] {dag.py:3834} INFO - Setting next_dagrun for tutorial to 2024-07-08 00:00:00+00:00, run_after=2024-07-09 00:00:00+00:00
[2024-07-09T13:32:39.098+0000] {processor.py:183} INFO - Processing /home/airflow/.local/lib/python3.11/site-packages/airflow/example_dags/tutorial.py took 0.066 seconds
[2024-07-09T13:33:09.842+0000] {processor.py:161} INFO - Started process (PID=1084) to work on /home/airflow/.local/lib/python3.11/site-packages/airflow/example_dags/tutorial.py
[2024-07-09T13:33:09.843+0000] {processor.py:830} INFO - Processing file /home/airflow/.local/lib/python3.11/site-packages/airflow/example_dags/tutorial.py for tasks to queue
[2024-07-09T13:33:09.844+0000] {logging_mixin.py:188} INFO - [2024-07-09T13:33:09.844+0000] {dagbag.py:540} INFO - Filling up the DagBag from /home/airflow/.local/lib/python3.11/site-packages/airflow/example_dags/tutorial.py
[2024-07-09T13:33:09.849+0000] {processor.py:840} INFO - DAG(s) 'tutorial' retrieved from /home/airflow/.local/lib/python3.11/site-packages/airflow/example_dags/tutorial.py
[2024-07-09T13:33:09.870+0000] {logging_mixin.py:188} INFO - [2024-07-09T13:33:09.870+0000] {dag.py:3047} INFO - Sync 1 DAGs
[2024-07-09T13:33:09.995+0000] {logging_mixin.py:188} INFO - [2024-07-09T13:33:09.995+0000] {dag.py:3834} INFO - Setting next_dagrun for tutorial to 2024-07-08 00:00:00+00:00, run_after=2024-07-09 00:00:00+00:00
[2024-07-09T13:33:10.012+0000] {processor.py:183} INFO - Processing /home/airflow/.local/lib/python3.11/site-packages/airflow/example_dags/tutorial.py took 0.172 seconds
[2024-07-09T13:33:40.539+0000] {processor.py:161} INFO - Started process (PID=1354) to work on /home/airflow/.local/lib/python3.11/site-packages/airflow/example_dags/tutorial.py
[2024-07-09T13:33:40.540+0000] {processor.py:830} INFO - Processing file /home/airflow/.local/lib/python3.11/site-packages/airflow/example_dags/tutorial.py for tasks to queue
[2024-07-09T13:33:40.540+0000] {logging_mixin.py:188} INFO - [2024-07-09T13:33:40.540+0000] {dagbag.py:540} INFO - Filling up the DagBag from /home/airflow/.local/lib/python3.11/site-packages/airflow/example_dags/tutorial.py
[2024-07-09T13:33:40.545+0000] {processor.py:840} INFO - DAG(s) 'tutorial' retrieved from /home/airflow/.local/lib/python3.11/site-packages/airflow/example_dags/tutorial.py
[2024-07-09T13:33:40.566+0000] {logging_mixin.py:188} INFO - [2024-07-09T13:33:40.566+0000] {dag.py:3047} INFO - Sync 1 DAGs
[2024-07-09T13:33:40.585+0000] {logging_mixin.py:188} INFO - [2024-07-09T13:33:40.585+0000] {dag.py:3834} INFO - Setting next_dagrun for tutorial to 2024-07-08 00:00:00+00:00, run_after=2024-07-09 00:00:00+00:00
[2024-07-09T13:33:40.602+0000] {processor.py:183} INFO - Processing /home/airflow/.local/lib/python3.11/site-packages/airflow/example_dags/tutorial.py took 0.066 seconds
[2024-07-09T13:34:10.871+0000] {processor.py:161} INFO - Started process (PID=1624) to work on /home/airflow/.local/lib/python3.11/site-packages/airflow/example_dags/tutorial.py
[2024-07-09T13:34:10.872+0000] {processor.py:830} INFO - Processing file /home/airflow/.local/lib/python3.11/site-packages/airflow/example_dags/tutorial.py for tasks to queue
[2024-07-09T13:34:10.873+0000] {logging_mixin.py:188} INFO - [2024-07-09T13:34:10.873+0000] {dagbag.py:540} INFO - Filling up the DagBag from /home/airflow/.local/lib/python3.11/site-packages/airflow/example_dags/tutorial.py
[2024-07-09T13:34:10.879+0000] {processor.py:840} INFO - DAG(s) 'tutorial' retrieved from /home/airflow/.local/lib/python3.11/site-packages/airflow/example_dags/tutorial.py
[2024-07-09T13:34:10.899+0000] {logging_mixin.py:188} INFO - [2024-07-09T13:34:10.899+0000] {dag.py:3047} INFO - Sync 1 DAGs
[2024-07-09T13:34:10.916+0000] {logging_mixin.py:188} INFO - [2024-07-09T13:34:10.916+0000] {dag.py:3834} INFO - Setting next_dagrun for tutorial to 2024-07-08 00:00:00+00:00, run_after=2024-07-09 00:00:00+00:00
[2024-07-09T13:34:10.933+0000] {processor.py:183} INFO - Processing /home/airflow/.local/lib/python3.11/site-packages/airflow/example_dags/tutorial.py took 0.064 seconds
[2024-07-09T13:34:41.142+0000] {processor.py:161} INFO - Started process (PID=1894) to work on /home/airflow/.local/lib/python3.11/site-packages/airflow/example_dags/tutorial.py
[2024-07-09T13:34:41.143+0000] {processor.py:830} INFO - Processing file /home/airflow/.local/lib/python3.11/site-packages/airflow/example_dags/tutorial.py for tasks to queue
[2024-07-09T13:34:41.144+0000] {logging_mixin.py:188} INFO - [2024-07-09T13:34:41.144+0000] {dagbag.py:540} INFO - Filling up the DagBag from /home/airflow/.local/lib/python3.11/site-packages/airflow/example_dags/tutorial.py
[2024-07-09T13:34:41.150+0000] {processor.py:840} INFO - DAG(s) 'tutorial' retrieved from /home/airflow/.local/lib/python3.11/site-packages/airflow/example_dags/tutorial.py
[2024-07-09T13:34:41.171+0000] {logging_mixin.py:188} INFO - [2024-07-09T13:34:41.171+0000] {dag.py:3047} INFO - Sync 1 DAGs
[2024-07-09T13:34:41.188+0000] {logging_mixin.py:188} INFO - [2024-07-09T13:34:41.188+0000] {dag.py:3834} INFO - Setting next_dagrun for tutorial to 2024-07-08 00:00:00+00:00, run_after=2024-07-09 00:00:00+00:00
[2024-07-09T13:34:41.205+0000] {processor.py:183} INFO - Processing /home/airflow/.local/lib/python3.11/site-packages/airflow/example_dags/tutorial.py took 0.065 seconds
[2024-07-09T13:35:11.480+0000] {processor.py:161} INFO - Started process (PID=2164) to work on /home/airflow/.local/lib/python3.11/site-packages/airflow/example_dags/tutorial.py
[2024-07-09T13:35:11.481+0000] {processor.py:830} INFO - Processing file /home/airflow/.local/lib/python3.11/site-packages/airflow/example_dags/tutorial.py for tasks to queue
[2024-07-09T13:35:11.481+0000] {logging_mixin.py:188} INFO - [2024-07-09T13:35:11.481+0000] {dagbag.py:540} INFO - Filling up the DagBag from /home/airflow/.local/lib/python3.11/site-packages/airflow/example_dags/tutorial.py
[2024-07-09T13:35:11.486+0000] {processor.py:840} INFO - DAG(s) 'tutorial' retrieved from /home/airflow/.local/lib/python3.11/site-packages/airflow/example_dags/tutorial.py
[2024-07-09T13:35:11.506+0000] {logging_mixin.py:188} INFO - [2024-07-09T13:35:11.506+0000] {dag.py:3047} INFO - Sync 1 DAGs
[2024-07-09T13:35:11.524+0000] {logging_mixin.py:188} INFO - [2024-07-09T13:35:11.524+0000] {dag.py:3834} INFO - Setting next_dagrun for tutorial to 2024-07-08 00:00:00+00:00, run_after=2024-07-09 00:00:00+00:00
[2024-07-09T13:35:11.539+0000] {processor.py:183} INFO - Processing /home/airflow/.local/lib/python3.11/site-packages/airflow/example_dags/tutorial.py took 0.062 seconds
[2024-07-09T13:35:41.879+0000] {processor.py:161} INFO - Started process (PID=2434) to work on /home/airflow/.local/lib/python3.11/site-packages/airflow/example_dags/tutorial.py
[2024-07-09T13:35:41.880+0000] {processor.py:830} INFO - Processing file /home/airflow/.local/lib/python3.11/site-packages/airflow/example_dags/tutorial.py for tasks to queue
[2024-07-09T13:35:41.881+0000] {logging_mixin.py:188} INFO - [2024-07-09T13:35:41.881+0000] {dagbag.py:540} INFO - Filling up the DagBag from /home/airflow/.local/lib/python3.11/site-packages/airflow/example_dags/tutorial.py
[2024-07-09T13:35:41.886+0000] {processor.py:840} INFO - DAG(s) 'tutorial' retrieved from /home/airflow/.local/lib/python3.11/site-packages/airflow/example_dags/tutorial.py
[2024-07-09T13:35:41.906+0000] {logging_mixin.py:188} INFO - [2024-07-09T13:35:41.906+0000] {dag.py:3047} INFO - Sync 1 DAGs
[2024-07-09T13:35:41.923+0000] {logging_mixin.py:188} INFO - [2024-07-09T13:35:41.923+0000] {dag.py:3834} INFO - Setting next_dagrun for tutorial to 2024-07-08 00:00:00+00:00, run_after=2024-07-09 00:00:00+00:00
[2024-07-09T13:35:41.939+0000] {processor.py:183} INFO - Processing /home/airflow/.local/lib/python3.11/site-packages/airflow/example_dags/tutorial.py took 0.062 seconds
[2024-07-09T13:36:12.195+0000] {processor.py:161} INFO - Started process (PID=2692) to work on /home/airflow/.local/lib/python3.11/site-packages/airflow/example_dags/tutorial.py
[2024-07-09T13:36:12.196+0000] {processor.py:830} INFO - Processing file /home/airflow/.local/lib/python3.11/site-packages/airflow/example_dags/tutorial.py for tasks to queue
[2024-07-09T13:36:12.197+0000] {logging_mixin.py:188} INFO - [2024-07-09T13:36:12.197+0000] {dagbag.py:540} INFO - Filling up the DagBag from /home/airflow/.local/lib/python3.11/site-packages/airflow/example_dags/tutorial.py
[2024-07-09T13:36:12.203+0000] {processor.py:840} INFO - DAG(s) 'tutorial' retrieved from /home/airflow/.local/lib/python3.11/site-packages/airflow/example_dags/tutorial.py
[2024-07-09T13:36:12.231+0000] {logging_mixin.py:188} INFO - [2024-07-09T13:36:12.231+0000] {dag.py:3047} INFO - Sync 1 DAGs
[2024-07-09T13:36:12.253+0000] {logging_mixin.py:188} INFO - [2024-07-09T13:36:12.253+0000] {dag.py:3834} INFO - Setting next_dagrun for tutorial to 2024-07-08 00:00:00+00:00, run_after=2024-07-09 00:00:00+00:00
[2024-07-09T13:36:12.272+0000] {processor.py:183} INFO - Processing /home/airflow/.local/lib/python3.11/site-packages/airflow/example_dags/tutorial.py took 0.079 seconds
[2024-07-09T13:36:42.364+0000] {processor.py:161} INFO - Started process (PID=2956) to work on /home/airflow/.local/lib/python3.11/site-packages/airflow/example_dags/tutorial.py
[2024-07-09T13:36:42.365+0000] {processor.py:830} INFO - Processing file /home/airflow/.local/lib/python3.11/site-packages/airflow/example_dags/tutorial.py for tasks to queue
[2024-07-09T13:36:42.365+0000] {logging_mixin.py:188} INFO - [2024-07-09T13:36:42.365+0000] {dagbag.py:540} INFO - Filling up the DagBag from /home/airflow/.local/lib/python3.11/site-packages/airflow/example_dags/tutorial.py
[2024-07-09T13:36:42.370+0000] {processor.py:840} INFO - DAG(s) 'tutorial' retrieved from /home/airflow/.local/lib/python3.11/site-packages/airflow/example_dags/tutorial.py
[2024-07-09T13:36:42.389+0000] {logging_mixin.py:188} INFO - [2024-07-09T13:36:42.389+0000] {dag.py:3047} INFO - Sync 1 DAGs
[2024-07-09T13:36:42.406+0000] {logging_mixin.py:188} INFO - [2024-07-09T13:36:42.406+0000] {dag.py:3834} INFO - Setting next_dagrun for tutorial to 2024-07-08 00:00:00+00:00, run_after=2024-07-09 00:00:00+00:00
[2024-07-09T13:36:42.422+0000] {processor.py:183} INFO - Processing /home/airflow/.local/lib/python3.11/site-packages/airflow/example_dags/tutorial.py took 0.061 seconds
[2024-07-09T13:37:12.903+0000] {processor.py:161} INFO - Started process (PID=3226) to work on /home/airflow/.local/lib/python3.11/site-packages/airflow/example_dags/tutorial.py
[2024-07-09T13:37:12.904+0000] {processor.py:830} INFO - Processing file /home/airflow/.local/lib/python3.11/site-packages/airflow/example_dags/tutorial.py for tasks to queue
[2024-07-09T13:37:12.905+0000] {logging_mixin.py:188} INFO - [2024-07-09T13:37:12.905+0000] {dagbag.py:540} INFO - Filling up the DagBag from /home/airflow/.local/lib/python3.11/site-packages/airflow/example_dags/tutorial.py
[2024-07-09T13:37:12.910+0000] {processor.py:840} INFO - DAG(s) 'tutorial' retrieved from /home/airflow/.local/lib/python3.11/site-packages/airflow/example_dags/tutorial.py
[2024-07-09T13:37:12.931+0000] {logging_mixin.py:188} INFO - [2024-07-09T13:37:12.931+0000] {dag.py:3047} INFO - Sync 1 DAGs
[2024-07-09T13:37:12.953+0000] {logging_mixin.py:188} INFO - [2024-07-09T13:37:12.953+0000] {dag.py:3834} INFO - Setting next_dagrun for tutorial to 2024-07-08 00:00:00+00:00, run_after=2024-07-09 00:00:00+00:00
[2024-07-09T13:37:12.970+0000] {processor.py:183} INFO - Processing /home/airflow/.local/lib/python3.11/site-packages/airflow/example_dags/tutorial.py took 0.070 seconds
[2024-07-09T13:46:11.178+0000] {processor.py:161} INFO - Started process (PID=274) to work on /home/airflow/.local/lib/python3.11/site-packages/airflow/example_dags/tutorial.py
[2024-07-09T13:46:11.180+0000] {processor.py:830} INFO - Processing file /home/airflow/.local/lib/python3.11/site-packages/airflow/example_dags/tutorial.py for tasks to queue
[2024-07-09T13:46:11.180+0000] {logging_mixin.py:188} INFO - [2024-07-09T13:46:11.180+0000] {dagbag.py:540} INFO - Filling up the DagBag from /home/airflow/.local/lib/python3.11/site-packages/airflow/example_dags/tutorial.py
[2024-07-09T13:46:11.188+0000] {processor.py:840} INFO - DAG(s) 'tutorial' retrieved from /home/airflow/.local/lib/python3.11/site-packages/airflow/example_dags/tutorial.py
[2024-07-09T13:46:11.281+0000] {logging_mixin.py:188} INFO - [2024-07-09T13:46:11.280+0000] {override.py:1769} INFO - Created Permission View: can delete on DAG:tutorial
[2024-07-09T13:46:11.290+0000] {logging_mixin.py:188} INFO - [2024-07-09T13:46:11.289+0000] {override.py:1769} INFO - Created Permission View: can read on DAG:tutorial
[2024-07-09T13:46:11.298+0000] {logging_mixin.py:188} INFO - [2024-07-09T13:46:11.297+0000] {override.py:1769} INFO - Created Permission View: can edit on DAG:tutorial
[2024-07-09T13:46:11.298+0000] {logging_mixin.py:188} INFO - [2024-07-09T13:46:11.298+0000] {dag.py:3047} INFO - Sync 1 DAGs
[2024-07-09T13:46:11.307+0000] {logging_mixin.py:188} INFO - [2024-07-09T13:46:11.307+0000] {dag.py:3069} INFO - Creating ORM DAG for tutorial
[2024-07-09T13:46:11.315+0000] {logging_mixin.py:188} INFO - [2024-07-09T13:46:11.315+0000] {dag.py:3834} INFO - Setting next_dagrun for tutorial to 2024-07-08 00:00:00+00:00, run_after=2024-07-09 00:00:00+00:00
[2024-07-09T13:46:11.329+0000] {processor.py:183} INFO - Processing /home/airflow/.local/lib/python3.11/site-packages/airflow/example_dags/tutorial.py took 0.155 seconds
[2024-07-09T13:46:41.357+0000] {processor.py:161} INFO - Started process (PID=546) to work on /home/airflow/.local/lib/python3.11/site-packages/airflow/example_dags/tutorial.py
[2024-07-09T13:46:41.358+0000] {processor.py:830} INFO - Processing file /home/airflow/.local/lib/python3.11/site-packages/airflow/example_dags/tutorial.py for tasks to queue
[2024-07-09T13:46:41.359+0000] {logging_mixin.py:188} INFO - [2024-07-09T13:46:41.359+0000] {dagbag.py:540} INFO - Filling up the DagBag from /home/airflow/.local/lib/python3.11/site-packages/airflow/example_dags/tutorial.py
[2024-07-09T13:46:41.364+0000] {processor.py:840} INFO - DAG(s) 'tutorial' retrieved from /home/airflow/.local/lib/python3.11/site-packages/airflow/example_dags/tutorial.py
[2024-07-09T13:46:41.383+0000] {logging_mixin.py:188} INFO - [2024-07-09T13:46:41.383+0000] {dag.py:3047} INFO - Sync 1 DAGs
[2024-07-09T13:46:41.400+0000] {logging_mixin.py:188} INFO - [2024-07-09T13:46:41.400+0000] {dag.py:3834} INFO - Setting next_dagrun for tutorial to 2024-07-08 00:00:00+00:00, run_after=2024-07-09 00:00:00+00:00
[2024-07-09T13:46:41.416+0000] {processor.py:183} INFO - Processing /home/airflow/.local/lib/python3.11/site-packages/airflow/example_dags/tutorial.py took 0.061 seconds
[2024-07-09T13:47:12.143+0000] {processor.py:161} INFO - Started process (PID=814) to work on /home/airflow/.local/lib/python3.11/site-packages/airflow/example_dags/tutorial.py
[2024-07-09T13:47:12.144+0000] {processor.py:830} INFO - Processing file /home/airflow/.local/lib/python3.11/site-packages/airflow/example_dags/tutorial.py for tasks to queue
[2024-07-09T13:47:12.145+0000] {logging_mixin.py:188} INFO - [2024-07-09T13:47:12.144+0000] {dagbag.py:540} INFO - Filling up the DagBag from /home/airflow/.local/lib/python3.11/site-packages/airflow/example_dags/tutorial.py
[2024-07-09T13:47:12.150+0000] {processor.py:840} INFO - DAG(s) 'tutorial' retrieved from /home/airflow/.local/lib/python3.11/site-packages/airflow/example_dags/tutorial.py
[2024-07-09T13:47:12.170+0000] {logging_mixin.py:188} INFO - [2024-07-09T13:47:12.170+0000] {dag.py:3047} INFO - Sync 1 DAGs
[2024-07-09T13:47:12.188+0000] {logging_mixin.py:188} INFO - [2024-07-09T13:47:12.187+0000] {dag.py:3834} INFO - Setting next_dagrun for tutorial to 2024-07-08 00:00:00+00:00, run_after=2024-07-09 00:00:00+00:00
[2024-07-09T13:47:12.204+0000] {processor.py:183} INFO - Processing /home/airflow/.local/lib/python3.11/site-packages/airflow/example_dags/tutorial.py took 0.063 seconds
[2024-07-09T13:47:43.233+0000] {processor.py:161} INFO - Started process (PID=1084) to work on /home/airflow/.local/lib/python3.11/site-packages/airflow/example_dags/tutorial.py
[2024-07-09T13:47:43.234+0000] {processor.py:830} INFO - Processing file /home/airflow/.local/lib/python3.11/site-packages/airflow/example_dags/tutorial.py for tasks to queue
[2024-07-09T13:47:43.235+0000] {logging_mixin.py:188} INFO - [2024-07-09T13:47:43.235+0000] {dagbag.py:540} INFO - Filling up the DagBag from /home/airflow/.local/lib/python3.11/site-packages/airflow/example_dags/tutorial.py
[2024-07-09T13:47:43.241+0000] {processor.py:840} INFO - DAG(s) 'tutorial' retrieved from /home/airflow/.local/lib/python3.11/site-packages/airflow/example_dags/tutorial.py
[2024-07-09T13:47:43.264+0000] {logging_mixin.py:188} INFO - [2024-07-09T13:47:43.264+0000] {dag.py:3047} INFO - Sync 1 DAGs
[2024-07-09T13:47:43.393+0000] {logging_mixin.py:188} INFO - [2024-07-09T13:47:43.393+0000] {dag.py:3834} INFO - Setting next_dagrun for tutorial to 2024-07-08 00:00:00+00:00, run_after=2024-07-09 00:00:00+00:00
[2024-07-09T13:47:43.409+0000] {processor.py:183} INFO - Processing /home/airflow/.local/lib/python3.11/site-packages/airflow/example_dags/tutorial.py took 0.179 seconds
[2024-07-09T13:48:13.660+0000] {processor.py:161} INFO - Started process (PID=1354) to work on /home/airflow/.local/lib/python3.11/site-packages/airflow/example_dags/tutorial.py
[2024-07-09T13:48:13.661+0000] {processor.py:830} INFO - Processing file /home/airflow/.local/lib/python3.11/site-packages/airflow/example_dags/tutorial.py for tasks to queue
[2024-07-09T13:48:13.662+0000] {logging_mixin.py:188} INFO - [2024-07-09T13:48:13.661+0000] {dagbag.py:540} INFO - Filling up the DagBag from /home/airflow/.local/lib/python3.11/site-packages/airflow/example_dags/tutorial.py
[2024-07-09T13:48:13.668+0000] {processor.py:840} INFO - DAG(s) 'tutorial' retrieved from /home/airflow/.local/lib/python3.11/site-packages/airflow/example_dags/tutorial.py
[2024-07-09T13:48:13.689+0000] {logging_mixin.py:188} INFO - [2024-07-09T13:48:13.689+0000] {dag.py:3047} INFO - Sync 1 DAGs
[2024-07-09T13:48:13.709+0000] {logging_mixin.py:188} INFO - [2024-07-09T13:48:13.709+0000] {dag.py:3834} INFO - Setting next_dagrun for tutorial to 2024-07-08 00:00:00+00:00, run_after=2024-07-09 00:00:00+00:00
[2024-07-09T13:48:13.728+0000] {processor.py:183} INFO - Processing /home/airflow/.local/lib/python3.11/site-packages/airflow/example_dags/tutorial.py took 0.071 seconds
[2024-07-09T13:48:44.080+0000] {processor.py:161} INFO - Started process (PID=1624) to work on /home/airflow/.local/lib/python3.11/site-packages/airflow/example_dags/tutorial.py
[2024-07-09T13:48:44.081+0000] {processor.py:830} INFO - Processing file /home/airflow/.local/lib/python3.11/site-packages/airflow/example_dags/tutorial.py for tasks to queue
[2024-07-09T13:48:44.082+0000] {logging_mixin.py:188} INFO - [2024-07-09T13:48:44.082+0000] {dagbag.py:540} INFO - Filling up the DagBag from /home/airflow/.local/lib/python3.11/site-packages/airflow/example_dags/tutorial.py
[2024-07-09T13:48:44.087+0000] {processor.py:840} INFO - DAG(s) 'tutorial' retrieved from /home/airflow/.local/lib/python3.11/site-packages/airflow/example_dags/tutorial.py
[2024-07-09T13:48:44.107+0000] {logging_mixin.py:188} INFO - [2024-07-09T13:48:44.106+0000] {dag.py:3047} INFO - Sync 1 DAGs
[2024-07-09T13:48:44.124+0000] {logging_mixin.py:188} INFO - [2024-07-09T13:48:44.124+0000] {dag.py:3834} INFO - Setting next_dagrun for tutorial to 2024-07-08 00:00:00+00:00, run_after=2024-07-09 00:00:00+00:00
[2024-07-09T13:48:44.139+0000] {processor.py:183} INFO - Processing /home/airflow/.local/lib/python3.11/site-packages/airflow/example_dags/tutorial.py took 0.061 seconds
[2024-07-09T13:49:14.585+0000] {processor.py:161} INFO - Started process (PID=1894) to work on /home/airflow/.local/lib/python3.11/site-packages/airflow/example_dags/tutorial.py
[2024-07-09T13:49:14.586+0000] {processor.py:830} INFO - Processing file /home/airflow/.local/lib/python3.11/site-packages/airflow/example_dags/tutorial.py for tasks to queue
[2024-07-09T13:49:14.587+0000] {logging_mixin.py:188} INFO - [2024-07-09T13:49:14.586+0000] {dagbag.py:540} INFO - Filling up the DagBag from /home/airflow/.local/lib/python3.11/site-packages/airflow/example_dags/tutorial.py
[2024-07-09T13:49:14.592+0000] {processor.py:840} INFO - DAG(s) 'tutorial' retrieved from /home/airflow/.local/lib/python3.11/site-packages/airflow/example_dags/tutorial.py
[2024-07-09T13:49:14.612+0000] {logging_mixin.py:188} INFO - [2024-07-09T13:49:14.612+0000] {dag.py:3047} INFO - Sync 1 DAGs
[2024-07-09T13:49:14.629+0000] {logging_mixin.py:188} INFO - [2024-07-09T13:49:14.629+0000] {dag.py:3834} INFO - Setting next_dagrun for tutorial to 2024-07-08 00:00:00+00:00, run_after=2024-07-09 00:00:00+00:00
[2024-07-09T13:49:14.645+0000] {processor.py:183} INFO - Processing /home/airflow/.local/lib/python3.11/site-packages/airflow/example_dags/tutorial.py took 0.063 seconds
[2024-07-09T13:49:45.506+0000] {processor.py:161} INFO - Started process (PID=2164) to work on /home/airflow/.local/lib/python3.11/site-packages/airflow/example_dags/tutorial.py
[2024-07-09T13:49:45.508+0000] {processor.py:830} INFO - Processing file /home/airflow/.local/lib/python3.11/site-packages/airflow/example_dags/tutorial.py for tasks to queue
[2024-07-09T13:49:45.508+0000] {logging_mixin.py:188} INFO - [2024-07-09T13:49:45.508+0000] {dagbag.py:540} INFO - Filling up the DagBag from /home/airflow/.local/lib/python3.11/site-packages/airflow/example_dags/tutorial.py
[2024-07-09T13:49:45.513+0000] {processor.py:840} INFO - DAG(s) 'tutorial' retrieved from /home/airflow/.local/lib/python3.11/site-packages/airflow/example_dags/tutorial.py
[2024-07-09T13:49:45.534+0000] {logging_mixin.py:188} INFO - [2024-07-09T13:49:45.534+0000] {dag.py:3047} INFO - Sync 1 DAGs
[2024-07-09T13:49:45.557+0000] {logging_mixin.py:188} INFO - [2024-07-09T13:49:45.557+0000] {dag.py:3834} INFO - Setting next_dagrun for tutorial to 2024-07-08 00:00:00+00:00, run_after=2024-07-09 00:00:00+00:00
[2024-07-09T13:49:45.573+0000] {processor.py:183} INFO - Processing /home/airflow/.local/lib/python3.11/site-packages/airflow/example_dags/tutorial.py took 0.069 seconds
[2024-07-09T13:50:16.131+0000] {processor.py:161} INFO - Started process (PID=2434) to work on /home/airflow/.local/lib/python3.11/site-packages/airflow/example_dags/tutorial.py
[2024-07-09T13:50:16.132+0000] {processor.py:830} INFO - Processing file /home/airflow/.local/lib/python3.11/site-packages/airflow/example_dags/tutorial.py for tasks to queue
[2024-07-09T13:50:16.133+0000] {logging_mixin.py:188} INFO - [2024-07-09T13:50:16.132+0000] {dagbag.py:540} INFO - Filling up the DagBag from /home/airflow/.local/lib/python3.11/site-packages/airflow/example_dags/tutorial.py
[2024-07-09T13:50:16.138+0000] {processor.py:840} INFO - DAG(s) 'tutorial' retrieved from /home/airflow/.local/lib/python3.11/site-packages/airflow/example_dags/tutorial.py
[2024-07-09T13:50:16.158+0000] {logging_mixin.py:188} INFO - [2024-07-09T13:50:16.158+0000] {dag.py:3047} INFO - Sync 1 DAGs
[2024-07-09T13:50:16.175+0000] {logging_mixin.py:188} INFO - [2024-07-09T13:50:16.175+0000] {dag.py:3834} INFO - Setting next_dagrun for tutorial to 2024-07-08 00:00:00+00:00, run_after=2024-07-09 00:00:00+00:00
[2024-07-09T13:50:16.191+0000] {processor.py:183} INFO - Processing /home/airflow/.local/lib/python3.11/site-packages/airflow/example_dags/tutorial.py took 0.063 seconds
[2024-07-09T13:50:46.380+0000] {processor.py:161} INFO - Started process (PID=2692) to work on /home/airflow/.local/lib/python3.11/site-packages/airflow/example_dags/tutorial.py
[2024-07-09T13:50:46.381+0000] {processor.py:830} INFO - Processing file /home/airflow/.local/lib/python3.11/site-packages/airflow/example_dags/tutorial.py for tasks to queue
[2024-07-09T13:50:46.382+0000] {logging_mixin.py:188} INFO - [2024-07-09T13:50:46.381+0000] {dagbag.py:540} INFO - Filling up the DagBag from /home/airflow/.local/lib/python3.11/site-packages/airflow/example_dags/tutorial.py
[2024-07-09T13:50:46.391+0000] {processor.py:840} INFO - DAG(s) 'tutorial' retrieved from /home/airflow/.local/lib/python3.11/site-packages/airflow/example_dags/tutorial.py
[2024-07-09T13:50:46.418+0000] {logging_mixin.py:188} INFO - [2024-07-09T13:50:46.418+0000] {dag.py:3047} INFO - Sync 1 DAGs
[2024-07-09T13:50:46.451+0000] {logging_mixin.py:188} INFO - [2024-07-09T13:50:46.451+0000] {dag.py:3834} INFO - Setting next_dagrun for tutorial to 2024-07-08 00:00:00+00:00, run_after=2024-07-09 00:00:00+00:00
[2024-07-09T13:50:46.497+0000] {processor.py:183} INFO - Processing /home/airflow/.local/lib/python3.11/site-packages/airflow/example_dags/tutorial.py took 0.120 seconds
[2024-07-09T13:51:16.715+0000] {processor.py:161} INFO - Started process (PID=2961) to work on /home/airflow/.local/lib/python3.11/site-packages/airflow/example_dags/tutorial.py
[2024-07-09T13:51:16.716+0000] {processor.py:830} INFO - Processing file /home/airflow/.local/lib/python3.11/site-packages/airflow/example_dags/tutorial.py for tasks to queue
[2024-07-09T13:51:16.716+0000] {logging_mixin.py:188} INFO - [2024-07-09T13:51:16.716+0000] {dagbag.py:540} INFO - Filling up the DagBag from /home/airflow/.local/lib/python3.11/site-packages/airflow/example_dags/tutorial.py
[2024-07-09T13:51:16.721+0000] {processor.py:840} INFO - DAG(s) 'tutorial' retrieved from /home/airflow/.local/lib/python3.11/site-packages/airflow/example_dags/tutorial.py
[2024-07-09T13:51:16.741+0000] {logging_mixin.py:188} INFO - [2024-07-09T13:51:16.741+0000] {dag.py:3047} INFO - Sync 1 DAGs
[2024-07-09T13:51:16.759+0000] {logging_mixin.py:188} INFO - [2024-07-09T13:51:16.758+0000] {dag.py:3834} INFO - Setting next_dagrun for tutorial to 2024-07-08 00:00:00+00:00, run_after=2024-07-09 00:00:00+00:00
[2024-07-09T13:51:16.774+0000] {processor.py:183} INFO - Processing /home/airflow/.local/lib/python3.11/site-packages/airflow/example_dags/tutorial.py took 0.062 seconds
