[2024-07-09T13:18:47.434+0000] {processor.py:161} INFO - Started process (PID=201) to work on /home/airflow/.local/lib/python3.11/site-packages/airflow/example_dags/tutorial_objectstorage.py
[2024-07-09T13:18:47.435+0000] {processor.py:830} INFO - Processing file /home/airflow/.local/lib/python3.11/site-packages/airflow/example_dags/tutorial_objectstorage.py for tasks to queue
[2024-07-09T13:18:47.435+0000] {logging_mixin.py:188} INFO - [2024-07-09T13:18:47.435+0000] {dagbag.py:540} INFO - Filling up the DagBag from /home/airflow/.local/lib/python3.11/site-packages/airflow/example_dags/tutorial_objectstorage.py
[2024-07-09T13:18:47.443+0000] {processor.py:840} INFO - DAG(s) 'tutorial_objectstorage' retrieved from /home/airflow/.local/lib/python3.11/site-packages/airflow/example_dags/tutorial_objectstorage.py
[2024-07-09T13:18:47.532+0000] {logging_mixin.py:188} INFO - [2024-07-09T13:18:47.532+0000] {override.py:1769} INFO - Created Permission View: can delete on DAG:tutorial_objectstorage
[2024-07-09T13:18:47.540+0000] {logging_mixin.py:188} INFO - [2024-07-09T13:18:47.540+0000] {override.py:1769} INFO - Created Permission View: can read on DAG:tutorial_objectstorage
[2024-07-09T13:18:47.546+0000] {logging_mixin.py:188} INFO - [2024-07-09T13:18:47.546+0000] {override.py:1769} INFO - Created Permission View: can edit on DAG:tutorial_objectstorage
[2024-07-09T13:18:47.547+0000] {logging_mixin.py:188} INFO - [2024-07-09T13:18:47.547+0000] {dag.py:3047} INFO - Sync 1 DAGs
[2024-07-09T13:18:47.555+0000] {logging_mixin.py:188} INFO - [2024-07-09T13:18:47.555+0000] {dag.py:3069} INFO - Creating ORM DAG for tutorial_objectstorage
[2024-07-09T13:18:47.556+0000] {logging_mixin.py:188} INFO - [2024-07-09T13:18:47.556+0000] {dag.py:3834} INFO - Setting next_dagrun for tutorial_objectstorage to None, run_after=None
[2024-07-09T13:18:47.570+0000] {processor.py:183} INFO - Processing /home/airflow/.local/lib/python3.11/site-packages/airflow/example_dags/tutorial_objectstorage.py took 0.139 seconds
[2024-07-09T13:19:18.089+0000] {processor.py:161} INFO - Started process (PID=456) to work on /home/airflow/.local/lib/python3.11/site-packages/airflow/example_dags/tutorial_objectstorage.py
[2024-07-09T13:19:18.090+0000] {processor.py:830} INFO - Processing file /home/airflow/.local/lib/python3.11/site-packages/airflow/example_dags/tutorial_objectstorage.py for tasks to queue
[2024-07-09T13:19:18.091+0000] {logging_mixin.py:188} INFO - [2024-07-09T13:19:18.090+0000] {dagbag.py:540} INFO - Filling up the DagBag from /home/airflow/.local/lib/python3.11/site-packages/airflow/example_dags/tutorial_objectstorage.py
[2024-07-09T13:19:18.096+0000] {processor.py:840} INFO - DAG(s) 'tutorial_objectstorage' retrieved from /home/airflow/.local/lib/python3.11/site-packages/airflow/example_dags/tutorial_objectstorage.py
[2024-07-09T13:19:18.115+0000] {logging_mixin.py:188} INFO - [2024-07-09T13:19:18.115+0000] {dag.py:3047} INFO - Sync 1 DAGs
[2024-07-09T13:19:18.125+0000] {logging_mixin.py:188} INFO - [2024-07-09T13:19:18.125+0000] {dag.py:3834} INFO - Setting next_dagrun for tutorial_objectstorage to None, run_after=None
[2024-07-09T13:19:18.140+0000] {processor.py:183} INFO - Processing /home/airflow/.local/lib/python3.11/site-packages/airflow/example_dags/tutorial_objectstorage.py took 0.053 seconds
[2024-07-09T13:19:48.981+0000] {processor.py:161} INFO - Started process (PID=726) to work on /home/airflow/.local/lib/python3.11/site-packages/airflow/example_dags/tutorial_objectstorage.py
[2024-07-09T13:19:48.982+0000] {processor.py:830} INFO - Processing file /home/airflow/.local/lib/python3.11/site-packages/airflow/example_dags/tutorial_objectstorage.py for tasks to queue
[2024-07-09T13:19:48.983+0000] {logging_mixin.py:188} INFO - [2024-07-09T13:19:48.983+0000] {dagbag.py:540} INFO - Filling up the DagBag from /home/airflow/.local/lib/python3.11/site-packages/airflow/example_dags/tutorial_objectstorage.py
[2024-07-09T13:19:48.989+0000] {processor.py:840} INFO - DAG(s) 'tutorial_objectstorage' retrieved from /home/airflow/.local/lib/python3.11/site-packages/airflow/example_dags/tutorial_objectstorage.py
[2024-07-09T13:19:49.008+0000] {logging_mixin.py:188} INFO - [2024-07-09T13:19:49.007+0000] {dag.py:3047} INFO - Sync 1 DAGs
[2024-07-09T13:19:49.018+0000] {logging_mixin.py:188} INFO - [2024-07-09T13:19:49.017+0000] {dag.py:3834} INFO - Setting next_dagrun for tutorial_objectstorage to None, run_after=None
[2024-07-09T13:19:49.033+0000] {processor.py:183} INFO - Processing /home/airflow/.local/lib/python3.11/site-packages/airflow/example_dags/tutorial_objectstorage.py took 0.054 seconds
[2024-07-09T13:20:20.077+0000] {processor.py:161} INFO - Started process (PID=1011) to work on /home/airflow/.local/lib/python3.11/site-packages/airflow/example_dags/tutorial_objectstorage.py
[2024-07-09T13:20:20.078+0000] {processor.py:830} INFO - Processing file /home/airflow/.local/lib/python3.11/site-packages/airflow/example_dags/tutorial_objectstorage.py for tasks to queue
[2024-07-09T13:20:20.078+0000] {logging_mixin.py:188} INFO - [2024-07-09T13:20:20.078+0000] {dagbag.py:540} INFO - Filling up the DagBag from /home/airflow/.local/lib/python3.11/site-packages/airflow/example_dags/tutorial_objectstorage.py
[2024-07-09T13:20:20.084+0000] {processor.py:840} INFO - DAG(s) 'tutorial_objectstorage' retrieved from /home/airflow/.local/lib/python3.11/site-packages/airflow/example_dags/tutorial_objectstorage.py
[2024-07-09T13:20:20.105+0000] {logging_mixin.py:188} INFO - [2024-07-09T13:20:20.105+0000] {dag.py:3047} INFO - Sync 1 DAGs
[2024-07-09T13:20:20.120+0000] {logging_mixin.py:188} INFO - [2024-07-09T13:20:20.119+0000] {dag.py:3834} INFO - Setting next_dagrun for tutorial_objectstorage to None, run_after=None
[2024-07-09T13:20:20.145+0000] {processor.py:183} INFO - Processing /home/airflow/.local/lib/python3.11/site-packages/airflow/example_dags/tutorial_objectstorage.py took 0.071 seconds
[2024-07-09T13:20:51.167+0000] {processor.py:161} INFO - Started process (PID=1266) to work on /home/airflow/.local/lib/python3.11/site-packages/airflow/example_dags/tutorial_objectstorage.py
[2024-07-09T13:20:51.168+0000] {processor.py:830} INFO - Processing file /home/airflow/.local/lib/python3.11/site-packages/airflow/example_dags/tutorial_objectstorage.py for tasks to queue
[2024-07-09T13:20:51.169+0000] {logging_mixin.py:188} INFO - [2024-07-09T13:20:51.169+0000] {dagbag.py:540} INFO - Filling up the DagBag from /home/airflow/.local/lib/python3.11/site-packages/airflow/example_dags/tutorial_objectstorage.py
[2024-07-09T13:20:51.177+0000] {processor.py:840} INFO - DAG(s) 'tutorial_objectstorage' retrieved from /home/airflow/.local/lib/python3.11/site-packages/airflow/example_dags/tutorial_objectstorage.py
[2024-07-09T13:20:51.201+0000] {logging_mixin.py:188} INFO - [2024-07-09T13:20:51.201+0000] {dag.py:3047} INFO - Sync 1 DAGs
[2024-07-09T13:20:51.213+0000] {logging_mixin.py:188} INFO - [2024-07-09T13:20:51.213+0000] {dag.py:3834} INFO - Setting next_dagrun for tutorial_objectstorage to None, run_after=None
[2024-07-09T13:20:51.234+0000] {processor.py:183} INFO - Processing /home/airflow/.local/lib/python3.11/site-packages/airflow/example_dags/tutorial_objectstorage.py took 0.071 seconds
[2024-07-09T13:21:22.164+0000] {processor.py:161} INFO - Started process (PID=1536) to work on /home/airflow/.local/lib/python3.11/site-packages/airflow/example_dags/tutorial_objectstorage.py
[2024-07-09T13:21:22.165+0000] {processor.py:830} INFO - Processing file /home/airflow/.local/lib/python3.11/site-packages/airflow/example_dags/tutorial_objectstorage.py for tasks to queue
[2024-07-09T13:21:22.166+0000] {logging_mixin.py:188} INFO - [2024-07-09T13:21:22.165+0000] {dagbag.py:540} INFO - Filling up the DagBag from /home/airflow/.local/lib/python3.11/site-packages/airflow/example_dags/tutorial_objectstorage.py
[2024-07-09T13:21:22.172+0000] {processor.py:840} INFO - DAG(s) 'tutorial_objectstorage' retrieved from /home/airflow/.local/lib/python3.11/site-packages/airflow/example_dags/tutorial_objectstorage.py
[2024-07-09T13:21:22.192+0000] {logging_mixin.py:188} INFO - [2024-07-09T13:21:22.192+0000] {dag.py:3047} INFO - Sync 1 DAGs
[2024-07-09T13:21:22.206+0000] {logging_mixin.py:188} INFO - [2024-07-09T13:21:22.206+0000] {dag.py:3834} INFO - Setting next_dagrun for tutorial_objectstorage to None, run_after=None
[2024-07-09T13:21:22.225+0000] {processor.py:183} INFO - Processing /home/airflow/.local/lib/python3.11/site-packages/airflow/example_dags/tutorial_objectstorage.py took 0.063 seconds
[2024-07-09T13:21:52.806+0000] {processor.py:161} INFO - Started process (PID=1806) to work on /home/airflow/.local/lib/python3.11/site-packages/airflow/example_dags/tutorial_objectstorage.py
[2024-07-09T13:21:52.807+0000] {processor.py:830} INFO - Processing file /home/airflow/.local/lib/python3.11/site-packages/airflow/example_dags/tutorial_objectstorage.py for tasks to queue
[2024-07-09T13:21:52.808+0000] {logging_mixin.py:188} INFO - [2024-07-09T13:21:52.807+0000] {dagbag.py:540} INFO - Filling up the DagBag from /home/airflow/.local/lib/python3.11/site-packages/airflow/example_dags/tutorial_objectstorage.py
[2024-07-09T13:21:52.814+0000] {processor.py:840} INFO - DAG(s) 'tutorial_objectstorage' retrieved from /home/airflow/.local/lib/python3.11/site-packages/airflow/example_dags/tutorial_objectstorage.py
[2024-07-09T13:21:52.834+0000] {logging_mixin.py:188} INFO - [2024-07-09T13:21:52.833+0000] {dag.py:3047} INFO - Sync 1 DAGs
[2024-07-09T13:21:52.843+0000] {logging_mixin.py:188} INFO - [2024-07-09T13:21:52.843+0000] {dag.py:3834} INFO - Setting next_dagrun for tutorial_objectstorage to None, run_after=None
[2024-07-09T13:21:52.861+0000] {processor.py:183} INFO - Processing /home/airflow/.local/lib/python3.11/site-packages/airflow/example_dags/tutorial_objectstorage.py took 0.057 seconds
[2024-07-09T13:22:23.618+0000] {processor.py:161} INFO - Started process (PID=2076) to work on /home/airflow/.local/lib/python3.11/site-packages/airflow/example_dags/tutorial_objectstorage.py
[2024-07-09T13:22:23.619+0000] {processor.py:830} INFO - Processing file /home/airflow/.local/lib/python3.11/site-packages/airflow/example_dags/tutorial_objectstorage.py for tasks to queue
[2024-07-09T13:22:23.619+0000] {logging_mixin.py:188} INFO - [2024-07-09T13:22:23.619+0000] {dagbag.py:540} INFO - Filling up the DagBag from /home/airflow/.local/lib/python3.11/site-packages/airflow/example_dags/tutorial_objectstorage.py
[2024-07-09T13:22:23.625+0000] {processor.py:840} INFO - DAG(s) 'tutorial_objectstorage' retrieved from /home/airflow/.local/lib/python3.11/site-packages/airflow/example_dags/tutorial_objectstorage.py
[2024-07-09T13:22:23.645+0000] {logging_mixin.py:188} INFO - [2024-07-09T13:22:23.645+0000] {dag.py:3047} INFO - Sync 1 DAGs
[2024-07-09T13:22:23.656+0000] {logging_mixin.py:188} INFO - [2024-07-09T13:22:23.656+0000] {dag.py:3834} INFO - Setting next_dagrun for tutorial_objectstorage to None, run_after=None
[2024-07-09T13:22:23.673+0000] {processor.py:183} INFO - Processing /home/airflow/.local/lib/python3.11/site-packages/airflow/example_dags/tutorial_objectstorage.py took 0.057 seconds
[2024-07-09T13:22:54.353+0000] {processor.py:161} INFO - Started process (PID=2346) to work on /home/airflow/.local/lib/python3.11/site-packages/airflow/example_dags/tutorial_objectstorage.py
[2024-07-09T13:22:54.354+0000] {processor.py:830} INFO - Processing file /home/airflow/.local/lib/python3.11/site-packages/airflow/example_dags/tutorial_objectstorage.py for tasks to queue
[2024-07-09T13:22:54.355+0000] {logging_mixin.py:188} INFO - [2024-07-09T13:22:54.355+0000] {dagbag.py:540} INFO - Filling up the DagBag from /home/airflow/.local/lib/python3.11/site-packages/airflow/example_dags/tutorial_objectstorage.py
[2024-07-09T13:22:54.361+0000] {processor.py:840} INFO - DAG(s) 'tutorial_objectstorage' retrieved from /home/airflow/.local/lib/python3.11/site-packages/airflow/example_dags/tutorial_objectstorage.py
[2024-07-09T13:22:54.381+0000] {logging_mixin.py:188} INFO - [2024-07-09T13:22:54.381+0000] {dag.py:3047} INFO - Sync 1 DAGs
[2024-07-09T13:22:54.391+0000] {logging_mixin.py:188} INFO - [2024-07-09T13:22:54.391+0000] {dag.py:3834} INFO - Setting next_dagrun for tutorial_objectstorage to None, run_after=None
[2024-07-09T13:22:54.408+0000] {processor.py:183} INFO - Processing /home/airflow/.local/lib/python3.11/site-packages/airflow/example_dags/tutorial_objectstorage.py took 0.057 seconds
[2024-07-09T13:23:25.131+0000] {processor.py:161} INFO - Started process (PID=2616) to work on /home/airflow/.local/lib/python3.11/site-packages/airflow/example_dags/tutorial_objectstorage.py
[2024-07-09T13:23:25.132+0000] {processor.py:830} INFO - Processing file /home/airflow/.local/lib/python3.11/site-packages/airflow/example_dags/tutorial_objectstorage.py for tasks to queue
[2024-07-09T13:23:25.133+0000] {logging_mixin.py:188} INFO - [2024-07-09T13:23:25.133+0000] {dagbag.py:540} INFO - Filling up the DagBag from /home/airflow/.local/lib/python3.11/site-packages/airflow/example_dags/tutorial_objectstorage.py
[2024-07-09T13:23:25.139+0000] {processor.py:840} INFO - DAG(s) 'tutorial_objectstorage' retrieved from /home/airflow/.local/lib/python3.11/site-packages/airflow/example_dags/tutorial_objectstorage.py
[2024-07-09T13:23:25.161+0000] {logging_mixin.py:188} INFO - [2024-07-09T13:23:25.161+0000] {dag.py:3047} INFO - Sync 1 DAGs
[2024-07-09T13:23:25.172+0000] {logging_mixin.py:188} INFO - [2024-07-09T13:23:25.172+0000] {dag.py:3834} INFO - Setting next_dagrun for tutorial_objectstorage to None, run_after=None
[2024-07-09T13:23:25.189+0000] {processor.py:183} INFO - Processing /home/airflow/.local/lib/python3.11/site-packages/airflow/example_dags/tutorial_objectstorage.py took 0.060 seconds
[2024-07-09T13:23:55.897+0000] {processor.py:161} INFO - Started process (PID=2886) to work on /home/airflow/.local/lib/python3.11/site-packages/airflow/example_dags/tutorial_objectstorage.py
[2024-07-09T13:23:55.898+0000] {processor.py:830} INFO - Processing file /home/airflow/.local/lib/python3.11/site-packages/airflow/example_dags/tutorial_objectstorage.py for tasks to queue
[2024-07-09T13:23:55.899+0000] {logging_mixin.py:188} INFO - [2024-07-09T13:23:55.898+0000] {dagbag.py:540} INFO - Filling up the DagBag from /home/airflow/.local/lib/python3.11/site-packages/airflow/example_dags/tutorial_objectstorage.py
[2024-07-09T13:23:55.904+0000] {processor.py:840} INFO - DAG(s) 'tutorial_objectstorage' retrieved from /home/airflow/.local/lib/python3.11/site-packages/airflow/example_dags/tutorial_objectstorage.py
[2024-07-09T13:23:55.923+0000] {logging_mixin.py:188} INFO - [2024-07-09T13:23:55.923+0000] {dag.py:3047} INFO - Sync 1 DAGs
[2024-07-09T13:23:55.933+0000] {logging_mixin.py:188} INFO - [2024-07-09T13:23:55.933+0000] {dag.py:3834} INFO - Setting next_dagrun for tutorial_objectstorage to None, run_after=None
[2024-07-09T13:23:55.948+0000] {processor.py:183} INFO - Processing /home/airflow/.local/lib/python3.11/site-packages/airflow/example_dags/tutorial_objectstorage.py took 0.054 seconds
[2024-07-09T13:24:26.565+0000] {processor.py:161} INFO - Started process (PID=3156) to work on /home/airflow/.local/lib/python3.11/site-packages/airflow/example_dags/tutorial_objectstorage.py
[2024-07-09T13:24:26.566+0000] {processor.py:830} INFO - Processing file /home/airflow/.local/lib/python3.11/site-packages/airflow/example_dags/tutorial_objectstorage.py for tasks to queue
[2024-07-09T13:24:26.567+0000] {logging_mixin.py:188} INFO - [2024-07-09T13:24:26.566+0000] {dagbag.py:540} INFO - Filling up the DagBag from /home/airflow/.local/lib/python3.11/site-packages/airflow/example_dags/tutorial_objectstorage.py
[2024-07-09T13:24:26.573+0000] {processor.py:840} INFO - DAG(s) 'tutorial_objectstorage' retrieved from /home/airflow/.local/lib/python3.11/site-packages/airflow/example_dags/tutorial_objectstorage.py
[2024-07-09T13:24:26.592+0000] {logging_mixin.py:188} INFO - [2024-07-09T13:24:26.592+0000] {dag.py:3047} INFO - Sync 1 DAGs
[2024-07-09T13:24:26.601+0000] {logging_mixin.py:188} INFO - [2024-07-09T13:24:26.601+0000] {dag.py:3834} INFO - Setting next_dagrun for tutorial_objectstorage to None, run_after=None
[2024-07-09T13:24:26.617+0000] {processor.py:183} INFO - Processing /home/airflow/.local/lib/python3.11/site-packages/airflow/example_dags/tutorial_objectstorage.py took 0.055 seconds
[2024-07-09T13:24:57.288+0000] {processor.py:161} INFO - Started process (PID=3426) to work on /home/airflow/.local/lib/python3.11/site-packages/airflow/example_dags/tutorial_objectstorage.py
[2024-07-09T13:24:57.288+0000] {processor.py:830} INFO - Processing file /home/airflow/.local/lib/python3.11/site-packages/airflow/example_dags/tutorial_objectstorage.py for tasks to queue
[2024-07-09T13:24:57.289+0000] {logging_mixin.py:188} INFO - [2024-07-09T13:24:57.289+0000] {dagbag.py:540} INFO - Filling up the DagBag from /home/airflow/.local/lib/python3.11/site-packages/airflow/example_dags/tutorial_objectstorage.py
[2024-07-09T13:24:57.295+0000] {processor.py:840} INFO - DAG(s) 'tutorial_objectstorage' retrieved from /home/airflow/.local/lib/python3.11/site-packages/airflow/example_dags/tutorial_objectstorage.py
[2024-07-09T13:24:57.314+0000] {logging_mixin.py:188} INFO - [2024-07-09T13:24:57.314+0000] {dag.py:3047} INFO - Sync 1 DAGs
[2024-07-09T13:24:57.324+0000] {logging_mixin.py:188} INFO - [2024-07-09T13:24:57.324+0000] {dag.py:3834} INFO - Setting next_dagrun for tutorial_objectstorage to None, run_after=None
[2024-07-09T13:24:57.340+0000] {processor.py:183} INFO - Processing /home/airflow/.local/lib/python3.11/site-packages/airflow/example_dags/tutorial_objectstorage.py took 0.055 seconds
[2024-07-09T13:26:08.241+0000] {processor.py:161} INFO - Started process (PID=202) to work on /home/airflow/.local/lib/python3.11/site-packages/airflow/example_dags/tutorial_objectstorage.py
[2024-07-09T13:26:08.242+0000] {processor.py:830} INFO - Processing file /home/airflow/.local/lib/python3.11/site-packages/airflow/example_dags/tutorial_objectstorage.py for tasks to queue
[2024-07-09T13:26:08.243+0000] {logging_mixin.py:188} INFO - [2024-07-09T13:26:08.242+0000] {dagbag.py:540} INFO - Filling up the DagBag from /home/airflow/.local/lib/python3.11/site-packages/airflow/example_dags/tutorial_objectstorage.py
[2024-07-09T13:26:08.251+0000] {processor.py:840} INFO - DAG(s) 'tutorial_objectstorage' retrieved from /home/airflow/.local/lib/python3.11/site-packages/airflow/example_dags/tutorial_objectstorage.py
[2024-07-09T13:26:08.344+0000] {logging_mixin.py:188} INFO - [2024-07-09T13:26:08.343+0000] {override.py:1769} INFO - Created Permission View: can delete on DAG:tutorial_objectstorage
[2024-07-09T13:26:08.352+0000] {logging_mixin.py:188} INFO - [2024-07-09T13:26:08.352+0000] {override.py:1769} INFO - Created Permission View: can read on DAG:tutorial_objectstorage
[2024-07-09T13:26:08.359+0000] {logging_mixin.py:188} INFO - [2024-07-09T13:26:08.359+0000] {override.py:1769} INFO - Created Permission View: can edit on DAG:tutorial_objectstorage
[2024-07-09T13:26:08.359+0000] {logging_mixin.py:188} INFO - [2024-07-09T13:26:08.359+0000] {dag.py:3047} INFO - Sync 1 DAGs
[2024-07-09T13:26:08.368+0000] {logging_mixin.py:188} INFO - [2024-07-09T13:26:08.367+0000] {dag.py:3069} INFO - Creating ORM DAG for tutorial_objectstorage
[2024-07-09T13:26:08.368+0000] {logging_mixin.py:188} INFO - [2024-07-09T13:26:08.368+0000] {dag.py:3834} INFO - Setting next_dagrun for tutorial_objectstorage to None, run_after=None
[2024-07-09T13:26:08.381+0000] {processor.py:183} INFO - Processing /home/airflow/.local/lib/python3.11/site-packages/airflow/example_dags/tutorial_objectstorage.py took 0.143 seconds
[2024-07-09T13:26:39.112+0000] {processor.py:161} INFO - Started process (PID=470) to work on /home/airflow/.local/lib/python3.11/site-packages/airflow/example_dags/tutorial_objectstorage.py
[2024-07-09T13:26:39.113+0000] {processor.py:830} INFO - Processing file /home/airflow/.local/lib/python3.11/site-packages/airflow/example_dags/tutorial_objectstorage.py for tasks to queue
[2024-07-09T13:26:39.113+0000] {logging_mixin.py:188} INFO - [2024-07-09T13:26:39.113+0000] {dagbag.py:540} INFO - Filling up the DagBag from /home/airflow/.local/lib/python3.11/site-packages/airflow/example_dags/tutorial_objectstorage.py
[2024-07-09T13:26:39.120+0000] {processor.py:840} INFO - DAG(s) 'tutorial_objectstorage' retrieved from /home/airflow/.local/lib/python3.11/site-packages/airflow/example_dags/tutorial_objectstorage.py
[2024-07-09T13:26:39.140+0000] {logging_mixin.py:188} INFO - [2024-07-09T13:26:39.140+0000] {dag.py:3047} INFO - Sync 1 DAGs
[2024-07-09T13:26:39.150+0000] {logging_mixin.py:188} INFO - [2024-07-09T13:26:39.150+0000] {dag.py:3834} INFO - Setting next_dagrun for tutorial_objectstorage to None, run_after=None
[2024-07-09T13:26:39.168+0000] {processor.py:183} INFO - Processing /home/airflow/.local/lib/python3.11/site-packages/airflow/example_dags/tutorial_objectstorage.py took 0.059 seconds
[2024-07-09T13:27:09.703+0000] {processor.py:161} INFO - Started process (PID=740) to work on /home/airflow/.local/lib/python3.11/site-packages/airflow/example_dags/tutorial_objectstorage.py
[2024-07-09T13:27:09.704+0000] {processor.py:830} INFO - Processing file /home/airflow/.local/lib/python3.11/site-packages/airflow/example_dags/tutorial_objectstorage.py for tasks to queue
[2024-07-09T13:27:09.704+0000] {logging_mixin.py:188} INFO - [2024-07-09T13:27:09.704+0000] {dagbag.py:540} INFO - Filling up the DagBag from /home/airflow/.local/lib/python3.11/site-packages/airflow/example_dags/tutorial_objectstorage.py
[2024-07-09T13:27:09.711+0000] {processor.py:840} INFO - DAG(s) 'tutorial_objectstorage' retrieved from /home/airflow/.local/lib/python3.11/site-packages/airflow/example_dags/tutorial_objectstorage.py
[2024-07-09T13:27:09.731+0000] {logging_mixin.py:188} INFO - [2024-07-09T13:27:09.730+0000] {dag.py:3047} INFO - Sync 1 DAGs
[2024-07-09T13:27:09.742+0000] {logging_mixin.py:188} INFO - [2024-07-09T13:27:09.741+0000] {dag.py:3834} INFO - Setting next_dagrun for tutorial_objectstorage to None, run_after=None
[2024-07-09T13:27:09.757+0000] {processor.py:183} INFO - Processing /home/airflow/.local/lib/python3.11/site-packages/airflow/example_dags/tutorial_objectstorage.py took 0.057 seconds
[2024-07-09T13:27:40.080+0000] {processor.py:161} INFO - Started process (PID=997) to work on /home/airflow/.local/lib/python3.11/site-packages/airflow/example_dags/tutorial_objectstorage.py
[2024-07-09T13:27:40.081+0000] {processor.py:830} INFO - Processing file /home/airflow/.local/lib/python3.11/site-packages/airflow/example_dags/tutorial_objectstorage.py for tasks to queue
[2024-07-09T13:27:40.082+0000] {logging_mixin.py:188} INFO - [2024-07-09T13:27:40.082+0000] {dagbag.py:540} INFO - Filling up the DagBag from /home/airflow/.local/lib/python3.11/site-packages/airflow/example_dags/tutorial_objectstorage.py
[2024-07-09T13:27:40.088+0000] {processor.py:840} INFO - DAG(s) 'tutorial_objectstorage' retrieved from /home/airflow/.local/lib/python3.11/site-packages/airflow/example_dags/tutorial_objectstorage.py
[2024-07-09T13:27:40.109+0000] {logging_mixin.py:188} INFO - [2024-07-09T13:27:40.109+0000] {dag.py:3047} INFO - Sync 1 DAGs
[2024-07-09T13:27:40.119+0000] {logging_mixin.py:188} INFO - [2024-07-09T13:27:40.119+0000] {dag.py:3834} INFO - Setting next_dagrun for tutorial_objectstorage to None, run_after=None
[2024-07-09T13:27:40.137+0000] {processor.py:183} INFO - Processing /home/airflow/.local/lib/python3.11/site-packages/airflow/example_dags/tutorial_objectstorage.py took 0.059 seconds
[2024-07-09T13:28:10.176+0000] {processor.py:161} INFO - Started process (PID=1264) to work on /home/airflow/.local/lib/python3.11/site-packages/airflow/example_dags/tutorial_objectstorage.py
[2024-07-09T13:28:10.177+0000] {processor.py:830} INFO - Processing file /home/airflow/.local/lib/python3.11/site-packages/airflow/example_dags/tutorial_objectstorage.py for tasks to queue
[2024-07-09T13:28:10.178+0000] {logging_mixin.py:188} INFO - [2024-07-09T13:28:10.178+0000] {dagbag.py:540} INFO - Filling up the DagBag from /home/airflow/.local/lib/python3.11/site-packages/airflow/example_dags/tutorial_objectstorage.py
[2024-07-09T13:28:10.184+0000] {processor.py:840} INFO - DAG(s) 'tutorial_objectstorage' retrieved from /home/airflow/.local/lib/python3.11/site-packages/airflow/example_dags/tutorial_objectstorage.py
[2024-07-09T13:28:10.202+0000] {logging_mixin.py:188} INFO - [2024-07-09T13:28:10.202+0000] {dag.py:3047} INFO - Sync 1 DAGs
[2024-07-09T13:28:10.212+0000] {logging_mixin.py:188} INFO - [2024-07-09T13:28:10.212+0000] {dag.py:3834} INFO - Setting next_dagrun for tutorial_objectstorage to None, run_after=None
[2024-07-09T13:28:10.227+0000] {processor.py:183} INFO - Processing /home/airflow/.local/lib/python3.11/site-packages/airflow/example_dags/tutorial_objectstorage.py took 0.053 seconds
[2024-07-09T13:28:40.641+0000] {processor.py:161} INFO - Started process (PID=1534) to work on /home/airflow/.local/lib/python3.11/site-packages/airflow/example_dags/tutorial_objectstorage.py
[2024-07-09T13:28:40.642+0000] {processor.py:830} INFO - Processing file /home/airflow/.local/lib/python3.11/site-packages/airflow/example_dags/tutorial_objectstorage.py for tasks to queue
[2024-07-09T13:28:40.643+0000] {logging_mixin.py:188} INFO - [2024-07-09T13:28:40.642+0000] {dagbag.py:540} INFO - Filling up the DagBag from /home/airflow/.local/lib/python3.11/site-packages/airflow/example_dags/tutorial_objectstorage.py
[2024-07-09T13:28:40.649+0000] {processor.py:840} INFO - DAG(s) 'tutorial_objectstorage' retrieved from /home/airflow/.local/lib/python3.11/site-packages/airflow/example_dags/tutorial_objectstorage.py
[2024-07-09T13:28:40.668+0000] {logging_mixin.py:188} INFO - [2024-07-09T13:28:40.667+0000] {dag.py:3047} INFO - Sync 1 DAGs
[2024-07-09T13:28:40.677+0000] {logging_mixin.py:188} INFO - [2024-07-09T13:28:40.677+0000] {dag.py:3834} INFO - Setting next_dagrun for tutorial_objectstorage to None, run_after=None
[2024-07-09T13:28:40.694+0000] {processor.py:183} INFO - Processing /home/airflow/.local/lib/python3.11/site-packages/airflow/example_dags/tutorial_objectstorage.py took 0.055 seconds
[2024-07-09T13:29:11.101+0000] {processor.py:161} INFO - Started process (PID=1804) to work on /home/airflow/.local/lib/python3.11/site-packages/airflow/example_dags/tutorial_objectstorage.py
[2024-07-09T13:29:11.102+0000] {processor.py:830} INFO - Processing file /home/airflow/.local/lib/python3.11/site-packages/airflow/example_dags/tutorial_objectstorage.py for tasks to queue
[2024-07-09T13:29:11.102+0000] {logging_mixin.py:188} INFO - [2024-07-09T13:29:11.102+0000] {dagbag.py:540} INFO - Filling up the DagBag from /home/airflow/.local/lib/python3.11/site-packages/airflow/example_dags/tutorial_objectstorage.py
[2024-07-09T13:29:11.108+0000] {processor.py:840} INFO - DAG(s) 'tutorial_objectstorage' retrieved from /home/airflow/.local/lib/python3.11/site-packages/airflow/example_dags/tutorial_objectstorage.py
[2024-07-09T13:29:11.127+0000] {logging_mixin.py:188} INFO - [2024-07-09T13:29:11.127+0000] {dag.py:3047} INFO - Sync 1 DAGs
[2024-07-09T13:29:11.137+0000] {logging_mixin.py:188} INFO - [2024-07-09T13:29:11.137+0000] {dag.py:3834} INFO - Setting next_dagrun for tutorial_objectstorage to None, run_after=None
[2024-07-09T13:29:11.152+0000] {processor.py:183} INFO - Processing /home/airflow/.local/lib/python3.11/site-packages/airflow/example_dags/tutorial_objectstorage.py took 0.054 seconds
[2024-07-09T13:29:41.469+0000] {processor.py:161} INFO - Started process (PID=2074) to work on /home/airflow/.local/lib/python3.11/site-packages/airflow/example_dags/tutorial_objectstorage.py
[2024-07-09T13:29:41.470+0000] {processor.py:830} INFO - Processing file /home/airflow/.local/lib/python3.11/site-packages/airflow/example_dags/tutorial_objectstorage.py for tasks to queue
[2024-07-09T13:29:41.471+0000] {logging_mixin.py:188} INFO - [2024-07-09T13:29:41.471+0000] {dagbag.py:540} INFO - Filling up the DagBag from /home/airflow/.local/lib/python3.11/site-packages/airflow/example_dags/tutorial_objectstorage.py
[2024-07-09T13:29:41.477+0000] {processor.py:840} INFO - DAG(s) 'tutorial_objectstorage' retrieved from /home/airflow/.local/lib/python3.11/site-packages/airflow/example_dags/tutorial_objectstorage.py
[2024-07-09T13:29:41.495+0000] {logging_mixin.py:188} INFO - [2024-07-09T13:29:41.495+0000] {dag.py:3047} INFO - Sync 1 DAGs
[2024-07-09T13:29:41.504+0000] {logging_mixin.py:188} INFO - [2024-07-09T13:29:41.504+0000] {dag.py:3834} INFO - Setting next_dagrun for tutorial_objectstorage to None, run_after=None
[2024-07-09T13:29:41.520+0000] {processor.py:183} INFO - Processing /home/airflow/.local/lib/python3.11/site-packages/airflow/example_dags/tutorial_objectstorage.py took 0.053 seconds
[2024-07-09T13:31:36.450+0000] {processor.py:161} INFO - Started process (PID=201) to work on /home/airflow/.local/lib/python3.11/site-packages/airflow/example_dags/tutorial_objectstorage.py
[2024-07-09T13:31:36.451+0000] {processor.py:830} INFO - Processing file /home/airflow/.local/lib/python3.11/site-packages/airflow/example_dags/tutorial_objectstorage.py for tasks to queue
[2024-07-09T13:31:36.451+0000] {logging_mixin.py:188} INFO - [2024-07-09T13:31:36.451+0000] {dagbag.py:540} INFO - Filling up the DagBag from /home/airflow/.local/lib/python3.11/site-packages/airflow/example_dags/tutorial_objectstorage.py
[2024-07-09T13:31:36.460+0000] {processor.py:840} INFO - DAG(s) 'tutorial_objectstorage' retrieved from /home/airflow/.local/lib/python3.11/site-packages/airflow/example_dags/tutorial_objectstorage.py
[2024-07-09T13:31:36.553+0000] {logging_mixin.py:188} INFO - [2024-07-09T13:31:36.553+0000] {override.py:1769} INFO - Created Permission View: can edit on DAG:tutorial_objectstorage
[2024-07-09T13:31:36.563+0000] {logging_mixin.py:188} INFO - [2024-07-09T13:31:36.563+0000] {override.py:1769} INFO - Created Permission View: can delete on DAG:tutorial_objectstorage
[2024-07-09T13:31:36.569+0000] {logging_mixin.py:188} INFO - [2024-07-09T13:31:36.569+0000] {override.py:1769} INFO - Created Permission View: can read on DAG:tutorial_objectstorage
[2024-07-09T13:31:36.570+0000] {logging_mixin.py:188} INFO - [2024-07-09T13:31:36.570+0000] {dag.py:3047} INFO - Sync 1 DAGs
[2024-07-09T13:31:36.578+0000] {logging_mixin.py:188} INFO - [2024-07-09T13:31:36.578+0000] {dag.py:3069} INFO - Creating ORM DAG for tutorial_objectstorage
[2024-07-09T13:31:36.579+0000] {logging_mixin.py:188} INFO - [2024-07-09T13:31:36.579+0000] {dag.py:3834} INFO - Setting next_dagrun for tutorial_objectstorage to None, run_after=None
[2024-07-09T13:31:36.595+0000] {processor.py:183} INFO - Processing /home/airflow/.local/lib/python3.11/site-packages/airflow/example_dags/tutorial_objectstorage.py took 0.148 seconds
[2024-07-09T13:32:06.839+0000] {processor.py:161} INFO - Started process (PID=469) to work on /home/airflow/.local/lib/python3.11/site-packages/airflow/example_dags/tutorial_objectstorage.py
[2024-07-09T13:32:06.841+0000] {processor.py:830} INFO - Processing file /home/airflow/.local/lib/python3.11/site-packages/airflow/example_dags/tutorial_objectstorage.py for tasks to queue
[2024-07-09T13:32:06.842+0000] {logging_mixin.py:188} INFO - [2024-07-09T13:32:06.842+0000] {dagbag.py:540} INFO - Filling up the DagBag from /home/airflow/.local/lib/python3.11/site-packages/airflow/example_dags/tutorial_objectstorage.py
[2024-07-09T13:32:06.848+0000] {processor.py:840} INFO - DAG(s) 'tutorial_objectstorage' retrieved from /home/airflow/.local/lib/python3.11/site-packages/airflow/example_dags/tutorial_objectstorage.py
[2024-07-09T13:32:06.867+0000] {logging_mixin.py:188} INFO - [2024-07-09T13:32:06.867+0000] {dag.py:3047} INFO - Sync 1 DAGs
[2024-07-09T13:32:06.877+0000] {logging_mixin.py:188} INFO - [2024-07-09T13:32:06.877+0000] {dag.py:3834} INFO - Setting next_dagrun for tutorial_objectstorage to None, run_after=None
[2024-07-09T13:32:06.893+0000] {processor.py:183} INFO - Processing /home/airflow/.local/lib/python3.11/site-packages/airflow/example_dags/tutorial_objectstorage.py took 0.057 seconds
[2024-07-09T13:32:36.943+0000] {processor.py:161} INFO - Started process (PID=723) to work on /home/airflow/.local/lib/python3.11/site-packages/airflow/example_dags/tutorial_objectstorage.py
[2024-07-09T13:32:36.945+0000] {processor.py:830} INFO - Processing file /home/airflow/.local/lib/python3.11/site-packages/airflow/example_dags/tutorial_objectstorage.py for tasks to queue
[2024-07-09T13:32:36.945+0000] {logging_mixin.py:188} INFO - [2024-07-09T13:32:36.945+0000] {dagbag.py:540} INFO - Filling up the DagBag from /home/airflow/.local/lib/python3.11/site-packages/airflow/example_dags/tutorial_objectstorage.py
[2024-07-09T13:32:36.953+0000] {processor.py:840} INFO - DAG(s) 'tutorial_objectstorage' retrieved from /home/airflow/.local/lib/python3.11/site-packages/airflow/example_dags/tutorial_objectstorage.py
[2024-07-09T13:32:36.975+0000] {logging_mixin.py:188} INFO - [2024-07-09T13:32:36.974+0000] {dag.py:3047} INFO - Sync 1 DAGs
[2024-07-09T13:32:36.985+0000] {logging_mixin.py:188} INFO - [2024-07-09T13:32:36.984+0000] {dag.py:3834} INFO - Setting next_dagrun for tutorial_objectstorage to None, run_after=None
[2024-07-09T13:32:37.001+0000] {processor.py:183} INFO - Processing /home/airflow/.local/lib/python3.11/site-packages/airflow/example_dags/tutorial_objectstorage.py took 0.061 seconds
[2024-07-09T13:33:07.250+0000] {processor.py:161} INFO - Started process (PID=993) to work on /home/airflow/.local/lib/python3.11/site-packages/airflow/example_dags/tutorial_objectstorage.py
[2024-07-09T13:33:07.251+0000] {processor.py:830} INFO - Processing file /home/airflow/.local/lib/python3.11/site-packages/airflow/example_dags/tutorial_objectstorage.py for tasks to queue
[2024-07-09T13:33:07.251+0000] {logging_mixin.py:188} INFO - [2024-07-09T13:33:07.251+0000] {dagbag.py:540} INFO - Filling up the DagBag from /home/airflow/.local/lib/python3.11/site-packages/airflow/example_dags/tutorial_objectstorage.py
[2024-07-09T13:33:07.257+0000] {processor.py:840} INFO - DAG(s) 'tutorial_objectstorage' retrieved from /home/airflow/.local/lib/python3.11/site-packages/airflow/example_dags/tutorial_objectstorage.py
[2024-07-09T13:33:07.277+0000] {logging_mixin.py:188} INFO - [2024-07-09T13:33:07.277+0000] {dag.py:3047} INFO - Sync 1 DAGs
[2024-07-09T13:33:07.287+0000] {logging_mixin.py:188} INFO - [2024-07-09T13:33:07.287+0000] {dag.py:3834} INFO - Setting next_dagrun for tutorial_objectstorage to None, run_after=None
[2024-07-09T13:33:07.303+0000] {processor.py:183} INFO - Processing /home/airflow/.local/lib/python3.11/site-packages/airflow/example_dags/tutorial_objectstorage.py took 0.057 seconds
[2024-07-09T13:33:37.498+0000] {processor.py:161} INFO - Started process (PID=1263) to work on /home/airflow/.local/lib/python3.11/site-packages/airflow/example_dags/tutorial_objectstorage.py
[2024-07-09T13:33:37.499+0000] {processor.py:830} INFO - Processing file /home/airflow/.local/lib/python3.11/site-packages/airflow/example_dags/tutorial_objectstorage.py for tasks to queue
[2024-07-09T13:33:37.500+0000] {logging_mixin.py:188} INFO - [2024-07-09T13:33:37.500+0000] {dagbag.py:540} INFO - Filling up the DagBag from /home/airflow/.local/lib/python3.11/site-packages/airflow/example_dags/tutorial_objectstorage.py
[2024-07-09T13:33:37.506+0000] {processor.py:840} INFO - DAG(s) 'tutorial_objectstorage' retrieved from /home/airflow/.local/lib/python3.11/site-packages/airflow/example_dags/tutorial_objectstorage.py
[2024-07-09T13:33:37.526+0000] {logging_mixin.py:188} INFO - [2024-07-09T13:33:37.526+0000] {dag.py:3047} INFO - Sync 1 DAGs
[2024-07-09T13:33:37.537+0000] {logging_mixin.py:188} INFO - [2024-07-09T13:33:37.536+0000] {dag.py:3834} INFO - Setting next_dagrun for tutorial_objectstorage to None, run_after=None
[2024-07-09T13:33:37.553+0000] {processor.py:183} INFO - Processing /home/airflow/.local/lib/python3.11/site-packages/airflow/example_dags/tutorial_objectstorage.py took 0.057 seconds
[2024-07-09T13:34:08.043+0000] {processor.py:161} INFO - Started process (PID=1533) to work on /home/airflow/.local/lib/python3.11/site-packages/airflow/example_dags/tutorial_objectstorage.py
[2024-07-09T13:34:08.044+0000] {processor.py:830} INFO - Processing file /home/airflow/.local/lib/python3.11/site-packages/airflow/example_dags/tutorial_objectstorage.py for tasks to queue
[2024-07-09T13:34:08.045+0000] {logging_mixin.py:188} INFO - [2024-07-09T13:34:08.045+0000] {dagbag.py:540} INFO - Filling up the DagBag from /home/airflow/.local/lib/python3.11/site-packages/airflow/example_dags/tutorial_objectstorage.py
[2024-07-09T13:34:08.051+0000] {processor.py:840} INFO - DAG(s) 'tutorial_objectstorage' retrieved from /home/airflow/.local/lib/python3.11/site-packages/airflow/example_dags/tutorial_objectstorage.py
[2024-07-09T13:34:08.070+0000] {logging_mixin.py:188} INFO - [2024-07-09T13:34:08.070+0000] {dag.py:3047} INFO - Sync 1 DAGs
[2024-07-09T13:34:08.081+0000] {logging_mixin.py:188} INFO - [2024-07-09T13:34:08.080+0000] {dag.py:3834} INFO - Setting next_dagrun for tutorial_objectstorage to None, run_after=None
[2024-07-09T13:34:08.096+0000] {processor.py:183} INFO - Processing /home/airflow/.local/lib/python3.11/site-packages/airflow/example_dags/tutorial_objectstorage.py took 0.055 seconds
[2024-07-09T13:34:38.389+0000] {processor.py:161} INFO - Started process (PID=1803) to work on /home/airflow/.local/lib/python3.11/site-packages/airflow/example_dags/tutorial_objectstorage.py
[2024-07-09T13:34:38.390+0000] {processor.py:830} INFO - Processing file /home/airflow/.local/lib/python3.11/site-packages/airflow/example_dags/tutorial_objectstorage.py for tasks to queue
[2024-07-09T13:34:38.391+0000] {logging_mixin.py:188} INFO - [2024-07-09T13:34:38.390+0000] {dagbag.py:540} INFO - Filling up the DagBag from /home/airflow/.local/lib/python3.11/site-packages/airflow/example_dags/tutorial_objectstorage.py
[2024-07-09T13:34:38.397+0000] {processor.py:840} INFO - DAG(s) 'tutorial_objectstorage' retrieved from /home/airflow/.local/lib/python3.11/site-packages/airflow/example_dags/tutorial_objectstorage.py
[2024-07-09T13:34:38.415+0000] {logging_mixin.py:188} INFO - [2024-07-09T13:34:38.415+0000] {dag.py:3047} INFO - Sync 1 DAGs
[2024-07-09T13:34:38.424+0000] {logging_mixin.py:188} INFO - [2024-07-09T13:34:38.424+0000] {dag.py:3834} INFO - Setting next_dagrun for tutorial_objectstorage to None, run_after=None
[2024-07-09T13:34:38.438+0000] {processor.py:183} INFO - Processing /home/airflow/.local/lib/python3.11/site-packages/airflow/example_dags/tutorial_objectstorage.py took 0.052 seconds
[2024-07-09T13:35:08.645+0000] {processor.py:161} INFO - Started process (PID=2073) to work on /home/airflow/.local/lib/python3.11/site-packages/airflow/example_dags/tutorial_objectstorage.py
[2024-07-09T13:35:08.646+0000] {processor.py:830} INFO - Processing file /home/airflow/.local/lib/python3.11/site-packages/airflow/example_dags/tutorial_objectstorage.py for tasks to queue
[2024-07-09T13:35:08.646+0000] {logging_mixin.py:188} INFO - [2024-07-09T13:35:08.646+0000] {dagbag.py:540} INFO - Filling up the DagBag from /home/airflow/.local/lib/python3.11/site-packages/airflow/example_dags/tutorial_objectstorage.py
[2024-07-09T13:35:08.652+0000] {processor.py:840} INFO - DAG(s) 'tutorial_objectstorage' retrieved from /home/airflow/.local/lib/python3.11/site-packages/airflow/example_dags/tutorial_objectstorage.py
[2024-07-09T13:35:08.672+0000] {logging_mixin.py:188} INFO - [2024-07-09T13:35:08.672+0000] {dag.py:3047} INFO - Sync 1 DAGs
[2024-07-09T13:35:08.682+0000] {logging_mixin.py:188} INFO - [2024-07-09T13:35:08.682+0000] {dag.py:3834} INFO - Setting next_dagrun for tutorial_objectstorage to None, run_after=None
[2024-07-09T13:35:08.699+0000] {processor.py:183} INFO - Processing /home/airflow/.local/lib/python3.11/site-packages/airflow/example_dags/tutorial_objectstorage.py took 0.056 seconds
[2024-07-09T13:35:38.967+0000] {processor.py:161} INFO - Started process (PID=2343) to work on /home/airflow/.local/lib/python3.11/site-packages/airflow/example_dags/tutorial_objectstorage.py
[2024-07-09T13:35:38.968+0000] {processor.py:830} INFO - Processing file /home/airflow/.local/lib/python3.11/site-packages/airflow/example_dags/tutorial_objectstorage.py for tasks to queue
[2024-07-09T13:35:38.969+0000] {logging_mixin.py:188} INFO - [2024-07-09T13:35:38.969+0000] {dagbag.py:540} INFO - Filling up the DagBag from /home/airflow/.local/lib/python3.11/site-packages/airflow/example_dags/tutorial_objectstorage.py
[2024-07-09T13:35:38.975+0000] {processor.py:840} INFO - DAG(s) 'tutorial_objectstorage' retrieved from /home/airflow/.local/lib/python3.11/site-packages/airflow/example_dags/tutorial_objectstorage.py
[2024-07-09T13:35:38.993+0000] {logging_mixin.py:188} INFO - [2024-07-09T13:35:38.993+0000] {dag.py:3047} INFO - Sync 1 DAGs
[2024-07-09T13:35:39.003+0000] {logging_mixin.py:188} INFO - [2024-07-09T13:35:39.003+0000] {dag.py:3834} INFO - Setting next_dagrun for tutorial_objectstorage to None, run_after=None
[2024-07-09T13:35:39.018+0000] {processor.py:183} INFO - Processing /home/airflow/.local/lib/python3.11/site-packages/airflow/example_dags/tutorial_objectstorage.py took 0.054 seconds
[2024-07-09T13:36:09.355+0000] {processor.py:161} INFO - Started process (PID=2613) to work on /home/airflow/.local/lib/python3.11/site-packages/airflow/example_dags/tutorial_objectstorage.py
[2024-07-09T13:36:09.356+0000] {processor.py:830} INFO - Processing file /home/airflow/.local/lib/python3.11/site-packages/airflow/example_dags/tutorial_objectstorage.py for tasks to queue
[2024-07-09T13:36:09.357+0000] {logging_mixin.py:188} INFO - [2024-07-09T13:36:09.357+0000] {dagbag.py:540} INFO - Filling up the DagBag from /home/airflow/.local/lib/python3.11/site-packages/airflow/example_dags/tutorial_objectstorage.py
[2024-07-09T13:36:09.363+0000] {processor.py:840} INFO - DAG(s) 'tutorial_objectstorage' retrieved from /home/airflow/.local/lib/python3.11/site-packages/airflow/example_dags/tutorial_objectstorage.py
[2024-07-09T13:36:09.383+0000] {logging_mixin.py:188} INFO - [2024-07-09T13:36:09.383+0000] {dag.py:3047} INFO - Sync 1 DAGs
[2024-07-09T13:36:09.394+0000] {logging_mixin.py:188} INFO - [2024-07-09T13:36:09.393+0000] {dag.py:3834} INFO - Setting next_dagrun for tutorial_objectstorage to None, run_after=None
[2024-07-09T13:36:09.411+0000] {processor.py:183} INFO - Processing /home/airflow/.local/lib/python3.11/site-packages/airflow/example_dags/tutorial_objectstorage.py took 0.059 seconds
[2024-07-09T13:36:39.702+0000] {processor.py:161} INFO - Started process (PID=2881) to work on /home/airflow/.local/lib/python3.11/site-packages/airflow/example_dags/tutorial_objectstorage.py
[2024-07-09T13:36:39.703+0000] {processor.py:830} INFO - Processing file /home/airflow/.local/lib/python3.11/site-packages/airflow/example_dags/tutorial_objectstorage.py for tasks to queue
[2024-07-09T13:36:39.704+0000] {logging_mixin.py:188} INFO - [2024-07-09T13:36:39.703+0000] {dagbag.py:540} INFO - Filling up the DagBag from /home/airflow/.local/lib/python3.11/site-packages/airflow/example_dags/tutorial_objectstorage.py
[2024-07-09T13:36:39.710+0000] {processor.py:840} INFO - DAG(s) 'tutorial_objectstorage' retrieved from /home/airflow/.local/lib/python3.11/site-packages/airflow/example_dags/tutorial_objectstorage.py
[2024-07-09T13:36:39.729+0000] {logging_mixin.py:188} INFO - [2024-07-09T13:36:39.729+0000] {dag.py:3047} INFO - Sync 1 DAGs
[2024-07-09T13:36:39.739+0000] {logging_mixin.py:188} INFO - [2024-07-09T13:36:39.739+0000] {dag.py:3834} INFO - Setting next_dagrun for tutorial_objectstorage to None, run_after=None
[2024-07-09T13:36:39.756+0000] {processor.py:183} INFO - Processing /home/airflow/.local/lib/python3.11/site-packages/airflow/example_dags/tutorial_objectstorage.py took 0.057 seconds
[2024-07-09T13:37:10.170+0000] {processor.py:161} INFO - Started process (PID=3153) to work on /home/airflow/.local/lib/python3.11/site-packages/airflow/example_dags/tutorial_objectstorage.py
[2024-07-09T13:37:10.171+0000] {processor.py:830} INFO - Processing file /home/airflow/.local/lib/python3.11/site-packages/airflow/example_dags/tutorial_objectstorage.py for tasks to queue
[2024-07-09T13:37:10.172+0000] {logging_mixin.py:188} INFO - [2024-07-09T13:37:10.171+0000] {dagbag.py:540} INFO - Filling up the DagBag from /home/airflow/.local/lib/python3.11/site-packages/airflow/example_dags/tutorial_objectstorage.py
[2024-07-09T13:37:10.178+0000] {processor.py:840} INFO - DAG(s) 'tutorial_objectstorage' retrieved from /home/airflow/.local/lib/python3.11/site-packages/airflow/example_dags/tutorial_objectstorage.py
[2024-07-09T13:37:10.201+0000] {logging_mixin.py:188} INFO - [2024-07-09T13:37:10.200+0000] {dag.py:3047} INFO - Sync 1 DAGs
[2024-07-09T13:37:10.212+0000] {logging_mixin.py:188} INFO - [2024-07-09T13:37:10.212+0000] {dag.py:3834} INFO - Setting next_dagrun for tutorial_objectstorage to None, run_after=None
[2024-07-09T13:37:10.231+0000] {processor.py:183} INFO - Processing /home/airflow/.local/lib/python3.11/site-packages/airflow/example_dags/tutorial_objectstorage.py took 0.064 seconds
[2024-07-09T13:46:09.476+0000] {processor.py:161} INFO - Started process (PID=199) to work on /home/airflow/.local/lib/python3.11/site-packages/airflow/example_dags/tutorial_objectstorage.py
[2024-07-09T13:46:09.477+0000] {processor.py:830} INFO - Processing file /home/airflow/.local/lib/python3.11/site-packages/airflow/example_dags/tutorial_objectstorage.py for tasks to queue
[2024-07-09T13:46:09.478+0000] {logging_mixin.py:188} INFO - [2024-07-09T13:46:09.477+0000] {dagbag.py:540} INFO - Filling up the DagBag from /home/airflow/.local/lib/python3.11/site-packages/airflow/example_dags/tutorial_objectstorage.py
[2024-07-09T13:46:09.486+0000] {processor.py:840} INFO - DAG(s) 'tutorial_objectstorage' retrieved from /home/airflow/.local/lib/python3.11/site-packages/airflow/example_dags/tutorial_objectstorage.py
[2024-07-09T13:46:09.579+0000] {logging_mixin.py:188} INFO - [2024-07-09T13:46:09.578+0000] {override.py:1769} INFO - Created Permission View: can delete on DAG:tutorial_objectstorage
[2024-07-09T13:46:09.588+0000] {logging_mixin.py:188} INFO - [2024-07-09T13:46:09.588+0000] {override.py:1769} INFO - Created Permission View: can read on DAG:tutorial_objectstorage
[2024-07-09T13:46:09.594+0000] {logging_mixin.py:188} INFO - [2024-07-09T13:46:09.594+0000] {override.py:1769} INFO - Created Permission View: can edit on DAG:tutorial_objectstorage
[2024-07-09T13:46:09.594+0000] {logging_mixin.py:188} INFO - [2024-07-09T13:46:09.594+0000] {dag.py:3047} INFO - Sync 1 DAGs
[2024-07-09T13:46:09.603+0000] {logging_mixin.py:188} INFO - [2024-07-09T13:46:09.603+0000] {dag.py:3069} INFO - Creating ORM DAG for tutorial_objectstorage
[2024-07-09T13:46:09.604+0000] {logging_mixin.py:188} INFO - [2024-07-09T13:46:09.604+0000] {dag.py:3834} INFO - Setting next_dagrun for tutorial_objectstorage to None, run_after=None
[2024-07-09T13:46:09.619+0000] {processor.py:183} INFO - Processing /home/airflow/.local/lib/python3.11/site-packages/airflow/example_dags/tutorial_objectstorage.py took 0.146 seconds
[2024-07-09T13:46:40.353+0000] {processor.py:161} INFO - Started process (PID=456) to work on /home/airflow/.local/lib/python3.11/site-packages/airflow/example_dags/tutorial_objectstorage.py
[2024-07-09T13:46:40.354+0000] {processor.py:830} INFO - Processing file /home/airflow/.local/lib/python3.11/site-packages/airflow/example_dags/tutorial_objectstorage.py for tasks to queue
[2024-07-09T13:46:40.355+0000] {logging_mixin.py:188} INFO - [2024-07-09T13:46:40.355+0000] {dagbag.py:540} INFO - Filling up the DagBag from /home/airflow/.local/lib/python3.11/site-packages/airflow/example_dags/tutorial_objectstorage.py
[2024-07-09T13:46:40.362+0000] {processor.py:840} INFO - DAG(s) 'tutorial_objectstorage' retrieved from /home/airflow/.local/lib/python3.11/site-packages/airflow/example_dags/tutorial_objectstorage.py
[2024-07-09T13:46:40.383+0000] {logging_mixin.py:188} INFO - [2024-07-09T13:46:40.382+0000] {dag.py:3047} INFO - Sync 1 DAGs
[2024-07-09T13:46:40.394+0000] {logging_mixin.py:188} INFO - [2024-07-09T13:46:40.394+0000] {dag.py:3834} INFO - Setting next_dagrun for tutorial_objectstorage to None, run_after=None
[2024-07-09T13:46:40.412+0000] {processor.py:183} INFO - Processing /home/airflow/.local/lib/python3.11/site-packages/airflow/example_dags/tutorial_objectstorage.py took 0.062 seconds
[2024-07-09T13:47:10.765+0000] {processor.py:161} INFO - Started process (PID=723) to work on /home/airflow/.local/lib/python3.11/site-packages/airflow/example_dags/tutorial_objectstorage.py
[2024-07-09T13:47:10.766+0000] {processor.py:830} INFO - Processing file /home/airflow/.local/lib/python3.11/site-packages/airflow/example_dags/tutorial_objectstorage.py for tasks to queue
[2024-07-09T13:47:10.767+0000] {logging_mixin.py:188} INFO - [2024-07-09T13:47:10.766+0000] {dagbag.py:540} INFO - Filling up the DagBag from /home/airflow/.local/lib/python3.11/site-packages/airflow/example_dags/tutorial_objectstorage.py
[2024-07-09T13:47:10.772+0000] {processor.py:840} INFO - DAG(s) 'tutorial_objectstorage' retrieved from /home/airflow/.local/lib/python3.11/site-packages/airflow/example_dags/tutorial_objectstorage.py
[2024-07-09T13:47:10.791+0000] {logging_mixin.py:188} INFO - [2024-07-09T13:47:10.791+0000] {dag.py:3047} INFO - Sync 1 DAGs
[2024-07-09T13:47:10.801+0000] {logging_mixin.py:188} INFO - [2024-07-09T13:47:10.801+0000] {dag.py:3834} INFO - Setting next_dagrun for tutorial_objectstorage to None, run_after=None
[2024-07-09T13:47:10.815+0000] {processor.py:183} INFO - Processing /home/airflow/.local/lib/python3.11/site-packages/airflow/example_dags/tutorial_objectstorage.py took 0.052 seconds
[2024-07-09T13:47:41.228+0000] {processor.py:161} INFO - Started process (PID=993) to work on /home/airflow/.local/lib/python3.11/site-packages/airflow/example_dags/tutorial_objectstorage.py
[2024-07-09T13:47:41.229+0000] {processor.py:830} INFO - Processing file /home/airflow/.local/lib/python3.11/site-packages/airflow/example_dags/tutorial_objectstorage.py for tasks to queue
[2024-07-09T13:47:41.230+0000] {logging_mixin.py:188} INFO - [2024-07-09T13:47:41.230+0000] {dagbag.py:540} INFO - Filling up the DagBag from /home/airflow/.local/lib/python3.11/site-packages/airflow/example_dags/tutorial_objectstorage.py
[2024-07-09T13:47:41.236+0000] {processor.py:840} INFO - DAG(s) 'tutorial_objectstorage' retrieved from /home/airflow/.local/lib/python3.11/site-packages/airflow/example_dags/tutorial_objectstorage.py
[2024-07-09T13:47:41.255+0000] {logging_mixin.py:188} INFO - [2024-07-09T13:47:41.255+0000] {dag.py:3047} INFO - Sync 1 DAGs
[2024-07-09T13:47:41.265+0000] {logging_mixin.py:188} INFO - [2024-07-09T13:47:41.265+0000] {dag.py:3834} INFO - Setting next_dagrun for tutorial_objectstorage to None, run_after=None
[2024-07-09T13:47:41.281+0000] {processor.py:183} INFO - Processing /home/airflow/.local/lib/python3.11/site-packages/airflow/example_dags/tutorial_objectstorage.py took 0.055 seconds
[2024-07-09T13:48:11.560+0000] {processor.py:161} INFO - Started process (PID=1263) to work on /home/airflow/.local/lib/python3.11/site-packages/airflow/example_dags/tutorial_objectstorage.py
[2024-07-09T13:48:11.561+0000] {processor.py:830} INFO - Processing file /home/airflow/.local/lib/python3.11/site-packages/airflow/example_dags/tutorial_objectstorage.py for tasks to queue
[2024-07-09T13:48:11.562+0000] {logging_mixin.py:188} INFO - [2024-07-09T13:48:11.561+0000] {dagbag.py:540} INFO - Filling up the DagBag from /home/airflow/.local/lib/python3.11/site-packages/airflow/example_dags/tutorial_objectstorage.py
[2024-07-09T13:48:11.567+0000] {processor.py:840} INFO - DAG(s) 'tutorial_objectstorage' retrieved from /home/airflow/.local/lib/python3.11/site-packages/airflow/example_dags/tutorial_objectstorage.py
[2024-07-09T13:48:11.586+0000] {logging_mixin.py:188} INFO - [2024-07-09T13:48:11.586+0000] {dag.py:3047} INFO - Sync 1 DAGs
[2024-07-09T13:48:11.597+0000] {logging_mixin.py:188} INFO - [2024-07-09T13:48:11.596+0000] {dag.py:3834} INFO - Setting next_dagrun for tutorial_objectstorage to None, run_after=None
[2024-07-09T13:48:11.613+0000] {processor.py:183} INFO - Processing /home/airflow/.local/lib/python3.11/site-packages/airflow/example_dags/tutorial_objectstorage.py took 0.056 seconds
[2024-07-09T13:48:42.242+0000] {processor.py:161} INFO - Started process (PID=1533) to work on /home/airflow/.local/lib/python3.11/site-packages/airflow/example_dags/tutorial_objectstorage.py
[2024-07-09T13:48:42.243+0000] {processor.py:830} INFO - Processing file /home/airflow/.local/lib/python3.11/site-packages/airflow/example_dags/tutorial_objectstorage.py for tasks to queue
[2024-07-09T13:48:42.244+0000] {logging_mixin.py:188} INFO - [2024-07-09T13:48:42.243+0000] {dagbag.py:540} INFO - Filling up the DagBag from /home/airflow/.local/lib/python3.11/site-packages/airflow/example_dags/tutorial_objectstorage.py
[2024-07-09T13:48:42.249+0000] {processor.py:840} INFO - DAG(s) 'tutorial_objectstorage' retrieved from /home/airflow/.local/lib/python3.11/site-packages/airflow/example_dags/tutorial_objectstorage.py
[2024-07-09T13:48:42.268+0000] {logging_mixin.py:188} INFO - [2024-07-09T13:48:42.268+0000] {dag.py:3047} INFO - Sync 1 DAGs
[2024-07-09T13:48:42.277+0000] {logging_mixin.py:188} INFO - [2024-07-09T13:48:42.277+0000] {dag.py:3834} INFO - Setting next_dagrun for tutorial_objectstorage to None, run_after=None
[2024-07-09T13:48:42.292+0000] {processor.py:183} INFO - Processing /home/airflow/.local/lib/python3.11/site-packages/airflow/example_dags/tutorial_objectstorage.py took 0.052 seconds
[2024-07-09T13:49:12.612+0000] {processor.py:161} INFO - Started process (PID=1803) to work on /home/airflow/.local/lib/python3.11/site-packages/airflow/example_dags/tutorial_objectstorage.py
[2024-07-09T13:49:12.613+0000] {processor.py:830} INFO - Processing file /home/airflow/.local/lib/python3.11/site-packages/airflow/example_dags/tutorial_objectstorage.py for tasks to queue
[2024-07-09T13:49:12.614+0000] {logging_mixin.py:188} INFO - [2024-07-09T13:49:12.614+0000] {dagbag.py:540} INFO - Filling up the DagBag from /home/airflow/.local/lib/python3.11/site-packages/airflow/example_dags/tutorial_objectstorage.py
[2024-07-09T13:49:12.620+0000] {processor.py:840} INFO - DAG(s) 'tutorial_objectstorage' retrieved from /home/airflow/.local/lib/python3.11/site-packages/airflow/example_dags/tutorial_objectstorage.py
[2024-07-09T13:49:12.639+0000] {logging_mixin.py:188} INFO - [2024-07-09T13:49:12.639+0000] {dag.py:3047} INFO - Sync 1 DAGs
[2024-07-09T13:49:12.649+0000] {logging_mixin.py:188} INFO - [2024-07-09T13:49:12.649+0000] {dag.py:3834} INFO - Setting next_dagrun for tutorial_objectstorage to None, run_after=None
[2024-07-09T13:49:12.664+0000] {processor.py:183} INFO - Processing /home/airflow/.local/lib/python3.11/site-packages/airflow/example_dags/tutorial_objectstorage.py took 0.055 seconds
[2024-07-09T13:49:43.112+0000] {processor.py:161} INFO - Started process (PID=2073) to work on /home/airflow/.local/lib/python3.11/site-packages/airflow/example_dags/tutorial_objectstorage.py
[2024-07-09T13:49:43.113+0000] {processor.py:830} INFO - Processing file /home/airflow/.local/lib/python3.11/site-packages/airflow/example_dags/tutorial_objectstorage.py for tasks to queue
[2024-07-09T13:49:43.114+0000] {logging_mixin.py:188} INFO - [2024-07-09T13:49:43.113+0000] {dagbag.py:540} INFO - Filling up the DagBag from /home/airflow/.local/lib/python3.11/site-packages/airflow/example_dags/tutorial_objectstorage.py
[2024-07-09T13:49:43.120+0000] {processor.py:840} INFO - DAG(s) 'tutorial_objectstorage' retrieved from /home/airflow/.local/lib/python3.11/site-packages/airflow/example_dags/tutorial_objectstorage.py
[2024-07-09T13:49:43.140+0000] {logging_mixin.py:188} INFO - [2024-07-09T13:49:43.140+0000] {dag.py:3047} INFO - Sync 1 DAGs
[2024-07-09T13:49:43.152+0000] {logging_mixin.py:188} INFO - [2024-07-09T13:49:43.152+0000] {dag.py:3834} INFO - Setting next_dagrun for tutorial_objectstorage to None, run_after=None
[2024-07-09T13:49:43.170+0000] {processor.py:183} INFO - Processing /home/airflow/.local/lib/python3.11/site-packages/airflow/example_dags/tutorial_objectstorage.py took 0.061 seconds
[2024-07-09T13:50:13.309+0000] {processor.py:161} INFO - Started process (PID=2343) to work on /home/airflow/.local/lib/python3.11/site-packages/airflow/example_dags/tutorial_objectstorage.py
[2024-07-09T13:50:13.310+0000] {processor.py:830} INFO - Processing file /home/airflow/.local/lib/python3.11/site-packages/airflow/example_dags/tutorial_objectstorage.py for tasks to queue
[2024-07-09T13:50:13.310+0000] {logging_mixin.py:188} INFO - [2024-07-09T13:50:13.310+0000] {dagbag.py:540} INFO - Filling up the DagBag from /home/airflow/.local/lib/python3.11/site-packages/airflow/example_dags/tutorial_objectstorage.py
[2024-07-09T13:50:13.316+0000] {processor.py:840} INFO - DAG(s) 'tutorial_objectstorage' retrieved from /home/airflow/.local/lib/python3.11/site-packages/airflow/example_dags/tutorial_objectstorage.py
[2024-07-09T13:50:13.334+0000] {logging_mixin.py:188} INFO - [2024-07-09T13:50:13.334+0000] {dag.py:3047} INFO - Sync 1 DAGs
[2024-07-09T13:50:13.344+0000] {logging_mixin.py:188} INFO - [2024-07-09T13:50:13.344+0000] {dag.py:3834} INFO - Setting next_dagrun for tutorial_objectstorage to None, run_after=None
[2024-07-09T13:50:13.358+0000] {processor.py:183} INFO - Processing /home/airflow/.local/lib/python3.11/site-packages/airflow/example_dags/tutorial_objectstorage.py took 0.052 seconds
[2024-07-09T13:50:43.564+0000] {processor.py:161} INFO - Started process (PID=2613) to work on /home/airflow/.local/lib/python3.11/site-packages/airflow/example_dags/tutorial_objectstorage.py
[2024-07-09T13:50:43.565+0000] {processor.py:830} INFO - Processing file /home/airflow/.local/lib/python3.11/site-packages/airflow/example_dags/tutorial_objectstorage.py for tasks to queue
[2024-07-09T13:50:43.566+0000] {logging_mixin.py:188} INFO - [2024-07-09T13:50:43.565+0000] {dagbag.py:540} INFO - Filling up the DagBag from /home/airflow/.local/lib/python3.11/site-packages/airflow/example_dags/tutorial_objectstorage.py
[2024-07-09T13:50:43.571+0000] {processor.py:840} INFO - DAG(s) 'tutorial_objectstorage' retrieved from /home/airflow/.local/lib/python3.11/site-packages/airflow/example_dags/tutorial_objectstorage.py
[2024-07-09T13:50:43.590+0000] {logging_mixin.py:188} INFO - [2024-07-09T13:50:43.590+0000] {dag.py:3047} INFO - Sync 1 DAGs
[2024-07-09T13:50:43.600+0000] {logging_mixin.py:188} INFO - [2024-07-09T13:50:43.600+0000] {dag.py:3834} INFO - Setting next_dagrun for tutorial_objectstorage to None, run_after=None
[2024-07-09T13:50:43.616+0000] {processor.py:183} INFO - Processing /home/airflow/.local/lib/python3.11/site-packages/airflow/example_dags/tutorial_objectstorage.py took 0.055 seconds
[2024-07-09T13:51:14.054+0000] {processor.py:161} INFO - Started process (PID=2883) to work on /home/airflow/.local/lib/python3.11/site-packages/airflow/example_dags/tutorial_objectstorage.py
[2024-07-09T13:51:14.055+0000] {processor.py:830} INFO - Processing file /home/airflow/.local/lib/python3.11/site-packages/airflow/example_dags/tutorial_objectstorage.py for tasks to queue
[2024-07-09T13:51:14.055+0000] {logging_mixin.py:188} INFO - [2024-07-09T13:51:14.055+0000] {dagbag.py:540} INFO - Filling up the DagBag from /home/airflow/.local/lib/python3.11/site-packages/airflow/example_dags/tutorial_objectstorage.py
[2024-07-09T13:51:14.061+0000] {processor.py:840} INFO - DAG(s) 'tutorial_objectstorage' retrieved from /home/airflow/.local/lib/python3.11/site-packages/airflow/example_dags/tutorial_objectstorage.py
[2024-07-09T13:51:14.081+0000] {logging_mixin.py:188} INFO - [2024-07-09T13:51:14.081+0000] {dag.py:3047} INFO - Sync 1 DAGs
[2024-07-09T13:51:14.091+0000] {logging_mixin.py:188} INFO - [2024-07-09T13:51:14.091+0000] {dag.py:3834} INFO - Setting next_dagrun for tutorial_objectstorage to None, run_after=None
[2024-07-09T13:51:14.106+0000] {processor.py:183} INFO - Processing /home/airflow/.local/lib/python3.11/site-packages/airflow/example_dags/tutorial_objectstorage.py took 0.055 seconds
