[2024-07-09T13:18:49.573+0000] {processor.py:161} INFO - Started process (PID=309) to work on /home/airflow/.local/lib/python3.11/site-packages/airflow/example_dags/tutorial_dag.py
[2024-07-09T13:18:49.573+0000] {processor.py:830} INFO - Processing file /home/airflow/.local/lib/python3.11/site-packages/airflow/example_dags/tutorial_dag.py for tasks to queue
[2024-07-09T13:18:49.574+0000] {logging_mixin.py:188} INFO - [2024-07-09T13:18:49.574+0000] {dagbag.py:540} INFO - Filling up the DagBag from /home/airflow/.local/lib/python3.11/site-packages/airflow/example_dags/tutorial_dag.py
[2024-07-09T13:18:49.579+0000] {processor.py:840} INFO - DAG(s) 'tutorial_dag' retrieved from /home/airflow/.local/lib/python3.11/site-packages/airflow/example_dags/tutorial_dag.py
[2024-07-09T13:18:49.668+0000] {logging_mixin.py:188} INFO - [2024-07-09T13:18:49.668+0000] {override.py:1769} INFO - Created Permission View: can delete on DAG:tutorial_dag
[2024-07-09T13:18:49.677+0000] {logging_mixin.py:188} INFO - [2024-07-09T13:18:49.677+0000] {override.py:1769} INFO - Created Permission View: can read on DAG:tutorial_dag
[2024-07-09T13:18:49.683+0000] {logging_mixin.py:188} INFO - [2024-07-09T13:18:49.683+0000] {override.py:1769} INFO - Created Permission View: can edit on DAG:tutorial_dag
[2024-07-09T13:18:49.684+0000] {logging_mixin.py:188} INFO - [2024-07-09T13:18:49.684+0000] {dag.py:3047} INFO - Sync 1 DAGs
[2024-07-09T13:18:49.693+0000] {logging_mixin.py:188} INFO - [2024-07-09T13:18:49.693+0000] {dag.py:3069} INFO - Creating ORM DAG for tutorial_dag
[2024-07-09T13:18:49.693+0000] {logging_mixin.py:188} INFO - [2024-07-09T13:18:49.693+0000] {dag.py:3834} INFO - Setting next_dagrun for tutorial_dag to None, run_after=None
[2024-07-09T13:18:49.708+0000] {processor.py:183} INFO - Processing /home/airflow/.local/lib/python3.11/site-packages/airflow/example_dags/tutorial_dag.py took 0.138 seconds
[2024-07-09T13:19:20.204+0000] {processor.py:161} INFO - Started process (PID=579) to work on /home/airflow/.local/lib/python3.11/site-packages/airflow/example_dags/tutorial_dag.py
[2024-07-09T13:19:20.205+0000] {processor.py:830} INFO - Processing file /home/airflow/.local/lib/python3.11/site-packages/airflow/example_dags/tutorial_dag.py for tasks to queue
[2024-07-09T13:19:20.206+0000] {logging_mixin.py:188} INFO - [2024-07-09T13:19:20.206+0000] {dagbag.py:540} INFO - Filling up the DagBag from /home/airflow/.local/lib/python3.11/site-packages/airflow/example_dags/tutorial_dag.py
[2024-07-09T13:19:20.210+0000] {processor.py:840} INFO - DAG(s) 'tutorial_dag' retrieved from /home/airflow/.local/lib/python3.11/site-packages/airflow/example_dags/tutorial_dag.py
[2024-07-09T13:19:20.229+0000] {logging_mixin.py:188} INFO - [2024-07-09T13:19:20.229+0000] {dag.py:3047} INFO - Sync 1 DAGs
[2024-07-09T13:19:20.239+0000] {logging_mixin.py:188} INFO - [2024-07-09T13:19:20.239+0000] {dag.py:3834} INFO - Setting next_dagrun for tutorial_dag to None, run_after=None
[2024-07-09T13:19:20.254+0000] {processor.py:183} INFO - Processing /home/airflow/.local/lib/python3.11/site-packages/airflow/example_dags/tutorial_dag.py took 0.052 seconds
[2024-07-09T13:19:51.104+0000] {processor.py:161} INFO - Started process (PID=849) to work on /home/airflow/.local/lib/python3.11/site-packages/airflow/example_dags/tutorial_dag.py
[2024-07-09T13:19:51.105+0000] {processor.py:830} INFO - Processing file /home/airflow/.local/lib/python3.11/site-packages/airflow/example_dags/tutorial_dag.py for tasks to queue
[2024-07-09T13:19:51.106+0000] {logging_mixin.py:188} INFO - [2024-07-09T13:19:51.105+0000] {dagbag.py:540} INFO - Filling up the DagBag from /home/airflow/.local/lib/python3.11/site-packages/airflow/example_dags/tutorial_dag.py
[2024-07-09T13:19:51.110+0000] {processor.py:840} INFO - DAG(s) 'tutorial_dag' retrieved from /home/airflow/.local/lib/python3.11/site-packages/airflow/example_dags/tutorial_dag.py
[2024-07-09T13:19:51.129+0000] {logging_mixin.py:188} INFO - [2024-07-09T13:19:51.129+0000] {dag.py:3047} INFO - Sync 1 DAGs
[2024-07-09T13:19:51.139+0000] {logging_mixin.py:188} INFO - [2024-07-09T13:19:51.139+0000] {dag.py:3834} INFO - Setting next_dagrun for tutorial_dag to None, run_after=None
[2024-07-09T13:19:51.155+0000] {processor.py:183} INFO - Processing /home/airflow/.local/lib/python3.11/site-packages/airflow/example_dags/tutorial_dag.py took 0.053 seconds
[2024-07-09T13:20:22.554+0000] {processor.py:161} INFO - Started process (PID=1119) to work on /home/airflow/.local/lib/python3.11/site-packages/airflow/example_dags/tutorial_dag.py
[2024-07-09T13:20:22.555+0000] {processor.py:830} INFO - Processing file /home/airflow/.local/lib/python3.11/site-packages/airflow/example_dags/tutorial_dag.py for tasks to queue
[2024-07-09T13:20:22.556+0000] {logging_mixin.py:188} INFO - [2024-07-09T13:20:22.555+0000] {dagbag.py:540} INFO - Filling up the DagBag from /home/airflow/.local/lib/python3.11/site-packages/airflow/example_dags/tutorial_dag.py
[2024-07-09T13:20:22.560+0000] {processor.py:840} INFO - DAG(s) 'tutorial_dag' retrieved from /home/airflow/.local/lib/python3.11/site-packages/airflow/example_dags/tutorial_dag.py
[2024-07-09T13:20:22.581+0000] {logging_mixin.py:188} INFO - [2024-07-09T13:20:22.581+0000] {dag.py:3047} INFO - Sync 1 DAGs
[2024-07-09T13:20:22.708+0000] {logging_mixin.py:188} INFO - [2024-07-09T13:20:22.708+0000] {dag.py:3834} INFO - Setting next_dagrun for tutorial_dag to None, run_after=None
[2024-07-09T13:20:22.726+0000] {processor.py:183} INFO - Processing /home/airflow/.local/lib/python3.11/site-packages/airflow/example_dags/tutorial_dag.py took 0.174 seconds
[2024-07-09T13:20:53.528+0000] {processor.py:161} INFO - Started process (PID=1391) to work on /home/airflow/.local/lib/python3.11/site-packages/airflow/example_dags/tutorial_dag.py
[2024-07-09T13:20:53.529+0000] {processor.py:830} INFO - Processing file /home/airflow/.local/lib/python3.11/site-packages/airflow/example_dags/tutorial_dag.py for tasks to queue
[2024-07-09T13:20:53.530+0000] {logging_mixin.py:188} INFO - [2024-07-09T13:20:53.530+0000] {dagbag.py:540} INFO - Filling up the DagBag from /home/airflow/.local/lib/python3.11/site-packages/airflow/example_dags/tutorial_dag.py
[2024-07-09T13:20:53.534+0000] {processor.py:840} INFO - DAG(s) 'tutorial_dag' retrieved from /home/airflow/.local/lib/python3.11/site-packages/airflow/example_dags/tutorial_dag.py
[2024-07-09T13:20:53.554+0000] {logging_mixin.py:188} INFO - [2024-07-09T13:20:53.554+0000] {dag.py:3047} INFO - Sync 1 DAGs
[2024-07-09T13:20:53.564+0000] {logging_mixin.py:188} INFO - [2024-07-09T13:20:53.563+0000] {dag.py:3834} INFO - Setting next_dagrun for tutorial_dag to None, run_after=None
[2024-07-09T13:20:53.580+0000] {processor.py:183} INFO - Processing /home/airflow/.local/lib/python3.11/site-packages/airflow/example_dags/tutorial_dag.py took 0.054 seconds
[2024-07-09T13:21:24.404+0000] {processor.py:161} INFO - Started process (PID=1661) to work on /home/airflow/.local/lib/python3.11/site-packages/airflow/example_dags/tutorial_dag.py
[2024-07-09T13:21:24.405+0000] {processor.py:830} INFO - Processing file /home/airflow/.local/lib/python3.11/site-packages/airflow/example_dags/tutorial_dag.py for tasks to queue
[2024-07-09T13:21:24.405+0000] {logging_mixin.py:188} INFO - [2024-07-09T13:21:24.405+0000] {dagbag.py:540} INFO - Filling up the DagBag from /home/airflow/.local/lib/python3.11/site-packages/airflow/example_dags/tutorial_dag.py
[2024-07-09T13:21:24.409+0000] {processor.py:840} INFO - DAG(s) 'tutorial_dag' retrieved from /home/airflow/.local/lib/python3.11/site-packages/airflow/example_dags/tutorial_dag.py
[2024-07-09T13:21:24.430+0000] {logging_mixin.py:188} INFO - [2024-07-09T13:21:24.430+0000] {dag.py:3047} INFO - Sync 1 DAGs
[2024-07-09T13:21:24.439+0000] {logging_mixin.py:188} INFO - [2024-07-09T13:21:24.439+0000] {dag.py:3834} INFO - Setting next_dagrun for tutorial_dag to None, run_after=None
[2024-07-09T13:21:24.455+0000] {processor.py:183} INFO - Processing /home/airflow/.local/lib/python3.11/site-packages/airflow/example_dags/tutorial_dag.py took 0.053 seconds
[2024-07-09T13:21:55.098+0000] {processor.py:161} INFO - Started process (PID=1931) to work on /home/airflow/.local/lib/python3.11/site-packages/airflow/example_dags/tutorial_dag.py
[2024-07-09T13:21:55.099+0000] {processor.py:830} INFO - Processing file /home/airflow/.local/lib/python3.11/site-packages/airflow/example_dags/tutorial_dag.py for tasks to queue
[2024-07-09T13:21:55.100+0000] {logging_mixin.py:188} INFO - [2024-07-09T13:21:55.099+0000] {dagbag.py:540} INFO - Filling up the DagBag from /home/airflow/.local/lib/python3.11/site-packages/airflow/example_dags/tutorial_dag.py
[2024-07-09T13:21:55.104+0000] {processor.py:840} INFO - DAG(s) 'tutorial_dag' retrieved from /home/airflow/.local/lib/python3.11/site-packages/airflow/example_dags/tutorial_dag.py
[2024-07-09T13:21:55.124+0000] {logging_mixin.py:188} INFO - [2024-07-09T13:21:55.124+0000] {dag.py:3047} INFO - Sync 1 DAGs
[2024-07-09T13:21:55.133+0000] {logging_mixin.py:188} INFO - [2024-07-09T13:21:55.133+0000] {dag.py:3834} INFO - Setting next_dagrun for tutorial_dag to None, run_after=None
[2024-07-09T13:21:55.149+0000] {processor.py:183} INFO - Processing /home/airflow/.local/lib/python3.11/site-packages/airflow/example_dags/tutorial_dag.py took 0.053 seconds
[2024-07-09T13:22:25.814+0000] {processor.py:161} INFO - Started process (PID=2201) to work on /home/airflow/.local/lib/python3.11/site-packages/airflow/example_dags/tutorial_dag.py
[2024-07-09T13:22:25.815+0000] {processor.py:830} INFO - Processing file /home/airflow/.local/lib/python3.11/site-packages/airflow/example_dags/tutorial_dag.py for tasks to queue
[2024-07-09T13:22:25.816+0000] {logging_mixin.py:188} INFO - [2024-07-09T13:22:25.816+0000] {dagbag.py:540} INFO - Filling up the DagBag from /home/airflow/.local/lib/python3.11/site-packages/airflow/example_dags/tutorial_dag.py
[2024-07-09T13:22:25.820+0000] {processor.py:840} INFO - DAG(s) 'tutorial_dag' retrieved from /home/airflow/.local/lib/python3.11/site-packages/airflow/example_dags/tutorial_dag.py
[2024-07-09T13:22:25.840+0000] {logging_mixin.py:188} INFO - [2024-07-09T13:22:25.840+0000] {dag.py:3047} INFO - Sync 1 DAGs
[2024-07-09T13:22:25.849+0000] {logging_mixin.py:188} INFO - [2024-07-09T13:22:25.849+0000] {dag.py:3834} INFO - Setting next_dagrun for tutorial_dag to None, run_after=None
[2024-07-09T13:22:25.864+0000] {processor.py:183} INFO - Processing /home/airflow/.local/lib/python3.11/site-packages/airflow/example_dags/tutorial_dag.py took 0.053 seconds
[2024-07-09T13:22:56.567+0000] {processor.py:161} INFO - Started process (PID=2471) to work on /home/airflow/.local/lib/python3.11/site-packages/airflow/example_dags/tutorial_dag.py
[2024-07-09T13:22:56.568+0000] {processor.py:830} INFO - Processing file /home/airflow/.local/lib/python3.11/site-packages/airflow/example_dags/tutorial_dag.py for tasks to queue
[2024-07-09T13:22:56.568+0000] {logging_mixin.py:188} INFO - [2024-07-09T13:22:56.568+0000] {dagbag.py:540} INFO - Filling up the DagBag from /home/airflow/.local/lib/python3.11/site-packages/airflow/example_dags/tutorial_dag.py
[2024-07-09T13:22:56.572+0000] {processor.py:840} INFO - DAG(s) 'tutorial_dag' retrieved from /home/airflow/.local/lib/python3.11/site-packages/airflow/example_dags/tutorial_dag.py
[2024-07-09T13:22:56.593+0000] {logging_mixin.py:188} INFO - [2024-07-09T13:22:56.593+0000] {dag.py:3047} INFO - Sync 1 DAGs
[2024-07-09T13:22:56.603+0000] {logging_mixin.py:188} INFO - [2024-07-09T13:22:56.603+0000] {dag.py:3834} INFO - Setting next_dagrun for tutorial_dag to None, run_after=None
[2024-07-09T13:22:56.619+0000] {processor.py:183} INFO - Processing /home/airflow/.local/lib/python3.11/site-packages/airflow/example_dags/tutorial_dag.py took 0.055 seconds
[2024-07-09T13:23:27.331+0000] {processor.py:161} INFO - Started process (PID=2741) to work on /home/airflow/.local/lib/python3.11/site-packages/airflow/example_dags/tutorial_dag.py
[2024-07-09T13:23:27.332+0000] {processor.py:830} INFO - Processing file /home/airflow/.local/lib/python3.11/site-packages/airflow/example_dags/tutorial_dag.py for tasks to queue
[2024-07-09T13:23:27.333+0000] {logging_mixin.py:188} INFO - [2024-07-09T13:23:27.333+0000] {dagbag.py:540} INFO - Filling up the DagBag from /home/airflow/.local/lib/python3.11/site-packages/airflow/example_dags/tutorial_dag.py
[2024-07-09T13:23:27.337+0000] {processor.py:840} INFO - DAG(s) 'tutorial_dag' retrieved from /home/airflow/.local/lib/python3.11/site-packages/airflow/example_dags/tutorial_dag.py
[2024-07-09T13:23:27.357+0000] {logging_mixin.py:188} INFO - [2024-07-09T13:23:27.356+0000] {dag.py:3047} INFO - Sync 1 DAGs
[2024-07-09T13:23:27.366+0000] {logging_mixin.py:188} INFO - [2024-07-09T13:23:27.366+0000] {dag.py:3834} INFO - Setting next_dagrun for tutorial_dag to None, run_after=None
[2024-07-09T13:23:27.382+0000] {processor.py:183} INFO - Processing /home/airflow/.local/lib/python3.11/site-packages/airflow/example_dags/tutorial_dag.py took 0.053 seconds
[2024-07-09T13:23:58.086+0000] {processor.py:161} INFO - Started process (PID=3011) to work on /home/airflow/.local/lib/python3.11/site-packages/airflow/example_dags/tutorial_dag.py
[2024-07-09T13:23:58.087+0000] {processor.py:830} INFO - Processing file /home/airflow/.local/lib/python3.11/site-packages/airflow/example_dags/tutorial_dag.py for tasks to queue
[2024-07-09T13:23:58.087+0000] {logging_mixin.py:188} INFO - [2024-07-09T13:23:58.087+0000] {dagbag.py:540} INFO - Filling up the DagBag from /home/airflow/.local/lib/python3.11/site-packages/airflow/example_dags/tutorial_dag.py
[2024-07-09T13:23:58.091+0000] {processor.py:840} INFO - DAG(s) 'tutorial_dag' retrieved from /home/airflow/.local/lib/python3.11/site-packages/airflow/example_dags/tutorial_dag.py
[2024-07-09T13:23:58.111+0000] {logging_mixin.py:188} INFO - [2024-07-09T13:23:58.111+0000] {dag.py:3047} INFO - Sync 1 DAGs
[2024-07-09T13:23:58.121+0000] {logging_mixin.py:188} INFO - [2024-07-09T13:23:58.121+0000] {dag.py:3834} INFO - Setting next_dagrun for tutorial_dag to None, run_after=None
[2024-07-09T13:23:58.137+0000] {processor.py:183} INFO - Processing /home/airflow/.local/lib/python3.11/site-packages/airflow/example_dags/tutorial_dag.py took 0.053 seconds
[2024-07-09T13:24:28.728+0000] {processor.py:161} INFO - Started process (PID=3281) to work on /home/airflow/.local/lib/python3.11/site-packages/airflow/example_dags/tutorial_dag.py
[2024-07-09T13:24:28.729+0000] {processor.py:830} INFO - Processing file /home/airflow/.local/lib/python3.11/site-packages/airflow/example_dags/tutorial_dag.py for tasks to queue
[2024-07-09T13:24:28.730+0000] {logging_mixin.py:188} INFO - [2024-07-09T13:24:28.730+0000] {dagbag.py:540} INFO - Filling up the DagBag from /home/airflow/.local/lib/python3.11/site-packages/airflow/example_dags/tutorial_dag.py
[2024-07-09T13:24:28.734+0000] {processor.py:840} INFO - DAG(s) 'tutorial_dag' retrieved from /home/airflow/.local/lib/python3.11/site-packages/airflow/example_dags/tutorial_dag.py
[2024-07-09T13:24:28.754+0000] {logging_mixin.py:188} INFO - [2024-07-09T13:24:28.754+0000] {dag.py:3047} INFO - Sync 1 DAGs
[2024-07-09T13:24:28.763+0000] {logging_mixin.py:188} INFO - [2024-07-09T13:24:28.763+0000] {dag.py:3834} INFO - Setting next_dagrun for tutorial_dag to None, run_after=None
[2024-07-09T13:24:28.779+0000] {processor.py:183} INFO - Processing /home/airflow/.local/lib/python3.11/site-packages/airflow/example_dags/tutorial_dag.py took 0.053 seconds
[2024-07-09T13:24:59.480+0000] {processor.py:161} INFO - Started process (PID=3551) to work on /home/airflow/.local/lib/python3.11/site-packages/airflow/example_dags/tutorial_dag.py
[2024-07-09T13:24:59.481+0000] {processor.py:830} INFO - Processing file /home/airflow/.local/lib/python3.11/site-packages/airflow/example_dags/tutorial_dag.py for tasks to queue
[2024-07-09T13:24:59.481+0000] {logging_mixin.py:188} INFO - [2024-07-09T13:24:59.481+0000] {dagbag.py:540} INFO - Filling up the DagBag from /home/airflow/.local/lib/python3.11/site-packages/airflow/example_dags/tutorial_dag.py
[2024-07-09T13:24:59.485+0000] {processor.py:840} INFO - DAG(s) 'tutorial_dag' retrieved from /home/airflow/.local/lib/python3.11/site-packages/airflow/example_dags/tutorial_dag.py
[2024-07-09T13:24:59.505+0000] {logging_mixin.py:188} INFO - [2024-07-09T13:24:59.505+0000] {dag.py:3047} INFO - Sync 1 DAGs
[2024-07-09T13:24:59.515+0000] {logging_mixin.py:188} INFO - [2024-07-09T13:24:59.514+0000] {dag.py:3834} INFO - Setting next_dagrun for tutorial_dag to None, run_after=None
[2024-07-09T13:24:59.529+0000] {processor.py:183} INFO - Processing /home/airflow/.local/lib/python3.11/site-packages/airflow/example_dags/tutorial_dag.py took 0.052 seconds
[2024-07-09T13:26:10.500+0000] {processor.py:161} INFO - Started process (PID=310) to work on /home/airflow/.local/lib/python3.11/site-packages/airflow/example_dags/tutorial_dag.py
[2024-07-09T13:26:10.501+0000] {processor.py:830} INFO - Processing file /home/airflow/.local/lib/python3.11/site-packages/airflow/example_dags/tutorial_dag.py for tasks to queue
[2024-07-09T13:26:10.502+0000] {logging_mixin.py:188} INFO - [2024-07-09T13:26:10.501+0000] {dagbag.py:540} INFO - Filling up the DagBag from /home/airflow/.local/lib/python3.11/site-packages/airflow/example_dags/tutorial_dag.py
[2024-07-09T13:26:10.506+0000] {processor.py:840} INFO - DAG(s) 'tutorial_dag' retrieved from /home/airflow/.local/lib/python3.11/site-packages/airflow/example_dags/tutorial_dag.py
[2024-07-09T13:26:10.592+0000] {logging_mixin.py:188} INFO - [2024-07-09T13:26:10.592+0000] {override.py:1769} INFO - Created Permission View: can delete on DAG:tutorial_dag
[2024-07-09T13:26:10.600+0000] {logging_mixin.py:188} INFO - [2024-07-09T13:26:10.600+0000] {override.py:1769} INFO - Created Permission View: can read on DAG:tutorial_dag
[2024-07-09T13:26:10.607+0000] {logging_mixin.py:188} INFO - [2024-07-09T13:26:10.607+0000] {override.py:1769} INFO - Created Permission View: can edit on DAG:tutorial_dag
[2024-07-09T13:26:10.607+0000] {logging_mixin.py:188} INFO - [2024-07-09T13:26:10.607+0000] {dag.py:3047} INFO - Sync 1 DAGs
[2024-07-09T13:26:10.615+0000] {logging_mixin.py:188} INFO - [2024-07-09T13:26:10.615+0000] {dag.py:3069} INFO - Creating ORM DAG for tutorial_dag
[2024-07-09T13:26:10.616+0000] {logging_mixin.py:188} INFO - [2024-07-09T13:26:10.616+0000] {dag.py:3834} INFO - Setting next_dagrun for tutorial_dag to None, run_after=None
[2024-07-09T13:26:10.630+0000] {processor.py:183} INFO - Processing /home/airflow/.local/lib/python3.11/site-packages/airflow/example_dags/tutorial_dag.py took 0.133 seconds
[2024-07-09T13:26:41.299+0000] {processor.py:161} INFO - Started process (PID=580) to work on /home/airflow/.local/lib/python3.11/site-packages/airflow/example_dags/tutorial_dag.py
[2024-07-09T13:26:41.300+0000] {processor.py:830} INFO - Processing file /home/airflow/.local/lib/python3.11/site-packages/airflow/example_dags/tutorial_dag.py for tasks to queue
[2024-07-09T13:26:41.301+0000] {logging_mixin.py:188} INFO - [2024-07-09T13:26:41.300+0000] {dagbag.py:540} INFO - Filling up the DagBag from /home/airflow/.local/lib/python3.11/site-packages/airflow/example_dags/tutorial_dag.py
[2024-07-09T13:26:41.305+0000] {processor.py:840} INFO - DAG(s) 'tutorial_dag' retrieved from /home/airflow/.local/lib/python3.11/site-packages/airflow/example_dags/tutorial_dag.py
[2024-07-09T13:26:41.325+0000] {logging_mixin.py:188} INFO - [2024-07-09T13:26:41.324+0000] {dag.py:3047} INFO - Sync 1 DAGs
[2024-07-09T13:26:41.334+0000] {logging_mixin.py:188} INFO - [2024-07-09T13:26:41.334+0000] {dag.py:3834} INFO - Setting next_dagrun for tutorial_dag to None, run_after=None
[2024-07-09T13:26:41.350+0000] {processor.py:183} INFO - Processing /home/airflow/.local/lib/python3.11/site-packages/airflow/example_dags/tutorial_dag.py took 0.054 seconds
[2024-07-09T13:27:11.732+0000] {processor.py:161} INFO - Started process (PID=850) to work on /home/airflow/.local/lib/python3.11/site-packages/airflow/example_dags/tutorial_dag.py
[2024-07-09T13:27:11.733+0000] {processor.py:830} INFO - Processing file /home/airflow/.local/lib/python3.11/site-packages/airflow/example_dags/tutorial_dag.py for tasks to queue
[2024-07-09T13:27:11.733+0000] {logging_mixin.py:188} INFO - [2024-07-09T13:27:11.733+0000] {dagbag.py:540} INFO - Filling up the DagBag from /home/airflow/.local/lib/python3.11/site-packages/airflow/example_dags/tutorial_dag.py
[2024-07-09T13:27:11.738+0000] {processor.py:840} INFO - DAG(s) 'tutorial_dag' retrieved from /home/airflow/.local/lib/python3.11/site-packages/airflow/example_dags/tutorial_dag.py
[2024-07-09T13:27:11.760+0000] {logging_mixin.py:188} INFO - [2024-07-09T13:27:11.760+0000] {dag.py:3047} INFO - Sync 1 DAGs
[2024-07-09T13:27:11.772+0000] {logging_mixin.py:188} INFO - [2024-07-09T13:27:11.772+0000] {dag.py:3834} INFO - Setting next_dagrun for tutorial_dag to None, run_after=None
[2024-07-09T13:27:11.787+0000] {processor.py:183} INFO - Processing /home/airflow/.local/lib/python3.11/site-packages/airflow/example_dags/tutorial_dag.py took 0.058 seconds
[2024-07-09T13:27:42.267+0000] {processor.py:161} INFO - Started process (PID=1120) to work on /home/airflow/.local/lib/python3.11/site-packages/airflow/example_dags/tutorial_dag.py
[2024-07-09T13:27:42.268+0000] {processor.py:830} INFO - Processing file /home/airflow/.local/lib/python3.11/site-packages/airflow/example_dags/tutorial_dag.py for tasks to queue
[2024-07-09T13:27:42.269+0000] {logging_mixin.py:188} INFO - [2024-07-09T13:27:42.268+0000] {dagbag.py:540} INFO - Filling up the DagBag from /home/airflow/.local/lib/python3.11/site-packages/airflow/example_dags/tutorial_dag.py
[2024-07-09T13:27:42.273+0000] {processor.py:840} INFO - DAG(s) 'tutorial_dag' retrieved from /home/airflow/.local/lib/python3.11/site-packages/airflow/example_dags/tutorial_dag.py
[2024-07-09T13:27:42.295+0000] {logging_mixin.py:188} INFO - [2024-07-09T13:27:42.294+0000] {dag.py:3047} INFO - Sync 1 DAGs
[2024-07-09T13:27:42.401+0000] {logging_mixin.py:188} INFO - [2024-07-09T13:27:42.401+0000] {dag.py:3834} INFO - Setting next_dagrun for tutorial_dag to None, run_after=None
[2024-07-09T13:27:42.415+0000] {processor.py:183} INFO - Processing /home/airflow/.local/lib/python3.11/site-packages/airflow/example_dags/tutorial_dag.py took 0.151 seconds
[2024-07-09T13:28:12.475+0000] {processor.py:161} INFO - Started process (PID=1390) to work on /home/airflow/.local/lib/python3.11/site-packages/airflow/example_dags/tutorial_dag.py
[2024-07-09T13:28:12.477+0000] {processor.py:830} INFO - Processing file /home/airflow/.local/lib/python3.11/site-packages/airflow/example_dags/tutorial_dag.py for tasks to queue
[2024-07-09T13:28:12.477+0000] {logging_mixin.py:188} INFO - [2024-07-09T13:28:12.477+0000] {dagbag.py:540} INFO - Filling up the DagBag from /home/airflow/.local/lib/python3.11/site-packages/airflow/example_dags/tutorial_dag.py
[2024-07-09T13:28:12.481+0000] {processor.py:840} INFO - DAG(s) 'tutorial_dag' retrieved from /home/airflow/.local/lib/python3.11/site-packages/airflow/example_dags/tutorial_dag.py
[2024-07-09T13:28:12.502+0000] {logging_mixin.py:188} INFO - [2024-07-09T13:28:12.501+0000] {dag.py:3047} INFO - Sync 1 DAGs
[2024-07-09T13:28:12.512+0000] {logging_mixin.py:188} INFO - [2024-07-09T13:28:12.512+0000] {dag.py:3834} INFO - Setting next_dagrun for tutorial_dag to None, run_after=None
[2024-07-09T13:28:12.528+0000] {processor.py:183} INFO - Processing /home/airflow/.local/lib/python3.11/site-packages/airflow/example_dags/tutorial_dag.py took 0.056 seconds
[2024-07-09T13:28:42.963+0000] {processor.py:161} INFO - Started process (PID=1660) to work on /home/airflow/.local/lib/python3.11/site-packages/airflow/example_dags/tutorial_dag.py
[2024-07-09T13:28:42.964+0000] {processor.py:830} INFO - Processing file /home/airflow/.local/lib/python3.11/site-packages/airflow/example_dags/tutorial_dag.py for tasks to queue
[2024-07-09T13:28:42.965+0000] {logging_mixin.py:188} INFO - [2024-07-09T13:28:42.965+0000] {dagbag.py:540} INFO - Filling up the DagBag from /home/airflow/.local/lib/python3.11/site-packages/airflow/example_dags/tutorial_dag.py
[2024-07-09T13:28:42.969+0000] {processor.py:840} INFO - DAG(s) 'tutorial_dag' retrieved from /home/airflow/.local/lib/python3.11/site-packages/airflow/example_dags/tutorial_dag.py
[2024-07-09T13:28:42.989+0000] {logging_mixin.py:188} INFO - [2024-07-09T13:28:42.989+0000] {dag.py:3047} INFO - Sync 1 DAGs
[2024-07-09T13:28:42.999+0000] {logging_mixin.py:188} INFO - [2024-07-09T13:28:42.998+0000] {dag.py:3834} INFO - Setting next_dagrun for tutorial_dag to None, run_after=None
[2024-07-09T13:28:43.015+0000] {processor.py:183} INFO - Processing /home/airflow/.local/lib/python3.11/site-packages/airflow/example_dags/tutorial_dag.py took 0.054 seconds
[2024-07-09T13:29:13.298+0000] {processor.py:161} INFO - Started process (PID=1930) to work on /home/airflow/.local/lib/python3.11/site-packages/airflow/example_dags/tutorial_dag.py
[2024-07-09T13:29:13.299+0000] {processor.py:830} INFO - Processing file /home/airflow/.local/lib/python3.11/site-packages/airflow/example_dags/tutorial_dag.py for tasks to queue
[2024-07-09T13:29:13.300+0000] {logging_mixin.py:188} INFO - [2024-07-09T13:29:13.299+0000] {dagbag.py:540} INFO - Filling up the DagBag from /home/airflow/.local/lib/python3.11/site-packages/airflow/example_dags/tutorial_dag.py
[2024-07-09T13:29:13.304+0000] {processor.py:840} INFO - DAG(s) 'tutorial_dag' retrieved from /home/airflow/.local/lib/python3.11/site-packages/airflow/example_dags/tutorial_dag.py
[2024-07-09T13:29:13.323+0000] {logging_mixin.py:188} INFO - [2024-07-09T13:29:13.323+0000] {dag.py:3047} INFO - Sync 1 DAGs
[2024-07-09T13:29:13.333+0000] {logging_mixin.py:188} INFO - [2024-07-09T13:29:13.333+0000] {dag.py:3834} INFO - Setting next_dagrun for tutorial_dag to None, run_after=None
[2024-07-09T13:29:13.347+0000] {processor.py:183} INFO - Processing /home/airflow/.local/lib/python3.11/site-packages/airflow/example_dags/tutorial_dag.py took 0.052 seconds
[2024-07-09T13:29:43.678+0000] {processor.py:161} INFO - Started process (PID=2200) to work on /home/airflow/.local/lib/python3.11/site-packages/airflow/example_dags/tutorial_dag.py
[2024-07-09T13:29:43.679+0000] {processor.py:830} INFO - Processing file /home/airflow/.local/lib/python3.11/site-packages/airflow/example_dags/tutorial_dag.py for tasks to queue
[2024-07-09T13:29:43.679+0000] {logging_mixin.py:188} INFO - [2024-07-09T13:29:43.679+0000] {dagbag.py:540} INFO - Filling up the DagBag from /home/airflow/.local/lib/python3.11/site-packages/airflow/example_dags/tutorial_dag.py
[2024-07-09T13:29:43.684+0000] {processor.py:840} INFO - DAG(s) 'tutorial_dag' retrieved from /home/airflow/.local/lib/python3.11/site-packages/airflow/example_dags/tutorial_dag.py
[2024-07-09T13:29:43.705+0000] {logging_mixin.py:188} INFO - [2024-07-09T13:29:43.705+0000] {dag.py:3047} INFO - Sync 1 DAGs
[2024-07-09T13:29:43.714+0000] {logging_mixin.py:188} INFO - [2024-07-09T13:29:43.714+0000] {dag.py:3834} INFO - Setting next_dagrun for tutorial_dag to None, run_after=None
[2024-07-09T13:29:43.729+0000] {processor.py:183} INFO - Processing /home/airflow/.local/lib/python3.11/site-packages/airflow/example_dags/tutorial_dag.py took 0.054 seconds
[2024-07-09T13:31:38.714+0000] {processor.py:161} INFO - Started process (PID=309) to work on /home/airflow/.local/lib/python3.11/site-packages/airflow/example_dags/tutorial_dag.py
[2024-07-09T13:31:38.716+0000] {processor.py:830} INFO - Processing file /home/airflow/.local/lib/python3.11/site-packages/airflow/example_dags/tutorial_dag.py for tasks to queue
[2024-07-09T13:31:38.716+0000] {logging_mixin.py:188} INFO - [2024-07-09T13:31:38.716+0000] {dagbag.py:540} INFO - Filling up the DagBag from /home/airflow/.local/lib/python3.11/site-packages/airflow/example_dags/tutorial_dag.py
[2024-07-09T13:31:38.721+0000] {processor.py:840} INFO - DAG(s) 'tutorial_dag' retrieved from /home/airflow/.local/lib/python3.11/site-packages/airflow/example_dags/tutorial_dag.py
[2024-07-09T13:31:38.814+0000] {logging_mixin.py:188} INFO - [2024-07-09T13:31:38.814+0000] {override.py:1769} INFO - Created Permission View: can edit on DAG:tutorial_dag
[2024-07-09T13:31:38.824+0000] {logging_mixin.py:188} INFO - [2024-07-09T13:31:38.824+0000] {override.py:1769} INFO - Created Permission View: can delete on DAG:tutorial_dag
[2024-07-09T13:31:38.831+0000] {logging_mixin.py:188} INFO - [2024-07-09T13:31:38.830+0000] {override.py:1769} INFO - Created Permission View: can read on DAG:tutorial_dag
[2024-07-09T13:31:38.831+0000] {logging_mixin.py:188} INFO - [2024-07-09T13:31:38.831+0000] {dag.py:3047} INFO - Sync 1 DAGs
[2024-07-09T13:31:38.841+0000] {logging_mixin.py:188} INFO - [2024-07-09T13:31:38.841+0000] {dag.py:3069} INFO - Creating ORM DAG for tutorial_dag
[2024-07-09T13:31:38.841+0000] {logging_mixin.py:188} INFO - [2024-07-09T13:31:38.841+0000] {dag.py:3834} INFO - Setting next_dagrun for tutorial_dag to None, run_after=None
[2024-07-09T13:31:38.858+0000] {processor.py:183} INFO - Processing /home/airflow/.local/lib/python3.11/site-packages/airflow/example_dags/tutorial_dag.py took 0.147 seconds
[2024-07-09T13:32:08.916+0000] {processor.py:161} INFO - Started process (PID=581) to work on /home/airflow/.local/lib/python3.11/site-packages/airflow/example_dags/tutorial_dag.py
[2024-07-09T13:32:08.917+0000] {processor.py:830} INFO - Processing file /home/airflow/.local/lib/python3.11/site-packages/airflow/example_dags/tutorial_dag.py for tasks to queue
[2024-07-09T13:32:08.918+0000] {logging_mixin.py:188} INFO - [2024-07-09T13:32:08.917+0000] {dagbag.py:540} INFO - Filling up the DagBag from /home/airflow/.local/lib/python3.11/site-packages/airflow/example_dags/tutorial_dag.py
[2024-07-09T13:32:08.922+0000] {processor.py:840} INFO - DAG(s) 'tutorial_dag' retrieved from /home/airflow/.local/lib/python3.11/site-packages/airflow/example_dags/tutorial_dag.py
[2024-07-09T13:32:08.941+0000] {logging_mixin.py:188} INFO - [2024-07-09T13:32:08.941+0000] {dag.py:3047} INFO - Sync 1 DAGs
[2024-07-09T13:32:08.950+0000] {logging_mixin.py:188} INFO - [2024-07-09T13:32:08.950+0000] {dag.py:3834} INFO - Setting next_dagrun for tutorial_dag to None, run_after=None
[2024-07-09T13:32:08.966+0000] {processor.py:183} INFO - Processing /home/airflow/.local/lib/python3.11/site-packages/airflow/example_dags/tutorial_dag.py took 0.053 seconds
[2024-07-09T13:32:39.317+0000] {processor.py:161} INFO - Started process (PID=849) to work on /home/airflow/.local/lib/python3.11/site-packages/airflow/example_dags/tutorial_dag.py
[2024-07-09T13:32:39.318+0000] {processor.py:830} INFO - Processing file /home/airflow/.local/lib/python3.11/site-packages/airflow/example_dags/tutorial_dag.py for tasks to queue
[2024-07-09T13:32:39.319+0000] {logging_mixin.py:188} INFO - [2024-07-09T13:32:39.319+0000] {dagbag.py:540} INFO - Filling up the DagBag from /home/airflow/.local/lib/python3.11/site-packages/airflow/example_dags/tutorial_dag.py
[2024-07-09T13:32:39.323+0000] {processor.py:840} INFO - DAG(s) 'tutorial_dag' retrieved from /home/airflow/.local/lib/python3.11/site-packages/airflow/example_dags/tutorial_dag.py
[2024-07-09T13:32:39.344+0000] {logging_mixin.py:188} INFO - [2024-07-09T13:32:39.343+0000] {dag.py:3047} INFO - Sync 1 DAGs
[2024-07-09T13:32:39.353+0000] {logging_mixin.py:188} INFO - [2024-07-09T13:32:39.353+0000] {dag.py:3834} INFO - Setting next_dagrun for tutorial_dag to None, run_after=None
[2024-07-09T13:32:39.369+0000] {processor.py:183} INFO - Processing /home/airflow/.local/lib/python3.11/site-packages/airflow/example_dags/tutorial_dag.py took 0.054 seconds
[2024-07-09T13:33:10.651+0000] {processor.py:161} INFO - Started process (PID=1121) to work on /home/airflow/.local/lib/python3.11/site-packages/airflow/example_dags/tutorial_dag.py
[2024-07-09T13:33:10.652+0000] {processor.py:830} INFO - Processing file /home/airflow/.local/lib/python3.11/site-packages/airflow/example_dags/tutorial_dag.py for tasks to queue
[2024-07-09T13:33:10.653+0000] {logging_mixin.py:188} INFO - [2024-07-09T13:33:10.653+0000] {dagbag.py:540} INFO - Filling up the DagBag from /home/airflow/.local/lib/python3.11/site-packages/airflow/example_dags/tutorial_dag.py
[2024-07-09T13:33:10.657+0000] {processor.py:840} INFO - DAG(s) 'tutorial_dag' retrieved from /home/airflow/.local/lib/python3.11/site-packages/airflow/example_dags/tutorial_dag.py
[2024-07-09T13:33:10.678+0000] {logging_mixin.py:188} INFO - [2024-07-09T13:33:10.678+0000] {dag.py:3047} INFO - Sync 1 DAGs
[2024-07-09T13:33:10.785+0000] {logging_mixin.py:188} INFO - [2024-07-09T13:33:10.784+0000] {dag.py:3834} INFO - Setting next_dagrun for tutorial_dag to None, run_after=None
[2024-07-09T13:33:10.800+0000] {processor.py:183} INFO - Processing /home/airflow/.local/lib/python3.11/site-packages/airflow/example_dags/tutorial_dag.py took 0.151 seconds
[2024-07-09T13:33:40.856+0000] {processor.py:161} INFO - Started process (PID=1389) to work on /home/airflow/.local/lib/python3.11/site-packages/airflow/example_dags/tutorial_dag.py
[2024-07-09T13:33:40.857+0000] {processor.py:830} INFO - Processing file /home/airflow/.local/lib/python3.11/site-packages/airflow/example_dags/tutorial_dag.py for tasks to queue
[2024-07-09T13:33:40.857+0000] {logging_mixin.py:188} INFO - [2024-07-09T13:33:40.857+0000] {dagbag.py:540} INFO - Filling up the DagBag from /home/airflow/.local/lib/python3.11/site-packages/airflow/example_dags/tutorial_dag.py
[2024-07-09T13:33:40.862+0000] {processor.py:840} INFO - DAG(s) 'tutorial_dag' retrieved from /home/airflow/.local/lib/python3.11/site-packages/airflow/example_dags/tutorial_dag.py
[2024-07-09T13:33:40.882+0000] {logging_mixin.py:188} INFO - [2024-07-09T13:33:40.882+0000] {dag.py:3047} INFO - Sync 1 DAGs
[2024-07-09T13:33:40.892+0000] {logging_mixin.py:188} INFO - [2024-07-09T13:33:40.892+0000] {dag.py:3834} INFO - Setting next_dagrun for tutorial_dag to None, run_after=None
[2024-07-09T13:33:40.908+0000] {processor.py:183} INFO - Processing /home/airflow/.local/lib/python3.11/site-packages/airflow/example_dags/tutorial_dag.py took 0.055 seconds
[2024-07-09T13:34:11.285+0000] {processor.py:161} INFO - Started process (PID=1661) to work on /home/airflow/.local/lib/python3.11/site-packages/airflow/example_dags/tutorial_dag.py
[2024-07-09T13:34:11.286+0000] {processor.py:830} INFO - Processing file /home/airflow/.local/lib/python3.11/site-packages/airflow/example_dags/tutorial_dag.py for tasks to queue
[2024-07-09T13:34:11.286+0000] {logging_mixin.py:188} INFO - [2024-07-09T13:34:11.286+0000] {dagbag.py:540} INFO - Filling up the DagBag from /home/airflow/.local/lib/python3.11/site-packages/airflow/example_dags/tutorial_dag.py
[2024-07-09T13:34:11.290+0000] {processor.py:840} INFO - DAG(s) 'tutorial_dag' retrieved from /home/airflow/.local/lib/python3.11/site-packages/airflow/example_dags/tutorial_dag.py
[2024-07-09T13:34:11.313+0000] {logging_mixin.py:188} INFO - [2024-07-09T13:34:11.313+0000] {dag.py:3047} INFO - Sync 1 DAGs
[2024-07-09T13:34:11.323+0000] {logging_mixin.py:188} INFO - [2024-07-09T13:34:11.323+0000] {dag.py:3834} INFO - Setting next_dagrun for tutorial_dag to None, run_after=None
[2024-07-09T13:34:11.340+0000] {processor.py:183} INFO - Processing /home/airflow/.local/lib/python3.11/site-packages/airflow/example_dags/tutorial_dag.py took 0.058 seconds
[2024-07-09T13:34:41.461+0000] {processor.py:161} INFO - Started process (PID=1930) to work on /home/airflow/.local/lib/python3.11/site-packages/airflow/example_dags/tutorial_dag.py
[2024-07-09T13:34:41.462+0000] {processor.py:830} INFO - Processing file /home/airflow/.local/lib/python3.11/site-packages/airflow/example_dags/tutorial_dag.py for tasks to queue
[2024-07-09T13:34:41.463+0000] {logging_mixin.py:188} INFO - [2024-07-09T13:34:41.462+0000] {dagbag.py:540} INFO - Filling up the DagBag from /home/airflow/.local/lib/python3.11/site-packages/airflow/example_dags/tutorial_dag.py
[2024-07-09T13:34:41.467+0000] {processor.py:840} INFO - DAG(s) 'tutorial_dag' retrieved from /home/airflow/.local/lib/python3.11/site-packages/airflow/example_dags/tutorial_dag.py
[2024-07-09T13:34:41.486+0000] {logging_mixin.py:188} INFO - [2024-07-09T13:34:41.486+0000] {dag.py:3047} INFO - Sync 1 DAGs
[2024-07-09T13:34:41.496+0000] {logging_mixin.py:188} INFO - [2024-07-09T13:34:41.496+0000] {dag.py:3834} INFO - Setting next_dagrun for tutorial_dag to None, run_after=None
[2024-07-09T13:34:41.511+0000] {processor.py:183} INFO - Processing /home/airflow/.local/lib/python3.11/site-packages/airflow/example_dags/tutorial_dag.py took 0.053 seconds
[2024-07-09T13:35:11.794+0000] {processor.py:161} INFO - Started process (PID=2199) to work on /home/airflow/.local/lib/python3.11/site-packages/airflow/example_dags/tutorial_dag.py
[2024-07-09T13:35:11.795+0000] {processor.py:830} INFO - Processing file /home/airflow/.local/lib/python3.11/site-packages/airflow/example_dags/tutorial_dag.py for tasks to queue
[2024-07-09T13:35:11.796+0000] {logging_mixin.py:188} INFO - [2024-07-09T13:35:11.796+0000] {dagbag.py:540} INFO - Filling up the DagBag from /home/airflow/.local/lib/python3.11/site-packages/airflow/example_dags/tutorial_dag.py
[2024-07-09T13:35:11.800+0000] {processor.py:840} INFO - DAG(s) 'tutorial_dag' retrieved from /home/airflow/.local/lib/python3.11/site-packages/airflow/example_dags/tutorial_dag.py
[2024-07-09T13:35:11.820+0000] {logging_mixin.py:188} INFO - [2024-07-09T13:35:11.819+0000] {dag.py:3047} INFO - Sync 1 DAGs
[2024-07-09T13:35:11.829+0000] {logging_mixin.py:188} INFO - [2024-07-09T13:35:11.829+0000] {dag.py:3834} INFO - Setting next_dagrun for tutorial_dag to None, run_after=None
[2024-07-09T13:35:11.845+0000] {processor.py:183} INFO - Processing /home/airflow/.local/lib/python3.11/site-packages/airflow/example_dags/tutorial_dag.py took 0.053 seconds
[2024-07-09T13:35:42.166+0000] {processor.py:161} INFO - Started process (PID=2469) to work on /home/airflow/.local/lib/python3.11/site-packages/airflow/example_dags/tutorial_dag.py
[2024-07-09T13:35:42.167+0000] {processor.py:830} INFO - Processing file /home/airflow/.local/lib/python3.11/site-packages/airflow/example_dags/tutorial_dag.py for tasks to queue
[2024-07-09T13:35:42.167+0000] {logging_mixin.py:188} INFO - [2024-07-09T13:35:42.167+0000] {dagbag.py:540} INFO - Filling up the DagBag from /home/airflow/.local/lib/python3.11/site-packages/airflow/example_dags/tutorial_dag.py
[2024-07-09T13:35:42.171+0000] {processor.py:840} INFO - DAG(s) 'tutorial_dag' retrieved from /home/airflow/.local/lib/python3.11/site-packages/airflow/example_dags/tutorial_dag.py
[2024-07-09T13:35:42.192+0000] {logging_mixin.py:188} INFO - [2024-07-09T13:35:42.192+0000] {dag.py:3047} INFO - Sync 1 DAGs
[2024-07-09T13:35:42.202+0000] {logging_mixin.py:188} INFO - [2024-07-09T13:35:42.202+0000] {dag.py:3834} INFO - Setting next_dagrun for tutorial_dag to None, run_after=None
[2024-07-09T13:35:42.216+0000] {processor.py:183} INFO - Processing /home/airflow/.local/lib/python3.11/site-packages/airflow/example_dags/tutorial_dag.py took 0.053 seconds
[2024-07-09T13:36:12.607+0000] {processor.py:161} INFO - Started process (PID=2739) to work on /home/airflow/.local/lib/python3.11/site-packages/airflow/example_dags/tutorial_dag.py
[2024-07-09T13:36:12.608+0000] {processor.py:830} INFO - Processing file /home/airflow/.local/lib/python3.11/site-packages/airflow/example_dags/tutorial_dag.py for tasks to queue
[2024-07-09T13:36:12.609+0000] {logging_mixin.py:188} INFO - [2024-07-09T13:36:12.608+0000] {dagbag.py:540} INFO - Filling up the DagBag from /home/airflow/.local/lib/python3.11/site-packages/airflow/example_dags/tutorial_dag.py
[2024-07-09T13:36:12.613+0000] {processor.py:840} INFO - DAG(s) 'tutorial_dag' retrieved from /home/airflow/.local/lib/python3.11/site-packages/airflow/example_dags/tutorial_dag.py
[2024-07-09T13:36:12.634+0000] {logging_mixin.py:188} INFO - [2024-07-09T13:36:12.634+0000] {dag.py:3047} INFO - Sync 1 DAGs
[2024-07-09T13:36:12.645+0000] {logging_mixin.py:188} INFO - [2024-07-09T13:36:12.645+0000] {dag.py:3834} INFO - Setting next_dagrun for tutorial_dag to None, run_after=None
[2024-07-09T13:36:12.661+0000] {processor.py:183} INFO - Processing /home/airflow/.local/lib/python3.11/site-packages/airflow/example_dags/tutorial_dag.py took 0.057 seconds
[2024-07-09T13:36:42.899+0000] {processor.py:161} INFO - Started process (PID=3009) to work on /home/airflow/.local/lib/python3.11/site-packages/airflow/example_dags/tutorial_dag.py
[2024-07-09T13:36:42.900+0000] {processor.py:830} INFO - Processing file /home/airflow/.local/lib/python3.11/site-packages/airflow/example_dags/tutorial_dag.py for tasks to queue
[2024-07-09T13:36:42.901+0000] {logging_mixin.py:188} INFO - [2024-07-09T13:36:42.901+0000] {dagbag.py:540} INFO - Filling up the DagBag from /home/airflow/.local/lib/python3.11/site-packages/airflow/example_dags/tutorial_dag.py
[2024-07-09T13:36:42.906+0000] {processor.py:840} INFO - DAG(s) 'tutorial_dag' retrieved from /home/airflow/.local/lib/python3.11/site-packages/airflow/example_dags/tutorial_dag.py
[2024-07-09T13:36:42.927+0000] {logging_mixin.py:188} INFO - [2024-07-09T13:36:42.926+0000] {dag.py:3047} INFO - Sync 1 DAGs
[2024-07-09T13:36:42.937+0000] {logging_mixin.py:188} INFO - [2024-07-09T13:36:42.937+0000] {dag.py:3834} INFO - Setting next_dagrun for tutorial_dag to None, run_after=None
[2024-07-09T13:36:42.954+0000] {processor.py:183} INFO - Processing /home/airflow/.local/lib/python3.11/site-packages/airflow/example_dags/tutorial_dag.py took 0.058 seconds
[2024-07-09T13:37:13.504+0000] {processor.py:161} INFO - Started process (PID=3279) to work on /home/airflow/.local/lib/python3.11/site-packages/airflow/example_dags/tutorial_dag.py
[2024-07-09T13:37:13.505+0000] {processor.py:830} INFO - Processing file /home/airflow/.local/lib/python3.11/site-packages/airflow/example_dags/tutorial_dag.py for tasks to queue
[2024-07-09T13:37:13.506+0000] {logging_mixin.py:188} INFO - [2024-07-09T13:37:13.505+0000] {dagbag.py:540} INFO - Filling up the DagBag from /home/airflow/.local/lib/python3.11/site-packages/airflow/example_dags/tutorial_dag.py
[2024-07-09T13:37:13.511+0000] {processor.py:840} INFO - DAG(s) 'tutorial_dag' retrieved from /home/airflow/.local/lib/python3.11/site-packages/airflow/example_dags/tutorial_dag.py
[2024-07-09T13:37:13.533+0000] {logging_mixin.py:188} INFO - [2024-07-09T13:37:13.533+0000] {dag.py:3047} INFO - Sync 1 DAGs
[2024-07-09T13:37:13.546+0000] {logging_mixin.py:188} INFO - [2024-07-09T13:37:13.545+0000] {dag.py:3834} INFO - Setting next_dagrun for tutorial_dag to None, run_after=None
[2024-07-09T13:37:13.562+0000] {processor.py:183} INFO - Processing /home/airflow/.local/lib/python3.11/site-packages/airflow/example_dags/tutorial_dag.py took 0.062 seconds
[2024-07-09T13:46:11.883+0000] {processor.py:161} INFO - Started process (PID=309) to work on /home/airflow/.local/lib/python3.11/site-packages/airflow/example_dags/tutorial_dag.py
[2024-07-09T13:46:11.886+0000] {processor.py:830} INFO - Processing file /home/airflow/.local/lib/python3.11/site-packages/airflow/example_dags/tutorial_dag.py for tasks to queue
[2024-07-09T13:46:11.886+0000] {logging_mixin.py:188} INFO - [2024-07-09T13:46:11.886+0000] {dagbag.py:540} INFO - Filling up the DagBag from /home/airflow/.local/lib/python3.11/site-packages/airflow/example_dags/tutorial_dag.py
[2024-07-09T13:46:11.893+0000] {processor.py:840} INFO - DAG(s) 'tutorial_dag' retrieved from /home/airflow/.local/lib/python3.11/site-packages/airflow/example_dags/tutorial_dag.py
[2024-07-09T13:46:11.979+0000] {logging_mixin.py:188} INFO - [2024-07-09T13:46:11.979+0000] {override.py:1769} INFO - Created Permission View: can delete on DAG:tutorial_dag
[2024-07-09T13:46:11.988+0000] {logging_mixin.py:188} INFO - [2024-07-09T13:46:11.987+0000] {override.py:1769} INFO - Created Permission View: can read on DAG:tutorial_dag
[2024-07-09T13:46:11.993+0000] {logging_mixin.py:188} INFO - [2024-07-09T13:46:11.993+0000] {override.py:1769} INFO - Created Permission View: can edit on DAG:tutorial_dag
[2024-07-09T13:46:11.993+0000] {logging_mixin.py:188} INFO - [2024-07-09T13:46:11.993+0000] {dag.py:3047} INFO - Sync 1 DAGs
[2024-07-09T13:46:12.001+0000] {logging_mixin.py:188} INFO - [2024-07-09T13:46:12.001+0000] {dag.py:3069} INFO - Creating ORM DAG for tutorial_dag
[2024-07-09T13:46:12.002+0000] {logging_mixin.py:188} INFO - [2024-07-09T13:46:12.002+0000] {dag.py:3834} INFO - Setting next_dagrun for tutorial_dag to None, run_after=None
[2024-07-09T13:46:12.016+0000] {processor.py:183} INFO - Processing /home/airflow/.local/lib/python3.11/site-packages/airflow/example_dags/tutorial_dag.py took 0.135 seconds
[2024-07-09T13:46:42.633+0000] {processor.py:161} INFO - Started process (PID=581) to work on /home/airflow/.local/lib/python3.11/site-packages/airflow/example_dags/tutorial_dag.py
[2024-07-09T13:46:42.634+0000] {processor.py:830} INFO - Processing file /home/airflow/.local/lib/python3.11/site-packages/airflow/example_dags/tutorial_dag.py for tasks to queue
[2024-07-09T13:46:42.634+0000] {logging_mixin.py:188} INFO - [2024-07-09T13:46:42.634+0000] {dagbag.py:540} INFO - Filling up the DagBag from /home/airflow/.local/lib/python3.11/site-packages/airflow/example_dags/tutorial_dag.py
[2024-07-09T13:46:42.638+0000] {processor.py:840} INFO - DAG(s) 'tutorial_dag' retrieved from /home/airflow/.local/lib/python3.11/site-packages/airflow/example_dags/tutorial_dag.py
[2024-07-09T13:46:42.658+0000] {logging_mixin.py:188} INFO - [2024-07-09T13:46:42.657+0000] {dag.py:3047} INFO - Sync 1 DAGs
[2024-07-09T13:46:42.667+0000] {logging_mixin.py:188} INFO - [2024-07-09T13:46:42.667+0000] {dag.py:3834} INFO - Setting next_dagrun for tutorial_dag to None, run_after=None
[2024-07-09T13:46:42.683+0000] {processor.py:183} INFO - Processing /home/airflow/.local/lib/python3.11/site-packages/airflow/example_dags/tutorial_dag.py took 0.052 seconds
[2024-07-09T13:47:13.429+0000] {processor.py:161} INFO - Started process (PID=851) to work on /home/airflow/.local/lib/python3.11/site-packages/airflow/example_dags/tutorial_dag.py
[2024-07-09T13:47:13.430+0000] {processor.py:830} INFO - Processing file /home/airflow/.local/lib/python3.11/site-packages/airflow/example_dags/tutorial_dag.py for tasks to queue
[2024-07-09T13:47:13.430+0000] {logging_mixin.py:188} INFO - [2024-07-09T13:47:13.430+0000] {dagbag.py:540} INFO - Filling up the DagBag from /home/airflow/.local/lib/python3.11/site-packages/airflow/example_dags/tutorial_dag.py
[2024-07-09T13:47:13.434+0000] {processor.py:840} INFO - DAG(s) 'tutorial_dag' retrieved from /home/airflow/.local/lib/python3.11/site-packages/airflow/example_dags/tutorial_dag.py
[2024-07-09T13:47:13.457+0000] {logging_mixin.py:188} INFO - [2024-07-09T13:47:13.457+0000] {dag.py:3047} INFO - Sync 1 DAGs
[2024-07-09T13:47:13.468+0000] {logging_mixin.py:188} INFO - [2024-07-09T13:47:13.468+0000] {dag.py:3834} INFO - Setting next_dagrun for tutorial_dag to None, run_after=None
[2024-07-09T13:47:13.485+0000] {processor.py:183} INFO - Processing /home/airflow/.local/lib/python3.11/site-packages/airflow/example_dags/tutorial_dag.py took 0.058 seconds
[2024-07-09T13:47:44.194+0000] {processor.py:161} INFO - Started process (PID=1121) to work on /home/airflow/.local/lib/python3.11/site-packages/airflow/example_dags/tutorial_dag.py
[2024-07-09T13:47:44.195+0000] {processor.py:830} INFO - Processing file /home/airflow/.local/lib/python3.11/site-packages/airflow/example_dags/tutorial_dag.py for tasks to queue
[2024-07-09T13:47:44.196+0000] {logging_mixin.py:188} INFO - [2024-07-09T13:47:44.195+0000] {dagbag.py:540} INFO - Filling up the DagBag from /home/airflow/.local/lib/python3.11/site-packages/airflow/example_dags/tutorial_dag.py
[2024-07-09T13:47:44.199+0000] {processor.py:840} INFO - DAG(s) 'tutorial_dag' retrieved from /home/airflow/.local/lib/python3.11/site-packages/airflow/example_dags/tutorial_dag.py
[2024-07-09T13:47:44.220+0000] {logging_mixin.py:188} INFO - [2024-07-09T13:47:44.220+0000] {dag.py:3047} INFO - Sync 1 DAGs
[2024-07-09T13:47:44.342+0000] {logging_mixin.py:188} INFO - [2024-07-09T13:47:44.341+0000] {dag.py:3834} INFO - Setting next_dagrun for tutorial_dag to None, run_after=None
[2024-07-09T13:47:44.359+0000] {processor.py:183} INFO - Processing /home/airflow/.local/lib/python3.11/site-packages/airflow/example_dags/tutorial_dag.py took 0.168 seconds
[2024-07-09T13:48:15.021+0000] {processor.py:161} INFO - Started process (PID=1391) to work on /home/airflow/.local/lib/python3.11/site-packages/airflow/example_dags/tutorial_dag.py
[2024-07-09T13:48:15.022+0000] {processor.py:830} INFO - Processing file /home/airflow/.local/lib/python3.11/site-packages/airflow/example_dags/tutorial_dag.py for tasks to queue
[2024-07-09T13:48:15.023+0000] {logging_mixin.py:188} INFO - [2024-07-09T13:48:15.022+0000] {dagbag.py:540} INFO - Filling up the DagBag from /home/airflow/.local/lib/python3.11/site-packages/airflow/example_dags/tutorial_dag.py
[2024-07-09T13:48:15.027+0000] {processor.py:840} INFO - DAG(s) 'tutorial_dag' retrieved from /home/airflow/.local/lib/python3.11/site-packages/airflow/example_dags/tutorial_dag.py
[2024-07-09T13:48:15.049+0000] {logging_mixin.py:188} INFO - [2024-07-09T13:48:15.048+0000] {dag.py:3047} INFO - Sync 1 DAGs
[2024-07-09T13:48:15.058+0000] {logging_mixin.py:188} INFO - [2024-07-09T13:48:15.058+0000] {dag.py:3834} INFO - Setting next_dagrun for tutorial_dag to None, run_after=None
[2024-07-09T13:48:15.075+0000] {processor.py:183} INFO - Processing /home/airflow/.local/lib/python3.11/site-packages/airflow/example_dags/tutorial_dag.py took 0.057 seconds
[2024-07-09T13:48:45.352+0000] {processor.py:161} INFO - Started process (PID=1659) to work on /home/airflow/.local/lib/python3.11/site-packages/airflow/example_dags/tutorial_dag.py
[2024-07-09T13:48:45.352+0000] {processor.py:830} INFO - Processing file /home/airflow/.local/lib/python3.11/site-packages/airflow/example_dags/tutorial_dag.py for tasks to queue
[2024-07-09T13:48:45.353+0000] {logging_mixin.py:188} INFO - [2024-07-09T13:48:45.353+0000] {dagbag.py:540} INFO - Filling up the DagBag from /home/airflow/.local/lib/python3.11/site-packages/airflow/example_dags/tutorial_dag.py
[2024-07-09T13:48:45.357+0000] {processor.py:840} INFO - DAG(s) 'tutorial_dag' retrieved from /home/airflow/.local/lib/python3.11/site-packages/airflow/example_dags/tutorial_dag.py
[2024-07-09T13:48:45.377+0000] {logging_mixin.py:188} INFO - [2024-07-09T13:48:45.377+0000] {dag.py:3047} INFO - Sync 1 DAGs
[2024-07-09T13:48:45.387+0000] {logging_mixin.py:188} INFO - [2024-07-09T13:48:45.386+0000] {dag.py:3834} INFO - Setting next_dagrun for tutorial_dag to None, run_after=None
[2024-07-09T13:48:45.403+0000] {processor.py:183} INFO - Processing /home/airflow/.local/lib/python3.11/site-packages/airflow/example_dags/tutorial_dag.py took 0.054 seconds
[2024-07-09T13:49:15.865+0000] {processor.py:161} INFO - Started process (PID=1929) to work on /home/airflow/.local/lib/python3.11/site-packages/airflow/example_dags/tutorial_dag.py
[2024-07-09T13:49:15.866+0000] {processor.py:830} INFO - Processing file /home/airflow/.local/lib/python3.11/site-packages/airflow/example_dags/tutorial_dag.py for tasks to queue
[2024-07-09T13:49:15.866+0000] {logging_mixin.py:188} INFO - [2024-07-09T13:49:15.866+0000] {dagbag.py:540} INFO - Filling up the DagBag from /home/airflow/.local/lib/python3.11/site-packages/airflow/example_dags/tutorial_dag.py
[2024-07-09T13:49:15.870+0000] {processor.py:840} INFO - DAG(s) 'tutorial_dag' retrieved from /home/airflow/.local/lib/python3.11/site-packages/airflow/example_dags/tutorial_dag.py
[2024-07-09T13:49:15.891+0000] {logging_mixin.py:188} INFO - [2024-07-09T13:49:15.891+0000] {dag.py:3047} INFO - Sync 1 DAGs
[2024-07-09T13:49:15.900+0000] {logging_mixin.py:188} INFO - [2024-07-09T13:49:15.900+0000] {dag.py:3834} INFO - Setting next_dagrun for tutorial_dag to None, run_after=None
[2024-07-09T13:49:15.916+0000] {processor.py:183} INFO - Processing /home/airflow/.local/lib/python3.11/site-packages/airflow/example_dags/tutorial_dag.py took 0.054 seconds
[2024-07-09T13:49:46.892+0000] {processor.py:161} INFO - Started process (PID=2201) to work on /home/airflow/.local/lib/python3.11/site-packages/airflow/example_dags/tutorial_dag.py
[2024-07-09T13:49:46.894+0000] {processor.py:830} INFO - Processing file /home/airflow/.local/lib/python3.11/site-packages/airflow/example_dags/tutorial_dag.py for tasks to queue
[2024-07-09T13:49:46.894+0000] {logging_mixin.py:188} INFO - [2024-07-09T13:49:46.894+0000] {dagbag.py:540} INFO - Filling up the DagBag from /home/airflow/.local/lib/python3.11/site-packages/airflow/example_dags/tutorial_dag.py
[2024-07-09T13:49:46.899+0000] {processor.py:840} INFO - DAG(s) 'tutorial_dag' retrieved from /home/airflow/.local/lib/python3.11/site-packages/airflow/example_dags/tutorial_dag.py
[2024-07-09T13:49:46.930+0000] {logging_mixin.py:188} INFO - [2024-07-09T13:49:46.929+0000] {dag.py:3047} INFO - Sync 1 DAGs
[2024-07-09T13:49:46.946+0000] {logging_mixin.py:188} INFO - [2024-07-09T13:49:46.946+0000] {dag.py:3834} INFO - Setting next_dagrun for tutorial_dag to None, run_after=None
[2024-07-09T13:49:46.972+0000] {processor.py:183} INFO - Processing /home/airflow/.local/lib/python3.11/site-packages/airflow/example_dags/tutorial_dag.py took 0.082 seconds
[2024-07-09T13:50:17.400+0000] {processor.py:161} INFO - Started process (PID=2469) to work on /home/airflow/.local/lib/python3.11/site-packages/airflow/example_dags/tutorial_dag.py
[2024-07-09T13:50:17.401+0000] {processor.py:830} INFO - Processing file /home/airflow/.local/lib/python3.11/site-packages/airflow/example_dags/tutorial_dag.py for tasks to queue
[2024-07-09T13:50:17.402+0000] {logging_mixin.py:188} INFO - [2024-07-09T13:50:17.401+0000] {dagbag.py:540} INFO - Filling up the DagBag from /home/airflow/.local/lib/python3.11/site-packages/airflow/example_dags/tutorial_dag.py
[2024-07-09T13:50:17.406+0000] {processor.py:840} INFO - DAG(s) 'tutorial_dag' retrieved from /home/airflow/.local/lib/python3.11/site-packages/airflow/example_dags/tutorial_dag.py
[2024-07-09T13:50:17.426+0000] {logging_mixin.py:188} INFO - [2024-07-09T13:50:17.426+0000] {dag.py:3047} INFO - Sync 1 DAGs
[2024-07-09T13:50:17.436+0000] {logging_mixin.py:188} INFO - [2024-07-09T13:50:17.436+0000] {dag.py:3834} INFO - Setting next_dagrun for tutorial_dag to None, run_after=None
[2024-07-09T13:50:17.452+0000] {processor.py:183} INFO - Processing /home/airflow/.local/lib/python3.11/site-packages/airflow/example_dags/tutorial_dag.py took 0.054 seconds
[2024-07-09T13:50:47.825+0000] {processor.py:161} INFO - Started process (PID=2739) to work on /home/airflow/.local/lib/python3.11/site-packages/airflow/example_dags/tutorial_dag.py
[2024-07-09T13:50:47.826+0000] {processor.py:830} INFO - Processing file /home/airflow/.local/lib/python3.11/site-packages/airflow/example_dags/tutorial_dag.py for tasks to queue
[2024-07-09T13:50:47.827+0000] {logging_mixin.py:188} INFO - [2024-07-09T13:50:47.826+0000] {dagbag.py:540} INFO - Filling up the DagBag from /home/airflow/.local/lib/python3.11/site-packages/airflow/example_dags/tutorial_dag.py
[2024-07-09T13:50:47.831+0000] {processor.py:840} INFO - DAG(s) 'tutorial_dag' retrieved from /home/airflow/.local/lib/python3.11/site-packages/airflow/example_dags/tutorial_dag.py
[2024-07-09T13:50:47.851+0000] {logging_mixin.py:188} INFO - [2024-07-09T13:50:47.851+0000] {dag.py:3047} INFO - Sync 1 DAGs
[2024-07-09T13:50:47.861+0000] {logging_mixin.py:188} INFO - [2024-07-09T13:50:47.860+0000] {dag.py:3834} INFO - Setting next_dagrun for tutorial_dag to None, run_after=None
[2024-07-09T13:50:47.876+0000] {processor.py:183} INFO - Processing /home/airflow/.local/lib/python3.11/site-packages/airflow/example_dags/tutorial_dag.py took 0.054 seconds
[2024-07-09T13:51:18.251+0000] {processor.py:161} INFO - Started process (PID=3011) to work on /home/airflow/.local/lib/python3.11/site-packages/airflow/example_dags/tutorial_dag.py
[2024-07-09T13:51:18.253+0000] {processor.py:830} INFO - Processing file /home/airflow/.local/lib/python3.11/site-packages/airflow/example_dags/tutorial_dag.py for tasks to queue
[2024-07-09T13:51:18.253+0000] {logging_mixin.py:188} INFO - [2024-07-09T13:51:18.253+0000] {dagbag.py:540} INFO - Filling up the DagBag from /home/airflow/.local/lib/python3.11/site-packages/airflow/example_dags/tutorial_dag.py
[2024-07-09T13:51:18.258+0000] {processor.py:840} INFO - DAG(s) 'tutorial_dag' retrieved from /home/airflow/.local/lib/python3.11/site-packages/airflow/example_dags/tutorial_dag.py
[2024-07-09T13:51:18.280+0000] {logging_mixin.py:188} INFO - [2024-07-09T13:51:18.280+0000] {dag.py:3047} INFO - Sync 1 DAGs
[2024-07-09T13:51:18.290+0000] {logging_mixin.py:188} INFO - [2024-07-09T13:51:18.290+0000] {dag.py:3834} INFO - Setting next_dagrun for tutorial_dag to None, run_after=None
[2024-07-09T13:51:18.308+0000] {processor.py:183} INFO - Processing /home/airflow/.local/lib/python3.11/site-packages/airflow/example_dags/tutorial_dag.py took 0.059 seconds
